[2025-12-02T07:05:36.349+0000] {taskinstance.py:1956} INFO - Dependencies all met for dep_context=non-requeueable deps ti=<TaskInstance: example_s3_hook.list_s3_files manual__2025-12-02T07:05:18.914989+00:00 [queued]>
[2025-12-02T07:05:36.357+0000] {taskinstance.py:1956} INFO - Dependencies all met for dep_context=requeueable deps ti=<TaskInstance: example_s3_hook.list_s3_files manual__2025-12-02T07:05:18.914989+00:00 [queued]>
[2025-12-02T07:05:36.358+0000] {taskinstance.py:2170} INFO - Starting attempt 1 of 1
[2025-12-02T07:05:36.375+0000] {taskinstance.py:2191} INFO - Executing <Task(PythonOperator): list_s3_files> on 2025-12-02 07:05:18.914989+00:00
[2025-12-02T07:05:36.384+0000] {standard_task_runner.py:60} INFO - Started process 1086 to run task
[2025-12-02T07:05:36.387+0000] {standard_task_runner.py:87} INFO - Running: ['***', 'tasks', 'run', 'example_s3_hook', 'list_s3_files', 'manual__2025-12-02T07:05:18.914989+00:00', '--job-id', '6', '--raw', '--subdir', 'DAGS_FOLDER/example_hook.py', '--cfg-path', '/tmp/tmpcy4mim6d']
[2025-12-02T07:05:36.390+0000] {standard_task_runner.py:88} INFO - Job 6: Subtask list_s3_files
[2025-12-02T07:05:36.501+0000] {task_command.py:423} INFO - Running <TaskInstance: example_s3_hook.list_s3_files manual__2025-12-02T07:05:18.914989+00:00 [running]> on host 3eac8d988c56
[2025-12-02T07:05:36.604+0000] {taskinstance.py:2480} INFO - Exporting env vars: AIRFLOW_CTX_DAG_OWNER='***' AIRFLOW_CTX_DAG_ID='example_s3_hook' AIRFLOW_CTX_TASK_ID='list_s3_files' AIRFLOW_CTX_EXECUTION_DATE='2025-12-02T07:05:18.914989+00:00' AIRFLOW_CTX_TRY_NUMBER='1' AIRFLOW_CTX_DAG_RUN_ID='manual__2025-12-02T07:05:18.914989+00:00'
[2025-12-02T07:05:36.628+0000] {base.py:83} INFO - Using connection ID 'aws_default' for task execution.
[2025-12-02T07:05:36.630+0000] {connection_wrapper.py:378} INFO - AWS Connection (conn_id='aws_default', conn_type='aws') credentials retrieved from login and password.
[2025-12-02T07:05:37.654+0000] {taskinstance.py:2698} ERROR - Task failed with exception
Traceback (most recent call last):
  File "/home/airflow/.local/lib/python3.8/site-packages/airflow/models/taskinstance.py", line 433, in _execute_task
    result = execute_callable(context=context, **execute_callable_kwargs)
  File "/home/airflow/.local/lib/python3.8/site-packages/airflow/operators/python.py", line 199, in execute
    return_value = self.execute_callable()
  File "/home/airflow/.local/lib/python3.8/site-packages/airflow/operators/python.py", line 216, in execute_callable
    return self.python_callable(*self.op_args, **self.op_kwargs)
  File "/opt/airflow/dags/example_hook.py", line 10, in list_s3_objects
    keys = hook.list_keys(bucket_name=bucket)
  File "/home/airflow/.local/lib/python3.8/site-packages/airflow/providers/amazon/aws/hooks/s3.py", line 91, in wrapper
    return func(*bound_args.args, **bound_args.kwargs)
  File "/home/airflow/.local/lib/python3.8/site-packages/airflow/providers/amazon/aws/hooks/s3.py", line 828, in list_keys
    for page in response:
  File "/home/airflow/.local/lib/python3.8/site-packages/botocore/paginate.py", line 269, in __iter__
    response = self._make_request(current_kwargs)
  File "/home/airflow/.local/lib/python3.8/site-packages/botocore/paginate.py", line 357, in _make_request
    return self._method(**current_kwargs)
  File "/home/airflow/.local/lib/python3.8/site-packages/botocore/client.py", line 553, in _api_call
    return self._make_api_call(operation_name, kwargs)
  File "/home/airflow/.local/lib/python3.8/site-packages/botocore/client.py", line 1009, in _make_api_call
    raise error_class(parsed_response, operation_name)
botocore.exceptions.ClientError: An error occurred (InvalidAccessKeyId) when calling the ListObjectsV2 operation: The AWS Access Key Id you provided does not exist in our records.
[2025-12-02T07:05:37.665+0000] {taskinstance.py:1138} INFO - Marking task as FAILED. dag_id=example_s3_hook, task_id=list_s3_files, execution_date=20251202T070518, start_date=20251202T070536, end_date=20251202T070537
[2025-12-02T07:05:37.696+0000] {standard_task_runner.py:107} ERROR - Failed to execute job 6 for task list_s3_files (An error occurred (InvalidAccessKeyId) when calling the ListObjectsV2 operation: The AWS Access Key Id you provided does not exist in our records.; 1086)
[2025-12-02T07:05:37.725+0000] {local_task_job_runner.py:234} INFO - Task exited with return code 1
[2025-12-02T07:05:37.749+0000] {taskinstance.py:3280} INFO - 0 downstream tasks scheduled from follow-on schedule check
