[2025-11-28T06:52:26.708+0000] {processor.py:161} INFO - Started process (PID=93) to work on /home/airflow/.local/lib/python3.8/site-packages/airflow/example_dags/example_local_kubernetes_executor.py
[2025-11-28T06:52:26.710+0000] {processor.py:830} INFO - Processing file /home/airflow/.local/lib/python3.8/site-packages/airflow/example_dags/example_local_kubernetes_executor.py for tasks to queue
[2025-11-28T06:52:26.712+0000] {logging_mixin.py:188} INFO - [2025-11-28T06:52:26.712+0000] {dagbag.py:538} INFO - Filling up the DagBag from /home/airflow/.local/lib/python3.8/site-packages/airflow/example_dags/example_local_kubernetes_executor.py
[2025-11-28T06:52:26.725+0000] {processor.py:840} INFO - DAG(s) 'example_local_kubernetes_executor' retrieved from /home/airflow/.local/lib/python3.8/site-packages/airflow/example_dags/example_local_kubernetes_executor.py
[2025-11-28T06:52:26.834+0000] {logging_mixin.py:188} INFO - [2025-11-28T06:52:26.834+0000] {override.py:1769} INFO - Created Permission View: can edit on DAG:example_local_kubernetes_executor
[2025-11-28T06:52:26.846+0000] {logging_mixin.py:188} INFO - [2025-11-28T06:52:26.846+0000] {override.py:1769} INFO - Created Permission View: can delete on DAG:example_local_kubernetes_executor
[2025-11-28T06:52:26.855+0000] {logging_mixin.py:188} INFO - [2025-11-28T06:52:26.854+0000] {override.py:1769} INFO - Created Permission View: can read on DAG:example_local_kubernetes_executor
[2025-11-28T06:52:26.856+0000] {logging_mixin.py:188} INFO - [2025-11-28T06:52:26.856+0000] {dag.py:3036} INFO - Sync 1 DAGs
[2025-11-28T06:52:26.868+0000] {logging_mixin.py:188} INFO - [2025-11-28T06:52:26.867+0000] {dag.py:3058} INFO - Creating ORM DAG for example_local_kubernetes_executor
[2025-11-28T06:52:26.869+0000] {logging_mixin.py:188} INFO - [2025-11-28T06:52:26.869+0000] {dag.py:3823} INFO - Setting next_dagrun for example_local_kubernetes_executor to None, run_after=None
[2025-11-28T06:52:26.889+0000] {processor.py:183} INFO - Processing /home/airflow/.local/lib/python3.8/site-packages/airflow/example_dags/example_local_kubernetes_executor.py took 0.184 seconds
[2025-11-28T06:52:57.040+0000] {processor.py:161} INFO - Started process (PID=148) to work on /home/airflow/.local/lib/python3.8/site-packages/airflow/example_dags/example_local_kubernetes_executor.py
[2025-11-28T06:52:57.041+0000] {processor.py:830} INFO - Processing file /home/airflow/.local/lib/python3.8/site-packages/airflow/example_dags/example_local_kubernetes_executor.py for tasks to queue
[2025-11-28T06:52:57.043+0000] {logging_mixin.py:188} INFO - [2025-11-28T06:52:57.043+0000] {dagbag.py:538} INFO - Filling up the DagBag from /home/airflow/.local/lib/python3.8/site-packages/airflow/example_dags/example_local_kubernetes_executor.py
[2025-11-28T06:52:57.050+0000] {processor.py:840} INFO - DAG(s) 'example_local_kubernetes_executor' retrieved from /home/airflow/.local/lib/python3.8/site-packages/airflow/example_dags/example_local_kubernetes_executor.py
[2025-11-28T06:52:57.079+0000] {logging_mixin.py:188} INFO - [2025-11-28T06:52:57.079+0000] {dag.py:3036} INFO - Sync 1 DAGs
[2025-11-28T06:52:57.089+0000] {logging_mixin.py:188} INFO - [2025-11-28T06:52:57.089+0000] {dag.py:3823} INFO - Setting next_dagrun for example_local_kubernetes_executor to None, run_after=None
[2025-11-28T06:52:57.104+0000] {processor.py:183} INFO - Processing /home/airflow/.local/lib/python3.8/site-packages/airflow/example_dags/example_local_kubernetes_executor.py took 0.068 seconds
[2025-11-28T06:53:27.716+0000] {processor.py:161} INFO - Started process (PID=203) to work on /home/airflow/.local/lib/python3.8/site-packages/airflow/example_dags/example_local_kubernetes_executor.py
[2025-11-28T06:53:27.717+0000] {processor.py:830} INFO - Processing file /home/airflow/.local/lib/python3.8/site-packages/airflow/example_dags/example_local_kubernetes_executor.py for tasks to queue
[2025-11-28T06:53:27.719+0000] {logging_mixin.py:188} INFO - [2025-11-28T06:53:27.719+0000] {dagbag.py:538} INFO - Filling up the DagBag from /home/airflow/.local/lib/python3.8/site-packages/airflow/example_dags/example_local_kubernetes_executor.py
[2025-11-28T06:53:27.730+0000] {processor.py:840} INFO - DAG(s) 'example_local_kubernetes_executor' retrieved from /home/airflow/.local/lib/python3.8/site-packages/airflow/example_dags/example_local_kubernetes_executor.py
[2025-11-28T06:53:27.772+0000] {logging_mixin.py:188} INFO - [2025-11-28T06:53:27.771+0000] {dag.py:3036} INFO - Sync 1 DAGs
[2025-11-28T06:53:27.784+0000] {logging_mixin.py:188} INFO - [2025-11-28T06:53:27.784+0000] {dag.py:3823} INFO - Setting next_dagrun for example_local_kubernetes_executor to None, run_after=None
[2025-11-28T06:53:27.811+0000] {processor.py:183} INFO - Processing /home/airflow/.local/lib/python3.8/site-packages/airflow/example_dags/example_local_kubernetes_executor.py took 0.098 seconds
[2025-11-28T06:53:58.076+0000] {processor.py:161} INFO - Started process (PID=258) to work on /home/airflow/.local/lib/python3.8/site-packages/airflow/example_dags/example_local_kubernetes_executor.py
[2025-11-28T06:53:58.078+0000] {processor.py:830} INFO - Processing file /home/airflow/.local/lib/python3.8/site-packages/airflow/example_dags/example_local_kubernetes_executor.py for tasks to queue
[2025-11-28T06:53:58.082+0000] {logging_mixin.py:188} INFO - [2025-11-28T06:53:58.082+0000] {dagbag.py:538} INFO - Filling up the DagBag from /home/airflow/.local/lib/python3.8/site-packages/airflow/example_dags/example_local_kubernetes_executor.py
[2025-11-28T06:53:58.090+0000] {processor.py:840} INFO - DAG(s) 'example_local_kubernetes_executor' retrieved from /home/airflow/.local/lib/python3.8/site-packages/airflow/example_dags/example_local_kubernetes_executor.py
[2025-11-28T06:53:58.124+0000] {logging_mixin.py:188} INFO - [2025-11-28T06:53:58.124+0000] {dag.py:3036} INFO - Sync 1 DAGs
[2025-11-28T06:53:58.134+0000] {logging_mixin.py:188} INFO - [2025-11-28T06:53:58.134+0000] {dag.py:3823} INFO - Setting next_dagrun for example_local_kubernetes_executor to None, run_after=None
[2025-11-28T06:53:58.155+0000] {processor.py:183} INFO - Processing /home/airflow/.local/lib/python3.8/site-packages/airflow/example_dags/example_local_kubernetes_executor.py took 0.082 seconds
[2025-11-28T06:54:28.351+0000] {processor.py:161} INFO - Started process (PID=313) to work on /home/airflow/.local/lib/python3.8/site-packages/airflow/example_dags/example_local_kubernetes_executor.py
[2025-11-28T06:54:28.353+0000] {processor.py:830} INFO - Processing file /home/airflow/.local/lib/python3.8/site-packages/airflow/example_dags/example_local_kubernetes_executor.py for tasks to queue
[2025-11-28T06:54:28.359+0000] {logging_mixin.py:188} INFO - [2025-11-28T06:54:28.358+0000] {dagbag.py:538} INFO - Filling up the DagBag from /home/airflow/.local/lib/python3.8/site-packages/airflow/example_dags/example_local_kubernetes_executor.py
[2025-11-28T06:54:28.366+0000] {processor.py:840} INFO - DAG(s) 'example_local_kubernetes_executor' retrieved from /home/airflow/.local/lib/python3.8/site-packages/airflow/example_dags/example_local_kubernetes_executor.py
[2025-11-28T06:54:28.415+0000] {logging_mixin.py:188} INFO - [2025-11-28T06:54:28.415+0000] {dag.py:3036} INFO - Sync 1 DAGs
[2025-11-28T06:54:28.425+0000] {logging_mixin.py:188} INFO - [2025-11-28T06:54:28.425+0000] {dag.py:3823} INFO - Setting next_dagrun for example_local_kubernetes_executor to None, run_after=None
[2025-11-28T06:54:28.445+0000] {processor.py:183} INFO - Processing /home/airflow/.local/lib/python3.8/site-packages/airflow/example_dags/example_local_kubernetes_executor.py took 0.097 seconds
[2025-11-28T06:54:59.041+0000] {processor.py:161} INFO - Started process (PID=368) to work on /home/airflow/.local/lib/python3.8/site-packages/airflow/example_dags/example_local_kubernetes_executor.py
[2025-11-28T06:54:59.043+0000] {processor.py:830} INFO - Processing file /home/airflow/.local/lib/python3.8/site-packages/airflow/example_dags/example_local_kubernetes_executor.py for tasks to queue
[2025-11-28T06:54:59.046+0000] {logging_mixin.py:188} INFO - [2025-11-28T06:54:59.045+0000] {dagbag.py:538} INFO - Filling up the DagBag from /home/airflow/.local/lib/python3.8/site-packages/airflow/example_dags/example_local_kubernetes_executor.py
[2025-11-28T06:54:59.055+0000] {processor.py:840} INFO - DAG(s) 'example_local_kubernetes_executor' retrieved from /home/airflow/.local/lib/python3.8/site-packages/airflow/example_dags/example_local_kubernetes_executor.py
[2025-11-28T06:54:59.077+0000] {logging_mixin.py:188} INFO - [2025-11-28T06:54:59.076+0000] {dag.py:3036} INFO - Sync 1 DAGs
[2025-11-28T06:54:59.094+0000] {logging_mixin.py:188} INFO - [2025-11-28T06:54:59.094+0000] {dag.py:3823} INFO - Setting next_dagrun for example_local_kubernetes_executor to None, run_after=None
[2025-11-28T06:54:59.118+0000] {processor.py:183} INFO - Processing /home/airflow/.local/lib/python3.8/site-packages/airflow/example_dags/example_local_kubernetes_executor.py took 0.077 seconds
[2025-11-28T06:55:29.478+0000] {processor.py:161} INFO - Started process (PID=423) to work on /home/airflow/.local/lib/python3.8/site-packages/airflow/example_dags/example_local_kubernetes_executor.py
[2025-11-28T06:55:29.479+0000] {processor.py:830} INFO - Processing file /home/airflow/.local/lib/python3.8/site-packages/airflow/example_dags/example_local_kubernetes_executor.py for tasks to queue
[2025-11-28T06:55:29.481+0000] {logging_mixin.py:188} INFO - [2025-11-28T06:55:29.481+0000] {dagbag.py:538} INFO - Filling up the DagBag from /home/airflow/.local/lib/python3.8/site-packages/airflow/example_dags/example_local_kubernetes_executor.py
[2025-11-28T06:55:29.488+0000] {processor.py:840} INFO - DAG(s) 'example_local_kubernetes_executor' retrieved from /home/airflow/.local/lib/python3.8/site-packages/airflow/example_dags/example_local_kubernetes_executor.py
[2025-11-28T06:55:29.571+0000] {logging_mixin.py:188} INFO - [2025-11-28T06:55:29.570+0000] {dag.py:3036} INFO - Sync 1 DAGs
[2025-11-28T06:55:29.578+0000] {logging_mixin.py:188} INFO - [2025-11-28T06:55:29.577+0000] {dag.py:3823} INFO - Setting next_dagrun for example_local_kubernetes_executor to None, run_after=None
[2025-11-28T06:55:29.598+0000] {processor.py:183} INFO - Processing /home/airflow/.local/lib/python3.8/site-packages/airflow/example_dags/example_local_kubernetes_executor.py took 0.123 seconds
[2025-11-28T06:56:00.474+0000] {processor.py:161} INFO - Started process (PID=478) to work on /home/airflow/.local/lib/python3.8/site-packages/airflow/example_dags/example_local_kubernetes_executor.py
[2025-11-28T06:56:00.475+0000] {processor.py:830} INFO - Processing file /home/airflow/.local/lib/python3.8/site-packages/airflow/example_dags/example_local_kubernetes_executor.py for tasks to queue
[2025-11-28T06:56:00.477+0000] {logging_mixin.py:188} INFO - [2025-11-28T06:56:00.477+0000] {dagbag.py:538} INFO - Filling up the DagBag from /home/airflow/.local/lib/python3.8/site-packages/airflow/example_dags/example_local_kubernetes_executor.py
[2025-11-28T06:56:00.483+0000] {processor.py:840} INFO - DAG(s) 'example_local_kubernetes_executor' retrieved from /home/airflow/.local/lib/python3.8/site-packages/airflow/example_dags/example_local_kubernetes_executor.py
[2025-11-28T06:56:00.514+0000] {logging_mixin.py:188} INFO - [2025-11-28T06:56:00.513+0000] {dag.py:3036} INFO - Sync 1 DAGs
[2025-11-28T06:56:00.523+0000] {logging_mixin.py:188} INFO - [2025-11-28T06:56:00.523+0000] {dag.py:3823} INFO - Setting next_dagrun for example_local_kubernetes_executor to None, run_after=None
[2025-11-28T06:56:00.544+0000] {processor.py:183} INFO - Processing /home/airflow/.local/lib/python3.8/site-packages/airflow/example_dags/example_local_kubernetes_executor.py took 0.073 seconds
[2025-11-28T06:56:30.794+0000] {processor.py:161} INFO - Started process (PID=533) to work on /home/airflow/.local/lib/python3.8/site-packages/airflow/example_dags/example_local_kubernetes_executor.py
[2025-11-28T06:56:30.796+0000] {processor.py:830} INFO - Processing file /home/airflow/.local/lib/python3.8/site-packages/airflow/example_dags/example_local_kubernetes_executor.py for tasks to queue
[2025-11-28T06:56:30.799+0000] {logging_mixin.py:188} INFO - [2025-11-28T06:56:30.798+0000] {dagbag.py:538} INFO - Filling up the DagBag from /home/airflow/.local/lib/python3.8/site-packages/airflow/example_dags/example_local_kubernetes_executor.py
[2025-11-28T06:56:30.807+0000] {processor.py:840} INFO - DAG(s) 'example_local_kubernetes_executor' retrieved from /home/airflow/.local/lib/python3.8/site-packages/airflow/example_dags/example_local_kubernetes_executor.py
[2025-11-28T06:56:30.866+0000] {logging_mixin.py:188} INFO - [2025-11-28T06:56:30.865+0000] {dag.py:3036} INFO - Sync 1 DAGs
[2025-11-28T06:56:30.881+0000] {logging_mixin.py:188} INFO - [2025-11-28T06:56:30.881+0000] {dag.py:3823} INFO - Setting next_dagrun for example_local_kubernetes_executor to None, run_after=None
[2025-11-28T06:56:30.903+0000] {processor.py:183} INFO - Processing /home/airflow/.local/lib/python3.8/site-packages/airflow/example_dags/example_local_kubernetes_executor.py took 0.112 seconds
[2025-11-28T06:57:01.199+0000] {processor.py:161} INFO - Started process (PID=588) to work on /home/airflow/.local/lib/python3.8/site-packages/airflow/example_dags/example_local_kubernetes_executor.py
[2025-11-28T06:57:01.201+0000] {processor.py:830} INFO - Processing file /home/airflow/.local/lib/python3.8/site-packages/airflow/example_dags/example_local_kubernetes_executor.py for tasks to queue
[2025-11-28T06:57:01.227+0000] {logging_mixin.py:188} INFO - [2025-11-28T06:57:01.227+0000] {dagbag.py:538} INFO - Filling up the DagBag from /home/airflow/.local/lib/python3.8/site-packages/airflow/example_dags/example_local_kubernetes_executor.py
[2025-11-28T06:57:01.248+0000] {processor.py:840} INFO - DAG(s) 'example_local_kubernetes_executor' retrieved from /home/airflow/.local/lib/python3.8/site-packages/airflow/example_dags/example_local_kubernetes_executor.py
[2025-11-28T06:57:01.289+0000] {logging_mixin.py:188} INFO - [2025-11-28T06:57:01.289+0000] {dag.py:3036} INFO - Sync 1 DAGs
[2025-11-28T06:57:01.302+0000] {logging_mixin.py:188} INFO - [2025-11-28T06:57:01.302+0000] {dag.py:3823} INFO - Setting next_dagrun for example_local_kubernetes_executor to None, run_after=None
[2025-11-28T06:57:01.317+0000] {processor.py:183} INFO - Processing /home/airflow/.local/lib/python3.8/site-packages/airflow/example_dags/example_local_kubernetes_executor.py took 0.121 seconds
[2025-11-28T06:57:31.818+0000] {processor.py:161} INFO - Started process (PID=643) to work on /home/airflow/.local/lib/python3.8/site-packages/airflow/example_dags/example_local_kubernetes_executor.py
[2025-11-28T06:57:31.819+0000] {processor.py:830} INFO - Processing file /home/airflow/.local/lib/python3.8/site-packages/airflow/example_dags/example_local_kubernetes_executor.py for tasks to queue
[2025-11-28T06:57:31.823+0000] {logging_mixin.py:188} INFO - [2025-11-28T06:57:31.823+0000] {dagbag.py:538} INFO - Filling up the DagBag from /home/airflow/.local/lib/python3.8/site-packages/airflow/example_dags/example_local_kubernetes_executor.py
[2025-11-28T06:57:31.831+0000] {processor.py:840} INFO - DAG(s) 'example_local_kubernetes_executor' retrieved from /home/airflow/.local/lib/python3.8/site-packages/airflow/example_dags/example_local_kubernetes_executor.py
[2025-11-28T06:57:31.861+0000] {logging_mixin.py:188} INFO - [2025-11-28T06:57:31.861+0000] {dag.py:3036} INFO - Sync 1 DAGs
[2025-11-28T06:57:31.869+0000] {logging_mixin.py:188} INFO - [2025-11-28T06:57:31.869+0000] {dag.py:3823} INFO - Setting next_dagrun for example_local_kubernetes_executor to None, run_after=None
[2025-11-28T06:57:31.886+0000] {processor.py:183} INFO - Processing /home/airflow/.local/lib/python3.8/site-packages/airflow/example_dags/example_local_kubernetes_executor.py took 0.073 seconds
[2025-11-28T06:58:02.629+0000] {processor.py:161} INFO - Started process (PID=698) to work on /home/airflow/.local/lib/python3.8/site-packages/airflow/example_dags/example_local_kubernetes_executor.py
[2025-11-28T06:58:02.631+0000] {processor.py:830} INFO - Processing file /home/airflow/.local/lib/python3.8/site-packages/airflow/example_dags/example_local_kubernetes_executor.py for tasks to queue
[2025-11-28T06:58:02.635+0000] {logging_mixin.py:188} INFO - [2025-11-28T06:58:02.634+0000] {dagbag.py:538} INFO - Filling up the DagBag from /home/airflow/.local/lib/python3.8/site-packages/airflow/example_dags/example_local_kubernetes_executor.py
[2025-11-28T06:58:02.647+0000] {processor.py:840} INFO - DAG(s) 'example_local_kubernetes_executor' retrieved from /home/airflow/.local/lib/python3.8/site-packages/airflow/example_dags/example_local_kubernetes_executor.py
[2025-11-28T06:58:02.687+0000] {logging_mixin.py:188} INFO - [2025-11-28T06:58:02.686+0000] {dag.py:3036} INFO - Sync 1 DAGs
[2025-11-28T06:58:02.698+0000] {logging_mixin.py:188} INFO - [2025-11-28T06:58:02.698+0000] {dag.py:3823} INFO - Setting next_dagrun for example_local_kubernetes_executor to None, run_after=None
[2025-11-28T06:58:02.719+0000] {processor.py:183} INFO - Processing /home/airflow/.local/lib/python3.8/site-packages/airflow/example_dags/example_local_kubernetes_executor.py took 0.094 seconds
[2025-11-28T06:58:33.084+0000] {processor.py:161} INFO - Started process (PID=753) to work on /home/airflow/.local/lib/python3.8/site-packages/airflow/example_dags/example_local_kubernetes_executor.py
[2025-11-28T06:58:33.085+0000] {processor.py:830} INFO - Processing file /home/airflow/.local/lib/python3.8/site-packages/airflow/example_dags/example_local_kubernetes_executor.py for tasks to queue
[2025-11-28T06:58:33.087+0000] {logging_mixin.py:188} INFO - [2025-11-28T06:58:33.086+0000] {dagbag.py:538} INFO - Filling up the DagBag from /home/airflow/.local/lib/python3.8/site-packages/airflow/example_dags/example_local_kubernetes_executor.py
[2025-11-28T06:58:33.095+0000] {processor.py:840} INFO - DAG(s) 'example_local_kubernetes_executor' retrieved from /home/airflow/.local/lib/python3.8/site-packages/airflow/example_dags/example_local_kubernetes_executor.py
[2025-11-28T06:58:33.130+0000] {logging_mixin.py:188} INFO - [2025-11-28T06:58:33.129+0000] {dag.py:3036} INFO - Sync 1 DAGs
[2025-11-28T06:58:33.142+0000] {logging_mixin.py:188} INFO - [2025-11-28T06:58:33.141+0000] {dag.py:3823} INFO - Setting next_dagrun for example_local_kubernetes_executor to None, run_after=None
[2025-11-28T06:58:33.160+0000] {processor.py:183} INFO - Processing /home/airflow/.local/lib/python3.8/site-packages/airflow/example_dags/example_local_kubernetes_executor.py took 0.079 seconds
[2025-11-28T06:59:03.594+0000] {processor.py:161} INFO - Started process (PID=808) to work on /home/airflow/.local/lib/python3.8/site-packages/airflow/example_dags/example_local_kubernetes_executor.py
[2025-11-28T06:59:03.596+0000] {processor.py:830} INFO - Processing file /home/airflow/.local/lib/python3.8/site-packages/airflow/example_dags/example_local_kubernetes_executor.py for tasks to queue
[2025-11-28T06:59:03.597+0000] {logging_mixin.py:188} INFO - [2025-11-28T06:59:03.597+0000] {dagbag.py:538} INFO - Filling up the DagBag from /home/airflow/.local/lib/python3.8/site-packages/airflow/example_dags/example_local_kubernetes_executor.py
[2025-11-28T06:59:03.604+0000] {processor.py:840} INFO - DAG(s) 'example_local_kubernetes_executor' retrieved from /home/airflow/.local/lib/python3.8/site-packages/airflow/example_dags/example_local_kubernetes_executor.py
[2025-11-28T06:59:03.639+0000] {logging_mixin.py:188} INFO - [2025-11-28T06:59:03.638+0000] {dag.py:3036} INFO - Sync 1 DAGs
[2025-11-28T06:59:03.648+0000] {logging_mixin.py:188} INFO - [2025-11-28T06:59:03.648+0000] {dag.py:3823} INFO - Setting next_dagrun for example_local_kubernetes_executor to None, run_after=None
[2025-11-28T06:59:03.663+0000] {processor.py:183} INFO - Processing /home/airflow/.local/lib/python3.8/site-packages/airflow/example_dags/example_local_kubernetes_executor.py took 0.071 seconds
[2025-11-28T06:59:34.141+0000] {processor.py:161} INFO - Started process (PID=863) to work on /home/airflow/.local/lib/python3.8/site-packages/airflow/example_dags/example_local_kubernetes_executor.py
[2025-11-28T06:59:34.143+0000] {processor.py:830} INFO - Processing file /home/airflow/.local/lib/python3.8/site-packages/airflow/example_dags/example_local_kubernetes_executor.py for tasks to queue
[2025-11-28T06:59:34.146+0000] {logging_mixin.py:188} INFO - [2025-11-28T06:59:34.146+0000] {dagbag.py:538} INFO - Filling up the DagBag from /home/airflow/.local/lib/python3.8/site-packages/airflow/example_dags/example_local_kubernetes_executor.py
[2025-11-28T06:59:34.156+0000] {processor.py:840} INFO - DAG(s) 'example_local_kubernetes_executor' retrieved from /home/airflow/.local/lib/python3.8/site-packages/airflow/example_dags/example_local_kubernetes_executor.py
[2025-11-28T06:59:34.199+0000] {logging_mixin.py:188} INFO - [2025-11-28T06:59:34.199+0000] {dag.py:3036} INFO - Sync 1 DAGs
[2025-11-28T06:59:34.208+0000] {logging_mixin.py:188} INFO - [2025-11-28T06:59:34.208+0000] {dag.py:3823} INFO - Setting next_dagrun for example_local_kubernetes_executor to None, run_after=None
[2025-11-28T06:59:34.222+0000] {processor.py:183} INFO - Processing /home/airflow/.local/lib/python3.8/site-packages/airflow/example_dags/example_local_kubernetes_executor.py took 0.085 seconds
[2025-11-28T07:00:04.308+0000] {processor.py:161} INFO - Started process (PID=918) to work on /home/airflow/.local/lib/python3.8/site-packages/airflow/example_dags/example_local_kubernetes_executor.py
[2025-11-28T07:00:04.309+0000] {processor.py:830} INFO - Processing file /home/airflow/.local/lib/python3.8/site-packages/airflow/example_dags/example_local_kubernetes_executor.py for tasks to queue
[2025-11-28T07:00:04.311+0000] {logging_mixin.py:188} INFO - [2025-11-28T07:00:04.311+0000] {dagbag.py:538} INFO - Filling up the DagBag from /home/airflow/.local/lib/python3.8/site-packages/airflow/example_dags/example_local_kubernetes_executor.py
[2025-11-28T07:00:04.318+0000] {processor.py:840} INFO - DAG(s) 'example_local_kubernetes_executor' retrieved from /home/airflow/.local/lib/python3.8/site-packages/airflow/example_dags/example_local_kubernetes_executor.py
[2025-11-28T07:00:04.355+0000] {logging_mixin.py:188} INFO - [2025-11-28T07:00:04.355+0000] {dag.py:3036} INFO - Sync 1 DAGs
[2025-11-28T07:00:04.370+0000] {logging_mixin.py:188} INFO - [2025-11-28T07:00:04.370+0000] {dag.py:3823} INFO - Setting next_dagrun for example_local_kubernetes_executor to None, run_after=None
[2025-11-28T07:00:04.391+0000] {processor.py:183} INFO - Processing /home/airflow/.local/lib/python3.8/site-packages/airflow/example_dags/example_local_kubernetes_executor.py took 0.086 seconds
[2025-11-28T07:00:35.067+0000] {processor.py:161} INFO - Started process (PID=973) to work on /home/airflow/.local/lib/python3.8/site-packages/airflow/example_dags/example_local_kubernetes_executor.py
[2025-11-28T07:00:35.068+0000] {processor.py:830} INFO - Processing file /home/airflow/.local/lib/python3.8/site-packages/airflow/example_dags/example_local_kubernetes_executor.py for tasks to queue
[2025-11-28T07:00:35.073+0000] {logging_mixin.py:188} INFO - [2025-11-28T07:00:35.072+0000] {dagbag.py:538} INFO - Filling up the DagBag from /home/airflow/.local/lib/python3.8/site-packages/airflow/example_dags/example_local_kubernetes_executor.py
[2025-11-28T07:00:35.082+0000] {processor.py:840} INFO - DAG(s) 'example_local_kubernetes_executor' retrieved from /home/airflow/.local/lib/python3.8/site-packages/airflow/example_dags/example_local_kubernetes_executor.py
[2025-11-28T07:00:35.129+0000] {logging_mixin.py:188} INFO - [2025-11-28T07:00:35.128+0000] {dag.py:3036} INFO - Sync 1 DAGs
[2025-11-28T07:00:35.143+0000] {logging_mixin.py:188} INFO - [2025-11-28T07:00:35.142+0000] {dag.py:3823} INFO - Setting next_dagrun for example_local_kubernetes_executor to None, run_after=None
[2025-11-28T07:00:35.176+0000] {processor.py:183} INFO - Processing /home/airflow/.local/lib/python3.8/site-packages/airflow/example_dags/example_local_kubernetes_executor.py took 0.111 seconds
[2025-11-28T07:01:05.635+0000] {processor.py:161} INFO - Started process (PID=1028) to work on /home/airflow/.local/lib/python3.8/site-packages/airflow/example_dags/example_local_kubernetes_executor.py
[2025-11-28T07:01:05.636+0000] {processor.py:830} INFO - Processing file /home/airflow/.local/lib/python3.8/site-packages/airflow/example_dags/example_local_kubernetes_executor.py for tasks to queue
[2025-11-28T07:01:05.640+0000] {logging_mixin.py:188} INFO - [2025-11-28T07:01:05.640+0000] {dagbag.py:538} INFO - Filling up the DagBag from /home/airflow/.local/lib/python3.8/site-packages/airflow/example_dags/example_local_kubernetes_executor.py
[2025-11-28T07:01:05.647+0000] {processor.py:840} INFO - DAG(s) 'example_local_kubernetes_executor' retrieved from /home/airflow/.local/lib/python3.8/site-packages/airflow/example_dags/example_local_kubernetes_executor.py
[2025-11-28T07:01:05.687+0000] {logging_mixin.py:188} INFO - [2025-11-28T07:01:05.686+0000] {dag.py:3036} INFO - Sync 1 DAGs
[2025-11-28T07:01:05.697+0000] {logging_mixin.py:188} INFO - [2025-11-28T07:01:05.697+0000] {dag.py:3823} INFO - Setting next_dagrun for example_local_kubernetes_executor to None, run_after=None
[2025-11-28T07:01:05.716+0000] {processor.py:183} INFO - Processing /home/airflow/.local/lib/python3.8/site-packages/airflow/example_dags/example_local_kubernetes_executor.py took 0.085 seconds
[2025-11-28T07:01:35.894+0000] {processor.py:161} INFO - Started process (PID=1082) to work on /home/airflow/.local/lib/python3.8/site-packages/airflow/example_dags/example_local_kubernetes_executor.py
[2025-11-28T07:01:35.895+0000] {processor.py:830} INFO - Processing file /home/airflow/.local/lib/python3.8/site-packages/airflow/example_dags/example_local_kubernetes_executor.py for tasks to queue
[2025-11-28T07:01:35.898+0000] {logging_mixin.py:188} INFO - [2025-11-28T07:01:35.898+0000] {dagbag.py:538} INFO - Filling up the DagBag from /home/airflow/.local/lib/python3.8/site-packages/airflow/example_dags/example_local_kubernetes_executor.py
[2025-11-28T07:01:35.915+0000] {processor.py:840} INFO - DAG(s) 'example_local_kubernetes_executor' retrieved from /home/airflow/.local/lib/python3.8/site-packages/airflow/example_dags/example_local_kubernetes_executor.py
[2025-11-28T07:01:35.976+0000] {logging_mixin.py:188} INFO - [2025-11-28T07:01:35.976+0000] {dag.py:3036} INFO - Sync 1 DAGs
[2025-11-28T07:01:35.993+0000] {logging_mixin.py:188} INFO - [2025-11-28T07:01:35.993+0000] {dag.py:3823} INFO - Setting next_dagrun for example_local_kubernetes_executor to None, run_after=None
[2025-11-28T07:01:36.013+0000] {processor.py:183} INFO - Processing /home/airflow/.local/lib/python3.8/site-packages/airflow/example_dags/example_local_kubernetes_executor.py took 0.124 seconds
[2025-11-28T07:02:06.892+0000] {processor.py:161} INFO - Started process (PID=1137) to work on /home/airflow/.local/lib/python3.8/site-packages/airflow/example_dags/example_local_kubernetes_executor.py
[2025-11-28T07:02:06.893+0000] {processor.py:830} INFO - Processing file /home/airflow/.local/lib/python3.8/site-packages/airflow/example_dags/example_local_kubernetes_executor.py for tasks to queue
[2025-11-28T07:02:06.895+0000] {logging_mixin.py:188} INFO - [2025-11-28T07:02:06.895+0000] {dagbag.py:538} INFO - Filling up the DagBag from /home/airflow/.local/lib/python3.8/site-packages/airflow/example_dags/example_local_kubernetes_executor.py
[2025-11-28T07:02:06.904+0000] {processor.py:840} INFO - DAG(s) 'example_local_kubernetes_executor' retrieved from /home/airflow/.local/lib/python3.8/site-packages/airflow/example_dags/example_local_kubernetes_executor.py
[2025-11-28T07:02:06.938+0000] {logging_mixin.py:188} INFO - [2025-11-28T07:02:06.938+0000] {dag.py:3036} INFO - Sync 1 DAGs
[2025-11-28T07:02:06.949+0000] {logging_mixin.py:188} INFO - [2025-11-28T07:02:06.948+0000] {dag.py:3823} INFO - Setting next_dagrun for example_local_kubernetes_executor to None, run_after=None
[2025-11-28T07:02:06.963+0000] {processor.py:183} INFO - Processing /home/airflow/.local/lib/python3.8/site-packages/airflow/example_dags/example_local_kubernetes_executor.py took 0.074 seconds
[2025-11-28T07:02:37.116+0000] {processor.py:161} INFO - Started process (PID=1191) to work on /home/airflow/.local/lib/python3.8/site-packages/airflow/example_dags/example_local_kubernetes_executor.py
[2025-11-28T07:02:37.117+0000] {processor.py:830} INFO - Processing file /home/airflow/.local/lib/python3.8/site-packages/airflow/example_dags/example_local_kubernetes_executor.py for tasks to queue
[2025-11-28T07:02:37.119+0000] {logging_mixin.py:188} INFO - [2025-11-28T07:02:37.119+0000] {dagbag.py:538} INFO - Filling up the DagBag from /home/airflow/.local/lib/python3.8/site-packages/airflow/example_dags/example_local_kubernetes_executor.py
[2025-11-28T07:02:37.127+0000] {processor.py:840} INFO - DAG(s) 'example_local_kubernetes_executor' retrieved from /home/airflow/.local/lib/python3.8/site-packages/airflow/example_dags/example_local_kubernetes_executor.py
[2025-11-28T07:02:37.160+0000] {logging_mixin.py:188} INFO - [2025-11-28T07:02:37.160+0000] {dag.py:3036} INFO - Sync 1 DAGs
[2025-11-28T07:02:37.170+0000] {logging_mixin.py:188} INFO - [2025-11-28T07:02:37.170+0000] {dag.py:3823} INFO - Setting next_dagrun for example_local_kubernetes_executor to None, run_after=None
[2025-11-28T07:02:37.186+0000] {processor.py:183} INFO - Processing /home/airflow/.local/lib/python3.8/site-packages/airflow/example_dags/example_local_kubernetes_executor.py took 0.073 seconds
[2025-11-28T07:03:07.854+0000] {processor.py:161} INFO - Started process (PID=1247) to work on /home/airflow/.local/lib/python3.8/site-packages/airflow/example_dags/example_local_kubernetes_executor.py
[2025-11-28T07:03:07.856+0000] {processor.py:830} INFO - Processing file /home/airflow/.local/lib/python3.8/site-packages/airflow/example_dags/example_local_kubernetes_executor.py for tasks to queue
[2025-11-28T07:03:07.858+0000] {logging_mixin.py:188} INFO - [2025-11-28T07:03:07.858+0000] {dagbag.py:538} INFO - Filling up the DagBag from /home/airflow/.local/lib/python3.8/site-packages/airflow/example_dags/example_local_kubernetes_executor.py
[2025-11-28T07:03:07.867+0000] {processor.py:840} INFO - DAG(s) 'example_local_kubernetes_executor' retrieved from /home/airflow/.local/lib/python3.8/site-packages/airflow/example_dags/example_local_kubernetes_executor.py
[2025-11-28T07:03:07.899+0000] {logging_mixin.py:188} INFO - [2025-11-28T07:03:07.899+0000] {dag.py:3036} INFO - Sync 1 DAGs
[2025-11-28T07:03:07.913+0000] {logging_mixin.py:188} INFO - [2025-11-28T07:03:07.913+0000] {dag.py:3823} INFO - Setting next_dagrun for example_local_kubernetes_executor to None, run_after=None
[2025-11-28T07:03:07.932+0000] {processor.py:183} INFO - Processing /home/airflow/.local/lib/python3.8/site-packages/airflow/example_dags/example_local_kubernetes_executor.py took 0.081 seconds
[2025-11-28T07:03:38.708+0000] {processor.py:161} INFO - Started process (PID=1302) to work on /home/airflow/.local/lib/python3.8/site-packages/airflow/example_dags/example_local_kubernetes_executor.py
[2025-11-28T07:03:38.721+0000] {processor.py:830} INFO - Processing file /home/airflow/.local/lib/python3.8/site-packages/airflow/example_dags/example_local_kubernetes_executor.py for tasks to queue
[2025-11-28T07:03:38.725+0000] {logging_mixin.py:188} INFO - [2025-11-28T07:03:38.725+0000] {dagbag.py:538} INFO - Filling up the DagBag from /home/airflow/.local/lib/python3.8/site-packages/airflow/example_dags/example_local_kubernetes_executor.py
[2025-11-28T07:03:38.734+0000] {processor.py:840} INFO - DAG(s) 'example_local_kubernetes_executor' retrieved from /home/airflow/.local/lib/python3.8/site-packages/airflow/example_dags/example_local_kubernetes_executor.py
[2025-11-28T07:03:38.811+0000] {logging_mixin.py:188} INFO - [2025-11-28T07:03:38.811+0000] {dag.py:3036} INFO - Sync 1 DAGs
[2025-11-28T07:03:38.828+0000] {logging_mixin.py:188} INFO - [2025-11-28T07:03:38.828+0000] {dag.py:3823} INFO - Setting next_dagrun for example_local_kubernetes_executor to None, run_after=None
[2025-11-28T07:03:38.869+0000] {processor.py:183} INFO - Processing /home/airflow/.local/lib/python3.8/site-packages/airflow/example_dags/example_local_kubernetes_executor.py took 0.164 seconds
[2025-11-28T07:04:09.858+0000] {processor.py:161} INFO - Started process (PID=1357) to work on /home/airflow/.local/lib/python3.8/site-packages/airflow/example_dags/example_local_kubernetes_executor.py
[2025-11-28T07:04:09.880+0000] {processor.py:830} INFO - Processing file /home/airflow/.local/lib/python3.8/site-packages/airflow/example_dags/example_local_kubernetes_executor.py for tasks to queue
[2025-11-28T07:04:09.890+0000] {logging_mixin.py:188} INFO - [2025-11-28T07:04:09.889+0000] {dagbag.py:538} INFO - Filling up the DagBag from /home/airflow/.local/lib/python3.8/site-packages/airflow/example_dags/example_local_kubernetes_executor.py
[2025-11-28T07:04:09.914+0000] {processor.py:840} INFO - DAG(s) 'example_local_kubernetes_executor' retrieved from /home/airflow/.local/lib/python3.8/site-packages/airflow/example_dags/example_local_kubernetes_executor.py
[2025-11-28T07:04:09.961+0000] {logging_mixin.py:188} INFO - [2025-11-28T07:04:09.960+0000] {dag.py:3036} INFO - Sync 1 DAGs
[2025-11-28T07:04:09.971+0000] {logging_mixin.py:188} INFO - [2025-11-28T07:04:09.971+0000] {dag.py:3823} INFO - Setting next_dagrun for example_local_kubernetes_executor to None, run_after=None
[2025-11-28T07:04:09.998+0000] {processor.py:183} INFO - Processing /home/airflow/.local/lib/python3.8/site-packages/airflow/example_dags/example_local_kubernetes_executor.py took 0.149 seconds
[2025-11-28T07:04:40.917+0000] {processor.py:161} INFO - Started process (PID=1412) to work on /home/airflow/.local/lib/python3.8/site-packages/airflow/example_dags/example_local_kubernetes_executor.py
[2025-11-28T07:04:40.919+0000] {processor.py:830} INFO - Processing file /home/airflow/.local/lib/python3.8/site-packages/airflow/example_dags/example_local_kubernetes_executor.py for tasks to queue
[2025-11-28T07:04:40.921+0000] {logging_mixin.py:188} INFO - [2025-11-28T07:04:40.921+0000] {dagbag.py:538} INFO - Filling up the DagBag from /home/airflow/.local/lib/python3.8/site-packages/airflow/example_dags/example_local_kubernetes_executor.py
[2025-11-28T07:04:40.927+0000] {processor.py:840} INFO - DAG(s) 'example_local_kubernetes_executor' retrieved from /home/airflow/.local/lib/python3.8/site-packages/airflow/example_dags/example_local_kubernetes_executor.py
[2025-11-28T07:04:40.959+0000] {logging_mixin.py:188} INFO - [2025-11-28T07:04:40.958+0000] {dag.py:3036} INFO - Sync 1 DAGs
[2025-11-28T07:04:40.969+0000] {logging_mixin.py:188} INFO - [2025-11-28T07:04:40.969+0000] {dag.py:3823} INFO - Setting next_dagrun for example_local_kubernetes_executor to None, run_after=None
[2025-11-28T07:04:40.987+0000] {processor.py:183} INFO - Processing /home/airflow/.local/lib/python3.8/site-packages/airflow/example_dags/example_local_kubernetes_executor.py took 0.073 seconds
[2025-11-28T07:05:11.237+0000] {processor.py:161} INFO - Started process (PID=1468) to work on /home/airflow/.local/lib/python3.8/site-packages/airflow/example_dags/example_local_kubernetes_executor.py
[2025-11-28T07:05:11.239+0000] {processor.py:830} INFO - Processing file /home/airflow/.local/lib/python3.8/site-packages/airflow/example_dags/example_local_kubernetes_executor.py for tasks to queue
[2025-11-28T07:05:11.241+0000] {logging_mixin.py:188} INFO - [2025-11-28T07:05:11.241+0000] {dagbag.py:538} INFO - Filling up the DagBag from /home/airflow/.local/lib/python3.8/site-packages/airflow/example_dags/example_local_kubernetes_executor.py
[2025-11-28T07:05:11.250+0000] {processor.py:840} INFO - DAG(s) 'example_local_kubernetes_executor' retrieved from /home/airflow/.local/lib/python3.8/site-packages/airflow/example_dags/example_local_kubernetes_executor.py
[2025-11-28T07:05:11.286+0000] {logging_mixin.py:188} INFO - [2025-11-28T07:05:11.286+0000] {dag.py:3036} INFO - Sync 1 DAGs
[2025-11-28T07:05:11.295+0000] {logging_mixin.py:188} INFO - [2025-11-28T07:05:11.295+0000] {dag.py:3823} INFO - Setting next_dagrun for example_local_kubernetes_executor to None, run_after=None
[2025-11-28T07:05:11.314+0000] {processor.py:183} INFO - Processing /home/airflow/.local/lib/python3.8/site-packages/airflow/example_dags/example_local_kubernetes_executor.py took 0.081 seconds
[2025-11-28T07:05:41.845+0000] {processor.py:161} INFO - Started process (PID=1523) to work on /home/airflow/.local/lib/python3.8/site-packages/airflow/example_dags/example_local_kubernetes_executor.py
[2025-11-28T07:05:41.847+0000] {processor.py:830} INFO - Processing file /home/airflow/.local/lib/python3.8/site-packages/airflow/example_dags/example_local_kubernetes_executor.py for tasks to queue
[2025-11-28T07:05:41.850+0000] {logging_mixin.py:188} INFO - [2025-11-28T07:05:41.850+0000] {dagbag.py:538} INFO - Filling up the DagBag from /home/airflow/.local/lib/python3.8/site-packages/airflow/example_dags/example_local_kubernetes_executor.py
[2025-11-28T07:05:41.859+0000] {processor.py:840} INFO - DAG(s) 'example_local_kubernetes_executor' retrieved from /home/airflow/.local/lib/python3.8/site-packages/airflow/example_dags/example_local_kubernetes_executor.py
[2025-11-28T07:05:41.896+0000] {logging_mixin.py:188} INFO - [2025-11-28T07:05:41.896+0000] {dag.py:3036} INFO - Sync 1 DAGs
[2025-11-28T07:05:41.906+0000] {logging_mixin.py:188} INFO - [2025-11-28T07:05:41.905+0000] {dag.py:3823} INFO - Setting next_dagrun for example_local_kubernetes_executor to None, run_after=None
[2025-11-28T07:05:41.922+0000] {processor.py:183} INFO - Processing /home/airflow/.local/lib/python3.8/site-packages/airflow/example_dags/example_local_kubernetes_executor.py took 0.081 seconds
[2025-11-28T07:06:12.790+0000] {processor.py:161} INFO - Started process (PID=1578) to work on /home/airflow/.local/lib/python3.8/site-packages/airflow/example_dags/example_local_kubernetes_executor.py
[2025-11-28T07:06:12.792+0000] {processor.py:830} INFO - Processing file /home/airflow/.local/lib/python3.8/site-packages/airflow/example_dags/example_local_kubernetes_executor.py for tasks to queue
[2025-11-28T07:06:12.795+0000] {logging_mixin.py:188} INFO - [2025-11-28T07:06:12.795+0000] {dagbag.py:538} INFO - Filling up the DagBag from /home/airflow/.local/lib/python3.8/site-packages/airflow/example_dags/example_local_kubernetes_executor.py
[2025-11-28T07:06:12.804+0000] {processor.py:840} INFO - DAG(s) 'example_local_kubernetes_executor' retrieved from /home/airflow/.local/lib/python3.8/site-packages/airflow/example_dags/example_local_kubernetes_executor.py
[2025-11-28T07:06:12.834+0000] {logging_mixin.py:188} INFO - [2025-11-28T07:06:12.834+0000] {dag.py:3036} INFO - Sync 1 DAGs
[2025-11-28T07:06:12.845+0000] {logging_mixin.py:188} INFO - [2025-11-28T07:06:12.845+0000] {dag.py:3823} INFO - Setting next_dagrun for example_local_kubernetes_executor to None, run_after=None
[2025-11-28T07:06:12.864+0000] {processor.py:183} INFO - Processing /home/airflow/.local/lib/python3.8/site-packages/airflow/example_dags/example_local_kubernetes_executor.py took 0.078 seconds
[2025-11-28T07:06:43.242+0000] {processor.py:161} INFO - Started process (PID=1633) to work on /home/airflow/.local/lib/python3.8/site-packages/airflow/example_dags/example_local_kubernetes_executor.py
[2025-11-28T07:06:43.244+0000] {processor.py:830} INFO - Processing file /home/airflow/.local/lib/python3.8/site-packages/airflow/example_dags/example_local_kubernetes_executor.py for tasks to queue
[2025-11-28T07:06:43.246+0000] {logging_mixin.py:188} INFO - [2025-11-28T07:06:43.246+0000] {dagbag.py:538} INFO - Filling up the DagBag from /home/airflow/.local/lib/python3.8/site-packages/airflow/example_dags/example_local_kubernetes_executor.py
[2025-11-28T07:06:43.254+0000] {processor.py:840} INFO - DAG(s) 'example_local_kubernetes_executor' retrieved from /home/airflow/.local/lib/python3.8/site-packages/airflow/example_dags/example_local_kubernetes_executor.py
[2025-11-28T07:06:43.282+0000] {logging_mixin.py:188} INFO - [2025-11-28T07:06:43.282+0000] {dag.py:3036} INFO - Sync 1 DAGs
[2025-11-28T07:06:43.292+0000] {logging_mixin.py:188} INFO - [2025-11-28T07:06:43.292+0000] {dag.py:3823} INFO - Setting next_dagrun for example_local_kubernetes_executor to None, run_after=None
[2025-11-28T07:06:43.306+0000] {processor.py:183} INFO - Processing /home/airflow/.local/lib/python3.8/site-packages/airflow/example_dags/example_local_kubernetes_executor.py took 0.066 seconds
[2025-11-28T07:07:13.493+0000] {processor.py:161} INFO - Started process (PID=1688) to work on /home/airflow/.local/lib/python3.8/site-packages/airflow/example_dags/example_local_kubernetes_executor.py
[2025-11-28T07:07:13.495+0000] {processor.py:830} INFO - Processing file /home/airflow/.local/lib/python3.8/site-packages/airflow/example_dags/example_local_kubernetes_executor.py for tasks to queue
[2025-11-28T07:07:13.502+0000] {logging_mixin.py:188} INFO - [2025-11-28T07:07:13.501+0000] {dagbag.py:538} INFO - Filling up the DagBag from /home/airflow/.local/lib/python3.8/site-packages/airflow/example_dags/example_local_kubernetes_executor.py
[2025-11-28T07:07:13.518+0000] {processor.py:840} INFO - DAG(s) 'example_local_kubernetes_executor' retrieved from /home/airflow/.local/lib/python3.8/site-packages/airflow/example_dags/example_local_kubernetes_executor.py
[2025-11-28T07:07:13.571+0000] {logging_mixin.py:188} INFO - [2025-11-28T07:07:13.571+0000] {dag.py:3036} INFO - Sync 1 DAGs
[2025-11-28T07:07:13.582+0000] {logging_mixin.py:188} INFO - [2025-11-28T07:07:13.582+0000] {dag.py:3823} INFO - Setting next_dagrun for example_local_kubernetes_executor to None, run_after=None
[2025-11-28T07:07:13.603+0000] {processor.py:183} INFO - Processing /home/airflow/.local/lib/python3.8/site-packages/airflow/example_dags/example_local_kubernetes_executor.py took 0.117 seconds
[2025-11-28T07:07:44.090+0000] {processor.py:161} INFO - Started process (PID=1743) to work on /home/airflow/.local/lib/python3.8/site-packages/airflow/example_dags/example_local_kubernetes_executor.py
[2025-11-28T07:07:44.092+0000] {processor.py:830} INFO - Processing file /home/airflow/.local/lib/python3.8/site-packages/airflow/example_dags/example_local_kubernetes_executor.py for tasks to queue
[2025-11-28T07:07:44.093+0000] {logging_mixin.py:188} INFO - [2025-11-28T07:07:44.093+0000] {dagbag.py:538} INFO - Filling up the DagBag from /home/airflow/.local/lib/python3.8/site-packages/airflow/example_dags/example_local_kubernetes_executor.py
[2025-11-28T07:07:44.102+0000] {processor.py:840} INFO - DAG(s) 'example_local_kubernetes_executor' retrieved from /home/airflow/.local/lib/python3.8/site-packages/airflow/example_dags/example_local_kubernetes_executor.py
[2025-11-28T07:07:44.142+0000] {logging_mixin.py:188} INFO - [2025-11-28T07:07:44.142+0000] {dag.py:3036} INFO - Sync 1 DAGs
[2025-11-28T07:07:44.156+0000] {logging_mixin.py:188} INFO - [2025-11-28T07:07:44.155+0000] {dag.py:3823} INFO - Setting next_dagrun for example_local_kubernetes_executor to None, run_after=None
[2025-11-28T07:07:44.175+0000] {processor.py:183} INFO - Processing /home/airflow/.local/lib/python3.8/site-packages/airflow/example_dags/example_local_kubernetes_executor.py took 0.089 seconds
[2025-11-28T07:08:14.524+0000] {processor.py:161} INFO - Started process (PID=1798) to work on /home/airflow/.local/lib/python3.8/site-packages/airflow/example_dags/example_local_kubernetes_executor.py
[2025-11-28T07:08:14.528+0000] {processor.py:830} INFO - Processing file /home/airflow/.local/lib/python3.8/site-packages/airflow/example_dags/example_local_kubernetes_executor.py for tasks to queue
[2025-11-28T07:08:14.534+0000] {logging_mixin.py:188} INFO - [2025-11-28T07:08:14.533+0000] {dagbag.py:538} INFO - Filling up the DagBag from /home/airflow/.local/lib/python3.8/site-packages/airflow/example_dags/example_local_kubernetes_executor.py
[2025-11-28T07:08:14.555+0000] {processor.py:840} INFO - DAG(s) 'example_local_kubernetes_executor' retrieved from /home/airflow/.local/lib/python3.8/site-packages/airflow/example_dags/example_local_kubernetes_executor.py
[2025-11-28T07:08:14.643+0000] {logging_mixin.py:188} INFO - [2025-11-28T07:08:14.643+0000] {dag.py:3036} INFO - Sync 1 DAGs
[2025-11-28T07:08:14.657+0000] {logging_mixin.py:188} INFO - [2025-11-28T07:08:14.657+0000] {dag.py:3823} INFO - Setting next_dagrun for example_local_kubernetes_executor to None, run_after=None
[2025-11-28T07:08:14.680+0000] {processor.py:183} INFO - Processing /home/airflow/.local/lib/python3.8/site-packages/airflow/example_dags/example_local_kubernetes_executor.py took 0.164 seconds
[2025-11-28T07:08:45.493+0000] {processor.py:161} INFO - Started process (PID=1853) to work on /home/airflow/.local/lib/python3.8/site-packages/airflow/example_dags/example_local_kubernetes_executor.py
[2025-11-28T07:08:45.496+0000] {processor.py:830} INFO - Processing file /home/airflow/.local/lib/python3.8/site-packages/airflow/example_dags/example_local_kubernetes_executor.py for tasks to queue
[2025-11-28T07:08:45.500+0000] {logging_mixin.py:188} INFO - [2025-11-28T07:08:45.499+0000] {dagbag.py:538} INFO - Filling up the DagBag from /home/airflow/.local/lib/python3.8/site-packages/airflow/example_dags/example_local_kubernetes_executor.py
[2025-11-28T07:08:45.511+0000] {processor.py:840} INFO - DAG(s) 'example_local_kubernetes_executor' retrieved from /home/airflow/.local/lib/python3.8/site-packages/airflow/example_dags/example_local_kubernetes_executor.py
[2025-11-28T07:08:45.560+0000] {logging_mixin.py:188} INFO - [2025-11-28T07:08:45.560+0000] {dag.py:3036} INFO - Sync 1 DAGs
[2025-11-28T07:08:45.570+0000] {logging_mixin.py:188} INFO - [2025-11-28T07:08:45.570+0000] {dag.py:3823} INFO - Setting next_dagrun for example_local_kubernetes_executor to None, run_after=None
[2025-11-28T07:08:45.590+0000] {processor.py:183} INFO - Processing /home/airflow/.local/lib/python3.8/site-packages/airflow/example_dags/example_local_kubernetes_executor.py took 0.103 seconds
[2025-11-28T07:09:16.304+0000] {processor.py:161} INFO - Started process (PID=1908) to work on /home/airflow/.local/lib/python3.8/site-packages/airflow/example_dags/example_local_kubernetes_executor.py
[2025-11-28T07:09:16.306+0000] {processor.py:830} INFO - Processing file /home/airflow/.local/lib/python3.8/site-packages/airflow/example_dags/example_local_kubernetes_executor.py for tasks to queue
[2025-11-28T07:09:16.312+0000] {logging_mixin.py:188} INFO - [2025-11-28T07:09:16.311+0000] {dagbag.py:538} INFO - Filling up the DagBag from /home/airflow/.local/lib/python3.8/site-packages/airflow/example_dags/example_local_kubernetes_executor.py
[2025-11-28T07:09:16.326+0000] {processor.py:840} INFO - DAG(s) 'example_local_kubernetes_executor' retrieved from /home/airflow/.local/lib/python3.8/site-packages/airflow/example_dags/example_local_kubernetes_executor.py
[2025-11-28T07:09:16.366+0000] {logging_mixin.py:188} INFO - [2025-11-28T07:09:16.365+0000] {dag.py:3036} INFO - Sync 1 DAGs
[2025-11-28T07:09:16.384+0000] {logging_mixin.py:188} INFO - [2025-11-28T07:09:16.384+0000] {dag.py:3823} INFO - Setting next_dagrun for example_local_kubernetes_executor to None, run_after=None
[2025-11-28T07:09:16.422+0000] {processor.py:183} INFO - Processing /home/airflow/.local/lib/python3.8/site-packages/airflow/example_dags/example_local_kubernetes_executor.py took 0.125 seconds
[2025-11-28T07:09:46.618+0000] {processor.py:161} INFO - Started process (PID=1962) to work on /home/airflow/.local/lib/python3.8/site-packages/airflow/example_dags/example_local_kubernetes_executor.py
[2025-11-28T07:09:46.619+0000] {processor.py:830} INFO - Processing file /home/airflow/.local/lib/python3.8/site-packages/airflow/example_dags/example_local_kubernetes_executor.py for tasks to queue
[2025-11-28T07:09:46.621+0000] {logging_mixin.py:188} INFO - [2025-11-28T07:09:46.621+0000] {dagbag.py:538} INFO - Filling up the DagBag from /home/airflow/.local/lib/python3.8/site-packages/airflow/example_dags/example_local_kubernetes_executor.py
[2025-11-28T07:09:46.628+0000] {processor.py:840} INFO - DAG(s) 'example_local_kubernetes_executor' retrieved from /home/airflow/.local/lib/python3.8/site-packages/airflow/example_dags/example_local_kubernetes_executor.py
[2025-11-28T07:09:46.659+0000] {logging_mixin.py:188} INFO - [2025-11-28T07:09:46.659+0000] {dag.py:3036} INFO - Sync 1 DAGs
[2025-11-28T07:09:46.670+0000] {logging_mixin.py:188} INFO - [2025-11-28T07:09:46.669+0000] {dag.py:3823} INFO - Setting next_dagrun for example_local_kubernetes_executor to None, run_after=None
[2025-11-28T07:09:46.691+0000] {processor.py:183} INFO - Processing /home/airflow/.local/lib/python3.8/site-packages/airflow/example_dags/example_local_kubernetes_executor.py took 0.076 seconds
[2025-11-28T07:10:17.300+0000] {processor.py:161} INFO - Started process (PID=2017) to work on /home/airflow/.local/lib/python3.8/site-packages/airflow/example_dags/example_local_kubernetes_executor.py
[2025-11-28T07:10:17.301+0000] {processor.py:830} INFO - Processing file /home/airflow/.local/lib/python3.8/site-packages/airflow/example_dags/example_local_kubernetes_executor.py for tasks to queue
[2025-11-28T07:10:17.304+0000] {logging_mixin.py:188} INFO - [2025-11-28T07:10:17.303+0000] {dagbag.py:538} INFO - Filling up the DagBag from /home/airflow/.local/lib/python3.8/site-packages/airflow/example_dags/example_local_kubernetes_executor.py
[2025-11-28T07:10:17.317+0000] {processor.py:840} INFO - DAG(s) 'example_local_kubernetes_executor' retrieved from /home/airflow/.local/lib/python3.8/site-packages/airflow/example_dags/example_local_kubernetes_executor.py
[2025-11-28T07:10:17.355+0000] {logging_mixin.py:188} INFO - [2025-11-28T07:10:17.355+0000] {dag.py:3036} INFO - Sync 1 DAGs
[2025-11-28T07:10:17.370+0000] {logging_mixin.py:188} INFO - [2025-11-28T07:10:17.370+0000] {dag.py:3823} INFO - Setting next_dagrun for example_local_kubernetes_executor to None, run_after=None
[2025-11-28T07:10:17.393+0000] {processor.py:183} INFO - Processing /home/airflow/.local/lib/python3.8/site-packages/airflow/example_dags/example_local_kubernetes_executor.py took 0.097 seconds
[2025-11-28T07:10:47.504+0000] {processor.py:161} INFO - Started process (PID=2072) to work on /home/airflow/.local/lib/python3.8/site-packages/airflow/example_dags/example_local_kubernetes_executor.py
[2025-11-28T07:10:47.505+0000] {processor.py:830} INFO - Processing file /home/airflow/.local/lib/python3.8/site-packages/airflow/example_dags/example_local_kubernetes_executor.py for tasks to queue
[2025-11-28T07:10:47.508+0000] {logging_mixin.py:188} INFO - [2025-11-28T07:10:47.508+0000] {dagbag.py:538} INFO - Filling up the DagBag from /home/airflow/.local/lib/python3.8/site-packages/airflow/example_dags/example_local_kubernetes_executor.py
[2025-11-28T07:10:47.527+0000] {processor.py:840} INFO - DAG(s) 'example_local_kubernetes_executor' retrieved from /home/airflow/.local/lib/python3.8/site-packages/airflow/example_dags/example_local_kubernetes_executor.py
[2025-11-28T07:10:47.568+0000] {logging_mixin.py:188} INFO - [2025-11-28T07:10:47.568+0000] {dag.py:3036} INFO - Sync 1 DAGs
[2025-11-28T07:10:47.580+0000] {logging_mixin.py:188} INFO - [2025-11-28T07:10:47.580+0000] {dag.py:3823} INFO - Setting next_dagrun for example_local_kubernetes_executor to None, run_after=None
[2025-11-28T07:10:47.603+0000] {processor.py:183} INFO - Processing /home/airflow/.local/lib/python3.8/site-packages/airflow/example_dags/example_local_kubernetes_executor.py took 0.111 seconds
[2025-11-28T07:11:17.758+0000] {processor.py:161} INFO - Started process (PID=2127) to work on /home/airflow/.local/lib/python3.8/site-packages/airflow/example_dags/example_local_kubernetes_executor.py
[2025-11-28T07:11:17.759+0000] {processor.py:830} INFO - Processing file /home/airflow/.local/lib/python3.8/site-packages/airflow/example_dags/example_local_kubernetes_executor.py for tasks to queue
[2025-11-28T07:11:17.763+0000] {logging_mixin.py:188} INFO - [2025-11-28T07:11:17.762+0000] {dagbag.py:538} INFO - Filling up the DagBag from /home/airflow/.local/lib/python3.8/site-packages/airflow/example_dags/example_local_kubernetes_executor.py
[2025-11-28T07:11:17.770+0000] {processor.py:840} INFO - DAG(s) 'example_local_kubernetes_executor' retrieved from /home/airflow/.local/lib/python3.8/site-packages/airflow/example_dags/example_local_kubernetes_executor.py
[2025-11-28T07:11:17.799+0000] {logging_mixin.py:188} INFO - [2025-11-28T07:11:17.798+0000] {dag.py:3036} INFO - Sync 1 DAGs
[2025-11-28T07:11:17.813+0000] {logging_mixin.py:188} INFO - [2025-11-28T07:11:17.813+0000] {dag.py:3823} INFO - Setting next_dagrun for example_local_kubernetes_executor to None, run_after=None
[2025-11-28T07:11:17.832+0000] {processor.py:183} INFO - Processing /home/airflow/.local/lib/python3.8/site-packages/airflow/example_dags/example_local_kubernetes_executor.py took 0.077 seconds
[2025-11-28T07:11:48.091+0000] {processor.py:161} INFO - Started process (PID=2182) to work on /home/airflow/.local/lib/python3.8/site-packages/airflow/example_dags/example_local_kubernetes_executor.py
[2025-11-28T07:11:48.093+0000] {processor.py:830} INFO - Processing file /home/airflow/.local/lib/python3.8/site-packages/airflow/example_dags/example_local_kubernetes_executor.py for tasks to queue
[2025-11-28T07:11:48.096+0000] {logging_mixin.py:188} INFO - [2025-11-28T07:11:48.096+0000] {dagbag.py:538} INFO - Filling up the DagBag from /home/airflow/.local/lib/python3.8/site-packages/airflow/example_dags/example_local_kubernetes_executor.py
[2025-11-28T07:11:48.107+0000] {processor.py:840} INFO - DAG(s) 'example_local_kubernetes_executor' retrieved from /home/airflow/.local/lib/python3.8/site-packages/airflow/example_dags/example_local_kubernetes_executor.py
[2025-11-28T07:11:48.153+0000] {logging_mixin.py:188} INFO - [2025-11-28T07:11:48.153+0000] {dag.py:3036} INFO - Sync 1 DAGs
[2025-11-28T07:11:48.168+0000] {logging_mixin.py:188} INFO - [2025-11-28T07:11:48.167+0000] {dag.py:3823} INFO - Setting next_dagrun for example_local_kubernetes_executor to None, run_after=None
[2025-11-28T07:11:48.193+0000] {processor.py:183} INFO - Processing /home/airflow/.local/lib/python3.8/site-packages/airflow/example_dags/example_local_kubernetes_executor.py took 0.106 seconds
[2025-11-28T07:12:18.686+0000] {processor.py:161} INFO - Started process (PID=2237) to work on /home/airflow/.local/lib/python3.8/site-packages/airflow/example_dags/example_local_kubernetes_executor.py
[2025-11-28T07:12:18.688+0000] {processor.py:830} INFO - Processing file /home/airflow/.local/lib/python3.8/site-packages/airflow/example_dags/example_local_kubernetes_executor.py for tasks to queue
[2025-11-28T07:12:18.692+0000] {logging_mixin.py:188} INFO - [2025-11-28T07:12:18.691+0000] {dagbag.py:538} INFO - Filling up the DagBag from /home/airflow/.local/lib/python3.8/site-packages/airflow/example_dags/example_local_kubernetes_executor.py
[2025-11-28T07:12:18.704+0000] {processor.py:840} INFO - DAG(s) 'example_local_kubernetes_executor' retrieved from /home/airflow/.local/lib/python3.8/site-packages/airflow/example_dags/example_local_kubernetes_executor.py
[2025-11-28T07:12:18.743+0000] {logging_mixin.py:188} INFO - [2025-11-28T07:12:18.743+0000] {dag.py:3036} INFO - Sync 1 DAGs
[2025-11-28T07:12:18.752+0000] {logging_mixin.py:188} INFO - [2025-11-28T07:12:18.752+0000] {dag.py:3823} INFO - Setting next_dagrun for example_local_kubernetes_executor to None, run_after=None
[2025-11-28T07:12:18.772+0000] {processor.py:183} INFO - Processing /home/airflow/.local/lib/python3.8/site-packages/airflow/example_dags/example_local_kubernetes_executor.py took 0.090 seconds
[2025-11-28T07:12:49.258+0000] {processor.py:161} INFO - Started process (PID=2292) to work on /home/airflow/.local/lib/python3.8/site-packages/airflow/example_dags/example_local_kubernetes_executor.py
[2025-11-28T07:12:49.260+0000] {processor.py:830} INFO - Processing file /home/airflow/.local/lib/python3.8/site-packages/airflow/example_dags/example_local_kubernetes_executor.py for tasks to queue
[2025-11-28T07:12:49.262+0000] {logging_mixin.py:188} INFO - [2025-11-28T07:12:49.261+0000] {dagbag.py:538} INFO - Filling up the DagBag from /home/airflow/.local/lib/python3.8/site-packages/airflow/example_dags/example_local_kubernetes_executor.py
[2025-11-28T07:12:49.273+0000] {processor.py:840} INFO - DAG(s) 'example_local_kubernetes_executor' retrieved from /home/airflow/.local/lib/python3.8/site-packages/airflow/example_dags/example_local_kubernetes_executor.py
[2025-11-28T07:12:49.309+0000] {logging_mixin.py:188} INFO - [2025-11-28T07:12:49.308+0000] {dag.py:3036} INFO - Sync 1 DAGs
[2025-11-28T07:12:49.322+0000] {logging_mixin.py:188} INFO - [2025-11-28T07:12:49.322+0000] {dag.py:3823} INFO - Setting next_dagrun for example_local_kubernetes_executor to None, run_after=None
[2025-11-28T07:12:49.341+0000] {processor.py:183} INFO - Processing /home/airflow/.local/lib/python3.8/site-packages/airflow/example_dags/example_local_kubernetes_executor.py took 0.087 seconds
[2025-11-28T07:13:20.109+0000] {processor.py:161} INFO - Started process (PID=2347) to work on /home/airflow/.local/lib/python3.8/site-packages/airflow/example_dags/example_local_kubernetes_executor.py
[2025-11-28T07:13:20.110+0000] {processor.py:830} INFO - Processing file /home/airflow/.local/lib/python3.8/site-packages/airflow/example_dags/example_local_kubernetes_executor.py for tasks to queue
[2025-11-28T07:13:20.112+0000] {logging_mixin.py:188} INFO - [2025-11-28T07:13:20.112+0000] {dagbag.py:538} INFO - Filling up the DagBag from /home/airflow/.local/lib/python3.8/site-packages/airflow/example_dags/example_local_kubernetes_executor.py
[2025-11-28T07:13:20.118+0000] {processor.py:840} INFO - DAG(s) 'example_local_kubernetes_executor' retrieved from /home/airflow/.local/lib/python3.8/site-packages/airflow/example_dags/example_local_kubernetes_executor.py
[2025-11-28T07:13:20.151+0000] {logging_mixin.py:188} INFO - [2025-11-28T07:13:20.151+0000] {dag.py:3036} INFO - Sync 1 DAGs
[2025-11-28T07:13:20.163+0000] {logging_mixin.py:188} INFO - [2025-11-28T07:13:20.163+0000] {dag.py:3823} INFO - Setting next_dagrun for example_local_kubernetes_executor to None, run_after=None
[2025-11-28T07:13:20.185+0000] {processor.py:183} INFO - Processing /home/airflow/.local/lib/python3.8/site-packages/airflow/example_dags/example_local_kubernetes_executor.py took 0.079 seconds
[2025-11-28T07:13:50.671+0000] {processor.py:161} INFO - Started process (PID=2402) to work on /home/airflow/.local/lib/python3.8/site-packages/airflow/example_dags/example_local_kubernetes_executor.py
[2025-11-28T07:13:50.676+0000] {processor.py:830} INFO - Processing file /home/airflow/.local/lib/python3.8/site-packages/airflow/example_dags/example_local_kubernetes_executor.py for tasks to queue
[2025-11-28T07:13:50.679+0000] {logging_mixin.py:188} INFO - [2025-11-28T07:13:50.679+0000] {dagbag.py:538} INFO - Filling up the DagBag from /home/airflow/.local/lib/python3.8/site-packages/airflow/example_dags/example_local_kubernetes_executor.py
[2025-11-28T07:13:50.695+0000] {processor.py:840} INFO - DAG(s) 'example_local_kubernetes_executor' retrieved from /home/airflow/.local/lib/python3.8/site-packages/airflow/example_dags/example_local_kubernetes_executor.py
[2025-11-28T07:13:50.747+0000] {logging_mixin.py:188} INFO - [2025-11-28T07:13:50.747+0000] {dag.py:3036} INFO - Sync 1 DAGs
[2025-11-28T07:13:50.758+0000] {logging_mixin.py:188} INFO - [2025-11-28T07:13:50.757+0000] {dag.py:3823} INFO - Setting next_dagrun for example_local_kubernetes_executor to None, run_after=None
[2025-11-28T07:13:50.791+0000] {processor.py:183} INFO - Processing /home/airflow/.local/lib/python3.8/site-packages/airflow/example_dags/example_local_kubernetes_executor.py took 0.124 seconds
[2025-11-28T07:14:21.131+0000] {processor.py:161} INFO - Started process (PID=2458) to work on /home/airflow/.local/lib/python3.8/site-packages/airflow/example_dags/example_local_kubernetes_executor.py
[2025-11-28T07:14:21.133+0000] {processor.py:830} INFO - Processing file /home/airflow/.local/lib/python3.8/site-packages/airflow/example_dags/example_local_kubernetes_executor.py for tasks to queue
[2025-11-28T07:14:21.135+0000] {logging_mixin.py:188} INFO - [2025-11-28T07:14:21.135+0000] {dagbag.py:538} INFO - Filling up the DagBag from /home/airflow/.local/lib/python3.8/site-packages/airflow/example_dags/example_local_kubernetes_executor.py
[2025-11-28T07:14:21.144+0000] {processor.py:840} INFO - DAG(s) 'example_local_kubernetes_executor' retrieved from /home/airflow/.local/lib/python3.8/site-packages/airflow/example_dags/example_local_kubernetes_executor.py
[2025-11-28T07:14:21.191+0000] {logging_mixin.py:188} INFO - [2025-11-28T07:14:21.191+0000] {dag.py:3036} INFO - Sync 1 DAGs
[2025-11-28T07:14:21.202+0000] {logging_mixin.py:188} INFO - [2025-11-28T07:14:21.202+0000] {dag.py:3823} INFO - Setting next_dagrun for example_local_kubernetes_executor to None, run_after=None
[2025-11-28T07:14:21.223+0000] {processor.py:183} INFO - Processing /home/airflow/.local/lib/python3.8/site-packages/airflow/example_dags/example_local_kubernetes_executor.py took 0.095 seconds
[2025-11-28T07:14:51.346+0000] {processor.py:161} INFO - Started process (PID=2513) to work on /home/airflow/.local/lib/python3.8/site-packages/airflow/example_dags/example_local_kubernetes_executor.py
[2025-11-28T07:14:51.347+0000] {processor.py:830} INFO - Processing file /home/airflow/.local/lib/python3.8/site-packages/airflow/example_dags/example_local_kubernetes_executor.py for tasks to queue
[2025-11-28T07:14:51.350+0000] {logging_mixin.py:188} INFO - [2025-11-28T07:14:51.349+0000] {dagbag.py:538} INFO - Filling up the DagBag from /home/airflow/.local/lib/python3.8/site-packages/airflow/example_dags/example_local_kubernetes_executor.py
[2025-11-28T07:14:51.359+0000] {processor.py:840} INFO - DAG(s) 'example_local_kubernetes_executor' retrieved from /home/airflow/.local/lib/python3.8/site-packages/airflow/example_dags/example_local_kubernetes_executor.py
[2025-11-28T07:14:51.398+0000] {logging_mixin.py:188} INFO - [2025-11-28T07:14:51.398+0000] {dag.py:3036} INFO - Sync 1 DAGs
[2025-11-28T07:14:51.410+0000] {logging_mixin.py:188} INFO - [2025-11-28T07:14:51.410+0000] {dag.py:3823} INFO - Setting next_dagrun for example_local_kubernetes_executor to None, run_after=None
[2025-11-28T07:14:51.429+0000] {processor.py:183} INFO - Processing /home/airflow/.local/lib/python3.8/site-packages/airflow/example_dags/example_local_kubernetes_executor.py took 0.088 seconds
[2025-11-28T07:15:22.172+0000] {processor.py:161} INFO - Started process (PID=2568) to work on /home/airflow/.local/lib/python3.8/site-packages/airflow/example_dags/example_local_kubernetes_executor.py
[2025-11-28T07:15:22.175+0000] {processor.py:830} INFO - Processing file /home/airflow/.local/lib/python3.8/site-packages/airflow/example_dags/example_local_kubernetes_executor.py for tasks to queue
[2025-11-28T07:15:22.178+0000] {logging_mixin.py:188} INFO - [2025-11-28T07:15:22.178+0000] {dagbag.py:538} INFO - Filling up the DagBag from /home/airflow/.local/lib/python3.8/site-packages/airflow/example_dags/example_local_kubernetes_executor.py
[2025-11-28T07:15:22.197+0000] {processor.py:840} INFO - DAG(s) 'example_local_kubernetes_executor' retrieved from /home/airflow/.local/lib/python3.8/site-packages/airflow/example_dags/example_local_kubernetes_executor.py
[2025-11-28T07:15:22.245+0000] {logging_mixin.py:188} INFO - [2025-11-28T07:15:22.244+0000] {dag.py:3036} INFO - Sync 1 DAGs
[2025-11-28T07:15:22.385+0000] {logging_mixin.py:188} INFO - [2025-11-28T07:15:22.385+0000] {dag.py:3823} INFO - Setting next_dagrun for example_local_kubernetes_executor to None, run_after=None
[2025-11-28T07:15:22.413+0000] {processor.py:183} INFO - Processing /home/airflow/.local/lib/python3.8/site-packages/airflow/example_dags/example_local_kubernetes_executor.py took 0.245 seconds
[2025-11-28T07:15:52.720+0000] {processor.py:161} INFO - Started process (PID=2623) to work on /home/airflow/.local/lib/python3.8/site-packages/airflow/example_dags/example_local_kubernetes_executor.py
[2025-11-28T07:15:52.721+0000] {processor.py:830} INFO - Processing file /home/airflow/.local/lib/python3.8/site-packages/airflow/example_dags/example_local_kubernetes_executor.py for tasks to queue
[2025-11-28T07:15:52.722+0000] {logging_mixin.py:188} INFO - [2025-11-28T07:15:52.722+0000] {dagbag.py:538} INFO - Filling up the DagBag from /home/airflow/.local/lib/python3.8/site-packages/airflow/example_dags/example_local_kubernetes_executor.py
[2025-11-28T07:15:52.729+0000] {processor.py:840} INFO - DAG(s) 'example_local_kubernetes_executor' retrieved from /home/airflow/.local/lib/python3.8/site-packages/airflow/example_dags/example_local_kubernetes_executor.py
[2025-11-28T07:15:52.761+0000] {logging_mixin.py:188} INFO - [2025-11-28T07:15:52.760+0000] {dag.py:3036} INFO - Sync 1 DAGs
[2025-11-28T07:15:52.944+0000] {logging_mixin.py:188} INFO - [2025-11-28T07:15:52.944+0000] {dag.py:3823} INFO - Setting next_dagrun for example_local_kubernetes_executor to None, run_after=None
[2025-11-28T07:15:52.969+0000] {processor.py:183} INFO - Processing /home/airflow/.local/lib/python3.8/site-packages/airflow/example_dags/example_local_kubernetes_executor.py took 0.252 seconds
[2025-11-28T07:16:23.235+0000] {processor.py:161} INFO - Started process (PID=2678) to work on /home/airflow/.local/lib/python3.8/site-packages/airflow/example_dags/example_local_kubernetes_executor.py
[2025-11-28T07:16:23.236+0000] {processor.py:830} INFO - Processing file /home/airflow/.local/lib/python3.8/site-packages/airflow/example_dags/example_local_kubernetes_executor.py for tasks to queue
[2025-11-28T07:16:23.239+0000] {logging_mixin.py:188} INFO - [2025-11-28T07:16:23.238+0000] {dagbag.py:538} INFO - Filling up the DagBag from /home/airflow/.local/lib/python3.8/site-packages/airflow/example_dags/example_local_kubernetes_executor.py
[2025-11-28T07:16:23.244+0000] {processor.py:840} INFO - DAG(s) 'example_local_kubernetes_executor' retrieved from /home/airflow/.local/lib/python3.8/site-packages/airflow/example_dags/example_local_kubernetes_executor.py
[2025-11-28T07:16:23.271+0000] {logging_mixin.py:188} INFO - [2025-11-28T07:16:23.271+0000] {dag.py:3036} INFO - Sync 1 DAGs
[2025-11-28T07:16:23.444+0000] {logging_mixin.py:188} INFO - [2025-11-28T07:16:23.443+0000] {dag.py:3823} INFO - Setting next_dagrun for example_local_kubernetes_executor to None, run_after=None
[2025-11-28T07:16:23.467+0000] {processor.py:183} INFO - Processing /home/airflow/.local/lib/python3.8/site-packages/airflow/example_dags/example_local_kubernetes_executor.py took 0.236 seconds
[2025-11-28T07:16:53.941+0000] {processor.py:161} INFO - Started process (PID=2733) to work on /home/airflow/.local/lib/python3.8/site-packages/airflow/example_dags/example_local_kubernetes_executor.py
[2025-11-28T07:16:53.942+0000] {processor.py:830} INFO - Processing file /home/airflow/.local/lib/python3.8/site-packages/airflow/example_dags/example_local_kubernetes_executor.py for tasks to queue
[2025-11-28T07:16:53.944+0000] {logging_mixin.py:188} INFO - [2025-11-28T07:16:53.943+0000] {dagbag.py:538} INFO - Filling up the DagBag from /home/airflow/.local/lib/python3.8/site-packages/airflow/example_dags/example_local_kubernetes_executor.py
[2025-11-28T07:16:53.952+0000] {processor.py:840} INFO - DAG(s) 'example_local_kubernetes_executor' retrieved from /home/airflow/.local/lib/python3.8/site-packages/airflow/example_dags/example_local_kubernetes_executor.py
[2025-11-28T07:16:53.993+0000] {logging_mixin.py:188} INFO - [2025-11-28T07:16:53.993+0000] {dag.py:3036} INFO - Sync 1 DAGs
[2025-11-28T07:16:54.006+0000] {logging_mixin.py:188} INFO - [2025-11-28T07:16:54.005+0000] {dag.py:3823} INFO - Setting next_dagrun for example_local_kubernetes_executor to None, run_after=None
[2025-11-28T07:16:54.029+0000] {processor.py:183} INFO - Processing /home/airflow/.local/lib/python3.8/site-packages/airflow/example_dags/example_local_kubernetes_executor.py took 0.091 seconds
[2025-11-28T07:17:24.161+0000] {processor.py:161} INFO - Started process (PID=2788) to work on /home/airflow/.local/lib/python3.8/site-packages/airflow/example_dags/example_local_kubernetes_executor.py
[2025-11-28T07:17:24.162+0000] {processor.py:830} INFO - Processing file /home/airflow/.local/lib/python3.8/site-packages/airflow/example_dags/example_local_kubernetes_executor.py for tasks to queue
[2025-11-28T07:17:24.163+0000] {logging_mixin.py:188} INFO - [2025-11-28T07:17:24.163+0000] {dagbag.py:538} INFO - Filling up the DagBag from /home/airflow/.local/lib/python3.8/site-packages/airflow/example_dags/example_local_kubernetes_executor.py
[2025-11-28T07:17:24.170+0000] {processor.py:840} INFO - DAG(s) 'example_local_kubernetes_executor' retrieved from /home/airflow/.local/lib/python3.8/site-packages/airflow/example_dags/example_local_kubernetes_executor.py
[2025-11-28T07:17:24.211+0000] {logging_mixin.py:188} INFO - [2025-11-28T07:17:24.211+0000] {dag.py:3036} INFO - Sync 1 DAGs
[2025-11-28T07:17:24.225+0000] {logging_mixin.py:188} INFO - [2025-11-28T07:17:24.225+0000] {dag.py:3823} INFO - Setting next_dagrun for example_local_kubernetes_executor to None, run_after=None
[2025-11-28T07:17:24.243+0000] {processor.py:183} INFO - Processing /home/airflow/.local/lib/python3.8/site-packages/airflow/example_dags/example_local_kubernetes_executor.py took 0.085 seconds
[2025-11-28T07:17:54.969+0000] {processor.py:161} INFO - Started process (PID=2843) to work on /home/airflow/.local/lib/python3.8/site-packages/airflow/example_dags/example_local_kubernetes_executor.py
[2025-11-28T07:17:54.970+0000] {processor.py:830} INFO - Processing file /home/airflow/.local/lib/python3.8/site-packages/airflow/example_dags/example_local_kubernetes_executor.py for tasks to queue
[2025-11-28T07:17:54.973+0000] {logging_mixin.py:188} INFO - [2025-11-28T07:17:54.972+0000] {dagbag.py:538} INFO - Filling up the DagBag from /home/airflow/.local/lib/python3.8/site-packages/airflow/example_dags/example_local_kubernetes_executor.py
[2025-11-28T07:17:54.979+0000] {processor.py:840} INFO - DAG(s) 'example_local_kubernetes_executor' retrieved from /home/airflow/.local/lib/python3.8/site-packages/airflow/example_dags/example_local_kubernetes_executor.py
[2025-11-28T07:17:55.005+0000] {logging_mixin.py:188} INFO - [2025-11-28T07:17:55.005+0000] {dag.py:3036} INFO - Sync 1 DAGs
[2025-11-28T07:17:55.016+0000] {logging_mixin.py:188} INFO - [2025-11-28T07:17:55.015+0000] {dag.py:3823} INFO - Setting next_dagrun for example_local_kubernetes_executor to None, run_after=None
[2025-11-28T07:17:55.033+0000] {processor.py:183} INFO - Processing /home/airflow/.local/lib/python3.8/site-packages/airflow/example_dags/example_local_kubernetes_executor.py took 0.067 seconds
[2025-11-28T07:18:25.863+0000] {processor.py:161} INFO - Started process (PID=2898) to work on /home/airflow/.local/lib/python3.8/site-packages/airflow/example_dags/example_local_kubernetes_executor.py
[2025-11-28T07:18:25.864+0000] {processor.py:830} INFO - Processing file /home/airflow/.local/lib/python3.8/site-packages/airflow/example_dags/example_local_kubernetes_executor.py for tasks to queue
[2025-11-28T07:18:25.866+0000] {logging_mixin.py:188} INFO - [2025-11-28T07:18:25.866+0000] {dagbag.py:538} INFO - Filling up the DagBag from /home/airflow/.local/lib/python3.8/site-packages/airflow/example_dags/example_local_kubernetes_executor.py
[2025-11-28T07:18:25.872+0000] {processor.py:840} INFO - DAG(s) 'example_local_kubernetes_executor' retrieved from /home/airflow/.local/lib/python3.8/site-packages/airflow/example_dags/example_local_kubernetes_executor.py
[2025-11-28T07:18:25.907+0000] {logging_mixin.py:188} INFO - [2025-11-28T07:18:25.907+0000] {dag.py:3036} INFO - Sync 1 DAGs
[2025-11-28T07:18:25.919+0000] {logging_mixin.py:188} INFO - [2025-11-28T07:18:25.919+0000] {dag.py:3823} INFO - Setting next_dagrun for example_local_kubernetes_executor to None, run_after=None
[2025-11-28T07:18:25.937+0000] {processor.py:183} INFO - Processing /home/airflow/.local/lib/python3.8/site-packages/airflow/example_dags/example_local_kubernetes_executor.py took 0.077 seconds
[2025-11-28T07:18:56.305+0000] {processor.py:161} INFO - Started process (PID=2953) to work on /home/airflow/.local/lib/python3.8/site-packages/airflow/example_dags/example_local_kubernetes_executor.py
[2025-11-28T07:18:56.307+0000] {processor.py:830} INFO - Processing file /home/airflow/.local/lib/python3.8/site-packages/airflow/example_dags/example_local_kubernetes_executor.py for tasks to queue
[2025-11-28T07:18:56.309+0000] {logging_mixin.py:188} INFO - [2025-11-28T07:18:56.309+0000] {dagbag.py:538} INFO - Filling up the DagBag from /home/airflow/.local/lib/python3.8/site-packages/airflow/example_dags/example_local_kubernetes_executor.py
[2025-11-28T07:18:56.320+0000] {processor.py:840} INFO - DAG(s) 'example_local_kubernetes_executor' retrieved from /home/airflow/.local/lib/python3.8/site-packages/airflow/example_dags/example_local_kubernetes_executor.py
[2025-11-28T07:18:56.359+0000] {logging_mixin.py:188} INFO - [2025-11-28T07:18:56.359+0000] {dag.py:3036} INFO - Sync 1 DAGs
[2025-11-28T07:18:56.374+0000] {logging_mixin.py:188} INFO - [2025-11-28T07:18:56.374+0000] {dag.py:3823} INFO - Setting next_dagrun for example_local_kubernetes_executor to None, run_after=None
[2025-11-28T07:18:56.390+0000] {processor.py:183} INFO - Processing /home/airflow/.local/lib/python3.8/site-packages/airflow/example_dags/example_local_kubernetes_executor.py took 0.088 seconds
[2025-11-28T07:19:26.822+0000] {processor.py:161} INFO - Started process (PID=3007) to work on /home/airflow/.local/lib/python3.8/site-packages/airflow/example_dags/example_local_kubernetes_executor.py
[2025-11-28T07:19:26.824+0000] {processor.py:830} INFO - Processing file /home/airflow/.local/lib/python3.8/site-packages/airflow/example_dags/example_local_kubernetes_executor.py for tasks to queue
[2025-11-28T07:19:26.826+0000] {logging_mixin.py:188} INFO - [2025-11-28T07:19:26.826+0000] {dagbag.py:538} INFO - Filling up the DagBag from /home/airflow/.local/lib/python3.8/site-packages/airflow/example_dags/example_local_kubernetes_executor.py
[2025-11-28T07:19:26.835+0000] {processor.py:840} INFO - DAG(s) 'example_local_kubernetes_executor' retrieved from /home/airflow/.local/lib/python3.8/site-packages/airflow/example_dags/example_local_kubernetes_executor.py
[2025-11-28T07:19:26.886+0000] {logging_mixin.py:188} INFO - [2025-11-28T07:19:26.885+0000] {dag.py:3036} INFO - Sync 1 DAGs
[2025-11-28T07:19:26.905+0000] {logging_mixin.py:188} INFO - [2025-11-28T07:19:26.904+0000] {dag.py:3823} INFO - Setting next_dagrun for example_local_kubernetes_executor to None, run_after=None
[2025-11-28T07:19:26.932+0000] {processor.py:183} INFO - Processing /home/airflow/.local/lib/python3.8/site-packages/airflow/example_dags/example_local_kubernetes_executor.py took 0.113 seconds
