[2025-11-28T06:52:26.607+0000] {processor.py:161} INFO - Started process (PID=92) to work on /home/airflow/.local/lib/python3.8/site-packages/airflow/example_dags/example_branch_labels.py
[2025-11-28T06:52:26.609+0000] {processor.py:830} INFO - Processing file /home/airflow/.local/lib/python3.8/site-packages/airflow/example_dags/example_branch_labels.py for tasks to queue
[2025-11-28T06:52:26.611+0000] {logging_mixin.py:188} INFO - [2025-11-28T06:52:26.611+0000] {dagbag.py:538} INFO - Filling up the DagBag from /home/airflow/.local/lib/python3.8/site-packages/airflow/example_dags/example_branch_labels.py
[2025-11-28T06:52:26.625+0000] {processor.py:840} INFO - DAG(s) 'example_branch_labels' retrieved from /home/airflow/.local/lib/python3.8/site-packages/airflow/example_dags/example_branch_labels.py
[2025-11-28T06:52:26.730+0000] {logging_mixin.py:188} INFO - [2025-11-28T06:52:26.729+0000] {override.py:1769} INFO - Created Permission View: can edit on DAG:example_branch_labels
[2025-11-28T06:52:26.742+0000] {logging_mixin.py:188} INFO - [2025-11-28T06:52:26.742+0000] {override.py:1769} INFO - Created Permission View: can delete on DAG:example_branch_labels
[2025-11-28T06:52:26.751+0000] {logging_mixin.py:188} INFO - [2025-11-28T06:52:26.751+0000] {override.py:1769} INFO - Created Permission View: can read on DAG:example_branch_labels
[2025-11-28T06:52:26.752+0000] {logging_mixin.py:188} INFO - [2025-11-28T06:52:26.752+0000] {dag.py:3036} INFO - Sync 1 DAGs
[2025-11-28T06:52:26.764+0000] {logging_mixin.py:188} INFO - [2025-11-28T06:52:26.764+0000] {dag.py:3058} INFO - Creating ORM DAG for example_branch_labels
[2025-11-28T06:52:26.775+0000] {logging_mixin.py:188} INFO - [2025-11-28T06:52:26.775+0000] {dag.py:3823} INFO - Setting next_dagrun for example_branch_labels to 2025-11-27 00:00:00+00:00, run_after=2025-11-28 00:00:00+00:00
[2025-11-28T06:52:26.793+0000] {processor.py:183} INFO - Processing /home/airflow/.local/lib/python3.8/site-packages/airflow/example_dags/example_branch_labels.py took 0.191 seconds
[2025-11-28T06:52:56.987+0000] {processor.py:161} INFO - Started process (PID=147) to work on /home/airflow/.local/lib/python3.8/site-packages/airflow/example_dags/example_branch_labels.py
[2025-11-28T06:52:56.989+0000] {processor.py:830} INFO - Processing file /home/airflow/.local/lib/python3.8/site-packages/airflow/example_dags/example_branch_labels.py for tasks to queue
[2025-11-28T06:52:56.991+0000] {logging_mixin.py:188} INFO - [2025-11-28T06:52:56.991+0000] {dagbag.py:538} INFO - Filling up the DagBag from /home/airflow/.local/lib/python3.8/site-packages/airflow/example_dags/example_branch_labels.py
[2025-11-28T06:52:56.999+0000] {processor.py:840} INFO - DAG(s) 'example_branch_labels' retrieved from /home/airflow/.local/lib/python3.8/site-packages/airflow/example_dags/example_branch_labels.py
[2025-11-28T06:52:57.020+0000] {logging_mixin.py:188} INFO - [2025-11-28T06:52:57.019+0000] {dag.py:3036} INFO - Sync 1 DAGs
[2025-11-28T06:52:57.039+0000] {logging_mixin.py:188} INFO - [2025-11-28T06:52:57.039+0000] {dag.py:3823} INFO - Setting next_dagrun for example_branch_labels to 2025-11-27 00:00:00+00:00, run_after=2025-11-28 00:00:00+00:00
[2025-11-28T06:52:57.055+0000] {processor.py:183} INFO - Processing /home/airflow/.local/lib/python3.8/site-packages/airflow/example_dags/example_branch_labels.py took 0.070 seconds
[2025-11-28T06:53:27.694+0000] {processor.py:161} INFO - Started process (PID=202) to work on /home/airflow/.local/lib/python3.8/site-packages/airflow/example_dags/example_branch_labels.py
[2025-11-28T06:53:27.695+0000] {processor.py:830} INFO - Processing file /home/airflow/.local/lib/python3.8/site-packages/airflow/example_dags/example_branch_labels.py for tasks to queue
[2025-11-28T06:53:27.697+0000] {logging_mixin.py:188} INFO - [2025-11-28T06:53:27.697+0000] {dagbag.py:538} INFO - Filling up the DagBag from /home/airflow/.local/lib/python3.8/site-packages/airflow/example_dags/example_branch_labels.py
[2025-11-28T06:53:27.704+0000] {processor.py:840} INFO - DAG(s) 'example_branch_labels' retrieved from /home/airflow/.local/lib/python3.8/site-packages/airflow/example_dags/example_branch_labels.py
[2025-11-28T06:53:27.724+0000] {logging_mixin.py:188} INFO - [2025-11-28T06:53:27.724+0000] {dag.py:3036} INFO - Sync 1 DAGs
[2025-11-28T06:53:27.747+0000] {logging_mixin.py:188} INFO - [2025-11-28T06:53:27.746+0000] {dag.py:3823} INFO - Setting next_dagrun for example_branch_labels to 2025-11-27 00:00:00+00:00, run_after=2025-11-28 00:00:00+00:00
[2025-11-28T06:53:27.769+0000] {processor.py:183} INFO - Processing /home/airflow/.local/lib/python3.8/site-packages/airflow/example_dags/example_branch_labels.py took 0.078 seconds
[2025-11-28T06:53:57.950+0000] {processor.py:161} INFO - Started process (PID=257) to work on /home/airflow/.local/lib/python3.8/site-packages/airflow/example_dags/example_branch_labels.py
[2025-11-28T06:53:57.951+0000] {processor.py:830} INFO - Processing file /home/airflow/.local/lib/python3.8/site-packages/airflow/example_dags/example_branch_labels.py for tasks to queue
[2025-11-28T06:53:57.953+0000] {logging_mixin.py:188} INFO - [2025-11-28T06:53:57.953+0000] {dagbag.py:538} INFO - Filling up the DagBag from /home/airflow/.local/lib/python3.8/site-packages/airflow/example_dags/example_branch_labels.py
[2025-11-28T06:53:57.960+0000] {processor.py:840} INFO - DAG(s) 'example_branch_labels' retrieved from /home/airflow/.local/lib/python3.8/site-packages/airflow/example_dags/example_branch_labels.py
[2025-11-28T06:53:57.982+0000] {logging_mixin.py:188} INFO - [2025-11-28T06:53:57.982+0000] {dag.py:3036} INFO - Sync 1 DAGs
[2025-11-28T06:53:58.000+0000] {logging_mixin.py:188} INFO - [2025-11-28T06:53:58.000+0000] {dag.py:3823} INFO - Setting next_dagrun for example_branch_labels to 2025-11-27 00:00:00+00:00, run_after=2025-11-28 00:00:00+00:00
[2025-11-28T06:53:58.015+0000] {processor.py:183} INFO - Processing /home/airflow/.local/lib/python3.8/site-packages/airflow/example_dags/example_branch_labels.py took 0.068 seconds
[2025-11-28T06:54:28.246+0000] {processor.py:161} INFO - Started process (PID=312) to work on /home/airflow/.local/lib/python3.8/site-packages/airflow/example_dags/example_branch_labels.py
[2025-11-28T06:54:28.247+0000] {processor.py:830} INFO - Processing file /home/airflow/.local/lib/python3.8/site-packages/airflow/example_dags/example_branch_labels.py for tasks to queue
[2025-11-28T06:54:28.249+0000] {logging_mixin.py:188} INFO - [2025-11-28T06:54:28.249+0000] {dagbag.py:538} INFO - Filling up the DagBag from /home/airflow/.local/lib/python3.8/site-packages/airflow/example_dags/example_branch_labels.py
[2025-11-28T06:54:28.255+0000] {processor.py:840} INFO - DAG(s) 'example_branch_labels' retrieved from /home/airflow/.local/lib/python3.8/site-packages/airflow/example_dags/example_branch_labels.py
[2025-11-28T06:54:28.271+0000] {logging_mixin.py:188} INFO - [2025-11-28T06:54:28.271+0000] {dag.py:3036} INFO - Sync 1 DAGs
[2025-11-28T06:54:28.288+0000] {logging_mixin.py:188} INFO - [2025-11-28T06:54:28.288+0000] {dag.py:3823} INFO - Setting next_dagrun for example_branch_labels to 2025-11-27 00:00:00+00:00, run_after=2025-11-28 00:00:00+00:00
[2025-11-28T06:54:28.308+0000] {processor.py:183} INFO - Processing /home/airflow/.local/lib/python3.8/site-packages/airflow/example_dags/example_branch_labels.py took 0.065 seconds
[2025-11-28T06:54:58.963+0000] {processor.py:161} INFO - Started process (PID=367) to work on /home/airflow/.local/lib/python3.8/site-packages/airflow/example_dags/example_branch_labels.py
[2025-11-28T06:54:58.965+0000] {processor.py:830} INFO - Processing file /home/airflow/.local/lib/python3.8/site-packages/airflow/example_dags/example_branch_labels.py for tasks to queue
[2025-11-28T06:54:58.966+0000] {logging_mixin.py:188} INFO - [2025-11-28T06:54:58.966+0000] {dagbag.py:538} INFO - Filling up the DagBag from /home/airflow/.local/lib/python3.8/site-packages/airflow/example_dags/example_branch_labels.py
[2025-11-28T06:54:58.974+0000] {processor.py:840} INFO - DAG(s) 'example_branch_labels' retrieved from /home/airflow/.local/lib/python3.8/site-packages/airflow/example_dags/example_branch_labels.py
[2025-11-28T06:54:58.986+0000] {logging_mixin.py:188} INFO - [2025-11-28T06:54:58.985+0000] {dag.py:3036} INFO - Sync 1 DAGs
[2025-11-28T06:54:59.004+0000] {logging_mixin.py:188} INFO - [2025-11-28T06:54:59.004+0000] {dag.py:3823} INFO - Setting next_dagrun for example_branch_labels to 2025-11-27 00:00:00+00:00, run_after=2025-11-28 00:00:00+00:00
[2025-11-28T06:54:59.021+0000] {processor.py:183} INFO - Processing /home/airflow/.local/lib/python3.8/site-packages/airflow/example_dags/example_branch_labels.py took 0.061 seconds
[2025-11-28T06:55:29.304+0000] {processor.py:161} INFO - Started process (PID=422) to work on /home/airflow/.local/lib/python3.8/site-packages/airflow/example_dags/example_branch_labels.py
[2025-11-28T06:55:29.306+0000] {processor.py:830} INFO - Processing file /home/airflow/.local/lib/python3.8/site-packages/airflow/example_dags/example_branch_labels.py for tasks to queue
[2025-11-28T06:55:29.309+0000] {logging_mixin.py:188} INFO - [2025-11-28T06:55:29.308+0000] {dagbag.py:538} INFO - Filling up the DagBag from /home/airflow/.local/lib/python3.8/site-packages/airflow/example_dags/example_branch_labels.py
[2025-11-28T06:55:29.316+0000] {processor.py:840} INFO - DAG(s) 'example_branch_labels' retrieved from /home/airflow/.local/lib/python3.8/site-packages/airflow/example_dags/example_branch_labels.py
[2025-11-28T06:55:29.404+0000] {logging_mixin.py:188} INFO - [2025-11-28T06:55:29.404+0000] {dag.py:3036} INFO - Sync 1 DAGs
[2025-11-28T06:55:29.418+0000] {logging_mixin.py:188} INFO - [2025-11-28T06:55:29.418+0000] {dag.py:3823} INFO - Setting next_dagrun for example_branch_labels to 2025-11-27 00:00:00+00:00, run_after=2025-11-28 00:00:00+00:00
[2025-11-28T06:55:29.437+0000] {processor.py:183} INFO - Processing /home/airflow/.local/lib/python3.8/site-packages/airflow/example_dags/example_branch_labels.py took 0.136 seconds
[2025-11-28T06:56:00.338+0000] {processor.py:161} INFO - Started process (PID=477) to work on /home/airflow/.local/lib/python3.8/site-packages/airflow/example_dags/example_branch_labels.py
[2025-11-28T06:56:00.340+0000] {processor.py:830} INFO - Processing file /home/airflow/.local/lib/python3.8/site-packages/airflow/example_dags/example_branch_labels.py for tasks to queue
[2025-11-28T06:56:00.342+0000] {logging_mixin.py:188} INFO - [2025-11-28T06:56:00.342+0000] {dagbag.py:538} INFO - Filling up the DagBag from /home/airflow/.local/lib/python3.8/site-packages/airflow/example_dags/example_branch_labels.py
[2025-11-28T06:56:00.352+0000] {processor.py:840} INFO - DAG(s) 'example_branch_labels' retrieved from /home/airflow/.local/lib/python3.8/site-packages/airflow/example_dags/example_branch_labels.py
[2025-11-28T06:56:00.388+0000] {logging_mixin.py:188} INFO - [2025-11-28T06:56:00.388+0000] {dag.py:3036} INFO - Sync 1 DAGs
[2025-11-28T06:56:00.408+0000] {logging_mixin.py:188} INFO - [2025-11-28T06:56:00.408+0000] {dag.py:3823} INFO - Setting next_dagrun for example_branch_labels to 2025-11-27 00:00:00+00:00, run_after=2025-11-28 00:00:00+00:00
[2025-11-28T06:56:00.424+0000] {processor.py:183} INFO - Processing /home/airflow/.local/lib/python3.8/site-packages/airflow/example_dags/example_branch_labels.py took 0.090 seconds
[2025-11-28T06:56:30.668+0000] {processor.py:161} INFO - Started process (PID=532) to work on /home/airflow/.local/lib/python3.8/site-packages/airflow/example_dags/example_branch_labels.py
[2025-11-28T06:56:30.669+0000] {processor.py:830} INFO - Processing file /home/airflow/.local/lib/python3.8/site-packages/airflow/example_dags/example_branch_labels.py for tasks to queue
[2025-11-28T06:56:30.673+0000] {logging_mixin.py:188} INFO - [2025-11-28T06:56:30.673+0000] {dagbag.py:538} INFO - Filling up the DagBag from /home/airflow/.local/lib/python3.8/site-packages/airflow/example_dags/example_branch_labels.py
[2025-11-28T06:56:30.685+0000] {processor.py:840} INFO - DAG(s) 'example_branch_labels' retrieved from /home/airflow/.local/lib/python3.8/site-packages/airflow/example_dags/example_branch_labels.py
[2025-11-28T06:56:30.715+0000] {logging_mixin.py:188} INFO - [2025-11-28T06:56:30.715+0000] {dag.py:3036} INFO - Sync 1 DAGs
[2025-11-28T06:56:30.734+0000] {logging_mixin.py:188} INFO - [2025-11-28T06:56:30.734+0000] {dag.py:3823} INFO - Setting next_dagrun for example_branch_labels to 2025-11-27 00:00:00+00:00, run_after=2025-11-28 00:00:00+00:00
[2025-11-28T06:56:30.752+0000] {processor.py:183} INFO - Processing /home/airflow/.local/lib/python3.8/site-packages/airflow/example_dags/example_branch_labels.py took 0.091 seconds
[2025-11-28T06:57:01.075+0000] {processor.py:161} INFO - Started process (PID=587) to work on /home/airflow/.local/lib/python3.8/site-packages/airflow/example_dags/example_branch_labels.py
[2025-11-28T06:57:01.076+0000] {processor.py:830} INFO - Processing file /home/airflow/.local/lib/python3.8/site-packages/airflow/example_dags/example_branch_labels.py for tasks to queue
[2025-11-28T06:57:01.079+0000] {logging_mixin.py:188} INFO - [2025-11-28T06:57:01.079+0000] {dagbag.py:538} INFO - Filling up the DagBag from /home/airflow/.local/lib/python3.8/site-packages/airflow/example_dags/example_branch_labels.py
[2025-11-28T06:57:01.086+0000] {processor.py:840} INFO - DAG(s) 'example_branch_labels' retrieved from /home/airflow/.local/lib/python3.8/site-packages/airflow/example_dags/example_branch_labels.py
[2025-11-28T06:57:01.108+0000] {logging_mixin.py:188} INFO - [2025-11-28T06:57:01.108+0000] {dag.py:3036} INFO - Sync 1 DAGs
[2025-11-28T06:57:01.128+0000] {logging_mixin.py:188} INFO - [2025-11-28T06:57:01.128+0000] {dag.py:3823} INFO - Setting next_dagrun for example_branch_labels to 2025-11-27 00:00:00+00:00, run_after=2025-11-28 00:00:00+00:00
[2025-11-28T06:57:01.141+0000] {processor.py:183} INFO - Processing /home/airflow/.local/lib/python3.8/site-packages/airflow/example_dags/example_branch_labels.py took 0.070 seconds
[2025-11-28T06:57:31.711+0000] {processor.py:161} INFO - Started process (PID=642) to work on /home/airflow/.local/lib/python3.8/site-packages/airflow/example_dags/example_branch_labels.py
[2025-11-28T06:57:31.713+0000] {processor.py:830} INFO - Processing file /home/airflow/.local/lib/python3.8/site-packages/airflow/example_dags/example_branch_labels.py for tasks to queue
[2025-11-28T06:57:31.714+0000] {logging_mixin.py:188} INFO - [2025-11-28T06:57:31.714+0000] {dagbag.py:538} INFO - Filling up the DagBag from /home/airflow/.local/lib/python3.8/site-packages/airflow/example_dags/example_branch_labels.py
[2025-11-28T06:57:31.720+0000] {processor.py:840} INFO - DAG(s) 'example_branch_labels' retrieved from /home/airflow/.local/lib/python3.8/site-packages/airflow/example_dags/example_branch_labels.py
[2025-11-28T06:57:31.742+0000] {logging_mixin.py:188} INFO - [2025-11-28T06:57:31.742+0000] {dag.py:3036} INFO - Sync 1 DAGs
[2025-11-28T06:57:31.761+0000] {logging_mixin.py:188} INFO - [2025-11-28T06:57:31.761+0000] {dag.py:3823} INFO - Setting next_dagrun for example_branch_labels to 2025-11-27 00:00:00+00:00, run_after=2025-11-28 00:00:00+00:00
[2025-11-28T06:57:31.779+0000] {processor.py:183} INFO - Processing /home/airflow/.local/lib/python3.8/site-packages/airflow/example_dags/example_branch_labels.py took 0.071 seconds
[2025-11-28T06:58:02.483+0000] {processor.py:161} INFO - Started process (PID=697) to work on /home/airflow/.local/lib/python3.8/site-packages/airflow/example_dags/example_branch_labels.py
[2025-11-28T06:58:02.484+0000] {processor.py:830} INFO - Processing file /home/airflow/.local/lib/python3.8/site-packages/airflow/example_dags/example_branch_labels.py for tasks to queue
[2025-11-28T06:58:02.487+0000] {logging_mixin.py:188} INFO - [2025-11-28T06:58:02.486+0000] {dagbag.py:538} INFO - Filling up the DagBag from /home/airflow/.local/lib/python3.8/site-packages/airflow/example_dags/example_branch_labels.py
[2025-11-28T06:58:02.493+0000] {processor.py:840} INFO - DAG(s) 'example_branch_labels' retrieved from /home/airflow/.local/lib/python3.8/site-packages/airflow/example_dags/example_branch_labels.py
[2025-11-28T06:58:02.513+0000] {logging_mixin.py:188} INFO - [2025-11-28T06:58:02.513+0000] {dag.py:3036} INFO - Sync 1 DAGs
[2025-11-28T06:58:02.530+0000] {logging_mixin.py:188} INFO - [2025-11-28T06:58:02.530+0000] {dag.py:3823} INFO - Setting next_dagrun for example_branch_labels to 2025-11-27 00:00:00+00:00, run_after=2025-11-28 00:00:00+00:00
[2025-11-28T06:58:02.550+0000] {processor.py:183} INFO - Processing /home/airflow/.local/lib/python3.8/site-packages/airflow/example_dags/example_branch_labels.py took 0.070 seconds
[2025-11-28T06:58:32.976+0000] {processor.py:161} INFO - Started process (PID=752) to work on /home/airflow/.local/lib/python3.8/site-packages/airflow/example_dags/example_branch_labels.py
[2025-11-28T06:58:32.977+0000] {processor.py:830} INFO - Processing file /home/airflow/.local/lib/python3.8/site-packages/airflow/example_dags/example_branch_labels.py for tasks to queue
[2025-11-28T06:58:32.978+0000] {logging_mixin.py:188} INFO - [2025-11-28T06:58:32.978+0000] {dagbag.py:538} INFO - Filling up the DagBag from /home/airflow/.local/lib/python3.8/site-packages/airflow/example_dags/example_branch_labels.py
[2025-11-28T06:58:32.986+0000] {processor.py:840} INFO - DAG(s) 'example_branch_labels' retrieved from /home/airflow/.local/lib/python3.8/site-packages/airflow/example_dags/example_branch_labels.py
[2025-11-28T06:58:33.007+0000] {logging_mixin.py:188} INFO - [2025-11-28T06:58:33.007+0000] {dag.py:3036} INFO - Sync 1 DAGs
[2025-11-28T06:58:33.025+0000] {logging_mixin.py:188} INFO - [2025-11-28T06:58:33.025+0000] {dag.py:3823} INFO - Setting next_dagrun for example_branch_labels to 2025-11-27 00:00:00+00:00, run_after=2025-11-28 00:00:00+00:00
[2025-11-28T06:58:33.044+0000] {processor.py:183} INFO - Processing /home/airflow/.local/lib/python3.8/site-packages/airflow/example_dags/example_branch_labels.py took 0.071 seconds
[2025-11-28T06:59:03.483+0000] {processor.py:161} INFO - Started process (PID=807) to work on /home/airflow/.local/lib/python3.8/site-packages/airflow/example_dags/example_branch_labels.py
[2025-11-28T06:59:03.484+0000] {processor.py:830} INFO - Processing file /home/airflow/.local/lib/python3.8/site-packages/airflow/example_dags/example_branch_labels.py for tasks to queue
[2025-11-28T06:59:03.486+0000] {logging_mixin.py:188} INFO - [2025-11-28T06:59:03.485+0000] {dagbag.py:538} INFO - Filling up the DagBag from /home/airflow/.local/lib/python3.8/site-packages/airflow/example_dags/example_branch_labels.py
[2025-11-28T06:59:03.496+0000] {processor.py:840} INFO - DAG(s) 'example_branch_labels' retrieved from /home/airflow/.local/lib/python3.8/site-packages/airflow/example_dags/example_branch_labels.py
[2025-11-28T06:59:03.520+0000] {logging_mixin.py:188} INFO - [2025-11-28T06:59:03.520+0000] {dag.py:3036} INFO - Sync 1 DAGs
[2025-11-28T06:59:03.537+0000] {logging_mixin.py:188} INFO - [2025-11-28T06:59:03.537+0000] {dag.py:3823} INFO - Setting next_dagrun for example_branch_labels to 2025-11-27 00:00:00+00:00, run_after=2025-11-28 00:00:00+00:00
[2025-11-28T06:59:03.554+0000] {processor.py:183} INFO - Processing /home/airflow/.local/lib/python3.8/site-packages/airflow/example_dags/example_branch_labels.py took 0.075 seconds
[2025-11-28T06:59:34.001+0000] {processor.py:161} INFO - Started process (PID=862) to work on /home/airflow/.local/lib/python3.8/site-packages/airflow/example_dags/example_branch_labels.py
[2025-11-28T06:59:34.003+0000] {processor.py:830} INFO - Processing file /home/airflow/.local/lib/python3.8/site-packages/airflow/example_dags/example_branch_labels.py for tasks to queue
[2025-11-28T06:59:34.005+0000] {logging_mixin.py:188} INFO - [2025-11-28T06:59:34.005+0000] {dagbag.py:538} INFO - Filling up the DagBag from /home/airflow/.local/lib/python3.8/site-packages/airflow/example_dags/example_branch_labels.py
[2025-11-28T06:59:34.014+0000] {processor.py:840} INFO - DAG(s) 'example_branch_labels' retrieved from /home/airflow/.local/lib/python3.8/site-packages/airflow/example_dags/example_branch_labels.py
[2025-11-28T06:59:34.036+0000] {logging_mixin.py:188} INFO - [2025-11-28T06:59:34.035+0000] {dag.py:3036} INFO - Sync 1 DAGs
[2025-11-28T06:59:34.060+0000] {logging_mixin.py:188} INFO - [2025-11-28T06:59:34.060+0000] {dag.py:3823} INFO - Setting next_dagrun for example_branch_labels to 2025-11-27 00:00:00+00:00, run_after=2025-11-28 00:00:00+00:00
[2025-11-28T06:59:34.075+0000] {processor.py:183} INFO - Processing /home/airflow/.local/lib/python3.8/site-packages/airflow/example_dags/example_branch_labels.py took 0.076 seconds
[2025-11-28T07:00:04.209+0000] {processor.py:161} INFO - Started process (PID=917) to work on /home/airflow/.local/lib/python3.8/site-packages/airflow/example_dags/example_branch_labels.py
[2025-11-28T07:00:04.215+0000] {processor.py:830} INFO - Processing file /home/airflow/.local/lib/python3.8/site-packages/airflow/example_dags/example_branch_labels.py for tasks to queue
[2025-11-28T07:00:04.219+0000] {logging_mixin.py:188} INFO - [2025-11-28T07:00:04.219+0000] {dagbag.py:538} INFO - Filling up the DagBag from /home/airflow/.local/lib/python3.8/site-packages/airflow/example_dags/example_branch_labels.py
[2025-11-28T07:00:04.225+0000] {processor.py:840} INFO - DAG(s) 'example_branch_labels' retrieved from /home/airflow/.local/lib/python3.8/site-packages/airflow/example_dags/example_branch_labels.py
[2025-11-28T07:00:04.241+0000] {logging_mixin.py:188} INFO - [2025-11-28T07:00:04.241+0000] {dag.py:3036} INFO - Sync 1 DAGs
[2025-11-28T07:00:04.256+0000] {logging_mixin.py:188} INFO - [2025-11-28T07:00:04.255+0000] {dag.py:3823} INFO - Setting next_dagrun for example_branch_labels to 2025-11-27 00:00:00+00:00, run_after=2025-11-28 00:00:00+00:00
[2025-11-28T07:00:04.272+0000] {processor.py:183} INFO - Processing /home/airflow/.local/lib/python3.8/site-packages/airflow/example_dags/example_branch_labels.py took 0.065 seconds
[2025-11-28T07:00:34.997+0000] {processor.py:161} INFO - Started process (PID=972) to work on /home/airflow/.local/lib/python3.8/site-packages/airflow/example_dags/example_branch_labels.py
[2025-11-28T07:00:34.998+0000] {processor.py:830} INFO - Processing file /home/airflow/.local/lib/python3.8/site-packages/airflow/example_dags/example_branch_labels.py for tasks to queue
[2025-11-28T07:00:35.002+0000] {logging_mixin.py:188} INFO - [2025-11-28T07:00:35.002+0000] {dagbag.py:538} INFO - Filling up the DagBag from /home/airflow/.local/lib/python3.8/site-packages/airflow/example_dags/example_branch_labels.py
[2025-11-28T07:00:35.012+0000] {processor.py:840} INFO - DAG(s) 'example_branch_labels' retrieved from /home/airflow/.local/lib/python3.8/site-packages/airflow/example_dags/example_branch_labels.py
[2025-11-28T07:00:35.044+0000] {logging_mixin.py:188} INFO - [2025-11-28T07:00:35.043+0000] {dag.py:3036} INFO - Sync 1 DAGs
[2025-11-28T07:00:35.082+0000] {logging_mixin.py:188} INFO - [2025-11-28T07:00:35.082+0000] {dag.py:3823} INFO - Setting next_dagrun for example_branch_labels to 2025-11-27 00:00:00+00:00, run_after=2025-11-28 00:00:00+00:00
[2025-11-28T07:00:35.110+0000] {processor.py:183} INFO - Processing /home/airflow/.local/lib/python3.8/site-packages/airflow/example_dags/example_branch_labels.py took 0.116 seconds
[2025-11-28T07:01:05.505+0000] {processor.py:161} INFO - Started process (PID=1027) to work on /home/airflow/.local/lib/python3.8/site-packages/airflow/example_dags/example_branch_labels.py
[2025-11-28T07:01:05.508+0000] {processor.py:830} INFO - Processing file /home/airflow/.local/lib/python3.8/site-packages/airflow/example_dags/example_branch_labels.py for tasks to queue
[2025-11-28T07:01:05.510+0000] {logging_mixin.py:188} INFO - [2025-11-28T07:01:05.510+0000] {dagbag.py:538} INFO - Filling up the DagBag from /home/airflow/.local/lib/python3.8/site-packages/airflow/example_dags/example_branch_labels.py
[2025-11-28T07:01:05.520+0000] {processor.py:840} INFO - DAG(s) 'example_branch_labels' retrieved from /home/airflow/.local/lib/python3.8/site-packages/airflow/example_dags/example_branch_labels.py
[2025-11-28T07:01:05.550+0000] {logging_mixin.py:188} INFO - [2025-11-28T07:01:05.550+0000] {dag.py:3036} INFO - Sync 1 DAGs
[2025-11-28T07:01:05.580+0000] {logging_mixin.py:188} INFO - [2025-11-28T07:01:05.580+0000] {dag.py:3823} INFO - Setting next_dagrun for example_branch_labels to 2025-11-27 00:00:00+00:00, run_after=2025-11-28 00:00:00+00:00
[2025-11-28T07:01:05.597+0000] {processor.py:183} INFO - Processing /home/airflow/.local/lib/python3.8/site-packages/airflow/example_dags/example_branch_labels.py took 0.096 seconds
[2025-11-28T07:01:35.670+0000] {processor.py:161} INFO - Started process (PID=1081) to work on /home/airflow/.local/lib/python3.8/site-packages/airflow/example_dags/example_branch_labels.py
[2025-11-28T07:01:35.672+0000] {processor.py:830} INFO - Processing file /home/airflow/.local/lib/python3.8/site-packages/airflow/example_dags/example_branch_labels.py for tasks to queue
[2025-11-28T07:01:35.677+0000] {logging_mixin.py:188} INFO - [2025-11-28T07:01:35.676+0000] {dagbag.py:538} INFO - Filling up the DagBag from /home/airflow/.local/lib/python3.8/site-packages/airflow/example_dags/example_branch_labels.py
[2025-11-28T07:01:35.690+0000] {processor.py:840} INFO - DAG(s) 'example_branch_labels' retrieved from /home/airflow/.local/lib/python3.8/site-packages/airflow/example_dags/example_branch_labels.py
[2025-11-28T07:01:35.740+0000] {logging_mixin.py:188} INFO - [2025-11-28T07:01:35.740+0000] {dag.py:3036} INFO - Sync 1 DAGs
[2025-11-28T07:01:35.787+0000] {logging_mixin.py:188} INFO - [2025-11-28T07:01:35.786+0000] {dag.py:3823} INFO - Setting next_dagrun for example_branch_labels to 2025-11-27 00:00:00+00:00, run_after=2025-11-28 00:00:00+00:00
[2025-11-28T07:01:35.820+0000] {processor.py:183} INFO - Processing /home/airflow/.local/lib/python3.8/site-packages/airflow/example_dags/example_branch_labels.py took 0.153 seconds
[2025-11-28T07:02:06.763+0000] {processor.py:161} INFO - Started process (PID=1136) to work on /home/airflow/.local/lib/python3.8/site-packages/airflow/example_dags/example_branch_labels.py
[2025-11-28T07:02:06.764+0000] {processor.py:830} INFO - Processing file /home/airflow/.local/lib/python3.8/site-packages/airflow/example_dags/example_branch_labels.py for tasks to queue
[2025-11-28T07:02:06.765+0000] {logging_mixin.py:188} INFO - [2025-11-28T07:02:06.765+0000] {dagbag.py:538} INFO - Filling up the DagBag from /home/airflow/.local/lib/python3.8/site-packages/airflow/example_dags/example_branch_labels.py
[2025-11-28T07:02:06.772+0000] {processor.py:840} INFO - DAG(s) 'example_branch_labels' retrieved from /home/airflow/.local/lib/python3.8/site-packages/airflow/example_dags/example_branch_labels.py
[2025-11-28T07:02:06.796+0000] {logging_mixin.py:188} INFO - [2025-11-28T07:02:06.796+0000] {dag.py:3036} INFO - Sync 1 DAGs
[2025-11-28T07:02:06.817+0000] {logging_mixin.py:188} INFO - [2025-11-28T07:02:06.817+0000] {dag.py:3823} INFO - Setting next_dagrun for example_branch_labels to 2025-11-27 00:00:00+00:00, run_after=2025-11-28 00:00:00+00:00
[2025-11-28T07:02:06.838+0000] {processor.py:183} INFO - Processing /home/airflow/.local/lib/python3.8/site-packages/airflow/example_dags/example_branch_labels.py took 0.078 seconds
[2025-11-28T07:02:36.989+0000] {processor.py:161} INFO - Started process (PID=1190) to work on /home/airflow/.local/lib/python3.8/site-packages/airflow/example_dags/example_branch_labels.py
[2025-11-28T07:02:36.991+0000] {processor.py:830} INFO - Processing file /home/airflow/.local/lib/python3.8/site-packages/airflow/example_dags/example_branch_labels.py for tasks to queue
[2025-11-28T07:02:36.993+0000] {logging_mixin.py:188} INFO - [2025-11-28T07:02:36.993+0000] {dagbag.py:538} INFO - Filling up the DagBag from /home/airflow/.local/lib/python3.8/site-packages/airflow/example_dags/example_branch_labels.py
[2025-11-28T07:02:37.001+0000] {processor.py:840} INFO - DAG(s) 'example_branch_labels' retrieved from /home/airflow/.local/lib/python3.8/site-packages/airflow/example_dags/example_branch_labels.py
[2025-11-28T07:02:37.025+0000] {logging_mixin.py:188} INFO - [2025-11-28T07:02:37.024+0000] {dag.py:3036} INFO - Sync 1 DAGs
[2025-11-28T07:02:37.046+0000] {logging_mixin.py:188} INFO - [2025-11-28T07:02:37.046+0000] {dag.py:3823} INFO - Setting next_dagrun for example_branch_labels to 2025-11-27 00:00:00+00:00, run_after=2025-11-28 00:00:00+00:00
[2025-11-28T07:02:37.064+0000] {processor.py:183} INFO - Processing /home/airflow/.local/lib/python3.8/site-packages/airflow/example_dags/example_branch_labels.py took 0.078 seconds
[2025-11-28T07:03:07.740+0000] {processor.py:161} INFO - Started process (PID=1246) to work on /home/airflow/.local/lib/python3.8/site-packages/airflow/example_dags/example_branch_labels.py
[2025-11-28T07:03:07.741+0000] {processor.py:830} INFO - Processing file /home/airflow/.local/lib/python3.8/site-packages/airflow/example_dags/example_branch_labels.py for tasks to queue
[2025-11-28T07:03:07.743+0000] {logging_mixin.py:188} INFO - [2025-11-28T07:03:07.743+0000] {dagbag.py:538} INFO - Filling up the DagBag from /home/airflow/.local/lib/python3.8/site-packages/airflow/example_dags/example_branch_labels.py
[2025-11-28T07:03:07.750+0000] {processor.py:840} INFO - DAG(s) 'example_branch_labels' retrieved from /home/airflow/.local/lib/python3.8/site-packages/airflow/example_dags/example_branch_labels.py
[2025-11-28T07:03:07.769+0000] {logging_mixin.py:188} INFO - [2025-11-28T07:03:07.769+0000] {dag.py:3036} INFO - Sync 1 DAGs
[2025-11-28T07:03:07.788+0000] {logging_mixin.py:188} INFO - [2025-11-28T07:03:07.788+0000] {dag.py:3823} INFO - Setting next_dagrun for example_branch_labels to 2025-11-27 00:00:00+00:00, run_after=2025-11-28 00:00:00+00:00
[2025-11-28T07:03:07.806+0000] {processor.py:183} INFO - Processing /home/airflow/.local/lib/python3.8/site-packages/airflow/example_dags/example_branch_labels.py took 0.069 seconds
[2025-11-28T07:03:38.471+0000] {processor.py:161} INFO - Started process (PID=1301) to work on /home/airflow/.local/lib/python3.8/site-packages/airflow/example_dags/example_branch_labels.py
[2025-11-28T07:03:38.474+0000] {processor.py:830} INFO - Processing file /home/airflow/.local/lib/python3.8/site-packages/airflow/example_dags/example_branch_labels.py for tasks to queue
[2025-11-28T07:03:38.476+0000] {logging_mixin.py:188} INFO - [2025-11-28T07:03:38.475+0000] {dagbag.py:538} INFO - Filling up the DagBag from /home/airflow/.local/lib/python3.8/site-packages/airflow/example_dags/example_branch_labels.py
[2025-11-28T07:03:38.492+0000] {processor.py:840} INFO - DAG(s) 'example_branch_labels' retrieved from /home/airflow/.local/lib/python3.8/site-packages/airflow/example_dags/example_branch_labels.py
[2025-11-28T07:03:38.512+0000] {logging_mixin.py:188} INFO - [2025-11-28T07:03:38.511+0000] {dag.py:3036} INFO - Sync 1 DAGs
[2025-11-28T07:03:38.552+0000] {logging_mixin.py:188} INFO - [2025-11-28T07:03:38.552+0000] {dag.py:3823} INFO - Setting next_dagrun for example_branch_labels to 2025-11-27 00:00:00+00:00, run_after=2025-11-28 00:00:00+00:00
[2025-11-28T07:03:38.589+0000] {processor.py:183} INFO - Processing /home/airflow/.local/lib/python3.8/site-packages/airflow/example_dags/example_branch_labels.py took 0.122 seconds
[2025-11-28T07:04:09.371+0000] {processor.py:161} INFO - Started process (PID=1356) to work on /home/airflow/.local/lib/python3.8/site-packages/airflow/example_dags/example_branch_labels.py
[2025-11-28T07:04:09.383+0000] {processor.py:830} INFO - Processing file /home/airflow/.local/lib/python3.8/site-packages/airflow/example_dags/example_branch_labels.py for tasks to queue
[2025-11-28T07:04:09.390+0000] {logging_mixin.py:188} INFO - [2025-11-28T07:04:09.389+0000] {dagbag.py:538} INFO - Filling up the DagBag from /home/airflow/.local/lib/python3.8/site-packages/airflow/example_dags/example_branch_labels.py
[2025-11-28T07:04:09.409+0000] {processor.py:840} INFO - DAG(s) 'example_branch_labels' retrieved from /home/airflow/.local/lib/python3.8/site-packages/airflow/example_dags/example_branch_labels.py
[2025-11-28T07:04:09.467+0000] {logging_mixin.py:188} INFO - [2025-11-28T07:04:09.467+0000] {dag.py:3036} INFO - Sync 1 DAGs
[2025-11-28T07:04:09.510+0000] {logging_mixin.py:188} INFO - [2025-11-28T07:04:09.509+0000] {dag.py:3823} INFO - Setting next_dagrun for example_branch_labels to 2025-11-27 00:00:00+00:00, run_after=2025-11-28 00:00:00+00:00
[2025-11-28T07:04:09.548+0000] {processor.py:183} INFO - Processing /home/airflow/.local/lib/python3.8/site-packages/airflow/example_dags/example_branch_labels.py took 0.182 seconds
[2025-11-28T07:04:39.797+0000] {processor.py:161} INFO - Started process (PID=1411) to work on /home/airflow/.local/lib/python3.8/site-packages/airflow/example_dags/example_branch_labels.py
[2025-11-28T07:04:39.800+0000] {processor.py:830} INFO - Processing file /home/airflow/.local/lib/python3.8/site-packages/airflow/example_dags/example_branch_labels.py for tasks to queue
[2025-11-28T07:04:39.802+0000] {logging_mixin.py:188} INFO - [2025-11-28T07:04:39.802+0000] {dagbag.py:538} INFO - Filling up the DagBag from /home/airflow/.local/lib/python3.8/site-packages/airflow/example_dags/example_branch_labels.py
[2025-11-28T07:04:39.816+0000] {processor.py:840} INFO - DAG(s) 'example_branch_labels' retrieved from /home/airflow/.local/lib/python3.8/site-packages/airflow/example_dags/example_branch_labels.py
[2025-11-28T07:04:39.832+0000] {logging_mixin.py:188} INFO - [2025-11-28T07:04:39.832+0000] {dag.py:3036} INFO - Sync 1 DAGs
[2025-11-28T07:04:39.853+0000] {logging_mixin.py:188} INFO - [2025-11-28T07:04:39.853+0000] {dag.py:3823} INFO - Setting next_dagrun for example_branch_labels to 2025-11-27 00:00:00+00:00, run_after=2025-11-28 00:00:00+00:00
[2025-11-28T07:04:39.869+0000] {processor.py:183} INFO - Processing /home/airflow/.local/lib/python3.8/site-packages/airflow/example_dags/example_branch_labels.py took 0.076 seconds
[2025-11-28T07:05:10.096+0000] {processor.py:161} INFO - Started process (PID=1467) to work on /home/airflow/.local/lib/python3.8/site-packages/airflow/example_dags/example_branch_labels.py
[2025-11-28T07:05:10.098+0000] {processor.py:830} INFO - Processing file /home/airflow/.local/lib/python3.8/site-packages/airflow/example_dags/example_branch_labels.py for tasks to queue
[2025-11-28T07:05:10.100+0000] {logging_mixin.py:188} INFO - [2025-11-28T07:05:10.100+0000] {dagbag.py:538} INFO - Filling up the DagBag from /home/airflow/.local/lib/python3.8/site-packages/airflow/example_dags/example_branch_labels.py
[2025-11-28T07:05:10.106+0000] {processor.py:840} INFO - DAG(s) 'example_branch_labels' retrieved from /home/airflow/.local/lib/python3.8/site-packages/airflow/example_dags/example_branch_labels.py
[2025-11-28T07:05:10.128+0000] {logging_mixin.py:188} INFO - [2025-11-28T07:05:10.124+0000] {dag.py:3036} INFO - Sync 1 DAGs
[2025-11-28T07:05:10.149+0000] {logging_mixin.py:188} INFO - [2025-11-28T07:05:10.149+0000] {dag.py:3823} INFO - Setting next_dagrun for example_branch_labels to 2025-11-27 00:00:00+00:00, run_after=2025-11-28 00:00:00+00:00
[2025-11-28T07:05:10.165+0000] {processor.py:183} INFO - Processing /home/airflow/.local/lib/python3.8/site-packages/airflow/example_dags/example_branch_labels.py took 0.072 seconds
[2025-11-28T07:05:40.709+0000] {processor.py:161} INFO - Started process (PID=1522) to work on /home/airflow/.local/lib/python3.8/site-packages/airflow/example_dags/example_branch_labels.py
[2025-11-28T07:05:40.711+0000] {processor.py:830} INFO - Processing file /home/airflow/.local/lib/python3.8/site-packages/airflow/example_dags/example_branch_labels.py for tasks to queue
[2025-11-28T07:05:40.714+0000] {logging_mixin.py:188} INFO - [2025-11-28T07:05:40.713+0000] {dagbag.py:538} INFO - Filling up the DagBag from /home/airflow/.local/lib/python3.8/site-packages/airflow/example_dags/example_branch_labels.py
[2025-11-28T07:05:40.722+0000] {processor.py:840} INFO - DAG(s) 'example_branch_labels' retrieved from /home/airflow/.local/lib/python3.8/site-packages/airflow/example_dags/example_branch_labels.py
[2025-11-28T07:05:40.740+0000] {logging_mixin.py:188} INFO - [2025-11-28T07:05:40.740+0000] {dag.py:3036} INFO - Sync 1 DAGs
[2025-11-28T07:05:40.757+0000] {logging_mixin.py:188} INFO - [2025-11-28T07:05:40.757+0000] {dag.py:3823} INFO - Setting next_dagrun for example_branch_labels to 2025-11-27 00:00:00+00:00, run_after=2025-11-28 00:00:00+00:00
[2025-11-28T07:05:40.773+0000] {processor.py:183} INFO - Processing /home/airflow/.local/lib/python3.8/site-packages/airflow/example_dags/example_branch_labels.py took 0.068 seconds
[2025-11-28T07:06:11.515+0000] {processor.py:161} INFO - Started process (PID=1577) to work on /home/airflow/.local/lib/python3.8/site-packages/airflow/example_dags/example_branch_labels.py
[2025-11-28T07:06:11.517+0000] {processor.py:830} INFO - Processing file /home/airflow/.local/lib/python3.8/site-packages/airflow/example_dags/example_branch_labels.py for tasks to queue
[2025-11-28T07:06:11.521+0000] {logging_mixin.py:188} INFO - [2025-11-28T07:06:11.520+0000] {dagbag.py:538} INFO - Filling up the DagBag from /home/airflow/.local/lib/python3.8/site-packages/airflow/example_dags/example_branch_labels.py
[2025-11-28T07:06:11.535+0000] {processor.py:840} INFO - DAG(s) 'example_branch_labels' retrieved from /home/airflow/.local/lib/python3.8/site-packages/airflow/example_dags/example_branch_labels.py
[2025-11-28T07:06:11.559+0000] {logging_mixin.py:188} INFO - [2025-11-28T07:06:11.559+0000] {dag.py:3036} INFO - Sync 1 DAGs
[2025-11-28T07:06:11.577+0000] {logging_mixin.py:188} INFO - [2025-11-28T07:06:11.577+0000] {dag.py:3823} INFO - Setting next_dagrun for example_branch_labels to 2025-11-27 00:00:00+00:00, run_after=2025-11-28 00:00:00+00:00
[2025-11-28T07:06:11.596+0000] {processor.py:183} INFO - Processing /home/airflow/.local/lib/python3.8/site-packages/airflow/example_dags/example_branch_labels.py took 0.088 seconds
[2025-11-28T07:06:42.004+0000] {processor.py:161} INFO - Started process (PID=1632) to work on /home/airflow/.local/lib/python3.8/site-packages/airflow/example_dags/example_branch_labels.py
[2025-11-28T07:06:42.005+0000] {processor.py:830} INFO - Processing file /home/airflow/.local/lib/python3.8/site-packages/airflow/example_dags/example_branch_labels.py for tasks to queue
[2025-11-28T07:06:42.007+0000] {logging_mixin.py:188} INFO - [2025-11-28T07:06:42.007+0000] {dagbag.py:538} INFO - Filling up the DagBag from /home/airflow/.local/lib/python3.8/site-packages/airflow/example_dags/example_branch_labels.py
[2025-11-28T07:06:42.013+0000] {processor.py:840} INFO - DAG(s) 'example_branch_labels' retrieved from /home/airflow/.local/lib/python3.8/site-packages/airflow/example_dags/example_branch_labels.py
[2025-11-28T07:06:42.031+0000] {logging_mixin.py:188} INFO - [2025-11-28T07:06:42.031+0000] {dag.py:3036} INFO - Sync 1 DAGs
[2025-11-28T07:06:42.047+0000] {logging_mixin.py:188} INFO - [2025-11-28T07:06:42.046+0000] {dag.py:3823} INFO - Setting next_dagrun for example_branch_labels to 2025-11-27 00:00:00+00:00, run_after=2025-11-28 00:00:00+00:00
[2025-11-28T07:06:42.061+0000] {processor.py:183} INFO - Processing /home/airflow/.local/lib/python3.8/site-packages/airflow/example_dags/example_branch_labels.py took 0.060 seconds
[2025-11-28T07:07:12.245+0000] {processor.py:161} INFO - Started process (PID=1686) to work on /home/airflow/.local/lib/python3.8/site-packages/airflow/example_dags/example_branch_labels.py
[2025-11-28T07:07:12.247+0000] {processor.py:830} INFO - Processing file /home/airflow/.local/lib/python3.8/site-packages/airflow/example_dags/example_branch_labels.py for tasks to queue
[2025-11-28T07:07:12.252+0000] {logging_mixin.py:188} INFO - [2025-11-28T07:07:12.251+0000] {dagbag.py:538} INFO - Filling up the DagBag from /home/airflow/.local/lib/python3.8/site-packages/airflow/example_dags/example_branch_labels.py
[2025-11-28T07:07:12.270+0000] {processor.py:840} INFO - DAG(s) 'example_branch_labels' retrieved from /home/airflow/.local/lib/python3.8/site-packages/airflow/example_dags/example_branch_labels.py
[2025-11-28T07:07:12.318+0000] {logging_mixin.py:188} INFO - [2025-11-28T07:07:12.317+0000] {dag.py:3036} INFO - Sync 1 DAGs
[2025-11-28T07:07:12.354+0000] {logging_mixin.py:188} INFO - [2025-11-28T07:07:12.354+0000] {dag.py:3823} INFO - Setting next_dagrun for example_branch_labels to 2025-11-27 00:00:00+00:00, run_after=2025-11-28 00:00:00+00:00
[2025-11-28T07:07:12.372+0000] {processor.py:183} INFO - Processing /home/airflow/.local/lib/python3.8/site-packages/airflow/example_dags/example_branch_labels.py took 0.134 seconds
[2025-11-28T07:07:43.025+0000] {processor.py:161} INFO - Started process (PID=1741) to work on /home/airflow/.local/lib/python3.8/site-packages/airflow/example_dags/example_branch_labels.py
[2025-11-28T07:07:43.031+0000] {processor.py:830} INFO - Processing file /home/airflow/.local/lib/python3.8/site-packages/airflow/example_dags/example_branch_labels.py for tasks to queue
[2025-11-28T07:07:43.033+0000] {logging_mixin.py:188} INFO - [2025-11-28T07:07:43.032+0000] {dagbag.py:538} INFO - Filling up the DagBag from /home/airflow/.local/lib/python3.8/site-packages/airflow/example_dags/example_branch_labels.py
[2025-11-28T07:07:43.040+0000] {processor.py:840} INFO - DAG(s) 'example_branch_labels' retrieved from /home/airflow/.local/lib/python3.8/site-packages/airflow/example_dags/example_branch_labels.py
[2025-11-28T07:07:43.061+0000] {logging_mixin.py:188} INFO - [2025-11-28T07:07:43.061+0000] {dag.py:3036} INFO - Sync 1 DAGs
[2025-11-28T07:07:43.080+0000] {logging_mixin.py:188} INFO - [2025-11-28T07:07:43.080+0000] {dag.py:3823} INFO - Setting next_dagrun for example_branch_labels to 2025-11-27 00:00:00+00:00, run_after=2025-11-28 00:00:00+00:00
[2025-11-28T07:07:43.098+0000] {processor.py:183} INFO - Processing /home/airflow/.local/lib/python3.8/site-packages/airflow/example_dags/example_branch_labels.py took 0.079 seconds
[2025-11-28T07:08:13.375+0000] {processor.py:161} INFO - Started process (PID=1796) to work on /home/airflow/.local/lib/python3.8/site-packages/airflow/example_dags/example_branch_labels.py
[2025-11-28T07:08:13.378+0000] {processor.py:830} INFO - Processing file /home/airflow/.local/lib/python3.8/site-packages/airflow/example_dags/example_branch_labels.py for tasks to queue
[2025-11-28T07:08:13.380+0000] {logging_mixin.py:188} INFO - [2025-11-28T07:08:13.380+0000] {dagbag.py:538} INFO - Filling up the DagBag from /home/airflow/.local/lib/python3.8/site-packages/airflow/example_dags/example_branch_labels.py
[2025-11-28T07:08:13.389+0000] {processor.py:840} INFO - DAG(s) 'example_branch_labels' retrieved from /home/airflow/.local/lib/python3.8/site-packages/airflow/example_dags/example_branch_labels.py
[2025-11-28T07:08:13.423+0000] {logging_mixin.py:188} INFO - [2025-11-28T07:08:13.422+0000] {dag.py:3036} INFO - Sync 1 DAGs
[2025-11-28T07:08:13.457+0000] {logging_mixin.py:188} INFO - [2025-11-28T07:08:13.456+0000] {dag.py:3823} INFO - Setting next_dagrun for example_branch_labels to 2025-11-27 00:00:00+00:00, run_after=2025-11-28 00:00:00+00:00
[2025-11-28T07:08:13.476+0000] {processor.py:183} INFO - Processing /home/airflow/.local/lib/python3.8/site-packages/airflow/example_dags/example_branch_labels.py took 0.104 seconds
[2025-11-28T07:08:44.359+0000] {processor.py:161} INFO - Started process (PID=1851) to work on /home/airflow/.local/lib/python3.8/site-packages/airflow/example_dags/example_branch_labels.py
[2025-11-28T07:08:44.361+0000] {processor.py:830} INFO - Processing file /home/airflow/.local/lib/python3.8/site-packages/airflow/example_dags/example_branch_labels.py for tasks to queue
[2025-11-28T07:08:44.364+0000] {logging_mixin.py:188} INFO - [2025-11-28T07:08:44.364+0000] {dagbag.py:538} INFO - Filling up the DagBag from /home/airflow/.local/lib/python3.8/site-packages/airflow/example_dags/example_branch_labels.py
[2025-11-28T07:08:44.376+0000] {processor.py:840} INFO - DAG(s) 'example_branch_labels' retrieved from /home/airflow/.local/lib/python3.8/site-packages/airflow/example_dags/example_branch_labels.py
[2025-11-28T07:08:44.397+0000] {logging_mixin.py:188} INFO - [2025-11-28T07:08:44.397+0000] {dag.py:3036} INFO - Sync 1 DAGs
[2025-11-28T07:08:44.418+0000] {logging_mixin.py:188} INFO - [2025-11-28T07:08:44.417+0000] {dag.py:3823} INFO - Setting next_dagrun for example_branch_labels to 2025-11-27 00:00:00+00:00, run_after=2025-11-28 00:00:00+00:00
[2025-11-28T07:08:44.442+0000] {processor.py:183} INFO - Processing /home/airflow/.local/lib/python3.8/site-packages/airflow/example_dags/example_branch_labels.py took 0.090 seconds
[2025-11-28T07:09:15.294+0000] {processor.py:161} INFO - Started process (PID=1906) to work on /home/airflow/.local/lib/python3.8/site-packages/airflow/example_dags/example_branch_labels.py
[2025-11-28T07:09:15.297+0000] {processor.py:830} INFO - Processing file /home/airflow/.local/lib/python3.8/site-packages/airflow/example_dags/example_branch_labels.py for tasks to queue
[2025-11-28T07:09:15.301+0000] {logging_mixin.py:188} INFO - [2025-11-28T07:09:15.301+0000] {dagbag.py:538} INFO - Filling up the DagBag from /home/airflow/.local/lib/python3.8/site-packages/airflow/example_dags/example_branch_labels.py
[2025-11-28T07:09:15.310+0000] {processor.py:840} INFO - DAG(s) 'example_branch_labels' retrieved from /home/airflow/.local/lib/python3.8/site-packages/airflow/example_dags/example_branch_labels.py
[2025-11-28T07:09:15.333+0000] {logging_mixin.py:188} INFO - [2025-11-28T07:09:15.333+0000] {dag.py:3036} INFO - Sync 1 DAGs
[2025-11-28T07:09:15.352+0000] {logging_mixin.py:188} INFO - [2025-11-28T07:09:15.352+0000] {dag.py:3823} INFO - Setting next_dagrun for example_branch_labels to 2025-11-27 00:00:00+00:00, run_after=2025-11-28 00:00:00+00:00
[2025-11-28T07:09:15.373+0000] {processor.py:183} INFO - Processing /home/airflow/.local/lib/python3.8/site-packages/airflow/example_dags/example_branch_labels.py took 0.083 seconds
[2025-11-28T07:09:45.606+0000] {processor.py:161} INFO - Started process (PID=1961) to work on /home/airflow/.local/lib/python3.8/site-packages/airflow/example_dags/example_branch_labels.py
[2025-11-28T07:09:45.625+0000] {processor.py:830} INFO - Processing file /home/airflow/.local/lib/python3.8/site-packages/airflow/example_dags/example_branch_labels.py for tasks to queue
[2025-11-28T07:09:45.628+0000] {logging_mixin.py:188} INFO - [2025-11-28T07:09:45.627+0000] {dagbag.py:538} INFO - Filling up the DagBag from /home/airflow/.local/lib/python3.8/site-packages/airflow/example_dags/example_branch_labels.py
[2025-11-28T07:09:45.644+0000] {processor.py:840} INFO - DAG(s) 'example_branch_labels' retrieved from /home/airflow/.local/lib/python3.8/site-packages/airflow/example_dags/example_branch_labels.py
[2025-11-28T07:09:45.664+0000] {logging_mixin.py:188} INFO - [2025-11-28T07:09:45.664+0000] {dag.py:3036} INFO - Sync 1 DAGs
[2025-11-28T07:09:45.679+0000] {logging_mixin.py:188} INFO - [2025-11-28T07:09:45.679+0000] {dag.py:3823} INFO - Setting next_dagrun for example_branch_labels to 2025-11-27 00:00:00+00:00, run_after=2025-11-28 00:00:00+00:00
[2025-11-28T07:09:45.694+0000] {processor.py:183} INFO - Processing /home/airflow/.local/lib/python3.8/site-packages/airflow/example_dags/example_branch_labels.py took 0.091 seconds
[2025-11-28T07:10:16.167+0000] {processor.py:161} INFO - Started process (PID=2016) to work on /home/airflow/.local/lib/python3.8/site-packages/airflow/example_dags/example_branch_labels.py
[2025-11-28T07:10:16.169+0000] {processor.py:830} INFO - Processing file /home/airflow/.local/lib/python3.8/site-packages/airflow/example_dags/example_branch_labels.py for tasks to queue
[2025-11-28T07:10:16.171+0000] {logging_mixin.py:188} INFO - [2025-11-28T07:10:16.170+0000] {dagbag.py:538} INFO - Filling up the DagBag from /home/airflow/.local/lib/python3.8/site-packages/airflow/example_dags/example_branch_labels.py
[2025-11-28T07:10:16.179+0000] {processor.py:840} INFO - DAG(s) 'example_branch_labels' retrieved from /home/airflow/.local/lib/python3.8/site-packages/airflow/example_dags/example_branch_labels.py
[2025-11-28T07:10:16.206+0000] {logging_mixin.py:188} INFO - [2025-11-28T07:10:16.206+0000] {dag.py:3036} INFO - Sync 1 DAGs
[2025-11-28T07:10:16.240+0000] {logging_mixin.py:188} INFO - [2025-11-28T07:10:16.240+0000] {dag.py:3823} INFO - Setting next_dagrun for example_branch_labels to 2025-11-27 00:00:00+00:00, run_after=2025-11-28 00:00:00+00:00
[2025-11-28T07:10:16.263+0000] {processor.py:183} INFO - Processing /home/airflow/.local/lib/python3.8/site-packages/airflow/example_dags/example_branch_labels.py took 0.099 seconds
[2025-11-28T07:10:46.524+0000] {processor.py:161} INFO - Started process (PID=2071) to work on /home/airflow/.local/lib/python3.8/site-packages/airflow/example_dags/example_branch_labels.py
[2025-11-28T07:10:46.525+0000] {processor.py:830} INFO - Processing file /home/airflow/.local/lib/python3.8/site-packages/airflow/example_dags/example_branch_labels.py for tasks to queue
[2025-11-28T07:10:46.527+0000] {logging_mixin.py:188} INFO - [2025-11-28T07:10:46.527+0000] {dagbag.py:538} INFO - Filling up the DagBag from /home/airflow/.local/lib/python3.8/site-packages/airflow/example_dags/example_branch_labels.py
[2025-11-28T07:10:46.535+0000] {processor.py:840} INFO - DAG(s) 'example_branch_labels' retrieved from /home/airflow/.local/lib/python3.8/site-packages/airflow/example_dags/example_branch_labels.py
[2025-11-28T07:10:46.556+0000] {logging_mixin.py:188} INFO - [2025-11-28T07:10:46.556+0000] {dag.py:3036} INFO - Sync 1 DAGs
[2025-11-28T07:10:46.574+0000] {logging_mixin.py:188} INFO - [2025-11-28T07:10:46.574+0000] {dag.py:3823} INFO - Setting next_dagrun for example_branch_labels to 2025-11-27 00:00:00+00:00, run_after=2025-11-28 00:00:00+00:00
[2025-11-28T07:10:46.593+0000] {processor.py:183} INFO - Processing /home/airflow/.local/lib/python3.8/site-packages/airflow/example_dags/example_branch_labels.py took 0.072 seconds
[2025-11-28T07:11:16.773+0000] {processor.py:161} INFO - Started process (PID=2126) to work on /home/airflow/.local/lib/python3.8/site-packages/airflow/example_dags/example_branch_labels.py
[2025-11-28T07:11:16.774+0000] {processor.py:830} INFO - Processing file /home/airflow/.local/lib/python3.8/site-packages/airflow/example_dags/example_branch_labels.py for tasks to queue
[2025-11-28T07:11:16.777+0000] {logging_mixin.py:188} INFO - [2025-11-28T07:11:16.777+0000] {dagbag.py:538} INFO - Filling up the DagBag from /home/airflow/.local/lib/python3.8/site-packages/airflow/example_dags/example_branch_labels.py
[2025-11-28T07:11:16.784+0000] {processor.py:840} INFO - DAG(s) 'example_branch_labels' retrieved from /home/airflow/.local/lib/python3.8/site-packages/airflow/example_dags/example_branch_labels.py
[2025-11-28T07:11:16.803+0000] {logging_mixin.py:188} INFO - [2025-11-28T07:11:16.803+0000] {dag.py:3036} INFO - Sync 1 DAGs
[2025-11-28T07:11:16.820+0000] {logging_mixin.py:188} INFO - [2025-11-28T07:11:16.820+0000] {dag.py:3823} INFO - Setting next_dagrun for example_branch_labels to 2025-11-27 00:00:00+00:00, run_after=2025-11-28 00:00:00+00:00
[2025-11-28T07:11:16.839+0000] {processor.py:183} INFO - Processing /home/airflow/.local/lib/python3.8/site-packages/airflow/example_dags/example_branch_labels.py took 0.069 seconds
[2025-11-28T07:11:47.116+0000] {processor.py:161} INFO - Started process (PID=2181) to work on /home/airflow/.local/lib/python3.8/site-packages/airflow/example_dags/example_branch_labels.py
[2025-11-28T07:11:47.118+0000] {processor.py:830} INFO - Processing file /home/airflow/.local/lib/python3.8/site-packages/airflow/example_dags/example_branch_labels.py for tasks to queue
[2025-11-28T07:11:47.121+0000] {logging_mixin.py:188} INFO - [2025-11-28T07:11:47.120+0000] {dagbag.py:538} INFO - Filling up the DagBag from /home/airflow/.local/lib/python3.8/site-packages/airflow/example_dags/example_branch_labels.py
[2025-11-28T07:11:47.129+0000] {processor.py:840} INFO - DAG(s) 'example_branch_labels' retrieved from /home/airflow/.local/lib/python3.8/site-packages/airflow/example_dags/example_branch_labels.py
[2025-11-28T07:11:47.152+0000] {logging_mixin.py:188} INFO - [2025-11-28T07:11:47.152+0000] {dag.py:3036} INFO - Sync 1 DAGs
[2025-11-28T07:11:47.176+0000] {logging_mixin.py:188} INFO - [2025-11-28T07:11:47.176+0000] {dag.py:3823} INFO - Setting next_dagrun for example_branch_labels to 2025-11-27 00:00:00+00:00, run_after=2025-11-28 00:00:00+00:00
[2025-11-28T07:11:47.200+0000] {processor.py:183} INFO - Processing /home/airflow/.local/lib/python3.8/site-packages/airflow/example_dags/example_branch_labels.py took 0.088 seconds
[2025-11-28T07:12:17.439+0000] {processor.py:161} INFO - Started process (PID=2236) to work on /home/airflow/.local/lib/python3.8/site-packages/airflow/example_dags/example_branch_labels.py
[2025-11-28T07:12:17.440+0000] {processor.py:830} INFO - Processing file /home/airflow/.local/lib/python3.8/site-packages/airflow/example_dags/example_branch_labels.py for tasks to queue
[2025-11-28T07:12:17.448+0000] {logging_mixin.py:188} INFO - [2025-11-28T07:12:17.447+0000] {dagbag.py:538} INFO - Filling up the DagBag from /home/airflow/.local/lib/python3.8/site-packages/airflow/example_dags/example_branch_labels.py
[2025-11-28T07:12:17.462+0000] {processor.py:840} INFO - DAG(s) 'example_branch_labels' retrieved from /home/airflow/.local/lib/python3.8/site-packages/airflow/example_dags/example_branch_labels.py
[2025-11-28T07:12:17.492+0000] {logging_mixin.py:188} INFO - [2025-11-28T07:12:17.492+0000] {dag.py:3036} INFO - Sync 1 DAGs
[2025-11-28T07:12:17.542+0000] {logging_mixin.py:188} INFO - [2025-11-28T07:12:17.541+0000] {dag.py:3823} INFO - Setting next_dagrun for example_branch_labels to 2025-11-27 00:00:00+00:00, run_after=2025-11-28 00:00:00+00:00
[2025-11-28T07:12:17.572+0000] {processor.py:183} INFO - Processing /home/airflow/.local/lib/python3.8/site-packages/airflow/example_dags/example_branch_labels.py took 0.136 seconds
[2025-11-28T07:12:48.206+0000] {processor.py:161} INFO - Started process (PID=2291) to work on /home/airflow/.local/lib/python3.8/site-packages/airflow/example_dags/example_branch_labels.py
[2025-11-28T07:12:48.207+0000] {processor.py:830} INFO - Processing file /home/airflow/.local/lib/python3.8/site-packages/airflow/example_dags/example_branch_labels.py for tasks to queue
[2025-11-28T07:12:48.208+0000] {logging_mixin.py:188} INFO - [2025-11-28T07:12:48.208+0000] {dagbag.py:538} INFO - Filling up the DagBag from /home/airflow/.local/lib/python3.8/site-packages/airflow/example_dags/example_branch_labels.py
[2025-11-28T07:12:48.215+0000] {processor.py:840} INFO - DAG(s) 'example_branch_labels' retrieved from /home/airflow/.local/lib/python3.8/site-packages/airflow/example_dags/example_branch_labels.py
[2025-11-28T07:12:48.233+0000] {logging_mixin.py:188} INFO - [2025-11-28T07:12:48.233+0000] {dag.py:3036} INFO - Sync 1 DAGs
[2025-11-28T07:12:48.252+0000] {logging_mixin.py:188} INFO - [2025-11-28T07:12:48.252+0000] {dag.py:3823} INFO - Setting next_dagrun for example_branch_labels to 2025-11-27 00:00:00+00:00, run_after=2025-11-28 00:00:00+00:00
[2025-11-28T07:12:48.265+0000] {processor.py:183} INFO - Processing /home/airflow/.local/lib/python3.8/site-packages/airflow/example_dags/example_branch_labels.py took 0.063 seconds
[2025-11-28T07:13:18.995+0000] {processor.py:161} INFO - Started process (PID=2346) to work on /home/airflow/.local/lib/python3.8/site-packages/airflow/example_dags/example_branch_labels.py
[2025-11-28T07:13:18.996+0000] {processor.py:830} INFO - Processing file /home/airflow/.local/lib/python3.8/site-packages/airflow/example_dags/example_branch_labels.py for tasks to queue
[2025-11-28T07:13:18.997+0000] {logging_mixin.py:188} INFO - [2025-11-28T07:13:18.997+0000] {dagbag.py:538} INFO - Filling up the DagBag from /home/airflow/.local/lib/python3.8/site-packages/airflow/example_dags/example_branch_labels.py
[2025-11-28T07:13:19.004+0000] {processor.py:840} INFO - DAG(s) 'example_branch_labels' retrieved from /home/airflow/.local/lib/python3.8/site-packages/airflow/example_dags/example_branch_labels.py
[2025-11-28T07:13:19.021+0000] {logging_mixin.py:188} INFO - [2025-11-28T07:13:19.021+0000] {dag.py:3036} INFO - Sync 1 DAGs
[2025-11-28T07:13:19.038+0000] {logging_mixin.py:188} INFO - [2025-11-28T07:13:19.038+0000] {dag.py:3823} INFO - Setting next_dagrun for example_branch_labels to 2025-11-27 00:00:00+00:00, run_after=2025-11-28 00:00:00+00:00
[2025-11-28T07:13:19.054+0000] {processor.py:183} INFO - Processing /home/airflow/.local/lib/python3.8/site-packages/airflow/example_dags/example_branch_labels.py took 0.063 seconds
[2025-11-28T07:13:49.619+0000] {processor.py:161} INFO - Started process (PID=2401) to work on /home/airflow/.local/lib/python3.8/site-packages/airflow/example_dags/example_branch_labels.py
[2025-11-28T07:13:49.623+0000] {processor.py:830} INFO - Processing file /home/airflow/.local/lib/python3.8/site-packages/airflow/example_dags/example_branch_labels.py for tasks to queue
[2025-11-28T07:13:49.627+0000] {logging_mixin.py:188} INFO - [2025-11-28T07:13:49.627+0000] {dagbag.py:538} INFO - Filling up the DagBag from /home/airflow/.local/lib/python3.8/site-packages/airflow/example_dags/example_branch_labels.py
[2025-11-28T07:13:49.639+0000] {processor.py:840} INFO - DAG(s) 'example_branch_labels' retrieved from /home/airflow/.local/lib/python3.8/site-packages/airflow/example_dags/example_branch_labels.py
[2025-11-28T07:13:49.670+0000] {logging_mixin.py:188} INFO - [2025-11-28T07:13:49.669+0000] {dag.py:3036} INFO - Sync 1 DAGs
[2025-11-28T07:13:49.693+0000] {logging_mixin.py:188} INFO - [2025-11-28T07:13:49.693+0000] {dag.py:3823} INFO - Setting next_dagrun for example_branch_labels to 2025-11-27 00:00:00+00:00, run_after=2025-11-28 00:00:00+00:00
[2025-11-28T07:13:49.714+0000] {processor.py:183} INFO - Processing /home/airflow/.local/lib/python3.8/site-packages/airflow/example_dags/example_branch_labels.py took 0.100 seconds
[2025-11-28T07:14:20.119+0000] {processor.py:161} INFO - Started process (PID=2457) to work on /home/airflow/.local/lib/python3.8/site-packages/airflow/example_dags/example_branch_labels.py
[2025-11-28T07:14:20.121+0000] {processor.py:830} INFO - Processing file /home/airflow/.local/lib/python3.8/site-packages/airflow/example_dags/example_branch_labels.py for tasks to queue
[2025-11-28T07:14:20.123+0000] {logging_mixin.py:188} INFO - [2025-11-28T07:14:20.123+0000] {dagbag.py:538} INFO - Filling up the DagBag from /home/airflow/.local/lib/python3.8/site-packages/airflow/example_dags/example_branch_labels.py
[2025-11-28T07:14:20.129+0000] {processor.py:840} INFO - DAG(s) 'example_branch_labels' retrieved from /home/airflow/.local/lib/python3.8/site-packages/airflow/example_dags/example_branch_labels.py
[2025-11-28T07:14:20.156+0000] {logging_mixin.py:188} INFO - [2025-11-28T07:14:20.156+0000] {dag.py:3036} INFO - Sync 1 DAGs
[2025-11-28T07:14:20.185+0000] {logging_mixin.py:188} INFO - [2025-11-28T07:14:20.185+0000] {dag.py:3823} INFO - Setting next_dagrun for example_branch_labels to 2025-11-27 00:00:00+00:00, run_after=2025-11-28 00:00:00+00:00
[2025-11-28T07:14:20.201+0000] {processor.py:183} INFO - Processing /home/airflow/.local/lib/python3.8/site-packages/airflow/example_dags/example_branch_labels.py took 0.084 seconds
[2025-11-28T07:14:50.432+0000] {processor.py:161} INFO - Started process (PID=2512) to work on /home/airflow/.local/lib/python3.8/site-packages/airflow/example_dags/example_branch_labels.py
[2025-11-28T07:14:50.436+0000] {processor.py:830} INFO - Processing file /home/airflow/.local/lib/python3.8/site-packages/airflow/example_dags/example_branch_labels.py for tasks to queue
[2025-11-28T07:14:50.438+0000] {logging_mixin.py:188} INFO - [2025-11-28T07:14:50.437+0000] {dagbag.py:538} INFO - Filling up the DagBag from /home/airflow/.local/lib/python3.8/site-packages/airflow/example_dags/example_branch_labels.py
[2025-11-28T07:14:50.447+0000] {processor.py:840} INFO - DAG(s) 'example_branch_labels' retrieved from /home/airflow/.local/lib/python3.8/site-packages/airflow/example_dags/example_branch_labels.py
[2025-11-28T07:14:50.471+0000] {logging_mixin.py:188} INFO - [2025-11-28T07:14:50.471+0000] {dag.py:3036} INFO - Sync 1 DAGs
[2025-11-28T07:14:50.509+0000] {logging_mixin.py:188} INFO - [2025-11-28T07:14:50.509+0000] {dag.py:3823} INFO - Setting next_dagrun for example_branch_labels to 2025-11-27 00:00:00+00:00, run_after=2025-11-28 00:00:00+00:00
[2025-11-28T07:14:50.555+0000] {processor.py:183} INFO - Processing /home/airflow/.local/lib/python3.8/site-packages/airflow/example_dags/example_branch_labels.py took 0.125 seconds
[2025-11-28T07:15:20.936+0000] {processor.py:161} INFO - Started process (PID=2567) to work on /home/airflow/.local/lib/python3.8/site-packages/airflow/example_dags/example_branch_labels.py
[2025-11-28T07:15:20.938+0000] {processor.py:830} INFO - Processing file /home/airflow/.local/lib/python3.8/site-packages/airflow/example_dags/example_branch_labels.py for tasks to queue
[2025-11-28T07:15:20.942+0000] {logging_mixin.py:188} INFO - [2025-11-28T07:15:20.941+0000] {dagbag.py:538} INFO - Filling up the DagBag from /home/airflow/.local/lib/python3.8/site-packages/airflow/example_dags/example_branch_labels.py
[2025-11-28T07:15:20.949+0000] {processor.py:840} INFO - DAG(s) 'example_branch_labels' retrieved from /home/airflow/.local/lib/python3.8/site-packages/airflow/example_dags/example_branch_labels.py
[2025-11-28T07:15:20.976+0000] {logging_mixin.py:188} INFO - [2025-11-28T07:15:20.976+0000] {dag.py:3036} INFO - Sync 1 DAGs
[2025-11-28T07:15:21.098+0000] {logging_mixin.py:188} INFO - [2025-11-28T07:15:21.097+0000] {dag.py:3823} INFO - Setting next_dagrun for example_branch_labels to 2025-11-27 00:00:00+00:00, run_after=2025-11-28 00:00:00+00:00
[2025-11-28T07:15:21.117+0000] {processor.py:183} INFO - Processing /home/airflow/.local/lib/python3.8/site-packages/airflow/example_dags/example_branch_labels.py took 0.186 seconds
[2025-11-28T07:15:51.709+0000] {processor.py:161} INFO - Started process (PID=2622) to work on /home/airflow/.local/lib/python3.8/site-packages/airflow/example_dags/example_branch_labels.py
[2025-11-28T07:15:51.710+0000] {processor.py:830} INFO - Processing file /home/airflow/.local/lib/python3.8/site-packages/airflow/example_dags/example_branch_labels.py for tasks to queue
[2025-11-28T07:15:51.713+0000] {logging_mixin.py:188} INFO - [2025-11-28T07:15:51.712+0000] {dagbag.py:538} INFO - Filling up the DagBag from /home/airflow/.local/lib/python3.8/site-packages/airflow/example_dags/example_branch_labels.py
[2025-11-28T07:15:51.722+0000] {processor.py:840} INFO - DAG(s) 'example_branch_labels' retrieved from /home/airflow/.local/lib/python3.8/site-packages/airflow/example_dags/example_branch_labels.py
[2025-11-28T07:15:51.751+0000] {logging_mixin.py:188} INFO - [2025-11-28T07:15:51.751+0000] {dag.py:3036} INFO - Sync 1 DAGs
[2025-11-28T07:15:51.914+0000] {logging_mixin.py:188} INFO - [2025-11-28T07:15:51.914+0000] {dag.py:3823} INFO - Setting next_dagrun for example_branch_labels to 2025-11-27 00:00:00+00:00, run_after=2025-11-28 00:00:00+00:00
[2025-11-28T07:15:51.934+0000] {processor.py:183} INFO - Processing /home/airflow/.local/lib/python3.8/site-packages/airflow/example_dags/example_branch_labels.py took 0.228 seconds
[2025-11-28T07:16:22.233+0000] {processor.py:161} INFO - Started process (PID=2677) to work on /home/airflow/.local/lib/python3.8/site-packages/airflow/example_dags/example_branch_labels.py
[2025-11-28T07:16:22.236+0000] {processor.py:830} INFO - Processing file /home/airflow/.local/lib/python3.8/site-packages/airflow/example_dags/example_branch_labels.py for tasks to queue
[2025-11-28T07:16:22.239+0000] {logging_mixin.py:188} INFO - [2025-11-28T07:16:22.238+0000] {dagbag.py:538} INFO - Filling up the DagBag from /home/airflow/.local/lib/python3.8/site-packages/airflow/example_dags/example_branch_labels.py
[2025-11-28T07:16:22.245+0000] {processor.py:840} INFO - DAG(s) 'example_branch_labels' retrieved from /home/airflow/.local/lib/python3.8/site-packages/airflow/example_dags/example_branch_labels.py
[2025-11-28T07:16:22.270+0000] {logging_mixin.py:188} INFO - [2025-11-28T07:16:22.269+0000] {dag.py:3036} INFO - Sync 1 DAGs
[2025-11-28T07:16:22.423+0000] {logging_mixin.py:188} INFO - [2025-11-28T07:16:22.423+0000] {dag.py:3823} INFO - Setting next_dagrun for example_branch_labels to 2025-11-27 00:00:00+00:00, run_after=2025-11-28 00:00:00+00:00
[2025-11-28T07:16:22.440+0000] {processor.py:183} INFO - Processing /home/airflow/.local/lib/python3.8/site-packages/airflow/example_dags/example_branch_labels.py took 0.211 seconds
[2025-11-28T07:16:52.815+0000] {processor.py:161} INFO - Started process (PID=2732) to work on /home/airflow/.local/lib/python3.8/site-packages/airflow/example_dags/example_branch_labels.py
[2025-11-28T07:16:52.816+0000] {processor.py:830} INFO - Processing file /home/airflow/.local/lib/python3.8/site-packages/airflow/example_dags/example_branch_labels.py for tasks to queue
[2025-11-28T07:16:52.819+0000] {logging_mixin.py:188} INFO - [2025-11-28T07:16:52.819+0000] {dagbag.py:538} INFO - Filling up the DagBag from /home/airflow/.local/lib/python3.8/site-packages/airflow/example_dags/example_branch_labels.py
[2025-11-28T07:16:52.833+0000] {processor.py:840} INFO - DAG(s) 'example_branch_labels' retrieved from /home/airflow/.local/lib/python3.8/site-packages/airflow/example_dags/example_branch_labels.py
[2025-11-28T07:16:52.877+0000] {logging_mixin.py:188} INFO - [2025-11-28T07:16:52.877+0000] {dag.py:3036} INFO - Sync 1 DAGs
[2025-11-28T07:16:52.901+0000] {logging_mixin.py:188} INFO - [2025-11-28T07:16:52.901+0000] {dag.py:3823} INFO - Setting next_dagrun for example_branch_labels to 2025-11-27 00:00:00+00:00, run_after=2025-11-28 00:00:00+00:00
[2025-11-28T07:16:52.925+0000] {processor.py:183} INFO - Processing /home/airflow/.local/lib/python3.8/site-packages/airflow/example_dags/example_branch_labels.py took 0.114 seconds
[2025-11-28T07:17:23.143+0000] {processor.py:161} INFO - Started process (PID=2787) to work on /home/airflow/.local/lib/python3.8/site-packages/airflow/example_dags/example_branch_labels.py
[2025-11-28T07:17:23.145+0000] {processor.py:830} INFO - Processing file /home/airflow/.local/lib/python3.8/site-packages/airflow/example_dags/example_branch_labels.py for tasks to queue
[2025-11-28T07:17:23.149+0000] {logging_mixin.py:188} INFO - [2025-11-28T07:17:23.148+0000] {dagbag.py:538} INFO - Filling up the DagBag from /home/airflow/.local/lib/python3.8/site-packages/airflow/example_dags/example_branch_labels.py
[2025-11-28T07:17:23.162+0000] {processor.py:840} INFO - DAG(s) 'example_branch_labels' retrieved from /home/airflow/.local/lib/python3.8/site-packages/airflow/example_dags/example_branch_labels.py
[2025-11-28T07:17:23.193+0000] {logging_mixin.py:188} INFO - [2025-11-28T07:17:23.193+0000] {dag.py:3036} INFO - Sync 1 DAGs
[2025-11-28T07:17:23.219+0000] {logging_mixin.py:188} INFO - [2025-11-28T07:17:23.219+0000] {dag.py:3823} INFO - Setting next_dagrun for example_branch_labels to 2025-11-27 00:00:00+00:00, run_after=2025-11-28 00:00:00+00:00
[2025-11-28T07:17:23.241+0000] {processor.py:183} INFO - Processing /home/airflow/.local/lib/python3.8/site-packages/airflow/example_dags/example_branch_labels.py took 0.102 seconds
[2025-11-28T07:17:53.975+0000] {processor.py:161} INFO - Started process (PID=2842) to work on /home/airflow/.local/lib/python3.8/site-packages/airflow/example_dags/example_branch_labels.py
[2025-11-28T07:17:53.977+0000] {processor.py:830} INFO - Processing file /home/airflow/.local/lib/python3.8/site-packages/airflow/example_dags/example_branch_labels.py for tasks to queue
[2025-11-28T07:17:53.979+0000] {logging_mixin.py:188} INFO - [2025-11-28T07:17:53.979+0000] {dagbag.py:538} INFO - Filling up the DagBag from /home/airflow/.local/lib/python3.8/site-packages/airflow/example_dags/example_branch_labels.py
[2025-11-28T07:17:53.986+0000] {processor.py:840} INFO - DAG(s) 'example_branch_labels' retrieved from /home/airflow/.local/lib/python3.8/site-packages/airflow/example_dags/example_branch_labels.py
[2025-11-28T07:17:54.005+0000] {logging_mixin.py:188} INFO - [2025-11-28T07:17:54.004+0000] {dag.py:3036} INFO - Sync 1 DAGs
[2025-11-28T07:17:54.021+0000] {logging_mixin.py:188} INFO - [2025-11-28T07:17:54.021+0000] {dag.py:3823} INFO - Setting next_dagrun for example_branch_labels to 2025-11-27 00:00:00+00:00, run_after=2025-11-28 00:00:00+00:00
[2025-11-28T07:17:54.037+0000] {processor.py:183} INFO - Processing /home/airflow/.local/lib/python3.8/site-packages/airflow/example_dags/example_branch_labels.py took 0.065 seconds
[2025-11-28T07:18:24.815+0000] {processor.py:161} INFO - Started process (PID=2897) to work on /home/airflow/.local/lib/python3.8/site-packages/airflow/example_dags/example_branch_labels.py
[2025-11-28T07:18:24.816+0000] {processor.py:830} INFO - Processing file /home/airflow/.local/lib/python3.8/site-packages/airflow/example_dags/example_branch_labels.py for tasks to queue
[2025-11-28T07:18:24.818+0000] {logging_mixin.py:188} INFO - [2025-11-28T07:18:24.818+0000] {dagbag.py:538} INFO - Filling up the DagBag from /home/airflow/.local/lib/python3.8/site-packages/airflow/example_dags/example_branch_labels.py
[2025-11-28T07:18:24.826+0000] {processor.py:840} INFO - DAG(s) 'example_branch_labels' retrieved from /home/airflow/.local/lib/python3.8/site-packages/airflow/example_dags/example_branch_labels.py
[2025-11-28T07:18:24.848+0000] {logging_mixin.py:188} INFO - [2025-11-28T07:18:24.847+0000] {dag.py:3036} INFO - Sync 1 DAGs
[2025-11-28T07:18:24.868+0000] {logging_mixin.py:188} INFO - [2025-11-28T07:18:24.868+0000] {dag.py:3823} INFO - Setting next_dagrun for example_branch_labels to 2025-11-27 00:00:00+00:00, run_after=2025-11-28 00:00:00+00:00
[2025-11-28T07:18:24.892+0000] {processor.py:183} INFO - Processing /home/airflow/.local/lib/python3.8/site-packages/airflow/example_dags/example_branch_labels.py took 0.080 seconds
[2025-11-28T07:18:55.245+0000] {processor.py:161} INFO - Started process (PID=2952) to work on /home/airflow/.local/lib/python3.8/site-packages/airflow/example_dags/example_branch_labels.py
[2025-11-28T07:18:55.246+0000] {processor.py:830} INFO - Processing file /home/airflow/.local/lib/python3.8/site-packages/airflow/example_dags/example_branch_labels.py for tasks to queue
[2025-11-28T07:18:55.248+0000] {logging_mixin.py:188} INFO - [2025-11-28T07:18:55.248+0000] {dagbag.py:538} INFO - Filling up the DagBag from /home/airflow/.local/lib/python3.8/site-packages/airflow/example_dags/example_branch_labels.py
[2025-11-28T07:18:55.255+0000] {processor.py:840} INFO - DAG(s) 'example_branch_labels' retrieved from /home/airflow/.local/lib/python3.8/site-packages/airflow/example_dags/example_branch_labels.py
[2025-11-28T07:18:55.276+0000] {logging_mixin.py:188} INFO - [2025-11-28T07:18:55.275+0000] {dag.py:3036} INFO - Sync 1 DAGs
[2025-11-28T07:18:55.297+0000] {logging_mixin.py:188} INFO - [2025-11-28T07:18:55.296+0000] {dag.py:3823} INFO - Setting next_dagrun for example_branch_labels to 2025-11-27 00:00:00+00:00, run_after=2025-11-28 00:00:00+00:00
[2025-11-28T07:18:55.314+0000] {processor.py:183} INFO - Processing /home/airflow/.local/lib/python3.8/site-packages/airflow/example_dags/example_branch_labels.py took 0.071 seconds
[2025-11-28T07:19:25.796+0000] {processor.py:161} INFO - Started process (PID=3006) to work on /home/airflow/.local/lib/python3.8/site-packages/airflow/example_dags/example_branch_labels.py
[2025-11-28T07:19:25.801+0000] {processor.py:830} INFO - Processing file /home/airflow/.local/lib/python3.8/site-packages/airflow/example_dags/example_branch_labels.py for tasks to queue
[2025-11-28T07:19:25.807+0000] {logging_mixin.py:188} INFO - [2025-11-28T07:19:25.806+0000] {dagbag.py:538} INFO - Filling up the DagBag from /home/airflow/.local/lib/python3.8/site-packages/airflow/example_dags/example_branch_labels.py
[2025-11-28T07:19:25.833+0000] {processor.py:840} INFO - DAG(s) 'example_branch_labels' retrieved from /home/airflow/.local/lib/python3.8/site-packages/airflow/example_dags/example_branch_labels.py
[2025-11-28T07:19:25.896+0000] {logging_mixin.py:188} INFO - [2025-11-28T07:19:25.896+0000] {dag.py:3036} INFO - Sync 1 DAGs
[2025-11-28T07:19:25.923+0000] {logging_mixin.py:188} INFO - [2025-11-28T07:19:25.923+0000] {dag.py:3823} INFO - Setting next_dagrun for example_branch_labels to 2025-11-27 00:00:00+00:00, run_after=2025-11-28 00:00:00+00:00
[2025-11-28T07:19:25.945+0000] {processor.py:183} INFO - Processing /home/airflow/.local/lib/python3.8/site-packages/airflow/example_dags/example_branch_labels.py took 0.158 seconds
