[2025-11-28T06:52:25.388+0000] {processor.py:161} INFO - Started process (PID=78) to work on /home/airflow/.local/lib/python3.8/site-packages/airflow/example_dags/example_params_trigger_ui.py
[2025-11-28T06:52:25.390+0000] {processor.py:830} INFO - Processing file /home/airflow/.local/lib/python3.8/site-packages/airflow/example_dags/example_params_trigger_ui.py for tasks to queue
[2025-11-28T06:52:25.394+0000] {logging_mixin.py:188} INFO - [2025-11-28T06:52:25.393+0000] {dagbag.py:538} INFO - Filling up the DagBag from /home/airflow/.local/lib/python3.8/site-packages/airflow/example_dags/example_params_trigger_ui.py
[2025-11-28T06:52:25.424+0000] {processor.py:840} INFO - DAG(s) 'example_params_trigger_ui' retrieved from /home/airflow/.local/lib/python3.8/site-packages/airflow/example_dags/example_params_trigger_ui.py
[2025-11-28T06:52:25.580+0000] {logging_mixin.py:188} INFO - [2025-11-28T06:52:25.579+0000] {override.py:1769} INFO - Created Permission View: can edit on DAG:example_params_trigger_ui
[2025-11-28T06:52:25.592+0000] {logging_mixin.py:188} INFO - [2025-11-28T06:52:25.592+0000] {override.py:1769} INFO - Created Permission View: can delete on DAG:example_params_trigger_ui
[2025-11-28T06:52:25.601+0000] {logging_mixin.py:188} INFO - [2025-11-28T06:52:25.601+0000] {override.py:1769} INFO - Created Permission View: can read on DAG:example_params_trigger_ui
[2025-11-28T06:52:25.602+0000] {logging_mixin.py:188} INFO - [2025-11-28T06:52:25.602+0000] {dag.py:3036} INFO - Sync 1 DAGs
[2025-11-28T06:52:25.614+0000] {logging_mixin.py:188} INFO - [2025-11-28T06:52:25.614+0000] {dag.py:3058} INFO - Creating ORM DAG for example_params_trigger_ui
[2025-11-28T06:52:25.616+0000] {logging_mixin.py:188} INFO - [2025-11-28T06:52:25.616+0000] {dag.py:3823} INFO - Setting next_dagrun for example_params_trigger_ui to None, run_after=None
[2025-11-28T06:52:25.640+0000] {processor.py:183} INFO - Processing /home/airflow/.local/lib/python3.8/site-packages/airflow/example_dags/example_params_trigger_ui.py took 0.256 seconds
[2025-11-28T06:52:55.911+0000] {processor.py:161} INFO - Started process (PID=133) to work on /home/airflow/.local/lib/python3.8/site-packages/airflow/example_dags/example_params_trigger_ui.py
[2025-11-28T06:52:55.914+0000] {processor.py:830} INFO - Processing file /home/airflow/.local/lib/python3.8/site-packages/airflow/example_dags/example_params_trigger_ui.py for tasks to queue
[2025-11-28T06:52:55.918+0000] {logging_mixin.py:188} INFO - [2025-11-28T06:52:55.918+0000] {dagbag.py:538} INFO - Filling up the DagBag from /home/airflow/.local/lib/python3.8/site-packages/airflow/example_dags/example_params_trigger_ui.py
[2025-11-28T06:52:55.944+0000] {processor.py:840} INFO - DAG(s) 'example_params_trigger_ui' retrieved from /home/airflow/.local/lib/python3.8/site-packages/airflow/example_dags/example_params_trigger_ui.py
[2025-11-28T06:52:55.991+0000] {logging_mixin.py:188} INFO - [2025-11-28T06:52:55.991+0000] {dag.py:3036} INFO - Sync 1 DAGs
[2025-11-28T06:52:56.004+0000] {logging_mixin.py:188} INFO - [2025-11-28T06:52:56.004+0000] {dag.py:3823} INFO - Setting next_dagrun for example_params_trigger_ui to None, run_after=None
[2025-11-28T06:52:56.034+0000] {processor.py:183} INFO - Processing /home/airflow/.local/lib/python3.8/site-packages/airflow/example_dags/example_params_trigger_ui.py took 0.131 seconds
[2025-11-28T06:53:26.922+0000] {processor.py:161} INFO - Started process (PID=194) to work on /home/airflow/.local/lib/python3.8/site-packages/airflow/example_dags/example_params_trigger_ui.py
[2025-11-28T06:53:26.926+0000] {processor.py:830} INFO - Processing file /home/airflow/.local/lib/python3.8/site-packages/airflow/example_dags/example_params_trigger_ui.py for tasks to queue
[2025-11-28T06:53:26.930+0000] {logging_mixin.py:188} INFO - [2025-11-28T06:53:26.929+0000] {dagbag.py:538} INFO - Filling up the DagBag from /home/airflow/.local/lib/python3.8/site-packages/airflow/example_dags/example_params_trigger_ui.py
[2025-11-28T06:53:26.942+0000] {processor.py:840} INFO - DAG(s) 'example_params_trigger_ui' retrieved from /home/airflow/.local/lib/python3.8/site-packages/airflow/example_dags/example_params_trigger_ui.py
[2025-11-28T06:53:26.990+0000] {logging_mixin.py:188} INFO - [2025-11-28T06:53:26.990+0000] {dag.py:3036} INFO - Sync 1 DAGs
[2025-11-28T06:53:27.001+0000] {logging_mixin.py:188} INFO - [2025-11-28T06:53:27.001+0000] {dag.py:3823} INFO - Setting next_dagrun for example_params_trigger_ui to None, run_after=None
[2025-11-28T06:53:27.023+0000] {processor.py:183} INFO - Processing /home/airflow/.local/lib/python3.8/site-packages/airflow/example_dags/example_params_trigger_ui.py took 0.104 seconds
[2025-11-28T06:53:57.122+0000] {processor.py:161} INFO - Started process (PID=249) to work on /home/airflow/.local/lib/python3.8/site-packages/airflow/example_dags/example_params_trigger_ui.py
[2025-11-28T06:53:57.124+0000] {processor.py:830} INFO - Processing file /home/airflow/.local/lib/python3.8/site-packages/airflow/example_dags/example_params_trigger_ui.py for tasks to queue
[2025-11-28T06:53:57.126+0000] {logging_mixin.py:188} INFO - [2025-11-28T06:53:57.125+0000] {dagbag.py:538} INFO - Filling up the DagBag from /home/airflow/.local/lib/python3.8/site-packages/airflow/example_dags/example_params_trigger_ui.py
[2025-11-28T06:53:57.142+0000] {processor.py:840} INFO - DAG(s) 'example_params_trigger_ui' retrieved from /home/airflow/.local/lib/python3.8/site-packages/airflow/example_dags/example_params_trigger_ui.py
[2025-11-28T06:53:57.175+0000] {logging_mixin.py:188} INFO - [2025-11-28T06:53:57.175+0000] {dag.py:3036} INFO - Sync 1 DAGs
[2025-11-28T06:53:57.184+0000] {logging_mixin.py:188} INFO - [2025-11-28T06:53:57.184+0000] {dag.py:3823} INFO - Setting next_dagrun for example_params_trigger_ui to None, run_after=None
[2025-11-28T06:53:57.204+0000] {processor.py:183} INFO - Processing /home/airflow/.local/lib/python3.8/site-packages/airflow/example_dags/example_params_trigger_ui.py took 0.084 seconds
[2025-11-28T06:54:27.518+0000] {processor.py:161} INFO - Started process (PID=304) to work on /home/airflow/.local/lib/python3.8/site-packages/airflow/example_dags/example_params_trigger_ui.py
[2025-11-28T06:54:27.519+0000] {processor.py:830} INFO - Processing file /home/airflow/.local/lib/python3.8/site-packages/airflow/example_dags/example_params_trigger_ui.py for tasks to queue
[2025-11-28T06:54:27.521+0000] {logging_mixin.py:188} INFO - [2025-11-28T06:54:27.521+0000] {dagbag.py:538} INFO - Filling up the DagBag from /home/airflow/.local/lib/python3.8/site-packages/airflow/example_dags/example_params_trigger_ui.py
[2025-11-28T06:54:27.531+0000] {processor.py:840} INFO - DAG(s) 'example_params_trigger_ui' retrieved from /home/airflow/.local/lib/python3.8/site-packages/airflow/example_dags/example_params_trigger_ui.py
[2025-11-28T06:54:27.564+0000] {logging_mixin.py:188} INFO - [2025-11-28T06:54:27.564+0000] {dag.py:3036} INFO - Sync 1 DAGs
[2025-11-28T06:54:27.574+0000] {logging_mixin.py:188} INFO - [2025-11-28T06:54:27.574+0000] {dag.py:3823} INFO - Setting next_dagrun for example_params_trigger_ui to None, run_after=None
[2025-11-28T06:54:27.590+0000] {processor.py:183} INFO - Processing /home/airflow/.local/lib/python3.8/site-packages/airflow/example_dags/example_params_trigger_ui.py took 0.075 seconds
[2025-11-28T06:54:58.172+0000] {processor.py:161} INFO - Started process (PID=359) to work on /home/airflow/.local/lib/python3.8/site-packages/airflow/example_dags/example_params_trigger_ui.py
[2025-11-28T06:54:58.176+0000] {processor.py:830} INFO - Processing file /home/airflow/.local/lib/python3.8/site-packages/airflow/example_dags/example_params_trigger_ui.py for tasks to queue
[2025-11-28T06:54:58.178+0000] {logging_mixin.py:188} INFO - [2025-11-28T06:54:58.178+0000] {dagbag.py:538} INFO - Filling up the DagBag from /home/airflow/.local/lib/python3.8/site-packages/airflow/example_dags/example_params_trigger_ui.py
[2025-11-28T06:54:58.188+0000] {processor.py:840} INFO - DAG(s) 'example_params_trigger_ui' retrieved from /home/airflow/.local/lib/python3.8/site-packages/airflow/example_dags/example_params_trigger_ui.py
[2025-11-28T06:54:58.204+0000] {logging_mixin.py:188} INFO - [2025-11-28T06:54:58.204+0000] {dag.py:3036} INFO - Sync 1 DAGs
[2025-11-28T06:54:58.215+0000] {logging_mixin.py:188} INFO - [2025-11-28T06:54:58.215+0000] {dag.py:3823} INFO - Setting next_dagrun for example_params_trigger_ui to None, run_after=None
[2025-11-28T06:54:58.237+0000] {processor.py:183} INFO - Processing /home/airflow/.local/lib/python3.8/site-packages/airflow/example_dags/example_params_trigger_ui.py took 0.068 seconds
[2025-11-28T06:55:28.491+0000] {processor.py:161} INFO - Started process (PID=414) to work on /home/airflow/.local/lib/python3.8/site-packages/airflow/example_dags/example_params_trigger_ui.py
[2025-11-28T06:55:28.492+0000] {processor.py:830} INFO - Processing file /home/airflow/.local/lib/python3.8/site-packages/airflow/example_dags/example_params_trigger_ui.py for tasks to queue
[2025-11-28T06:55:28.494+0000] {logging_mixin.py:188} INFO - [2025-11-28T06:55:28.493+0000] {dagbag.py:538} INFO - Filling up the DagBag from /home/airflow/.local/lib/python3.8/site-packages/airflow/example_dags/example_params_trigger_ui.py
[2025-11-28T06:55:28.506+0000] {processor.py:840} INFO - DAG(s) 'example_params_trigger_ui' retrieved from /home/airflow/.local/lib/python3.8/site-packages/airflow/example_dags/example_params_trigger_ui.py
[2025-11-28T06:55:28.628+0000] {logging_mixin.py:188} INFO - [2025-11-28T06:55:28.628+0000] {dag.py:3036} INFO - Sync 1 DAGs
[2025-11-28T06:55:28.638+0000] {logging_mixin.py:188} INFO - [2025-11-28T06:55:28.637+0000] {dag.py:3823} INFO - Setting next_dagrun for example_params_trigger_ui to None, run_after=None
[2025-11-28T06:55:28.658+0000] {processor.py:183} INFO - Processing /home/airflow/.local/lib/python3.8/site-packages/airflow/example_dags/example_params_trigger_ui.py took 0.169 seconds
[2025-11-28T06:55:58.880+0000] {processor.py:161} INFO - Started process (PID=470) to work on /home/airflow/.local/lib/python3.8/site-packages/airflow/example_dags/example_params_trigger_ui.py
[2025-11-28T06:55:58.883+0000] {processor.py:830} INFO - Processing file /home/airflow/.local/lib/python3.8/site-packages/airflow/example_dags/example_params_trigger_ui.py for tasks to queue
[2025-11-28T06:55:58.884+0000] {logging_mixin.py:188} INFO - [2025-11-28T06:55:58.884+0000] {dagbag.py:538} INFO - Filling up the DagBag from /home/airflow/.local/lib/python3.8/site-packages/airflow/example_dags/example_params_trigger_ui.py
[2025-11-28T06:55:58.896+0000] {processor.py:840} INFO - DAG(s) 'example_params_trigger_ui' retrieved from /home/airflow/.local/lib/python3.8/site-packages/airflow/example_dags/example_params_trigger_ui.py
[2025-11-28T06:55:58.930+0000] {logging_mixin.py:188} INFO - [2025-11-28T06:55:58.930+0000] {dag.py:3036} INFO - Sync 1 DAGs
[2025-11-28T06:55:58.941+0000] {logging_mixin.py:188} INFO - [2025-11-28T06:55:58.941+0000] {dag.py:3823} INFO - Setting next_dagrun for example_params_trigger_ui to None, run_after=None
[2025-11-28T06:55:58.963+0000] {processor.py:183} INFO - Processing /home/airflow/.local/lib/python3.8/site-packages/airflow/example_dags/example_params_trigger_ui.py took 0.085 seconds
[2025-11-28T06:56:29.059+0000] {processor.py:161} INFO - Started process (PID=524) to work on /home/airflow/.local/lib/python3.8/site-packages/airflow/example_dags/example_params_trigger_ui.py
[2025-11-28T06:56:29.061+0000] {processor.py:830} INFO - Processing file /home/airflow/.local/lib/python3.8/site-packages/airflow/example_dags/example_params_trigger_ui.py for tasks to queue
[2025-11-28T06:56:29.063+0000] {logging_mixin.py:188} INFO - [2025-11-28T06:56:29.063+0000] {dagbag.py:538} INFO - Filling up the DagBag from /home/airflow/.local/lib/python3.8/site-packages/airflow/example_dags/example_params_trigger_ui.py
[2025-11-28T06:56:29.073+0000] {processor.py:840} INFO - DAG(s) 'example_params_trigger_ui' retrieved from /home/airflow/.local/lib/python3.8/site-packages/airflow/example_dags/example_params_trigger_ui.py
[2025-11-28T06:56:29.106+0000] {logging_mixin.py:188} INFO - [2025-11-28T06:56:29.106+0000] {dag.py:3036} INFO - Sync 1 DAGs
[2025-11-28T06:56:29.117+0000] {logging_mixin.py:188} INFO - [2025-11-28T06:56:29.116+0000] {dag.py:3823} INFO - Setting next_dagrun for example_params_trigger_ui to None, run_after=None
[2025-11-28T06:56:29.133+0000] {processor.py:183} INFO - Processing /home/airflow/.local/lib/python3.8/site-packages/airflow/example_dags/example_params_trigger_ui.py took 0.076 seconds
[2025-11-28T06:56:59.534+0000] {processor.py:161} INFO - Started process (PID=579) to work on /home/airflow/.local/lib/python3.8/site-packages/airflow/example_dags/example_params_trigger_ui.py
[2025-11-28T06:56:59.535+0000] {processor.py:830} INFO - Processing file /home/airflow/.local/lib/python3.8/site-packages/airflow/example_dags/example_params_trigger_ui.py for tasks to queue
[2025-11-28T06:56:59.538+0000] {logging_mixin.py:188} INFO - [2025-11-28T06:56:59.537+0000] {dagbag.py:538} INFO - Filling up the DagBag from /home/airflow/.local/lib/python3.8/site-packages/airflow/example_dags/example_params_trigger_ui.py
[2025-11-28T06:56:59.547+0000] {processor.py:840} INFO - DAG(s) 'example_params_trigger_ui' retrieved from /home/airflow/.local/lib/python3.8/site-packages/airflow/example_dags/example_params_trigger_ui.py
[2025-11-28T06:56:59.577+0000] {logging_mixin.py:188} INFO - [2025-11-28T06:56:59.577+0000] {dag.py:3036} INFO - Sync 1 DAGs
[2025-11-28T06:56:59.587+0000] {logging_mixin.py:188} INFO - [2025-11-28T06:56:59.587+0000] {dag.py:3823} INFO - Setting next_dagrun for example_params_trigger_ui to None, run_after=None
[2025-11-28T06:56:59.605+0000] {processor.py:183} INFO - Processing /home/airflow/.local/lib/python3.8/site-packages/airflow/example_dags/example_params_trigger_ui.py took 0.073 seconds
[2025-11-28T06:57:30.243+0000] {processor.py:161} INFO - Started process (PID=634) to work on /home/airflow/.local/lib/python3.8/site-packages/airflow/example_dags/example_params_trigger_ui.py
[2025-11-28T06:57:30.246+0000] {processor.py:830} INFO - Processing file /home/airflow/.local/lib/python3.8/site-packages/airflow/example_dags/example_params_trigger_ui.py for tasks to queue
[2025-11-28T06:57:30.248+0000] {logging_mixin.py:188} INFO - [2025-11-28T06:57:30.248+0000] {dagbag.py:538} INFO - Filling up the DagBag from /home/airflow/.local/lib/python3.8/site-packages/airflow/example_dags/example_params_trigger_ui.py
[2025-11-28T06:57:30.262+0000] {processor.py:840} INFO - DAG(s) 'example_params_trigger_ui' retrieved from /home/airflow/.local/lib/python3.8/site-packages/airflow/example_dags/example_params_trigger_ui.py
[2025-11-28T06:57:30.297+0000] {logging_mixin.py:188} INFO - [2025-11-28T06:57:30.297+0000] {dag.py:3036} INFO - Sync 1 DAGs
[2025-11-28T06:57:30.305+0000] {logging_mixin.py:188} INFO - [2025-11-28T06:57:30.305+0000] {dag.py:3823} INFO - Setting next_dagrun for example_params_trigger_ui to None, run_after=None
[2025-11-28T06:57:30.321+0000] {processor.py:183} INFO - Processing /home/airflow/.local/lib/python3.8/site-packages/airflow/example_dags/example_params_trigger_ui.py took 0.083 seconds
[2025-11-28T06:58:00.802+0000] {processor.py:161} INFO - Started process (PID=689) to work on /home/airflow/.local/lib/python3.8/site-packages/airflow/example_dags/example_params_trigger_ui.py
[2025-11-28T06:58:00.804+0000] {processor.py:830} INFO - Processing file /home/airflow/.local/lib/python3.8/site-packages/airflow/example_dags/example_params_trigger_ui.py for tasks to queue
[2025-11-28T06:58:00.808+0000] {logging_mixin.py:188} INFO - [2025-11-28T06:58:00.808+0000] {dagbag.py:538} INFO - Filling up the DagBag from /home/airflow/.local/lib/python3.8/site-packages/airflow/example_dags/example_params_trigger_ui.py
[2025-11-28T06:58:00.827+0000] {processor.py:840} INFO - DAG(s) 'example_params_trigger_ui' retrieved from /home/airflow/.local/lib/python3.8/site-packages/airflow/example_dags/example_params_trigger_ui.py
[2025-11-28T06:58:00.867+0000] {logging_mixin.py:188} INFO - [2025-11-28T06:58:00.867+0000] {dag.py:3036} INFO - Sync 1 DAGs
[2025-11-28T06:58:00.876+0000] {logging_mixin.py:188} INFO - [2025-11-28T06:58:00.876+0000] {dag.py:3823} INFO - Setting next_dagrun for example_params_trigger_ui to None, run_after=None
[2025-11-28T06:58:00.893+0000] {processor.py:183} INFO - Processing /home/airflow/.local/lib/python3.8/site-packages/airflow/example_dags/example_params_trigger_ui.py took 0.095 seconds
[2025-11-28T06:58:31.492+0000] {processor.py:161} INFO - Started process (PID=744) to work on /home/airflow/.local/lib/python3.8/site-packages/airflow/example_dags/example_params_trigger_ui.py
[2025-11-28T06:58:31.494+0000] {processor.py:830} INFO - Processing file /home/airflow/.local/lib/python3.8/site-packages/airflow/example_dags/example_params_trigger_ui.py for tasks to queue
[2025-11-28T06:58:31.498+0000] {logging_mixin.py:188} INFO - [2025-11-28T06:58:31.498+0000] {dagbag.py:538} INFO - Filling up the DagBag from /home/airflow/.local/lib/python3.8/site-packages/airflow/example_dags/example_params_trigger_ui.py
[2025-11-28T06:58:31.519+0000] {processor.py:840} INFO - DAG(s) 'example_params_trigger_ui' retrieved from /home/airflow/.local/lib/python3.8/site-packages/airflow/example_dags/example_params_trigger_ui.py
[2025-11-28T06:58:31.558+0000] {logging_mixin.py:188} INFO - [2025-11-28T06:58:31.558+0000] {dag.py:3036} INFO - Sync 1 DAGs
[2025-11-28T06:58:31.568+0000] {logging_mixin.py:188} INFO - [2025-11-28T06:58:31.568+0000] {dag.py:3823} INFO - Setting next_dagrun for example_params_trigger_ui to None, run_after=None
[2025-11-28T06:58:31.585+0000] {processor.py:183} INFO - Processing /home/airflow/.local/lib/python3.8/site-packages/airflow/example_dags/example_params_trigger_ui.py took 0.100 seconds
[2025-11-28T06:59:01.917+0000] {processor.py:161} INFO - Started process (PID=799) to work on /home/airflow/.local/lib/python3.8/site-packages/airflow/example_dags/example_params_trigger_ui.py
[2025-11-28T06:59:01.920+0000] {processor.py:830} INFO - Processing file /home/airflow/.local/lib/python3.8/site-packages/airflow/example_dags/example_params_trigger_ui.py for tasks to queue
[2025-11-28T06:59:01.925+0000] {logging_mixin.py:188} INFO - [2025-11-28T06:59:01.924+0000] {dagbag.py:538} INFO - Filling up the DagBag from /home/airflow/.local/lib/python3.8/site-packages/airflow/example_dags/example_params_trigger_ui.py
[2025-11-28T06:59:01.942+0000] {processor.py:840} INFO - DAG(s) 'example_params_trigger_ui' retrieved from /home/airflow/.local/lib/python3.8/site-packages/airflow/example_dags/example_params_trigger_ui.py
[2025-11-28T06:59:01.981+0000] {logging_mixin.py:188} INFO - [2025-11-28T06:59:01.981+0000] {dag.py:3036} INFO - Sync 1 DAGs
[2025-11-28T06:59:01.991+0000] {logging_mixin.py:188} INFO - [2025-11-28T06:59:01.991+0000] {dag.py:3823} INFO - Setting next_dagrun for example_params_trigger_ui to None, run_after=None
[2025-11-28T06:59:02.012+0000] {processor.py:183} INFO - Processing /home/airflow/.local/lib/python3.8/site-packages/airflow/example_dags/example_params_trigger_ui.py took 0.100 seconds
[2025-11-28T06:59:32.396+0000] {processor.py:161} INFO - Started process (PID=854) to work on /home/airflow/.local/lib/python3.8/site-packages/airflow/example_dags/example_params_trigger_ui.py
[2025-11-28T06:59:32.397+0000] {processor.py:830} INFO - Processing file /home/airflow/.local/lib/python3.8/site-packages/airflow/example_dags/example_params_trigger_ui.py for tasks to queue
[2025-11-28T06:59:32.399+0000] {logging_mixin.py:188} INFO - [2025-11-28T06:59:32.398+0000] {dagbag.py:538} INFO - Filling up the DagBag from /home/airflow/.local/lib/python3.8/site-packages/airflow/example_dags/example_params_trigger_ui.py
[2025-11-28T06:59:32.409+0000] {processor.py:840} INFO - DAG(s) 'example_params_trigger_ui' retrieved from /home/airflow/.local/lib/python3.8/site-packages/airflow/example_dags/example_params_trigger_ui.py
[2025-11-28T06:59:32.448+0000] {logging_mixin.py:188} INFO - [2025-11-28T06:59:32.448+0000] {dag.py:3036} INFO - Sync 1 DAGs
[2025-11-28T06:59:32.461+0000] {logging_mixin.py:188} INFO - [2025-11-28T06:59:32.460+0000] {dag.py:3823} INFO - Setting next_dagrun for example_params_trigger_ui to None, run_after=None
[2025-11-28T06:59:32.477+0000] {processor.py:183} INFO - Processing /home/airflow/.local/lib/python3.8/site-packages/airflow/example_dags/example_params_trigger_ui.py took 0.083 seconds
[2025-11-28T07:00:02.660+0000] {processor.py:161} INFO - Started process (PID=909) to work on /home/airflow/.local/lib/python3.8/site-packages/airflow/example_dags/example_params_trigger_ui.py
[2025-11-28T07:00:02.661+0000] {processor.py:830} INFO - Processing file /home/airflow/.local/lib/python3.8/site-packages/airflow/example_dags/example_params_trigger_ui.py for tasks to queue
[2025-11-28T07:00:02.663+0000] {logging_mixin.py:188} INFO - [2025-11-28T07:00:02.663+0000] {dagbag.py:538} INFO - Filling up the DagBag from /home/airflow/.local/lib/python3.8/site-packages/airflow/example_dags/example_params_trigger_ui.py
[2025-11-28T07:00:02.676+0000] {processor.py:840} INFO - DAG(s) 'example_params_trigger_ui' retrieved from /home/airflow/.local/lib/python3.8/site-packages/airflow/example_dags/example_params_trigger_ui.py
[2025-11-28T07:00:02.719+0000] {logging_mixin.py:188} INFO - [2025-11-28T07:00:02.719+0000] {dag.py:3036} INFO - Sync 1 DAGs
[2025-11-28T07:00:02.728+0000] {logging_mixin.py:188} INFO - [2025-11-28T07:00:02.727+0000] {dag.py:3823} INFO - Setting next_dagrun for example_params_trigger_ui to None, run_after=None
[2025-11-28T07:00:02.744+0000] {processor.py:183} INFO - Processing /home/airflow/.local/lib/python3.8/site-packages/airflow/example_dags/example_params_trigger_ui.py took 0.088 seconds
[2025-11-28T07:00:33.250+0000] {processor.py:161} INFO - Started process (PID=964) to work on /home/airflow/.local/lib/python3.8/site-packages/airflow/example_dags/example_params_trigger_ui.py
[2025-11-28T07:00:33.252+0000] {processor.py:830} INFO - Processing file /home/airflow/.local/lib/python3.8/site-packages/airflow/example_dags/example_params_trigger_ui.py for tasks to queue
[2025-11-28T07:00:33.255+0000] {logging_mixin.py:188} INFO - [2025-11-28T07:00:33.255+0000] {dagbag.py:538} INFO - Filling up the DagBag from /home/airflow/.local/lib/python3.8/site-packages/airflow/example_dags/example_params_trigger_ui.py
[2025-11-28T07:00:33.281+0000] {processor.py:840} INFO - DAG(s) 'example_params_trigger_ui' retrieved from /home/airflow/.local/lib/python3.8/site-packages/airflow/example_dags/example_params_trigger_ui.py
[2025-11-28T07:00:33.359+0000] {logging_mixin.py:188} INFO - [2025-11-28T07:00:33.359+0000] {dag.py:3036} INFO - Sync 1 DAGs
[2025-11-28T07:00:33.379+0000] {logging_mixin.py:188} INFO - [2025-11-28T07:00:33.379+0000] {dag.py:3823} INFO - Setting next_dagrun for example_params_trigger_ui to None, run_after=None
[2025-11-28T07:00:33.417+0000] {processor.py:183} INFO - Processing /home/airflow/.local/lib/python3.8/site-packages/airflow/example_dags/example_params_trigger_ui.py took 0.169 seconds
[2025-11-28T07:01:03.581+0000] {processor.py:161} INFO - Started process (PID=1019) to work on /home/airflow/.local/lib/python3.8/site-packages/airflow/example_dags/example_params_trigger_ui.py
[2025-11-28T07:01:03.593+0000] {processor.py:830} INFO - Processing file /home/airflow/.local/lib/python3.8/site-packages/airflow/example_dags/example_params_trigger_ui.py for tasks to queue
[2025-11-28T07:01:03.600+0000] {logging_mixin.py:188} INFO - [2025-11-28T07:01:03.600+0000] {dagbag.py:538} INFO - Filling up the DagBag from /home/airflow/.local/lib/python3.8/site-packages/airflow/example_dags/example_params_trigger_ui.py
[2025-11-28T07:01:03.624+0000] {processor.py:840} INFO - DAG(s) 'example_params_trigger_ui' retrieved from /home/airflow/.local/lib/python3.8/site-packages/airflow/example_dags/example_params_trigger_ui.py
[2025-11-28T07:01:03.685+0000] {logging_mixin.py:188} INFO - [2025-11-28T07:01:03.685+0000] {dag.py:3036} INFO - Sync 1 DAGs
[2025-11-28T07:01:03.703+0000] {logging_mixin.py:188} INFO - [2025-11-28T07:01:03.703+0000] {dag.py:3823} INFO - Setting next_dagrun for example_params_trigger_ui to None, run_after=None
[2025-11-28T07:01:03.746+0000] {processor.py:183} INFO - Processing /home/airflow/.local/lib/python3.8/site-packages/airflow/example_dags/example_params_trigger_ui.py took 0.167 seconds
[2025-11-28T07:01:33.942+0000] {processor.py:161} INFO - Started process (PID=1073) to work on /home/airflow/.local/lib/python3.8/site-packages/airflow/example_dags/example_params_trigger_ui.py
[2025-11-28T07:01:33.946+0000] {processor.py:830} INFO - Processing file /home/airflow/.local/lib/python3.8/site-packages/airflow/example_dags/example_params_trigger_ui.py for tasks to queue
[2025-11-28T07:01:33.948+0000] {logging_mixin.py:188} INFO - [2025-11-28T07:01:33.948+0000] {dagbag.py:538} INFO - Filling up the DagBag from /home/airflow/.local/lib/python3.8/site-packages/airflow/example_dags/example_params_trigger_ui.py
[2025-11-28T07:01:33.962+0000] {processor.py:840} INFO - DAG(s) 'example_params_trigger_ui' retrieved from /home/airflow/.local/lib/python3.8/site-packages/airflow/example_dags/example_params_trigger_ui.py
[2025-11-28T07:01:34.040+0000] {logging_mixin.py:188} INFO - [2025-11-28T07:01:34.039+0000] {dag.py:3036} INFO - Sync 1 DAGs
[2025-11-28T07:01:34.057+0000] {logging_mixin.py:188} INFO - [2025-11-28T07:01:34.057+0000] {dag.py:3823} INFO - Setting next_dagrun for example_params_trigger_ui to None, run_after=None
[2025-11-28T07:01:34.087+0000] {processor.py:183} INFO - Processing /home/airflow/.local/lib/python3.8/site-packages/airflow/example_dags/example_params_trigger_ui.py took 0.151 seconds
[2025-11-28T07:02:04.195+0000] {processor.py:161} INFO - Started process (PID=1128) to work on /home/airflow/.local/lib/python3.8/site-packages/airflow/example_dags/example_params_trigger_ui.py
[2025-11-28T07:02:04.197+0000] {processor.py:830} INFO - Processing file /home/airflow/.local/lib/python3.8/site-packages/airflow/example_dags/example_params_trigger_ui.py for tasks to queue
[2025-11-28T07:02:04.199+0000] {logging_mixin.py:188} INFO - [2025-11-28T07:02:04.198+0000] {dagbag.py:538} INFO - Filling up the DagBag from /home/airflow/.local/lib/python3.8/site-packages/airflow/example_dags/example_params_trigger_ui.py
[2025-11-28T07:02:04.210+0000] {processor.py:840} INFO - DAG(s) 'example_params_trigger_ui' retrieved from /home/airflow/.local/lib/python3.8/site-packages/airflow/example_dags/example_params_trigger_ui.py
[2025-11-28T07:02:04.245+0000] {logging_mixin.py:188} INFO - [2025-11-28T07:02:04.245+0000] {dag.py:3036} INFO - Sync 1 DAGs
[2025-11-28T07:02:04.256+0000] {logging_mixin.py:188} INFO - [2025-11-28T07:02:04.256+0000] {dag.py:3823} INFO - Setting next_dagrun for example_params_trigger_ui to None, run_after=None
[2025-11-28T07:02:04.273+0000] {processor.py:183} INFO - Processing /home/airflow/.local/lib/python3.8/site-packages/airflow/example_dags/example_params_trigger_ui.py took 0.081 seconds
[2025-11-28T07:02:34.543+0000] {processor.py:161} INFO - Started process (PID=1182) to work on /home/airflow/.local/lib/python3.8/site-packages/airflow/example_dags/example_params_trigger_ui.py
[2025-11-28T07:02:34.546+0000] {processor.py:830} INFO - Processing file /home/airflow/.local/lib/python3.8/site-packages/airflow/example_dags/example_params_trigger_ui.py for tasks to queue
[2025-11-28T07:02:34.550+0000] {logging_mixin.py:188} INFO - [2025-11-28T07:02:34.549+0000] {dagbag.py:538} INFO - Filling up the DagBag from /home/airflow/.local/lib/python3.8/site-packages/airflow/example_dags/example_params_trigger_ui.py
[2025-11-28T07:02:34.575+0000] {processor.py:840} INFO - DAG(s) 'example_params_trigger_ui' retrieved from /home/airflow/.local/lib/python3.8/site-packages/airflow/example_dags/example_params_trigger_ui.py
[2025-11-28T07:02:34.619+0000] {logging_mixin.py:188} INFO - [2025-11-28T07:02:34.619+0000] {dag.py:3036} INFO - Sync 1 DAGs
[2025-11-28T07:02:34.628+0000] {logging_mixin.py:188} INFO - [2025-11-28T07:02:34.628+0000] {dag.py:3823} INFO - Setting next_dagrun for example_params_trigger_ui to None, run_after=None
[2025-11-28T07:02:34.647+0000] {processor.py:183} INFO - Processing /home/airflow/.local/lib/python3.8/site-packages/airflow/example_dags/example_params_trigger_ui.py took 0.109 seconds
[2025-11-28T07:03:05.397+0000] {processor.py:161} INFO - Started process (PID=1238) to work on /home/airflow/.local/lib/python3.8/site-packages/airflow/example_dags/example_params_trigger_ui.py
[2025-11-28T07:03:05.399+0000] {processor.py:830} INFO - Processing file /home/airflow/.local/lib/python3.8/site-packages/airflow/example_dags/example_params_trigger_ui.py for tasks to queue
[2025-11-28T07:03:05.401+0000] {logging_mixin.py:188} INFO - [2025-11-28T07:03:05.401+0000] {dagbag.py:538} INFO - Filling up the DagBag from /home/airflow/.local/lib/python3.8/site-packages/airflow/example_dags/example_params_trigger_ui.py
[2025-11-28T07:03:05.416+0000] {processor.py:840} INFO - DAG(s) 'example_params_trigger_ui' retrieved from /home/airflow/.local/lib/python3.8/site-packages/airflow/example_dags/example_params_trigger_ui.py
[2025-11-28T07:03:05.454+0000] {logging_mixin.py:188} INFO - [2025-11-28T07:03:05.453+0000] {dag.py:3036} INFO - Sync 1 DAGs
[2025-11-28T07:03:05.464+0000] {logging_mixin.py:188} INFO - [2025-11-28T07:03:05.463+0000] {dag.py:3823} INFO - Setting next_dagrun for example_params_trigger_ui to None, run_after=None
[2025-11-28T07:03:05.484+0000] {processor.py:183} INFO - Processing /home/airflow/.local/lib/python3.8/site-packages/airflow/example_dags/example_params_trigger_ui.py took 0.091 seconds
[2025-11-28T07:03:35.902+0000] {processor.py:161} INFO - Started process (PID=1293) to work on /home/airflow/.local/lib/python3.8/site-packages/airflow/example_dags/example_params_trigger_ui.py
[2025-11-28T07:03:35.903+0000] {processor.py:830} INFO - Processing file /home/airflow/.local/lib/python3.8/site-packages/airflow/example_dags/example_params_trigger_ui.py for tasks to queue
[2025-11-28T07:03:35.905+0000] {logging_mixin.py:188} INFO - [2025-11-28T07:03:35.905+0000] {dagbag.py:538} INFO - Filling up the DagBag from /home/airflow/.local/lib/python3.8/site-packages/airflow/example_dags/example_params_trigger_ui.py
[2025-11-28T07:03:35.917+0000] {processor.py:840} INFO - DAG(s) 'example_params_trigger_ui' retrieved from /home/airflow/.local/lib/python3.8/site-packages/airflow/example_dags/example_params_trigger_ui.py
[2025-11-28T07:03:35.961+0000] {logging_mixin.py:188} INFO - [2025-11-28T07:03:35.961+0000] {dag.py:3036} INFO - Sync 1 DAGs
[2025-11-28T07:03:35.976+0000] {logging_mixin.py:188} INFO - [2025-11-28T07:03:35.976+0000] {dag.py:3823} INFO - Setting next_dagrun for example_params_trigger_ui to None, run_after=None
[2025-11-28T07:03:36.003+0000] {processor.py:183} INFO - Processing /home/airflow/.local/lib/python3.8/site-packages/airflow/example_dags/example_params_trigger_ui.py took 0.104 seconds
[2025-11-28T07:04:06.738+0000] {processor.py:161} INFO - Started process (PID=1348) to work on /home/airflow/.local/lib/python3.8/site-packages/airflow/example_dags/example_params_trigger_ui.py
[2025-11-28T07:04:06.742+0000] {processor.py:830} INFO - Processing file /home/airflow/.local/lib/python3.8/site-packages/airflow/example_dags/example_params_trigger_ui.py for tasks to queue
[2025-11-28T07:04:06.745+0000] {logging_mixin.py:188} INFO - [2025-11-28T07:04:06.744+0000] {dagbag.py:538} INFO - Filling up the DagBag from /home/airflow/.local/lib/python3.8/site-packages/airflow/example_dags/example_params_trigger_ui.py
[2025-11-28T07:04:06.767+0000] {processor.py:840} INFO - DAG(s) 'example_params_trigger_ui' retrieved from /home/airflow/.local/lib/python3.8/site-packages/airflow/example_dags/example_params_trigger_ui.py
[2025-11-28T07:04:06.844+0000] {logging_mixin.py:188} INFO - [2025-11-28T07:04:06.844+0000] {dag.py:3036} INFO - Sync 1 DAGs
[2025-11-28T07:04:06.885+0000] {logging_mixin.py:188} INFO - [2025-11-28T07:04:06.884+0000] {dag.py:3823} INFO - Setting next_dagrun for example_params_trigger_ui to None, run_after=None
[2025-11-28T07:04:06.919+0000] {processor.py:183} INFO - Processing /home/airflow/.local/lib/python3.8/site-packages/airflow/example_dags/example_params_trigger_ui.py took 0.187 seconds
[2025-11-28T07:04:37.364+0000] {processor.py:161} INFO - Started process (PID=1403) to work on /home/airflow/.local/lib/python3.8/site-packages/airflow/example_dags/example_params_trigger_ui.py
[2025-11-28T07:04:37.366+0000] {processor.py:830} INFO - Processing file /home/airflow/.local/lib/python3.8/site-packages/airflow/example_dags/example_params_trigger_ui.py for tasks to queue
[2025-11-28T07:04:37.367+0000] {logging_mixin.py:188} INFO - [2025-11-28T07:04:37.367+0000] {dagbag.py:538} INFO - Filling up the DagBag from /home/airflow/.local/lib/python3.8/site-packages/airflow/example_dags/example_params_trigger_ui.py
[2025-11-28T07:04:37.376+0000] {processor.py:840} INFO - DAG(s) 'example_params_trigger_ui' retrieved from /home/airflow/.local/lib/python3.8/site-packages/airflow/example_dags/example_params_trigger_ui.py
[2025-11-28T07:04:37.414+0000] {logging_mixin.py:188} INFO - [2025-11-28T07:04:37.414+0000] {dag.py:3036} INFO - Sync 1 DAGs
[2025-11-28T07:04:37.423+0000] {logging_mixin.py:188} INFO - [2025-11-28T07:04:37.423+0000] {dag.py:3823} INFO - Setting next_dagrun for example_params_trigger_ui to None, run_after=None
[2025-11-28T07:04:37.436+0000] {processor.py:183} INFO - Processing /home/airflow/.local/lib/python3.8/site-packages/airflow/example_dags/example_params_trigger_ui.py took 0.074 seconds
[2025-11-28T07:05:07.826+0000] {processor.py:161} INFO - Started process (PID=1459) to work on /home/airflow/.local/lib/python3.8/site-packages/airflow/example_dags/example_params_trigger_ui.py
[2025-11-28T07:05:07.827+0000] {processor.py:830} INFO - Processing file /home/airflow/.local/lib/python3.8/site-packages/airflow/example_dags/example_params_trigger_ui.py for tasks to queue
[2025-11-28T07:05:07.829+0000] {logging_mixin.py:188} INFO - [2025-11-28T07:05:07.829+0000] {dagbag.py:538} INFO - Filling up the DagBag from /home/airflow/.local/lib/python3.8/site-packages/airflow/example_dags/example_params_trigger_ui.py
[2025-11-28T07:05:07.838+0000] {processor.py:840} INFO - DAG(s) 'example_params_trigger_ui' retrieved from /home/airflow/.local/lib/python3.8/site-packages/airflow/example_dags/example_params_trigger_ui.py
[2025-11-28T07:05:07.868+0000] {logging_mixin.py:188} INFO - [2025-11-28T07:05:07.868+0000] {dag.py:3036} INFO - Sync 1 DAGs
[2025-11-28T07:05:07.877+0000] {logging_mixin.py:188} INFO - [2025-11-28T07:05:07.877+0000] {dag.py:3823} INFO - Setting next_dagrun for example_params_trigger_ui to None, run_after=None
[2025-11-28T07:05:07.893+0000] {processor.py:183} INFO - Processing /home/airflow/.local/lib/python3.8/site-packages/airflow/example_dags/example_params_trigger_ui.py took 0.069 seconds
[2025-11-28T07:05:38.423+0000] {processor.py:161} INFO - Started process (PID=1514) to work on /home/airflow/.local/lib/python3.8/site-packages/airflow/example_dags/example_params_trigger_ui.py
[2025-11-28T07:05:38.424+0000] {processor.py:830} INFO - Processing file /home/airflow/.local/lib/python3.8/site-packages/airflow/example_dags/example_params_trigger_ui.py for tasks to queue
[2025-11-28T07:05:38.426+0000] {logging_mixin.py:188} INFO - [2025-11-28T07:05:38.425+0000] {dagbag.py:538} INFO - Filling up the DagBag from /home/airflow/.local/lib/python3.8/site-packages/airflow/example_dags/example_params_trigger_ui.py
[2025-11-28T07:05:38.435+0000] {processor.py:840} INFO - DAG(s) 'example_params_trigger_ui' retrieved from /home/airflow/.local/lib/python3.8/site-packages/airflow/example_dags/example_params_trigger_ui.py
[2025-11-28T07:05:38.469+0000] {logging_mixin.py:188} INFO - [2025-11-28T07:05:38.468+0000] {dag.py:3036} INFO - Sync 1 DAGs
[2025-11-28T07:05:38.477+0000] {logging_mixin.py:188} INFO - [2025-11-28T07:05:38.477+0000] {dag.py:3823} INFO - Setting next_dagrun for example_params_trigger_ui to None, run_after=None
[2025-11-28T07:05:38.493+0000] {processor.py:183} INFO - Processing /home/airflow/.local/lib/python3.8/site-packages/airflow/example_dags/example_params_trigger_ui.py took 0.073 seconds
[2025-11-28T07:06:09.093+0000] {processor.py:161} INFO - Started process (PID=1569) to work on /home/airflow/.local/lib/python3.8/site-packages/airflow/example_dags/example_params_trigger_ui.py
[2025-11-28T07:06:09.094+0000] {processor.py:830} INFO - Processing file /home/airflow/.local/lib/python3.8/site-packages/airflow/example_dags/example_params_trigger_ui.py for tasks to queue
[2025-11-28T07:06:09.096+0000] {logging_mixin.py:188} INFO - [2025-11-28T07:06:09.095+0000] {dagbag.py:538} INFO - Filling up the DagBag from /home/airflow/.local/lib/python3.8/site-packages/airflow/example_dags/example_params_trigger_ui.py
[2025-11-28T07:06:09.105+0000] {processor.py:840} INFO - DAG(s) 'example_params_trigger_ui' retrieved from /home/airflow/.local/lib/python3.8/site-packages/airflow/example_dags/example_params_trigger_ui.py
[2025-11-28T07:06:09.140+0000] {logging_mixin.py:188} INFO - [2025-11-28T07:06:09.140+0000] {dag.py:3036} INFO - Sync 1 DAGs
[2025-11-28T07:06:09.149+0000] {logging_mixin.py:188} INFO - [2025-11-28T07:06:09.149+0000] {dag.py:3823} INFO - Setting next_dagrun for example_params_trigger_ui to None, run_after=None
[2025-11-28T07:06:09.169+0000] {processor.py:183} INFO - Processing /home/airflow/.local/lib/python3.8/site-packages/airflow/example_dags/example_params_trigger_ui.py took 0.078 seconds
[2025-11-28T07:06:39.744+0000] {processor.py:161} INFO - Started process (PID=1624) to work on /home/airflow/.local/lib/python3.8/site-packages/airflow/example_dags/example_params_trigger_ui.py
[2025-11-28T07:06:39.746+0000] {processor.py:830} INFO - Processing file /home/airflow/.local/lib/python3.8/site-packages/airflow/example_dags/example_params_trigger_ui.py for tasks to queue
[2025-11-28T07:06:39.748+0000] {logging_mixin.py:188} INFO - [2025-11-28T07:06:39.748+0000] {dagbag.py:538} INFO - Filling up the DagBag from /home/airflow/.local/lib/python3.8/site-packages/airflow/example_dags/example_params_trigger_ui.py
[2025-11-28T07:06:39.759+0000] {processor.py:840} INFO - DAG(s) 'example_params_trigger_ui' retrieved from /home/airflow/.local/lib/python3.8/site-packages/airflow/example_dags/example_params_trigger_ui.py
[2025-11-28T07:06:39.792+0000] {logging_mixin.py:188} INFO - [2025-11-28T07:06:39.792+0000] {dag.py:3036} INFO - Sync 1 DAGs
[2025-11-28T07:06:39.800+0000] {logging_mixin.py:188} INFO - [2025-11-28T07:06:39.800+0000] {dag.py:3823} INFO - Setting next_dagrun for example_params_trigger_ui to None, run_after=None
[2025-11-28T07:06:39.814+0000] {processor.py:183} INFO - Processing /home/airflow/.local/lib/python3.8/site-packages/airflow/example_dags/example_params_trigger_ui.py took 0.074 seconds
[2025-11-28T07:07:09.914+0000] {processor.py:161} INFO - Started process (PID=1679) to work on /home/airflow/.local/lib/python3.8/site-packages/airflow/example_dags/example_params_trigger_ui.py
[2025-11-28T07:07:09.917+0000] {processor.py:830} INFO - Processing file /home/airflow/.local/lib/python3.8/site-packages/airflow/example_dags/example_params_trigger_ui.py for tasks to queue
[2025-11-28T07:07:09.919+0000] {logging_mixin.py:188} INFO - [2025-11-28T07:07:09.918+0000] {dagbag.py:538} INFO - Filling up the DagBag from /home/airflow/.local/lib/python3.8/site-packages/airflow/example_dags/example_params_trigger_ui.py
[2025-11-28T07:07:09.928+0000] {processor.py:840} INFO - DAG(s) 'example_params_trigger_ui' retrieved from /home/airflow/.local/lib/python3.8/site-packages/airflow/example_dags/example_params_trigger_ui.py
[2025-11-28T07:07:09.961+0000] {logging_mixin.py:188} INFO - [2025-11-28T07:07:09.961+0000] {dag.py:3036} INFO - Sync 1 DAGs
[2025-11-28T07:07:09.970+0000] {logging_mixin.py:188} INFO - [2025-11-28T07:07:09.970+0000] {dag.py:3823} INFO - Setting next_dagrun for example_params_trigger_ui to None, run_after=None
[2025-11-28T07:07:09.989+0000] {processor.py:183} INFO - Processing /home/airflow/.local/lib/python3.8/site-packages/airflow/example_dags/example_params_trigger_ui.py took 0.077 seconds
[2025-11-28T07:07:40.429+0000] {processor.py:161} INFO - Started process (PID=1734) to work on /home/airflow/.local/lib/python3.8/site-packages/airflow/example_dags/example_params_trigger_ui.py
[2025-11-28T07:07:40.430+0000] {processor.py:830} INFO - Processing file /home/airflow/.local/lib/python3.8/site-packages/airflow/example_dags/example_params_trigger_ui.py for tasks to queue
[2025-11-28T07:07:40.432+0000] {logging_mixin.py:188} INFO - [2025-11-28T07:07:40.431+0000] {dagbag.py:538} INFO - Filling up the DagBag from /home/airflow/.local/lib/python3.8/site-packages/airflow/example_dags/example_params_trigger_ui.py
[2025-11-28T07:07:40.442+0000] {processor.py:840} INFO - DAG(s) 'example_params_trigger_ui' retrieved from /home/airflow/.local/lib/python3.8/site-packages/airflow/example_dags/example_params_trigger_ui.py
[2025-11-28T07:07:40.479+0000] {logging_mixin.py:188} INFO - [2025-11-28T07:07:40.479+0000] {dag.py:3036} INFO - Sync 1 DAGs
[2025-11-28T07:07:40.490+0000] {logging_mixin.py:188} INFO - [2025-11-28T07:07:40.490+0000] {dag.py:3823} INFO - Setting next_dagrun for example_params_trigger_ui to None, run_after=None
[2025-11-28T07:07:40.507+0000] {processor.py:183} INFO - Processing /home/airflow/.local/lib/python3.8/site-packages/airflow/example_dags/example_params_trigger_ui.py took 0.081 seconds
[2025-11-28T07:08:11.381+0000] {processor.py:161} INFO - Started process (PID=1789) to work on /home/airflow/.local/lib/python3.8/site-packages/airflow/example_dags/example_params_trigger_ui.py
[2025-11-28T07:08:11.385+0000] {processor.py:830} INFO - Processing file /home/airflow/.local/lib/python3.8/site-packages/airflow/example_dags/example_params_trigger_ui.py for tasks to queue
[2025-11-28T07:08:11.388+0000] {logging_mixin.py:188} INFO - [2025-11-28T07:08:11.387+0000] {dagbag.py:538} INFO - Filling up the DagBag from /home/airflow/.local/lib/python3.8/site-packages/airflow/example_dags/example_params_trigger_ui.py
[2025-11-28T07:08:11.402+0000] {processor.py:840} INFO - DAG(s) 'example_params_trigger_ui' retrieved from /home/airflow/.local/lib/python3.8/site-packages/airflow/example_dags/example_params_trigger_ui.py
[2025-11-28T07:08:11.462+0000] {logging_mixin.py:188} INFO - [2025-11-28T07:08:11.462+0000] {dag.py:3036} INFO - Sync 1 DAGs
[2025-11-28T07:08:11.473+0000] {logging_mixin.py:188} INFO - [2025-11-28T07:08:11.473+0000] {dag.py:3823} INFO - Setting next_dagrun for example_params_trigger_ui to None, run_after=None
[2025-11-28T07:08:11.492+0000] {processor.py:183} INFO - Processing /home/airflow/.local/lib/python3.8/site-packages/airflow/example_dags/example_params_trigger_ui.py took 0.118 seconds
[2025-11-28T07:08:41.593+0000] {processor.py:161} INFO - Started process (PID=1844) to work on /home/airflow/.local/lib/python3.8/site-packages/airflow/example_dags/example_params_trigger_ui.py
[2025-11-28T07:08:41.594+0000] {processor.py:830} INFO - Processing file /home/airflow/.local/lib/python3.8/site-packages/airflow/example_dags/example_params_trigger_ui.py for tasks to queue
[2025-11-28T07:08:41.601+0000] {logging_mixin.py:188} INFO - [2025-11-28T07:08:41.600+0000] {dagbag.py:538} INFO - Filling up the DagBag from /home/airflow/.local/lib/python3.8/site-packages/airflow/example_dags/example_params_trigger_ui.py
[2025-11-28T07:08:41.616+0000] {processor.py:840} INFO - DAG(s) 'example_params_trigger_ui' retrieved from /home/airflow/.local/lib/python3.8/site-packages/airflow/example_dags/example_params_trigger_ui.py
[2025-11-28T07:08:41.672+0000] {logging_mixin.py:188} INFO - [2025-11-28T07:08:41.671+0000] {dag.py:3036} INFO - Sync 1 DAGs
[2025-11-28T07:08:41.686+0000] {logging_mixin.py:188} INFO - [2025-11-28T07:08:41.685+0000] {dag.py:3823} INFO - Setting next_dagrun for example_params_trigger_ui to None, run_after=None
[2025-11-28T07:08:41.705+0000] {processor.py:183} INFO - Processing /home/airflow/.local/lib/python3.8/site-packages/airflow/example_dags/example_params_trigger_ui.py took 0.116 seconds
[2025-11-28T07:09:12.602+0000] {processor.py:161} INFO - Started process (PID=1899) to work on /home/airflow/.local/lib/python3.8/site-packages/airflow/example_dags/example_params_trigger_ui.py
[2025-11-28T07:09:12.604+0000] {processor.py:830} INFO - Processing file /home/airflow/.local/lib/python3.8/site-packages/airflow/example_dags/example_params_trigger_ui.py for tasks to queue
[2025-11-28T07:09:12.608+0000] {logging_mixin.py:188} INFO - [2025-11-28T07:09:12.607+0000] {dagbag.py:538} INFO - Filling up the DagBag from /home/airflow/.local/lib/python3.8/site-packages/airflow/example_dags/example_params_trigger_ui.py
[2025-11-28T07:09:12.623+0000] {processor.py:840} INFO - DAG(s) 'example_params_trigger_ui' retrieved from /home/airflow/.local/lib/python3.8/site-packages/airflow/example_dags/example_params_trigger_ui.py
[2025-11-28T07:09:12.656+0000] {logging_mixin.py:188} INFO - [2025-11-28T07:09:12.656+0000] {dag.py:3036} INFO - Sync 1 DAGs
[2025-11-28T07:09:12.664+0000] {logging_mixin.py:188} INFO - [2025-11-28T07:09:12.664+0000] {dag.py:3823} INFO - Setting next_dagrun for example_params_trigger_ui to None, run_after=None
[2025-11-28T07:09:12.679+0000] {processor.py:183} INFO - Processing /home/airflow/.local/lib/python3.8/site-packages/airflow/example_dags/example_params_trigger_ui.py took 0.081 seconds
[2025-11-28T07:09:42.821+0000] {processor.py:161} INFO - Started process (PID=1954) to work on /home/airflow/.local/lib/python3.8/site-packages/airflow/example_dags/example_params_trigger_ui.py
[2025-11-28T07:09:42.823+0000] {processor.py:830} INFO - Processing file /home/airflow/.local/lib/python3.8/site-packages/airflow/example_dags/example_params_trigger_ui.py for tasks to queue
[2025-11-28T07:09:42.826+0000] {logging_mixin.py:188} INFO - [2025-11-28T07:09:42.826+0000] {dagbag.py:538} INFO - Filling up the DagBag from /home/airflow/.local/lib/python3.8/site-packages/airflow/example_dags/example_params_trigger_ui.py
[2025-11-28T07:09:42.845+0000] {processor.py:840} INFO - DAG(s) 'example_params_trigger_ui' retrieved from /home/airflow/.local/lib/python3.8/site-packages/airflow/example_dags/example_params_trigger_ui.py
[2025-11-28T07:09:42.890+0000] {logging_mixin.py:188} INFO - [2025-11-28T07:09:42.890+0000] {dag.py:3036} INFO - Sync 1 DAGs
[2025-11-28T07:09:42.915+0000] {logging_mixin.py:188} INFO - [2025-11-28T07:09:42.909+0000] {dag.py:3823} INFO - Setting next_dagrun for example_params_trigger_ui to None, run_after=None
[2025-11-28T07:09:42.949+0000] {processor.py:183} INFO - Processing /home/airflow/.local/lib/python3.8/site-packages/airflow/example_dags/example_params_trigger_ui.py took 0.131 seconds
[2025-11-28T07:10:13.666+0000] {processor.py:161} INFO - Started process (PID=2009) to work on /home/airflow/.local/lib/python3.8/site-packages/airflow/example_dags/example_params_trigger_ui.py
[2025-11-28T07:10:13.667+0000] {processor.py:830} INFO - Processing file /home/airflow/.local/lib/python3.8/site-packages/airflow/example_dags/example_params_trigger_ui.py for tasks to queue
[2025-11-28T07:10:13.670+0000] {logging_mixin.py:188} INFO - [2025-11-28T07:10:13.669+0000] {dagbag.py:538} INFO - Filling up the DagBag from /home/airflow/.local/lib/python3.8/site-packages/airflow/example_dags/example_params_trigger_ui.py
[2025-11-28T07:10:13.684+0000] {processor.py:840} INFO - DAG(s) 'example_params_trigger_ui' retrieved from /home/airflow/.local/lib/python3.8/site-packages/airflow/example_dags/example_params_trigger_ui.py
[2025-11-28T07:10:13.758+0000] {logging_mixin.py:188} INFO - [2025-11-28T07:10:13.757+0000] {dag.py:3036} INFO - Sync 1 DAGs
[2025-11-28T07:10:13.775+0000] {logging_mixin.py:188} INFO - [2025-11-28T07:10:13.775+0000] {dag.py:3823} INFO - Setting next_dagrun for example_params_trigger_ui to None, run_after=None
[2025-11-28T07:10:13.817+0000] {processor.py:183} INFO - Processing /home/airflow/.local/lib/python3.8/site-packages/airflow/example_dags/example_params_trigger_ui.py took 0.155 seconds
[2025-11-28T07:10:43.992+0000] {processor.py:161} INFO - Started process (PID=2064) to work on /home/airflow/.local/lib/python3.8/site-packages/airflow/example_dags/example_params_trigger_ui.py
[2025-11-28T07:10:43.994+0000] {processor.py:830} INFO - Processing file /home/airflow/.local/lib/python3.8/site-packages/airflow/example_dags/example_params_trigger_ui.py for tasks to queue
[2025-11-28T07:10:43.996+0000] {logging_mixin.py:188} INFO - [2025-11-28T07:10:43.996+0000] {dagbag.py:538} INFO - Filling up the DagBag from /home/airflow/.local/lib/python3.8/site-packages/airflow/example_dags/example_params_trigger_ui.py
[2025-11-28T07:10:44.009+0000] {processor.py:840} INFO - DAG(s) 'example_params_trigger_ui' retrieved from /home/airflow/.local/lib/python3.8/site-packages/airflow/example_dags/example_params_trigger_ui.py
[2025-11-28T07:10:44.097+0000] {logging_mixin.py:188} INFO - [2025-11-28T07:10:44.096+0000] {dag.py:3036} INFO - Sync 1 DAGs
[2025-11-28T07:10:44.112+0000] {logging_mixin.py:188} INFO - [2025-11-28T07:10:44.112+0000] {dag.py:3823} INFO - Setting next_dagrun for example_params_trigger_ui to None, run_after=None
[2025-11-28T07:10:44.137+0000] {processor.py:183} INFO - Processing /home/airflow/.local/lib/python3.8/site-packages/airflow/example_dags/example_params_trigger_ui.py took 0.149 seconds
[2025-11-28T07:11:14.356+0000] {processor.py:161} INFO - Started process (PID=2119) to work on /home/airflow/.local/lib/python3.8/site-packages/airflow/example_dags/example_params_trigger_ui.py
[2025-11-28T07:11:14.358+0000] {processor.py:830} INFO - Processing file /home/airflow/.local/lib/python3.8/site-packages/airflow/example_dags/example_params_trigger_ui.py for tasks to queue
[2025-11-28T07:11:14.361+0000] {logging_mixin.py:188} INFO - [2025-11-28T07:11:14.360+0000] {dagbag.py:538} INFO - Filling up the DagBag from /home/airflow/.local/lib/python3.8/site-packages/airflow/example_dags/example_params_trigger_ui.py
[2025-11-28T07:11:14.375+0000] {processor.py:840} INFO - DAG(s) 'example_params_trigger_ui' retrieved from /home/airflow/.local/lib/python3.8/site-packages/airflow/example_dags/example_params_trigger_ui.py
[2025-11-28T07:11:14.408+0000] {logging_mixin.py:188} INFO - [2025-11-28T07:11:14.408+0000] {dag.py:3036} INFO - Sync 1 DAGs
[2025-11-28T07:11:14.419+0000] {logging_mixin.py:188} INFO - [2025-11-28T07:11:14.419+0000] {dag.py:3823} INFO - Setting next_dagrun for example_params_trigger_ui to None, run_after=None
[2025-11-28T07:11:14.440+0000] {processor.py:183} INFO - Processing /home/airflow/.local/lib/python3.8/site-packages/airflow/example_dags/example_params_trigger_ui.py took 0.089 seconds
[2025-11-28T07:11:44.634+0000] {processor.py:161} INFO - Started process (PID=2174) to work on /home/airflow/.local/lib/python3.8/site-packages/airflow/example_dags/example_params_trigger_ui.py
[2025-11-28T07:11:44.636+0000] {processor.py:830} INFO - Processing file /home/airflow/.local/lib/python3.8/site-packages/airflow/example_dags/example_params_trigger_ui.py for tasks to queue
[2025-11-28T07:11:44.637+0000] {logging_mixin.py:188} INFO - [2025-11-28T07:11:44.637+0000] {dagbag.py:538} INFO - Filling up the DagBag from /home/airflow/.local/lib/python3.8/site-packages/airflow/example_dags/example_params_trigger_ui.py
[2025-11-28T07:11:44.647+0000] {processor.py:840} INFO - DAG(s) 'example_params_trigger_ui' retrieved from /home/airflow/.local/lib/python3.8/site-packages/airflow/example_dags/example_params_trigger_ui.py
[2025-11-28T07:11:44.684+0000] {logging_mixin.py:188} INFO - [2025-11-28T07:11:44.684+0000] {dag.py:3036} INFO - Sync 1 DAGs
[2025-11-28T07:11:44.694+0000] {logging_mixin.py:188} INFO - [2025-11-28T07:11:44.694+0000] {dag.py:3823} INFO - Setting next_dagrun for example_params_trigger_ui to None, run_after=None
[2025-11-28T07:11:44.711+0000] {processor.py:183} INFO - Processing /home/airflow/.local/lib/python3.8/site-packages/airflow/example_dags/example_params_trigger_ui.py took 0.080 seconds
[2025-11-28T07:12:14.936+0000] {processor.py:161} INFO - Started process (PID=2229) to work on /home/airflow/.local/lib/python3.8/site-packages/airflow/example_dags/example_params_trigger_ui.py
[2025-11-28T07:12:14.937+0000] {processor.py:830} INFO - Processing file /home/airflow/.local/lib/python3.8/site-packages/airflow/example_dags/example_params_trigger_ui.py for tasks to queue
[2025-11-28T07:12:14.939+0000] {logging_mixin.py:188} INFO - [2025-11-28T07:12:14.939+0000] {dagbag.py:538} INFO - Filling up the DagBag from /home/airflow/.local/lib/python3.8/site-packages/airflow/example_dags/example_params_trigger_ui.py
[2025-11-28T07:12:14.951+0000] {processor.py:840} INFO - DAG(s) 'example_params_trigger_ui' retrieved from /home/airflow/.local/lib/python3.8/site-packages/airflow/example_dags/example_params_trigger_ui.py
[2025-11-28T07:12:14.986+0000] {logging_mixin.py:188} INFO - [2025-11-28T07:12:14.986+0000] {dag.py:3036} INFO - Sync 1 DAGs
[2025-11-28T07:12:14.996+0000] {logging_mixin.py:188} INFO - [2025-11-28T07:12:14.996+0000] {dag.py:3823} INFO - Setting next_dagrun for example_params_trigger_ui to None, run_after=None
[2025-11-28T07:12:15.014+0000] {processor.py:183} INFO - Processing /home/airflow/.local/lib/python3.8/site-packages/airflow/example_dags/example_params_trigger_ui.py took 0.081 seconds
[2025-11-28T07:12:45.563+0000] {processor.py:161} INFO - Started process (PID=2284) to work on /home/airflow/.local/lib/python3.8/site-packages/airflow/example_dags/example_params_trigger_ui.py
[2025-11-28T07:12:45.565+0000] {processor.py:830} INFO - Processing file /home/airflow/.local/lib/python3.8/site-packages/airflow/example_dags/example_params_trigger_ui.py for tasks to queue
[2025-11-28T07:12:45.567+0000] {logging_mixin.py:188} INFO - [2025-11-28T07:12:45.567+0000] {dagbag.py:538} INFO - Filling up the DagBag from /home/airflow/.local/lib/python3.8/site-packages/airflow/example_dags/example_params_trigger_ui.py
[2025-11-28T07:12:45.579+0000] {processor.py:840} INFO - DAG(s) 'example_params_trigger_ui' retrieved from /home/airflow/.local/lib/python3.8/site-packages/airflow/example_dags/example_params_trigger_ui.py
[2025-11-28T07:12:45.618+0000] {logging_mixin.py:188} INFO - [2025-11-28T07:12:45.618+0000] {dag.py:3036} INFO - Sync 1 DAGs
[2025-11-28T07:12:45.629+0000] {logging_mixin.py:188} INFO - [2025-11-28T07:12:45.628+0000] {dag.py:3823} INFO - Setting next_dagrun for example_params_trigger_ui to None, run_after=None
[2025-11-28T07:12:45.647+0000] {processor.py:183} INFO - Processing /home/airflow/.local/lib/python3.8/site-packages/airflow/example_dags/example_params_trigger_ui.py took 0.088 seconds
[2025-11-28T07:13:16.536+0000] {processor.py:161} INFO - Started process (PID=2339) to work on /home/airflow/.local/lib/python3.8/site-packages/airflow/example_dags/example_params_trigger_ui.py
[2025-11-28T07:13:16.538+0000] {processor.py:830} INFO - Processing file /home/airflow/.local/lib/python3.8/site-packages/airflow/example_dags/example_params_trigger_ui.py for tasks to queue
[2025-11-28T07:13:16.541+0000] {logging_mixin.py:188} INFO - [2025-11-28T07:13:16.540+0000] {dagbag.py:538} INFO - Filling up the DagBag from /home/airflow/.local/lib/python3.8/site-packages/airflow/example_dags/example_params_trigger_ui.py
[2025-11-28T07:13:16.551+0000] {processor.py:840} INFO - DAG(s) 'example_params_trigger_ui' retrieved from /home/airflow/.local/lib/python3.8/site-packages/airflow/example_dags/example_params_trigger_ui.py
[2025-11-28T07:13:16.598+0000] {logging_mixin.py:188} INFO - [2025-11-28T07:13:16.598+0000] {dag.py:3036} INFO - Sync 1 DAGs
[2025-11-28T07:13:16.611+0000] {logging_mixin.py:188} INFO - [2025-11-28T07:13:16.611+0000] {dag.py:3823} INFO - Setting next_dagrun for example_params_trigger_ui to None, run_after=None
[2025-11-28T07:13:16.630+0000] {processor.py:183} INFO - Processing /home/airflow/.local/lib/python3.8/site-packages/airflow/example_dags/example_params_trigger_ui.py took 0.097 seconds
[2025-11-28T07:13:47.062+0000] {processor.py:161} INFO - Started process (PID=2394) to work on /home/airflow/.local/lib/python3.8/site-packages/airflow/example_dags/example_params_trigger_ui.py
[2025-11-28T07:13:47.064+0000] {processor.py:830} INFO - Processing file /home/airflow/.local/lib/python3.8/site-packages/airflow/example_dags/example_params_trigger_ui.py for tasks to queue
[2025-11-28T07:13:47.066+0000] {logging_mixin.py:188} INFO - [2025-11-28T07:13:47.065+0000] {dagbag.py:538} INFO - Filling up the DagBag from /home/airflow/.local/lib/python3.8/site-packages/airflow/example_dags/example_params_trigger_ui.py
[2025-11-28T07:13:47.076+0000] {processor.py:840} INFO - DAG(s) 'example_params_trigger_ui' retrieved from /home/airflow/.local/lib/python3.8/site-packages/airflow/example_dags/example_params_trigger_ui.py
[2025-11-28T07:13:47.131+0000] {logging_mixin.py:188} INFO - [2025-11-28T07:13:47.131+0000] {dag.py:3036} INFO - Sync 1 DAGs
[2025-11-28T07:13:47.144+0000] {logging_mixin.py:188} INFO - [2025-11-28T07:13:47.144+0000] {dag.py:3823} INFO - Setting next_dagrun for example_params_trigger_ui to None, run_after=None
[2025-11-28T07:13:47.162+0000] {processor.py:183} INFO - Processing /home/airflow/.local/lib/python3.8/site-packages/airflow/example_dags/example_params_trigger_ui.py took 0.103 seconds
[2025-11-28T07:14:17.539+0000] {processor.py:161} INFO - Started process (PID=2450) to work on /home/airflow/.local/lib/python3.8/site-packages/airflow/example_dags/example_params_trigger_ui.py
[2025-11-28T07:14:17.541+0000] {processor.py:830} INFO - Processing file /home/airflow/.local/lib/python3.8/site-packages/airflow/example_dags/example_params_trigger_ui.py for tasks to queue
[2025-11-28T07:14:17.543+0000] {logging_mixin.py:188} INFO - [2025-11-28T07:14:17.542+0000] {dagbag.py:538} INFO - Filling up the DagBag from /home/airflow/.local/lib/python3.8/site-packages/airflow/example_dags/example_params_trigger_ui.py
[2025-11-28T07:14:17.556+0000] {processor.py:840} INFO - DAG(s) 'example_params_trigger_ui' retrieved from /home/airflow/.local/lib/python3.8/site-packages/airflow/example_dags/example_params_trigger_ui.py
[2025-11-28T07:14:17.593+0000] {logging_mixin.py:188} INFO - [2025-11-28T07:14:17.593+0000] {dag.py:3036} INFO - Sync 1 DAGs
[2025-11-28T07:14:17.605+0000] {logging_mixin.py:188} INFO - [2025-11-28T07:14:17.604+0000] {dag.py:3823} INFO - Setting next_dagrun for example_params_trigger_ui to None, run_after=None
[2025-11-28T07:14:17.626+0000] {processor.py:183} INFO - Processing /home/airflow/.local/lib/python3.8/site-packages/airflow/example_dags/example_params_trigger_ui.py took 0.089 seconds
[2025-11-28T07:14:47.704+0000] {processor.py:161} INFO - Started process (PID=2505) to work on /home/airflow/.local/lib/python3.8/site-packages/airflow/example_dags/example_params_trigger_ui.py
[2025-11-28T07:14:47.706+0000] {processor.py:830} INFO - Processing file /home/airflow/.local/lib/python3.8/site-packages/airflow/example_dags/example_params_trigger_ui.py for tasks to queue
[2025-11-28T07:14:47.711+0000] {logging_mixin.py:188} INFO - [2025-11-28T07:14:47.711+0000] {dagbag.py:538} INFO - Filling up the DagBag from /home/airflow/.local/lib/python3.8/site-packages/airflow/example_dags/example_params_trigger_ui.py
[2025-11-28T07:14:47.726+0000] {processor.py:840} INFO - DAG(s) 'example_params_trigger_ui' retrieved from /home/airflow/.local/lib/python3.8/site-packages/airflow/example_dags/example_params_trigger_ui.py
[2025-11-28T07:14:47.759+0000] {logging_mixin.py:188} INFO - [2025-11-28T07:14:47.759+0000] {dag.py:3036} INFO - Sync 1 DAGs
[2025-11-28T07:14:47.769+0000] {logging_mixin.py:188} INFO - [2025-11-28T07:14:47.769+0000] {dag.py:3823} INFO - Setting next_dagrun for example_params_trigger_ui to None, run_after=None
[2025-11-28T07:14:47.786+0000] {processor.py:183} INFO - Processing /home/airflow/.local/lib/python3.8/site-packages/airflow/example_dags/example_params_trigger_ui.py took 0.088 seconds
[2025-11-28T07:15:17.860+0000] {processor.py:161} INFO - Started process (PID=2560) to work on /home/airflow/.local/lib/python3.8/site-packages/airflow/example_dags/example_params_trigger_ui.py
[2025-11-28T07:15:17.862+0000] {processor.py:830} INFO - Processing file /home/airflow/.local/lib/python3.8/site-packages/airflow/example_dags/example_params_trigger_ui.py for tasks to queue
[2025-11-28T07:15:17.865+0000] {logging_mixin.py:188} INFO - [2025-11-28T07:15:17.864+0000] {dagbag.py:538} INFO - Filling up the DagBag from /home/airflow/.local/lib/python3.8/site-packages/airflow/example_dags/example_params_trigger_ui.py
[2025-11-28T07:15:17.881+0000] {processor.py:840} INFO - DAG(s) 'example_params_trigger_ui' retrieved from /home/airflow/.local/lib/python3.8/site-packages/airflow/example_dags/example_params_trigger_ui.py
[2025-11-28T07:15:17.929+0000] {logging_mixin.py:188} INFO - [2025-11-28T07:15:17.928+0000] {dag.py:3036} INFO - Sync 1 DAGs
[2025-11-28T07:15:18.067+0000] {logging_mixin.py:188} INFO - [2025-11-28T07:15:18.067+0000] {dag.py:3823} INFO - Setting next_dagrun for example_params_trigger_ui to None, run_after=None
[2025-11-28T07:15:18.082+0000] {processor.py:183} INFO - Processing /home/airflow/.local/lib/python3.8/site-packages/airflow/example_dags/example_params_trigger_ui.py took 0.228 seconds
[2025-11-28T07:15:48.688+0000] {processor.py:161} INFO - Started process (PID=2615) to work on /home/airflow/.local/lib/python3.8/site-packages/airflow/example_dags/example_params_trigger_ui.py
[2025-11-28T07:15:48.689+0000] {processor.py:830} INFO - Processing file /home/airflow/.local/lib/python3.8/site-packages/airflow/example_dags/example_params_trigger_ui.py for tasks to queue
[2025-11-28T07:15:48.691+0000] {logging_mixin.py:188} INFO - [2025-11-28T07:15:48.691+0000] {dagbag.py:538} INFO - Filling up the DagBag from /home/airflow/.local/lib/python3.8/site-packages/airflow/example_dags/example_params_trigger_ui.py
[2025-11-28T07:15:48.702+0000] {processor.py:840} INFO - DAG(s) 'example_params_trigger_ui' retrieved from /home/airflow/.local/lib/python3.8/site-packages/airflow/example_dags/example_params_trigger_ui.py
[2025-11-28T07:15:48.747+0000] {logging_mixin.py:188} INFO - [2025-11-28T07:15:48.747+0000] {dag.py:3036} INFO - Sync 1 DAGs
[2025-11-28T07:15:48.924+0000] {logging_mixin.py:188} INFO - [2025-11-28T07:15:48.924+0000] {dag.py:3823} INFO - Setting next_dagrun for example_params_trigger_ui to None, run_after=None
[2025-11-28T07:15:48.941+0000] {processor.py:183} INFO - Processing /home/airflow/.local/lib/python3.8/site-packages/airflow/example_dags/example_params_trigger_ui.py took 0.256 seconds
[2025-11-28T07:16:19.434+0000] {processor.py:161} INFO - Started process (PID=2670) to work on /home/airflow/.local/lib/python3.8/site-packages/airflow/example_dags/example_params_trigger_ui.py
[2025-11-28T07:16:19.435+0000] {processor.py:830} INFO - Processing file /home/airflow/.local/lib/python3.8/site-packages/airflow/example_dags/example_params_trigger_ui.py for tasks to queue
[2025-11-28T07:16:19.437+0000] {logging_mixin.py:188} INFO - [2025-11-28T07:16:19.437+0000] {dagbag.py:538} INFO - Filling up the DagBag from /home/airflow/.local/lib/python3.8/site-packages/airflow/example_dags/example_params_trigger_ui.py
[2025-11-28T07:16:19.453+0000] {processor.py:840} INFO - DAG(s) 'example_params_trigger_ui' retrieved from /home/airflow/.local/lib/python3.8/site-packages/airflow/example_dags/example_params_trigger_ui.py
[2025-11-28T07:16:19.501+0000] {logging_mixin.py:188} INFO - [2025-11-28T07:16:19.501+0000] {dag.py:3036} INFO - Sync 1 DAGs
[2025-11-28T07:16:19.652+0000] {logging_mixin.py:188} INFO - [2025-11-28T07:16:19.652+0000] {dag.py:3823} INFO - Setting next_dagrun for example_params_trigger_ui to None, run_after=None
[2025-11-28T07:16:19.674+0000] {processor.py:183} INFO - Processing /home/airflow/.local/lib/python3.8/site-packages/airflow/example_dags/example_params_trigger_ui.py took 0.243 seconds
[2025-11-28T07:16:50.257+0000] {processor.py:161} INFO - Started process (PID=2725) to work on /home/airflow/.local/lib/python3.8/site-packages/airflow/example_dags/example_params_trigger_ui.py
[2025-11-28T07:16:50.258+0000] {processor.py:830} INFO - Processing file /home/airflow/.local/lib/python3.8/site-packages/airflow/example_dags/example_params_trigger_ui.py for tasks to queue
[2025-11-28T07:16:50.260+0000] {logging_mixin.py:188} INFO - [2025-11-28T07:16:50.259+0000] {dagbag.py:538} INFO - Filling up the DagBag from /home/airflow/.local/lib/python3.8/site-packages/airflow/example_dags/example_params_trigger_ui.py
[2025-11-28T07:16:50.271+0000] {processor.py:840} INFO - DAG(s) 'example_params_trigger_ui' retrieved from /home/airflow/.local/lib/python3.8/site-packages/airflow/example_dags/example_params_trigger_ui.py
[2025-11-28T07:16:50.306+0000] {logging_mixin.py:188} INFO - [2025-11-28T07:16:50.306+0000] {dag.py:3036} INFO - Sync 1 DAGs
[2025-11-28T07:16:50.317+0000] {logging_mixin.py:188} INFO - [2025-11-28T07:16:50.317+0000] {dag.py:3823} INFO - Setting next_dagrun for example_params_trigger_ui to None, run_after=None
[2025-11-28T07:16:50.336+0000] {processor.py:183} INFO - Processing /home/airflow/.local/lib/python3.8/site-packages/airflow/example_dags/example_params_trigger_ui.py took 0.082 seconds
[2025-11-28T07:17:21.087+0000] {processor.py:161} INFO - Started process (PID=2780) to work on /home/airflow/.local/lib/python3.8/site-packages/airflow/example_dags/example_params_trigger_ui.py
[2025-11-28T07:17:21.089+0000] {processor.py:830} INFO - Processing file /home/airflow/.local/lib/python3.8/site-packages/airflow/example_dags/example_params_trigger_ui.py for tasks to queue
[2025-11-28T07:17:21.091+0000] {logging_mixin.py:188} INFO - [2025-11-28T07:17:21.090+0000] {dagbag.py:538} INFO - Filling up the DagBag from /home/airflow/.local/lib/python3.8/site-packages/airflow/example_dags/example_params_trigger_ui.py
[2025-11-28T07:17:21.101+0000] {processor.py:840} INFO - DAG(s) 'example_params_trigger_ui' retrieved from /home/airflow/.local/lib/python3.8/site-packages/airflow/example_dags/example_params_trigger_ui.py
[2025-11-28T07:17:21.135+0000] {logging_mixin.py:188} INFO - [2025-11-28T07:17:21.135+0000] {dag.py:3036} INFO - Sync 1 DAGs
[2025-11-28T07:17:21.149+0000] {logging_mixin.py:188} INFO - [2025-11-28T07:17:21.149+0000] {dag.py:3823} INFO - Setting next_dagrun for example_params_trigger_ui to None, run_after=None
[2025-11-28T07:17:21.165+0000] {processor.py:183} INFO - Processing /home/airflow/.local/lib/python3.8/site-packages/airflow/example_dags/example_params_trigger_ui.py took 0.081 seconds
[2025-11-28T07:17:51.511+0000] {processor.py:161} INFO - Started process (PID=2835) to work on /home/airflow/.local/lib/python3.8/site-packages/airflow/example_dags/example_params_trigger_ui.py
[2025-11-28T07:17:51.512+0000] {processor.py:830} INFO - Processing file /home/airflow/.local/lib/python3.8/site-packages/airflow/example_dags/example_params_trigger_ui.py for tasks to queue
[2025-11-28T07:17:51.514+0000] {logging_mixin.py:188} INFO - [2025-11-28T07:17:51.513+0000] {dagbag.py:538} INFO - Filling up the DagBag from /home/airflow/.local/lib/python3.8/site-packages/airflow/example_dags/example_params_trigger_ui.py
[2025-11-28T07:17:51.524+0000] {processor.py:840} INFO - DAG(s) 'example_params_trigger_ui' retrieved from /home/airflow/.local/lib/python3.8/site-packages/airflow/example_dags/example_params_trigger_ui.py
[2025-11-28T07:17:51.563+0000] {logging_mixin.py:188} INFO - [2025-11-28T07:17:51.563+0000] {dag.py:3036} INFO - Sync 1 DAGs
[2025-11-28T07:17:51.575+0000] {logging_mixin.py:188} INFO - [2025-11-28T07:17:51.575+0000] {dag.py:3823} INFO - Setting next_dagrun for example_params_trigger_ui to None, run_after=None
[2025-11-28T07:17:51.603+0000] {processor.py:183} INFO - Processing /home/airflow/.local/lib/python3.8/site-packages/airflow/example_dags/example_params_trigger_ui.py took 0.096 seconds
[2025-11-28T07:18:22.253+0000] {processor.py:161} INFO - Started process (PID=2890) to work on /home/airflow/.local/lib/python3.8/site-packages/airflow/example_dags/example_params_trigger_ui.py
[2025-11-28T07:18:22.256+0000] {processor.py:830} INFO - Processing file /home/airflow/.local/lib/python3.8/site-packages/airflow/example_dags/example_params_trigger_ui.py for tasks to queue
[2025-11-28T07:18:22.258+0000] {logging_mixin.py:188} INFO - [2025-11-28T07:18:22.258+0000] {dagbag.py:538} INFO - Filling up the DagBag from /home/airflow/.local/lib/python3.8/site-packages/airflow/example_dags/example_params_trigger_ui.py
[2025-11-28T07:18:22.269+0000] {processor.py:840} INFO - DAG(s) 'example_params_trigger_ui' retrieved from /home/airflow/.local/lib/python3.8/site-packages/airflow/example_dags/example_params_trigger_ui.py
[2025-11-28T07:18:22.331+0000] {logging_mixin.py:188} INFO - [2025-11-28T07:18:22.331+0000] {dag.py:3036} INFO - Sync 1 DAGs
[2025-11-28T07:18:22.343+0000] {logging_mixin.py:188} INFO - [2025-11-28T07:18:22.343+0000] {dag.py:3823} INFO - Setting next_dagrun for example_params_trigger_ui to None, run_after=None
[2025-11-28T07:18:22.371+0000] {processor.py:183} INFO - Processing /home/airflow/.local/lib/python3.8/site-packages/airflow/example_dags/example_params_trigger_ui.py took 0.121 seconds
[2025-11-28T07:18:52.466+0000] {processor.py:161} INFO - Started process (PID=2945) to work on /home/airflow/.local/lib/python3.8/site-packages/airflow/example_dags/example_params_trigger_ui.py
[2025-11-28T07:18:52.468+0000] {processor.py:830} INFO - Processing file /home/airflow/.local/lib/python3.8/site-packages/airflow/example_dags/example_params_trigger_ui.py for tasks to queue
[2025-11-28T07:18:52.473+0000] {logging_mixin.py:188} INFO - [2025-11-28T07:18:52.473+0000] {dagbag.py:538} INFO - Filling up the DagBag from /home/airflow/.local/lib/python3.8/site-packages/airflow/example_dags/example_params_trigger_ui.py
[2025-11-28T07:18:52.498+0000] {processor.py:840} INFO - DAG(s) 'example_params_trigger_ui' retrieved from /home/airflow/.local/lib/python3.8/site-packages/airflow/example_dags/example_params_trigger_ui.py
[2025-11-28T07:18:52.546+0000] {logging_mixin.py:188} INFO - [2025-11-28T07:18:52.545+0000] {dag.py:3036} INFO - Sync 1 DAGs
[2025-11-28T07:18:52.559+0000] {logging_mixin.py:188} INFO - [2025-11-28T07:18:52.559+0000] {dag.py:3823} INFO - Setting next_dagrun for example_params_trigger_ui to None, run_after=None
[2025-11-28T07:18:52.574+0000] {processor.py:183} INFO - Processing /home/airflow/.local/lib/python3.8/site-packages/airflow/example_dags/example_params_trigger_ui.py took 0.113 seconds
[2025-11-28T07:19:22.732+0000] {processor.py:161} INFO - Started process (PID=2999) to work on /home/airflow/.local/lib/python3.8/site-packages/airflow/example_dags/example_params_trigger_ui.py
[2025-11-28T07:19:22.733+0000] {processor.py:830} INFO - Processing file /home/airflow/.local/lib/python3.8/site-packages/airflow/example_dags/example_params_trigger_ui.py for tasks to queue
[2025-11-28T07:19:22.735+0000] {logging_mixin.py:188} INFO - [2025-11-28T07:19:22.735+0000] {dagbag.py:538} INFO - Filling up the DagBag from /home/airflow/.local/lib/python3.8/site-packages/airflow/example_dags/example_params_trigger_ui.py
[2025-11-28T07:19:22.749+0000] {processor.py:840} INFO - DAG(s) 'example_params_trigger_ui' retrieved from /home/airflow/.local/lib/python3.8/site-packages/airflow/example_dags/example_params_trigger_ui.py
[2025-11-28T07:19:22.792+0000] {logging_mixin.py:188} INFO - [2025-11-28T07:19:22.792+0000] {dag.py:3036} INFO - Sync 1 DAGs
[2025-11-28T07:19:22.807+0000] {logging_mixin.py:188} INFO - [2025-11-28T07:19:22.806+0000] {dag.py:3823} INFO - Setting next_dagrun for example_params_trigger_ui to None, run_after=None
[2025-11-28T07:19:22.829+0000] {processor.py:183} INFO - Processing /home/airflow/.local/lib/python3.8/site-packages/airflow/example_dags/example_params_trigger_ui.py took 0.101 seconds
