[2025-11-28T06:52:28.641+0000] {processor.py:161} INFO - Started process (PID=107) to work on /home/airflow/.local/lib/python3.8/site-packages/airflow/example_dags/example_sensors.py
[2025-11-28T06:52:28.642+0000] {processor.py:830} INFO - Processing file /home/airflow/.local/lib/python3.8/site-packages/airflow/example_dags/example_sensors.py for tasks to queue
[2025-11-28T06:52:28.645+0000] {logging_mixin.py:188} INFO - [2025-11-28T06:52:28.645+0000] {dagbag.py:538} INFO - Filling up the DagBag from /home/airflow/.local/lib/python3.8/site-packages/airflow/example_dags/example_sensors.py
[2025-11-28T06:52:28.658+0000] {processor.py:840} INFO - DAG(s) 'example_sensors' retrieved from /home/airflow/.local/lib/python3.8/site-packages/airflow/example_dags/example_sensors.py
[2025-11-28T06:52:28.798+0000] {logging_mixin.py:188} INFO - [2025-11-28T06:52:28.798+0000] {override.py:1769} INFO - Created Permission View: can edit on DAG:example_sensors
[2025-11-28T06:52:28.819+0000] {logging_mixin.py:188} INFO - [2025-11-28T06:52:28.818+0000] {override.py:1769} INFO - Created Permission View: can delete on DAG:example_sensors
[2025-11-28T06:52:28.829+0000] {logging_mixin.py:188} INFO - [2025-11-28T06:52:28.828+0000] {override.py:1769} INFO - Created Permission View: can read on DAG:example_sensors
[2025-11-28T06:52:28.830+0000] {logging_mixin.py:188} INFO - [2025-11-28T06:52:28.829+0000] {dag.py:3036} INFO - Sync 1 DAGs
[2025-11-28T06:52:28.846+0000] {logging_mixin.py:188} INFO - [2025-11-28T06:52:28.845+0000] {dag.py:3058} INFO - Creating ORM DAG for example_sensors
[2025-11-28T06:52:28.847+0000] {logging_mixin.py:188} INFO - [2025-11-28T06:52:28.847+0000] {dag.py:3823} INFO - Setting next_dagrun for example_sensors to None, run_after=None
[2025-11-28T06:52:28.870+0000] {processor.py:183} INFO - Processing /home/airflow/.local/lib/python3.8/site-packages/airflow/example_dags/example_sensors.py took 0.234 seconds
[2025-11-28T06:52:59.391+0000] {processor.py:161} INFO - Started process (PID=162) to work on /home/airflow/.local/lib/python3.8/site-packages/airflow/example_dags/example_sensors.py
[2025-11-28T06:52:59.392+0000] {processor.py:830} INFO - Processing file /home/airflow/.local/lib/python3.8/site-packages/airflow/example_dags/example_sensors.py for tasks to queue
[2025-11-28T06:52:59.394+0000] {logging_mixin.py:188} INFO - [2025-11-28T06:52:59.394+0000] {dagbag.py:538} INFO - Filling up the DagBag from /home/airflow/.local/lib/python3.8/site-packages/airflow/example_dags/example_sensors.py
[2025-11-28T06:52:59.402+0000] {processor.py:840} INFO - DAG(s) 'example_sensors' retrieved from /home/airflow/.local/lib/python3.8/site-packages/airflow/example_dags/example_sensors.py
[2025-11-28T06:52:59.427+0000] {logging_mixin.py:188} INFO - [2025-11-28T06:52:59.426+0000] {dag.py:3036} INFO - Sync 1 DAGs
[2025-11-28T06:52:59.438+0000] {logging_mixin.py:188} INFO - [2025-11-28T06:52:59.438+0000] {dag.py:3823} INFO - Setting next_dagrun for example_sensors to None, run_after=None
[2025-11-28T06:52:59.457+0000] {processor.py:183} INFO - Processing /home/airflow/.local/lib/python3.8/site-packages/airflow/example_dags/example_sensors.py took 0.069 seconds
[2025-11-28T06:53:29.712+0000] {processor.py:161} INFO - Started process (PID=217) to work on /home/airflow/.local/lib/python3.8/site-packages/airflow/example_dags/example_sensors.py
[2025-11-28T06:53:29.713+0000] {processor.py:830} INFO - Processing file /home/airflow/.local/lib/python3.8/site-packages/airflow/example_dags/example_sensors.py for tasks to queue
[2025-11-28T06:53:29.716+0000] {logging_mixin.py:188} INFO - [2025-11-28T06:53:29.715+0000] {dagbag.py:538} INFO - Filling up the DagBag from /home/airflow/.local/lib/python3.8/site-packages/airflow/example_dags/example_sensors.py
[2025-11-28T06:53:29.729+0000] {processor.py:840} INFO - DAG(s) 'example_sensors' retrieved from /home/airflow/.local/lib/python3.8/site-packages/airflow/example_dags/example_sensors.py
[2025-11-28T06:53:29.762+0000] {logging_mixin.py:188} INFO - [2025-11-28T06:53:29.762+0000] {dag.py:3036} INFO - Sync 1 DAGs
[2025-11-28T06:53:29.775+0000] {logging_mixin.py:188} INFO - [2025-11-28T06:53:29.774+0000] {dag.py:3823} INFO - Setting next_dagrun for example_sensors to None, run_after=None
[2025-11-28T06:53:29.802+0000] {processor.py:183} INFO - Processing /home/airflow/.local/lib/python3.8/site-packages/airflow/example_dags/example_sensors.py took 0.092 seconds
[2025-11-28T06:54:00.140+0000] {processor.py:161} INFO - Started process (PID=272) to work on /home/airflow/.local/lib/python3.8/site-packages/airflow/example_dags/example_sensors.py
[2025-11-28T06:54:00.142+0000] {processor.py:830} INFO - Processing file /home/airflow/.local/lib/python3.8/site-packages/airflow/example_dags/example_sensors.py for tasks to queue
[2025-11-28T06:54:00.144+0000] {logging_mixin.py:188} INFO - [2025-11-28T06:54:00.144+0000] {dagbag.py:538} INFO - Filling up the DagBag from /home/airflow/.local/lib/python3.8/site-packages/airflow/example_dags/example_sensors.py
[2025-11-28T06:54:00.155+0000] {processor.py:840} INFO - DAG(s) 'example_sensors' retrieved from /home/airflow/.local/lib/python3.8/site-packages/airflow/example_dags/example_sensors.py
[2025-11-28T06:54:00.178+0000] {logging_mixin.py:188} INFO - [2025-11-28T06:54:00.177+0000] {dag.py:3036} INFO - Sync 1 DAGs
[2025-11-28T06:54:00.187+0000] {logging_mixin.py:188} INFO - [2025-11-28T06:54:00.187+0000] {dag.py:3823} INFO - Setting next_dagrun for example_sensors to None, run_after=None
[2025-11-28T06:54:00.204+0000] {processor.py:183} INFO - Processing /home/airflow/.local/lib/python3.8/site-packages/airflow/example_dags/example_sensors.py took 0.067 seconds
[2025-11-28T06:54:31.194+0000] {processor.py:161} INFO - Started process (PID=327) to work on /home/airflow/.local/lib/python3.8/site-packages/airflow/example_dags/example_sensors.py
[2025-11-28T06:54:31.196+0000] {processor.py:830} INFO - Processing file /home/airflow/.local/lib/python3.8/site-packages/airflow/example_dags/example_sensors.py for tasks to queue
[2025-11-28T06:54:31.198+0000] {logging_mixin.py:188} INFO - [2025-11-28T06:54:31.198+0000] {dagbag.py:538} INFO - Filling up the DagBag from /home/airflow/.local/lib/python3.8/site-packages/airflow/example_dags/example_sensors.py
[2025-11-28T06:54:31.205+0000] {processor.py:840} INFO - DAG(s) 'example_sensors' retrieved from /home/airflow/.local/lib/python3.8/site-packages/airflow/example_dags/example_sensors.py
[2025-11-28T06:54:31.239+0000] {logging_mixin.py:188} INFO - [2025-11-28T06:54:31.238+0000] {dag.py:3036} INFO - Sync 1 DAGs
[2025-11-28T06:54:31.253+0000] {logging_mixin.py:188} INFO - [2025-11-28T06:54:31.253+0000] {dag.py:3823} INFO - Setting next_dagrun for example_sensors to None, run_after=None
[2025-11-28T06:54:31.274+0000] {processor.py:183} INFO - Processing /home/airflow/.local/lib/python3.8/site-packages/airflow/example_dags/example_sensors.py took 0.084 seconds
[2025-11-28T06:55:01.917+0000] {processor.py:161} INFO - Started process (PID=382) to work on /home/airflow/.local/lib/python3.8/site-packages/airflow/example_dags/example_sensors.py
[2025-11-28T06:55:01.918+0000] {processor.py:830} INFO - Processing file /home/airflow/.local/lib/python3.8/site-packages/airflow/example_dags/example_sensors.py for tasks to queue
[2025-11-28T06:55:01.920+0000] {logging_mixin.py:188} INFO - [2025-11-28T06:55:01.920+0000] {dagbag.py:538} INFO - Filling up the DagBag from /home/airflow/.local/lib/python3.8/site-packages/airflow/example_dags/example_sensors.py
[2025-11-28T06:55:01.929+0000] {processor.py:840} INFO - DAG(s) 'example_sensors' retrieved from /home/airflow/.local/lib/python3.8/site-packages/airflow/example_dags/example_sensors.py
[2025-11-28T06:55:01.941+0000] {logging_mixin.py:188} INFO - [2025-11-28T06:55:01.941+0000] {dag.py:3036} INFO - Sync 1 DAGs
[2025-11-28T06:55:01.953+0000] {logging_mixin.py:188} INFO - [2025-11-28T06:55:01.952+0000] {dag.py:3823} INFO - Setting next_dagrun for example_sensors to None, run_after=None
[2025-11-28T06:55:01.971+0000] {processor.py:183} INFO - Processing /home/airflow/.local/lib/python3.8/site-packages/airflow/example_dags/example_sensors.py took 0.058 seconds
[2025-11-28T06:55:32.753+0000] {processor.py:161} INFO - Started process (PID=437) to work on /home/airflow/.local/lib/python3.8/site-packages/airflow/example_dags/example_sensors.py
[2025-11-28T06:55:32.754+0000] {processor.py:830} INFO - Processing file /home/airflow/.local/lib/python3.8/site-packages/airflow/example_dags/example_sensors.py for tasks to queue
[2025-11-28T06:55:32.756+0000] {logging_mixin.py:188} INFO - [2025-11-28T06:55:32.756+0000] {dagbag.py:538} INFO - Filling up the DagBag from /home/airflow/.local/lib/python3.8/site-packages/airflow/example_dags/example_sensors.py
[2025-11-28T06:55:32.764+0000] {processor.py:840} INFO - DAG(s) 'example_sensors' retrieved from /home/airflow/.local/lib/python3.8/site-packages/airflow/example_dags/example_sensors.py
[2025-11-28T06:55:32.854+0000] {logging_mixin.py:188} INFO - [2025-11-28T06:55:32.854+0000] {dag.py:3036} INFO - Sync 1 DAGs
[2025-11-28T06:55:32.863+0000] {logging_mixin.py:188} INFO - [2025-11-28T06:55:32.863+0000] {dag.py:3823} INFO - Setting next_dagrun for example_sensors to None, run_after=None
[2025-11-28T06:55:32.893+0000] {processor.py:183} INFO - Processing /home/airflow/.local/lib/python3.8/site-packages/airflow/example_dags/example_sensors.py took 0.143 seconds
[2025-11-28T06:56:03.434+0000] {processor.py:161} INFO - Started process (PID=492) to work on /home/airflow/.local/lib/python3.8/site-packages/airflow/example_dags/example_sensors.py
[2025-11-28T06:56:03.437+0000] {processor.py:830} INFO - Processing file /home/airflow/.local/lib/python3.8/site-packages/airflow/example_dags/example_sensors.py for tasks to queue
[2025-11-28T06:56:03.439+0000] {logging_mixin.py:188} INFO - [2025-11-28T06:56:03.439+0000] {dagbag.py:538} INFO - Filling up the DagBag from /home/airflow/.local/lib/python3.8/site-packages/airflow/example_dags/example_sensors.py
[2025-11-28T06:56:03.446+0000] {processor.py:840} INFO - DAG(s) 'example_sensors' retrieved from /home/airflow/.local/lib/python3.8/site-packages/airflow/example_dags/example_sensors.py
[2025-11-28T06:56:03.469+0000] {logging_mixin.py:188} INFO - [2025-11-28T06:56:03.469+0000] {dag.py:3036} INFO - Sync 1 DAGs
[2025-11-28T06:56:03.478+0000] {logging_mixin.py:188} INFO - [2025-11-28T06:56:03.478+0000] {dag.py:3823} INFO - Setting next_dagrun for example_sensors to None, run_after=None
[2025-11-28T06:56:03.503+0000] {processor.py:183} INFO - Processing /home/airflow/.local/lib/python3.8/site-packages/airflow/example_dags/example_sensors.py took 0.071 seconds
[2025-11-28T06:56:33.727+0000] {processor.py:161} INFO - Started process (PID=547) to work on /home/airflow/.local/lib/python3.8/site-packages/airflow/example_dags/example_sensors.py
[2025-11-28T06:56:33.729+0000] {processor.py:830} INFO - Processing file /home/airflow/.local/lib/python3.8/site-packages/airflow/example_dags/example_sensors.py for tasks to queue
[2025-11-28T06:56:33.733+0000] {logging_mixin.py:188} INFO - [2025-11-28T06:56:33.733+0000] {dagbag.py:538} INFO - Filling up the DagBag from /home/airflow/.local/lib/python3.8/site-packages/airflow/example_dags/example_sensors.py
[2025-11-28T06:56:33.749+0000] {processor.py:840} INFO - DAG(s) 'example_sensors' retrieved from /home/airflow/.local/lib/python3.8/site-packages/airflow/example_dags/example_sensors.py
[2025-11-28T06:56:33.775+0000] {logging_mixin.py:188} INFO - [2025-11-28T06:56:33.775+0000] {dag.py:3036} INFO - Sync 1 DAGs
[2025-11-28T06:56:33.783+0000] {logging_mixin.py:188} INFO - [2025-11-28T06:56:33.783+0000] {dag.py:3823} INFO - Setting next_dagrun for example_sensors to None, run_after=None
[2025-11-28T06:56:33.800+0000] {processor.py:183} INFO - Processing /home/airflow/.local/lib/python3.8/site-packages/airflow/example_dags/example_sensors.py took 0.079 seconds
[2025-11-28T06:57:04.281+0000] {processor.py:161} INFO - Started process (PID=602) to work on /home/airflow/.local/lib/python3.8/site-packages/airflow/example_dags/example_sensors.py
[2025-11-28T06:57:04.282+0000] {processor.py:830} INFO - Processing file /home/airflow/.local/lib/python3.8/site-packages/airflow/example_dags/example_sensors.py for tasks to queue
[2025-11-28T06:57:04.284+0000] {logging_mixin.py:188} INFO - [2025-11-28T06:57:04.284+0000] {dagbag.py:538} INFO - Filling up the DagBag from /home/airflow/.local/lib/python3.8/site-packages/airflow/example_dags/example_sensors.py
[2025-11-28T06:57:04.292+0000] {processor.py:840} INFO - DAG(s) 'example_sensors' retrieved from /home/airflow/.local/lib/python3.8/site-packages/airflow/example_dags/example_sensors.py
[2025-11-28T06:57:04.311+0000] {logging_mixin.py:188} INFO - [2025-11-28T06:57:04.311+0000] {dag.py:3036} INFO - Sync 1 DAGs
[2025-11-28T06:57:04.319+0000] {logging_mixin.py:188} INFO - [2025-11-28T06:57:04.319+0000] {dag.py:3823} INFO - Setting next_dagrun for example_sensors to None, run_after=None
[2025-11-28T06:57:04.335+0000] {processor.py:183} INFO - Processing /home/airflow/.local/lib/python3.8/site-packages/airflow/example_dags/example_sensors.py took 0.056 seconds
[2025-11-28T06:57:34.842+0000] {processor.py:161} INFO - Started process (PID=657) to work on /home/airflow/.local/lib/python3.8/site-packages/airflow/example_dags/example_sensors.py
[2025-11-28T06:57:34.844+0000] {processor.py:830} INFO - Processing file /home/airflow/.local/lib/python3.8/site-packages/airflow/example_dags/example_sensors.py for tasks to queue
[2025-11-28T06:57:34.848+0000] {logging_mixin.py:188} INFO - [2025-11-28T06:57:34.847+0000] {dagbag.py:538} INFO - Filling up the DagBag from /home/airflow/.local/lib/python3.8/site-packages/airflow/example_dags/example_sensors.py
[2025-11-28T06:57:34.860+0000] {processor.py:840} INFO - DAG(s) 'example_sensors' retrieved from /home/airflow/.local/lib/python3.8/site-packages/airflow/example_dags/example_sensors.py
[2025-11-28T06:57:34.889+0000] {logging_mixin.py:188} INFO - [2025-11-28T06:57:34.889+0000] {dag.py:3036} INFO - Sync 1 DAGs
[2025-11-28T06:57:34.899+0000] {logging_mixin.py:188} INFO - [2025-11-28T06:57:34.899+0000] {dag.py:3823} INFO - Setting next_dagrun for example_sensors to None, run_after=None
[2025-11-28T06:57:34.918+0000] {processor.py:183} INFO - Processing /home/airflow/.local/lib/python3.8/site-packages/airflow/example_dags/example_sensors.py took 0.082 seconds
[2025-11-28T06:58:05.651+0000] {processor.py:161} INFO - Started process (PID=712) to work on /home/airflow/.local/lib/python3.8/site-packages/airflow/example_dags/example_sensors.py
[2025-11-28T06:58:05.654+0000] {processor.py:830} INFO - Processing file /home/airflow/.local/lib/python3.8/site-packages/airflow/example_dags/example_sensors.py for tasks to queue
[2025-11-28T06:58:05.658+0000] {logging_mixin.py:188} INFO - [2025-11-28T06:58:05.657+0000] {dagbag.py:538} INFO - Filling up the DagBag from /home/airflow/.local/lib/python3.8/site-packages/airflow/example_dags/example_sensors.py
[2025-11-28T06:58:05.674+0000] {processor.py:840} INFO - DAG(s) 'example_sensors' retrieved from /home/airflow/.local/lib/python3.8/site-packages/airflow/example_dags/example_sensors.py
[2025-11-28T06:58:05.712+0000] {logging_mixin.py:188} INFO - [2025-11-28T06:58:05.712+0000] {dag.py:3036} INFO - Sync 1 DAGs
[2025-11-28T06:58:05.728+0000] {logging_mixin.py:188} INFO - [2025-11-28T06:58:05.727+0000] {dag.py:3823} INFO - Setting next_dagrun for example_sensors to None, run_after=None
[2025-11-28T06:58:05.754+0000] {processor.py:183} INFO - Processing /home/airflow/.local/lib/python3.8/site-packages/airflow/example_dags/example_sensors.py took 0.109 seconds
[2025-11-28T06:58:36.072+0000] {processor.py:161} INFO - Started process (PID=767) to work on /home/airflow/.local/lib/python3.8/site-packages/airflow/example_dags/example_sensors.py
[2025-11-28T06:58:36.073+0000] {processor.py:830} INFO - Processing file /home/airflow/.local/lib/python3.8/site-packages/airflow/example_dags/example_sensors.py for tasks to queue
[2025-11-28T06:58:36.076+0000] {logging_mixin.py:188} INFO - [2025-11-28T06:58:36.075+0000] {dagbag.py:538} INFO - Filling up the DagBag from /home/airflow/.local/lib/python3.8/site-packages/airflow/example_dags/example_sensors.py
[2025-11-28T06:58:36.087+0000] {processor.py:840} INFO - DAG(s) 'example_sensors' retrieved from /home/airflow/.local/lib/python3.8/site-packages/airflow/example_dags/example_sensors.py
[2025-11-28T06:58:36.109+0000] {logging_mixin.py:188} INFO - [2025-11-28T06:58:36.109+0000] {dag.py:3036} INFO - Sync 1 DAGs
[2025-11-28T06:58:36.117+0000] {logging_mixin.py:188} INFO - [2025-11-28T06:58:36.117+0000] {dag.py:3823} INFO - Setting next_dagrun for example_sensors to None, run_after=None
[2025-11-28T06:58:36.134+0000] {processor.py:183} INFO - Processing /home/airflow/.local/lib/python3.8/site-packages/airflow/example_dags/example_sensors.py took 0.065 seconds
[2025-11-28T06:59:06.830+0000] {processor.py:161} INFO - Started process (PID=822) to work on /home/airflow/.local/lib/python3.8/site-packages/airflow/example_dags/example_sensors.py
[2025-11-28T06:59:06.832+0000] {processor.py:830} INFO - Processing file /home/airflow/.local/lib/python3.8/site-packages/airflow/example_dags/example_sensors.py for tasks to queue
[2025-11-28T06:59:06.833+0000] {logging_mixin.py:188} INFO - [2025-11-28T06:59:06.833+0000] {dagbag.py:538} INFO - Filling up the DagBag from /home/airflow/.local/lib/python3.8/site-packages/airflow/example_dags/example_sensors.py
[2025-11-28T06:59:06.840+0000] {processor.py:840} INFO - DAG(s) 'example_sensors' retrieved from /home/airflow/.local/lib/python3.8/site-packages/airflow/example_dags/example_sensors.py
[2025-11-28T06:59:06.868+0000] {logging_mixin.py:188} INFO - [2025-11-28T06:59:06.868+0000] {dag.py:3036} INFO - Sync 1 DAGs
[2025-11-28T06:59:06.884+0000] {logging_mixin.py:188} INFO - [2025-11-28T06:59:06.884+0000] {dag.py:3823} INFO - Setting next_dagrun for example_sensors to None, run_after=None
[2025-11-28T06:59:06.913+0000] {processor.py:183} INFO - Processing /home/airflow/.local/lib/python3.8/site-packages/airflow/example_dags/example_sensors.py took 0.085 seconds
[2025-11-28T06:59:37.408+0000] {processor.py:161} INFO - Started process (PID=877) to work on /home/airflow/.local/lib/python3.8/site-packages/airflow/example_dags/example_sensors.py
[2025-11-28T06:59:37.410+0000] {processor.py:830} INFO - Processing file /home/airflow/.local/lib/python3.8/site-packages/airflow/example_dags/example_sensors.py for tasks to queue
[2025-11-28T06:59:37.412+0000] {logging_mixin.py:188} INFO - [2025-11-28T06:59:37.412+0000] {dagbag.py:538} INFO - Filling up the DagBag from /home/airflow/.local/lib/python3.8/site-packages/airflow/example_dags/example_sensors.py
[2025-11-28T06:59:37.428+0000] {processor.py:840} INFO - DAG(s) 'example_sensors' retrieved from /home/airflow/.local/lib/python3.8/site-packages/airflow/example_dags/example_sensors.py
[2025-11-28T06:59:37.455+0000] {logging_mixin.py:188} INFO - [2025-11-28T06:59:37.454+0000] {dag.py:3036} INFO - Sync 1 DAGs
[2025-11-28T06:59:37.483+0000] {logging_mixin.py:188} INFO - [2025-11-28T06:59:37.483+0000] {dag.py:3823} INFO - Setting next_dagrun for example_sensors to None, run_after=None
[2025-11-28T06:59:37.501+0000] {processor.py:183} INFO - Processing /home/airflow/.local/lib/python3.8/site-packages/airflow/example_dags/example_sensors.py took 0.097 seconds
[2025-11-28T07:00:08.979+0000] {processor.py:161} INFO - Started process (PID=932) to work on /home/airflow/.local/lib/python3.8/site-packages/airflow/example_dags/example_sensors.py
[2025-11-28T07:00:08.986+0000] {processor.py:830} INFO - Processing file /home/airflow/.local/lib/python3.8/site-packages/airflow/example_dags/example_sensors.py for tasks to queue
[2025-11-28T07:00:08.993+0000] {logging_mixin.py:188} INFO - [2025-11-28T07:00:08.993+0000] {dagbag.py:538} INFO - Filling up the DagBag from /home/airflow/.local/lib/python3.8/site-packages/airflow/example_dags/example_sensors.py
[2025-11-28T07:00:09.015+0000] {processor.py:840} INFO - DAG(s) 'example_sensors' retrieved from /home/airflow/.local/lib/python3.8/site-packages/airflow/example_dags/example_sensors.py
[2025-11-28T07:00:09.076+0000] {logging_mixin.py:188} INFO - [2025-11-28T07:00:09.076+0000] {dag.py:3036} INFO - Sync 1 DAGs
[2025-11-28T07:00:09.118+0000] {logging_mixin.py:188} INFO - [2025-11-28T07:00:09.117+0000] {dag.py:3823} INFO - Setting next_dagrun for example_sensors to None, run_after=None
[2025-11-28T07:00:09.174+0000] {processor.py:183} INFO - Processing /home/airflow/.local/lib/python3.8/site-packages/airflow/example_dags/example_sensors.py took 0.200 seconds
[2025-11-28T07:00:39.350+0000] {processor.py:161} INFO - Started process (PID=987) to work on /home/airflow/.local/lib/python3.8/site-packages/airflow/example_dags/example_sensors.py
[2025-11-28T07:00:39.351+0000] {processor.py:830} INFO - Processing file /home/airflow/.local/lib/python3.8/site-packages/airflow/example_dags/example_sensors.py for tasks to queue
[2025-11-28T07:00:39.354+0000] {logging_mixin.py:188} INFO - [2025-11-28T07:00:39.354+0000] {dagbag.py:538} INFO - Filling up the DagBag from /home/airflow/.local/lib/python3.8/site-packages/airflow/example_dags/example_sensors.py
[2025-11-28T07:00:39.370+0000] {processor.py:840} INFO - DAG(s) 'example_sensors' retrieved from /home/airflow/.local/lib/python3.8/site-packages/airflow/example_dags/example_sensors.py
[2025-11-28T07:00:39.426+0000] {logging_mixin.py:188} INFO - [2025-11-28T07:00:39.425+0000] {dag.py:3036} INFO - Sync 1 DAGs
[2025-11-28T07:00:39.453+0000] {logging_mixin.py:188} INFO - [2025-11-28T07:00:39.453+0000] {dag.py:3823} INFO - Setting next_dagrun for example_sensors to None, run_after=None
[2025-11-28T07:00:39.484+0000] {processor.py:183} INFO - Processing /home/airflow/.local/lib/python3.8/site-packages/airflow/example_dags/example_sensors.py took 0.140 seconds
[2025-11-28T07:01:09.763+0000] {processor.py:161} INFO - Started process (PID=1042) to work on /home/airflow/.local/lib/python3.8/site-packages/airflow/example_dags/example_sensors.py
[2025-11-28T07:01:09.764+0000] {processor.py:830} INFO - Processing file /home/airflow/.local/lib/python3.8/site-packages/airflow/example_dags/example_sensors.py for tasks to queue
[2025-11-28T07:01:09.766+0000] {logging_mixin.py:188} INFO - [2025-11-28T07:01:09.766+0000] {dagbag.py:538} INFO - Filling up the DagBag from /home/airflow/.local/lib/python3.8/site-packages/airflow/example_dags/example_sensors.py
[2025-11-28T07:01:09.774+0000] {processor.py:840} INFO - DAG(s) 'example_sensors' retrieved from /home/airflow/.local/lib/python3.8/site-packages/airflow/example_dags/example_sensors.py
[2025-11-28T07:01:09.812+0000] {logging_mixin.py:188} INFO - [2025-11-28T07:01:09.812+0000] {dag.py:3036} INFO - Sync 1 DAGs
[2025-11-28T07:01:09.828+0000] {logging_mixin.py:188} INFO - [2025-11-28T07:01:09.827+0000] {dag.py:3823} INFO - Setting next_dagrun for example_sensors to None, run_after=None
[2025-11-28T07:01:09.860+0000] {processor.py:183} INFO - Processing /home/airflow/.local/lib/python3.8/site-packages/airflow/example_dags/example_sensors.py took 0.100 seconds
[2025-11-28T07:01:40.292+0000] {processor.py:161} INFO - Started process (PID=1096) to work on /home/airflow/.local/lib/python3.8/site-packages/airflow/example_dags/example_sensors.py
[2025-11-28T07:01:40.295+0000] {processor.py:830} INFO - Processing file /home/airflow/.local/lib/python3.8/site-packages/airflow/example_dags/example_sensors.py for tasks to queue
[2025-11-28T07:01:40.298+0000] {logging_mixin.py:188} INFO - [2025-11-28T07:01:40.297+0000] {dagbag.py:538} INFO - Filling up the DagBag from /home/airflow/.local/lib/python3.8/site-packages/airflow/example_dags/example_sensors.py
[2025-11-28T07:01:40.311+0000] {processor.py:840} INFO - DAG(s) 'example_sensors' retrieved from /home/airflow/.local/lib/python3.8/site-packages/airflow/example_dags/example_sensors.py
[2025-11-28T07:01:40.350+0000] {logging_mixin.py:188} INFO - [2025-11-28T07:01:40.350+0000] {dag.py:3036} INFO - Sync 1 DAGs
[2025-11-28T07:01:40.368+0000] {logging_mixin.py:188} INFO - [2025-11-28T07:01:40.368+0000] {dag.py:3823} INFO - Setting next_dagrun for example_sensors to None, run_after=None
[2025-11-28T07:01:40.390+0000] {processor.py:183} INFO - Processing /home/airflow/.local/lib/python3.8/site-packages/airflow/example_dags/example_sensors.py took 0.102 seconds
[2025-11-28T07:02:10.810+0000] {processor.py:161} INFO - Started process (PID=1151) to work on /home/airflow/.local/lib/python3.8/site-packages/airflow/example_dags/example_sensors.py
[2025-11-28T07:02:10.811+0000] {processor.py:830} INFO - Processing file /home/airflow/.local/lib/python3.8/site-packages/airflow/example_dags/example_sensors.py for tasks to queue
[2025-11-28T07:02:10.816+0000] {logging_mixin.py:188} INFO - [2025-11-28T07:02:10.816+0000] {dagbag.py:538} INFO - Filling up the DagBag from /home/airflow/.local/lib/python3.8/site-packages/airflow/example_dags/example_sensors.py
[2025-11-28T07:02:10.823+0000] {processor.py:840} INFO - DAG(s) 'example_sensors' retrieved from /home/airflow/.local/lib/python3.8/site-packages/airflow/example_dags/example_sensors.py
[2025-11-28T07:02:10.843+0000] {logging_mixin.py:188} INFO - [2025-11-28T07:02:10.843+0000] {dag.py:3036} INFO - Sync 1 DAGs
[2025-11-28T07:02:10.853+0000] {logging_mixin.py:188} INFO - [2025-11-28T07:02:10.853+0000] {dag.py:3823} INFO - Setting next_dagrun for example_sensors to None, run_after=None
[2025-11-28T07:02:10.870+0000] {processor.py:183} INFO - Processing /home/airflow/.local/lib/python3.8/site-packages/airflow/example_dags/example_sensors.py took 0.064 seconds
[2025-11-28T07:02:42.129+0000] {processor.py:161} INFO - Started process (PID=1205) to work on /home/airflow/.local/lib/python3.8/site-packages/airflow/example_dags/example_sensors.py
[2025-11-28T07:02:42.131+0000] {processor.py:830} INFO - Processing file /home/airflow/.local/lib/python3.8/site-packages/airflow/example_dags/example_sensors.py for tasks to queue
[2025-11-28T07:02:42.132+0000] {logging_mixin.py:188} INFO - [2025-11-28T07:02:42.132+0000] {dagbag.py:538} INFO - Filling up the DagBag from /home/airflow/.local/lib/python3.8/site-packages/airflow/example_dags/example_sensors.py
[2025-11-28T07:02:42.139+0000] {processor.py:840} INFO - DAG(s) 'example_sensors' retrieved from /home/airflow/.local/lib/python3.8/site-packages/airflow/example_dags/example_sensors.py
[2025-11-28T07:02:42.160+0000] {logging_mixin.py:188} INFO - [2025-11-28T07:02:42.159+0000] {dag.py:3036} INFO - Sync 1 DAGs
[2025-11-28T07:02:42.175+0000] {logging_mixin.py:188} INFO - [2025-11-28T07:02:42.174+0000] {dag.py:3823} INFO - Setting next_dagrun for example_sensors to None, run_after=None
[2025-11-28T07:02:42.191+0000] {processor.py:183} INFO - Processing /home/airflow/.local/lib/python3.8/site-packages/airflow/example_dags/example_sensors.py took 0.065 seconds
[2025-11-28T07:03:13.690+0000] {processor.py:161} INFO - Started process (PID=1261) to work on /home/airflow/.local/lib/python3.8/site-packages/airflow/example_dags/example_sensors.py
[2025-11-28T07:03:13.692+0000] {processor.py:830} INFO - Processing file /home/airflow/.local/lib/python3.8/site-packages/airflow/example_dags/example_sensors.py for tasks to queue
[2025-11-28T07:03:13.698+0000] {logging_mixin.py:188} INFO - [2025-11-28T07:03:13.697+0000] {dagbag.py:538} INFO - Filling up the DagBag from /home/airflow/.local/lib/python3.8/site-packages/airflow/example_dags/example_sensors.py
[2025-11-28T07:03:13.721+0000] {processor.py:840} INFO - DAG(s) 'example_sensors' retrieved from /home/airflow/.local/lib/python3.8/site-packages/airflow/example_dags/example_sensors.py
[2025-11-28T07:03:13.790+0000] {logging_mixin.py:188} INFO - [2025-11-28T07:03:13.790+0000] {dag.py:3036} INFO - Sync 1 DAGs
[2025-11-28T07:03:13.820+0000] {logging_mixin.py:188} INFO - [2025-11-28T07:03:13.820+0000] {dag.py:3823} INFO - Setting next_dagrun for example_sensors to None, run_after=None
[2025-11-28T07:03:13.900+0000] {processor.py:183} INFO - Processing /home/airflow/.local/lib/python3.8/site-packages/airflow/example_dags/example_sensors.py took 0.215 seconds
[2025-11-28T07:03:44.019+0000] {processor.py:161} INFO - Started process (PID=1316) to work on /home/airflow/.local/lib/python3.8/site-packages/airflow/example_dags/example_sensors.py
[2025-11-28T07:03:44.021+0000] {processor.py:830} INFO - Processing file /home/airflow/.local/lib/python3.8/site-packages/airflow/example_dags/example_sensors.py for tasks to queue
[2025-11-28T07:03:44.024+0000] {logging_mixin.py:188} INFO - [2025-11-28T07:03:44.023+0000] {dagbag.py:538} INFO - Filling up the DagBag from /home/airflow/.local/lib/python3.8/site-packages/airflow/example_dags/example_sensors.py
[2025-11-28T07:03:44.037+0000] {processor.py:840} INFO - DAG(s) 'example_sensors' retrieved from /home/airflow/.local/lib/python3.8/site-packages/airflow/example_dags/example_sensors.py
[2025-11-28T07:03:44.083+0000] {logging_mixin.py:188} INFO - [2025-11-28T07:03:44.083+0000] {dag.py:3036} INFO - Sync 1 DAGs
[2025-11-28T07:03:44.100+0000] {logging_mixin.py:188} INFO - [2025-11-28T07:03:44.099+0000] {dag.py:3823} INFO - Setting next_dagrun for example_sensors to None, run_after=None
[2025-11-28T07:03:44.130+0000] {processor.py:183} INFO - Processing /home/airflow/.local/lib/python3.8/site-packages/airflow/example_dags/example_sensors.py took 0.115 seconds
[2025-11-28T07:04:14.457+0000] {processor.py:161} INFO - Started process (PID=1371) to work on /home/airflow/.local/lib/python3.8/site-packages/airflow/example_dags/example_sensors.py
[2025-11-28T07:04:14.463+0000] {processor.py:830} INFO - Processing file /home/airflow/.local/lib/python3.8/site-packages/airflow/example_dags/example_sensors.py for tasks to queue
[2025-11-28T07:04:14.475+0000] {logging_mixin.py:188} INFO - [2025-11-28T07:04:14.475+0000] {dagbag.py:538} INFO - Filling up the DagBag from /home/airflow/.local/lib/python3.8/site-packages/airflow/example_dags/example_sensors.py
[2025-11-28T07:04:14.484+0000] {processor.py:840} INFO - DAG(s) 'example_sensors' retrieved from /home/airflow/.local/lib/python3.8/site-packages/airflow/example_dags/example_sensors.py
[2025-11-28T07:04:14.507+0000] {logging_mixin.py:188} INFO - [2025-11-28T07:04:14.507+0000] {dag.py:3036} INFO - Sync 1 DAGs
[2025-11-28T07:04:14.533+0000] {logging_mixin.py:188} INFO - [2025-11-28T07:04:14.531+0000] {dag.py:3823} INFO - Setting next_dagrun for example_sensors to None, run_after=None
[2025-11-28T07:04:14.557+0000] {processor.py:183} INFO - Processing /home/airflow/.local/lib/python3.8/site-packages/airflow/example_dags/example_sensors.py took 0.103 seconds
[2025-11-28T07:04:44.930+0000] {processor.py:161} INFO - Started process (PID=1426) to work on /home/airflow/.local/lib/python3.8/site-packages/airflow/example_dags/example_sensors.py
[2025-11-28T07:04:44.931+0000] {processor.py:830} INFO - Processing file /home/airflow/.local/lib/python3.8/site-packages/airflow/example_dags/example_sensors.py for tasks to queue
[2025-11-28T07:04:44.933+0000] {logging_mixin.py:188} INFO - [2025-11-28T07:04:44.932+0000] {dagbag.py:538} INFO - Filling up the DagBag from /home/airflow/.local/lib/python3.8/site-packages/airflow/example_dags/example_sensors.py
[2025-11-28T07:04:44.940+0000] {processor.py:840} INFO - DAG(s) 'example_sensors' retrieved from /home/airflow/.local/lib/python3.8/site-packages/airflow/example_dags/example_sensors.py
[2025-11-28T07:04:44.964+0000] {logging_mixin.py:188} INFO - [2025-11-28T07:04:44.964+0000] {dag.py:3036} INFO - Sync 1 DAGs
[2025-11-28T07:04:44.977+0000] {logging_mixin.py:188} INFO - [2025-11-28T07:04:44.976+0000] {dag.py:3823} INFO - Setting next_dagrun for example_sensors to None, run_after=None
[2025-11-28T07:04:44.998+0000] {processor.py:183} INFO - Processing /home/airflow/.local/lib/python3.8/site-packages/airflow/example_dags/example_sensors.py took 0.073 seconds
[2025-11-28T07:05:15.415+0000] {processor.py:161} INFO - Started process (PID=1482) to work on /home/airflow/.local/lib/python3.8/site-packages/airflow/example_dags/example_sensors.py
[2025-11-28T07:05:15.416+0000] {processor.py:830} INFO - Processing file /home/airflow/.local/lib/python3.8/site-packages/airflow/example_dags/example_sensors.py for tasks to queue
[2025-11-28T07:05:15.418+0000] {logging_mixin.py:188} INFO - [2025-11-28T07:05:15.418+0000] {dagbag.py:538} INFO - Filling up the DagBag from /home/airflow/.local/lib/python3.8/site-packages/airflow/example_dags/example_sensors.py
[2025-11-28T07:05:15.425+0000] {processor.py:840} INFO - DAG(s) 'example_sensors' retrieved from /home/airflow/.local/lib/python3.8/site-packages/airflow/example_dags/example_sensors.py
[2025-11-28T07:05:15.449+0000] {logging_mixin.py:188} INFO - [2025-11-28T07:05:15.449+0000] {dag.py:3036} INFO - Sync 1 DAGs
[2025-11-28T07:05:15.458+0000] {logging_mixin.py:188} INFO - [2025-11-28T07:05:15.458+0000] {dag.py:3823} INFO - Setting next_dagrun for example_sensors to None, run_after=None
[2025-11-28T07:05:15.480+0000] {processor.py:183} INFO - Processing /home/airflow/.local/lib/python3.8/site-packages/airflow/example_dags/example_sensors.py took 0.067 seconds
[2025-11-28T07:05:46.052+0000] {processor.py:161} INFO - Started process (PID=1537) to work on /home/airflow/.local/lib/python3.8/site-packages/airflow/example_dags/example_sensors.py
[2025-11-28T07:05:46.053+0000] {processor.py:830} INFO - Processing file /home/airflow/.local/lib/python3.8/site-packages/airflow/example_dags/example_sensors.py for tasks to queue
[2025-11-28T07:05:46.056+0000] {logging_mixin.py:188} INFO - [2025-11-28T07:05:46.056+0000] {dagbag.py:538} INFO - Filling up the DagBag from /home/airflow/.local/lib/python3.8/site-packages/airflow/example_dags/example_sensors.py
[2025-11-28T07:05:46.065+0000] {processor.py:840} INFO - DAG(s) 'example_sensors' retrieved from /home/airflow/.local/lib/python3.8/site-packages/airflow/example_dags/example_sensors.py
[2025-11-28T07:05:46.088+0000] {logging_mixin.py:188} INFO - [2025-11-28T07:05:46.088+0000] {dag.py:3036} INFO - Sync 1 DAGs
[2025-11-28T07:05:46.099+0000] {logging_mixin.py:188} INFO - [2025-11-28T07:05:46.099+0000] {dag.py:3823} INFO - Setting next_dagrun for example_sensors to None, run_after=None
[2025-11-28T07:05:46.115+0000] {processor.py:183} INFO - Processing /home/airflow/.local/lib/python3.8/site-packages/airflow/example_dags/example_sensors.py took 0.067 seconds
[2025-11-28T07:06:16.775+0000] {processor.py:161} INFO - Started process (PID=1592) to work on /home/airflow/.local/lib/python3.8/site-packages/airflow/example_dags/example_sensors.py
[2025-11-28T07:06:16.776+0000] {processor.py:830} INFO - Processing file /home/airflow/.local/lib/python3.8/site-packages/airflow/example_dags/example_sensors.py for tasks to queue
[2025-11-28T07:06:16.778+0000] {logging_mixin.py:188} INFO - [2025-11-28T07:06:16.778+0000] {dagbag.py:538} INFO - Filling up the DagBag from /home/airflow/.local/lib/python3.8/site-packages/airflow/example_dags/example_sensors.py
[2025-11-28T07:06:16.788+0000] {processor.py:840} INFO - DAG(s) 'example_sensors' retrieved from /home/airflow/.local/lib/python3.8/site-packages/airflow/example_dags/example_sensors.py
[2025-11-28T07:06:16.826+0000] {logging_mixin.py:188} INFO - [2025-11-28T07:06:16.826+0000] {dag.py:3036} INFO - Sync 1 DAGs
[2025-11-28T07:06:16.836+0000] {logging_mixin.py:188} INFO - [2025-11-28T07:06:16.836+0000] {dag.py:3823} INFO - Setting next_dagrun for example_sensors to None, run_after=None
[2025-11-28T07:06:16.855+0000] {processor.py:183} INFO - Processing /home/airflow/.local/lib/python3.8/site-packages/airflow/example_dags/example_sensors.py took 0.083 seconds
[2025-11-28T07:06:47.078+0000] {processor.py:161} INFO - Started process (PID=1647) to work on /home/airflow/.local/lib/python3.8/site-packages/airflow/example_dags/example_sensors.py
[2025-11-28T07:06:47.079+0000] {processor.py:830} INFO - Processing file /home/airflow/.local/lib/python3.8/site-packages/airflow/example_dags/example_sensors.py for tasks to queue
[2025-11-28T07:06:47.082+0000] {logging_mixin.py:188} INFO - [2025-11-28T07:06:47.082+0000] {dagbag.py:538} INFO - Filling up the DagBag from /home/airflow/.local/lib/python3.8/site-packages/airflow/example_dags/example_sensors.py
[2025-11-28T07:06:47.095+0000] {processor.py:840} INFO - DAG(s) 'example_sensors' retrieved from /home/airflow/.local/lib/python3.8/site-packages/airflow/example_dags/example_sensors.py
[2025-11-28T07:06:47.122+0000] {logging_mixin.py:188} INFO - [2025-11-28T07:06:47.122+0000] {dag.py:3036} INFO - Sync 1 DAGs
[2025-11-28T07:06:47.134+0000] {logging_mixin.py:188} INFO - [2025-11-28T07:06:47.134+0000] {dag.py:3823} INFO - Setting next_dagrun for example_sensors to None, run_after=None
[2025-11-28T07:06:47.158+0000] {processor.py:183} INFO - Processing /home/airflow/.local/lib/python3.8/site-packages/airflow/example_dags/example_sensors.py took 0.084 seconds
[2025-11-28T07:07:17.827+0000] {processor.py:161} INFO - Started process (PID=1702) to work on /home/airflow/.local/lib/python3.8/site-packages/airflow/example_dags/example_sensors.py
[2025-11-28T07:07:17.828+0000] {processor.py:830} INFO - Processing file /home/airflow/.local/lib/python3.8/site-packages/airflow/example_dags/example_sensors.py for tasks to queue
[2025-11-28T07:07:17.831+0000] {logging_mixin.py:188} INFO - [2025-11-28T07:07:17.830+0000] {dagbag.py:538} INFO - Filling up the DagBag from /home/airflow/.local/lib/python3.8/site-packages/airflow/example_dags/example_sensors.py
[2025-11-28T07:07:17.839+0000] {processor.py:840} INFO - DAG(s) 'example_sensors' retrieved from /home/airflow/.local/lib/python3.8/site-packages/airflow/example_dags/example_sensors.py
[2025-11-28T07:07:17.873+0000] {logging_mixin.py:188} INFO - [2025-11-28T07:07:17.873+0000] {dag.py:3036} INFO - Sync 1 DAGs
[2025-11-28T07:07:17.890+0000] {logging_mixin.py:188} INFO - [2025-11-28T07:07:17.890+0000] {dag.py:3823} INFO - Setting next_dagrun for example_sensors to None, run_after=None
[2025-11-28T07:07:17.908+0000] {processor.py:183} INFO - Processing /home/airflow/.local/lib/python3.8/site-packages/airflow/example_dags/example_sensors.py took 0.083 seconds
[2025-11-28T07:07:48.307+0000] {processor.py:161} INFO - Started process (PID=1757) to work on /home/airflow/.local/lib/python3.8/site-packages/airflow/example_dags/example_sensors.py
[2025-11-28T07:07:48.309+0000] {processor.py:830} INFO - Processing file /home/airflow/.local/lib/python3.8/site-packages/airflow/example_dags/example_sensors.py for tasks to queue
[2025-11-28T07:07:48.310+0000] {logging_mixin.py:188} INFO - [2025-11-28T07:07:48.310+0000] {dagbag.py:538} INFO - Filling up the DagBag from /home/airflow/.local/lib/python3.8/site-packages/airflow/example_dags/example_sensors.py
[2025-11-28T07:07:48.317+0000] {processor.py:840} INFO - DAG(s) 'example_sensors' retrieved from /home/airflow/.local/lib/python3.8/site-packages/airflow/example_dags/example_sensors.py
[2025-11-28T07:07:48.338+0000] {logging_mixin.py:188} INFO - [2025-11-28T07:07:48.338+0000] {dag.py:3036} INFO - Sync 1 DAGs
[2025-11-28T07:07:48.348+0000] {logging_mixin.py:188} INFO - [2025-11-28T07:07:48.348+0000] {dag.py:3823} INFO - Setting next_dagrun for example_sensors to None, run_after=None
[2025-11-28T07:07:48.364+0000] {processor.py:183} INFO - Processing /home/airflow/.local/lib/python3.8/site-packages/airflow/example_dags/example_sensors.py took 0.060 seconds
[2025-11-28T07:08:18.805+0000] {processor.py:161} INFO - Started process (PID=1812) to work on /home/airflow/.local/lib/python3.8/site-packages/airflow/example_dags/example_sensors.py
[2025-11-28T07:08:18.808+0000] {processor.py:830} INFO - Processing file /home/airflow/.local/lib/python3.8/site-packages/airflow/example_dags/example_sensors.py for tasks to queue
[2025-11-28T07:08:18.810+0000] {logging_mixin.py:188} INFO - [2025-11-28T07:08:18.810+0000] {dagbag.py:538} INFO - Filling up the DagBag from /home/airflow/.local/lib/python3.8/site-packages/airflow/example_dags/example_sensors.py
[2025-11-28T07:08:18.818+0000] {processor.py:840} INFO - DAG(s) 'example_sensors' retrieved from /home/airflow/.local/lib/python3.8/site-packages/airflow/example_dags/example_sensors.py
[2025-11-28T07:08:18.837+0000] {logging_mixin.py:188} INFO - [2025-11-28T07:08:18.837+0000] {dag.py:3036} INFO - Sync 1 DAGs
[2025-11-28T07:08:18.852+0000] {logging_mixin.py:188} INFO - [2025-11-28T07:08:18.852+0000] {dag.py:3823} INFO - Setting next_dagrun for example_sensors to None, run_after=None
[2025-11-28T07:08:18.869+0000] {processor.py:183} INFO - Processing /home/airflow/.local/lib/python3.8/site-packages/airflow/example_dags/example_sensors.py took 0.067 seconds
[2025-11-28T07:08:49.667+0000] {processor.py:161} INFO - Started process (PID=1867) to work on /home/airflow/.local/lib/python3.8/site-packages/airflow/example_dags/example_sensors.py
[2025-11-28T07:08:49.668+0000] {processor.py:830} INFO - Processing file /home/airflow/.local/lib/python3.8/site-packages/airflow/example_dags/example_sensors.py for tasks to queue
[2025-11-28T07:08:49.670+0000] {logging_mixin.py:188} INFO - [2025-11-28T07:08:49.670+0000] {dagbag.py:538} INFO - Filling up the DagBag from /home/airflow/.local/lib/python3.8/site-packages/airflow/example_dags/example_sensors.py
[2025-11-28T07:08:49.680+0000] {processor.py:840} INFO - DAG(s) 'example_sensors' retrieved from /home/airflow/.local/lib/python3.8/site-packages/airflow/example_dags/example_sensors.py
[2025-11-28T07:08:49.704+0000] {logging_mixin.py:188} INFO - [2025-11-28T07:08:49.703+0000] {dag.py:3036} INFO - Sync 1 DAGs
[2025-11-28T07:08:49.715+0000] {logging_mixin.py:188} INFO - [2025-11-28T07:08:49.715+0000] {dag.py:3823} INFO - Setting next_dagrun for example_sensors to None, run_after=None
[2025-11-28T07:08:49.735+0000] {processor.py:183} INFO - Processing /home/airflow/.local/lib/python3.8/site-packages/airflow/example_dags/example_sensors.py took 0.071 seconds
[2025-11-28T07:09:20.803+0000] {processor.py:161} INFO - Started process (PID=1922) to work on /home/airflow/.local/lib/python3.8/site-packages/airflow/example_dags/example_sensors.py
[2025-11-28T07:09:20.808+0000] {processor.py:830} INFO - Processing file /home/airflow/.local/lib/python3.8/site-packages/airflow/example_dags/example_sensors.py for tasks to queue
[2025-11-28T07:09:20.813+0000] {logging_mixin.py:188} INFO - [2025-11-28T07:09:20.812+0000] {dagbag.py:538} INFO - Filling up the DagBag from /home/airflow/.local/lib/python3.8/site-packages/airflow/example_dags/example_sensors.py
[2025-11-28T07:09:20.835+0000] {processor.py:840} INFO - DAG(s) 'example_sensors' retrieved from /home/airflow/.local/lib/python3.8/site-packages/airflow/example_dags/example_sensors.py
[2025-11-28T07:09:20.889+0000] {logging_mixin.py:188} INFO - [2025-11-28T07:09:20.888+0000] {dag.py:3036} INFO - Sync 1 DAGs
[2025-11-28T07:09:20.910+0000] {logging_mixin.py:188} INFO - [2025-11-28T07:09:20.909+0000] {dag.py:3823} INFO - Setting next_dagrun for example_sensors to None, run_after=None
[2025-11-28T07:09:20.932+0000] {processor.py:183} INFO - Processing /home/airflow/.local/lib/python3.8/site-packages/airflow/example_dags/example_sensors.py took 0.137 seconds
[2025-11-28T07:09:51.461+0000] {processor.py:161} INFO - Started process (PID=1977) to work on /home/airflow/.local/lib/python3.8/site-packages/airflow/example_dags/example_sensors.py
[2025-11-28T07:09:51.464+0000] {processor.py:830} INFO - Processing file /home/airflow/.local/lib/python3.8/site-packages/airflow/example_dags/example_sensors.py for tasks to queue
[2025-11-28T07:09:51.468+0000] {logging_mixin.py:188} INFO - [2025-11-28T07:09:51.467+0000] {dagbag.py:538} INFO - Filling up the DagBag from /home/airflow/.local/lib/python3.8/site-packages/airflow/example_dags/example_sensors.py
[2025-11-28T07:09:51.478+0000] {processor.py:840} INFO - DAG(s) 'example_sensors' retrieved from /home/airflow/.local/lib/python3.8/site-packages/airflow/example_dags/example_sensors.py
[2025-11-28T07:09:51.511+0000] {logging_mixin.py:188} INFO - [2025-11-28T07:09:51.511+0000] {dag.py:3036} INFO - Sync 1 DAGs
[2025-11-28T07:09:51.530+0000] {logging_mixin.py:188} INFO - [2025-11-28T07:09:51.529+0000] {dag.py:3823} INFO - Setting next_dagrun for example_sensors to None, run_after=None
[2025-11-28T07:09:51.546+0000] {processor.py:183} INFO - Processing /home/airflow/.local/lib/python3.8/site-packages/airflow/example_dags/example_sensors.py took 0.090 seconds
[2025-11-28T07:10:21.688+0000] {processor.py:161} INFO - Started process (PID=2032) to work on /home/airflow/.local/lib/python3.8/site-packages/airflow/example_dags/example_sensors.py
[2025-11-28T07:10:21.691+0000] {processor.py:830} INFO - Processing file /home/airflow/.local/lib/python3.8/site-packages/airflow/example_dags/example_sensors.py for tasks to queue
[2025-11-28T07:10:21.694+0000] {logging_mixin.py:188} INFO - [2025-11-28T07:10:21.693+0000] {dagbag.py:538} INFO - Filling up the DagBag from /home/airflow/.local/lib/python3.8/site-packages/airflow/example_dags/example_sensors.py
[2025-11-28T07:10:21.704+0000] {processor.py:840} INFO - DAG(s) 'example_sensors' retrieved from /home/airflow/.local/lib/python3.8/site-packages/airflow/example_dags/example_sensors.py
[2025-11-28T07:10:21.727+0000] {logging_mixin.py:188} INFO - [2025-11-28T07:10:21.726+0000] {dag.py:3036} INFO - Sync 1 DAGs
[2025-11-28T07:10:21.737+0000] {logging_mixin.py:188} INFO - [2025-11-28T07:10:21.736+0000] {dag.py:3823} INFO - Setting next_dagrun for example_sensors to None, run_after=None
[2025-11-28T07:10:21.755+0000] {processor.py:183} INFO - Processing /home/airflow/.local/lib/python3.8/site-packages/airflow/example_dags/example_sensors.py took 0.070 seconds
[2025-11-28T07:10:52.035+0000] {processor.py:161} INFO - Started process (PID=2087) to work on /home/airflow/.local/lib/python3.8/site-packages/airflow/example_dags/example_sensors.py
[2025-11-28T07:10:52.036+0000] {processor.py:830} INFO - Processing file /home/airflow/.local/lib/python3.8/site-packages/airflow/example_dags/example_sensors.py for tasks to queue
[2025-11-28T07:10:52.039+0000] {logging_mixin.py:188} INFO - [2025-11-28T07:10:52.038+0000] {dagbag.py:538} INFO - Filling up the DagBag from /home/airflow/.local/lib/python3.8/site-packages/airflow/example_dags/example_sensors.py
[2025-11-28T07:10:52.050+0000] {processor.py:840} INFO - DAG(s) 'example_sensors' retrieved from /home/airflow/.local/lib/python3.8/site-packages/airflow/example_dags/example_sensors.py
[2025-11-28T07:10:52.071+0000] {logging_mixin.py:188} INFO - [2025-11-28T07:10:52.071+0000] {dag.py:3036} INFO - Sync 1 DAGs
[2025-11-28T07:10:52.083+0000] {logging_mixin.py:188} INFO - [2025-11-28T07:10:52.082+0000] {dag.py:3823} INFO - Setting next_dagrun for example_sensors to None, run_after=None
[2025-11-28T07:10:52.102+0000] {processor.py:183} INFO - Processing /home/airflow/.local/lib/python3.8/site-packages/airflow/example_dags/example_sensors.py took 0.070 seconds
[2025-11-28T07:11:22.926+0000] {processor.py:161} INFO - Started process (PID=2142) to work on /home/airflow/.local/lib/python3.8/site-packages/airflow/example_dags/example_sensors.py
[2025-11-28T07:11:22.927+0000] {processor.py:830} INFO - Processing file /home/airflow/.local/lib/python3.8/site-packages/airflow/example_dags/example_sensors.py for tasks to queue
[2025-11-28T07:11:22.929+0000] {logging_mixin.py:188} INFO - [2025-11-28T07:11:22.929+0000] {dagbag.py:538} INFO - Filling up the DagBag from /home/airflow/.local/lib/python3.8/site-packages/airflow/example_dags/example_sensors.py
[2025-11-28T07:11:22.936+0000] {processor.py:840} INFO - DAG(s) 'example_sensors' retrieved from /home/airflow/.local/lib/python3.8/site-packages/airflow/example_dags/example_sensors.py
[2025-11-28T07:11:22.962+0000] {logging_mixin.py:188} INFO - [2025-11-28T07:11:22.961+0000] {dag.py:3036} INFO - Sync 1 DAGs
[2025-11-28T07:11:22.972+0000] {logging_mixin.py:188} INFO - [2025-11-28T07:11:22.972+0000] {dag.py:3823} INFO - Setting next_dagrun for example_sensors to None, run_after=None
[2025-11-28T07:11:22.990+0000] {processor.py:183} INFO - Processing /home/airflow/.local/lib/python3.8/site-packages/airflow/example_dags/example_sensors.py took 0.067 seconds
[2025-11-28T07:11:53.200+0000] {processor.py:161} INFO - Started process (PID=2197) to work on /home/airflow/.local/lib/python3.8/site-packages/airflow/example_dags/example_sensors.py
[2025-11-28T07:11:53.201+0000] {processor.py:830} INFO - Processing file /home/airflow/.local/lib/python3.8/site-packages/airflow/example_dags/example_sensors.py for tasks to queue
[2025-11-28T07:11:53.203+0000] {logging_mixin.py:188} INFO - [2025-11-28T07:11:53.203+0000] {dagbag.py:538} INFO - Filling up the DagBag from /home/airflow/.local/lib/python3.8/site-packages/airflow/example_dags/example_sensors.py
[2025-11-28T07:11:53.210+0000] {processor.py:840} INFO - DAG(s) 'example_sensors' retrieved from /home/airflow/.local/lib/python3.8/site-packages/airflow/example_dags/example_sensors.py
[2025-11-28T07:11:53.231+0000] {logging_mixin.py:188} INFO - [2025-11-28T07:11:53.231+0000] {dag.py:3036} INFO - Sync 1 DAGs
[2025-11-28T07:11:53.241+0000] {logging_mixin.py:188} INFO - [2025-11-28T07:11:53.241+0000] {dag.py:3823} INFO - Setting next_dagrun for example_sensors to None, run_after=None
[2025-11-28T07:11:53.256+0000] {processor.py:183} INFO - Processing /home/airflow/.local/lib/python3.8/site-packages/airflow/example_dags/example_sensors.py took 0.061 seconds
[2025-11-28T07:12:23.708+0000] {processor.py:161} INFO - Started process (PID=2252) to work on /home/airflow/.local/lib/python3.8/site-packages/airflow/example_dags/example_sensors.py
[2025-11-28T07:12:23.709+0000] {processor.py:830} INFO - Processing file /home/airflow/.local/lib/python3.8/site-packages/airflow/example_dags/example_sensors.py for tasks to queue
[2025-11-28T07:12:23.712+0000] {logging_mixin.py:188} INFO - [2025-11-28T07:12:23.712+0000] {dagbag.py:538} INFO - Filling up the DagBag from /home/airflow/.local/lib/python3.8/site-packages/airflow/example_dags/example_sensors.py
[2025-11-28T07:12:23.719+0000] {processor.py:840} INFO - DAG(s) 'example_sensors' retrieved from /home/airflow/.local/lib/python3.8/site-packages/airflow/example_dags/example_sensors.py
[2025-11-28T07:12:23.741+0000] {logging_mixin.py:188} INFO - [2025-11-28T07:12:23.741+0000] {dag.py:3036} INFO - Sync 1 DAGs
[2025-11-28T07:12:23.753+0000] {logging_mixin.py:188} INFO - [2025-11-28T07:12:23.753+0000] {dag.py:3823} INFO - Setting next_dagrun for example_sensors to None, run_after=None
[2025-11-28T07:12:23.772+0000] {processor.py:183} INFO - Processing /home/airflow/.local/lib/python3.8/site-packages/airflow/example_dags/example_sensors.py took 0.067 seconds
[2025-11-28T07:12:54.336+0000] {processor.py:161} INFO - Started process (PID=2307) to work on /home/airflow/.local/lib/python3.8/site-packages/airflow/example_dags/example_sensors.py
[2025-11-28T07:12:54.337+0000] {processor.py:830} INFO - Processing file /home/airflow/.local/lib/python3.8/site-packages/airflow/example_dags/example_sensors.py for tasks to queue
[2025-11-28T07:12:54.339+0000] {logging_mixin.py:188} INFO - [2025-11-28T07:12:54.338+0000] {dagbag.py:538} INFO - Filling up the DagBag from /home/airflow/.local/lib/python3.8/site-packages/airflow/example_dags/example_sensors.py
[2025-11-28T07:12:54.346+0000] {processor.py:840} INFO - DAG(s) 'example_sensors' retrieved from /home/airflow/.local/lib/python3.8/site-packages/airflow/example_dags/example_sensors.py
[2025-11-28T07:12:54.369+0000] {logging_mixin.py:188} INFO - [2025-11-28T07:12:54.369+0000] {dag.py:3036} INFO - Sync 1 DAGs
[2025-11-28T07:12:54.378+0000] {logging_mixin.py:188} INFO - [2025-11-28T07:12:54.378+0000] {dag.py:3823} INFO - Setting next_dagrun for example_sensors to None, run_after=None
[2025-11-28T07:12:54.398+0000] {processor.py:183} INFO - Processing /home/airflow/.local/lib/python3.8/site-packages/airflow/example_dags/example_sensors.py took 0.065 seconds
[2025-11-28T07:13:25.261+0000] {processor.py:161} INFO - Started process (PID=2362) to work on /home/airflow/.local/lib/python3.8/site-packages/airflow/example_dags/example_sensors.py
[2025-11-28T07:13:25.262+0000] {processor.py:830} INFO - Processing file /home/airflow/.local/lib/python3.8/site-packages/airflow/example_dags/example_sensors.py for tasks to queue
[2025-11-28T07:13:25.265+0000] {logging_mixin.py:188} INFO - [2025-11-28T07:13:25.265+0000] {dagbag.py:538} INFO - Filling up the DagBag from /home/airflow/.local/lib/python3.8/site-packages/airflow/example_dags/example_sensors.py
[2025-11-28T07:13:25.275+0000] {processor.py:840} INFO - DAG(s) 'example_sensors' retrieved from /home/airflow/.local/lib/python3.8/site-packages/airflow/example_dags/example_sensors.py
[2025-11-28T07:13:25.303+0000] {logging_mixin.py:188} INFO - [2025-11-28T07:13:25.303+0000] {dag.py:3036} INFO - Sync 1 DAGs
[2025-11-28T07:13:25.314+0000] {logging_mixin.py:188} INFO - [2025-11-28T07:13:25.314+0000] {dag.py:3823} INFO - Setting next_dagrun for example_sensors to None, run_after=None
[2025-11-28T07:13:25.335+0000] {processor.py:183} INFO - Processing /home/airflow/.local/lib/python3.8/site-packages/airflow/example_dags/example_sensors.py took 0.078 seconds
[2025-11-28T07:13:55.843+0000] {processor.py:161} INFO - Started process (PID=2417) to work on /home/airflow/.local/lib/python3.8/site-packages/airflow/example_dags/example_sensors.py
[2025-11-28T07:13:55.844+0000] {processor.py:830} INFO - Processing file /home/airflow/.local/lib/python3.8/site-packages/airflow/example_dags/example_sensors.py for tasks to queue
[2025-11-28T07:13:55.847+0000] {logging_mixin.py:188} INFO - [2025-11-28T07:13:55.846+0000] {dagbag.py:538} INFO - Filling up the DagBag from /home/airflow/.local/lib/python3.8/site-packages/airflow/example_dags/example_sensors.py
[2025-11-28T07:13:55.855+0000] {processor.py:840} INFO - DAG(s) 'example_sensors' retrieved from /home/airflow/.local/lib/python3.8/site-packages/airflow/example_dags/example_sensors.py
[2025-11-28T07:13:55.880+0000] {logging_mixin.py:188} INFO - [2025-11-28T07:13:55.880+0000] {dag.py:3036} INFO - Sync 1 DAGs
[2025-11-28T07:13:55.890+0000] {logging_mixin.py:188} INFO - [2025-11-28T07:13:55.890+0000] {dag.py:3823} INFO - Setting next_dagrun for example_sensors to None, run_after=None
[2025-11-28T07:13:55.905+0000] {processor.py:183} INFO - Processing /home/airflow/.local/lib/python3.8/site-packages/airflow/example_dags/example_sensors.py took 0.065 seconds
[2025-11-28T07:14:26.245+0000] {processor.py:161} INFO - Started process (PID=2473) to work on /home/airflow/.local/lib/python3.8/site-packages/airflow/example_dags/example_sensors.py
[2025-11-28T07:14:26.246+0000] {processor.py:830} INFO - Processing file /home/airflow/.local/lib/python3.8/site-packages/airflow/example_dags/example_sensors.py for tasks to queue
[2025-11-28T07:14:26.250+0000] {logging_mixin.py:188} INFO - [2025-11-28T07:14:26.250+0000] {dagbag.py:538} INFO - Filling up the DagBag from /home/airflow/.local/lib/python3.8/site-packages/airflow/example_dags/example_sensors.py
[2025-11-28T07:14:26.264+0000] {processor.py:840} INFO - DAG(s) 'example_sensors' retrieved from /home/airflow/.local/lib/python3.8/site-packages/airflow/example_dags/example_sensors.py
[2025-11-28T07:14:26.285+0000] {logging_mixin.py:188} INFO - [2025-11-28T07:14:26.285+0000] {dag.py:3036} INFO - Sync 1 DAGs
[2025-11-28T07:14:26.296+0000] {logging_mixin.py:188} INFO - [2025-11-28T07:14:26.296+0000] {dag.py:3823} INFO - Setting next_dagrun for example_sensors to None, run_after=None
[2025-11-28T07:14:26.317+0000] {processor.py:183} INFO - Processing /home/airflow/.local/lib/python3.8/site-packages/airflow/example_dags/example_sensors.py took 0.075 seconds
[2025-11-28T07:14:56.511+0000] {processor.py:161} INFO - Started process (PID=2528) to work on /home/airflow/.local/lib/python3.8/site-packages/airflow/example_dags/example_sensors.py
[2025-11-28T07:14:56.512+0000] {processor.py:830} INFO - Processing file /home/airflow/.local/lib/python3.8/site-packages/airflow/example_dags/example_sensors.py for tasks to queue
[2025-11-28T07:14:56.515+0000] {logging_mixin.py:188} INFO - [2025-11-28T07:14:56.514+0000] {dagbag.py:538} INFO - Filling up the DagBag from /home/airflow/.local/lib/python3.8/site-packages/airflow/example_dags/example_sensors.py
[2025-11-28T07:14:56.523+0000] {processor.py:840} INFO - DAG(s) 'example_sensors' retrieved from /home/airflow/.local/lib/python3.8/site-packages/airflow/example_dags/example_sensors.py
[2025-11-28T07:14:56.547+0000] {logging_mixin.py:188} INFO - [2025-11-28T07:14:56.547+0000] {dag.py:3036} INFO - Sync 1 DAGs
[2025-11-28T07:14:56.558+0000] {logging_mixin.py:188} INFO - [2025-11-28T07:14:56.558+0000] {dag.py:3823} INFO - Setting next_dagrun for example_sensors to None, run_after=None
[2025-11-28T07:14:56.582+0000] {processor.py:183} INFO - Processing /home/airflow/.local/lib/python3.8/site-packages/airflow/example_dags/example_sensors.py took 0.074 seconds
[2025-11-28T07:15:27.485+0000] {processor.py:161} INFO - Started process (PID=2583) to work on /home/airflow/.local/lib/python3.8/site-packages/airflow/example_dags/example_sensors.py
[2025-11-28T07:15:27.487+0000] {processor.py:830} INFO - Processing file /home/airflow/.local/lib/python3.8/site-packages/airflow/example_dags/example_sensors.py for tasks to queue
[2025-11-28T07:15:27.489+0000] {logging_mixin.py:188} INFO - [2025-11-28T07:15:27.488+0000] {dagbag.py:538} INFO - Filling up the DagBag from /home/airflow/.local/lib/python3.8/site-packages/airflow/example_dags/example_sensors.py
[2025-11-28T07:15:27.495+0000] {processor.py:840} INFO - DAG(s) 'example_sensors' retrieved from /home/airflow/.local/lib/python3.8/site-packages/airflow/example_dags/example_sensors.py
[2025-11-28T07:15:27.516+0000] {logging_mixin.py:188} INFO - [2025-11-28T07:15:27.516+0000] {dag.py:3036} INFO - Sync 1 DAGs
[2025-11-28T07:15:27.525+0000] {logging_mixin.py:188} INFO - [2025-11-28T07:15:27.524+0000] {dag.py:3823} INFO - Setting next_dagrun for example_sensors to None, run_after=None
[2025-11-28T07:15:27.542+0000] {processor.py:183} INFO - Processing /home/airflow/.local/lib/python3.8/site-packages/airflow/example_dags/example_sensors.py took 0.060 seconds
[2025-11-28T07:15:58.404+0000] {processor.py:161} INFO - Started process (PID=2638) to work on /home/airflow/.local/lib/python3.8/site-packages/airflow/example_dags/example_sensors.py
[2025-11-28T07:15:58.406+0000] {processor.py:830} INFO - Processing file /home/airflow/.local/lib/python3.8/site-packages/airflow/example_dags/example_sensors.py for tasks to queue
[2025-11-28T07:15:58.415+0000] {logging_mixin.py:188} INFO - [2025-11-28T07:15:58.414+0000] {dagbag.py:538} INFO - Filling up the DagBag from /home/airflow/.local/lib/python3.8/site-packages/airflow/example_dags/example_sensors.py
[2025-11-28T07:15:58.431+0000] {processor.py:840} INFO - DAG(s) 'example_sensors' retrieved from /home/airflow/.local/lib/python3.8/site-packages/airflow/example_dags/example_sensors.py
[2025-11-28T07:15:58.460+0000] {logging_mixin.py:188} INFO - [2025-11-28T07:15:58.460+0000] {dag.py:3036} INFO - Sync 1 DAGs
[2025-11-28T07:15:58.469+0000] {logging_mixin.py:188} INFO - [2025-11-28T07:15:58.469+0000] {dag.py:3823} INFO - Setting next_dagrun for example_sensors to None, run_after=None
[2025-11-28T07:15:58.489+0000] {processor.py:183} INFO - Processing /home/airflow/.local/lib/python3.8/site-packages/airflow/example_dags/example_sensors.py took 0.088 seconds
[2025-11-28T07:16:29.336+0000] {processor.py:161} INFO - Started process (PID=2693) to work on /home/airflow/.local/lib/python3.8/site-packages/airflow/example_dags/example_sensors.py
[2025-11-28T07:16:29.338+0000] {processor.py:830} INFO - Processing file /home/airflow/.local/lib/python3.8/site-packages/airflow/example_dags/example_sensors.py for tasks to queue
[2025-11-28T07:16:29.341+0000] {logging_mixin.py:188} INFO - [2025-11-28T07:16:29.341+0000] {dagbag.py:538} INFO - Filling up the DagBag from /home/airflow/.local/lib/python3.8/site-packages/airflow/example_dags/example_sensors.py
[2025-11-28T07:16:29.353+0000] {processor.py:840} INFO - DAG(s) 'example_sensors' retrieved from /home/airflow/.local/lib/python3.8/site-packages/airflow/example_dags/example_sensors.py
[2025-11-28T07:16:29.374+0000] {logging_mixin.py:188} INFO - [2025-11-28T07:16:29.374+0000] {dag.py:3036} INFO - Sync 1 DAGs
[2025-11-28T07:16:29.383+0000] {logging_mixin.py:188} INFO - [2025-11-28T07:16:29.383+0000] {dag.py:3823} INFO - Setting next_dagrun for example_sensors to None, run_after=None
[2025-11-28T07:16:29.400+0000] {processor.py:183} INFO - Processing /home/airflow/.local/lib/python3.8/site-packages/airflow/example_dags/example_sensors.py took 0.072 seconds
[2025-11-28T07:17:00.299+0000] {processor.py:161} INFO - Started process (PID=2748) to work on /home/airflow/.local/lib/python3.8/site-packages/airflow/example_dags/example_sensors.py
[2025-11-28T07:17:00.301+0000] {processor.py:830} INFO - Processing file /home/airflow/.local/lib/python3.8/site-packages/airflow/example_dags/example_sensors.py for tasks to queue
[2025-11-28T07:17:00.303+0000] {logging_mixin.py:188} INFO - [2025-11-28T07:17:00.303+0000] {dagbag.py:538} INFO - Filling up the DagBag from /home/airflow/.local/lib/python3.8/site-packages/airflow/example_dags/example_sensors.py
[2025-11-28T07:17:00.318+0000] {processor.py:840} INFO - DAG(s) 'example_sensors' retrieved from /home/airflow/.local/lib/python3.8/site-packages/airflow/example_dags/example_sensors.py
[2025-11-28T07:17:00.339+0000] {logging_mixin.py:188} INFO - [2025-11-28T07:17:00.339+0000] {dag.py:3036} INFO - Sync 1 DAGs
[2025-11-28T07:17:00.348+0000] {logging_mixin.py:188} INFO - [2025-11-28T07:17:00.348+0000] {dag.py:3823} INFO - Setting next_dagrun for example_sensors to None, run_after=None
[2025-11-28T07:17:00.366+0000] {processor.py:183} INFO - Processing /home/airflow/.local/lib/python3.8/site-packages/airflow/example_dags/example_sensors.py took 0.069 seconds
[2025-11-28T07:17:30.548+0000] {processor.py:161} INFO - Started process (PID=2803) to work on /home/airflow/.local/lib/python3.8/site-packages/airflow/example_dags/example_sensors.py
[2025-11-28T07:17:30.550+0000] {processor.py:830} INFO - Processing file /home/airflow/.local/lib/python3.8/site-packages/airflow/example_dags/example_sensors.py for tasks to queue
[2025-11-28T07:17:30.551+0000] {logging_mixin.py:188} INFO - [2025-11-28T07:17:30.551+0000] {dagbag.py:538} INFO - Filling up the DagBag from /home/airflow/.local/lib/python3.8/site-packages/airflow/example_dags/example_sensors.py
[2025-11-28T07:17:30.559+0000] {processor.py:840} INFO - DAG(s) 'example_sensors' retrieved from /home/airflow/.local/lib/python3.8/site-packages/airflow/example_dags/example_sensors.py
[2025-11-28T07:17:30.586+0000] {logging_mixin.py:188} INFO - [2025-11-28T07:17:30.586+0000] {dag.py:3036} INFO - Sync 1 DAGs
[2025-11-28T07:17:30.595+0000] {logging_mixin.py:188} INFO - [2025-11-28T07:17:30.595+0000] {dag.py:3823} INFO - Setting next_dagrun for example_sensors to None, run_after=None
[2025-11-28T07:17:30.610+0000] {processor.py:183} INFO - Processing /home/airflow/.local/lib/python3.8/site-packages/airflow/example_dags/example_sensors.py took 0.064 seconds
[2025-11-28T07:18:00.893+0000] {processor.py:161} INFO - Started process (PID=2858) to work on /home/airflow/.local/lib/python3.8/site-packages/airflow/example_dags/example_sensors.py
[2025-11-28T07:18:00.897+0000] {processor.py:830} INFO - Processing file /home/airflow/.local/lib/python3.8/site-packages/airflow/example_dags/example_sensors.py for tasks to queue
[2025-11-28T07:18:00.901+0000] {logging_mixin.py:188} INFO - [2025-11-28T07:18:00.901+0000] {dagbag.py:538} INFO - Filling up the DagBag from /home/airflow/.local/lib/python3.8/site-packages/airflow/example_dags/example_sensors.py
[2025-11-28T07:18:00.914+0000] {processor.py:840} INFO - DAG(s) 'example_sensors' retrieved from /home/airflow/.local/lib/python3.8/site-packages/airflow/example_dags/example_sensors.py
[2025-11-28T07:18:00.949+0000] {logging_mixin.py:188} INFO - [2025-11-28T07:18:00.948+0000] {dag.py:3036} INFO - Sync 1 DAGs
[2025-11-28T07:18:00.962+0000] {logging_mixin.py:188} INFO - [2025-11-28T07:18:00.962+0000] {dag.py:3823} INFO - Setting next_dagrun for example_sensors to None, run_after=None
[2025-11-28T07:18:00.998+0000] {processor.py:183} INFO - Processing /home/airflow/.local/lib/python3.8/site-packages/airflow/example_dags/example_sensors.py took 0.111 seconds
[2025-11-28T07:18:31.050+0000] {processor.py:161} INFO - Started process (PID=2913) to work on /home/airflow/.local/lib/python3.8/site-packages/airflow/example_dags/example_sensors.py
[2025-11-28T07:18:31.051+0000] {processor.py:830} INFO - Processing file /home/airflow/.local/lib/python3.8/site-packages/airflow/example_dags/example_sensors.py for tasks to queue
[2025-11-28T07:18:31.053+0000] {logging_mixin.py:188} INFO - [2025-11-28T07:18:31.053+0000] {dagbag.py:538} INFO - Filling up the DagBag from /home/airflow/.local/lib/python3.8/site-packages/airflow/example_dags/example_sensors.py
[2025-11-28T07:18:31.062+0000] {processor.py:840} INFO - DAG(s) 'example_sensors' retrieved from /home/airflow/.local/lib/python3.8/site-packages/airflow/example_dags/example_sensors.py
[2025-11-28T07:18:31.091+0000] {logging_mixin.py:188} INFO - [2025-11-28T07:18:31.091+0000] {dag.py:3036} INFO - Sync 1 DAGs
[2025-11-28T07:18:31.102+0000] {logging_mixin.py:188} INFO - [2025-11-28T07:18:31.102+0000] {dag.py:3823} INFO - Setting next_dagrun for example_sensors to None, run_after=None
[2025-11-28T07:18:31.122+0000] {processor.py:183} INFO - Processing /home/airflow/.local/lib/python3.8/site-packages/airflow/example_dags/example_sensors.py took 0.075 seconds
[2025-11-28T07:19:01.521+0000] {processor.py:161} INFO - Started process (PID=2968) to work on /home/airflow/.local/lib/python3.8/site-packages/airflow/example_dags/example_sensors.py
[2025-11-28T07:19:01.523+0000] {processor.py:830} INFO - Processing file /home/airflow/.local/lib/python3.8/site-packages/airflow/example_dags/example_sensors.py for tasks to queue
[2025-11-28T07:19:01.528+0000] {logging_mixin.py:188} INFO - [2025-11-28T07:19:01.528+0000] {dagbag.py:538} INFO - Filling up the DagBag from /home/airflow/.local/lib/python3.8/site-packages/airflow/example_dags/example_sensors.py
[2025-11-28T07:19:01.538+0000] {processor.py:840} INFO - DAG(s) 'example_sensors' retrieved from /home/airflow/.local/lib/python3.8/site-packages/airflow/example_dags/example_sensors.py
[2025-11-28T07:19:01.563+0000] {logging_mixin.py:188} INFO - [2025-11-28T07:19:01.563+0000] {dag.py:3036} INFO - Sync 1 DAGs
[2025-11-28T07:19:01.574+0000] {logging_mixin.py:188} INFO - [2025-11-28T07:19:01.574+0000] {dag.py:3823} INFO - Setting next_dagrun for example_sensors to None, run_after=None
[2025-11-28T07:19:02.704+0000] {processor.py:183} INFO - Processing /home/airflow/.local/lib/python3.8/site-packages/airflow/example_dags/example_sensors.py took 1.186 seconds
[2025-11-28T07:19:32.886+0000] {processor.py:161} INFO - Started process (PID=3022) to work on /home/airflow/.local/lib/python3.8/site-packages/airflow/example_dags/example_sensors.py
[2025-11-28T07:19:32.888+0000] {processor.py:830} INFO - Processing file /home/airflow/.local/lib/python3.8/site-packages/airflow/example_dags/example_sensors.py for tasks to queue
[2025-11-28T07:19:32.891+0000] {logging_mixin.py:188} INFO - [2025-11-28T07:19:32.891+0000] {dagbag.py:538} INFO - Filling up the DagBag from /home/airflow/.local/lib/python3.8/site-packages/airflow/example_dags/example_sensors.py
[2025-11-28T07:19:32.909+0000] {processor.py:840} INFO - DAG(s) 'example_sensors' retrieved from /home/airflow/.local/lib/python3.8/site-packages/airflow/example_dags/example_sensors.py
[2025-11-28T07:19:32.938+0000] {logging_mixin.py:188} INFO - [2025-11-28T07:19:32.938+0000] {dag.py:3036} INFO - Sync 1 DAGs
[2025-11-28T07:19:32.947+0000] {logging_mixin.py:188} INFO - [2025-11-28T07:19:32.947+0000] {dag.py:3823} INFO - Setting next_dagrun for example_sensors to None, run_after=None
[2025-11-28T07:19:32.967+0000] {processor.py:183} INFO - Processing /home/airflow/.local/lib/python3.8/site-packages/airflow/example_dags/example_sensors.py took 0.085 seconds
