[2025-11-28T06:52:25.855+0000] {processor.py:161} INFO - Started process (PID=87) to work on /home/airflow/.local/lib/python3.8/site-packages/airflow/example_dags/example_setup_teardown.py
[2025-11-28T06:52:25.858+0000] {processor.py:830} INFO - Processing file /home/airflow/.local/lib/python3.8/site-packages/airflow/example_dags/example_setup_teardown.py for tasks to queue
[2025-11-28T06:52:25.863+0000] {logging_mixin.py:188} INFO - [2025-11-28T06:52:25.863+0000] {dagbag.py:538} INFO - Filling up the DagBag from /home/airflow/.local/lib/python3.8/site-packages/airflow/example_dags/example_setup_teardown.py
[2025-11-28T06:52:25.884+0000] {processor.py:840} INFO - DAG(s) 'example_setup_teardown' retrieved from /home/airflow/.local/lib/python3.8/site-packages/airflow/example_dags/example_setup_teardown.py
[2025-11-28T06:52:26.027+0000] {logging_mixin.py:188} INFO - [2025-11-28T06:52:26.026+0000] {override.py:1769} INFO - Created Permission View: can edit on DAG:example_setup_teardown
[2025-11-28T06:52:26.041+0000] {logging_mixin.py:188} INFO - [2025-11-28T06:52:26.040+0000] {override.py:1769} INFO - Created Permission View: can delete on DAG:example_setup_teardown
[2025-11-28T06:52:26.052+0000] {logging_mixin.py:188} INFO - [2025-11-28T06:52:26.051+0000] {override.py:1769} INFO - Created Permission View: can read on DAG:example_setup_teardown
[2025-11-28T06:52:26.053+0000] {logging_mixin.py:188} INFO - [2025-11-28T06:52:26.053+0000] {dag.py:3036} INFO - Sync 1 DAGs
[2025-11-28T06:52:26.070+0000] {logging_mixin.py:188} INFO - [2025-11-28T06:52:26.069+0000] {dag.py:3058} INFO - Creating ORM DAG for example_setup_teardown
[2025-11-28T06:52:26.083+0000] {logging_mixin.py:188} INFO - [2025-11-28T06:52:26.082+0000] {dag.py:3823} INFO - Setting next_dagrun for example_setup_teardown to 2025-11-27 00:00:00+00:00, run_after=2025-11-28 00:00:00+00:00
[2025-11-28T06:52:26.104+0000] {processor.py:183} INFO - Processing /home/airflow/.local/lib/python3.8/site-packages/airflow/example_dags/example_setup_teardown.py took 0.256 seconds
[2025-11-28T06:52:56.344+0000] {processor.py:161} INFO - Started process (PID=142) to work on /home/airflow/.local/lib/python3.8/site-packages/airflow/example_dags/example_setup_teardown.py
[2025-11-28T06:52:56.349+0000] {processor.py:830} INFO - Processing file /home/airflow/.local/lib/python3.8/site-packages/airflow/example_dags/example_setup_teardown.py for tasks to queue
[2025-11-28T06:52:56.353+0000] {logging_mixin.py:188} INFO - [2025-11-28T06:52:56.352+0000] {dagbag.py:538} INFO - Filling up the DagBag from /home/airflow/.local/lib/python3.8/site-packages/airflow/example_dags/example_setup_teardown.py
[2025-11-28T06:52:56.363+0000] {processor.py:840} INFO - DAG(s) 'example_setup_teardown' retrieved from /home/airflow/.local/lib/python3.8/site-packages/airflow/example_dags/example_setup_teardown.py
[2025-11-28T06:52:56.401+0000] {logging_mixin.py:188} INFO - [2025-11-28T06:52:56.401+0000] {dag.py:3036} INFO - Sync 1 DAGs
[2025-11-28T06:52:56.443+0000] {logging_mixin.py:188} INFO - [2025-11-28T06:52:56.442+0000] {dag.py:3823} INFO - Setting next_dagrun for example_setup_teardown to 2025-11-27 00:00:00+00:00, run_after=2025-11-28 00:00:00+00:00
[2025-11-28T06:52:56.479+0000] {processor.py:183} INFO - Processing /home/airflow/.local/lib/python3.8/site-packages/airflow/example_dags/example_setup_teardown.py took 0.141 seconds
[2025-11-28T06:53:27.078+0000] {processor.py:161} INFO - Started process (PID=197) to work on /home/airflow/.local/lib/python3.8/site-packages/airflow/example_dags/example_setup_teardown.py
[2025-11-28T06:53:27.079+0000] {processor.py:830} INFO - Processing file /home/airflow/.local/lib/python3.8/site-packages/airflow/example_dags/example_setup_teardown.py for tasks to queue
[2025-11-28T06:53:27.081+0000] {logging_mixin.py:188} INFO - [2025-11-28T06:53:27.081+0000] {dagbag.py:538} INFO - Filling up the DagBag from /home/airflow/.local/lib/python3.8/site-packages/airflow/example_dags/example_setup_teardown.py
[2025-11-28T06:53:27.090+0000] {processor.py:840} INFO - DAG(s) 'example_setup_teardown' retrieved from /home/airflow/.local/lib/python3.8/site-packages/airflow/example_dags/example_setup_teardown.py
[2025-11-28T06:53:27.118+0000] {logging_mixin.py:188} INFO - [2025-11-28T06:53:27.118+0000] {dag.py:3036} INFO - Sync 1 DAGs
[2025-11-28T06:53:27.146+0000] {logging_mixin.py:188} INFO - [2025-11-28T06:53:27.146+0000] {dag.py:3823} INFO - Setting next_dagrun for example_setup_teardown to 2025-11-27 00:00:00+00:00, run_after=2025-11-28 00:00:00+00:00
[2025-11-28T06:53:27.169+0000] {processor.py:183} INFO - Processing /home/airflow/.local/lib/python3.8/site-packages/airflow/example_dags/example_setup_teardown.py took 0.094 seconds
[2025-11-28T06:53:57.462+0000] {processor.py:161} INFO - Started process (PID=252) to work on /home/airflow/.local/lib/python3.8/site-packages/airflow/example_dags/example_setup_teardown.py
[2025-11-28T06:53:57.463+0000] {processor.py:830} INFO - Processing file /home/airflow/.local/lib/python3.8/site-packages/airflow/example_dags/example_setup_teardown.py for tasks to queue
[2025-11-28T06:53:57.466+0000] {logging_mixin.py:188} INFO - [2025-11-28T06:53:57.465+0000] {dagbag.py:538} INFO - Filling up the DagBag from /home/airflow/.local/lib/python3.8/site-packages/airflow/example_dags/example_setup_teardown.py
[2025-11-28T06:53:57.473+0000] {processor.py:840} INFO - DAG(s) 'example_setup_teardown' retrieved from /home/airflow/.local/lib/python3.8/site-packages/airflow/example_dags/example_setup_teardown.py
[2025-11-28T06:53:57.498+0000] {logging_mixin.py:188} INFO - [2025-11-28T06:53:57.498+0000] {dag.py:3036} INFO - Sync 1 DAGs
[2025-11-28T06:53:57.520+0000] {logging_mixin.py:188} INFO - [2025-11-28T06:53:57.520+0000] {dag.py:3823} INFO - Setting next_dagrun for example_setup_teardown to 2025-11-27 00:00:00+00:00, run_after=2025-11-28 00:00:00+00:00
[2025-11-28T06:53:57.545+0000] {processor.py:183} INFO - Processing /home/airflow/.local/lib/python3.8/site-packages/airflow/example_dags/example_setup_teardown.py took 0.088 seconds
[2025-11-28T06:54:27.635+0000] {processor.py:161} INFO - Started process (PID=307) to work on /home/airflow/.local/lib/python3.8/site-packages/airflow/example_dags/example_setup_teardown.py
[2025-11-28T06:54:27.636+0000] {processor.py:830} INFO - Processing file /home/airflow/.local/lib/python3.8/site-packages/airflow/example_dags/example_setup_teardown.py for tasks to queue
[2025-11-28T06:54:27.639+0000] {logging_mixin.py:188} INFO - [2025-11-28T06:54:27.639+0000] {dagbag.py:538} INFO - Filling up the DagBag from /home/airflow/.local/lib/python3.8/site-packages/airflow/example_dags/example_setup_teardown.py
[2025-11-28T06:54:27.645+0000] {processor.py:840} INFO - DAG(s) 'example_setup_teardown' retrieved from /home/airflow/.local/lib/python3.8/site-packages/airflow/example_dags/example_setup_teardown.py
[2025-11-28T06:54:27.666+0000] {logging_mixin.py:188} INFO - [2025-11-28T06:54:27.666+0000] {dag.py:3036} INFO - Sync 1 DAGs
[2025-11-28T06:54:27.684+0000] {logging_mixin.py:188} INFO - [2025-11-28T06:54:27.684+0000] {dag.py:3823} INFO - Setting next_dagrun for example_setup_teardown to 2025-11-27 00:00:00+00:00, run_after=2025-11-28 00:00:00+00:00
[2025-11-28T06:54:27.702+0000] {processor.py:183} INFO - Processing /home/airflow/.local/lib/python3.8/site-packages/airflow/example_dags/example_setup_teardown.py took 0.072 seconds
[2025-11-28T06:54:58.567+0000] {processor.py:161} INFO - Started process (PID=362) to work on /home/airflow/.local/lib/python3.8/site-packages/airflow/example_dags/example_setup_teardown.py
[2025-11-28T06:54:58.570+0000] {processor.py:830} INFO - Processing file /home/airflow/.local/lib/python3.8/site-packages/airflow/example_dags/example_setup_teardown.py for tasks to queue
[2025-11-28T06:54:58.574+0000] {logging_mixin.py:188} INFO - [2025-11-28T06:54:58.574+0000] {dagbag.py:538} INFO - Filling up the DagBag from /home/airflow/.local/lib/python3.8/site-packages/airflow/example_dags/example_setup_teardown.py
[2025-11-28T06:54:58.585+0000] {processor.py:840} INFO - DAG(s) 'example_setup_teardown' retrieved from /home/airflow/.local/lib/python3.8/site-packages/airflow/example_dags/example_setup_teardown.py
[2025-11-28T06:54:58.596+0000] {logging_mixin.py:188} INFO - [2025-11-28T06:54:58.596+0000] {dag.py:3036} INFO - Sync 1 DAGs
[2025-11-28T06:54:58.617+0000] {logging_mixin.py:188} INFO - [2025-11-28T06:54:58.617+0000] {dag.py:3823} INFO - Setting next_dagrun for example_setup_teardown to 2025-11-27 00:00:00+00:00, run_after=2025-11-28 00:00:00+00:00
[2025-11-28T06:54:58.648+0000] {processor.py:183} INFO - Processing /home/airflow/.local/lib/python3.8/site-packages/airflow/example_dags/example_setup_teardown.py took 0.083 seconds
[2025-11-28T06:55:28.699+0000] {processor.py:161} INFO - Started process (PID=417) to work on /home/airflow/.local/lib/python3.8/site-packages/airflow/example_dags/example_setup_teardown.py
[2025-11-28T06:55:28.701+0000] {processor.py:830} INFO - Processing file /home/airflow/.local/lib/python3.8/site-packages/airflow/example_dags/example_setup_teardown.py for tasks to queue
[2025-11-28T06:55:28.703+0000] {logging_mixin.py:188} INFO - [2025-11-28T06:55:28.702+0000] {dagbag.py:538} INFO - Filling up the DagBag from /home/airflow/.local/lib/python3.8/site-packages/airflow/example_dags/example_setup_teardown.py
[2025-11-28T06:55:28.709+0000] {processor.py:840} INFO - DAG(s) 'example_setup_teardown' retrieved from /home/airflow/.local/lib/python3.8/site-packages/airflow/example_dags/example_setup_teardown.py
[2025-11-28T06:55:28.797+0000] {logging_mixin.py:188} INFO - [2025-11-28T06:55:28.797+0000] {dag.py:3036} INFO - Sync 1 DAGs
[2025-11-28T06:55:28.812+0000] {logging_mixin.py:188} INFO - [2025-11-28T06:55:28.812+0000] {dag.py:3823} INFO - Setting next_dagrun for example_setup_teardown to 2025-11-27 00:00:00+00:00, run_after=2025-11-28 00:00:00+00:00
[2025-11-28T06:55:28.831+0000] {processor.py:183} INFO - Processing /home/airflow/.local/lib/python3.8/site-packages/airflow/example_dags/example_setup_teardown.py took 0.135 seconds
[2025-11-28T06:55:59.009+0000] {processor.py:161} INFO - Started process (PID=472) to work on /home/airflow/.local/lib/python3.8/site-packages/airflow/example_dags/example_setup_teardown.py
[2025-11-28T06:55:59.010+0000] {processor.py:830} INFO - Processing file /home/airflow/.local/lib/python3.8/site-packages/airflow/example_dags/example_setup_teardown.py for tasks to queue
[2025-11-28T06:55:59.013+0000] {logging_mixin.py:188} INFO - [2025-11-28T06:55:59.012+0000] {dagbag.py:538} INFO - Filling up the DagBag from /home/airflow/.local/lib/python3.8/site-packages/airflow/example_dags/example_setup_teardown.py
[2025-11-28T06:55:59.020+0000] {processor.py:840} INFO - DAG(s) 'example_setup_teardown' retrieved from /home/airflow/.local/lib/python3.8/site-packages/airflow/example_dags/example_setup_teardown.py
[2025-11-28T06:55:59.049+0000] {logging_mixin.py:188} INFO - [2025-11-28T06:55:59.048+0000] {dag.py:3036} INFO - Sync 1 DAGs
[2025-11-28T06:55:59.070+0000] {logging_mixin.py:188} INFO - [2025-11-28T06:55:59.069+0000] {dag.py:3823} INFO - Setting next_dagrun for example_setup_teardown to 2025-11-27 00:00:00+00:00, run_after=2025-11-28 00:00:00+00:00
[2025-11-28T06:55:59.082+0000] {processor.py:183} INFO - Processing /home/airflow/.local/lib/python3.8/site-packages/airflow/example_dags/example_setup_teardown.py took 0.078 seconds
[2025-11-28T06:56:29.181+0000] {processor.py:161} INFO - Started process (PID=527) to work on /home/airflow/.local/lib/python3.8/site-packages/airflow/example_dags/example_setup_teardown.py
[2025-11-28T06:56:29.182+0000] {processor.py:830} INFO - Processing file /home/airflow/.local/lib/python3.8/site-packages/airflow/example_dags/example_setup_teardown.py for tasks to queue
[2025-11-28T06:56:29.184+0000] {logging_mixin.py:188} INFO - [2025-11-28T06:56:29.184+0000] {dagbag.py:538} INFO - Filling up the DagBag from /home/airflow/.local/lib/python3.8/site-packages/airflow/example_dags/example_setup_teardown.py
[2025-11-28T06:56:29.189+0000] {processor.py:840} INFO - DAG(s) 'example_setup_teardown' retrieved from /home/airflow/.local/lib/python3.8/site-packages/airflow/example_dags/example_setup_teardown.py
[2025-11-28T06:56:29.205+0000] {logging_mixin.py:188} INFO - [2025-11-28T06:56:29.205+0000] {dag.py:3036} INFO - Sync 1 DAGs
[2025-11-28T06:56:29.223+0000] {logging_mixin.py:188} INFO - [2025-11-28T06:56:29.223+0000] {dag.py:3823} INFO - Setting next_dagrun for example_setup_teardown to 2025-11-27 00:00:00+00:00, run_after=2025-11-28 00:00:00+00:00
[2025-11-28T06:56:29.241+0000] {processor.py:183} INFO - Processing /home/airflow/.local/lib/python3.8/site-packages/airflow/example_dags/example_setup_teardown.py took 0.064 seconds
[2025-11-28T06:56:59.857+0000] {processor.py:161} INFO - Started process (PID=582) to work on /home/airflow/.local/lib/python3.8/site-packages/airflow/example_dags/example_setup_teardown.py
[2025-11-28T06:56:59.859+0000] {processor.py:830} INFO - Processing file /home/airflow/.local/lib/python3.8/site-packages/airflow/example_dags/example_setup_teardown.py for tasks to queue
[2025-11-28T06:56:59.861+0000] {logging_mixin.py:188} INFO - [2025-11-28T06:56:59.861+0000] {dagbag.py:538} INFO - Filling up the DagBag from /home/airflow/.local/lib/python3.8/site-packages/airflow/example_dags/example_setup_teardown.py
[2025-11-28T06:56:59.866+0000] {processor.py:840} INFO - DAG(s) 'example_setup_teardown' retrieved from /home/airflow/.local/lib/python3.8/site-packages/airflow/example_dags/example_setup_teardown.py
[2025-11-28T06:56:59.884+0000] {logging_mixin.py:188} INFO - [2025-11-28T06:56:59.883+0000] {dag.py:3036} INFO - Sync 1 DAGs
[2025-11-28T06:56:59.898+0000] {logging_mixin.py:188} INFO - [2025-11-28T06:56:59.898+0000] {dag.py:3823} INFO - Setting next_dagrun for example_setup_teardown to 2025-11-27 00:00:00+00:00, run_after=2025-11-28 00:00:00+00:00
[2025-11-28T06:56:59.913+0000] {processor.py:183} INFO - Processing /home/airflow/.local/lib/python3.8/site-packages/airflow/example_dags/example_setup_teardown.py took 0.060 seconds
[2025-11-28T06:57:30.377+0000] {processor.py:161} INFO - Started process (PID=637) to work on /home/airflow/.local/lib/python3.8/site-packages/airflow/example_dags/example_setup_teardown.py
[2025-11-28T06:57:30.379+0000] {processor.py:830} INFO - Processing file /home/airflow/.local/lib/python3.8/site-packages/airflow/example_dags/example_setup_teardown.py for tasks to queue
[2025-11-28T06:57:30.382+0000] {logging_mixin.py:188} INFO - [2025-11-28T06:57:30.381+0000] {dagbag.py:538} INFO - Filling up the DagBag from /home/airflow/.local/lib/python3.8/site-packages/airflow/example_dags/example_setup_teardown.py
[2025-11-28T06:57:30.389+0000] {processor.py:840} INFO - DAG(s) 'example_setup_teardown' retrieved from /home/airflow/.local/lib/python3.8/site-packages/airflow/example_dags/example_setup_teardown.py
[2025-11-28T06:57:30.425+0000] {logging_mixin.py:188} INFO - [2025-11-28T06:57:30.425+0000] {dag.py:3036} INFO - Sync 1 DAGs
[2025-11-28T06:57:30.443+0000] {logging_mixin.py:188} INFO - [2025-11-28T06:57:30.443+0000] {dag.py:3823} INFO - Setting next_dagrun for example_setup_teardown to 2025-11-27 00:00:00+00:00, run_after=2025-11-28 00:00:00+00:00
[2025-11-28T06:57:30.470+0000] {processor.py:183} INFO - Processing /home/airflow/.local/lib/python3.8/site-packages/airflow/example_dags/example_setup_teardown.py took 0.097 seconds
[2025-11-28T06:58:01.195+0000] {processor.py:161} INFO - Started process (PID=692) to work on /home/airflow/.local/lib/python3.8/site-packages/airflow/example_dags/example_setup_teardown.py
[2025-11-28T06:58:01.198+0000] {processor.py:830} INFO - Processing file /home/airflow/.local/lib/python3.8/site-packages/airflow/example_dags/example_setup_teardown.py for tasks to queue
[2025-11-28T06:58:01.205+0000] {logging_mixin.py:188} INFO - [2025-11-28T06:58:01.204+0000] {dagbag.py:538} INFO - Filling up the DagBag from /home/airflow/.local/lib/python3.8/site-packages/airflow/example_dags/example_setup_teardown.py
[2025-11-28T06:58:01.218+0000] {processor.py:840} INFO - DAG(s) 'example_setup_teardown' retrieved from /home/airflow/.local/lib/python3.8/site-packages/airflow/example_dags/example_setup_teardown.py
[2025-11-28T06:58:01.250+0000] {logging_mixin.py:188} INFO - [2025-11-28T06:58:01.250+0000] {dag.py:3036} INFO - Sync 1 DAGs
[2025-11-28T06:58:01.269+0000] {logging_mixin.py:188} INFO - [2025-11-28T06:58:01.268+0000] {dag.py:3823} INFO - Setting next_dagrun for example_setup_teardown to 2025-11-27 00:00:00+00:00, run_after=2025-11-28 00:00:00+00:00
[2025-11-28T06:58:01.285+0000] {processor.py:183} INFO - Processing /home/airflow/.local/lib/python3.8/site-packages/airflow/example_dags/example_setup_teardown.py took 0.098 seconds
[2025-11-28T06:58:31.653+0000] {processor.py:161} INFO - Started process (PID=747) to work on /home/airflow/.local/lib/python3.8/site-packages/airflow/example_dags/example_setup_teardown.py
[2025-11-28T06:58:31.655+0000] {processor.py:830} INFO - Processing file /home/airflow/.local/lib/python3.8/site-packages/airflow/example_dags/example_setup_teardown.py for tasks to queue
[2025-11-28T06:58:31.657+0000] {logging_mixin.py:188} INFO - [2025-11-28T06:58:31.657+0000] {dagbag.py:538} INFO - Filling up the DagBag from /home/airflow/.local/lib/python3.8/site-packages/airflow/example_dags/example_setup_teardown.py
[2025-11-28T06:58:31.668+0000] {processor.py:840} INFO - DAG(s) 'example_setup_teardown' retrieved from /home/airflow/.local/lib/python3.8/site-packages/airflow/example_dags/example_setup_teardown.py
[2025-11-28T06:58:31.692+0000] {logging_mixin.py:188} INFO - [2025-11-28T06:58:31.692+0000] {dag.py:3036} INFO - Sync 1 DAGs
[2025-11-28T06:58:31.707+0000] {logging_mixin.py:188} INFO - [2025-11-28T06:58:31.707+0000] {dag.py:3823} INFO - Setting next_dagrun for example_setup_teardown to 2025-11-27 00:00:00+00:00, run_after=2025-11-28 00:00:00+00:00
[2025-11-28T06:58:31.723+0000] {processor.py:183} INFO - Processing /home/airflow/.local/lib/python3.8/site-packages/airflow/example_dags/example_setup_teardown.py took 0.076 seconds
[2025-11-28T06:59:02.057+0000] {processor.py:161} INFO - Started process (PID=802) to work on /home/airflow/.local/lib/python3.8/site-packages/airflow/example_dags/example_setup_teardown.py
[2025-11-28T06:59:02.058+0000] {processor.py:830} INFO - Processing file /home/airflow/.local/lib/python3.8/site-packages/airflow/example_dags/example_setup_teardown.py for tasks to queue
[2025-11-28T06:59:02.060+0000] {logging_mixin.py:188} INFO - [2025-11-28T06:59:02.060+0000] {dagbag.py:538} INFO - Filling up the DagBag from /home/airflow/.local/lib/python3.8/site-packages/airflow/example_dags/example_setup_teardown.py
[2025-11-28T06:59:02.066+0000] {processor.py:840} INFO - DAG(s) 'example_setup_teardown' retrieved from /home/airflow/.local/lib/python3.8/site-packages/airflow/example_dags/example_setup_teardown.py
[2025-11-28T06:59:02.084+0000] {logging_mixin.py:188} INFO - [2025-11-28T06:59:02.083+0000] {dag.py:3036} INFO - Sync 1 DAGs
[2025-11-28T06:59:02.102+0000] {logging_mixin.py:188} INFO - [2025-11-28T06:59:02.102+0000] {dag.py:3823} INFO - Setting next_dagrun for example_setup_teardown to 2025-11-27 00:00:00+00:00, run_after=2025-11-28 00:00:00+00:00
[2025-11-28T06:59:02.116+0000] {processor.py:183} INFO - Processing /home/airflow/.local/lib/python3.8/site-packages/airflow/example_dags/example_setup_teardown.py took 0.062 seconds
[2025-11-28T06:59:32.527+0000] {processor.py:161} INFO - Started process (PID=857) to work on /home/airflow/.local/lib/python3.8/site-packages/airflow/example_dags/example_setup_teardown.py
[2025-11-28T06:59:32.532+0000] {processor.py:830} INFO - Processing file /home/airflow/.local/lib/python3.8/site-packages/airflow/example_dags/example_setup_teardown.py for tasks to queue
[2025-11-28T06:59:32.534+0000] {logging_mixin.py:188} INFO - [2025-11-28T06:59:32.534+0000] {dagbag.py:538} INFO - Filling up the DagBag from /home/airflow/.local/lib/python3.8/site-packages/airflow/example_dags/example_setup_teardown.py
[2025-11-28T06:59:32.542+0000] {processor.py:840} INFO - DAG(s) 'example_setup_teardown' retrieved from /home/airflow/.local/lib/python3.8/site-packages/airflow/example_dags/example_setup_teardown.py
[2025-11-28T06:59:32.561+0000] {logging_mixin.py:188} INFO - [2025-11-28T06:59:32.560+0000] {dag.py:3036} INFO - Sync 1 DAGs
[2025-11-28T06:59:32.584+0000] {logging_mixin.py:188} INFO - [2025-11-28T06:59:32.584+0000] {dag.py:3823} INFO - Setting next_dagrun for example_setup_teardown to 2025-11-27 00:00:00+00:00, run_after=2025-11-28 00:00:00+00:00
[2025-11-28T06:59:32.602+0000] {processor.py:183} INFO - Processing /home/airflow/.local/lib/python3.8/site-packages/airflow/example_dags/example_setup_teardown.py took 0.079 seconds
[2025-11-28T07:00:02.787+0000] {processor.py:161} INFO - Started process (PID=912) to work on /home/airflow/.local/lib/python3.8/site-packages/airflow/example_dags/example_setup_teardown.py
[2025-11-28T07:00:02.788+0000] {processor.py:830} INFO - Processing file /home/airflow/.local/lib/python3.8/site-packages/airflow/example_dags/example_setup_teardown.py for tasks to queue
[2025-11-28T07:00:02.789+0000] {logging_mixin.py:188} INFO - [2025-11-28T07:00:02.789+0000] {dagbag.py:538} INFO - Filling up the DagBag from /home/airflow/.local/lib/python3.8/site-packages/airflow/example_dags/example_setup_teardown.py
[2025-11-28T07:00:02.794+0000] {processor.py:840} INFO - DAG(s) 'example_setup_teardown' retrieved from /home/airflow/.local/lib/python3.8/site-packages/airflow/example_dags/example_setup_teardown.py
[2025-11-28T07:00:02.812+0000] {logging_mixin.py:188} INFO - [2025-11-28T07:00:02.811+0000] {dag.py:3036} INFO - Sync 1 DAGs
[2025-11-28T07:00:02.831+0000] {logging_mixin.py:188} INFO - [2025-11-28T07:00:02.831+0000] {dag.py:3823} INFO - Setting next_dagrun for example_setup_teardown to 2025-11-27 00:00:00+00:00, run_after=2025-11-28 00:00:00+00:00
[2025-11-28T07:00:02.846+0000] {processor.py:183} INFO - Processing /home/airflow/.local/lib/python3.8/site-packages/airflow/example_dags/example_setup_teardown.py took 0.062 seconds
[2025-11-28T07:00:33.511+0000] {processor.py:161} INFO - Started process (PID=967) to work on /home/airflow/.local/lib/python3.8/site-packages/airflow/example_dags/example_setup_teardown.py
[2025-11-28T07:00:33.513+0000] {processor.py:830} INFO - Processing file /home/airflow/.local/lib/python3.8/site-packages/airflow/example_dags/example_setup_teardown.py for tasks to queue
[2025-11-28T07:00:33.515+0000] {logging_mixin.py:188} INFO - [2025-11-28T07:00:33.515+0000] {dagbag.py:538} INFO - Filling up the DagBag from /home/airflow/.local/lib/python3.8/site-packages/airflow/example_dags/example_setup_teardown.py
[2025-11-28T07:00:33.523+0000] {processor.py:840} INFO - DAG(s) 'example_setup_teardown' retrieved from /home/airflow/.local/lib/python3.8/site-packages/airflow/example_dags/example_setup_teardown.py
[2025-11-28T07:00:33.555+0000] {logging_mixin.py:188} INFO - [2025-11-28T07:00:33.555+0000] {dag.py:3036} INFO - Sync 1 DAGs
[2025-11-28T07:00:33.575+0000] {logging_mixin.py:188} INFO - [2025-11-28T07:00:33.575+0000] {dag.py:3823} INFO - Setting next_dagrun for example_setup_teardown to 2025-11-27 00:00:00+00:00, run_after=2025-11-28 00:00:00+00:00
[2025-11-28T07:00:33.597+0000] {processor.py:183} INFO - Processing /home/airflow/.local/lib/python3.8/site-packages/airflow/example_dags/example_setup_teardown.py took 0.090 seconds
[2025-11-28T07:01:03.786+0000] {processor.py:161} INFO - Started process (PID=1022) to work on /home/airflow/.local/lib/python3.8/site-packages/airflow/example_dags/example_setup_teardown.py
[2025-11-28T07:01:03.787+0000] {processor.py:830} INFO - Processing file /home/airflow/.local/lib/python3.8/site-packages/airflow/example_dags/example_setup_teardown.py for tasks to queue
[2025-11-28T07:01:03.788+0000] {logging_mixin.py:188} INFO - [2025-11-28T07:01:03.788+0000] {dagbag.py:538} INFO - Filling up the DagBag from /home/airflow/.local/lib/python3.8/site-packages/airflow/example_dags/example_setup_teardown.py
[2025-11-28T07:01:03.796+0000] {processor.py:840} INFO - DAG(s) 'example_setup_teardown' retrieved from /home/airflow/.local/lib/python3.8/site-packages/airflow/example_dags/example_setup_teardown.py
[2025-11-28T07:01:03.820+0000] {logging_mixin.py:188} INFO - [2025-11-28T07:01:03.820+0000] {dag.py:3036} INFO - Sync 1 DAGs
[2025-11-28T07:01:03.839+0000] {logging_mixin.py:188} INFO - [2025-11-28T07:01:03.839+0000] {dag.py:3823} INFO - Setting next_dagrun for example_setup_teardown to 2025-11-27 00:00:00+00:00, run_after=2025-11-28 00:00:00+00:00
[2025-11-28T07:01:03.864+0000] {processor.py:183} INFO - Processing /home/airflow/.local/lib/python3.8/site-packages/airflow/example_dags/example_setup_teardown.py took 0.082 seconds
[2025-11-28T07:01:34.134+0000] {processor.py:161} INFO - Started process (PID=1076) to work on /home/airflow/.local/lib/python3.8/site-packages/airflow/example_dags/example_setup_teardown.py
[2025-11-28T07:01:34.135+0000] {processor.py:830} INFO - Processing file /home/airflow/.local/lib/python3.8/site-packages/airflow/example_dags/example_setup_teardown.py for tasks to queue
[2025-11-28T07:01:34.139+0000] {logging_mixin.py:188} INFO - [2025-11-28T07:01:34.138+0000] {dagbag.py:538} INFO - Filling up the DagBag from /home/airflow/.local/lib/python3.8/site-packages/airflow/example_dags/example_setup_teardown.py
[2025-11-28T07:01:34.145+0000] {processor.py:840} INFO - DAG(s) 'example_setup_teardown' retrieved from /home/airflow/.local/lib/python3.8/site-packages/airflow/example_dags/example_setup_teardown.py
[2025-11-28T07:01:34.171+0000] {logging_mixin.py:188} INFO - [2025-11-28T07:01:34.171+0000] {dag.py:3036} INFO - Sync 1 DAGs
[2025-11-28T07:01:34.209+0000] {logging_mixin.py:188} INFO - [2025-11-28T07:01:34.209+0000] {dag.py:3823} INFO - Setting next_dagrun for example_setup_teardown to 2025-11-27 00:00:00+00:00, run_after=2025-11-28 00:00:00+00:00
[2025-11-28T07:01:34.231+0000] {processor.py:183} INFO - Processing /home/airflow/.local/lib/python3.8/site-packages/airflow/example_dags/example_setup_teardown.py took 0.100 seconds
[2025-11-28T07:02:04.465+0000] {processor.py:161} INFO - Started process (PID=1131) to work on /home/airflow/.local/lib/python3.8/site-packages/airflow/example_dags/example_setup_teardown.py
[2025-11-28T07:02:04.467+0000] {processor.py:830} INFO - Processing file /home/airflow/.local/lib/python3.8/site-packages/airflow/example_dags/example_setup_teardown.py for tasks to queue
[2025-11-28T07:02:04.469+0000] {logging_mixin.py:188} INFO - [2025-11-28T07:02:04.469+0000] {dagbag.py:538} INFO - Filling up the DagBag from /home/airflow/.local/lib/python3.8/site-packages/airflow/example_dags/example_setup_teardown.py
[2025-11-28T07:02:04.475+0000] {processor.py:840} INFO - DAG(s) 'example_setup_teardown' retrieved from /home/airflow/.local/lib/python3.8/site-packages/airflow/example_dags/example_setup_teardown.py
[2025-11-28T07:02:04.495+0000] {logging_mixin.py:188} INFO - [2025-11-28T07:02:04.495+0000] {dag.py:3036} INFO - Sync 1 DAGs
[2025-11-28T07:02:04.512+0000] {logging_mixin.py:188} INFO - [2025-11-28T07:02:04.512+0000] {dag.py:3823} INFO - Setting next_dagrun for example_setup_teardown to 2025-11-27 00:00:00+00:00, run_after=2025-11-28 00:00:00+00:00
[2025-11-28T07:02:04.529+0000] {processor.py:183} INFO - Processing /home/airflow/.local/lib/python3.8/site-packages/airflow/example_dags/example_setup_teardown.py took 0.067 seconds
[2025-11-28T07:02:34.703+0000] {processor.py:161} INFO - Started process (PID=1185) to work on /home/airflow/.local/lib/python3.8/site-packages/airflow/example_dags/example_setup_teardown.py
[2025-11-28T07:02:34.705+0000] {processor.py:830} INFO - Processing file /home/airflow/.local/lib/python3.8/site-packages/airflow/example_dags/example_setup_teardown.py for tasks to queue
[2025-11-28T07:02:34.708+0000] {logging_mixin.py:188} INFO - [2025-11-28T07:02:34.707+0000] {dagbag.py:538} INFO - Filling up the DagBag from /home/airflow/.local/lib/python3.8/site-packages/airflow/example_dags/example_setup_teardown.py
[2025-11-28T07:02:34.714+0000] {processor.py:840} INFO - DAG(s) 'example_setup_teardown' retrieved from /home/airflow/.local/lib/python3.8/site-packages/airflow/example_dags/example_setup_teardown.py
[2025-11-28T07:02:34.735+0000] {logging_mixin.py:188} INFO - [2025-11-28T07:02:34.735+0000] {dag.py:3036} INFO - Sync 1 DAGs
[2025-11-28T07:02:34.753+0000] {logging_mixin.py:188} INFO - [2025-11-28T07:02:34.752+0000] {dag.py:3823} INFO - Setting next_dagrun for example_setup_teardown to 2025-11-27 00:00:00+00:00, run_after=2025-11-28 00:00:00+00:00
[2025-11-28T07:02:34.769+0000] {processor.py:183} INFO - Processing /home/airflow/.local/lib/python3.8/site-packages/airflow/example_dags/example_setup_teardown.py took 0.070 seconds
[2025-11-28T07:03:05.522+0000] {processor.py:161} INFO - Started process (PID=1241) to work on /home/airflow/.local/lib/python3.8/site-packages/airflow/example_dags/example_setup_teardown.py
[2025-11-28T07:03:05.523+0000] {processor.py:830} INFO - Processing file /home/airflow/.local/lib/python3.8/site-packages/airflow/example_dags/example_setup_teardown.py for tasks to queue
[2025-11-28T07:03:05.525+0000] {logging_mixin.py:188} INFO - [2025-11-28T07:03:05.525+0000] {dagbag.py:538} INFO - Filling up the DagBag from /home/airflow/.local/lib/python3.8/site-packages/airflow/example_dags/example_setup_teardown.py
[2025-11-28T07:03:05.530+0000] {processor.py:840} INFO - DAG(s) 'example_setup_teardown' retrieved from /home/airflow/.local/lib/python3.8/site-packages/airflow/example_dags/example_setup_teardown.py
[2025-11-28T07:03:05.551+0000] {logging_mixin.py:188} INFO - [2025-11-28T07:03:05.550+0000] {dag.py:3036} INFO - Sync 1 DAGs
[2025-11-28T07:03:05.567+0000] {logging_mixin.py:188} INFO - [2025-11-28T07:03:05.567+0000] {dag.py:3823} INFO - Setting next_dagrun for example_setup_teardown to 2025-11-27 00:00:00+00:00, run_after=2025-11-28 00:00:00+00:00
[2025-11-28T07:03:05.587+0000] {processor.py:183} INFO - Processing /home/airflow/.local/lib/python3.8/site-packages/airflow/example_dags/example_setup_teardown.py took 0.067 seconds
[2025-11-28T07:03:36.249+0000] {processor.py:161} INFO - Started process (PID=1296) to work on /home/airflow/.local/lib/python3.8/site-packages/airflow/example_dags/example_setup_teardown.py
[2025-11-28T07:03:36.256+0000] {processor.py:830} INFO - Processing file /home/airflow/.local/lib/python3.8/site-packages/airflow/example_dags/example_setup_teardown.py for tasks to queue
[2025-11-28T07:03:36.262+0000] {logging_mixin.py:188} INFO - [2025-11-28T07:03:36.262+0000] {dagbag.py:538} INFO - Filling up the DagBag from /home/airflow/.local/lib/python3.8/site-packages/airflow/example_dags/example_setup_teardown.py
[2025-11-28T07:03:36.269+0000] {processor.py:840} INFO - DAG(s) 'example_setup_teardown' retrieved from /home/airflow/.local/lib/python3.8/site-packages/airflow/example_dags/example_setup_teardown.py
[2025-11-28T07:03:36.303+0000] {logging_mixin.py:188} INFO - [2025-11-28T07:03:36.303+0000] {dag.py:3036} INFO - Sync 1 DAGs
[2025-11-28T07:03:36.338+0000] {logging_mixin.py:188} INFO - [2025-11-28T07:03:36.337+0000] {dag.py:3823} INFO - Setting next_dagrun for example_setup_teardown to 2025-11-27 00:00:00+00:00, run_after=2025-11-28 00:00:00+00:00
[2025-11-28T07:03:36.388+0000] {processor.py:183} INFO - Processing /home/airflow/.local/lib/python3.8/site-packages/airflow/example_dags/example_setup_teardown.py took 0.142 seconds
[2025-11-28T07:04:06.997+0000] {processor.py:161} INFO - Started process (PID=1351) to work on /home/airflow/.local/lib/python3.8/site-packages/airflow/example_dags/example_setup_teardown.py
[2025-11-28T07:04:06.998+0000] {processor.py:830} INFO - Processing file /home/airflow/.local/lib/python3.8/site-packages/airflow/example_dags/example_setup_teardown.py for tasks to queue
[2025-11-28T07:04:07.000+0000] {logging_mixin.py:188} INFO - [2025-11-28T07:04:07.000+0000] {dagbag.py:538} INFO - Filling up the DagBag from /home/airflow/.local/lib/python3.8/site-packages/airflow/example_dags/example_setup_teardown.py
[2025-11-28T07:04:07.007+0000] {processor.py:840} INFO - DAG(s) 'example_setup_teardown' retrieved from /home/airflow/.local/lib/python3.8/site-packages/airflow/example_dags/example_setup_teardown.py
[2025-11-28T07:04:07.039+0000] {logging_mixin.py:188} INFO - [2025-11-28T07:04:07.039+0000] {dag.py:3036} INFO - Sync 1 DAGs
[2025-11-28T07:04:07.062+0000] {logging_mixin.py:188} INFO - [2025-11-28T07:04:07.062+0000] {dag.py:3823} INFO - Setting next_dagrun for example_setup_teardown to 2025-11-27 00:00:00+00:00, run_after=2025-11-28 00:00:00+00:00
[2025-11-28T07:04:07.090+0000] {processor.py:183} INFO - Processing /home/airflow/.local/lib/python3.8/site-packages/airflow/example_dags/example_setup_teardown.py took 0.096 seconds
[2025-11-28T07:04:37.653+0000] {processor.py:161} INFO - Started process (PID=1406) to work on /home/airflow/.local/lib/python3.8/site-packages/airflow/example_dags/example_setup_teardown.py
[2025-11-28T07:04:37.653+0000] {processor.py:830} INFO - Processing file /home/airflow/.local/lib/python3.8/site-packages/airflow/example_dags/example_setup_teardown.py for tasks to queue
[2025-11-28T07:04:37.655+0000] {logging_mixin.py:188} INFO - [2025-11-28T07:04:37.655+0000] {dagbag.py:538} INFO - Filling up the DagBag from /home/airflow/.local/lib/python3.8/site-packages/airflow/example_dags/example_setup_teardown.py
[2025-11-28T07:04:37.661+0000] {processor.py:840} INFO - DAG(s) 'example_setup_teardown' retrieved from /home/airflow/.local/lib/python3.8/site-packages/airflow/example_dags/example_setup_teardown.py
[2025-11-28T07:04:37.678+0000] {logging_mixin.py:188} INFO - [2025-11-28T07:04:37.678+0000] {dag.py:3036} INFO - Sync 1 DAGs
[2025-11-28T07:04:37.695+0000] {logging_mixin.py:188} INFO - [2025-11-28T07:04:37.695+0000] {dag.py:3823} INFO - Setting next_dagrun for example_setup_teardown to 2025-11-27 00:00:00+00:00, run_after=2025-11-28 00:00:00+00:00
[2025-11-28T07:04:37.712+0000] {processor.py:183} INFO - Processing /home/airflow/.local/lib/python3.8/site-packages/airflow/example_dags/example_setup_teardown.py took 0.064 seconds
[2025-11-28T07:05:07.943+0000] {processor.py:161} INFO - Started process (PID=1462) to work on /home/airflow/.local/lib/python3.8/site-packages/airflow/example_dags/example_setup_teardown.py
[2025-11-28T07:05:07.945+0000] {processor.py:830} INFO - Processing file /home/airflow/.local/lib/python3.8/site-packages/airflow/example_dags/example_setup_teardown.py for tasks to queue
[2025-11-28T07:05:07.947+0000] {logging_mixin.py:188} INFO - [2025-11-28T07:05:07.947+0000] {dagbag.py:538} INFO - Filling up the DagBag from /home/airflow/.local/lib/python3.8/site-packages/airflow/example_dags/example_setup_teardown.py
[2025-11-28T07:05:07.955+0000] {processor.py:840} INFO - DAG(s) 'example_setup_teardown' retrieved from /home/airflow/.local/lib/python3.8/site-packages/airflow/example_dags/example_setup_teardown.py
[2025-11-28T07:05:07.974+0000] {logging_mixin.py:188} INFO - [2025-11-28T07:05:07.973+0000] {dag.py:3036} INFO - Sync 1 DAGs
[2025-11-28T07:05:07.989+0000] {logging_mixin.py:188} INFO - [2025-11-28T07:05:07.989+0000] {dag.py:3823} INFO - Setting next_dagrun for example_setup_teardown to 2025-11-27 00:00:00+00:00, run_after=2025-11-28 00:00:00+00:00
[2025-11-28T07:05:08.008+0000] {processor.py:183} INFO - Processing /home/airflow/.local/lib/python3.8/site-packages/airflow/example_dags/example_setup_teardown.py took 0.069 seconds
[2025-11-28T07:05:38.543+0000] {processor.py:161} INFO - Started process (PID=1517) to work on /home/airflow/.local/lib/python3.8/site-packages/airflow/example_dags/example_setup_teardown.py
[2025-11-28T07:05:38.544+0000] {processor.py:830} INFO - Processing file /home/airflow/.local/lib/python3.8/site-packages/airflow/example_dags/example_setup_teardown.py for tasks to queue
[2025-11-28T07:05:38.546+0000] {logging_mixin.py:188} INFO - [2025-11-28T07:05:38.545+0000] {dagbag.py:538} INFO - Filling up the DagBag from /home/airflow/.local/lib/python3.8/site-packages/airflow/example_dags/example_setup_teardown.py
[2025-11-28T07:05:38.551+0000] {processor.py:840} INFO - DAG(s) 'example_setup_teardown' retrieved from /home/airflow/.local/lib/python3.8/site-packages/airflow/example_dags/example_setup_teardown.py
[2025-11-28T07:05:38.571+0000] {logging_mixin.py:188} INFO - [2025-11-28T07:05:38.571+0000] {dag.py:3036} INFO - Sync 1 DAGs
[2025-11-28T07:05:38.588+0000] {logging_mixin.py:188} INFO - [2025-11-28T07:05:38.587+0000] {dag.py:3823} INFO - Setting next_dagrun for example_setup_teardown to 2025-11-27 00:00:00+00:00, run_after=2025-11-28 00:00:00+00:00
[2025-11-28T07:05:38.602+0000] {processor.py:183} INFO - Processing /home/airflow/.local/lib/python3.8/site-packages/airflow/example_dags/example_setup_teardown.py took 0.062 seconds
[2025-11-28T07:06:09.227+0000] {processor.py:161} INFO - Started process (PID=1572) to work on /home/airflow/.local/lib/python3.8/site-packages/airflow/example_dags/example_setup_teardown.py
[2025-11-28T07:06:09.228+0000] {processor.py:830} INFO - Processing file /home/airflow/.local/lib/python3.8/site-packages/airflow/example_dags/example_setup_teardown.py for tasks to queue
[2025-11-28T07:06:09.230+0000] {logging_mixin.py:188} INFO - [2025-11-28T07:06:09.229+0000] {dagbag.py:538} INFO - Filling up the DagBag from /home/airflow/.local/lib/python3.8/site-packages/airflow/example_dags/example_setup_teardown.py
[2025-11-28T07:06:09.235+0000] {processor.py:840} INFO - DAG(s) 'example_setup_teardown' retrieved from /home/airflow/.local/lib/python3.8/site-packages/airflow/example_dags/example_setup_teardown.py
[2025-11-28T07:06:09.250+0000] {logging_mixin.py:188} INFO - [2025-11-28T07:06:09.249+0000] {dag.py:3036} INFO - Sync 1 DAGs
[2025-11-28T07:06:09.271+0000] {logging_mixin.py:188} INFO - [2025-11-28T07:06:09.271+0000] {dag.py:3823} INFO - Setting next_dagrun for example_setup_teardown to 2025-11-27 00:00:00+00:00, run_after=2025-11-28 00:00:00+00:00
[2025-11-28T07:06:09.287+0000] {processor.py:183} INFO - Processing /home/airflow/.local/lib/python3.8/site-packages/airflow/example_dags/example_setup_teardown.py took 0.063 seconds
[2025-11-28T07:06:39.857+0000] {processor.py:161} INFO - Started process (PID=1627) to work on /home/airflow/.local/lib/python3.8/site-packages/airflow/example_dags/example_setup_teardown.py
[2025-11-28T07:06:39.859+0000] {processor.py:830} INFO - Processing file /home/airflow/.local/lib/python3.8/site-packages/airflow/example_dags/example_setup_teardown.py for tasks to queue
[2025-11-28T07:06:39.862+0000] {logging_mixin.py:188} INFO - [2025-11-28T07:06:39.862+0000] {dagbag.py:538} INFO - Filling up the DagBag from /home/airflow/.local/lib/python3.8/site-packages/airflow/example_dags/example_setup_teardown.py
[2025-11-28T07:06:39.870+0000] {processor.py:840} INFO - DAG(s) 'example_setup_teardown' retrieved from /home/airflow/.local/lib/python3.8/site-packages/airflow/example_dags/example_setup_teardown.py
[2025-11-28T07:06:39.888+0000] {logging_mixin.py:188} INFO - [2025-11-28T07:06:39.887+0000] {dag.py:3036} INFO - Sync 1 DAGs
[2025-11-28T07:06:39.902+0000] {logging_mixin.py:188} INFO - [2025-11-28T07:06:39.902+0000] {dag.py:3823} INFO - Setting next_dagrun for example_setup_teardown to 2025-11-27 00:00:00+00:00, run_after=2025-11-28 00:00:00+00:00
[2025-11-28T07:06:39.917+0000] {processor.py:183} INFO - Processing /home/airflow/.local/lib/python3.8/site-packages/airflow/example_dags/example_setup_teardown.py took 0.063 seconds
[2025-11-28T07:07:10.035+0000] {processor.py:161} INFO - Started process (PID=1682) to work on /home/airflow/.local/lib/python3.8/site-packages/airflow/example_dags/example_setup_teardown.py
[2025-11-28T07:07:10.038+0000] {processor.py:830} INFO - Processing file /home/airflow/.local/lib/python3.8/site-packages/airflow/example_dags/example_setup_teardown.py for tasks to queue
[2025-11-28T07:07:10.040+0000] {logging_mixin.py:188} INFO - [2025-11-28T07:07:10.040+0000] {dagbag.py:538} INFO - Filling up the DagBag from /home/airflow/.local/lib/python3.8/site-packages/airflow/example_dags/example_setup_teardown.py
[2025-11-28T07:07:10.046+0000] {processor.py:840} INFO - DAG(s) 'example_setup_teardown' retrieved from /home/airflow/.local/lib/python3.8/site-packages/airflow/example_dags/example_setup_teardown.py
[2025-11-28T07:07:10.086+0000] {logging_mixin.py:188} INFO - [2025-11-28T07:07:10.086+0000] {dag.py:3036} INFO - Sync 1 DAGs
[2025-11-28T07:07:10.105+0000] {logging_mixin.py:188} INFO - [2025-11-28T07:07:10.105+0000] {dag.py:3823} INFO - Setting next_dagrun for example_setup_teardown to 2025-11-27 00:00:00+00:00, run_after=2025-11-28 00:00:00+00:00
[2025-11-28T07:07:10.126+0000] {processor.py:183} INFO - Processing /home/airflow/.local/lib/python3.8/site-packages/airflow/example_dags/example_setup_teardown.py took 0.093 seconds
[2025-11-28T07:07:40.704+0000] {processor.py:161} INFO - Started process (PID=1737) to work on /home/airflow/.local/lib/python3.8/site-packages/airflow/example_dags/example_setup_teardown.py
[2025-11-28T07:07:40.705+0000] {processor.py:830} INFO - Processing file /home/airflow/.local/lib/python3.8/site-packages/airflow/example_dags/example_setup_teardown.py for tasks to queue
[2025-11-28T07:07:40.706+0000] {logging_mixin.py:188} INFO - [2025-11-28T07:07:40.706+0000] {dagbag.py:538} INFO - Filling up the DagBag from /home/airflow/.local/lib/python3.8/site-packages/airflow/example_dags/example_setup_teardown.py
[2025-11-28T07:07:40.712+0000] {processor.py:840} INFO - DAG(s) 'example_setup_teardown' retrieved from /home/airflow/.local/lib/python3.8/site-packages/airflow/example_dags/example_setup_teardown.py
[2025-11-28T07:07:40.733+0000] {logging_mixin.py:188} INFO - [2025-11-28T07:07:40.733+0000] {dag.py:3036} INFO - Sync 1 DAGs
[2025-11-28T07:07:40.749+0000] {logging_mixin.py:188} INFO - [2025-11-28T07:07:40.749+0000] {dag.py:3823} INFO - Setting next_dagrun for example_setup_teardown to 2025-11-27 00:00:00+00:00, run_after=2025-11-28 00:00:00+00:00
[2025-11-28T07:07:40.771+0000] {processor.py:183} INFO - Processing /home/airflow/.local/lib/python3.8/site-packages/airflow/example_dags/example_setup_teardown.py took 0.070 seconds
[2025-11-28T07:08:11.736+0000] {processor.py:161} INFO - Started process (PID=1792) to work on /home/airflow/.local/lib/python3.8/site-packages/airflow/example_dags/example_setup_teardown.py
[2025-11-28T07:08:11.738+0000] {processor.py:830} INFO - Processing file /home/airflow/.local/lib/python3.8/site-packages/airflow/example_dags/example_setup_teardown.py for tasks to queue
[2025-11-28T07:08:11.740+0000] {logging_mixin.py:188} INFO - [2025-11-28T07:08:11.740+0000] {dagbag.py:538} INFO - Filling up the DagBag from /home/airflow/.local/lib/python3.8/site-packages/airflow/example_dags/example_setup_teardown.py
[2025-11-28T07:08:11.749+0000] {processor.py:840} INFO - DAG(s) 'example_setup_teardown' retrieved from /home/airflow/.local/lib/python3.8/site-packages/airflow/example_dags/example_setup_teardown.py
[2025-11-28T07:08:11.798+0000] {logging_mixin.py:188} INFO - [2025-11-28T07:08:11.798+0000] {dag.py:3036} INFO - Sync 1 DAGs
[2025-11-28T07:08:11.821+0000] {logging_mixin.py:188} INFO - [2025-11-28T07:08:11.821+0000] {dag.py:3823} INFO - Setting next_dagrun for example_setup_teardown to 2025-11-27 00:00:00+00:00, run_after=2025-11-28 00:00:00+00:00
[2025-11-28T07:08:11.850+0000] {processor.py:183} INFO - Processing /home/airflow/.local/lib/python3.8/site-packages/airflow/example_dags/example_setup_teardown.py took 0.118 seconds
[2025-11-28T07:08:42.776+0000] {processor.py:161} INFO - Started process (PID=1847) to work on /home/airflow/.local/lib/python3.8/site-packages/airflow/example_dags/example_setup_teardown.py
[2025-11-28T07:08:42.778+0000] {processor.py:830} INFO - Processing file /home/airflow/.local/lib/python3.8/site-packages/airflow/example_dags/example_setup_teardown.py for tasks to queue
[2025-11-28T07:08:42.781+0000] {logging_mixin.py:188} INFO - [2025-11-28T07:08:42.781+0000] {dagbag.py:538} INFO - Filling up the DagBag from /home/airflow/.local/lib/python3.8/site-packages/airflow/example_dags/example_setup_teardown.py
[2025-11-28T07:08:42.790+0000] {processor.py:840} INFO - DAG(s) 'example_setup_teardown' retrieved from /home/airflow/.local/lib/python3.8/site-packages/airflow/example_dags/example_setup_teardown.py
[2025-11-28T07:08:42.822+0000] {logging_mixin.py:188} INFO - [2025-11-28T07:08:42.821+0000] {dag.py:3036} INFO - Sync 1 DAGs
[2025-11-28T07:08:43.071+0000] {logging_mixin.py:188} INFO - [2025-11-28T07:08:43.070+0000] {dag.py:3823} INFO - Setting next_dagrun for example_setup_teardown to 2025-11-27 00:00:00+00:00, run_after=2025-11-28 00:00:00+00:00
[2025-11-28T07:08:43.095+0000] {processor.py:183} INFO - Processing /home/airflow/.local/lib/python3.8/site-packages/airflow/example_dags/example_setup_teardown.py took 0.103 seconds
[2025-11-28T07:09:13.974+0000] {processor.py:161} INFO - Started process (PID=1902) to work on /home/airflow/.local/lib/python3.8/site-packages/airflow/example_dags/example_setup_teardown.py
[2025-11-28T07:09:13.975+0000] {processor.py:830} INFO - Processing file /home/airflow/.local/lib/python3.8/site-packages/airflow/example_dags/example_setup_teardown.py for tasks to queue
[2025-11-28T07:09:13.977+0000] {logging_mixin.py:188} INFO - [2025-11-28T07:09:13.977+0000] {dagbag.py:538} INFO - Filling up the DagBag from /home/airflow/.local/lib/python3.8/site-packages/airflow/example_dags/example_setup_teardown.py
[2025-11-28T07:09:13.984+0000] {processor.py:840} INFO - DAG(s) 'example_setup_teardown' retrieved from /home/airflow/.local/lib/python3.8/site-packages/airflow/example_dags/example_setup_teardown.py
[2025-11-28T07:09:14.019+0000] {logging_mixin.py:188} INFO - [2025-11-28T07:09:14.019+0000] {dag.py:3036} INFO - Sync 1 DAGs
[2025-11-28T07:09:14.041+0000] {logging_mixin.py:188} INFO - [2025-11-28T07:09:14.041+0000] {dag.py:3823} INFO - Setting next_dagrun for example_setup_teardown to 2025-11-27 00:00:00+00:00, run_after=2025-11-28 00:00:00+00:00
[2025-11-28T07:09:14.068+0000] {processor.py:183} INFO - Processing /home/airflow/.local/lib/python3.8/site-packages/airflow/example_dags/example_setup_teardown.py took 0.099 seconds
[2025-11-28T07:09:44.235+0000] {processor.py:161} INFO - Started process (PID=1957) to work on /home/airflow/.local/lib/python3.8/site-packages/airflow/example_dags/example_setup_teardown.py
[2025-11-28T07:09:44.236+0000] {processor.py:830} INFO - Processing file /home/airflow/.local/lib/python3.8/site-packages/airflow/example_dags/example_setup_teardown.py for tasks to queue
[2025-11-28T07:09:44.238+0000] {logging_mixin.py:188} INFO - [2025-11-28T07:09:44.238+0000] {dagbag.py:538} INFO - Filling up the DagBag from /home/airflow/.local/lib/python3.8/site-packages/airflow/example_dags/example_setup_teardown.py
[2025-11-28T07:09:44.243+0000] {processor.py:840} INFO - DAG(s) 'example_setup_teardown' retrieved from /home/airflow/.local/lib/python3.8/site-packages/airflow/example_dags/example_setup_teardown.py
[2025-11-28T07:09:44.260+0000] {logging_mixin.py:188} INFO - [2025-11-28T07:09:44.260+0000] {dag.py:3036} INFO - Sync 1 DAGs
[2025-11-28T07:09:44.276+0000] {logging_mixin.py:188} INFO - [2025-11-28T07:09:44.276+0000] {dag.py:3823} INFO - Setting next_dagrun for example_setup_teardown to 2025-11-27 00:00:00+00:00, run_after=2025-11-28 00:00:00+00:00
[2025-11-28T07:09:44.295+0000] {processor.py:183} INFO - Processing /home/airflow/.local/lib/python3.8/site-packages/airflow/example_dags/example_setup_teardown.py took 0.063 seconds
[2025-11-28T07:10:14.874+0000] {processor.py:161} INFO - Started process (PID=2012) to work on /home/airflow/.local/lib/python3.8/site-packages/airflow/example_dags/example_setup_teardown.py
[2025-11-28T07:10:14.875+0000] {processor.py:830} INFO - Processing file /home/airflow/.local/lib/python3.8/site-packages/airflow/example_dags/example_setup_teardown.py for tasks to queue
[2025-11-28T07:10:14.880+0000] {logging_mixin.py:188} INFO - [2025-11-28T07:10:14.880+0000] {dagbag.py:538} INFO - Filling up the DagBag from /home/airflow/.local/lib/python3.8/site-packages/airflow/example_dags/example_setup_teardown.py
[2025-11-28T07:10:14.888+0000] {processor.py:840} INFO - DAG(s) 'example_setup_teardown' retrieved from /home/airflow/.local/lib/python3.8/site-packages/airflow/example_dags/example_setup_teardown.py
[2025-11-28T07:10:14.914+0000] {logging_mixin.py:188} INFO - [2025-11-28T07:10:14.913+0000] {dag.py:3036} INFO - Sync 1 DAGs
[2025-11-28T07:10:14.940+0000] {logging_mixin.py:188} INFO - [2025-11-28T07:10:14.939+0000] {dag.py:3823} INFO - Setting next_dagrun for example_setup_teardown to 2025-11-27 00:00:00+00:00, run_after=2025-11-28 00:00:00+00:00
[2025-11-28T07:10:14.960+0000] {processor.py:183} INFO - Processing /home/airflow/.local/lib/python3.8/site-packages/airflow/example_dags/example_setup_teardown.py took 0.090 seconds
[2025-11-28T07:10:45.207+0000] {processor.py:161} INFO - Started process (PID=2067) to work on /home/airflow/.local/lib/python3.8/site-packages/airflow/example_dags/example_setup_teardown.py
[2025-11-28T07:10:45.209+0000] {processor.py:830} INFO - Processing file /home/airflow/.local/lib/python3.8/site-packages/airflow/example_dags/example_setup_teardown.py for tasks to queue
[2025-11-28T07:10:45.210+0000] {logging_mixin.py:188} INFO - [2025-11-28T07:10:45.210+0000] {dagbag.py:538} INFO - Filling up the DagBag from /home/airflow/.local/lib/python3.8/site-packages/airflow/example_dags/example_setup_teardown.py
[2025-11-28T07:10:45.218+0000] {processor.py:840} INFO - DAG(s) 'example_setup_teardown' retrieved from /home/airflow/.local/lib/python3.8/site-packages/airflow/example_dags/example_setup_teardown.py
[2025-11-28T07:10:45.245+0000] {logging_mixin.py:188} INFO - [2025-11-28T07:10:45.244+0000] {dag.py:3036} INFO - Sync 1 DAGs
[2025-11-28T07:10:45.265+0000] {logging_mixin.py:188} INFO - [2025-11-28T07:10:45.265+0000] {dag.py:3823} INFO - Setting next_dagrun for example_setup_teardown to 2025-11-27 00:00:00+00:00, run_after=2025-11-28 00:00:00+00:00
[2025-11-28T07:10:45.287+0000] {processor.py:183} INFO - Processing /home/airflow/.local/lib/python3.8/site-packages/airflow/example_dags/example_setup_teardown.py took 0.085 seconds
[2025-11-28T07:11:15.490+0000] {processor.py:161} INFO - Started process (PID=2122) to work on /home/airflow/.local/lib/python3.8/site-packages/airflow/example_dags/example_setup_teardown.py
[2025-11-28T07:11:15.491+0000] {processor.py:830} INFO - Processing file /home/airflow/.local/lib/python3.8/site-packages/airflow/example_dags/example_setup_teardown.py for tasks to queue
[2025-11-28T07:11:15.495+0000] {logging_mixin.py:188} INFO - [2025-11-28T07:11:15.495+0000] {dagbag.py:538} INFO - Filling up the DagBag from /home/airflow/.local/lib/python3.8/site-packages/airflow/example_dags/example_setup_teardown.py
[2025-11-28T07:11:15.503+0000] {processor.py:840} INFO - DAG(s) 'example_setup_teardown' retrieved from /home/airflow/.local/lib/python3.8/site-packages/airflow/example_dags/example_setup_teardown.py
[2025-11-28T07:11:15.528+0000] {logging_mixin.py:188} INFO - [2025-11-28T07:11:15.528+0000] {dag.py:3036} INFO - Sync 1 DAGs
[2025-11-28T07:11:15.549+0000] {logging_mixin.py:188} INFO - [2025-11-28T07:11:15.548+0000] {dag.py:3823} INFO - Setting next_dagrun for example_setup_teardown to 2025-11-27 00:00:00+00:00, run_after=2025-11-28 00:00:00+00:00
[2025-11-28T07:11:15.568+0000] {processor.py:183} INFO - Processing /home/airflow/.local/lib/python3.8/site-packages/airflow/example_dags/example_setup_teardown.py took 0.082 seconds
[2025-11-28T07:11:45.774+0000] {processor.py:161} INFO - Started process (PID=2177) to work on /home/airflow/.local/lib/python3.8/site-packages/airflow/example_dags/example_setup_teardown.py
[2025-11-28T07:11:45.776+0000] {processor.py:830} INFO - Processing file /home/airflow/.local/lib/python3.8/site-packages/airflow/example_dags/example_setup_teardown.py for tasks to queue
[2025-11-28T07:11:45.778+0000] {logging_mixin.py:188} INFO - [2025-11-28T07:11:45.778+0000] {dagbag.py:538} INFO - Filling up the DagBag from /home/airflow/.local/lib/python3.8/site-packages/airflow/example_dags/example_setup_teardown.py
[2025-11-28T07:11:45.784+0000] {processor.py:840} INFO - DAG(s) 'example_setup_teardown' retrieved from /home/airflow/.local/lib/python3.8/site-packages/airflow/example_dags/example_setup_teardown.py
[2025-11-28T07:11:45.800+0000] {logging_mixin.py:188} INFO - [2025-11-28T07:11:45.799+0000] {dag.py:3036} INFO - Sync 1 DAGs
[2025-11-28T07:11:45.815+0000] {logging_mixin.py:188} INFO - [2025-11-28T07:11:45.815+0000] {dag.py:3823} INFO - Setting next_dagrun for example_setup_teardown to 2025-11-27 00:00:00+00:00, run_after=2025-11-28 00:00:00+00:00
[2025-11-28T07:11:45.830+0000] {processor.py:183} INFO - Processing /home/airflow/.local/lib/python3.8/site-packages/airflow/example_dags/example_setup_teardown.py took 0.059 seconds
[2025-11-28T07:12:16.093+0000] {processor.py:161} INFO - Started process (PID=2232) to work on /home/airflow/.local/lib/python3.8/site-packages/airflow/example_dags/example_setup_teardown.py
[2025-11-28T07:12:16.095+0000] {processor.py:830} INFO - Processing file /home/airflow/.local/lib/python3.8/site-packages/airflow/example_dags/example_setup_teardown.py for tasks to queue
[2025-11-28T07:12:16.099+0000] {logging_mixin.py:188} INFO - [2025-11-28T07:12:16.098+0000] {dagbag.py:538} INFO - Filling up the DagBag from /home/airflow/.local/lib/python3.8/site-packages/airflow/example_dags/example_setup_teardown.py
[2025-11-28T07:12:16.108+0000] {processor.py:840} INFO - DAG(s) 'example_setup_teardown' retrieved from /home/airflow/.local/lib/python3.8/site-packages/airflow/example_dags/example_setup_teardown.py
[2025-11-28T07:12:16.132+0000] {logging_mixin.py:188} INFO - [2025-11-28T07:12:16.131+0000] {dag.py:3036} INFO - Sync 1 DAGs
[2025-11-28T07:12:16.149+0000] {logging_mixin.py:188} INFO - [2025-11-28T07:12:16.149+0000] {dag.py:3823} INFO - Setting next_dagrun for example_setup_teardown to 2025-11-27 00:00:00+00:00, run_after=2025-11-28 00:00:00+00:00
[2025-11-28T07:12:16.168+0000] {processor.py:183} INFO - Processing /home/airflow/.local/lib/python3.8/site-packages/airflow/example_dags/example_setup_teardown.py took 0.081 seconds
[2025-11-28T07:12:46.748+0000] {processor.py:161} INFO - Started process (PID=2287) to work on /home/airflow/.local/lib/python3.8/site-packages/airflow/example_dags/example_setup_teardown.py
[2025-11-28T07:12:46.751+0000] {processor.py:830} INFO - Processing file /home/airflow/.local/lib/python3.8/site-packages/airflow/example_dags/example_setup_teardown.py for tasks to queue
[2025-11-28T07:12:46.757+0000] {logging_mixin.py:188} INFO - [2025-11-28T07:12:46.757+0000] {dagbag.py:538} INFO - Filling up the DagBag from /home/airflow/.local/lib/python3.8/site-packages/airflow/example_dags/example_setup_teardown.py
[2025-11-28T07:12:46.767+0000] {processor.py:840} INFO - DAG(s) 'example_setup_teardown' retrieved from /home/airflow/.local/lib/python3.8/site-packages/airflow/example_dags/example_setup_teardown.py
[2025-11-28T07:12:46.805+0000] {logging_mixin.py:188} INFO - [2025-11-28T07:12:46.804+0000] {dag.py:3036} INFO - Sync 1 DAGs
[2025-11-28T07:12:46.829+0000] {logging_mixin.py:188} INFO - [2025-11-28T07:12:46.828+0000] {dag.py:3823} INFO - Setting next_dagrun for example_setup_teardown to 2025-11-27 00:00:00+00:00, run_after=2025-11-28 00:00:00+00:00
[2025-11-28T07:12:46.847+0000] {processor.py:183} INFO - Processing /home/airflow/.local/lib/python3.8/site-packages/airflow/example_dags/example_setup_teardown.py took 0.105 seconds
[2025-11-28T07:13:17.836+0000] {processor.py:161} INFO - Started process (PID=2342) to work on /home/airflow/.local/lib/python3.8/site-packages/airflow/example_dags/example_setup_teardown.py
[2025-11-28T07:13:17.838+0000] {processor.py:830} INFO - Processing file /home/airflow/.local/lib/python3.8/site-packages/airflow/example_dags/example_setup_teardown.py for tasks to queue
[2025-11-28T07:13:17.840+0000] {logging_mixin.py:188} INFO - [2025-11-28T07:13:17.840+0000] {dagbag.py:538} INFO - Filling up the DagBag from /home/airflow/.local/lib/python3.8/site-packages/airflow/example_dags/example_setup_teardown.py
[2025-11-28T07:13:17.849+0000] {processor.py:840} INFO - DAG(s) 'example_setup_teardown' retrieved from /home/airflow/.local/lib/python3.8/site-packages/airflow/example_dags/example_setup_teardown.py
[2025-11-28T07:13:17.871+0000] {logging_mixin.py:188} INFO - [2025-11-28T07:13:17.870+0000] {dag.py:3036} INFO - Sync 1 DAGs
[2025-11-28T07:13:17.888+0000] {logging_mixin.py:188} INFO - [2025-11-28T07:13:17.888+0000] {dag.py:3823} INFO - Setting next_dagrun for example_setup_teardown to 2025-11-27 00:00:00+00:00, run_after=2025-11-28 00:00:00+00:00
[2025-11-28T07:13:17.915+0000] {processor.py:183} INFO - Processing /home/airflow/.local/lib/python3.8/site-packages/airflow/example_dags/example_setup_teardown.py took 0.082 seconds
[2025-11-28T07:13:48.355+0000] {processor.py:161} INFO - Started process (PID=2397) to work on /home/airflow/.local/lib/python3.8/site-packages/airflow/example_dags/example_setup_teardown.py
[2025-11-28T07:13:48.359+0000] {processor.py:830} INFO - Processing file /home/airflow/.local/lib/python3.8/site-packages/airflow/example_dags/example_setup_teardown.py for tasks to queue
[2025-11-28T07:13:48.363+0000] {logging_mixin.py:188} INFO - [2025-11-28T07:13:48.363+0000] {dagbag.py:538} INFO - Filling up the DagBag from /home/airflow/.local/lib/python3.8/site-packages/airflow/example_dags/example_setup_teardown.py
[2025-11-28T07:13:48.373+0000] {processor.py:840} INFO - DAG(s) 'example_setup_teardown' retrieved from /home/airflow/.local/lib/python3.8/site-packages/airflow/example_dags/example_setup_teardown.py
[2025-11-28T07:13:48.391+0000] {logging_mixin.py:188} INFO - [2025-11-28T07:13:48.391+0000] {dag.py:3036} INFO - Sync 1 DAGs
[2025-11-28T07:13:48.413+0000] {logging_mixin.py:188} INFO - [2025-11-28T07:13:48.412+0000] {dag.py:3823} INFO - Setting next_dagrun for example_setup_teardown to 2025-11-27 00:00:00+00:00, run_after=2025-11-28 00:00:00+00:00
[2025-11-28T07:13:48.435+0000] {processor.py:183} INFO - Processing /home/airflow/.local/lib/python3.8/site-packages/airflow/example_dags/example_setup_teardown.py took 0.084 seconds
[2025-11-28T07:14:18.833+0000] {processor.py:161} INFO - Started process (PID=2453) to work on /home/airflow/.local/lib/python3.8/site-packages/airflow/example_dags/example_setup_teardown.py
[2025-11-28T07:14:18.841+0000] {processor.py:830} INFO - Processing file /home/airflow/.local/lib/python3.8/site-packages/airflow/example_dags/example_setup_teardown.py for tasks to queue
[2025-11-28T07:14:18.844+0000] {logging_mixin.py:188} INFO - [2025-11-28T07:14:18.843+0000] {dagbag.py:538} INFO - Filling up the DagBag from /home/airflow/.local/lib/python3.8/site-packages/airflow/example_dags/example_setup_teardown.py
[2025-11-28T07:14:18.850+0000] {processor.py:840} INFO - DAG(s) 'example_setup_teardown' retrieved from /home/airflow/.local/lib/python3.8/site-packages/airflow/example_dags/example_setup_teardown.py
[2025-11-28T07:14:18.875+0000] {logging_mixin.py:188} INFO - [2025-11-28T07:14:18.875+0000] {dag.py:3036} INFO - Sync 1 DAGs
[2025-11-28T07:14:18.896+0000] {logging_mixin.py:188} INFO - [2025-11-28T07:14:18.895+0000] {dag.py:3823} INFO - Setting next_dagrun for example_setup_teardown to 2025-11-27 00:00:00+00:00, run_after=2025-11-28 00:00:00+00:00
[2025-11-28T07:14:18.915+0000] {processor.py:183} INFO - Processing /home/airflow/.local/lib/python3.8/site-packages/airflow/example_dags/example_setup_teardown.py took 0.087 seconds
[2025-11-28T07:14:49.078+0000] {processor.py:161} INFO - Started process (PID=2508) to work on /home/airflow/.local/lib/python3.8/site-packages/airflow/example_dags/example_setup_teardown.py
[2025-11-28T07:14:49.080+0000] {processor.py:830} INFO - Processing file /home/airflow/.local/lib/python3.8/site-packages/airflow/example_dags/example_setup_teardown.py for tasks to queue
[2025-11-28T07:14:49.083+0000] {logging_mixin.py:188} INFO - [2025-11-28T07:14:49.083+0000] {dagbag.py:538} INFO - Filling up the DagBag from /home/airflow/.local/lib/python3.8/site-packages/airflow/example_dags/example_setup_teardown.py
[2025-11-28T07:14:49.094+0000] {processor.py:840} INFO - DAG(s) 'example_setup_teardown' retrieved from /home/airflow/.local/lib/python3.8/site-packages/airflow/example_dags/example_setup_teardown.py
[2025-11-28T07:14:49.121+0000] {logging_mixin.py:188} INFO - [2025-11-28T07:14:49.121+0000] {dag.py:3036} INFO - Sync 1 DAGs
[2025-11-28T07:14:49.138+0000] {logging_mixin.py:188} INFO - [2025-11-28T07:14:49.138+0000] {dag.py:3823} INFO - Setting next_dagrun for example_setup_teardown to 2025-11-27 00:00:00+00:00, run_after=2025-11-28 00:00:00+00:00
[2025-11-28T07:14:49.151+0000] {processor.py:183} INFO - Processing /home/airflow/.local/lib/python3.8/site-packages/airflow/example_dags/example_setup_teardown.py took 0.080 seconds
[2025-11-28T07:15:19.388+0000] {processor.py:161} INFO - Started process (PID=2563) to work on /home/airflow/.local/lib/python3.8/site-packages/airflow/example_dags/example_setup_teardown.py
[2025-11-28T07:15:19.389+0000] {processor.py:830} INFO - Processing file /home/airflow/.local/lib/python3.8/site-packages/airflow/example_dags/example_setup_teardown.py for tasks to queue
[2025-11-28T07:15:19.392+0000] {logging_mixin.py:188} INFO - [2025-11-28T07:15:19.391+0000] {dagbag.py:538} INFO - Filling up the DagBag from /home/airflow/.local/lib/python3.8/site-packages/airflow/example_dags/example_setup_teardown.py
[2025-11-28T07:15:19.401+0000] {processor.py:840} INFO - DAG(s) 'example_setup_teardown' retrieved from /home/airflow/.local/lib/python3.8/site-packages/airflow/example_dags/example_setup_teardown.py
[2025-11-28T07:15:19.427+0000] {logging_mixin.py:188} INFO - [2025-11-28T07:15:19.427+0000] {dag.py:3036} INFO - Sync 1 DAGs
[2025-11-28T07:15:19.595+0000] {logging_mixin.py:188} INFO - [2025-11-28T07:15:19.595+0000] {dag.py:3823} INFO - Setting next_dagrun for example_setup_teardown to 2025-11-27 00:00:00+00:00, run_after=2025-11-28 00:00:00+00:00
[2025-11-28T07:15:19.627+0000] {processor.py:183} INFO - Processing /home/airflow/.local/lib/python3.8/site-packages/airflow/example_dags/example_setup_teardown.py took 0.242 seconds
[2025-11-28T07:15:50.191+0000] {processor.py:161} INFO - Started process (PID=2618) to work on /home/airflow/.local/lib/python3.8/site-packages/airflow/example_dags/example_setup_teardown.py
[2025-11-28T07:15:50.194+0000] {processor.py:830} INFO - Processing file /home/airflow/.local/lib/python3.8/site-packages/airflow/example_dags/example_setup_teardown.py for tasks to queue
[2025-11-28T07:15:50.197+0000] {logging_mixin.py:188} INFO - [2025-11-28T07:15:50.197+0000] {dagbag.py:538} INFO - Filling up the DagBag from /home/airflow/.local/lib/python3.8/site-packages/airflow/example_dags/example_setup_teardown.py
[2025-11-28T07:15:50.208+0000] {processor.py:840} INFO - DAG(s) 'example_setup_teardown' retrieved from /home/airflow/.local/lib/python3.8/site-packages/airflow/example_dags/example_setup_teardown.py
[2025-11-28T07:15:50.227+0000] {logging_mixin.py:188} INFO - [2025-11-28T07:15:50.227+0000] {dag.py:3036} INFO - Sync 1 DAGs
[2025-11-28T07:15:50.352+0000] {logging_mixin.py:188} INFO - [2025-11-28T07:15:50.352+0000] {dag.py:3823} INFO - Setting next_dagrun for example_setup_teardown to 2025-11-27 00:00:00+00:00, run_after=2025-11-28 00:00:00+00:00
[2025-11-28T07:15:50.367+0000] {processor.py:183} INFO - Processing /home/airflow/.local/lib/python3.8/site-packages/airflow/example_dags/example_setup_teardown.py took 0.180 seconds
[2025-11-28T07:16:20.741+0000] {processor.py:161} INFO - Started process (PID=2673) to work on /home/airflow/.local/lib/python3.8/site-packages/airflow/example_dags/example_setup_teardown.py
[2025-11-28T07:16:20.742+0000] {processor.py:830} INFO - Processing file /home/airflow/.local/lib/python3.8/site-packages/airflow/example_dags/example_setup_teardown.py for tasks to queue
[2025-11-28T07:16:20.745+0000] {logging_mixin.py:188} INFO - [2025-11-28T07:16:20.745+0000] {dagbag.py:538} INFO - Filling up the DagBag from /home/airflow/.local/lib/python3.8/site-packages/airflow/example_dags/example_setup_teardown.py
[2025-11-28T07:16:20.752+0000] {processor.py:840} INFO - DAG(s) 'example_setup_teardown' retrieved from /home/airflow/.local/lib/python3.8/site-packages/airflow/example_dags/example_setup_teardown.py
[2025-11-28T07:16:20.777+0000] {logging_mixin.py:188} INFO - [2025-11-28T07:16:20.776+0000] {dag.py:3036} INFO - Sync 1 DAGs
[2025-11-28T07:16:20.919+0000] {logging_mixin.py:188} INFO - [2025-11-28T07:16:20.919+0000] {dag.py:3823} INFO - Setting next_dagrun for example_setup_teardown to 2025-11-27 00:00:00+00:00, run_after=2025-11-28 00:00:00+00:00
[2025-11-28T07:16:20.935+0000] {processor.py:183} INFO - Processing /home/airflow/.local/lib/python3.8/site-packages/airflow/example_dags/example_setup_teardown.py took 0.199 seconds
[2025-11-28T07:16:51.519+0000] {processor.py:161} INFO - Started process (PID=2728) to work on /home/airflow/.local/lib/python3.8/site-packages/airflow/example_dags/example_setup_teardown.py
[2025-11-28T07:16:51.521+0000] {processor.py:830} INFO - Processing file /home/airflow/.local/lib/python3.8/site-packages/airflow/example_dags/example_setup_teardown.py for tasks to queue
[2025-11-28T07:16:51.523+0000] {logging_mixin.py:188} INFO - [2025-11-28T07:16:51.523+0000] {dagbag.py:538} INFO - Filling up the DagBag from /home/airflow/.local/lib/python3.8/site-packages/airflow/example_dags/example_setup_teardown.py
[2025-11-28T07:16:51.530+0000] {processor.py:840} INFO - DAG(s) 'example_setup_teardown' retrieved from /home/airflow/.local/lib/python3.8/site-packages/airflow/example_dags/example_setup_teardown.py
[2025-11-28T07:16:51.549+0000] {logging_mixin.py:188} INFO - [2025-11-28T07:16:51.549+0000] {dag.py:3036} INFO - Sync 1 DAGs
[2025-11-28T07:16:51.567+0000] {logging_mixin.py:188} INFO - [2025-11-28T07:16:51.567+0000] {dag.py:3823} INFO - Setting next_dagrun for example_setup_teardown to 2025-11-27 00:00:00+00:00, run_after=2025-11-28 00:00:00+00:00
[2025-11-28T07:16:51.585+0000] {processor.py:183} INFO - Processing /home/airflow/.local/lib/python3.8/site-packages/airflow/example_dags/example_setup_teardown.py took 0.070 seconds
[2025-11-28T07:17:21.650+0000] {processor.py:161} INFO - Started process (PID=2783) to work on /home/airflow/.local/lib/python3.8/site-packages/airflow/example_dags/example_setup_teardown.py
[2025-11-28T07:17:21.651+0000] {processor.py:830} INFO - Processing file /home/airflow/.local/lib/python3.8/site-packages/airflow/example_dags/example_setup_teardown.py for tasks to queue
[2025-11-28T07:17:21.653+0000] {logging_mixin.py:188} INFO - [2025-11-28T07:17:21.653+0000] {dagbag.py:538} INFO - Filling up the DagBag from /home/airflow/.local/lib/python3.8/site-packages/airflow/example_dags/example_setup_teardown.py
[2025-11-28T07:17:21.658+0000] {processor.py:840} INFO - DAG(s) 'example_setup_teardown' retrieved from /home/airflow/.local/lib/python3.8/site-packages/airflow/example_dags/example_setup_teardown.py
[2025-11-28T07:17:21.679+0000] {logging_mixin.py:188} INFO - [2025-11-28T07:17:21.678+0000] {dag.py:3036} INFO - Sync 1 DAGs
[2025-11-28T07:17:21.697+0000] {logging_mixin.py:188} INFO - [2025-11-28T07:17:21.697+0000] {dag.py:3823} INFO - Setting next_dagrun for example_setup_teardown to 2025-11-27 00:00:00+00:00, run_after=2025-11-28 00:00:00+00:00
[2025-11-28T07:17:21.714+0000] {processor.py:183} INFO - Processing /home/airflow/.local/lib/python3.8/site-packages/airflow/example_dags/example_setup_teardown.py took 0.067 seconds
[2025-11-28T07:17:51.801+0000] {processor.py:161} INFO - Started process (PID=2838) to work on /home/airflow/.local/lib/python3.8/site-packages/airflow/example_dags/example_setup_teardown.py
[2025-11-28T07:17:51.803+0000] {processor.py:830} INFO - Processing file /home/airflow/.local/lib/python3.8/site-packages/airflow/example_dags/example_setup_teardown.py for tasks to queue
[2025-11-28T07:17:51.806+0000] {logging_mixin.py:188} INFO - [2025-11-28T07:17:51.805+0000] {dagbag.py:538} INFO - Filling up the DagBag from /home/airflow/.local/lib/python3.8/site-packages/airflow/example_dags/example_setup_teardown.py
[2025-11-28T07:17:51.811+0000] {processor.py:840} INFO - DAG(s) 'example_setup_teardown' retrieved from /home/airflow/.local/lib/python3.8/site-packages/airflow/example_dags/example_setup_teardown.py
[2025-11-28T07:17:51.831+0000] {logging_mixin.py:188} INFO - [2025-11-28T07:17:51.831+0000] {dag.py:3036} INFO - Sync 1 DAGs
[2025-11-28T07:17:51.854+0000] {logging_mixin.py:188} INFO - [2025-11-28T07:17:51.854+0000] {dag.py:3823} INFO - Setting next_dagrun for example_setup_teardown to 2025-11-27 00:00:00+00:00, run_after=2025-11-28 00:00:00+00:00
[2025-11-28T07:17:51.875+0000] {processor.py:183} INFO - Processing /home/airflow/.local/lib/python3.8/site-packages/airflow/example_dags/example_setup_teardown.py took 0.077 seconds
[2025-11-28T07:18:22.507+0000] {processor.py:161} INFO - Started process (PID=2893) to work on /home/airflow/.local/lib/python3.8/site-packages/airflow/example_dags/example_setup_teardown.py
[2025-11-28T07:18:22.509+0000] {processor.py:830} INFO - Processing file /home/airflow/.local/lib/python3.8/site-packages/airflow/example_dags/example_setup_teardown.py for tasks to queue
[2025-11-28T07:18:22.514+0000] {logging_mixin.py:188} INFO - [2025-11-28T07:18:22.513+0000] {dagbag.py:538} INFO - Filling up the DagBag from /home/airflow/.local/lib/python3.8/site-packages/airflow/example_dags/example_setup_teardown.py
[2025-11-28T07:18:22.522+0000] {processor.py:840} INFO - DAG(s) 'example_setup_teardown' retrieved from /home/airflow/.local/lib/python3.8/site-packages/airflow/example_dags/example_setup_teardown.py
[2025-11-28T07:18:22.565+0000] {logging_mixin.py:188} INFO - [2025-11-28T07:18:22.564+0000] {dag.py:3036} INFO - Sync 1 DAGs
[2025-11-28T07:18:22.590+0000] {logging_mixin.py:188} INFO - [2025-11-28T07:18:22.589+0000] {dag.py:3823} INFO - Setting next_dagrun for example_setup_teardown to 2025-11-27 00:00:00+00:00, run_after=2025-11-28 00:00:00+00:00
[2025-11-28T07:18:22.606+0000] {processor.py:183} INFO - Processing /home/airflow/.local/lib/python3.8/site-packages/airflow/example_dags/example_setup_teardown.py took 0.102 seconds
[2025-11-28T07:18:52.799+0000] {processor.py:161} INFO - Started process (PID=2948) to work on /home/airflow/.local/lib/python3.8/site-packages/airflow/example_dags/example_setup_teardown.py
[2025-11-28T07:18:52.801+0000] {processor.py:830} INFO - Processing file /home/airflow/.local/lib/python3.8/site-packages/airflow/example_dags/example_setup_teardown.py for tasks to queue
[2025-11-28T07:18:52.805+0000] {logging_mixin.py:188} INFO - [2025-11-28T07:18:52.805+0000] {dagbag.py:538} INFO - Filling up the DagBag from /home/airflow/.local/lib/python3.8/site-packages/airflow/example_dags/example_setup_teardown.py
[2025-11-28T07:18:52.815+0000] {processor.py:840} INFO - DAG(s) 'example_setup_teardown' retrieved from /home/airflow/.local/lib/python3.8/site-packages/airflow/example_dags/example_setup_teardown.py
[2025-11-28T07:18:52.854+0000] {logging_mixin.py:188} INFO - [2025-11-28T07:18:52.854+0000] {dag.py:3036} INFO - Sync 1 DAGs
[2025-11-28T07:18:52.890+0000] {logging_mixin.py:188} INFO - [2025-11-28T07:18:52.889+0000] {dag.py:3823} INFO - Setting next_dagrun for example_setup_teardown to 2025-11-27 00:00:00+00:00, run_after=2025-11-28 00:00:00+00:00
[2025-11-28T07:18:52.925+0000] {processor.py:183} INFO - Processing /home/airflow/.local/lib/python3.8/site-packages/airflow/example_dags/example_setup_teardown.py took 0.133 seconds
[2025-11-28T07:19:23.205+0000] {processor.py:161} INFO - Started process (PID=3002) to work on /home/airflow/.local/lib/python3.8/site-packages/airflow/example_dags/example_setup_teardown.py
[2025-11-28T07:19:23.206+0000] {processor.py:830} INFO - Processing file /home/airflow/.local/lib/python3.8/site-packages/airflow/example_dags/example_setup_teardown.py for tasks to queue
[2025-11-28T07:19:23.209+0000] {logging_mixin.py:188} INFO - [2025-11-28T07:19:23.209+0000] {dagbag.py:538} INFO - Filling up the DagBag from /home/airflow/.local/lib/python3.8/site-packages/airflow/example_dags/example_setup_teardown.py
[2025-11-28T07:19:23.221+0000] {processor.py:840} INFO - DAG(s) 'example_setup_teardown' retrieved from /home/airflow/.local/lib/python3.8/site-packages/airflow/example_dags/example_setup_teardown.py
[2025-11-28T07:19:23.249+0000] {logging_mixin.py:188} INFO - [2025-11-28T07:19:23.248+0000] {dag.py:3036} INFO - Sync 1 DAGs
[2025-11-28T07:19:23.298+0000] {logging_mixin.py:188} INFO - [2025-11-28T07:19:23.297+0000] {dag.py:3823} INFO - Setting next_dagrun for example_setup_teardown to 2025-11-27 00:00:00+00:00, run_after=2025-11-28 00:00:00+00:00
[2025-11-28T07:19:23.338+0000] {processor.py:183} INFO - Processing /home/airflow/.local/lib/python3.8/site-packages/airflow/example_dags/example_setup_teardown.py took 0.137 seconds
