[2025-11-28T06:52:25.578+0000] {processor.py:161} INFO - Started process (PID=85) to work on /home/airflow/.local/lib/python3.8/site-packages/airflow/example_dags/example_nested_branch_dag.py
[2025-11-28T06:52:25.580+0000] {processor.py:830} INFO - Processing file /home/airflow/.local/lib/python3.8/site-packages/airflow/example_dags/example_nested_branch_dag.py for tasks to queue
[2025-11-28T06:52:25.582+0000] {logging_mixin.py:188} INFO - [2025-11-28T06:52:25.582+0000] {dagbag.py:538} INFO - Filling up the DagBag from /home/airflow/.local/lib/python3.8/site-packages/airflow/example_dags/example_nested_branch_dag.py
[2025-11-28T06:52:25.599+0000] {processor.py:840} INFO - DAG(s) 'example_nested_branch_dag' retrieved from /home/airflow/.local/lib/python3.8/site-packages/airflow/example_dags/example_nested_branch_dag.py
[2025-11-28T06:52:25.724+0000] {logging_mixin.py:188} INFO - [2025-11-28T06:52:25.723+0000] {override.py:1769} INFO - Created Permission View: can edit on DAG:example_nested_branch_dag
[2025-11-28T06:52:25.737+0000] {logging_mixin.py:188} INFO - [2025-11-28T06:52:25.737+0000] {override.py:1769} INFO - Created Permission View: can delete on DAG:example_nested_branch_dag
[2025-11-28T06:52:25.745+0000] {logging_mixin.py:188} INFO - [2025-11-28T06:52:25.745+0000] {override.py:1769} INFO - Created Permission View: can read on DAG:example_nested_branch_dag
[2025-11-28T06:52:25.746+0000] {logging_mixin.py:188} INFO - [2025-11-28T06:52:25.746+0000] {dag.py:3036} INFO - Sync 1 DAGs
[2025-11-28T06:52:25.760+0000] {logging_mixin.py:188} INFO - [2025-11-28T06:52:25.760+0000] {dag.py:3058} INFO - Creating ORM DAG for example_nested_branch_dag
[2025-11-28T06:52:25.772+0000] {logging_mixin.py:188} INFO - [2025-11-28T06:52:25.772+0000] {dag.py:3823} INFO - Setting next_dagrun for example_nested_branch_dag to 2025-11-27 00:00:00+00:00, run_after=2025-11-28 00:00:00+00:00
[2025-11-28T06:52:25.798+0000] {processor.py:183} INFO - Processing /home/airflow/.local/lib/python3.8/site-packages/airflow/example_dags/example_nested_branch_dag.py took 0.226 seconds
[2025-11-28T06:52:56.152+0000] {processor.py:161} INFO - Started process (PID=134) to work on /home/airflow/.local/lib/python3.8/site-packages/airflow/example_dags/example_nested_branch_dag.py
[2025-11-28T06:52:56.155+0000] {processor.py:830} INFO - Processing file /home/airflow/.local/lib/python3.8/site-packages/airflow/example_dags/example_nested_branch_dag.py for tasks to queue
[2025-11-28T06:52:56.158+0000] {logging_mixin.py:188} INFO - [2025-11-28T06:52:56.158+0000] {dagbag.py:538} INFO - Filling up the DagBag from /home/airflow/.local/lib/python3.8/site-packages/airflow/example_dags/example_nested_branch_dag.py
[2025-11-28T06:52:56.179+0000] {processor.py:840} INFO - DAG(s) 'example_nested_branch_dag' retrieved from /home/airflow/.local/lib/python3.8/site-packages/airflow/example_dags/example_nested_branch_dag.py
[2025-11-28T06:52:56.201+0000] {logging_mixin.py:188} INFO - [2025-11-28T06:52:56.200+0000] {dag.py:3036} INFO - Sync 1 DAGs
[2025-11-28T06:52:56.228+0000] {logging_mixin.py:188} INFO - [2025-11-28T06:52:56.228+0000] {dag.py:3823} INFO - Setting next_dagrun for example_nested_branch_dag to 2025-11-27 00:00:00+00:00, run_after=2025-11-28 00:00:00+00:00
[2025-11-28T06:52:56.249+0000] {processor.py:183} INFO - Processing /home/airflow/.local/lib/python3.8/site-packages/airflow/example_dags/example_nested_branch_dag.py took 0.104 seconds
[2025-11-28T06:53:26.922+0000] {processor.py:161} INFO - Started process (PID=195) to work on /home/airflow/.local/lib/python3.8/site-packages/airflow/example_dags/example_nested_branch_dag.py
[2025-11-28T06:53:26.926+0000] {processor.py:830} INFO - Processing file /home/airflow/.local/lib/python3.8/site-packages/airflow/example_dags/example_nested_branch_dag.py for tasks to queue
[2025-11-28T06:53:26.930+0000] {logging_mixin.py:188} INFO - [2025-11-28T06:53:26.929+0000] {dagbag.py:538} INFO - Filling up the DagBag from /home/airflow/.local/lib/python3.8/site-packages/airflow/example_dags/example_nested_branch_dag.py
[2025-11-28T06:53:26.939+0000] {processor.py:840} INFO - DAG(s) 'example_nested_branch_dag' retrieved from /home/airflow/.local/lib/python3.8/site-packages/airflow/example_dags/example_nested_branch_dag.py
[2025-11-28T06:53:26.966+0000] {logging_mixin.py:188} INFO - [2025-11-28T06:53:26.963+0000] {dag.py:3036} INFO - Sync 1 DAGs
[2025-11-28T06:53:26.988+0000] {logging_mixin.py:188} INFO - [2025-11-28T06:53:26.988+0000] {dag.py:3823} INFO - Setting next_dagrun for example_nested_branch_dag to 2025-11-27 00:00:00+00:00, run_after=2025-11-28 00:00:00+00:00
[2025-11-28T06:53:27.014+0000] {processor.py:183} INFO - Processing /home/airflow/.local/lib/python3.8/site-packages/airflow/example_dags/example_nested_branch_dag.py took 0.095 seconds
[2025-11-28T06:53:57.134+0000] {processor.py:161} INFO - Started process (PID=250) to work on /home/airflow/.local/lib/python3.8/site-packages/airflow/example_dags/example_nested_branch_dag.py
[2025-11-28T06:53:57.136+0000] {processor.py:830} INFO - Processing file /home/airflow/.local/lib/python3.8/site-packages/airflow/example_dags/example_nested_branch_dag.py for tasks to queue
[2025-11-28T06:53:57.138+0000] {logging_mixin.py:188} INFO - [2025-11-28T06:53:57.138+0000] {dagbag.py:538} INFO - Filling up the DagBag from /home/airflow/.local/lib/python3.8/site-packages/airflow/example_dags/example_nested_branch_dag.py
[2025-11-28T06:53:57.145+0000] {processor.py:840} INFO - DAG(s) 'example_nested_branch_dag' retrieved from /home/airflow/.local/lib/python3.8/site-packages/airflow/example_dags/example_nested_branch_dag.py
[2025-11-28T06:53:57.168+0000] {logging_mixin.py:188} INFO - [2025-11-28T06:53:57.168+0000] {dag.py:3036} INFO - Sync 1 DAGs
[2025-11-28T06:53:57.193+0000] {logging_mixin.py:188} INFO - [2025-11-28T06:53:57.193+0000] {dag.py:3823} INFO - Setting next_dagrun for example_nested_branch_dag to 2025-11-27 00:00:00+00:00, run_after=2025-11-28 00:00:00+00:00
[2025-11-28T06:53:57.214+0000] {processor.py:183} INFO - Processing /home/airflow/.local/lib/python3.8/site-packages/airflow/example_dags/example_nested_branch_dag.py took 0.082 seconds
[2025-11-28T06:54:27.518+0000] {processor.py:161} INFO - Started process (PID=305) to work on /home/airflow/.local/lib/python3.8/site-packages/airflow/example_dags/example_nested_branch_dag.py
[2025-11-28T06:54:27.519+0000] {processor.py:830} INFO - Processing file /home/airflow/.local/lib/python3.8/site-packages/airflow/example_dags/example_nested_branch_dag.py for tasks to queue
[2025-11-28T06:54:27.522+0000] {logging_mixin.py:188} INFO - [2025-11-28T06:54:27.522+0000] {dagbag.py:538} INFO - Filling up the DagBag from /home/airflow/.local/lib/python3.8/site-packages/airflow/example_dags/example_nested_branch_dag.py
[2025-11-28T06:54:27.530+0000] {processor.py:840} INFO - DAG(s) 'example_nested_branch_dag' retrieved from /home/airflow/.local/lib/python3.8/site-packages/airflow/example_dags/example_nested_branch_dag.py
[2025-11-28T06:54:27.548+0000] {logging_mixin.py:188} INFO - [2025-11-28T06:54:27.547+0000] {dag.py:3036} INFO - Sync 1 DAGs
[2025-11-28T06:54:27.566+0000] {logging_mixin.py:188} INFO - [2025-11-28T06:54:27.566+0000] {dag.py:3823} INFO - Setting next_dagrun for example_nested_branch_dag to 2025-11-27 00:00:00+00:00, run_after=2025-11-28 00:00:00+00:00
[2025-11-28T06:54:27.582+0000] {processor.py:183} INFO - Processing /home/airflow/.local/lib/python3.8/site-packages/airflow/example_dags/example_nested_branch_dag.py took 0.066 seconds
[2025-11-28T06:54:58.172+0000] {processor.py:161} INFO - Started process (PID=360) to work on /home/airflow/.local/lib/python3.8/site-packages/airflow/example_dags/example_nested_branch_dag.py
[2025-11-28T06:54:58.176+0000] {processor.py:830} INFO - Processing file /home/airflow/.local/lib/python3.8/site-packages/airflow/example_dags/example_nested_branch_dag.py for tasks to queue
[2025-11-28T06:54:58.178+0000] {logging_mixin.py:188} INFO - [2025-11-28T06:54:58.178+0000] {dagbag.py:538} INFO - Filling up the DagBag from /home/airflow/.local/lib/python3.8/site-packages/airflow/example_dags/example_nested_branch_dag.py
[2025-11-28T06:54:58.186+0000] {processor.py:840} INFO - DAG(s) 'example_nested_branch_dag' retrieved from /home/airflow/.local/lib/python3.8/site-packages/airflow/example_dags/example_nested_branch_dag.py
[2025-11-28T06:54:58.199+0000] {logging_mixin.py:188} INFO - [2025-11-28T06:54:58.199+0000] {dag.py:3036} INFO - Sync 1 DAGs
[2025-11-28T06:54:58.219+0000] {logging_mixin.py:188} INFO - [2025-11-28T06:54:58.219+0000] {dag.py:3823} INFO - Setting next_dagrun for example_nested_branch_dag to 2025-11-27 00:00:00+00:00, run_after=2025-11-28 00:00:00+00:00
[2025-11-28T06:54:58.236+0000] {processor.py:183} INFO - Processing /home/airflow/.local/lib/python3.8/site-packages/airflow/example_dags/example_nested_branch_dag.py took 0.067 seconds
[2025-11-28T06:55:28.495+0000] {processor.py:161} INFO - Started process (PID=415) to work on /home/airflow/.local/lib/python3.8/site-packages/airflow/example_dags/example_nested_branch_dag.py
[2025-11-28T06:55:28.498+0000] {processor.py:830} INFO - Processing file /home/airflow/.local/lib/python3.8/site-packages/airflow/example_dags/example_nested_branch_dag.py for tasks to queue
[2025-11-28T06:55:28.500+0000] {logging_mixin.py:188} INFO - [2025-11-28T06:55:28.499+0000] {dagbag.py:538} INFO - Filling up the DagBag from /home/airflow/.local/lib/python3.8/site-packages/airflow/example_dags/example_nested_branch_dag.py
[2025-11-28T06:55:28.507+0000] {processor.py:840} INFO - DAG(s) 'example_nested_branch_dag' retrieved from /home/airflow/.local/lib/python3.8/site-packages/airflow/example_dags/example_nested_branch_dag.py
[2025-11-28T06:55:28.586+0000] {logging_mixin.py:188} INFO - [2025-11-28T06:55:28.585+0000] {dag.py:3036} INFO - Sync 1 DAGs
[2025-11-28T06:55:28.608+0000] {logging_mixin.py:188} INFO - [2025-11-28T06:55:28.608+0000] {dag.py:3823} INFO - Setting next_dagrun for example_nested_branch_dag to 2025-11-27 00:00:00+00:00, run_after=2025-11-28 00:00:00+00:00
[2025-11-28T06:55:28.624+0000] {processor.py:183} INFO - Processing /home/airflow/.local/lib/python3.8/site-packages/airflow/example_dags/example_nested_branch_dag.py took 0.135 seconds
[2025-11-28T06:55:58.726+0000] {processor.py:161} INFO - Started process (PID=469) to work on /home/airflow/.local/lib/python3.8/site-packages/airflow/example_dags/example_nested_branch_dag.py
[2025-11-28T06:55:58.731+0000] {processor.py:830} INFO - Processing file /home/airflow/.local/lib/python3.8/site-packages/airflow/example_dags/example_nested_branch_dag.py for tasks to queue
[2025-11-28T06:55:58.738+0000] {logging_mixin.py:188} INFO - [2025-11-28T06:55:58.737+0000] {dagbag.py:538} INFO - Filling up the DagBag from /home/airflow/.local/lib/python3.8/site-packages/airflow/example_dags/example_nested_branch_dag.py
[2025-11-28T06:55:58.754+0000] {processor.py:840} INFO - DAG(s) 'example_nested_branch_dag' retrieved from /home/airflow/.local/lib/python3.8/site-packages/airflow/example_dags/example_nested_branch_dag.py
[2025-11-28T06:55:58.783+0000] {logging_mixin.py:188} INFO - [2025-11-28T06:55:58.783+0000] {dag.py:3036} INFO - Sync 1 DAGs
[2025-11-28T06:55:58.805+0000] {logging_mixin.py:188} INFO - [2025-11-28T06:55:58.805+0000] {dag.py:3823} INFO - Setting next_dagrun for example_nested_branch_dag to 2025-11-27 00:00:00+00:00, run_after=2025-11-28 00:00:00+00:00
[2025-11-28T06:55:58.823+0000] {processor.py:183} INFO - Processing /home/airflow/.local/lib/python3.8/site-packages/airflow/example_dags/example_nested_branch_dag.py took 0.102 seconds
[2025-11-28T06:56:29.060+0000] {processor.py:161} INFO - Started process (PID=525) to work on /home/airflow/.local/lib/python3.8/site-packages/airflow/example_dags/example_nested_branch_dag.py
[2025-11-28T06:56:29.061+0000] {processor.py:830} INFO - Processing file /home/airflow/.local/lib/python3.8/site-packages/airflow/example_dags/example_nested_branch_dag.py for tasks to queue
[2025-11-28T06:56:29.063+0000] {logging_mixin.py:188} INFO - [2025-11-28T06:56:29.063+0000] {dagbag.py:538} INFO - Filling up the DagBag from /home/airflow/.local/lib/python3.8/site-packages/airflow/example_dags/example_nested_branch_dag.py
[2025-11-28T06:56:29.070+0000] {processor.py:840} INFO - DAG(s) 'example_nested_branch_dag' retrieved from /home/airflow/.local/lib/python3.8/site-packages/airflow/example_dags/example_nested_branch_dag.py
[2025-11-28T06:56:29.088+0000] {logging_mixin.py:188} INFO - [2025-11-28T06:56:29.088+0000] {dag.py:3036} INFO - Sync 1 DAGs
[2025-11-28T06:56:29.105+0000] {logging_mixin.py:188} INFO - [2025-11-28T06:56:29.105+0000] {dag.py:3823} INFO - Setting next_dagrun for example_nested_branch_dag to 2025-11-27 00:00:00+00:00, run_after=2025-11-28 00:00:00+00:00
[2025-11-28T06:56:29.124+0000] {processor.py:183} INFO - Processing /home/airflow/.local/lib/python3.8/site-packages/airflow/example_dags/example_nested_branch_dag.py took 0.066 seconds
[2025-11-28T06:56:59.534+0000] {processor.py:161} INFO - Started process (PID=580) to work on /home/airflow/.local/lib/python3.8/site-packages/airflow/example_dags/example_nested_branch_dag.py
[2025-11-28T06:56:59.537+0000] {processor.py:830} INFO - Processing file /home/airflow/.local/lib/python3.8/site-packages/airflow/example_dags/example_nested_branch_dag.py for tasks to queue
[2025-11-28T06:56:59.539+0000] {logging_mixin.py:188} INFO - [2025-11-28T06:56:59.539+0000] {dagbag.py:538} INFO - Filling up the DagBag from /home/airflow/.local/lib/python3.8/site-packages/airflow/example_dags/example_nested_branch_dag.py
[2025-11-28T06:56:59.546+0000] {processor.py:840} INFO - DAG(s) 'example_nested_branch_dag' retrieved from /home/airflow/.local/lib/python3.8/site-packages/airflow/example_dags/example_nested_branch_dag.py
[2025-11-28T06:56:59.563+0000] {logging_mixin.py:188} INFO - [2025-11-28T06:56:59.563+0000] {dag.py:3036} INFO - Sync 1 DAGs
[2025-11-28T06:56:59.578+0000] {logging_mixin.py:188} INFO - [2025-11-28T06:56:59.578+0000] {dag.py:3823} INFO - Setting next_dagrun for example_nested_branch_dag to 2025-11-27 00:00:00+00:00, run_after=2025-11-28 00:00:00+00:00
[2025-11-28T06:56:59.595+0000] {processor.py:183} INFO - Processing /home/airflow/.local/lib/python3.8/site-packages/airflow/example_dags/example_nested_branch_dag.py took 0.063 seconds
[2025-11-28T06:57:30.235+0000] {processor.py:161} INFO - Started process (PID=635) to work on /home/airflow/.local/lib/python3.8/site-packages/airflow/example_dags/example_nested_branch_dag.py
[2025-11-28T06:57:30.238+0000] {processor.py:830} INFO - Processing file /home/airflow/.local/lib/python3.8/site-packages/airflow/example_dags/example_nested_branch_dag.py for tasks to queue
[2025-11-28T06:57:30.244+0000] {logging_mixin.py:188} INFO - [2025-11-28T06:57:30.244+0000] {dagbag.py:538} INFO - Filling up the DagBag from /home/airflow/.local/lib/python3.8/site-packages/airflow/example_dags/example_nested_branch_dag.py
[2025-11-28T06:57:30.253+0000] {processor.py:840} INFO - DAG(s) 'example_nested_branch_dag' retrieved from /home/airflow/.local/lib/python3.8/site-packages/airflow/example_dags/example_nested_branch_dag.py
[2025-11-28T06:57:30.272+0000] {logging_mixin.py:188} INFO - [2025-11-28T06:57:30.272+0000] {dag.py:3036} INFO - Sync 1 DAGs
[2025-11-28T06:57:30.288+0000] {logging_mixin.py:188} INFO - [2025-11-28T06:57:30.288+0000] {dag.py:3823} INFO - Setting next_dagrun for example_nested_branch_dag to 2025-11-27 00:00:00+00:00, run_after=2025-11-28 00:00:00+00:00
[2025-11-28T06:57:30.306+0000] {processor.py:183} INFO - Processing /home/airflow/.local/lib/python3.8/site-packages/airflow/example_dags/example_nested_branch_dag.py took 0.078 seconds
[2025-11-28T06:58:00.802+0000] {processor.py:161} INFO - Started process (PID=690) to work on /home/airflow/.local/lib/python3.8/site-packages/airflow/example_dags/example_nested_branch_dag.py
[2025-11-28T06:58:00.804+0000] {processor.py:830} INFO - Processing file /home/airflow/.local/lib/python3.8/site-packages/airflow/example_dags/example_nested_branch_dag.py for tasks to queue
[2025-11-28T06:58:00.808+0000] {logging_mixin.py:188} INFO - [2025-11-28T06:58:00.808+0000] {dagbag.py:538} INFO - Filling up the DagBag from /home/airflow/.local/lib/python3.8/site-packages/airflow/example_dags/example_nested_branch_dag.py
[2025-11-28T06:58:00.823+0000] {processor.py:840} INFO - DAG(s) 'example_nested_branch_dag' retrieved from /home/airflow/.local/lib/python3.8/site-packages/airflow/example_dags/example_nested_branch_dag.py
[2025-11-28T06:58:00.851+0000] {logging_mixin.py:188} INFO - [2025-11-28T06:58:00.851+0000] {dag.py:3036} INFO - Sync 1 DAGs
[2025-11-28T06:58:00.868+0000] {logging_mixin.py:188} INFO - [2025-11-28T06:58:00.868+0000] {dag.py:3823} INFO - Setting next_dagrun for example_nested_branch_dag to 2025-11-27 00:00:00+00:00, run_after=2025-11-28 00:00:00+00:00
[2025-11-28T06:58:00.886+0000] {processor.py:183} INFO - Processing /home/airflow/.local/lib/python3.8/site-packages/airflow/example_dags/example_nested_branch_dag.py took 0.089 seconds
[2025-11-28T06:58:31.493+0000] {processor.py:161} INFO - Started process (PID=745) to work on /home/airflow/.local/lib/python3.8/site-packages/airflow/example_dags/example_nested_branch_dag.py
[2025-11-28T06:58:31.495+0000] {processor.py:830} INFO - Processing file /home/airflow/.local/lib/python3.8/site-packages/airflow/example_dags/example_nested_branch_dag.py for tasks to queue
[2025-11-28T06:58:31.500+0000] {logging_mixin.py:188} INFO - [2025-11-28T06:58:31.499+0000] {dagbag.py:538} INFO - Filling up the DagBag from /home/airflow/.local/lib/python3.8/site-packages/airflow/example_dags/example_nested_branch_dag.py
[2025-11-28T06:58:31.517+0000] {processor.py:840} INFO - DAG(s) 'example_nested_branch_dag' retrieved from /home/airflow/.local/lib/python3.8/site-packages/airflow/example_dags/example_nested_branch_dag.py
[2025-11-28T06:58:31.545+0000] {logging_mixin.py:188} INFO - [2025-11-28T06:58:31.544+0000] {dag.py:3036} INFO - Sync 1 DAGs
[2025-11-28T06:58:31.562+0000] {logging_mixin.py:188} INFO - [2025-11-28T06:58:31.561+0000] {dag.py:3823} INFO - Setting next_dagrun for example_nested_branch_dag to 2025-11-27 00:00:00+00:00, run_after=2025-11-28 00:00:00+00:00
[2025-11-28T06:58:31.577+0000] {processor.py:183} INFO - Processing /home/airflow/.local/lib/python3.8/site-packages/airflow/example_dags/example_nested_branch_dag.py took 0.091 seconds
[2025-11-28T06:59:01.922+0000] {processor.py:161} INFO - Started process (PID=800) to work on /home/airflow/.local/lib/python3.8/site-packages/airflow/example_dags/example_nested_branch_dag.py
[2025-11-28T06:59:01.924+0000] {processor.py:830} INFO - Processing file /home/airflow/.local/lib/python3.8/site-packages/airflow/example_dags/example_nested_branch_dag.py for tasks to queue
[2025-11-28T06:59:01.929+0000] {logging_mixin.py:188} INFO - [2025-11-28T06:59:01.928+0000] {dagbag.py:538} INFO - Filling up the DagBag from /home/airflow/.local/lib/python3.8/site-packages/airflow/example_dags/example_nested_branch_dag.py
[2025-11-28T06:59:01.941+0000] {processor.py:840} INFO - DAG(s) 'example_nested_branch_dag' retrieved from /home/airflow/.local/lib/python3.8/site-packages/airflow/example_dags/example_nested_branch_dag.py
[2025-11-28T06:59:01.961+0000] {logging_mixin.py:188} INFO - [2025-11-28T06:59:01.961+0000] {dag.py:3036} INFO - Sync 1 DAGs
[2025-11-28T06:59:01.978+0000] {logging_mixin.py:188} INFO - [2025-11-28T06:59:01.978+0000] {dag.py:3823} INFO - Setting next_dagrun for example_nested_branch_dag to 2025-11-27 00:00:00+00:00, run_after=2025-11-28 00:00:00+00:00
[2025-11-28T06:59:01.998+0000] {processor.py:183} INFO - Processing /home/airflow/.local/lib/python3.8/site-packages/airflow/example_dags/example_nested_branch_dag.py took 0.082 seconds
[2025-11-28T06:59:32.396+0000] {processor.py:161} INFO - Started process (PID=855) to work on /home/airflow/.local/lib/python3.8/site-packages/airflow/example_dags/example_nested_branch_dag.py
[2025-11-28T06:59:32.397+0000] {processor.py:830} INFO - Processing file /home/airflow/.local/lib/python3.8/site-packages/airflow/example_dags/example_nested_branch_dag.py for tasks to queue
[2025-11-28T06:59:32.399+0000] {logging_mixin.py:188} INFO - [2025-11-28T06:59:32.398+0000] {dagbag.py:538} INFO - Filling up the DagBag from /home/airflow/.local/lib/python3.8/site-packages/airflow/example_dags/example_nested_branch_dag.py
[2025-11-28T06:59:32.406+0000] {processor.py:840} INFO - DAG(s) 'example_nested_branch_dag' retrieved from /home/airflow/.local/lib/python3.8/site-packages/airflow/example_dags/example_nested_branch_dag.py
[2025-11-28T06:59:32.427+0000] {logging_mixin.py:188} INFO - [2025-11-28T06:59:32.427+0000] {dag.py:3036} INFO - Sync 1 DAGs
[2025-11-28T06:59:32.447+0000] {logging_mixin.py:188} INFO - [2025-11-28T06:59:32.447+0000] {dag.py:3823} INFO - Setting next_dagrun for example_nested_branch_dag to 2025-11-27 00:00:00+00:00, run_after=2025-11-28 00:00:00+00:00
[2025-11-28T06:59:32.468+0000] {processor.py:183} INFO - Processing /home/airflow/.local/lib/python3.8/site-packages/airflow/example_dags/example_nested_branch_dag.py took 0.074 seconds
[2025-11-28T07:00:02.664+0000] {processor.py:161} INFO - Started process (PID=910) to work on /home/airflow/.local/lib/python3.8/site-packages/airflow/example_dags/example_nested_branch_dag.py
[2025-11-28T07:00:02.667+0000] {processor.py:830} INFO - Processing file /home/airflow/.local/lib/python3.8/site-packages/airflow/example_dags/example_nested_branch_dag.py for tasks to queue
[2025-11-28T07:00:02.669+0000] {logging_mixin.py:188} INFO - [2025-11-28T07:00:02.669+0000] {dagbag.py:538} INFO - Filling up the DagBag from /home/airflow/.local/lib/python3.8/site-packages/airflow/example_dags/example_nested_branch_dag.py
[2025-11-28T07:00:02.676+0000] {processor.py:840} INFO - DAG(s) 'example_nested_branch_dag' retrieved from /home/airflow/.local/lib/python3.8/site-packages/airflow/example_dags/example_nested_branch_dag.py
[2025-11-28T07:00:02.693+0000] {logging_mixin.py:188} INFO - [2025-11-28T07:00:02.693+0000] {dag.py:3036} INFO - Sync 1 DAGs
[2025-11-28T07:00:02.708+0000] {logging_mixin.py:188} INFO - [2025-11-28T07:00:02.707+0000] {dag.py:3823} INFO - Setting next_dagrun for example_nested_branch_dag to 2025-11-27 00:00:00+00:00, run_after=2025-11-28 00:00:00+00:00
[2025-11-28T07:00:02.724+0000] {processor.py:183} INFO - Processing /home/airflow/.local/lib/python3.8/site-packages/airflow/example_dags/example_nested_branch_dag.py took 0.063 seconds
[2025-11-28T07:00:33.279+0000] {processor.py:161} INFO - Started process (PID=965) to work on /home/airflow/.local/lib/python3.8/site-packages/airflow/example_dags/example_nested_branch_dag.py
[2025-11-28T07:00:33.281+0000] {processor.py:830} INFO - Processing file /home/airflow/.local/lib/python3.8/site-packages/airflow/example_dags/example_nested_branch_dag.py for tasks to queue
[2025-11-28T07:00:33.284+0000] {logging_mixin.py:188} INFO - [2025-11-28T07:00:33.284+0000] {dagbag.py:538} INFO - Filling up the DagBag from /home/airflow/.local/lib/python3.8/site-packages/airflow/example_dags/example_nested_branch_dag.py
[2025-11-28T07:00:33.316+0000] {processor.py:840} INFO - DAG(s) 'example_nested_branch_dag' retrieved from /home/airflow/.local/lib/python3.8/site-packages/airflow/example_dags/example_nested_branch_dag.py
[2025-11-28T07:00:33.359+0000] {logging_mixin.py:188} INFO - [2025-11-28T07:00:33.358+0000] {dag.py:3036} INFO - Sync 1 DAGs
[2025-11-28T07:00:33.409+0000] {logging_mixin.py:188} INFO - [2025-11-28T07:00:33.409+0000] {dag.py:3823} INFO - Setting next_dagrun for example_nested_branch_dag to 2025-11-27 00:00:00+00:00, run_after=2025-11-28 00:00:00+00:00
[2025-11-28T07:00:33.448+0000] {processor.py:183} INFO - Processing /home/airflow/.local/lib/python3.8/site-packages/airflow/example_dags/example_nested_branch_dag.py took 0.179 seconds
[2025-11-28T07:01:03.573+0000] {processor.py:161} INFO - Started process (PID=1020) to work on /home/airflow/.local/lib/python3.8/site-packages/airflow/example_dags/example_nested_branch_dag.py
[2025-11-28T07:01:03.575+0000] {processor.py:830} INFO - Processing file /home/airflow/.local/lib/python3.8/site-packages/airflow/example_dags/example_nested_branch_dag.py for tasks to queue
[2025-11-28T07:01:03.576+0000] {logging_mixin.py:188} INFO - [2025-11-28T07:01:03.576+0000] {dagbag.py:538} INFO - Filling up the DagBag from /home/airflow/.local/lib/python3.8/site-packages/airflow/example_dags/example_nested_branch_dag.py
[2025-11-28T07:01:03.593+0000] {processor.py:840} INFO - DAG(s) 'example_nested_branch_dag' retrieved from /home/airflow/.local/lib/python3.8/site-packages/airflow/example_dags/example_nested_branch_dag.py
[2025-11-28T07:01:03.627+0000] {logging_mixin.py:188} INFO - [2025-11-28T07:01:03.626+0000] {dag.py:3036} INFO - Sync 1 DAGs
[2025-11-28T07:01:03.661+0000] {logging_mixin.py:188} INFO - [2025-11-28T07:01:03.661+0000] {dag.py:3823} INFO - Setting next_dagrun for example_nested_branch_dag to 2025-11-27 00:00:00+00:00, run_after=2025-11-28 00:00:00+00:00
[2025-11-28T07:01:03.685+0000] {processor.py:183} INFO - Processing /home/airflow/.local/lib/python3.8/site-packages/airflow/example_dags/example_nested_branch_dag.py took 0.115 seconds
[2025-11-28T07:01:33.945+0000] {processor.py:161} INFO - Started process (PID=1074) to work on /home/airflow/.local/lib/python3.8/site-packages/airflow/example_dags/example_nested_branch_dag.py
[2025-11-28T07:01:33.946+0000] {processor.py:830} INFO - Processing file /home/airflow/.local/lib/python3.8/site-packages/airflow/example_dags/example_nested_branch_dag.py for tasks to queue
[2025-11-28T07:01:33.948+0000] {logging_mixin.py:188} INFO - [2025-11-28T07:01:33.948+0000] {dagbag.py:538} INFO - Filling up the DagBag from /home/airflow/.local/lib/python3.8/site-packages/airflow/example_dags/example_nested_branch_dag.py
[2025-11-28T07:01:33.967+0000] {processor.py:840} INFO - DAG(s) 'example_nested_branch_dag' retrieved from /home/airflow/.local/lib/python3.8/site-packages/airflow/example_dags/example_nested_branch_dag.py
[2025-11-28T07:01:33.995+0000] {logging_mixin.py:188} INFO - [2025-11-28T07:01:33.994+0000] {dag.py:3036} INFO - Sync 1 DAGs
[2025-11-28T07:01:34.032+0000] {logging_mixin.py:188} INFO - [2025-11-28T07:01:34.032+0000] {dag.py:3823} INFO - Setting next_dagrun for example_nested_branch_dag to 2025-11-27 00:00:00+00:00, run_after=2025-11-28 00:00:00+00:00
[2025-11-28T07:01:34.058+0000] {processor.py:183} INFO - Processing /home/airflow/.local/lib/python3.8/site-packages/airflow/example_dags/example_nested_branch_dag.py took 0.117 seconds
[2025-11-28T07:02:04.198+0000] {processor.py:161} INFO - Started process (PID=1129) to work on /home/airflow/.local/lib/python3.8/site-packages/airflow/example_dags/example_nested_branch_dag.py
[2025-11-28T07:02:04.199+0000] {processor.py:830} INFO - Processing file /home/airflow/.local/lib/python3.8/site-packages/airflow/example_dags/example_nested_branch_dag.py for tasks to queue
[2025-11-28T07:02:04.201+0000] {logging_mixin.py:188} INFO - [2025-11-28T07:02:04.201+0000] {dagbag.py:538} INFO - Filling up the DagBag from /home/airflow/.local/lib/python3.8/site-packages/airflow/example_dags/example_nested_branch_dag.py
[2025-11-28T07:02:04.210+0000] {processor.py:840} INFO - DAG(s) 'example_nested_branch_dag' retrieved from /home/airflow/.local/lib/python3.8/site-packages/airflow/example_dags/example_nested_branch_dag.py
[2025-11-28T07:02:04.233+0000] {logging_mixin.py:188} INFO - [2025-11-28T07:02:04.233+0000] {dag.py:3036} INFO - Sync 1 DAGs
[2025-11-28T07:02:04.251+0000] {logging_mixin.py:188} INFO - [2025-11-28T07:02:04.251+0000] {dag.py:3823} INFO - Setting next_dagrun for example_nested_branch_dag to 2025-11-27 00:00:00+00:00, run_after=2025-11-28 00:00:00+00:00
[2025-11-28T07:02:04.269+0000] {processor.py:183} INFO - Processing /home/airflow/.local/lib/python3.8/site-packages/airflow/example_dags/example_nested_branch_dag.py took 0.078 seconds
[2025-11-28T07:02:34.543+0000] {processor.py:161} INFO - Started process (PID=1183) to work on /home/airflow/.local/lib/python3.8/site-packages/airflow/example_dags/example_nested_branch_dag.py
[2025-11-28T07:02:34.546+0000] {processor.py:830} INFO - Processing file /home/airflow/.local/lib/python3.8/site-packages/airflow/example_dags/example_nested_branch_dag.py for tasks to queue
[2025-11-28T07:02:34.550+0000] {logging_mixin.py:188} INFO - [2025-11-28T07:02:34.549+0000] {dagbag.py:538} INFO - Filling up the DagBag from /home/airflow/.local/lib/python3.8/site-packages/airflow/example_dags/example_nested_branch_dag.py
[2025-11-28T07:02:34.571+0000] {processor.py:840} INFO - DAG(s) 'example_nested_branch_dag' retrieved from /home/airflow/.local/lib/python3.8/site-packages/airflow/example_dags/example_nested_branch_dag.py
[2025-11-28T07:02:34.596+0000] {logging_mixin.py:188} INFO - [2025-11-28T07:02:34.596+0000] {dag.py:3036} INFO - Sync 1 DAGs
[2025-11-28T07:02:34.618+0000] {logging_mixin.py:188} INFO - [2025-11-28T07:02:34.618+0000] {dag.py:3823} INFO - Setting next_dagrun for example_nested_branch_dag to 2025-11-27 00:00:00+00:00, run_after=2025-11-28 00:00:00+00:00
[2025-11-28T07:02:34.638+0000] {processor.py:183} INFO - Processing /home/airflow/.local/lib/python3.8/site-packages/airflow/example_dags/example_nested_branch_dag.py took 0.099 seconds
[2025-11-28T07:03:05.398+0000] {processor.py:161} INFO - Started process (PID=1239) to work on /home/airflow/.local/lib/python3.8/site-packages/airflow/example_dags/example_nested_branch_dag.py
[2025-11-28T07:03:05.399+0000] {processor.py:830} INFO - Processing file /home/airflow/.local/lib/python3.8/site-packages/airflow/example_dags/example_nested_branch_dag.py for tasks to queue
[2025-11-28T07:03:05.401+0000] {logging_mixin.py:188} INFO - [2025-11-28T07:03:05.401+0000] {dagbag.py:538} INFO - Filling up the DagBag from /home/airflow/.local/lib/python3.8/site-packages/airflow/example_dags/example_nested_branch_dag.py
[2025-11-28T07:03:05.410+0000] {processor.py:840} INFO - DAG(s) 'example_nested_branch_dag' retrieved from /home/airflow/.local/lib/python3.8/site-packages/airflow/example_dags/example_nested_branch_dag.py
[2025-11-28T07:03:05.429+0000] {logging_mixin.py:188} INFO - [2025-11-28T07:03:05.429+0000] {dag.py:3036} INFO - Sync 1 DAGs
[2025-11-28T07:03:05.454+0000] {logging_mixin.py:188} INFO - [2025-11-28T07:03:05.454+0000] {dag.py:3823} INFO - Setting next_dagrun for example_nested_branch_dag to 2025-11-27 00:00:00+00:00, run_after=2025-11-28 00:00:00+00:00
[2025-11-28T07:03:05.471+0000] {processor.py:183} INFO - Processing /home/airflow/.local/lib/python3.8/site-packages/airflow/example_dags/example_nested_branch_dag.py took 0.078 seconds
[2025-11-28T07:03:35.910+0000] {processor.py:161} INFO - Started process (PID=1294) to work on /home/airflow/.local/lib/python3.8/site-packages/airflow/example_dags/example_nested_branch_dag.py
[2025-11-28T07:03:35.915+0000] {processor.py:830} INFO - Processing file /home/airflow/.local/lib/python3.8/site-packages/airflow/example_dags/example_nested_branch_dag.py for tasks to queue
[2025-11-28T07:03:35.917+0000] {logging_mixin.py:188} INFO - [2025-11-28T07:03:35.917+0000] {dagbag.py:538} INFO - Filling up the DagBag from /home/airflow/.local/lib/python3.8/site-packages/airflow/example_dags/example_nested_branch_dag.py
[2025-11-28T07:03:35.934+0000] {processor.py:840} INFO - DAG(s) 'example_nested_branch_dag' retrieved from /home/airflow/.local/lib/python3.8/site-packages/airflow/example_dags/example_nested_branch_dag.py
[2025-11-28T07:03:35.970+0000] {logging_mixin.py:188} INFO - [2025-11-28T07:03:35.969+0000] {dag.py:3036} INFO - Sync 1 DAGs
[2025-11-28T07:03:35.988+0000] {logging_mixin.py:188} INFO - [2025-11-28T07:03:35.988+0000] {dag.py:3823} INFO - Setting next_dagrun for example_nested_branch_dag to 2025-11-27 00:00:00+00:00, run_after=2025-11-28 00:00:00+00:00
[2025-11-28T07:03:36.011+0000] {processor.py:183} INFO - Processing /home/airflow/.local/lib/python3.8/site-packages/airflow/example_dags/example_nested_branch_dag.py took 0.111 seconds
[2025-11-28T07:04:06.736+0000] {processor.py:161} INFO - Started process (PID=1349) to work on /home/airflow/.local/lib/python3.8/site-packages/airflow/example_dags/example_nested_branch_dag.py
[2025-11-28T07:04:06.737+0000] {processor.py:830} INFO - Processing file /home/airflow/.local/lib/python3.8/site-packages/airflow/example_dags/example_nested_branch_dag.py for tasks to queue
[2025-11-28T07:04:06.744+0000] {logging_mixin.py:188} INFO - [2025-11-28T07:04:06.743+0000] {dagbag.py:538} INFO - Filling up the DagBag from /home/airflow/.local/lib/python3.8/site-packages/airflow/example_dags/example_nested_branch_dag.py
[2025-11-28T07:04:06.755+0000] {processor.py:840} INFO - DAG(s) 'example_nested_branch_dag' retrieved from /home/airflow/.local/lib/python3.8/site-packages/airflow/example_dags/example_nested_branch_dag.py
[2025-11-28T07:04:06.778+0000] {logging_mixin.py:188} INFO - [2025-11-28T07:04:06.778+0000] {dag.py:3036} INFO - Sync 1 DAGs
[2025-11-28T07:04:06.817+0000] {logging_mixin.py:188} INFO - [2025-11-28T07:04:06.816+0000] {dag.py:3823} INFO - Setting next_dagrun for example_nested_branch_dag to 2025-11-27 00:00:00+00:00, run_after=2025-11-28 00:00:00+00:00
[2025-11-28T07:04:06.893+0000] {processor.py:183} INFO - Processing /home/airflow/.local/lib/python3.8/site-packages/airflow/example_dags/example_nested_branch_dag.py took 0.161 seconds
[2025-11-28T07:04:37.364+0000] {processor.py:161} INFO - Started process (PID=1404) to work on /home/airflow/.local/lib/python3.8/site-packages/airflow/example_dags/example_nested_branch_dag.py
[2025-11-28T07:04:37.366+0000] {processor.py:830} INFO - Processing file /home/airflow/.local/lib/python3.8/site-packages/airflow/example_dags/example_nested_branch_dag.py for tasks to queue
[2025-11-28T07:04:37.367+0000] {logging_mixin.py:188} INFO - [2025-11-28T07:04:37.367+0000] {dagbag.py:538} INFO - Filling up the DagBag from /home/airflow/.local/lib/python3.8/site-packages/airflow/example_dags/example_nested_branch_dag.py
[2025-11-28T07:04:37.374+0000] {processor.py:840} INFO - DAG(s) 'example_nested_branch_dag' retrieved from /home/airflow/.local/lib/python3.8/site-packages/airflow/example_dags/example_nested_branch_dag.py
[2025-11-28T07:04:37.397+0000] {logging_mixin.py:188} INFO - [2025-11-28T07:04:37.397+0000] {dag.py:3036} INFO - Sync 1 DAGs
[2025-11-28T07:04:37.411+0000] {logging_mixin.py:188} INFO - [2025-11-28T07:04:37.411+0000] {dag.py:3823} INFO - Setting next_dagrun for example_nested_branch_dag to 2025-11-27 00:00:00+00:00, run_after=2025-11-28 00:00:00+00:00
[2025-11-28T07:04:37.428+0000] {processor.py:183} INFO - Processing /home/airflow/.local/lib/python3.8/site-packages/airflow/example_dags/example_nested_branch_dag.py took 0.066 seconds
[2025-11-28T07:05:07.824+0000] {processor.py:161} INFO - Started process (PID=1460) to work on /home/airflow/.local/lib/python3.8/site-packages/airflow/example_dags/example_nested_branch_dag.py
[2025-11-28T07:05:07.825+0000] {processor.py:830} INFO - Processing file /home/airflow/.local/lib/python3.8/site-packages/airflow/example_dags/example_nested_branch_dag.py for tasks to queue
[2025-11-28T07:05:07.827+0000] {logging_mixin.py:188} INFO - [2025-11-28T07:05:07.826+0000] {dagbag.py:538} INFO - Filling up the DagBag from /home/airflow/.local/lib/python3.8/site-packages/airflow/example_dags/example_nested_branch_dag.py
[2025-11-28T07:05:07.834+0000] {processor.py:840} INFO - DAG(s) 'example_nested_branch_dag' retrieved from /home/airflow/.local/lib/python3.8/site-packages/airflow/example_dags/example_nested_branch_dag.py
[2025-11-28T07:05:07.851+0000] {logging_mixin.py:188} INFO - [2025-11-28T07:05:07.851+0000] {dag.py:3036} INFO - Sync 1 DAGs
[2025-11-28T07:05:07.866+0000] {logging_mixin.py:188} INFO - [2025-11-28T07:05:07.866+0000] {dag.py:3823} INFO - Setting next_dagrun for example_nested_branch_dag to 2025-11-27 00:00:00+00:00, run_after=2025-11-28 00:00:00+00:00
[2025-11-28T07:05:07.881+0000] {processor.py:183} INFO - Processing /home/airflow/.local/lib/python3.8/site-packages/airflow/example_dags/example_nested_branch_dag.py took 0.061 seconds
[2025-11-28T07:05:38.426+0000] {processor.py:161} INFO - Started process (PID=1515) to work on /home/airflow/.local/lib/python3.8/site-packages/airflow/example_dags/example_nested_branch_dag.py
[2025-11-28T07:05:38.429+0000] {processor.py:830} INFO - Processing file /home/airflow/.local/lib/python3.8/site-packages/airflow/example_dags/example_nested_branch_dag.py for tasks to queue
[2025-11-28T07:05:38.431+0000] {logging_mixin.py:188} INFO - [2025-11-28T07:05:38.431+0000] {dagbag.py:538} INFO - Filling up the DagBag from /home/airflow/.local/lib/python3.8/site-packages/airflow/example_dags/example_nested_branch_dag.py
[2025-11-28T07:05:38.438+0000] {processor.py:840} INFO - DAG(s) 'example_nested_branch_dag' retrieved from /home/airflow/.local/lib/python3.8/site-packages/airflow/example_dags/example_nested_branch_dag.py
[2025-11-28T07:05:38.455+0000] {logging_mixin.py:188} INFO - [2025-11-28T07:05:38.455+0000] {dag.py:3036} INFO - Sync 1 DAGs
[2025-11-28T07:05:38.476+0000] {logging_mixin.py:188} INFO - [2025-11-28T07:05:38.476+0000] {dag.py:3823} INFO - Setting next_dagrun for example_nested_branch_dag to 2025-11-27 00:00:00+00:00, run_after=2025-11-28 00:00:00+00:00
[2025-11-28T07:05:38.494+0000] {processor.py:183} INFO - Processing /home/airflow/.local/lib/python3.8/site-packages/airflow/example_dags/example_nested_branch_dag.py took 0.070 seconds
[2025-11-28T07:06:09.101+0000] {processor.py:161} INFO - Started process (PID=1570) to work on /home/airflow/.local/lib/python3.8/site-packages/airflow/example_dags/example_nested_branch_dag.py
[2025-11-28T07:06:09.102+0000] {processor.py:830} INFO - Processing file /home/airflow/.local/lib/python3.8/site-packages/airflow/example_dags/example_nested_branch_dag.py for tasks to queue
[2025-11-28T07:06:09.104+0000] {logging_mixin.py:188} INFO - [2025-11-28T07:06:09.104+0000] {dagbag.py:538} INFO - Filling up the DagBag from /home/airflow/.local/lib/python3.8/site-packages/airflow/example_dags/example_nested_branch_dag.py
[2025-11-28T07:06:09.113+0000] {processor.py:840} INFO - DAG(s) 'example_nested_branch_dag' retrieved from /home/airflow/.local/lib/python3.8/site-packages/airflow/example_dags/example_nested_branch_dag.py
[2025-11-28T07:06:09.130+0000] {logging_mixin.py:188} INFO - [2025-11-28T07:06:09.130+0000] {dag.py:3036} INFO - Sync 1 DAGs
[2025-11-28T07:06:09.151+0000] {logging_mixin.py:188} INFO - [2025-11-28T07:06:09.151+0000] {dag.py:3823} INFO - Setting next_dagrun for example_nested_branch_dag to 2025-11-27 00:00:00+00:00, run_after=2025-11-28 00:00:00+00:00
[2025-11-28T07:06:09.168+0000] {processor.py:183} INFO - Processing /home/airflow/.local/lib/python3.8/site-packages/airflow/example_dags/example_nested_branch_dag.py took 0.074 seconds
[2025-11-28T07:06:39.744+0000] {processor.py:161} INFO - Started process (PID=1625) to work on /home/airflow/.local/lib/python3.8/site-packages/airflow/example_dags/example_nested_branch_dag.py
[2025-11-28T07:06:39.746+0000] {processor.py:830} INFO - Processing file /home/airflow/.local/lib/python3.8/site-packages/airflow/example_dags/example_nested_branch_dag.py for tasks to queue
[2025-11-28T07:06:39.748+0000] {logging_mixin.py:188} INFO - [2025-11-28T07:06:39.748+0000] {dagbag.py:538} INFO - Filling up the DagBag from /home/airflow/.local/lib/python3.8/site-packages/airflow/example_dags/example_nested_branch_dag.py
[2025-11-28T07:06:39.756+0000] {processor.py:840} INFO - DAG(s) 'example_nested_branch_dag' retrieved from /home/airflow/.local/lib/python3.8/site-packages/airflow/example_dags/example_nested_branch_dag.py
[2025-11-28T07:06:39.773+0000] {logging_mixin.py:188} INFO - [2025-11-28T07:06:39.773+0000] {dag.py:3036} INFO - Sync 1 DAGs
[2025-11-28T07:06:39.791+0000] {logging_mixin.py:188} INFO - [2025-11-28T07:06:39.791+0000] {dag.py:3823} INFO - Setting next_dagrun for example_nested_branch_dag to 2025-11-27 00:00:00+00:00, run_after=2025-11-28 00:00:00+00:00
[2025-11-28T07:06:39.807+0000] {processor.py:183} INFO - Processing /home/airflow/.local/lib/python3.8/site-packages/airflow/example_dags/example_nested_branch_dag.py took 0.067 seconds
[2025-11-28T07:07:09.914+0000] {processor.py:161} INFO - Started process (PID=1680) to work on /home/airflow/.local/lib/python3.8/site-packages/airflow/example_dags/example_nested_branch_dag.py
[2025-11-28T07:07:09.916+0000] {processor.py:830} INFO - Processing file /home/airflow/.local/lib/python3.8/site-packages/airflow/example_dags/example_nested_branch_dag.py for tasks to queue
[2025-11-28T07:07:09.918+0000] {logging_mixin.py:188} INFO - [2025-11-28T07:07:09.918+0000] {dagbag.py:538} INFO - Filling up the DagBag from /home/airflow/.local/lib/python3.8/site-packages/airflow/example_dags/example_nested_branch_dag.py
[2025-11-28T07:07:09.925+0000] {processor.py:840} INFO - DAG(s) 'example_nested_branch_dag' retrieved from /home/airflow/.local/lib/python3.8/site-packages/airflow/example_dags/example_nested_branch_dag.py
[2025-11-28T07:07:09.942+0000] {logging_mixin.py:188} INFO - [2025-11-28T07:07:09.942+0000] {dag.py:3036} INFO - Sync 1 DAGs
[2025-11-28T07:07:09.958+0000] {logging_mixin.py:188} INFO - [2025-11-28T07:07:09.958+0000] {dag.py:3823} INFO - Setting next_dagrun for example_nested_branch_dag to 2025-11-27 00:00:00+00:00, run_after=2025-11-28 00:00:00+00:00
[2025-11-28T07:07:09.976+0000] {processor.py:183} INFO - Processing /home/airflow/.local/lib/python3.8/site-packages/airflow/example_dags/example_nested_branch_dag.py took 0.064 seconds
[2025-11-28T07:07:40.429+0000] {processor.py:161} INFO - Started process (PID=1735) to work on /home/airflow/.local/lib/python3.8/site-packages/airflow/example_dags/example_nested_branch_dag.py
[2025-11-28T07:07:40.430+0000] {processor.py:830} INFO - Processing file /home/airflow/.local/lib/python3.8/site-packages/airflow/example_dags/example_nested_branch_dag.py for tasks to queue
[2025-11-28T07:07:40.432+0000] {logging_mixin.py:188} INFO - [2025-11-28T07:07:40.432+0000] {dagbag.py:538} INFO - Filling up the DagBag from /home/airflow/.local/lib/python3.8/site-packages/airflow/example_dags/example_nested_branch_dag.py
[2025-11-28T07:07:40.440+0000] {processor.py:840} INFO - DAG(s) 'example_nested_branch_dag' retrieved from /home/airflow/.local/lib/python3.8/site-packages/airflow/example_dags/example_nested_branch_dag.py
[2025-11-28T07:07:40.469+0000] {logging_mixin.py:188} INFO - [2025-11-28T07:07:40.469+0000] {dag.py:3036} INFO - Sync 1 DAGs
[2025-11-28T07:07:40.490+0000] {logging_mixin.py:188} INFO - [2025-11-28T07:07:40.490+0000] {dag.py:3823} INFO - Setting next_dagrun for example_nested_branch_dag to 2025-11-27 00:00:00+00:00, run_after=2025-11-28 00:00:00+00:00
[2025-11-28T07:07:40.509+0000] {processor.py:183} INFO - Processing /home/airflow/.local/lib/python3.8/site-packages/airflow/example_dags/example_nested_branch_dag.py took 0.082 seconds
[2025-11-28T07:08:11.526+0000] {processor.py:161} INFO - Started process (PID=1790) to work on /home/airflow/.local/lib/python3.8/site-packages/airflow/example_dags/example_nested_branch_dag.py
[2025-11-28T07:08:11.528+0000] {processor.py:830} INFO - Processing file /home/airflow/.local/lib/python3.8/site-packages/airflow/example_dags/example_nested_branch_dag.py for tasks to queue
[2025-11-28T07:08:11.531+0000] {logging_mixin.py:188} INFO - [2025-11-28T07:08:11.530+0000] {dagbag.py:538} INFO - Filling up the DagBag from /home/airflow/.local/lib/python3.8/site-packages/airflow/example_dags/example_nested_branch_dag.py
[2025-11-28T07:08:11.545+0000] {processor.py:840} INFO - DAG(s) 'example_nested_branch_dag' retrieved from /home/airflow/.local/lib/python3.8/site-packages/airflow/example_dags/example_nested_branch_dag.py
[2025-11-28T07:08:11.592+0000] {logging_mixin.py:188} INFO - [2025-11-28T07:08:11.592+0000] {dag.py:3036} INFO - Sync 1 DAGs
[2025-11-28T07:08:11.620+0000] {logging_mixin.py:188} INFO - [2025-11-28T07:08:11.619+0000] {dag.py:3823} INFO - Setting next_dagrun for example_nested_branch_dag to 2025-11-27 00:00:00+00:00, run_after=2025-11-28 00:00:00+00:00
[2025-11-28T07:08:11.666+0000] {processor.py:183} INFO - Processing /home/airflow/.local/lib/python3.8/site-packages/airflow/example_dags/example_nested_branch_dag.py took 0.145 seconds
[2025-11-28T07:08:41.752+0000] {processor.py:161} INFO - Started process (PID=1845) to work on /home/airflow/.local/lib/python3.8/site-packages/airflow/example_dags/example_nested_branch_dag.py
[2025-11-28T07:08:41.754+0000] {processor.py:830} INFO - Processing file /home/airflow/.local/lib/python3.8/site-packages/airflow/example_dags/example_nested_branch_dag.py for tasks to queue
[2025-11-28T07:08:41.757+0000] {logging_mixin.py:188} INFO - [2025-11-28T07:08:41.757+0000] {dagbag.py:538} INFO - Filling up the DagBag from /home/airflow/.local/lib/python3.8/site-packages/airflow/example_dags/example_nested_branch_dag.py
[2025-11-28T07:08:41.776+0000] {processor.py:840} INFO - DAG(s) 'example_nested_branch_dag' retrieved from /home/airflow/.local/lib/python3.8/site-packages/airflow/example_dags/example_nested_branch_dag.py
[2025-11-28T07:08:41.803+0000] {logging_mixin.py:188} INFO - [2025-11-28T07:08:41.802+0000] {dag.py:3036} INFO - Sync 1 DAGs
[2025-11-28T07:08:41.828+0000] {logging_mixin.py:188} INFO - [2025-11-28T07:08:41.828+0000] {dag.py:3823} INFO - Setting next_dagrun for example_nested_branch_dag to 2025-11-27 00:00:00+00:00, run_after=2025-11-28 00:00:00+00:00
[2025-11-28T07:08:41.851+0000] {processor.py:183} INFO - Processing /home/airflow/.local/lib/python3.8/site-packages/airflow/example_dags/example_nested_branch_dag.py took 0.106 seconds
[2025-11-28T07:09:12.718+0000] {processor.py:161} INFO - Started process (PID=1900) to work on /home/airflow/.local/lib/python3.8/site-packages/airflow/example_dags/example_nested_branch_dag.py
[2025-11-28T07:09:12.721+0000] {processor.py:830} INFO - Processing file /home/airflow/.local/lib/python3.8/site-packages/airflow/example_dags/example_nested_branch_dag.py for tasks to queue
[2025-11-28T07:09:12.723+0000] {logging_mixin.py:188} INFO - [2025-11-28T07:09:12.723+0000] {dagbag.py:538} INFO - Filling up the DagBag from /home/airflow/.local/lib/python3.8/site-packages/airflow/example_dags/example_nested_branch_dag.py
[2025-11-28T07:09:12.736+0000] {processor.py:840} INFO - DAG(s) 'example_nested_branch_dag' retrieved from /home/airflow/.local/lib/python3.8/site-packages/airflow/example_dags/example_nested_branch_dag.py
[2025-11-28T07:09:12.760+0000] {logging_mixin.py:188} INFO - [2025-11-28T07:09:12.760+0000] {dag.py:3036} INFO - Sync 1 DAGs
[2025-11-28T07:09:12.788+0000] {logging_mixin.py:188} INFO - [2025-11-28T07:09:12.788+0000] {dag.py:3823} INFO - Setting next_dagrun for example_nested_branch_dag to 2025-11-27 00:00:00+00:00, run_after=2025-11-28 00:00:00+00:00
[2025-11-28T07:09:12.812+0000] {processor.py:183} INFO - Processing /home/airflow/.local/lib/python3.8/site-packages/airflow/example_dags/example_nested_branch_dag.py took 0.097 seconds
[2025-11-28T07:09:42.969+0000] {processor.py:161} INFO - Started process (PID=1955) to work on /home/airflow/.local/lib/python3.8/site-packages/airflow/example_dags/example_nested_branch_dag.py
[2025-11-28T07:09:42.970+0000] {processor.py:830} INFO - Processing file /home/airflow/.local/lib/python3.8/site-packages/airflow/example_dags/example_nested_branch_dag.py for tasks to queue
[2025-11-28T07:09:42.972+0000] {logging_mixin.py:188} INFO - [2025-11-28T07:09:42.972+0000] {dagbag.py:538} INFO - Filling up the DagBag from /home/airflow/.local/lib/python3.8/site-packages/airflow/example_dags/example_nested_branch_dag.py
[2025-11-28T07:09:42.981+0000] {processor.py:840} INFO - DAG(s) 'example_nested_branch_dag' retrieved from /home/airflow/.local/lib/python3.8/site-packages/airflow/example_dags/example_nested_branch_dag.py
[2025-11-28T07:09:43.009+0000] {logging_mixin.py:188} INFO - [2025-11-28T07:09:43.009+0000] {dag.py:3036} INFO - Sync 1 DAGs
[2025-11-28T07:09:43.035+0000] {logging_mixin.py:188} INFO - [2025-11-28T07:09:43.035+0000] {dag.py:3823} INFO - Setting next_dagrun for example_nested_branch_dag to 2025-11-27 00:00:00+00:00, run_after=2025-11-28 00:00:00+00:00
[2025-11-28T07:09:43.054+0000] {processor.py:183} INFO - Processing /home/airflow/.local/lib/python3.8/site-packages/airflow/example_dags/example_nested_branch_dag.py took 0.088 seconds
[2025-11-28T07:10:13.666+0000] {processor.py:161} INFO - Started process (PID=2010) to work on /home/airflow/.local/lib/python3.8/site-packages/airflow/example_dags/example_nested_branch_dag.py
[2025-11-28T07:10:13.667+0000] {processor.py:830} INFO - Processing file /home/airflow/.local/lib/python3.8/site-packages/airflow/example_dags/example_nested_branch_dag.py for tasks to queue
[2025-11-28T07:10:13.669+0000] {logging_mixin.py:188} INFO - [2025-11-28T07:10:13.669+0000] {dagbag.py:538} INFO - Filling up the DagBag from /home/airflow/.local/lib/python3.8/site-packages/airflow/example_dags/example_nested_branch_dag.py
[2025-11-28T07:10:13.680+0000] {processor.py:840} INFO - DAG(s) 'example_nested_branch_dag' retrieved from /home/airflow/.local/lib/python3.8/site-packages/airflow/example_dags/example_nested_branch_dag.py
[2025-11-28T07:10:13.708+0000] {logging_mixin.py:188} INFO - [2025-11-28T07:10:13.708+0000] {dag.py:3036} INFO - Sync 1 DAGs
[2025-11-28T07:10:13.764+0000] {logging_mixin.py:188} INFO - [2025-11-28T07:10:13.758+0000] {dag.py:3823} INFO - Setting next_dagrun for example_nested_branch_dag to 2025-11-27 00:00:00+00:00, run_after=2025-11-28 00:00:00+00:00
[2025-11-28T07:10:13.795+0000] {processor.py:183} INFO - Processing /home/airflow/.local/lib/python3.8/site-packages/airflow/example_dags/example_nested_branch_dag.py took 0.133 seconds
[2025-11-28T07:10:43.992+0000] {processor.py:161} INFO - Started process (PID=2065) to work on /home/airflow/.local/lib/python3.8/site-packages/airflow/example_dags/example_nested_branch_dag.py
[2025-11-28T07:10:43.994+0000] {processor.py:830} INFO - Processing file /home/airflow/.local/lib/python3.8/site-packages/airflow/example_dags/example_nested_branch_dag.py for tasks to queue
[2025-11-28T07:10:43.996+0000] {logging_mixin.py:188} INFO - [2025-11-28T07:10:43.996+0000] {dagbag.py:538} INFO - Filling up the DagBag from /home/airflow/.local/lib/python3.8/site-packages/airflow/example_dags/example_nested_branch_dag.py
[2025-11-28T07:10:44.005+0000] {processor.py:840} INFO - DAG(s) 'example_nested_branch_dag' retrieved from /home/airflow/.local/lib/python3.8/site-packages/airflow/example_dags/example_nested_branch_dag.py
[2025-11-28T07:10:44.035+0000] {logging_mixin.py:188} INFO - [2025-11-28T07:10:44.034+0000] {dag.py:3036} INFO - Sync 1 DAGs
[2025-11-28T07:10:44.063+0000] {logging_mixin.py:188} INFO - [2025-11-28T07:10:44.063+0000] {dag.py:3823} INFO - Setting next_dagrun for example_nested_branch_dag to 2025-11-27 00:00:00+00:00, run_after=2025-11-28 00:00:00+00:00
[2025-11-28T07:10:44.094+0000] {processor.py:183} INFO - Processing /home/airflow/.local/lib/python3.8/site-packages/airflow/example_dags/example_nested_branch_dag.py took 0.105 seconds
[2025-11-28T07:11:14.356+0000] {processor.py:161} INFO - Started process (PID=2120) to work on /home/airflow/.local/lib/python3.8/site-packages/airflow/example_dags/example_nested_branch_dag.py
[2025-11-28T07:11:14.358+0000] {processor.py:830} INFO - Processing file /home/airflow/.local/lib/python3.8/site-packages/airflow/example_dags/example_nested_branch_dag.py for tasks to queue
[2025-11-28T07:11:14.362+0000] {logging_mixin.py:188} INFO - [2025-11-28T07:11:14.361+0000] {dagbag.py:538} INFO - Filling up the DagBag from /home/airflow/.local/lib/python3.8/site-packages/airflow/example_dags/example_nested_branch_dag.py
[2025-11-28T07:11:14.372+0000] {processor.py:840} INFO - DAG(s) 'example_nested_branch_dag' retrieved from /home/airflow/.local/lib/python3.8/site-packages/airflow/example_dags/example_nested_branch_dag.py
[2025-11-28T07:11:14.391+0000] {logging_mixin.py:188} INFO - [2025-11-28T07:11:14.391+0000] {dag.py:3036} INFO - Sync 1 DAGs
[2025-11-28T07:11:14.408+0000] {logging_mixin.py:188} INFO - [2025-11-28T07:11:14.408+0000] {dag.py:3823} INFO - Setting next_dagrun for example_nested_branch_dag to 2025-11-27 00:00:00+00:00, run_after=2025-11-28 00:00:00+00:00
[2025-11-28T07:11:14.425+0000] {processor.py:183} INFO - Processing /home/airflow/.local/lib/python3.8/site-packages/airflow/example_dags/example_nested_branch_dag.py took 0.073 seconds
[2025-11-28T07:11:44.634+0000] {processor.py:161} INFO - Started process (PID=2175) to work on /home/airflow/.local/lib/python3.8/site-packages/airflow/example_dags/example_nested_branch_dag.py
[2025-11-28T07:11:44.635+0000] {processor.py:830} INFO - Processing file /home/airflow/.local/lib/python3.8/site-packages/airflow/example_dags/example_nested_branch_dag.py for tasks to queue
[2025-11-28T07:11:44.637+0000] {logging_mixin.py:188} INFO - [2025-11-28T07:11:44.637+0000] {dagbag.py:538} INFO - Filling up the DagBag from /home/airflow/.local/lib/python3.8/site-packages/airflow/example_dags/example_nested_branch_dag.py
[2025-11-28T07:11:44.645+0000] {processor.py:840} INFO - DAG(s) 'example_nested_branch_dag' retrieved from /home/airflow/.local/lib/python3.8/site-packages/airflow/example_dags/example_nested_branch_dag.py
[2025-11-28T07:11:44.666+0000] {logging_mixin.py:188} INFO - [2025-11-28T07:11:44.666+0000] {dag.py:3036} INFO - Sync 1 DAGs
[2025-11-28T07:11:44.686+0000] {logging_mixin.py:188} INFO - [2025-11-28T07:11:44.686+0000] {dag.py:3823} INFO - Setting next_dagrun for example_nested_branch_dag to 2025-11-27 00:00:00+00:00, run_after=2025-11-28 00:00:00+00:00
[2025-11-28T07:11:44.704+0000] {processor.py:183} INFO - Processing /home/airflow/.local/lib/python3.8/site-packages/airflow/example_dags/example_nested_branch_dag.py took 0.072 seconds
[2025-11-28T07:12:14.936+0000] {processor.py:161} INFO - Started process (PID=2230) to work on /home/airflow/.local/lib/python3.8/site-packages/airflow/example_dags/example_nested_branch_dag.py
[2025-11-28T07:12:14.937+0000] {processor.py:830} INFO - Processing file /home/airflow/.local/lib/python3.8/site-packages/airflow/example_dags/example_nested_branch_dag.py for tasks to queue
[2025-11-28T07:12:14.939+0000] {logging_mixin.py:188} INFO - [2025-11-28T07:12:14.939+0000] {dagbag.py:538} INFO - Filling up the DagBag from /home/airflow/.local/lib/python3.8/site-packages/airflow/example_dags/example_nested_branch_dag.py
[2025-11-28T07:12:14.947+0000] {processor.py:840} INFO - DAG(s) 'example_nested_branch_dag' retrieved from /home/airflow/.local/lib/python3.8/site-packages/airflow/example_dags/example_nested_branch_dag.py
[2025-11-28T07:12:14.971+0000] {logging_mixin.py:188} INFO - [2025-11-28T07:12:14.971+0000] {dag.py:3036} INFO - Sync 1 DAGs
[2025-11-28T07:12:14.988+0000] {logging_mixin.py:188} INFO - [2025-11-28T07:12:14.988+0000] {dag.py:3823} INFO - Setting next_dagrun for example_nested_branch_dag to 2025-11-27 00:00:00+00:00, run_after=2025-11-28 00:00:00+00:00
[2025-11-28T07:12:15.006+0000] {processor.py:183} INFO - Processing /home/airflow/.local/lib/python3.8/site-packages/airflow/example_dags/example_nested_branch_dag.py took 0.073 seconds
[2025-11-28T07:12:45.563+0000] {processor.py:161} INFO - Started process (PID=2285) to work on /home/airflow/.local/lib/python3.8/site-packages/airflow/example_dags/example_nested_branch_dag.py
[2025-11-28T07:12:45.565+0000] {processor.py:830} INFO - Processing file /home/airflow/.local/lib/python3.8/site-packages/airflow/example_dags/example_nested_branch_dag.py for tasks to queue
[2025-11-28T07:12:45.567+0000] {logging_mixin.py:188} INFO - [2025-11-28T07:12:45.567+0000] {dagbag.py:538} INFO - Filling up the DagBag from /home/airflow/.local/lib/python3.8/site-packages/airflow/example_dags/example_nested_branch_dag.py
[2025-11-28T07:12:45.576+0000] {processor.py:840} INFO - DAG(s) 'example_nested_branch_dag' retrieved from /home/airflow/.local/lib/python3.8/site-packages/airflow/example_dags/example_nested_branch_dag.py
[2025-11-28T07:12:45.596+0000] {logging_mixin.py:188} INFO - [2025-11-28T07:12:45.596+0000] {dag.py:3036} INFO - Sync 1 DAGs
[2025-11-28T07:12:45.617+0000] {logging_mixin.py:188} INFO - [2025-11-28T07:12:45.617+0000] {dag.py:3823} INFO - Setting next_dagrun for example_nested_branch_dag to 2025-11-27 00:00:00+00:00, run_after=2025-11-28 00:00:00+00:00
[2025-11-28T07:12:45.636+0000] {processor.py:183} INFO - Processing /home/airflow/.local/lib/python3.8/site-packages/airflow/example_dags/example_nested_branch_dag.py took 0.077 seconds
[2025-11-28T07:13:16.673+0000] {processor.py:161} INFO - Started process (PID=2340) to work on /home/airflow/.local/lib/python3.8/site-packages/airflow/example_dags/example_nested_branch_dag.py
[2025-11-28T07:13:16.675+0000] {processor.py:830} INFO - Processing file /home/airflow/.local/lib/python3.8/site-packages/airflow/example_dags/example_nested_branch_dag.py for tasks to queue
[2025-11-28T07:13:16.678+0000] {logging_mixin.py:188} INFO - [2025-11-28T07:13:16.678+0000] {dagbag.py:538} INFO - Filling up the DagBag from /home/airflow/.local/lib/python3.8/site-packages/airflow/example_dags/example_nested_branch_dag.py
[2025-11-28T07:13:16.688+0000] {processor.py:840} INFO - DAG(s) 'example_nested_branch_dag' retrieved from /home/airflow/.local/lib/python3.8/site-packages/airflow/example_dags/example_nested_branch_dag.py
[2025-11-28T07:13:16.706+0000] {logging_mixin.py:188} INFO - [2025-11-28T07:13:16.705+0000] {dag.py:3036} INFO - Sync 1 DAGs
[2025-11-28T07:13:16.726+0000] {logging_mixin.py:188} INFO - [2025-11-28T07:13:16.725+0000] {dag.py:3823} INFO - Setting next_dagrun for example_nested_branch_dag to 2025-11-27 00:00:00+00:00, run_after=2025-11-28 00:00:00+00:00
[2025-11-28T07:13:16.743+0000] {processor.py:183} INFO - Processing /home/airflow/.local/lib/python3.8/site-packages/airflow/example_dags/example_nested_branch_dag.py took 0.074 seconds
[2025-11-28T07:13:47.177+0000] {processor.py:161} INFO - Started process (PID=2395) to work on /home/airflow/.local/lib/python3.8/site-packages/airflow/example_dags/example_nested_branch_dag.py
[2025-11-28T07:13:47.179+0000] {processor.py:830} INFO - Processing file /home/airflow/.local/lib/python3.8/site-packages/airflow/example_dags/example_nested_branch_dag.py for tasks to queue
[2025-11-28T07:13:47.182+0000] {logging_mixin.py:188} INFO - [2025-11-28T07:13:47.182+0000] {dagbag.py:538} INFO - Filling up the DagBag from /home/airflow/.local/lib/python3.8/site-packages/airflow/example_dags/example_nested_branch_dag.py
[2025-11-28T07:13:47.192+0000] {processor.py:840} INFO - DAG(s) 'example_nested_branch_dag' retrieved from /home/airflow/.local/lib/python3.8/site-packages/airflow/example_dags/example_nested_branch_dag.py
[2025-11-28T07:13:47.211+0000] {logging_mixin.py:188} INFO - [2025-11-28T07:13:47.211+0000] {dag.py:3036} INFO - Sync 1 DAGs
[2025-11-28T07:13:47.228+0000] {logging_mixin.py:188} INFO - [2025-11-28T07:13:47.228+0000] {dag.py:3823} INFO - Setting next_dagrun for example_nested_branch_dag to 2025-11-27 00:00:00+00:00, run_after=2025-11-28 00:00:00+00:00
[2025-11-28T07:13:47.246+0000] {processor.py:183} INFO - Processing /home/airflow/.local/lib/python3.8/site-packages/airflow/example_dags/example_nested_branch_dag.py took 0.071 seconds
[2025-11-28T07:14:17.689+0000] {processor.py:161} INFO - Started process (PID=2451) to work on /home/airflow/.local/lib/python3.8/site-packages/airflow/example_dags/example_nested_branch_dag.py
[2025-11-28T07:14:17.690+0000] {processor.py:830} INFO - Processing file /home/airflow/.local/lib/python3.8/site-packages/airflow/example_dags/example_nested_branch_dag.py for tasks to queue
[2025-11-28T07:14:17.692+0000] {logging_mixin.py:188} INFO - [2025-11-28T07:14:17.692+0000] {dagbag.py:538} INFO - Filling up the DagBag from /home/airflow/.local/lib/python3.8/site-packages/airflow/example_dags/example_nested_branch_dag.py
[2025-11-28T07:14:17.701+0000] {processor.py:840} INFO - DAG(s) 'example_nested_branch_dag' retrieved from /home/airflow/.local/lib/python3.8/site-packages/airflow/example_dags/example_nested_branch_dag.py
[2025-11-28T07:14:17.723+0000] {logging_mixin.py:188} INFO - [2025-11-28T07:14:17.723+0000] {dag.py:3036} INFO - Sync 1 DAGs
[2025-11-28T07:14:17.749+0000] {logging_mixin.py:188} INFO - [2025-11-28T07:14:17.749+0000] {dag.py:3823} INFO - Setting next_dagrun for example_nested_branch_dag to 2025-11-27 00:00:00+00:00, run_after=2025-11-28 00:00:00+00:00
[2025-11-28T07:14:17.766+0000] {processor.py:183} INFO - Processing /home/airflow/.local/lib/python3.8/site-packages/airflow/example_dags/example_nested_branch_dag.py took 0.080 seconds
[2025-11-28T07:14:47.868+0000] {processor.py:161} INFO - Started process (PID=2506) to work on /home/airflow/.local/lib/python3.8/site-packages/airflow/example_dags/example_nested_branch_dag.py
[2025-11-28T07:14:47.889+0000] {processor.py:830} INFO - Processing file /home/airflow/.local/lib/python3.8/site-packages/airflow/example_dags/example_nested_branch_dag.py for tasks to queue
[2025-11-28T07:14:47.898+0000] {logging_mixin.py:188} INFO - [2025-11-28T07:14:47.898+0000] {dagbag.py:538} INFO - Filling up the DagBag from /home/airflow/.local/lib/python3.8/site-packages/airflow/example_dags/example_nested_branch_dag.py
[2025-11-28T07:14:47.909+0000] {processor.py:840} INFO - DAG(s) 'example_nested_branch_dag' retrieved from /home/airflow/.local/lib/python3.8/site-packages/airflow/example_dags/example_nested_branch_dag.py
[2025-11-28T07:14:47.938+0000] {logging_mixin.py:188} INFO - [2025-11-28T07:14:47.938+0000] {dag.py:3036} INFO - Sync 1 DAGs
[2025-11-28T07:14:47.980+0000] {logging_mixin.py:188} INFO - [2025-11-28T07:14:47.979+0000] {dag.py:3823} INFO - Setting next_dagrun for example_nested_branch_dag to 2025-11-27 00:00:00+00:00, run_after=2025-11-28 00:00:00+00:00
[2025-11-28T07:14:48.009+0000] {processor.py:183} INFO - Processing /home/airflow/.local/lib/python3.8/site-packages/airflow/example_dags/example_nested_branch_dag.py took 0.145 seconds
[2025-11-28T07:15:18.137+0000] {processor.py:161} INFO - Started process (PID=2561) to work on /home/airflow/.local/lib/python3.8/site-packages/airflow/example_dags/example_nested_branch_dag.py
[2025-11-28T07:15:18.139+0000] {processor.py:830} INFO - Processing file /home/airflow/.local/lib/python3.8/site-packages/airflow/example_dags/example_nested_branch_dag.py for tasks to queue
[2025-11-28T07:15:18.143+0000] {logging_mixin.py:188} INFO - [2025-11-28T07:15:18.142+0000] {dagbag.py:538} INFO - Filling up the DagBag from /home/airflow/.local/lib/python3.8/site-packages/airflow/example_dags/example_nested_branch_dag.py
[2025-11-28T07:15:18.155+0000] {processor.py:840} INFO - DAG(s) 'example_nested_branch_dag' retrieved from /home/airflow/.local/lib/python3.8/site-packages/airflow/example_dags/example_nested_branch_dag.py
[2025-11-28T07:15:18.175+0000] {logging_mixin.py:188} INFO - [2025-11-28T07:15:18.175+0000] {dag.py:3036} INFO - Sync 1 DAGs
[2025-11-28T07:15:18.302+0000] {logging_mixin.py:188} INFO - [2025-11-28T07:15:18.302+0000] {dag.py:3823} INFO - Setting next_dagrun for example_nested_branch_dag to 2025-11-27 00:00:00+00:00, run_after=2025-11-28 00:00:00+00:00
[2025-11-28T07:15:18.324+0000] {processor.py:183} INFO - Processing /home/airflow/.local/lib/python3.8/site-packages/airflow/example_dags/example_nested_branch_dag.py took 0.192 seconds
[2025-11-28T07:15:48.906+0000] {processor.py:161} INFO - Started process (PID=2616) to work on /home/airflow/.local/lib/python3.8/site-packages/airflow/example_dags/example_nested_branch_dag.py
[2025-11-28T07:15:48.908+0000] {processor.py:830} INFO - Processing file /home/airflow/.local/lib/python3.8/site-packages/airflow/example_dags/example_nested_branch_dag.py for tasks to queue
[2025-11-28T07:15:48.910+0000] {logging_mixin.py:188} INFO - [2025-11-28T07:15:48.910+0000] {dagbag.py:538} INFO - Filling up the DagBag from /home/airflow/.local/lib/python3.8/site-packages/airflow/example_dags/example_nested_branch_dag.py
[2025-11-28T07:15:48.918+0000] {processor.py:840} INFO - DAG(s) 'example_nested_branch_dag' retrieved from /home/airflow/.local/lib/python3.8/site-packages/airflow/example_dags/example_nested_branch_dag.py
[2025-11-28T07:15:48.943+0000] {logging_mixin.py:188} INFO - [2025-11-28T07:15:48.943+0000] {dag.py:3036} INFO - Sync 1 DAGs
[2025-11-28T07:15:49.069+0000] {logging_mixin.py:188} INFO - [2025-11-28T07:15:49.069+0000] {dag.py:3823} INFO - Setting next_dagrun for example_nested_branch_dag to 2025-11-27 00:00:00+00:00, run_after=2025-11-28 00:00:00+00:00
[2025-11-28T07:15:49.117+0000] {processor.py:183} INFO - Processing /home/airflow/.local/lib/python3.8/site-packages/airflow/example_dags/example_nested_branch_dag.py took 0.213 seconds
[2025-11-28T07:16:19.436+0000] {processor.py:161} INFO - Started process (PID=2671) to work on /home/airflow/.local/lib/python3.8/site-packages/airflow/example_dags/example_nested_branch_dag.py
[2025-11-28T07:16:19.437+0000] {processor.py:830} INFO - Processing file /home/airflow/.local/lib/python3.8/site-packages/airflow/example_dags/example_nested_branch_dag.py for tasks to queue
[2025-11-28T07:16:19.441+0000] {logging_mixin.py:188} INFO - [2025-11-28T07:16:19.441+0000] {dagbag.py:538} INFO - Filling up the DagBag from /home/airflow/.local/lib/python3.8/site-packages/airflow/example_dags/example_nested_branch_dag.py
[2025-11-28T07:16:19.452+0000] {processor.py:840} INFO - DAG(s) 'example_nested_branch_dag' retrieved from /home/airflow/.local/lib/python3.8/site-packages/airflow/example_dags/example_nested_branch_dag.py
[2025-11-28T07:16:19.471+0000] {logging_mixin.py:188} INFO - [2025-11-28T07:16:19.471+0000] {dag.py:3036} INFO - Sync 1 DAGs
[2025-11-28T07:16:19.628+0000] {logging_mixin.py:188} INFO - [2025-11-28T07:16:19.628+0000] {dag.py:3823} INFO - Setting next_dagrun for example_nested_branch_dag to 2025-11-27 00:00:00+00:00, run_after=2025-11-28 00:00:00+00:00
[2025-11-28T07:16:19.647+0000] {processor.py:183} INFO - Processing /home/airflow/.local/lib/python3.8/site-packages/airflow/example_dags/example_nested_branch_dag.py took 0.215 seconds
[2025-11-28T07:16:50.379+0000] {processor.py:161} INFO - Started process (PID=2726) to work on /home/airflow/.local/lib/python3.8/site-packages/airflow/example_dags/example_nested_branch_dag.py
[2025-11-28T07:16:50.381+0000] {processor.py:830} INFO - Processing file /home/airflow/.local/lib/python3.8/site-packages/airflow/example_dags/example_nested_branch_dag.py for tasks to queue
[2025-11-28T07:16:50.383+0000] {logging_mixin.py:188} INFO - [2025-11-28T07:16:50.383+0000] {dagbag.py:538} INFO - Filling up the DagBag from /home/airflow/.local/lib/python3.8/site-packages/airflow/example_dags/example_nested_branch_dag.py
[2025-11-28T07:16:50.392+0000] {processor.py:840} INFO - DAG(s) 'example_nested_branch_dag' retrieved from /home/airflow/.local/lib/python3.8/site-packages/airflow/example_dags/example_nested_branch_dag.py
[2025-11-28T07:16:50.414+0000] {logging_mixin.py:188} INFO - [2025-11-28T07:16:50.414+0000] {dag.py:3036} INFO - Sync 1 DAGs
[2025-11-28T07:16:50.434+0000] {logging_mixin.py:188} INFO - [2025-11-28T07:16:50.434+0000] {dag.py:3823} INFO - Setting next_dagrun for example_nested_branch_dag to 2025-11-27 00:00:00+00:00, run_after=2025-11-28 00:00:00+00:00
[2025-11-28T07:16:50.453+0000] {processor.py:183} INFO - Processing /home/airflow/.local/lib/python3.8/site-packages/airflow/example_dags/example_nested_branch_dag.py took 0.077 seconds
[2025-11-28T07:17:21.254+0000] {processor.py:161} INFO - Started process (PID=2781) to work on /home/airflow/.local/lib/python3.8/site-packages/airflow/example_dags/example_nested_branch_dag.py
[2025-11-28T07:17:21.256+0000] {processor.py:830} INFO - Processing file /home/airflow/.local/lib/python3.8/site-packages/airflow/example_dags/example_nested_branch_dag.py for tasks to queue
[2025-11-28T07:17:21.258+0000] {logging_mixin.py:188} INFO - [2025-11-28T07:17:21.258+0000] {dagbag.py:538} INFO - Filling up the DagBag from /home/airflow/.local/lib/python3.8/site-packages/airflow/example_dags/example_nested_branch_dag.py
[2025-11-28T07:17:21.271+0000] {processor.py:840} INFO - DAG(s) 'example_nested_branch_dag' retrieved from /home/airflow/.local/lib/python3.8/site-packages/airflow/example_dags/example_nested_branch_dag.py
[2025-11-28T07:17:21.295+0000] {logging_mixin.py:188} INFO - [2025-11-28T07:17:21.295+0000] {dag.py:3036} INFO - Sync 1 DAGs
[2025-11-28T07:17:21.318+0000] {logging_mixin.py:188} INFO - [2025-11-28T07:17:21.318+0000] {dag.py:3823} INFO - Setting next_dagrun for example_nested_branch_dag to 2025-11-27 00:00:00+00:00, run_after=2025-11-28 00:00:00+00:00
[2025-11-28T07:17:21.342+0000] {processor.py:183} INFO - Processing /home/airflow/.local/lib/python3.8/site-packages/airflow/example_dags/example_nested_branch_dag.py took 0.092 seconds
[2025-11-28T07:17:51.621+0000] {processor.py:161} INFO - Started process (PID=2836) to work on /home/airflow/.local/lib/python3.8/site-packages/airflow/example_dags/example_nested_branch_dag.py
[2025-11-28T07:17:51.623+0000] {processor.py:830} INFO - Processing file /home/airflow/.local/lib/python3.8/site-packages/airflow/example_dags/example_nested_branch_dag.py for tasks to queue
[2025-11-28T07:17:51.626+0000] {logging_mixin.py:188} INFO - [2025-11-28T07:17:51.625+0000] {dagbag.py:538} INFO - Filling up the DagBag from /home/airflow/.local/lib/python3.8/site-packages/airflow/example_dags/example_nested_branch_dag.py
[2025-11-28T07:17:51.637+0000] {processor.py:840} INFO - DAG(s) 'example_nested_branch_dag' retrieved from /home/airflow/.local/lib/python3.8/site-packages/airflow/example_dags/example_nested_branch_dag.py
[2025-11-28T07:17:51.658+0000] {logging_mixin.py:188} INFO - [2025-11-28T07:17:51.658+0000] {dag.py:3036} INFO - Sync 1 DAGs
[2025-11-28T07:17:51.678+0000] {logging_mixin.py:188} INFO - [2025-11-28T07:17:51.678+0000] {dag.py:3823} INFO - Setting next_dagrun for example_nested_branch_dag to 2025-11-27 00:00:00+00:00, run_after=2025-11-28 00:00:00+00:00
[2025-11-28T07:17:51.699+0000] {processor.py:183} INFO - Processing /home/airflow/.local/lib/python3.8/site-packages/airflow/example_dags/example_nested_branch_dag.py took 0.081 seconds
[2025-11-28T07:18:22.375+0000] {processor.py:161} INFO - Started process (PID=2891) to work on /home/airflow/.local/lib/python3.8/site-packages/airflow/example_dags/example_nested_branch_dag.py
[2025-11-28T07:18:22.376+0000] {processor.py:830} INFO - Processing file /home/airflow/.local/lib/python3.8/site-packages/airflow/example_dags/example_nested_branch_dag.py for tasks to queue
[2025-11-28T07:18:22.378+0000] {logging_mixin.py:188} INFO - [2025-11-28T07:18:22.378+0000] {dagbag.py:538} INFO - Filling up the DagBag from /home/airflow/.local/lib/python3.8/site-packages/airflow/example_dags/example_nested_branch_dag.py
[2025-11-28T07:18:22.387+0000] {processor.py:840} INFO - DAG(s) 'example_nested_branch_dag' retrieved from /home/airflow/.local/lib/python3.8/site-packages/airflow/example_dags/example_nested_branch_dag.py
[2025-11-28T07:18:22.412+0000] {logging_mixin.py:188} INFO - [2025-11-28T07:18:22.411+0000] {dag.py:3036} INFO - Sync 1 DAGs
[2025-11-28T07:18:22.434+0000] {logging_mixin.py:188} INFO - [2025-11-28T07:18:22.434+0000] {dag.py:3823} INFO - Setting next_dagrun for example_nested_branch_dag to 2025-11-27 00:00:00+00:00, run_after=2025-11-28 00:00:00+00:00
[2025-11-28T07:18:22.456+0000] {processor.py:183} INFO - Processing /home/airflow/.local/lib/python3.8/site-packages/airflow/example_dags/example_nested_branch_dag.py took 0.084 seconds
[2025-11-28T07:18:52.626+0000] {processor.py:161} INFO - Started process (PID=2946) to work on /home/airflow/.local/lib/python3.8/site-packages/airflow/example_dags/example_nested_branch_dag.py
[2025-11-28T07:18:52.628+0000] {processor.py:830} INFO - Processing file /home/airflow/.local/lib/python3.8/site-packages/airflow/example_dags/example_nested_branch_dag.py for tasks to queue
[2025-11-28T07:18:52.633+0000] {logging_mixin.py:188} INFO - [2025-11-28T07:18:52.632+0000] {dagbag.py:538} INFO - Filling up the DagBag from /home/airflow/.local/lib/python3.8/site-packages/airflow/example_dags/example_nested_branch_dag.py
[2025-11-28T07:18:52.645+0000] {processor.py:840} INFO - DAG(s) 'example_nested_branch_dag' retrieved from /home/airflow/.local/lib/python3.8/site-packages/airflow/example_dags/example_nested_branch_dag.py
[2025-11-28T07:18:52.683+0000] {logging_mixin.py:188} INFO - [2025-11-28T07:18:52.683+0000] {dag.py:3036} INFO - Sync 1 DAGs
[2025-11-28T07:18:52.700+0000] {logging_mixin.py:188} INFO - [2025-11-28T07:18:52.700+0000] {dag.py:3823} INFO - Setting next_dagrun for example_nested_branch_dag to 2025-11-27 00:00:00+00:00, run_after=2025-11-28 00:00:00+00:00
[2025-11-28T07:18:52.717+0000] {processor.py:183} INFO - Processing /home/airflow/.local/lib/python3.8/site-packages/airflow/example_dags/example_nested_branch_dag.py took 0.095 seconds
[2025-11-28T07:19:22.893+0000] {processor.py:161} INFO - Started process (PID=3000) to work on /home/airflow/.local/lib/python3.8/site-packages/airflow/example_dags/example_nested_branch_dag.py
[2025-11-28T07:19:22.895+0000] {processor.py:830} INFO - Processing file /home/airflow/.local/lib/python3.8/site-packages/airflow/example_dags/example_nested_branch_dag.py for tasks to queue
[2025-11-28T07:19:22.897+0000] {logging_mixin.py:188} INFO - [2025-11-28T07:19:22.897+0000] {dagbag.py:538} INFO - Filling up the DagBag from /home/airflow/.local/lib/python3.8/site-packages/airflow/example_dags/example_nested_branch_dag.py
[2025-11-28T07:19:22.906+0000] {processor.py:840} INFO - DAG(s) 'example_nested_branch_dag' retrieved from /home/airflow/.local/lib/python3.8/site-packages/airflow/example_dags/example_nested_branch_dag.py
[2025-11-28T07:19:22.924+0000] {logging_mixin.py:188} INFO - [2025-11-28T07:19:22.924+0000] {dag.py:3036} INFO - Sync 1 DAGs
[2025-11-28T07:19:22.944+0000] {logging_mixin.py:188} INFO - [2025-11-28T07:19:22.944+0000] {dag.py:3823} INFO - Setting next_dagrun for example_nested_branch_dag to 2025-11-27 00:00:00+00:00, run_after=2025-11-28 00:00:00+00:00
[2025-11-28T07:19:22.962+0000] {processor.py:183} INFO - Processing /home/airflow/.local/lib/python3.8/site-packages/airflow/example_dags/example_nested_branch_dag.py took 0.071 seconds
