[2025-11-28T06:52:28.514+0000] {processor.py:161} INFO - Started process (PID=106) to work on /home/airflow/.local/lib/python3.8/site-packages/airflow/example_dags/example_task_group_decorator.py
[2025-11-28T06:52:28.516+0000] {processor.py:830} INFO - Processing file /home/airflow/.local/lib/python3.8/site-packages/airflow/example_dags/example_task_group_decorator.py for tasks to queue
[2025-11-28T06:52:28.518+0000] {logging_mixin.py:188} INFO - [2025-11-28T06:52:28.518+0000] {dagbag.py:538} INFO - Filling up the DagBag from /home/airflow/.local/lib/python3.8/site-packages/airflow/example_dags/example_task_group_decorator.py
[2025-11-28T06:52:28.534+0000] {processor.py:840} INFO - DAG(s) 'example_task_group_decorator' retrieved from /home/airflow/.local/lib/python3.8/site-packages/airflow/example_dags/example_task_group_decorator.py
[2025-11-28T06:52:28.667+0000] {logging_mixin.py:188} INFO - [2025-11-28T06:52:28.667+0000] {override.py:1769} INFO - Created Permission View: can edit on DAG:example_task_group_decorator
[2025-11-28T06:52:28.681+0000] {logging_mixin.py:188} INFO - [2025-11-28T06:52:28.681+0000] {override.py:1769} INFO - Created Permission View: can delete on DAG:example_task_group_decorator
[2025-11-28T06:52:28.689+0000] {logging_mixin.py:188} INFO - [2025-11-28T06:52:28.688+0000] {override.py:1769} INFO - Created Permission View: can read on DAG:example_task_group_decorator
[2025-11-28T06:52:28.689+0000] {logging_mixin.py:188} INFO - [2025-11-28T06:52:28.689+0000] {dag.py:3036} INFO - Sync 1 DAGs
[2025-11-28T06:52:28.701+0000] {logging_mixin.py:188} INFO - [2025-11-28T06:52:28.701+0000] {dag.py:3058} INFO - Creating ORM DAG for example_task_group_decorator
[2025-11-28T06:52:28.713+0000] {logging_mixin.py:188} INFO - [2025-11-28T06:52:28.713+0000] {dag.py:3823} INFO - Setting next_dagrun for example_task_group_decorator to 2025-11-27 00:00:00+00:00, run_after=2025-11-28 00:00:00+00:00
[2025-11-28T06:52:28.737+0000] {processor.py:183} INFO - Processing /home/airflow/.local/lib/python3.8/site-packages/airflow/example_dags/example_task_group_decorator.py took 0.227 seconds
[2025-11-28T06:52:59.322+0000] {processor.py:161} INFO - Started process (PID=161) to work on /home/airflow/.local/lib/python3.8/site-packages/airflow/example_dags/example_task_group_decorator.py
[2025-11-28T06:52:59.324+0000] {processor.py:830} INFO - Processing file /home/airflow/.local/lib/python3.8/site-packages/airflow/example_dags/example_task_group_decorator.py for tasks to queue
[2025-11-28T06:52:59.326+0000] {logging_mixin.py:188} INFO - [2025-11-28T06:52:59.325+0000] {dagbag.py:538} INFO - Filling up the DagBag from /home/airflow/.local/lib/python3.8/site-packages/airflow/example_dags/example_task_group_decorator.py
[2025-11-28T06:52:59.339+0000] {processor.py:840} INFO - DAG(s) 'example_task_group_decorator' retrieved from /home/airflow/.local/lib/python3.8/site-packages/airflow/example_dags/example_task_group_decorator.py
[2025-11-28T06:52:59.357+0000] {logging_mixin.py:188} INFO - [2025-11-28T06:52:59.357+0000] {dag.py:3036} INFO - Sync 1 DAGs
[2025-11-28T06:52:59.375+0000] {logging_mixin.py:188} INFO - [2025-11-28T06:52:59.374+0000] {dag.py:3823} INFO - Setting next_dagrun for example_task_group_decorator to 2025-11-27 00:00:00+00:00, run_after=2025-11-28 00:00:00+00:00
[2025-11-28T06:52:59.392+0000] {processor.py:183} INFO - Processing /home/airflow/.local/lib/python3.8/site-packages/airflow/example_dags/example_task_group_decorator.py took 0.073 seconds
[2025-11-28T06:53:29.588+0000] {processor.py:161} INFO - Started process (PID=216) to work on /home/airflow/.local/lib/python3.8/site-packages/airflow/example_dags/example_task_group_decorator.py
[2025-11-28T06:53:29.594+0000] {processor.py:830} INFO - Processing file /home/airflow/.local/lib/python3.8/site-packages/airflow/example_dags/example_task_group_decorator.py for tasks to queue
[2025-11-28T06:53:29.600+0000] {logging_mixin.py:188} INFO - [2025-11-28T06:53:29.600+0000] {dagbag.py:538} INFO - Filling up the DagBag from /home/airflow/.local/lib/python3.8/site-packages/airflow/example_dags/example_task_group_decorator.py
[2025-11-28T06:53:29.625+0000] {processor.py:840} INFO - DAG(s) 'example_task_group_decorator' retrieved from /home/airflow/.local/lib/python3.8/site-packages/airflow/example_dags/example_task_group_decorator.py
[2025-11-28T06:53:29.651+0000] {logging_mixin.py:188} INFO - [2025-11-28T06:53:29.651+0000] {dag.py:3036} INFO - Sync 1 DAGs
[2025-11-28T06:53:29.670+0000] {logging_mixin.py:188} INFO - [2025-11-28T06:53:29.670+0000] {dag.py:3823} INFO - Setting next_dagrun for example_task_group_decorator to 2025-11-27 00:00:00+00:00, run_after=2025-11-28 00:00:00+00:00
[2025-11-28T06:53:29.689+0000] {processor.py:183} INFO - Processing /home/airflow/.local/lib/python3.8/site-packages/airflow/example_dags/example_task_group_decorator.py took 0.105 seconds
[2025-11-28T06:54:00.056+0000] {processor.py:161} INFO - Started process (PID=271) to work on /home/airflow/.local/lib/python3.8/site-packages/airflow/example_dags/example_task_group_decorator.py
[2025-11-28T06:54:00.058+0000] {processor.py:830} INFO - Processing file /home/airflow/.local/lib/python3.8/site-packages/airflow/example_dags/example_task_group_decorator.py for tasks to queue
[2025-11-28T06:54:00.060+0000] {logging_mixin.py:188} INFO - [2025-11-28T06:54:00.060+0000] {dagbag.py:538} INFO - Filling up the DagBag from /home/airflow/.local/lib/python3.8/site-packages/airflow/example_dags/example_task_group_decorator.py
[2025-11-28T06:54:00.071+0000] {processor.py:840} INFO - DAG(s) 'example_task_group_decorator' retrieved from /home/airflow/.local/lib/python3.8/site-packages/airflow/example_dags/example_task_group_decorator.py
[2025-11-28T06:54:00.094+0000] {logging_mixin.py:188} INFO - [2025-11-28T06:54:00.094+0000] {dag.py:3036} INFO - Sync 1 DAGs
[2025-11-28T06:54:00.114+0000] {logging_mixin.py:188} INFO - [2025-11-28T06:54:00.114+0000] {dag.py:3823} INFO - Setting next_dagrun for example_task_group_decorator to 2025-11-27 00:00:00+00:00, run_after=2025-11-28 00:00:00+00:00
[2025-11-28T06:54:00.135+0000] {processor.py:183} INFO - Processing /home/airflow/.local/lib/python3.8/site-packages/airflow/example_dags/example_task_group_decorator.py took 0.082 seconds
[2025-11-28T06:54:31.105+0000] {processor.py:161} INFO - Started process (PID=326) to work on /home/airflow/.local/lib/python3.8/site-packages/airflow/example_dags/example_task_group_decorator.py
[2025-11-28T06:54:31.106+0000] {processor.py:830} INFO - Processing file /home/airflow/.local/lib/python3.8/site-packages/airflow/example_dags/example_task_group_decorator.py for tasks to queue
[2025-11-28T06:54:31.109+0000] {logging_mixin.py:188} INFO - [2025-11-28T06:54:31.108+0000] {dagbag.py:538} INFO - Filling up the DagBag from /home/airflow/.local/lib/python3.8/site-packages/airflow/example_dags/example_task_group_decorator.py
[2025-11-28T06:54:31.123+0000] {processor.py:840} INFO - DAG(s) 'example_task_group_decorator' retrieved from /home/airflow/.local/lib/python3.8/site-packages/airflow/example_dags/example_task_group_decorator.py
[2025-11-28T06:54:31.146+0000] {logging_mixin.py:188} INFO - [2025-11-28T06:54:31.146+0000] {dag.py:3036} INFO - Sync 1 DAGs
[2025-11-28T06:54:31.165+0000] {logging_mixin.py:188} INFO - [2025-11-28T06:54:31.165+0000] {dag.py:3823} INFO - Setting next_dagrun for example_task_group_decorator to 2025-11-27 00:00:00+00:00, run_after=2025-11-28 00:00:00+00:00
[2025-11-28T06:54:31.182+0000] {processor.py:183} INFO - Processing /home/airflow/.local/lib/python3.8/site-packages/airflow/example_dags/example_task_group_decorator.py took 0.080 seconds
[2025-11-28T06:55:01.838+0000] {processor.py:161} INFO - Started process (PID=381) to work on /home/airflow/.local/lib/python3.8/site-packages/airflow/example_dags/example_task_group_decorator.py
[2025-11-28T06:55:01.839+0000] {processor.py:830} INFO - Processing file /home/airflow/.local/lib/python3.8/site-packages/airflow/example_dags/example_task_group_decorator.py for tasks to queue
[2025-11-28T06:55:01.841+0000] {logging_mixin.py:188} INFO - [2025-11-28T06:55:01.840+0000] {dagbag.py:538} INFO - Filling up the DagBag from /home/airflow/.local/lib/python3.8/site-packages/airflow/example_dags/example_task_group_decorator.py
[2025-11-28T06:55:01.855+0000] {processor.py:840} INFO - DAG(s) 'example_task_group_decorator' retrieved from /home/airflow/.local/lib/python3.8/site-packages/airflow/example_dags/example_task_group_decorator.py
[2025-11-28T06:55:01.866+0000] {logging_mixin.py:188} INFO - [2025-11-28T06:55:01.866+0000] {dag.py:3036} INFO - Sync 1 DAGs
[2025-11-28T06:55:01.886+0000] {logging_mixin.py:188} INFO - [2025-11-28T06:55:01.886+0000] {dag.py:3823} INFO - Setting next_dagrun for example_task_group_decorator to 2025-11-27 00:00:00+00:00, run_after=2025-11-28 00:00:00+00:00
[2025-11-28T06:55:01.903+0000] {processor.py:183} INFO - Processing /home/airflow/.local/lib/python3.8/site-packages/airflow/example_dags/example_task_group_decorator.py took 0.068 seconds
[2025-11-28T06:55:32.646+0000] {processor.py:161} INFO - Started process (PID=436) to work on /home/airflow/.local/lib/python3.8/site-packages/airflow/example_dags/example_task_group_decorator.py
[2025-11-28T06:55:32.648+0000] {processor.py:830} INFO - Processing file /home/airflow/.local/lib/python3.8/site-packages/airflow/example_dags/example_task_group_decorator.py for tasks to queue
[2025-11-28T06:55:32.650+0000] {logging_mixin.py:188} INFO - [2025-11-28T06:55:32.650+0000] {dagbag.py:538} INFO - Filling up the DagBag from /home/airflow/.local/lib/python3.8/site-packages/airflow/example_dags/example_task_group_decorator.py
[2025-11-28T06:55:32.662+0000] {processor.py:840} INFO - DAG(s) 'example_task_group_decorator' retrieved from /home/airflow/.local/lib/python3.8/site-packages/airflow/example_dags/example_task_group_decorator.py
[2025-11-28T06:55:32.750+0000] {logging_mixin.py:188} INFO - [2025-11-28T06:55:32.749+0000] {dag.py:3036} INFO - Sync 1 DAGs
[2025-11-28T06:55:32.768+0000] {logging_mixin.py:188} INFO - [2025-11-28T06:55:32.767+0000] {dag.py:3823} INFO - Setting next_dagrun for example_task_group_decorator to 2025-11-27 00:00:00+00:00, run_after=2025-11-28 00:00:00+00:00
[2025-11-28T06:55:32.782+0000] {processor.py:183} INFO - Processing /home/airflow/.local/lib/python3.8/site-packages/airflow/example_dags/example_task_group_decorator.py took 0.139 seconds
[2025-11-28T06:56:03.346+0000] {processor.py:161} INFO - Started process (PID=491) to work on /home/airflow/.local/lib/python3.8/site-packages/airflow/example_dags/example_task_group_decorator.py
[2025-11-28T06:56:03.347+0000] {processor.py:830} INFO - Processing file /home/airflow/.local/lib/python3.8/site-packages/airflow/example_dags/example_task_group_decorator.py for tasks to queue
[2025-11-28T06:56:03.349+0000] {logging_mixin.py:188} INFO - [2025-11-28T06:56:03.349+0000] {dagbag.py:538} INFO - Filling up the DagBag from /home/airflow/.local/lib/python3.8/site-packages/airflow/example_dags/example_task_group_decorator.py
[2025-11-28T06:56:03.360+0000] {processor.py:840} INFO - DAG(s) 'example_task_group_decorator' retrieved from /home/airflow/.local/lib/python3.8/site-packages/airflow/example_dags/example_task_group_decorator.py
[2025-11-28T06:56:03.380+0000] {logging_mixin.py:188} INFO - [2025-11-28T06:56:03.380+0000] {dag.py:3036} INFO - Sync 1 DAGs
[2025-11-28T06:56:03.403+0000] {logging_mixin.py:188} INFO - [2025-11-28T06:56:03.403+0000] {dag.py:3823} INFO - Setting next_dagrun for example_task_group_decorator to 2025-11-27 00:00:00+00:00, run_after=2025-11-28 00:00:00+00:00
[2025-11-28T06:56:03.425+0000] {processor.py:183} INFO - Processing /home/airflow/.local/lib/python3.8/site-packages/airflow/example_dags/example_task_group_decorator.py took 0.082 seconds
[2025-11-28T06:56:33.619+0000] {processor.py:161} INFO - Started process (PID=546) to work on /home/airflow/.local/lib/python3.8/site-packages/airflow/example_dags/example_task_group_decorator.py
[2025-11-28T06:56:33.620+0000] {processor.py:830} INFO - Processing file /home/airflow/.local/lib/python3.8/site-packages/airflow/example_dags/example_task_group_decorator.py for tasks to queue
[2025-11-28T06:56:33.623+0000] {logging_mixin.py:188} INFO - [2025-11-28T06:56:33.623+0000] {dagbag.py:538} INFO - Filling up the DagBag from /home/airflow/.local/lib/python3.8/site-packages/airflow/example_dags/example_task_group_decorator.py
[2025-11-28T06:56:33.635+0000] {processor.py:840} INFO - DAG(s) 'example_task_group_decorator' retrieved from /home/airflow/.local/lib/python3.8/site-packages/airflow/example_dags/example_task_group_decorator.py
[2025-11-28T06:56:33.655+0000] {logging_mixin.py:188} INFO - [2025-11-28T06:56:33.655+0000] {dag.py:3036} INFO - Sync 1 DAGs
[2025-11-28T06:56:33.671+0000] {logging_mixin.py:188} INFO - [2025-11-28T06:56:33.670+0000] {dag.py:3823} INFO - Setting next_dagrun for example_task_group_decorator to 2025-11-27 00:00:00+00:00, run_after=2025-11-28 00:00:00+00:00
[2025-11-28T06:56:33.689+0000] {processor.py:183} INFO - Processing /home/airflow/.local/lib/python3.8/site-packages/airflow/example_dags/example_task_group_decorator.py took 0.072 seconds
[2025-11-28T06:57:04.176+0000] {processor.py:161} INFO - Started process (PID=601) to work on /home/airflow/.local/lib/python3.8/site-packages/airflow/example_dags/example_task_group_decorator.py
[2025-11-28T06:57:04.177+0000] {processor.py:830} INFO - Processing file /home/airflow/.local/lib/python3.8/site-packages/airflow/example_dags/example_task_group_decorator.py for tasks to queue
[2025-11-28T06:57:04.181+0000] {logging_mixin.py:188} INFO - [2025-11-28T06:57:04.180+0000] {dagbag.py:538} INFO - Filling up the DagBag from /home/airflow/.local/lib/python3.8/site-packages/airflow/example_dags/example_task_group_decorator.py
[2025-11-28T06:57:04.192+0000] {processor.py:840} INFO - DAG(s) 'example_task_group_decorator' retrieved from /home/airflow/.local/lib/python3.8/site-packages/airflow/example_dags/example_task_group_decorator.py
[2025-11-28T06:57:04.208+0000] {logging_mixin.py:188} INFO - [2025-11-28T06:57:04.208+0000] {dag.py:3036} INFO - Sync 1 DAGs
[2025-11-28T06:57:04.225+0000] {logging_mixin.py:188} INFO - [2025-11-28T06:57:04.225+0000] {dag.py:3823} INFO - Setting next_dagrun for example_task_group_decorator to 2025-11-27 00:00:00+00:00, run_after=2025-11-28 00:00:00+00:00
[2025-11-28T06:57:04.243+0000] {processor.py:183} INFO - Processing /home/airflow/.local/lib/python3.8/site-packages/airflow/example_dags/example_task_group_decorator.py took 0.070 seconds
[2025-11-28T06:57:34.682+0000] {processor.py:161} INFO - Started process (PID=656) to work on /home/airflow/.local/lib/python3.8/site-packages/airflow/example_dags/example_task_group_decorator.py
[2025-11-28T06:57:34.684+0000] {processor.py:830} INFO - Processing file /home/airflow/.local/lib/python3.8/site-packages/airflow/example_dags/example_task_group_decorator.py for tasks to queue
[2025-11-28T06:57:34.687+0000] {logging_mixin.py:188} INFO - [2025-11-28T06:57:34.686+0000] {dagbag.py:538} INFO - Filling up the DagBag from /home/airflow/.local/lib/python3.8/site-packages/airflow/example_dags/example_task_group_decorator.py
[2025-11-28T06:57:34.698+0000] {processor.py:840} INFO - DAG(s) 'example_task_group_decorator' retrieved from /home/airflow/.local/lib/python3.8/site-packages/airflow/example_dags/example_task_group_decorator.py
[2025-11-28T06:57:34.725+0000] {logging_mixin.py:188} INFO - [2025-11-28T06:57:34.723+0000] {dag.py:3036} INFO - Sync 1 DAGs
[2025-11-28T06:57:34.739+0000] {logging_mixin.py:188} INFO - [2025-11-28T06:57:34.739+0000] {dag.py:3823} INFO - Setting next_dagrun for example_task_group_decorator to 2025-11-27 00:00:00+00:00, run_after=2025-11-28 00:00:00+00:00
[2025-11-28T06:57:34.759+0000] {processor.py:183} INFO - Processing /home/airflow/.local/lib/python3.8/site-packages/airflow/example_dags/example_task_group_decorator.py took 0.081 seconds
[2025-11-28T06:58:05.489+0000] {processor.py:161} INFO - Started process (PID=711) to work on /home/airflow/.local/lib/python3.8/site-packages/airflow/example_dags/example_task_group_decorator.py
[2025-11-28T06:58:05.490+0000] {processor.py:830} INFO - Processing file /home/airflow/.local/lib/python3.8/site-packages/airflow/example_dags/example_task_group_decorator.py for tasks to queue
[2025-11-28T06:58:05.492+0000] {logging_mixin.py:188} INFO - [2025-11-28T06:58:05.492+0000] {dagbag.py:538} INFO - Filling up the DagBag from /home/airflow/.local/lib/python3.8/site-packages/airflow/example_dags/example_task_group_decorator.py
[2025-11-28T06:58:05.501+0000] {processor.py:840} INFO - DAG(s) 'example_task_group_decorator' retrieved from /home/airflow/.local/lib/python3.8/site-packages/airflow/example_dags/example_task_group_decorator.py
[2025-11-28T06:58:05.520+0000] {logging_mixin.py:188} INFO - [2025-11-28T06:58:05.520+0000] {dag.py:3036} INFO - Sync 1 DAGs
[2025-11-28T06:58:05.541+0000] {logging_mixin.py:188} INFO - [2025-11-28T06:58:05.541+0000] {dag.py:3823} INFO - Setting next_dagrun for example_task_group_decorator to 2025-11-27 00:00:00+00:00, run_after=2025-11-28 00:00:00+00:00
[2025-11-28T06:58:05.557+0000] {processor.py:183} INFO - Processing /home/airflow/.local/lib/python3.8/site-packages/airflow/example_dags/example_task_group_decorator.py took 0.071 seconds
[2025-11-28T06:58:35.950+0000] {processor.py:161} INFO - Started process (PID=766) to work on /home/airflow/.local/lib/python3.8/site-packages/airflow/example_dags/example_task_group_decorator.py
[2025-11-28T06:58:35.953+0000] {processor.py:830} INFO - Processing file /home/airflow/.local/lib/python3.8/site-packages/airflow/example_dags/example_task_group_decorator.py for tasks to queue
[2025-11-28T06:58:35.956+0000] {logging_mixin.py:188} INFO - [2025-11-28T06:58:35.956+0000] {dagbag.py:538} INFO - Filling up the DagBag from /home/airflow/.local/lib/python3.8/site-packages/airflow/example_dags/example_task_group_decorator.py
[2025-11-28T06:58:35.968+0000] {processor.py:840} INFO - DAG(s) 'example_task_group_decorator' retrieved from /home/airflow/.local/lib/python3.8/site-packages/airflow/example_dags/example_task_group_decorator.py
[2025-11-28T06:58:35.994+0000] {logging_mixin.py:188} INFO - [2025-11-28T06:58:35.993+0000] {dag.py:3036} INFO - Sync 1 DAGs
[2025-11-28T06:58:36.008+0000] {logging_mixin.py:188} INFO - [2025-11-28T06:58:36.008+0000] {dag.py:3823} INFO - Setting next_dagrun for example_task_group_decorator to 2025-11-27 00:00:00+00:00, run_after=2025-11-28 00:00:00+00:00
[2025-11-28T06:58:36.040+0000] {processor.py:183} INFO - Processing /home/airflow/.local/lib/python3.8/site-packages/airflow/example_dags/example_task_group_decorator.py took 0.093 seconds
[2025-11-28T06:59:06.761+0000] {processor.py:161} INFO - Started process (PID=821) to work on /home/airflow/.local/lib/python3.8/site-packages/airflow/example_dags/example_task_group_decorator.py
[2025-11-28T06:59:06.762+0000] {processor.py:830} INFO - Processing file /home/airflow/.local/lib/python3.8/site-packages/airflow/example_dags/example_task_group_decorator.py for tasks to queue
[2025-11-28T06:59:06.764+0000] {logging_mixin.py:188} INFO - [2025-11-28T06:59:06.764+0000] {dagbag.py:538} INFO - Filling up the DagBag from /home/airflow/.local/lib/python3.8/site-packages/airflow/example_dags/example_task_group_decorator.py
[2025-11-28T06:59:06.775+0000] {processor.py:840} INFO - DAG(s) 'example_task_group_decorator' retrieved from /home/airflow/.local/lib/python3.8/site-packages/airflow/example_dags/example_task_group_decorator.py
[2025-11-28T06:59:06.820+0000] {logging_mixin.py:188} INFO - [2025-11-28T06:59:06.820+0000] {dag.py:3036} INFO - Sync 1 DAGs
[2025-11-28T06:59:06.840+0000] {logging_mixin.py:188} INFO - [2025-11-28T06:59:06.840+0000] {dag.py:3823} INFO - Setting next_dagrun for example_task_group_decorator to 2025-11-27 00:00:00+00:00, run_after=2025-11-28 00:00:00+00:00
[2025-11-28T06:59:06.861+0000] {processor.py:183} INFO - Processing /home/airflow/.local/lib/python3.8/site-packages/airflow/example_dags/example_task_group_decorator.py took 0.103 seconds
[2025-11-28T06:59:37.303+0000] {processor.py:161} INFO - Started process (PID=876) to work on /home/airflow/.local/lib/python3.8/site-packages/airflow/example_dags/example_task_group_decorator.py
[2025-11-28T06:59:37.305+0000] {processor.py:830} INFO - Processing file /home/airflow/.local/lib/python3.8/site-packages/airflow/example_dags/example_task_group_decorator.py for tasks to queue
[2025-11-28T06:59:37.314+0000] {logging_mixin.py:188} INFO - [2025-11-28T06:59:37.314+0000] {dagbag.py:538} INFO - Filling up the DagBag from /home/airflow/.local/lib/python3.8/site-packages/airflow/example_dags/example_task_group_decorator.py
[2025-11-28T06:59:37.334+0000] {processor.py:840} INFO - DAG(s) 'example_task_group_decorator' retrieved from /home/airflow/.local/lib/python3.8/site-packages/airflow/example_dags/example_task_group_decorator.py
[2025-11-28T06:59:37.368+0000] {logging_mixin.py:188} INFO - [2025-11-28T06:59:37.367+0000] {dag.py:3036} INFO - Sync 1 DAGs
[2025-11-28T06:59:37.399+0000] {logging_mixin.py:188} INFO - [2025-11-28T06:59:37.399+0000] {dag.py:3823} INFO - Setting next_dagrun for example_task_group_decorator to 2025-11-27 00:00:00+00:00, run_after=2025-11-28 00:00:00+00:00
[2025-11-28T06:59:37.421+0000] {processor.py:183} INFO - Processing /home/airflow/.local/lib/python3.8/site-packages/airflow/example_dags/example_task_group_decorator.py took 0.122 seconds
[2025-11-28T07:00:08.963+0000] {processor.py:161} INFO - Started process (PID=931) to work on /home/airflow/.local/lib/python3.8/site-packages/airflow/example_dags/example_task_group_decorator.py
[2025-11-28T07:00:08.966+0000] {processor.py:830} INFO - Processing file /home/airflow/.local/lib/python3.8/site-packages/airflow/example_dags/example_task_group_decorator.py for tasks to queue
[2025-11-28T07:00:08.969+0000] {logging_mixin.py:188} INFO - [2025-11-28T07:00:08.969+0000] {dagbag.py:538} INFO - Filling up the DagBag from /home/airflow/.local/lib/python3.8/site-packages/airflow/example_dags/example_task_group_decorator.py
[2025-11-28T07:00:09.011+0000] {processor.py:840} INFO - DAG(s) 'example_task_group_decorator' retrieved from /home/airflow/.local/lib/python3.8/site-packages/airflow/example_dags/example_task_group_decorator.py
[2025-11-28T07:00:09.058+0000] {logging_mixin.py:188} INFO - [2025-11-28T07:00:09.057+0000] {dag.py:3036} INFO - Sync 1 DAGs
[2025-11-28T07:00:09.091+0000] {logging_mixin.py:188} INFO - [2025-11-28T07:00:09.091+0000] {dag.py:3823} INFO - Setting next_dagrun for example_task_group_decorator to 2025-11-27 00:00:00+00:00, run_after=2025-11-28 00:00:00+00:00
[2025-11-28T07:00:09.126+0000] {processor.py:183} INFO - Processing /home/airflow/.local/lib/python3.8/site-packages/airflow/example_dags/example_task_group_decorator.py took 0.168 seconds
[2025-11-28T07:00:39.272+0000] {processor.py:161} INFO - Started process (PID=986) to work on /home/airflow/.local/lib/python3.8/site-packages/airflow/example_dags/example_task_group_decorator.py
[2025-11-28T07:00:39.274+0000] {processor.py:830} INFO - Processing file /home/airflow/.local/lib/python3.8/site-packages/airflow/example_dags/example_task_group_decorator.py for tasks to queue
[2025-11-28T07:00:39.280+0000] {logging_mixin.py:188} INFO - [2025-11-28T07:00:39.279+0000] {dagbag.py:538} INFO - Filling up the DagBag from /home/airflow/.local/lib/python3.8/site-packages/airflow/example_dags/example_task_group_decorator.py
[2025-11-28T07:00:39.299+0000] {processor.py:840} INFO - DAG(s) 'example_task_group_decorator' retrieved from /home/airflow/.local/lib/python3.8/site-packages/airflow/example_dags/example_task_group_decorator.py
[2025-11-28T07:00:39.339+0000] {logging_mixin.py:188} INFO - [2025-11-28T07:00:39.339+0000] {dag.py:3036} INFO - Sync 1 DAGs
[2025-11-28T07:00:39.361+0000] {logging_mixin.py:188} INFO - [2025-11-28T07:00:39.361+0000] {dag.py:3823} INFO - Setting next_dagrun for example_task_group_decorator to 2025-11-27 00:00:00+00:00, run_after=2025-11-28 00:00:00+00:00
[2025-11-28T07:00:39.410+0000] {processor.py:183} INFO - Processing /home/airflow/.local/lib/python3.8/site-packages/airflow/example_dags/example_task_group_decorator.py took 0.145 seconds
[2025-11-28T07:01:09.705+0000] {processor.py:161} INFO - Started process (PID=1041) to work on /home/airflow/.local/lib/python3.8/site-packages/airflow/example_dags/example_task_group_decorator.py
[2025-11-28T07:01:09.707+0000] {processor.py:830} INFO - Processing file /home/airflow/.local/lib/python3.8/site-packages/airflow/example_dags/example_task_group_decorator.py for tasks to queue
[2025-11-28T07:01:09.711+0000] {logging_mixin.py:188} INFO - [2025-11-28T07:01:09.710+0000] {dagbag.py:538} INFO - Filling up the DagBag from /home/airflow/.local/lib/python3.8/site-packages/airflow/example_dags/example_task_group_decorator.py
[2025-11-28T07:01:09.722+0000] {processor.py:840} INFO - DAG(s) 'example_task_group_decorator' retrieved from /home/airflow/.local/lib/python3.8/site-packages/airflow/example_dags/example_task_group_decorator.py
[2025-11-28T07:01:09.758+0000] {logging_mixin.py:188} INFO - [2025-11-28T07:01:09.758+0000] {dag.py:3036} INFO - Sync 1 DAGs
[2025-11-28T07:01:09.785+0000] {logging_mixin.py:188} INFO - [2025-11-28T07:01:09.784+0000] {dag.py:3823} INFO - Setting next_dagrun for example_task_group_decorator to 2025-11-27 00:00:00+00:00, run_after=2025-11-28 00:00:00+00:00
[2025-11-28T07:01:09.806+0000] {processor.py:183} INFO - Processing /home/airflow/.local/lib/python3.8/site-packages/airflow/example_dags/example_task_group_decorator.py took 0.104 seconds
[2025-11-28T07:01:40.128+0000] {processor.py:161} INFO - Started process (PID=1095) to work on /home/airflow/.local/lib/python3.8/site-packages/airflow/example_dags/example_task_group_decorator.py
[2025-11-28T07:01:40.129+0000] {processor.py:830} INFO - Processing file /home/airflow/.local/lib/python3.8/site-packages/airflow/example_dags/example_task_group_decorator.py for tasks to queue
[2025-11-28T07:01:40.133+0000] {logging_mixin.py:188} INFO - [2025-11-28T07:01:40.133+0000] {dagbag.py:538} INFO - Filling up the DagBag from /home/airflow/.local/lib/python3.8/site-packages/airflow/example_dags/example_task_group_decorator.py
[2025-11-28T07:01:40.155+0000] {processor.py:840} INFO - DAG(s) 'example_task_group_decorator' retrieved from /home/airflow/.local/lib/python3.8/site-packages/airflow/example_dags/example_task_group_decorator.py
[2025-11-28T07:01:40.182+0000] {logging_mixin.py:188} INFO - [2025-11-28T07:01:40.182+0000] {dag.py:3036} INFO - Sync 1 DAGs
[2025-11-28T07:01:40.203+0000] {logging_mixin.py:188} INFO - [2025-11-28T07:01:40.202+0000] {dag.py:3823} INFO - Setting next_dagrun for example_task_group_decorator to 2025-11-27 00:00:00+00:00, run_after=2025-11-28 00:00:00+00:00
[2025-11-28T07:01:40.220+0000] {processor.py:183} INFO - Processing /home/airflow/.local/lib/python3.8/site-packages/airflow/example_dags/example_task_group_decorator.py took 0.097 seconds
[2025-11-28T07:02:10.740+0000] {processor.py:161} INFO - Started process (PID=1150) to work on /home/airflow/.local/lib/python3.8/site-packages/airflow/example_dags/example_task_group_decorator.py
[2025-11-28T07:02:10.742+0000] {processor.py:830} INFO - Processing file /home/airflow/.local/lib/python3.8/site-packages/airflow/example_dags/example_task_group_decorator.py for tasks to queue
[2025-11-28T07:02:10.743+0000] {logging_mixin.py:188} INFO - [2025-11-28T07:02:10.743+0000] {dagbag.py:538} INFO - Filling up the DagBag from /home/airflow/.local/lib/python3.8/site-packages/airflow/example_dags/example_task_group_decorator.py
[2025-11-28T07:02:10.753+0000] {processor.py:840} INFO - DAG(s) 'example_task_group_decorator' retrieved from /home/airflow/.local/lib/python3.8/site-packages/airflow/example_dags/example_task_group_decorator.py
[2025-11-28T07:02:10.773+0000] {logging_mixin.py:188} INFO - [2025-11-28T07:02:10.773+0000] {dag.py:3036} INFO - Sync 1 DAGs
[2025-11-28T07:02:10.790+0000] {logging_mixin.py:188} INFO - [2025-11-28T07:02:10.790+0000] {dag.py:3823} INFO - Setting next_dagrun for example_task_group_decorator to 2025-11-27 00:00:00+00:00, run_after=2025-11-28 00:00:00+00:00
[2025-11-28T07:02:10.810+0000] {processor.py:183} INFO - Processing /home/airflow/.local/lib/python3.8/site-packages/airflow/example_dags/example_task_group_decorator.py took 0.072 seconds
[2025-11-28T07:02:41.991+0000] {processor.py:161} INFO - Started process (PID=1204) to work on /home/airflow/.local/lib/python3.8/site-packages/airflow/example_dags/example_task_group_decorator.py
[2025-11-28T07:02:41.992+0000] {processor.py:830} INFO - Processing file /home/airflow/.local/lib/python3.8/site-packages/airflow/example_dags/example_task_group_decorator.py for tasks to queue
[2025-11-28T07:02:41.993+0000] {logging_mixin.py:188} INFO - [2025-11-28T07:02:41.993+0000] {dagbag.py:538} INFO - Filling up the DagBag from /home/airflow/.local/lib/python3.8/site-packages/airflow/example_dags/example_task_group_decorator.py
[2025-11-28T07:02:42.003+0000] {processor.py:840} INFO - DAG(s) 'example_task_group_decorator' retrieved from /home/airflow/.local/lib/python3.8/site-packages/airflow/example_dags/example_task_group_decorator.py
[2025-11-28T07:02:42.024+0000] {logging_mixin.py:188} INFO - [2025-11-28T07:02:42.024+0000] {dag.py:3036} INFO - Sync 1 DAGs
[2025-11-28T07:02:42.039+0000] {logging_mixin.py:188} INFO - [2025-11-28T07:02:42.039+0000] {dag.py:3823} INFO - Setting next_dagrun for example_task_group_decorator to 2025-11-27 00:00:00+00:00, run_after=2025-11-28 00:00:00+00:00
[2025-11-28T07:02:42.056+0000] {processor.py:183} INFO - Processing /home/airflow/.local/lib/python3.8/site-packages/airflow/example_dags/example_task_group_decorator.py took 0.067 seconds
[2025-11-28T07:03:13.410+0000] {processor.py:161} INFO - Started process (PID=1260) to work on /home/airflow/.local/lib/python3.8/site-packages/airflow/example_dags/example_task_group_decorator.py
[2025-11-28T07:03:13.425+0000] {processor.py:830} INFO - Processing file /home/airflow/.local/lib/python3.8/site-packages/airflow/example_dags/example_task_group_decorator.py for tasks to queue
[2025-11-28T07:03:13.431+0000] {logging_mixin.py:188} INFO - [2025-11-28T07:03:13.430+0000] {dagbag.py:538} INFO - Filling up the DagBag from /home/airflow/.local/lib/python3.8/site-packages/airflow/example_dags/example_task_group_decorator.py
[2025-11-28T07:03:13.453+0000] {processor.py:840} INFO - DAG(s) 'example_task_group_decorator' retrieved from /home/airflow/.local/lib/python3.8/site-packages/airflow/example_dags/example_task_group_decorator.py
[2025-11-28T07:03:13.511+0000] {logging_mixin.py:188} INFO - [2025-11-28T07:03:13.511+0000] {dag.py:3036} INFO - Sync 1 DAGs
[2025-11-28T07:03:13.548+0000] {logging_mixin.py:188} INFO - [2025-11-28T07:03:13.547+0000] {dag.py:3823} INFO - Setting next_dagrun for example_task_group_decorator to 2025-11-27 00:00:00+00:00, run_after=2025-11-28 00:00:00+00:00
[2025-11-28T07:03:13.606+0000] {processor.py:183} INFO - Processing /home/airflow/.local/lib/python3.8/site-packages/airflow/example_dags/example_task_group_decorator.py took 0.202 seconds
[2025-11-28T07:03:43.920+0000] {processor.py:161} INFO - Started process (PID=1315) to work on /home/airflow/.local/lib/python3.8/site-packages/airflow/example_dags/example_task_group_decorator.py
[2025-11-28T07:03:43.921+0000] {processor.py:830} INFO - Processing file /home/airflow/.local/lib/python3.8/site-packages/airflow/example_dags/example_task_group_decorator.py for tasks to queue
[2025-11-28T07:03:43.926+0000] {logging_mixin.py:188} INFO - [2025-11-28T07:03:43.926+0000] {dagbag.py:538} INFO - Filling up the DagBag from /home/airflow/.local/lib/python3.8/site-packages/airflow/example_dags/example_task_group_decorator.py
[2025-11-28T07:03:43.953+0000] {processor.py:840} INFO - DAG(s) 'example_task_group_decorator' retrieved from /home/airflow/.local/lib/python3.8/site-packages/airflow/example_dags/example_task_group_decorator.py
[2025-11-28T07:03:43.995+0000] {logging_mixin.py:188} INFO - [2025-11-28T07:03:43.994+0000] {dag.py:3036} INFO - Sync 1 DAGs
[2025-11-28T07:03:44.033+0000] {logging_mixin.py:188} INFO - [2025-11-28T07:03:44.033+0000] {dag.py:3823} INFO - Setting next_dagrun for example_task_group_decorator to 2025-11-27 00:00:00+00:00, run_after=2025-11-28 00:00:00+00:00
[2025-11-28T07:03:44.086+0000] {processor.py:183} INFO - Processing /home/airflow/.local/lib/python3.8/site-packages/airflow/example_dags/example_task_group_decorator.py took 0.170 seconds
[2025-11-28T07:04:14.254+0000] {processor.py:161} INFO - Started process (PID=1370) to work on /home/airflow/.local/lib/python3.8/site-packages/airflow/example_dags/example_task_group_decorator.py
[2025-11-28T07:04:14.256+0000] {processor.py:830} INFO - Processing file /home/airflow/.local/lib/python3.8/site-packages/airflow/example_dags/example_task_group_decorator.py for tasks to queue
[2025-11-28T07:04:14.260+0000] {logging_mixin.py:188} INFO - [2025-11-28T07:04:14.260+0000] {dagbag.py:538} INFO - Filling up the DagBag from /home/airflow/.local/lib/python3.8/site-packages/airflow/example_dags/example_task_group_decorator.py
[2025-11-28T07:04:14.274+0000] {processor.py:840} INFO - DAG(s) 'example_task_group_decorator' retrieved from /home/airflow/.local/lib/python3.8/site-packages/airflow/example_dags/example_task_group_decorator.py
[2025-11-28T07:04:14.316+0000] {logging_mixin.py:188} INFO - [2025-11-28T07:04:14.316+0000] {dag.py:3036} INFO - Sync 1 DAGs
[2025-11-28T07:04:14.360+0000] {logging_mixin.py:188} INFO - [2025-11-28T07:04:14.360+0000] {dag.py:3823} INFO - Setting next_dagrun for example_task_group_decorator to 2025-11-27 00:00:00+00:00, run_after=2025-11-28 00:00:00+00:00
[2025-11-28T07:04:14.386+0000] {processor.py:183} INFO - Processing /home/airflow/.local/lib/python3.8/site-packages/airflow/example_dags/example_task_group_decorator.py took 0.137 seconds
[2025-11-28T07:04:44.844+0000] {processor.py:161} INFO - Started process (PID=1425) to work on /home/airflow/.local/lib/python3.8/site-packages/airflow/example_dags/example_task_group_decorator.py
[2025-11-28T07:04:44.845+0000] {processor.py:830} INFO - Processing file /home/airflow/.local/lib/python3.8/site-packages/airflow/example_dags/example_task_group_decorator.py for tasks to queue
[2025-11-28T07:04:44.847+0000] {logging_mixin.py:188} INFO - [2025-11-28T07:04:44.847+0000] {dagbag.py:538} INFO - Filling up the DagBag from /home/airflow/.local/lib/python3.8/site-packages/airflow/example_dags/example_task_group_decorator.py
[2025-11-28T07:04:44.865+0000] {processor.py:840} INFO - DAG(s) 'example_task_group_decorator' retrieved from /home/airflow/.local/lib/python3.8/site-packages/airflow/example_dags/example_task_group_decorator.py
[2025-11-28T07:04:44.896+0000] {logging_mixin.py:188} INFO - [2025-11-28T07:04:44.895+0000] {dag.py:3036} INFO - Sync 1 DAGs
[2025-11-28T07:04:44.923+0000] {logging_mixin.py:188} INFO - [2025-11-28T07:04:44.923+0000] {dag.py:3823} INFO - Setting next_dagrun for example_task_group_decorator to 2025-11-27 00:00:00+00:00, run_after=2025-11-28 00:00:00+00:00
[2025-11-28T07:04:44.942+0000] {processor.py:183} INFO - Processing /home/airflow/.local/lib/python3.8/site-packages/airflow/example_dags/example_task_group_decorator.py took 0.101 seconds
[2025-11-28T07:05:15.415+0000] {processor.py:161} INFO - Started process (PID=1481) to work on /home/airflow/.local/lib/python3.8/site-packages/airflow/example_dags/example_task_group_decorator.py
[2025-11-28T07:05:15.416+0000] {processor.py:830} INFO - Processing file /home/airflow/.local/lib/python3.8/site-packages/airflow/example_dags/example_task_group_decorator.py for tasks to queue
[2025-11-28T07:05:15.418+0000] {logging_mixin.py:188} INFO - [2025-11-28T07:05:15.418+0000] {dagbag.py:538} INFO - Filling up the DagBag from /home/airflow/.local/lib/python3.8/site-packages/airflow/example_dags/example_task_group_decorator.py
[2025-11-28T07:05:15.428+0000] {processor.py:840} INFO - DAG(s) 'example_task_group_decorator' retrieved from /home/airflow/.local/lib/python3.8/site-packages/airflow/example_dags/example_task_group_decorator.py
[2025-11-28T07:05:15.449+0000] {logging_mixin.py:188} INFO - [2025-11-28T07:05:15.449+0000] {dag.py:3036} INFO - Sync 1 DAGs
[2025-11-28T07:05:15.466+0000] {logging_mixin.py:188} INFO - [2025-11-28T07:05:15.466+0000] {dag.py:3823} INFO - Setting next_dagrun for example_task_group_decorator to 2025-11-27 00:00:00+00:00, run_after=2025-11-28 00:00:00+00:00
[2025-11-28T07:05:15.483+0000] {processor.py:183} INFO - Processing /home/airflow/.local/lib/python3.8/site-packages/airflow/example_dags/example_task_group_decorator.py took 0.070 seconds
[2025-11-28T07:05:45.982+0000] {processor.py:161} INFO - Started process (PID=1536) to work on /home/airflow/.local/lib/python3.8/site-packages/airflow/example_dags/example_task_group_decorator.py
[2025-11-28T07:05:45.984+0000] {processor.py:830} INFO - Processing file /home/airflow/.local/lib/python3.8/site-packages/airflow/example_dags/example_task_group_decorator.py for tasks to queue
[2025-11-28T07:05:45.986+0000] {logging_mixin.py:188} INFO - [2025-11-28T07:05:45.986+0000] {dagbag.py:538} INFO - Filling up the DagBag from /home/airflow/.local/lib/python3.8/site-packages/airflow/example_dags/example_task_group_decorator.py
[2025-11-28T07:05:46.004+0000] {processor.py:840} INFO - DAG(s) 'example_task_group_decorator' retrieved from /home/airflow/.local/lib/python3.8/site-packages/airflow/example_dags/example_task_group_decorator.py
[2025-11-28T07:05:46.031+0000] {logging_mixin.py:188} INFO - [2025-11-28T07:05:46.030+0000] {dag.py:3036} INFO - Sync 1 DAGs
[2025-11-28T07:05:46.059+0000] {logging_mixin.py:188} INFO - [2025-11-28T07:05:46.059+0000] {dag.py:3823} INFO - Setting next_dagrun for example_task_group_decorator to 2025-11-27 00:00:00+00:00, run_after=2025-11-28 00:00:00+00:00
[2025-11-28T07:05:46.078+0000] {processor.py:183} INFO - Processing /home/airflow/.local/lib/python3.8/site-packages/airflow/example_dags/example_task_group_decorator.py took 0.098 seconds
[2025-11-28T07:06:16.772+0000] {processor.py:161} INFO - Started process (PID=1591) to work on /home/airflow/.local/lib/python3.8/site-packages/airflow/example_dags/example_task_group_decorator.py
[2025-11-28T07:06:16.773+0000] {processor.py:830} INFO - Processing file /home/airflow/.local/lib/python3.8/site-packages/airflow/example_dags/example_task_group_decorator.py for tasks to queue
[2025-11-28T07:06:16.775+0000] {logging_mixin.py:188} INFO - [2025-11-28T07:06:16.775+0000] {dagbag.py:538} INFO - Filling up the DagBag from /home/airflow/.local/lib/python3.8/site-packages/airflow/example_dags/example_task_group_decorator.py
[2025-11-28T07:06:16.789+0000] {processor.py:840} INFO - DAG(s) 'example_task_group_decorator' retrieved from /home/airflow/.local/lib/python3.8/site-packages/airflow/example_dags/example_task_group_decorator.py
[2025-11-28T07:06:16.823+0000] {logging_mixin.py:188} INFO - [2025-11-28T07:06:16.822+0000] {dag.py:3036} INFO - Sync 1 DAGs
[2025-11-28T07:06:16.838+0000] {logging_mixin.py:188} INFO - [2025-11-28T07:06:16.838+0000] {dag.py:3823} INFO - Setting next_dagrun for example_task_group_decorator to 2025-11-27 00:00:00+00:00, run_after=2025-11-28 00:00:00+00:00
[2025-11-28T07:06:16.855+0000] {processor.py:183} INFO - Processing /home/airflow/.local/lib/python3.8/site-packages/airflow/example_dags/example_task_group_decorator.py took 0.086 seconds
[2025-11-28T07:06:46.999+0000] {processor.py:161} INFO - Started process (PID=1646) to work on /home/airflow/.local/lib/python3.8/site-packages/airflow/example_dags/example_task_group_decorator.py
[2025-11-28T07:06:47.001+0000] {processor.py:830} INFO - Processing file /home/airflow/.local/lib/python3.8/site-packages/airflow/example_dags/example_task_group_decorator.py for tasks to queue
[2025-11-28T07:06:47.003+0000] {logging_mixin.py:188} INFO - [2025-11-28T07:06:47.003+0000] {dagbag.py:538} INFO - Filling up the DagBag from /home/airflow/.local/lib/python3.8/site-packages/airflow/example_dags/example_task_group_decorator.py
[2025-11-28T07:06:47.018+0000] {processor.py:840} INFO - DAG(s) 'example_task_group_decorator' retrieved from /home/airflow/.local/lib/python3.8/site-packages/airflow/example_dags/example_task_group_decorator.py
[2025-11-28T07:06:47.049+0000] {logging_mixin.py:188} INFO - [2025-11-28T07:06:47.049+0000] {dag.py:3036} INFO - Sync 1 DAGs
[2025-11-28T07:06:47.075+0000] {logging_mixin.py:188} INFO - [2025-11-28T07:06:47.075+0000] {dag.py:3823} INFO - Setting next_dagrun for example_task_group_decorator to 2025-11-27 00:00:00+00:00, run_after=2025-11-28 00:00:00+00:00
[2025-11-28T07:06:47.099+0000] {processor.py:183} INFO - Processing /home/airflow/.local/lib/python3.8/site-packages/airflow/example_dags/example_task_group_decorator.py took 0.105 seconds
[2025-11-28T07:07:17.697+0000] {processor.py:161} INFO - Started process (PID=1701) to work on /home/airflow/.local/lib/python3.8/site-packages/airflow/example_dags/example_task_group_decorator.py
[2025-11-28T07:07:17.698+0000] {processor.py:830} INFO - Processing file /home/airflow/.local/lib/python3.8/site-packages/airflow/example_dags/example_task_group_decorator.py for tasks to queue
[2025-11-28T07:07:17.702+0000] {logging_mixin.py:188} INFO - [2025-11-28T07:07:17.701+0000] {dagbag.py:538} INFO - Filling up the DagBag from /home/airflow/.local/lib/python3.8/site-packages/airflow/example_dags/example_task_group_decorator.py
[2025-11-28T07:07:17.711+0000] {processor.py:840} INFO - DAG(s) 'example_task_group_decorator' retrieved from /home/airflow/.local/lib/python3.8/site-packages/airflow/example_dags/example_task_group_decorator.py
[2025-11-28T07:07:17.735+0000] {logging_mixin.py:188} INFO - [2025-11-28T07:07:17.735+0000] {dag.py:3036} INFO - Sync 1 DAGs
[2025-11-28T07:07:17.753+0000] {logging_mixin.py:188} INFO - [2025-11-28T07:07:17.753+0000] {dag.py:3823} INFO - Setting next_dagrun for example_task_group_decorator to 2025-11-27 00:00:00+00:00, run_after=2025-11-28 00:00:00+00:00
[2025-11-28T07:07:17.771+0000] {processor.py:183} INFO - Processing /home/airflow/.local/lib/python3.8/site-packages/airflow/example_dags/example_task_group_decorator.py took 0.077 seconds
[2025-11-28T07:07:48.155+0000] {processor.py:161} INFO - Started process (PID=1756) to work on /home/airflow/.local/lib/python3.8/site-packages/airflow/example_dags/example_task_group_decorator.py
[2025-11-28T07:07:48.157+0000] {processor.py:830} INFO - Processing file /home/airflow/.local/lib/python3.8/site-packages/airflow/example_dags/example_task_group_decorator.py for tasks to queue
[2025-11-28T07:07:48.160+0000] {logging_mixin.py:188} INFO - [2025-11-28T07:07:48.160+0000] {dagbag.py:538} INFO - Filling up the DagBag from /home/airflow/.local/lib/python3.8/site-packages/airflow/example_dags/example_task_group_decorator.py
[2025-11-28T07:07:48.176+0000] {processor.py:840} INFO - DAG(s) 'example_task_group_decorator' retrieved from /home/airflow/.local/lib/python3.8/site-packages/airflow/example_dags/example_task_group_decorator.py
[2025-11-28T07:07:48.199+0000] {logging_mixin.py:188} INFO - [2025-11-28T07:07:48.199+0000] {dag.py:3036} INFO - Sync 1 DAGs
[2025-11-28T07:07:48.214+0000] {logging_mixin.py:188} INFO - [2025-11-28T07:07:48.214+0000] {dag.py:3823} INFO - Setting next_dagrun for example_task_group_decorator to 2025-11-27 00:00:00+00:00, run_after=2025-11-28 00:00:00+00:00
[2025-11-28T07:07:48.231+0000] {processor.py:183} INFO - Processing /home/airflow/.local/lib/python3.8/site-packages/airflow/example_dags/example_task_group_decorator.py took 0.082 seconds
[2025-11-28T07:08:18.704+0000] {processor.py:161} INFO - Started process (PID=1811) to work on /home/airflow/.local/lib/python3.8/site-packages/airflow/example_dags/example_task_group_decorator.py
[2025-11-28T07:08:18.706+0000] {processor.py:830} INFO - Processing file /home/airflow/.local/lib/python3.8/site-packages/airflow/example_dags/example_task_group_decorator.py for tasks to queue
[2025-11-28T07:08:18.708+0000] {logging_mixin.py:188} INFO - [2025-11-28T07:08:18.708+0000] {dagbag.py:538} INFO - Filling up the DagBag from /home/airflow/.local/lib/python3.8/site-packages/airflow/example_dags/example_task_group_decorator.py
[2025-11-28T07:08:18.722+0000] {processor.py:840} INFO - DAG(s) 'example_task_group_decorator' retrieved from /home/airflow/.local/lib/python3.8/site-packages/airflow/example_dags/example_task_group_decorator.py
[2025-11-28T07:08:18.751+0000] {logging_mixin.py:188} INFO - [2025-11-28T07:08:18.751+0000] {dag.py:3036} INFO - Sync 1 DAGs
[2025-11-28T07:08:18.769+0000] {logging_mixin.py:188} INFO - [2025-11-28T07:08:18.769+0000] {dag.py:3823} INFO - Setting next_dagrun for example_task_group_decorator to 2025-11-27 00:00:00+00:00, run_after=2025-11-28 00:00:00+00:00
[2025-11-28T07:08:18.789+0000] {processor.py:183} INFO - Processing /home/airflow/.local/lib/python3.8/site-packages/airflow/example_dags/example_task_group_decorator.py took 0.090 seconds
[2025-11-28T07:08:49.599+0000] {processor.py:161} INFO - Started process (PID=1866) to work on /home/airflow/.local/lib/python3.8/site-packages/airflow/example_dags/example_task_group_decorator.py
[2025-11-28T07:08:49.600+0000] {processor.py:830} INFO - Processing file /home/airflow/.local/lib/python3.8/site-packages/airflow/example_dags/example_task_group_decorator.py for tasks to queue
[2025-11-28T07:08:49.602+0000] {logging_mixin.py:188} INFO - [2025-11-28T07:08:49.602+0000] {dagbag.py:538} INFO - Filling up the DagBag from /home/airflow/.local/lib/python3.8/site-packages/airflow/example_dags/example_task_group_decorator.py
[2025-11-28T07:08:49.614+0000] {processor.py:840} INFO - DAG(s) 'example_task_group_decorator' retrieved from /home/airflow/.local/lib/python3.8/site-packages/airflow/example_dags/example_task_group_decorator.py
[2025-11-28T07:08:49.635+0000] {logging_mixin.py:188} INFO - [2025-11-28T07:08:49.635+0000] {dag.py:3036} INFO - Sync 1 DAGs
[2025-11-28T07:08:49.654+0000] {logging_mixin.py:188} INFO - [2025-11-28T07:08:49.654+0000] {dag.py:3823} INFO - Setting next_dagrun for example_task_group_decorator to 2025-11-27 00:00:00+00:00, run_after=2025-11-28 00:00:00+00:00
[2025-11-28T07:08:49.671+0000] {processor.py:183} INFO - Processing /home/airflow/.local/lib/python3.8/site-packages/airflow/example_dags/example_task_group_decorator.py took 0.076 seconds
[2025-11-28T07:09:20.709+0000] {processor.py:161} INFO - Started process (PID=1921) to work on /home/airflow/.local/lib/python3.8/site-packages/airflow/example_dags/example_task_group_decorator.py
[2025-11-28T07:09:20.710+0000] {processor.py:830} INFO - Processing file /home/airflow/.local/lib/python3.8/site-packages/airflow/example_dags/example_task_group_decorator.py for tasks to queue
[2025-11-28T07:09:20.712+0000] {logging_mixin.py:188} INFO - [2025-11-28T07:09:20.712+0000] {dagbag.py:538} INFO - Filling up the DagBag from /home/airflow/.local/lib/python3.8/site-packages/airflow/example_dags/example_task_group_decorator.py
[2025-11-28T07:09:20.722+0000] {processor.py:840} INFO - DAG(s) 'example_task_group_decorator' retrieved from /home/airflow/.local/lib/python3.8/site-packages/airflow/example_dags/example_task_group_decorator.py
[2025-11-28T07:09:20.747+0000] {logging_mixin.py:188} INFO - [2025-11-28T07:09:20.747+0000] {dag.py:3036} INFO - Sync 1 DAGs
[2025-11-28T07:09:20.775+0000] {logging_mixin.py:188} INFO - [2025-11-28T07:09:20.775+0000] {dag.py:3823} INFO - Setting next_dagrun for example_task_group_decorator to 2025-11-27 00:00:00+00:00, run_after=2025-11-28 00:00:00+00:00
[2025-11-28T07:09:20.797+0000] {processor.py:183} INFO - Processing /home/airflow/.local/lib/python3.8/site-packages/airflow/example_dags/example_task_group_decorator.py took 0.093 seconds
[2025-11-28T07:09:51.380+0000] {processor.py:161} INFO - Started process (PID=1976) to work on /home/airflow/.local/lib/python3.8/site-packages/airflow/example_dags/example_task_group_decorator.py
[2025-11-28T07:09:51.381+0000] {processor.py:830} INFO - Processing file /home/airflow/.local/lib/python3.8/site-packages/airflow/example_dags/example_task_group_decorator.py for tasks to queue
[2025-11-28T07:09:51.383+0000] {logging_mixin.py:188} INFO - [2025-11-28T07:09:51.382+0000] {dagbag.py:538} INFO - Filling up the DagBag from /home/airflow/.local/lib/python3.8/site-packages/airflow/example_dags/example_task_group_decorator.py
[2025-11-28T07:09:51.395+0000] {processor.py:840} INFO - DAG(s) 'example_task_group_decorator' retrieved from /home/airflow/.local/lib/python3.8/site-packages/airflow/example_dags/example_task_group_decorator.py
[2025-11-28T07:09:51.419+0000] {logging_mixin.py:188} INFO - [2025-11-28T07:09:51.419+0000] {dag.py:3036} INFO - Sync 1 DAGs
[2025-11-28T07:09:51.445+0000] {logging_mixin.py:188} INFO - [2025-11-28T07:09:51.444+0000] {dag.py:3823} INFO - Setting next_dagrun for example_task_group_decorator to 2025-11-27 00:00:00+00:00, run_after=2025-11-28 00:00:00+00:00
[2025-11-28T07:09:51.469+0000] {processor.py:183} INFO - Processing /home/airflow/.local/lib/python3.8/site-packages/airflow/example_dags/example_task_group_decorator.py took 0.093 seconds
[2025-11-28T07:10:21.595+0000] {processor.py:161} INFO - Started process (PID=2031) to work on /home/airflow/.local/lib/python3.8/site-packages/airflow/example_dags/example_task_group_decorator.py
[2025-11-28T07:10:21.596+0000] {processor.py:830} INFO - Processing file /home/airflow/.local/lib/python3.8/site-packages/airflow/example_dags/example_task_group_decorator.py for tasks to queue
[2025-11-28T07:10:21.598+0000] {logging_mixin.py:188} INFO - [2025-11-28T07:10:21.597+0000] {dagbag.py:538} INFO - Filling up the DagBag from /home/airflow/.local/lib/python3.8/site-packages/airflow/example_dags/example_task_group_decorator.py
[2025-11-28T07:10:21.609+0000] {processor.py:840} INFO - DAG(s) 'example_task_group_decorator' retrieved from /home/airflow/.local/lib/python3.8/site-packages/airflow/example_dags/example_task_group_decorator.py
[2025-11-28T07:10:21.642+0000] {logging_mixin.py:188} INFO - [2025-11-28T07:10:21.642+0000] {dag.py:3036} INFO - Sync 1 DAGs
[2025-11-28T07:10:21.660+0000] {logging_mixin.py:188} INFO - [2025-11-28T07:10:21.659+0000] {dag.py:3823} INFO - Setting next_dagrun for example_task_group_decorator to 2025-11-27 00:00:00+00:00, run_after=2025-11-28 00:00:00+00:00
[2025-11-28T07:10:21.686+0000] {processor.py:183} INFO - Processing /home/airflow/.local/lib/python3.8/site-packages/airflow/example_dags/example_task_group_decorator.py took 0.094 seconds
[2025-11-28T07:10:51.962+0000] {processor.py:161} INFO - Started process (PID=2086) to work on /home/airflow/.local/lib/python3.8/site-packages/airflow/example_dags/example_task_group_decorator.py
[2025-11-28T07:10:51.963+0000] {processor.py:830} INFO - Processing file /home/airflow/.local/lib/python3.8/site-packages/airflow/example_dags/example_task_group_decorator.py for tasks to queue
[2025-11-28T07:10:51.965+0000] {logging_mixin.py:188} INFO - [2025-11-28T07:10:51.965+0000] {dagbag.py:538} INFO - Filling up the DagBag from /home/airflow/.local/lib/python3.8/site-packages/airflow/example_dags/example_task_group_decorator.py
[2025-11-28T07:10:51.977+0000] {processor.py:840} INFO - DAG(s) 'example_task_group_decorator' retrieved from /home/airflow/.local/lib/python3.8/site-packages/airflow/example_dags/example_task_group_decorator.py
[2025-11-28T07:10:51.999+0000] {logging_mixin.py:188} INFO - [2025-11-28T07:10:51.998+0000] {dag.py:3036} INFO - Sync 1 DAGs
[2025-11-28T07:10:52.027+0000] {logging_mixin.py:188} INFO - [2025-11-28T07:10:52.027+0000] {dag.py:3823} INFO - Setting next_dagrun for example_task_group_decorator to 2025-11-27 00:00:00+00:00, run_after=2025-11-28 00:00:00+00:00
[2025-11-28T07:10:52.044+0000] {processor.py:183} INFO - Processing /home/airflow/.local/lib/python3.8/site-packages/airflow/example_dags/example_task_group_decorator.py took 0.085 seconds
[2025-11-28T07:11:22.858+0000] {processor.py:161} INFO - Started process (PID=2141) to work on /home/airflow/.local/lib/python3.8/site-packages/airflow/example_dags/example_task_group_decorator.py
[2025-11-28T07:11:22.860+0000] {processor.py:830} INFO - Processing file /home/airflow/.local/lib/python3.8/site-packages/airflow/example_dags/example_task_group_decorator.py for tasks to queue
[2025-11-28T07:11:22.862+0000] {logging_mixin.py:188} INFO - [2025-11-28T07:11:22.862+0000] {dagbag.py:538} INFO - Filling up the DagBag from /home/airflow/.local/lib/python3.8/site-packages/airflow/example_dags/example_task_group_decorator.py
[2025-11-28T07:11:22.873+0000] {processor.py:840} INFO - DAG(s) 'example_task_group_decorator' retrieved from /home/airflow/.local/lib/python3.8/site-packages/airflow/example_dags/example_task_group_decorator.py
[2025-11-28T07:11:22.898+0000] {logging_mixin.py:188} INFO - [2025-11-28T07:11:22.898+0000] {dag.py:3036} INFO - Sync 1 DAGs
[2025-11-28T07:11:22.918+0000] {logging_mixin.py:188} INFO - [2025-11-28T07:11:22.917+0000] {dag.py:3823} INFO - Setting next_dagrun for example_task_group_decorator to 2025-11-27 00:00:00+00:00, run_after=2025-11-28 00:00:00+00:00
[2025-11-28T07:11:22.934+0000] {processor.py:183} INFO - Processing /home/airflow/.local/lib/python3.8/site-packages/airflow/example_dags/example_task_group_decorator.py took 0.078 seconds
[2025-11-28T07:11:53.096+0000] {processor.py:161} INFO - Started process (PID=2196) to work on /home/airflow/.local/lib/python3.8/site-packages/airflow/example_dags/example_task_group_decorator.py
[2025-11-28T07:11:53.098+0000] {processor.py:830} INFO - Processing file /home/airflow/.local/lib/python3.8/site-packages/airflow/example_dags/example_task_group_decorator.py for tasks to queue
[2025-11-28T07:11:53.100+0000] {logging_mixin.py:188} INFO - [2025-11-28T07:11:53.099+0000] {dagbag.py:538} INFO - Filling up the DagBag from /home/airflow/.local/lib/python3.8/site-packages/airflow/example_dags/example_task_group_decorator.py
[2025-11-28T07:11:53.112+0000] {processor.py:840} INFO - DAG(s) 'example_task_group_decorator' retrieved from /home/airflow/.local/lib/python3.8/site-packages/airflow/example_dags/example_task_group_decorator.py
[2025-11-28T07:11:53.139+0000] {logging_mixin.py:188} INFO - [2025-11-28T07:11:53.139+0000] {dag.py:3036} INFO - Sync 1 DAGs
[2025-11-28T07:11:53.156+0000] {logging_mixin.py:188} INFO - [2025-11-28T07:11:53.156+0000] {dag.py:3823} INFO - Setting next_dagrun for example_task_group_decorator to 2025-11-27 00:00:00+00:00, run_after=2025-11-28 00:00:00+00:00
[2025-11-28T07:11:53.173+0000] {processor.py:183} INFO - Processing /home/airflow/.local/lib/python3.8/site-packages/airflow/example_dags/example_task_group_decorator.py took 0.080 seconds
[2025-11-28T07:12:23.643+0000] {processor.py:161} INFO - Started process (PID=2251) to work on /home/airflow/.local/lib/python3.8/site-packages/airflow/example_dags/example_task_group_decorator.py
[2025-11-28T07:12:23.645+0000] {processor.py:830} INFO - Processing file /home/airflow/.local/lib/python3.8/site-packages/airflow/example_dags/example_task_group_decorator.py for tasks to queue
[2025-11-28T07:12:23.650+0000] {logging_mixin.py:188} INFO - [2025-11-28T07:12:23.648+0000] {dagbag.py:538} INFO - Filling up the DagBag from /home/airflow/.local/lib/python3.8/site-packages/airflow/example_dags/example_task_group_decorator.py
[2025-11-28T07:12:23.663+0000] {processor.py:840} INFO - DAG(s) 'example_task_group_decorator' retrieved from /home/airflow/.local/lib/python3.8/site-packages/airflow/example_dags/example_task_group_decorator.py
[2025-11-28T07:12:23.698+0000] {logging_mixin.py:188} INFO - [2025-11-28T07:12:23.698+0000] {dag.py:3036} INFO - Sync 1 DAGs
[2025-11-28T07:12:23.715+0000] {logging_mixin.py:188} INFO - [2025-11-28T07:12:23.715+0000] {dag.py:3823} INFO - Setting next_dagrun for example_task_group_decorator to 2025-11-27 00:00:00+00:00, run_after=2025-11-28 00:00:00+00:00
[2025-11-28T07:12:23.730+0000] {processor.py:183} INFO - Processing /home/airflow/.local/lib/python3.8/site-packages/airflow/example_dags/example_task_group_decorator.py took 0.091 seconds
[2025-11-28T07:12:54.271+0000] {processor.py:161} INFO - Started process (PID=2306) to work on /home/airflow/.local/lib/python3.8/site-packages/airflow/example_dags/example_task_group_decorator.py
[2025-11-28T07:12:54.273+0000] {processor.py:830} INFO - Processing file /home/airflow/.local/lib/python3.8/site-packages/airflow/example_dags/example_task_group_decorator.py for tasks to queue
[2025-11-28T07:12:54.276+0000] {logging_mixin.py:188} INFO - [2025-11-28T07:12:54.276+0000] {dagbag.py:538} INFO - Filling up the DagBag from /home/airflow/.local/lib/python3.8/site-packages/airflow/example_dags/example_task_group_decorator.py
[2025-11-28T07:12:54.288+0000] {processor.py:840} INFO - DAG(s) 'example_task_group_decorator' retrieved from /home/airflow/.local/lib/python3.8/site-packages/airflow/example_dags/example_task_group_decorator.py
[2025-11-28T07:12:54.308+0000] {logging_mixin.py:188} INFO - [2025-11-28T07:12:54.308+0000] {dag.py:3036} INFO - Sync 1 DAGs
[2025-11-28T07:12:54.328+0000] {logging_mixin.py:188} INFO - [2025-11-28T07:12:54.328+0000] {dag.py:3823} INFO - Setting next_dagrun for example_task_group_decorator to 2025-11-27 00:00:00+00:00, run_after=2025-11-28 00:00:00+00:00
[2025-11-28T07:12:54.347+0000] {processor.py:183} INFO - Processing /home/airflow/.local/lib/python3.8/site-packages/airflow/example_dags/example_task_group_decorator.py took 0.080 seconds
[2025-11-28T07:13:25.213+0000] {processor.py:161} INFO - Started process (PID=2361) to work on /home/airflow/.local/lib/python3.8/site-packages/airflow/example_dags/example_task_group_decorator.py
[2025-11-28T07:13:25.215+0000] {processor.py:830} INFO - Processing file /home/airflow/.local/lib/python3.8/site-packages/airflow/example_dags/example_task_group_decorator.py for tasks to queue
[2025-11-28T07:13:25.217+0000] {logging_mixin.py:188} INFO - [2025-11-28T07:13:25.217+0000] {dagbag.py:538} INFO - Filling up the DagBag from /home/airflow/.local/lib/python3.8/site-packages/airflow/example_dags/example_task_group_decorator.py
[2025-11-28T07:13:25.230+0000] {processor.py:840} INFO - DAG(s) 'example_task_group_decorator' retrieved from /home/airflow/.local/lib/python3.8/site-packages/airflow/example_dags/example_task_group_decorator.py
[2025-11-28T07:13:25.255+0000] {logging_mixin.py:188} INFO - [2025-11-28T07:13:25.254+0000] {dag.py:3036} INFO - Sync 1 DAGs
[2025-11-28T07:13:25.277+0000] {logging_mixin.py:188} INFO - [2025-11-28T07:13:25.277+0000] {dag.py:3823} INFO - Setting next_dagrun for example_task_group_decorator to 2025-11-27 00:00:00+00:00, run_after=2025-11-28 00:00:00+00:00
[2025-11-28T07:13:25.305+0000] {processor.py:183} INFO - Processing /home/airflow/.local/lib/python3.8/site-packages/airflow/example_dags/example_task_group_decorator.py took 0.095 seconds
[2025-11-28T07:13:55.738+0000] {processor.py:161} INFO - Started process (PID=2416) to work on /home/airflow/.local/lib/python3.8/site-packages/airflow/example_dags/example_task_group_decorator.py
[2025-11-28T07:13:55.739+0000] {processor.py:830} INFO - Processing file /home/airflow/.local/lib/python3.8/site-packages/airflow/example_dags/example_task_group_decorator.py for tasks to queue
[2025-11-28T07:13:55.741+0000] {logging_mixin.py:188} INFO - [2025-11-28T07:13:55.741+0000] {dagbag.py:538} INFO - Filling up the DagBag from /home/airflow/.local/lib/python3.8/site-packages/airflow/example_dags/example_task_group_decorator.py
[2025-11-28T07:13:55.756+0000] {processor.py:840} INFO - DAG(s) 'example_task_group_decorator' retrieved from /home/airflow/.local/lib/python3.8/site-packages/airflow/example_dags/example_task_group_decorator.py
[2025-11-28T07:13:55.782+0000] {logging_mixin.py:188} INFO - [2025-11-28T07:13:55.782+0000] {dag.py:3036} INFO - Sync 1 DAGs
[2025-11-28T07:13:55.803+0000] {logging_mixin.py:188} INFO - [2025-11-28T07:13:55.803+0000] {dag.py:3823} INFO - Setting next_dagrun for example_task_group_decorator to 2025-11-27 00:00:00+00:00, run_after=2025-11-28 00:00:00+00:00
[2025-11-28T07:13:55.825+0000] {processor.py:183} INFO - Processing /home/airflow/.local/lib/python3.8/site-packages/airflow/example_dags/example_task_group_decorator.py took 0.091 seconds
[2025-11-28T07:14:26.164+0000] {processor.py:161} INFO - Started process (PID=2472) to work on /home/airflow/.local/lib/python3.8/site-packages/airflow/example_dags/example_task_group_decorator.py
[2025-11-28T07:14:26.165+0000] {processor.py:830} INFO - Processing file /home/airflow/.local/lib/python3.8/site-packages/airflow/example_dags/example_task_group_decorator.py for tasks to queue
[2025-11-28T07:14:26.167+0000] {logging_mixin.py:188} INFO - [2025-11-28T07:14:26.167+0000] {dagbag.py:538} INFO - Filling up the DagBag from /home/airflow/.local/lib/python3.8/site-packages/airflow/example_dags/example_task_group_decorator.py
[2025-11-28T07:14:26.178+0000] {processor.py:840} INFO - DAG(s) 'example_task_group_decorator' retrieved from /home/airflow/.local/lib/python3.8/site-packages/airflow/example_dags/example_task_group_decorator.py
[2025-11-28T07:14:26.199+0000] {logging_mixin.py:188} INFO - [2025-11-28T07:14:26.199+0000] {dag.py:3036} INFO - Sync 1 DAGs
[2025-11-28T07:14:26.220+0000] {logging_mixin.py:188} INFO - [2025-11-28T07:14:26.220+0000] {dag.py:3823} INFO - Setting next_dagrun for example_task_group_decorator to 2025-11-27 00:00:00+00:00, run_after=2025-11-28 00:00:00+00:00
[2025-11-28T07:14:26.241+0000] {processor.py:183} INFO - Processing /home/airflow/.local/lib/python3.8/site-packages/airflow/example_dags/example_task_group_decorator.py took 0.079 seconds
[2025-11-28T07:14:56.395+0000] {processor.py:161} INFO - Started process (PID=2527) to work on /home/airflow/.local/lib/python3.8/site-packages/airflow/example_dags/example_task_group_decorator.py
[2025-11-28T07:14:56.396+0000] {processor.py:830} INFO - Processing file /home/airflow/.local/lib/python3.8/site-packages/airflow/example_dags/example_task_group_decorator.py for tasks to queue
[2025-11-28T07:14:56.398+0000] {logging_mixin.py:188} INFO - [2025-11-28T07:14:56.398+0000] {dagbag.py:538} INFO - Filling up the DagBag from /home/airflow/.local/lib/python3.8/site-packages/airflow/example_dags/example_task_group_decorator.py
[2025-11-28T07:14:56.412+0000] {processor.py:840} INFO - DAG(s) 'example_task_group_decorator' retrieved from /home/airflow/.local/lib/python3.8/site-packages/airflow/example_dags/example_task_group_decorator.py
[2025-11-28T07:14:56.448+0000] {logging_mixin.py:188} INFO - [2025-11-28T07:14:56.448+0000] {dag.py:3036} INFO - Sync 1 DAGs
[2025-11-28T07:14:56.467+0000] {logging_mixin.py:188} INFO - [2025-11-28T07:14:56.467+0000] {dag.py:3823} INFO - Setting next_dagrun for example_task_group_decorator to 2025-11-27 00:00:00+00:00, run_after=2025-11-28 00:00:00+00:00
[2025-11-28T07:14:56.491+0000] {processor.py:183} INFO - Processing /home/airflow/.local/lib/python3.8/site-packages/airflow/example_dags/example_task_group_decorator.py took 0.099 seconds
[2025-11-28T07:15:27.451+0000] {processor.py:161} INFO - Started process (PID=2582) to work on /home/airflow/.local/lib/python3.8/site-packages/airflow/example_dags/example_task_group_decorator.py
[2025-11-28T07:15:27.453+0000] {processor.py:830} INFO - Processing file /home/airflow/.local/lib/python3.8/site-packages/airflow/example_dags/example_task_group_decorator.py for tasks to queue
[2025-11-28T07:15:27.456+0000] {logging_mixin.py:188} INFO - [2025-11-28T07:15:27.456+0000] {dagbag.py:538} INFO - Filling up the DagBag from /home/airflow/.local/lib/python3.8/site-packages/airflow/example_dags/example_task_group_decorator.py
[2025-11-28T07:15:27.471+0000] {processor.py:840} INFO - DAG(s) 'example_task_group_decorator' retrieved from /home/airflow/.local/lib/python3.8/site-packages/airflow/example_dags/example_task_group_decorator.py
[2025-11-28T07:15:27.491+0000] {logging_mixin.py:188} INFO - [2025-11-28T07:15:27.490+0000] {dag.py:3036} INFO - Sync 1 DAGs
[2025-11-28T07:15:27.507+0000] {logging_mixin.py:188} INFO - [2025-11-28T07:15:27.507+0000] {dag.py:3823} INFO - Setting next_dagrun for example_task_group_decorator to 2025-11-27 00:00:00+00:00, run_after=2025-11-28 00:00:00+00:00
[2025-11-28T07:15:27.522+0000] {processor.py:183} INFO - Processing /home/airflow/.local/lib/python3.8/site-packages/airflow/example_dags/example_task_group_decorator.py took 0.074 seconds
[2025-11-28T07:15:58.403+0000] {processor.py:161} INFO - Started process (PID=2637) to work on /home/airflow/.local/lib/python3.8/site-packages/airflow/example_dags/example_task_group_decorator.py
[2025-11-28T07:15:58.404+0000] {processor.py:830} INFO - Processing file /home/airflow/.local/lib/python3.8/site-packages/airflow/example_dags/example_task_group_decorator.py for tasks to queue
[2025-11-28T07:15:58.408+0000] {logging_mixin.py:188} INFO - [2025-11-28T07:15:58.408+0000] {dagbag.py:538} INFO - Filling up the DagBag from /home/airflow/.local/lib/python3.8/site-packages/airflow/example_dags/example_task_group_decorator.py
[2025-11-28T07:15:58.438+0000] {processor.py:840} INFO - DAG(s) 'example_task_group_decorator' retrieved from /home/airflow/.local/lib/python3.8/site-packages/airflow/example_dags/example_task_group_decorator.py
[2025-11-28T07:15:58.459+0000] {logging_mixin.py:188} INFO - [2025-11-28T07:15:58.459+0000] {dag.py:3036} INFO - Sync 1 DAGs
[2025-11-28T07:15:58.475+0000] {logging_mixin.py:188} INFO - [2025-11-28T07:15:58.475+0000] {dag.py:3823} INFO - Setting next_dagrun for example_task_group_decorator to 2025-11-27 00:00:00+00:00, run_after=2025-11-28 00:00:00+00:00
[2025-11-28T07:15:58.489+0000] {processor.py:183} INFO - Processing /home/airflow/.local/lib/python3.8/site-packages/airflow/example_dags/example_task_group_decorator.py took 0.089 seconds
[2025-11-28T07:16:28.971+0000] {processor.py:161} INFO - Started process (PID=2692) to work on /home/airflow/.local/lib/python3.8/site-packages/airflow/example_dags/example_task_group_decorator.py
[2025-11-28T07:16:28.973+0000] {processor.py:830} INFO - Processing file /home/airflow/.local/lib/python3.8/site-packages/airflow/example_dags/example_task_group_decorator.py for tasks to queue
[2025-11-28T07:16:28.977+0000] {logging_mixin.py:188} INFO - [2025-11-28T07:16:28.977+0000] {dagbag.py:538} INFO - Filling up the DagBag from /home/airflow/.local/lib/python3.8/site-packages/airflow/example_dags/example_task_group_decorator.py
[2025-11-28T07:16:29.007+0000] {processor.py:840} INFO - DAG(s) 'example_task_group_decorator' retrieved from /home/airflow/.local/lib/python3.8/site-packages/airflow/example_dags/example_task_group_decorator.py
[2025-11-28T07:16:29.145+0000] {logging_mixin.py:188} INFO - [2025-11-28T07:16:29.145+0000] {dag.py:3036} INFO - Sync 1 DAGs
[2025-11-28T07:16:29.159+0000] {logging_mixin.py:188} INFO - [2025-11-28T07:16:29.159+0000] {dag.py:3823} INFO - Setting next_dagrun for example_task_group_decorator to 2025-11-27 00:00:00+00:00, run_after=2025-11-28 00:00:00+00:00
[2025-11-28T07:16:29.191+0000] {processor.py:183} INFO - Processing /home/airflow/.local/lib/python3.8/site-packages/airflow/example_dags/example_task_group_decorator.py took 0.224 seconds
[2025-11-28T07:17:00.132+0000] {processor.py:161} INFO - Started process (PID=2747) to work on /home/airflow/.local/lib/python3.8/site-packages/airflow/example_dags/example_task_group_decorator.py
[2025-11-28T07:17:00.134+0000] {processor.py:830} INFO - Processing file /home/airflow/.local/lib/python3.8/site-packages/airflow/example_dags/example_task_group_decorator.py for tasks to queue
[2025-11-28T07:17:00.139+0000] {logging_mixin.py:188} INFO - [2025-11-28T07:17:00.138+0000] {dagbag.py:538} INFO - Filling up the DagBag from /home/airflow/.local/lib/python3.8/site-packages/airflow/example_dags/example_task_group_decorator.py
[2025-11-28T07:17:00.158+0000] {processor.py:840} INFO - DAG(s) 'example_task_group_decorator' retrieved from /home/airflow/.local/lib/python3.8/site-packages/airflow/example_dags/example_task_group_decorator.py
[2025-11-28T07:17:00.188+0000] {logging_mixin.py:188} INFO - [2025-11-28T07:17:00.188+0000] {dag.py:3036} INFO - Sync 1 DAGs
[2025-11-28T07:17:00.219+0000] {logging_mixin.py:188} INFO - [2025-11-28T07:17:00.219+0000] {dag.py:3823} INFO - Setting next_dagrun for example_task_group_decorator to 2025-11-27 00:00:00+00:00, run_after=2025-11-28 00:00:00+00:00
[2025-11-28T07:17:00.247+0000] {processor.py:183} INFO - Processing /home/airflow/.local/lib/python3.8/site-packages/airflow/example_dags/example_task_group_decorator.py took 0.123 seconds
[2025-11-28T07:17:30.389+0000] {processor.py:161} INFO - Started process (PID=2802) to work on /home/airflow/.local/lib/python3.8/site-packages/airflow/example_dags/example_task_group_decorator.py
[2025-11-28T07:17:30.391+0000] {processor.py:830} INFO - Processing file /home/airflow/.local/lib/python3.8/site-packages/airflow/example_dags/example_task_group_decorator.py for tasks to queue
[2025-11-28T07:17:30.394+0000] {logging_mixin.py:188} INFO - [2025-11-28T07:17:30.394+0000] {dagbag.py:538} INFO - Filling up the DagBag from /home/airflow/.local/lib/python3.8/site-packages/airflow/example_dags/example_task_group_decorator.py
[2025-11-28T07:17:30.410+0000] {processor.py:840} INFO - DAG(s) 'example_task_group_decorator' retrieved from /home/airflow/.local/lib/python3.8/site-packages/airflow/example_dags/example_task_group_decorator.py
[2025-11-28T07:17:30.439+0000] {logging_mixin.py:188} INFO - [2025-11-28T07:17:30.439+0000] {dag.py:3036} INFO - Sync 1 DAGs
[2025-11-28T07:17:30.456+0000] {logging_mixin.py:188} INFO - [2025-11-28T07:17:30.456+0000] {dag.py:3823} INFO - Setting next_dagrun for example_task_group_decorator to 2025-11-27 00:00:00+00:00, run_after=2025-11-28 00:00:00+00:00
[2025-11-28T07:17:30.475+0000] {processor.py:183} INFO - Processing /home/airflow/.local/lib/python3.8/site-packages/airflow/example_dags/example_task_group_decorator.py took 0.091 seconds
[2025-11-28T07:18:00.713+0000] {processor.py:161} INFO - Started process (PID=2857) to work on /home/airflow/.local/lib/python3.8/site-packages/airflow/example_dags/example_task_group_decorator.py
[2025-11-28T07:18:00.715+0000] {processor.py:830} INFO - Processing file /home/airflow/.local/lib/python3.8/site-packages/airflow/example_dags/example_task_group_decorator.py for tasks to queue
[2025-11-28T07:18:00.718+0000] {logging_mixin.py:188} INFO - [2025-11-28T07:18:00.718+0000] {dagbag.py:538} INFO - Filling up the DagBag from /home/airflow/.local/lib/python3.8/site-packages/airflow/example_dags/example_task_group_decorator.py
[2025-11-28T07:18:00.731+0000] {processor.py:840} INFO - DAG(s) 'example_task_group_decorator' retrieved from /home/airflow/.local/lib/python3.8/site-packages/airflow/example_dags/example_task_group_decorator.py
[2025-11-28T07:18:00.751+0000] {logging_mixin.py:188} INFO - [2025-11-28T07:18:00.751+0000] {dag.py:3036} INFO - Sync 1 DAGs
[2025-11-28T07:18:00.774+0000] {logging_mixin.py:188} INFO - [2025-11-28T07:18:00.773+0000] {dag.py:3823} INFO - Setting next_dagrun for example_task_group_decorator to 2025-11-27 00:00:00+00:00, run_after=2025-11-28 00:00:00+00:00
[2025-11-28T07:18:00.794+0000] {processor.py:183} INFO - Processing /home/airflow/.local/lib/python3.8/site-packages/airflow/example_dags/example_task_group_decorator.py took 0.087 seconds
[2025-11-28T07:18:30.934+0000] {processor.py:161} INFO - Started process (PID=2912) to work on /home/airflow/.local/lib/python3.8/site-packages/airflow/example_dags/example_task_group_decorator.py
[2025-11-28T07:18:30.935+0000] {processor.py:830} INFO - Processing file /home/airflow/.local/lib/python3.8/site-packages/airflow/example_dags/example_task_group_decorator.py for tasks to queue
[2025-11-28T07:18:30.937+0000] {logging_mixin.py:188} INFO - [2025-11-28T07:18:30.936+0000] {dagbag.py:538} INFO - Filling up the DagBag from /home/airflow/.local/lib/python3.8/site-packages/airflow/example_dags/example_task_group_decorator.py
[2025-11-28T07:18:30.947+0000] {processor.py:840} INFO - DAG(s) 'example_task_group_decorator' retrieved from /home/airflow/.local/lib/python3.8/site-packages/airflow/example_dags/example_task_group_decorator.py
[2025-11-28T07:18:30.970+0000] {logging_mixin.py:188} INFO - [2025-11-28T07:18:30.970+0000] {dag.py:3036} INFO - Sync 1 DAGs
[2025-11-28T07:18:30.989+0000] {logging_mixin.py:188} INFO - [2025-11-28T07:18:30.989+0000] {dag.py:3823} INFO - Setting next_dagrun for example_task_group_decorator to 2025-11-27 00:00:00+00:00, run_after=2025-11-28 00:00:00+00:00
[2025-11-28T07:18:31.010+0000] {processor.py:183} INFO - Processing /home/airflow/.local/lib/python3.8/site-packages/airflow/example_dags/example_task_group_decorator.py took 0.079 seconds
[2025-11-28T07:19:01.373+0000] {processor.py:161} INFO - Started process (PID=2967) to work on /home/airflow/.local/lib/python3.8/site-packages/airflow/example_dags/example_task_group_decorator.py
[2025-11-28T07:19:01.374+0000] {processor.py:830} INFO - Processing file /home/airflow/.local/lib/python3.8/site-packages/airflow/example_dags/example_task_group_decorator.py for tasks to queue
[2025-11-28T07:19:01.376+0000] {logging_mixin.py:188} INFO - [2025-11-28T07:19:01.376+0000] {dagbag.py:538} INFO - Filling up the DagBag from /home/airflow/.local/lib/python3.8/site-packages/airflow/example_dags/example_task_group_decorator.py
[2025-11-28T07:19:01.388+0000] {processor.py:840} INFO - DAG(s) 'example_task_group_decorator' retrieved from /home/airflow/.local/lib/python3.8/site-packages/airflow/example_dags/example_task_group_decorator.py
[2025-11-28T07:19:01.415+0000] {logging_mixin.py:188} INFO - [2025-11-28T07:19:01.415+0000] {dag.py:3036} INFO - Sync 1 DAGs
[2025-11-28T07:19:01.437+0000] {logging_mixin.py:188} INFO - [2025-11-28T07:19:01.437+0000] {dag.py:3823} INFO - Setting next_dagrun for example_task_group_decorator to 2025-11-27 00:00:00+00:00, run_after=2025-11-28 00:00:00+00:00
[2025-11-28T07:19:01.457+0000] {processor.py:183} INFO - Processing /home/airflow/.local/lib/python3.8/site-packages/airflow/example_dags/example_task_group_decorator.py took 0.088 seconds
[2025-11-28T07:19:31.681+0000] {processor.py:161} INFO - Started process (PID=3021) to work on /home/airflow/.local/lib/python3.8/site-packages/airflow/example_dags/example_task_group_decorator.py
[2025-11-28T07:19:31.682+0000] {processor.py:830} INFO - Processing file /home/airflow/.local/lib/python3.8/site-packages/airflow/example_dags/example_task_group_decorator.py for tasks to queue
[2025-11-28T07:19:31.684+0000] {logging_mixin.py:188} INFO - [2025-11-28T07:19:31.683+0000] {dagbag.py:538} INFO - Filling up the DagBag from /home/airflow/.local/lib/python3.8/site-packages/airflow/example_dags/example_task_group_decorator.py
[2025-11-28T07:19:31.710+0000] {processor.py:840} INFO - DAG(s) 'example_task_group_decorator' retrieved from /home/airflow/.local/lib/python3.8/site-packages/airflow/example_dags/example_task_group_decorator.py
[2025-11-28T07:19:31.746+0000] {logging_mixin.py:188} INFO - [2025-11-28T07:19:31.746+0000] {dag.py:3036} INFO - Sync 1 DAGs
[2025-11-28T07:19:31.772+0000] {logging_mixin.py:188} INFO - [2025-11-28T07:19:31.772+0000] {dag.py:3823} INFO - Setting next_dagrun for example_task_group_decorator to 2025-11-27 00:00:00+00:00, run_after=2025-11-28 00:00:00+00:00
[2025-11-28T07:19:31.802+0000] {processor.py:183} INFO - Processing /home/airflow/.local/lib/python3.8/site-packages/airflow/example_dags/example_task_group_decorator.py took 0.126 seconds
