[2025-11-28T06:52:23.682+0000] {processor.py:161} INFO - Started process (PID=68) to work on /home/airflow/.local/lib/python3.8/site-packages/airflow/example_dags/example_latest_only.py
[2025-11-28T06:52:23.684+0000] {processor.py:830} INFO - Processing file /home/airflow/.local/lib/python3.8/site-packages/airflow/example_dags/example_latest_only.py for tasks to queue
[2025-11-28T06:52:23.688+0000] {logging_mixin.py:188} INFO - [2025-11-28T06:52:23.687+0000] {dagbag.py:538} INFO - Filling up the DagBag from /home/airflow/.local/lib/python3.8/site-packages/airflow/example_dags/example_latest_only.py
[2025-11-28T06:52:23.729+0000] {processor.py:840} INFO - DAG(s) 'latest_only' retrieved from /home/airflow/.local/lib/python3.8/site-packages/airflow/example_dags/example_latest_only.py
[2025-11-28T06:52:23.876+0000] {logging_mixin.py:188} INFO - [2025-11-28T06:52:23.876+0000] {override.py:1769} INFO - Created Permission View: can edit on DAG:latest_only
[2025-11-28T06:52:23.891+0000] {logging_mixin.py:188} INFO - [2025-11-28T06:52:23.890+0000] {override.py:1769} INFO - Created Permission View: can delete on DAG:latest_only
[2025-11-28T06:52:23.902+0000] {logging_mixin.py:188} INFO - [2025-11-28T06:52:23.901+0000] {override.py:1769} INFO - Created Permission View: can read on DAG:latest_only
[2025-11-28T06:52:23.903+0000] {logging_mixin.py:188} INFO - [2025-11-28T06:52:23.903+0000] {dag.py:3036} INFO - Sync 1 DAGs
[2025-11-28T06:52:23.917+0000] {logging_mixin.py:188} INFO - [2025-11-28T06:52:23.917+0000] {dag.py:3058} INFO - Creating ORM DAG for latest_only
[2025-11-28T06:52:23.933+0000] {logging_mixin.py:188} INFO - [2025-11-28T06:52:23.932+0000] {dag.py:3823} INFO - Setting next_dagrun for latest_only to 2025-11-28 00:00:00+00:00, run_after=2025-11-28 04:00:00+00:00
[2025-11-28T06:52:23.982+0000] {processor.py:183} INFO - Processing /home/airflow/.local/lib/python3.8/site-packages/airflow/example_dags/example_latest_only.py took 0.305 seconds
[2025-11-28T06:52:54.393+0000] {processor.py:161} INFO - Started process (PID=123) to work on /home/airflow/.local/lib/python3.8/site-packages/airflow/example_dags/example_latest_only.py
[2025-11-28T06:52:54.397+0000] {processor.py:830} INFO - Processing file /home/airflow/.local/lib/python3.8/site-packages/airflow/example_dags/example_latest_only.py for tasks to queue
[2025-11-28T06:52:54.399+0000] {logging_mixin.py:188} INFO - [2025-11-28T06:52:54.399+0000] {dagbag.py:538} INFO - Filling up the DagBag from /home/airflow/.local/lib/python3.8/site-packages/airflow/example_dags/example_latest_only.py
[2025-11-28T06:52:54.405+0000] {processor.py:840} INFO - DAG(s) 'latest_only' retrieved from /home/airflow/.local/lib/python3.8/site-packages/airflow/example_dags/example_latest_only.py
[2025-11-28T06:52:54.427+0000] {logging_mixin.py:188} INFO - [2025-11-28T06:52:54.427+0000] {dag.py:3036} INFO - Sync 1 DAGs
[2025-11-28T06:52:54.448+0000] {logging_mixin.py:188} INFO - [2025-11-28T06:52:54.447+0000] {dag.py:3823} INFO - Setting next_dagrun for latest_only to 2025-11-28 00:00:00+00:00, run_after=2025-11-28 04:00:00+00:00
[2025-11-28T06:52:54.465+0000] {processor.py:183} INFO - Processing /home/airflow/.local/lib/python3.8/site-packages/airflow/example_dags/example_latest_only.py took 0.074 seconds
[2025-11-28T06:53:25.054+0000] {processor.py:161} INFO - Started process (PID=178) to work on /home/airflow/.local/lib/python3.8/site-packages/airflow/example_dags/example_latest_only.py
[2025-11-28T06:53:25.055+0000] {processor.py:830} INFO - Processing file /home/airflow/.local/lib/python3.8/site-packages/airflow/example_dags/example_latest_only.py for tasks to queue
[2025-11-28T06:53:25.059+0000] {logging_mixin.py:188} INFO - [2025-11-28T06:53:25.058+0000] {dagbag.py:538} INFO - Filling up the DagBag from /home/airflow/.local/lib/python3.8/site-packages/airflow/example_dags/example_latest_only.py
[2025-11-28T06:53:25.065+0000] {processor.py:840} INFO - DAG(s) 'latest_only' retrieved from /home/airflow/.local/lib/python3.8/site-packages/airflow/example_dags/example_latest_only.py
[2025-11-28T06:53:25.083+0000] {logging_mixin.py:188} INFO - [2025-11-28T06:53:25.083+0000] {dag.py:3036} INFO - Sync 1 DAGs
[2025-11-28T06:53:25.106+0000] {logging_mixin.py:188} INFO - [2025-11-28T06:53:25.106+0000] {dag.py:3823} INFO - Setting next_dagrun for latest_only to 2025-11-28 00:00:00+00:00, run_after=2025-11-28 04:00:00+00:00
[2025-11-28T06:53:25.126+0000] {processor.py:183} INFO - Processing /home/airflow/.local/lib/python3.8/site-packages/airflow/example_dags/example_latest_only.py took 0.077 seconds
[2025-11-28T06:53:55.278+0000] {processor.py:161} INFO - Started process (PID=233) to work on /home/airflow/.local/lib/python3.8/site-packages/airflow/example_dags/example_latest_only.py
[2025-11-28T06:53:55.281+0000] {processor.py:830} INFO - Processing file /home/airflow/.local/lib/python3.8/site-packages/airflow/example_dags/example_latest_only.py for tasks to queue
[2025-11-28T06:53:55.284+0000] {logging_mixin.py:188} INFO - [2025-11-28T06:53:55.284+0000] {dagbag.py:538} INFO - Filling up the DagBag from /home/airflow/.local/lib/python3.8/site-packages/airflow/example_dags/example_latest_only.py
[2025-11-28T06:53:55.294+0000] {processor.py:840} INFO - DAG(s) 'latest_only' retrieved from /home/airflow/.local/lib/python3.8/site-packages/airflow/example_dags/example_latest_only.py
[2025-11-28T06:53:55.323+0000] {logging_mixin.py:188} INFO - [2025-11-28T06:53:55.323+0000] {dag.py:3036} INFO - Sync 1 DAGs
[2025-11-28T06:53:55.355+0000] {logging_mixin.py:188} INFO - [2025-11-28T06:53:55.355+0000] {dag.py:3823} INFO - Setting next_dagrun for latest_only to 2025-11-28 00:00:00+00:00, run_after=2025-11-28 04:00:00+00:00
[2025-11-28T06:53:55.384+0000] {processor.py:183} INFO - Processing /home/airflow/.local/lib/python3.8/site-packages/airflow/example_dags/example_latest_only.py took 0.113 seconds
[2025-11-28T06:54:25.647+0000] {processor.py:161} INFO - Started process (PID=288) to work on /home/airflow/.local/lib/python3.8/site-packages/airflow/example_dags/example_latest_only.py
[2025-11-28T06:54:25.649+0000] {processor.py:830} INFO - Processing file /home/airflow/.local/lib/python3.8/site-packages/airflow/example_dags/example_latest_only.py for tasks to queue
[2025-11-28T06:54:25.652+0000] {logging_mixin.py:188} INFO - [2025-11-28T06:54:25.652+0000] {dagbag.py:538} INFO - Filling up the DagBag from /home/airflow/.local/lib/python3.8/site-packages/airflow/example_dags/example_latest_only.py
[2025-11-28T06:54:25.658+0000] {processor.py:840} INFO - DAG(s) 'latest_only' retrieved from /home/airflow/.local/lib/python3.8/site-packages/airflow/example_dags/example_latest_only.py
[2025-11-28T06:54:25.676+0000] {logging_mixin.py:188} INFO - [2025-11-28T06:54:25.675+0000] {dag.py:3036} INFO - Sync 1 DAGs
[2025-11-28T06:54:25.700+0000] {logging_mixin.py:188} INFO - [2025-11-28T06:54:25.700+0000] {dag.py:3823} INFO - Setting next_dagrun for latest_only to 2025-11-28 00:00:00+00:00, run_after=2025-11-28 04:00:00+00:00
[2025-11-28T06:54:25.720+0000] {processor.py:183} INFO - Processing /home/airflow/.local/lib/python3.8/site-packages/airflow/example_dags/example_latest_only.py took 0.080 seconds
[2025-11-28T06:54:56.340+0000] {processor.py:161} INFO - Started process (PID=343) to work on /home/airflow/.local/lib/python3.8/site-packages/airflow/example_dags/example_latest_only.py
[2025-11-28T06:54:56.342+0000] {processor.py:830} INFO - Processing file /home/airflow/.local/lib/python3.8/site-packages/airflow/example_dags/example_latest_only.py for tasks to queue
[2025-11-28T06:54:56.344+0000] {logging_mixin.py:188} INFO - [2025-11-28T06:54:56.344+0000] {dagbag.py:538} INFO - Filling up the DagBag from /home/airflow/.local/lib/python3.8/site-packages/airflow/example_dags/example_latest_only.py
[2025-11-28T06:54:56.350+0000] {processor.py:840} INFO - DAG(s) 'latest_only' retrieved from /home/airflow/.local/lib/python3.8/site-packages/airflow/example_dags/example_latest_only.py
[2025-11-28T06:54:56.362+0000] {logging_mixin.py:188} INFO - [2025-11-28T06:54:56.362+0000] {dag.py:3036} INFO - Sync 1 DAGs
[2025-11-28T06:54:56.381+0000] {logging_mixin.py:188} INFO - [2025-11-28T06:54:56.381+0000] {dag.py:3823} INFO - Setting next_dagrun for latest_only to 2025-11-28 00:00:00+00:00, run_after=2025-11-28 04:00:00+00:00
[2025-11-28T06:54:56.403+0000] {processor.py:183} INFO - Processing /home/airflow/.local/lib/python3.8/site-packages/airflow/example_dags/example_latest_only.py took 0.068 seconds
[2025-11-28T06:55:26.584+0000] {processor.py:161} INFO - Started process (PID=398) to work on /home/airflow/.local/lib/python3.8/site-packages/airflow/example_dags/example_latest_only.py
[2025-11-28T06:55:26.585+0000] {processor.py:830} INFO - Processing file /home/airflow/.local/lib/python3.8/site-packages/airflow/example_dags/example_latest_only.py for tasks to queue
[2025-11-28T06:55:26.587+0000] {logging_mixin.py:188} INFO - [2025-11-28T06:55:26.587+0000] {dagbag.py:538} INFO - Filling up the DagBag from /home/airflow/.local/lib/python3.8/site-packages/airflow/example_dags/example_latest_only.py
[2025-11-28T06:55:26.592+0000] {processor.py:840} INFO - DAG(s) 'latest_only' retrieved from /home/airflow/.local/lib/python3.8/site-packages/airflow/example_dags/example_latest_only.py
[2025-11-28T06:55:26.665+0000] {logging_mixin.py:188} INFO - [2025-11-28T06:55:26.665+0000] {dag.py:3036} INFO - Sync 1 DAGs
[2025-11-28T06:55:26.681+0000] {logging_mixin.py:188} INFO - [2025-11-28T06:55:26.681+0000] {dag.py:3823} INFO - Setting next_dagrun for latest_only to 2025-11-28 00:00:00+00:00, run_after=2025-11-28 04:00:00+00:00
[2025-11-28T06:55:26.699+0000] {processor.py:183} INFO - Processing /home/airflow/.local/lib/python3.8/site-packages/airflow/example_dags/example_latest_only.py took 0.120 seconds
[2025-11-28T06:55:57.014+0000] {processor.py:161} INFO - Started process (PID=453) to work on /home/airflow/.local/lib/python3.8/site-packages/airflow/example_dags/example_latest_only.py
[2025-11-28T06:55:57.016+0000] {processor.py:830} INFO - Processing file /home/airflow/.local/lib/python3.8/site-packages/airflow/example_dags/example_latest_only.py for tasks to queue
[2025-11-28T06:55:57.018+0000] {logging_mixin.py:188} INFO - [2025-11-28T06:55:57.018+0000] {dagbag.py:538} INFO - Filling up the DagBag from /home/airflow/.local/lib/python3.8/site-packages/airflow/example_dags/example_latest_only.py
[2025-11-28T06:55:57.024+0000] {processor.py:840} INFO - DAG(s) 'latest_only' retrieved from /home/airflow/.local/lib/python3.8/site-packages/airflow/example_dags/example_latest_only.py
[2025-11-28T06:55:57.047+0000] {logging_mixin.py:188} INFO - [2025-11-28T06:55:57.046+0000] {dag.py:3036} INFO - Sync 1 DAGs
[2025-11-28T06:55:57.069+0000] {logging_mixin.py:188} INFO - [2025-11-28T06:55:57.069+0000] {dag.py:3823} INFO - Setting next_dagrun for latest_only to 2025-11-28 00:00:00+00:00, run_after=2025-11-28 04:00:00+00:00
[2025-11-28T06:55:57.097+0000] {processor.py:183} INFO - Processing /home/airflow/.local/lib/python3.8/site-packages/airflow/example_dags/example_latest_only.py took 0.094 seconds
[2025-11-28T06:56:27.453+0000] {processor.py:161} INFO - Started process (PID=514) to work on /home/airflow/.local/lib/python3.8/site-packages/airflow/example_dags/example_latest_only.py
[2025-11-28T06:56:27.455+0000] {processor.py:830} INFO - Processing file /home/airflow/.local/lib/python3.8/site-packages/airflow/example_dags/example_latest_only.py for tasks to queue
[2025-11-28T06:56:27.458+0000] {logging_mixin.py:188} INFO - [2025-11-28T06:56:27.457+0000] {dagbag.py:538} INFO - Filling up the DagBag from /home/airflow/.local/lib/python3.8/site-packages/airflow/example_dags/example_latest_only.py
[2025-11-28T06:56:27.464+0000] {processor.py:840} INFO - DAG(s) 'latest_only' retrieved from /home/airflow/.local/lib/python3.8/site-packages/airflow/example_dags/example_latest_only.py
[2025-11-28T06:56:27.484+0000] {logging_mixin.py:188} INFO - [2025-11-28T06:56:27.484+0000] {dag.py:3036} INFO - Sync 1 DAGs
[2025-11-28T06:56:27.502+0000] {logging_mixin.py:188} INFO - [2025-11-28T06:56:27.501+0000] {dag.py:3823} INFO - Setting next_dagrun for latest_only to 2025-11-28 00:00:00+00:00, run_after=2025-11-28 04:00:00+00:00
[2025-11-28T06:56:27.521+0000] {processor.py:183} INFO - Processing /home/airflow/.local/lib/python3.8/site-packages/airflow/example_dags/example_latest_only.py took 0.072 seconds
[2025-11-28T06:56:57.855+0000] {processor.py:161} INFO - Started process (PID=569) to work on /home/airflow/.local/lib/python3.8/site-packages/airflow/example_dags/example_latest_only.py
[2025-11-28T06:56:57.856+0000] {processor.py:830} INFO - Processing file /home/airflow/.local/lib/python3.8/site-packages/airflow/example_dags/example_latest_only.py for tasks to queue
[2025-11-28T06:56:57.862+0000] {logging_mixin.py:188} INFO - [2025-11-28T06:56:57.861+0000] {dagbag.py:538} INFO - Filling up the DagBag from /home/airflow/.local/lib/python3.8/site-packages/airflow/example_dags/example_latest_only.py
[2025-11-28T06:56:57.869+0000] {processor.py:840} INFO - DAG(s) 'latest_only' retrieved from /home/airflow/.local/lib/python3.8/site-packages/airflow/example_dags/example_latest_only.py
[2025-11-28T06:56:57.912+0000] {logging_mixin.py:188} INFO - [2025-11-28T06:56:57.912+0000] {dag.py:3036} INFO - Sync 1 DAGs
[2025-11-28T06:56:57.934+0000] {logging_mixin.py:188} INFO - [2025-11-28T06:56:57.934+0000] {dag.py:3823} INFO - Setting next_dagrun for latest_only to 2025-11-28 00:00:00+00:00, run_after=2025-11-28 04:00:00+00:00
[2025-11-28T06:56:57.957+0000] {processor.py:183} INFO - Processing /home/airflow/.local/lib/python3.8/site-packages/airflow/example_dags/example_latest_only.py took 0.110 seconds
[2025-11-28T06:57:28.522+0000] {processor.py:161} INFO - Started process (PID=624) to work on /home/airflow/.local/lib/python3.8/site-packages/airflow/example_dags/example_latest_only.py
[2025-11-28T06:57:28.524+0000] {processor.py:830} INFO - Processing file /home/airflow/.local/lib/python3.8/site-packages/airflow/example_dags/example_latest_only.py for tasks to queue
[2025-11-28T06:57:28.526+0000] {logging_mixin.py:188} INFO - [2025-11-28T06:57:28.526+0000] {dagbag.py:538} INFO - Filling up the DagBag from /home/airflow/.local/lib/python3.8/site-packages/airflow/example_dags/example_latest_only.py
[2025-11-28T06:57:28.530+0000] {processor.py:840} INFO - DAG(s) 'latest_only' retrieved from /home/airflow/.local/lib/python3.8/site-packages/airflow/example_dags/example_latest_only.py
[2025-11-28T06:57:28.549+0000] {logging_mixin.py:188} INFO - [2025-11-28T06:57:28.549+0000] {dag.py:3036} INFO - Sync 1 DAGs
[2025-11-28T06:57:28.569+0000] {logging_mixin.py:188} INFO - [2025-11-28T06:57:28.568+0000] {dag.py:3823} INFO - Setting next_dagrun for latest_only to 2025-11-28 00:00:00+00:00, run_after=2025-11-28 04:00:00+00:00
[2025-11-28T06:57:28.594+0000] {processor.py:183} INFO - Processing /home/airflow/.local/lib/python3.8/site-packages/airflow/example_dags/example_latest_only.py took 0.075 seconds
[2025-11-28T06:57:59.022+0000] {processor.py:161} INFO - Started process (PID=679) to work on /home/airflow/.local/lib/python3.8/site-packages/airflow/example_dags/example_latest_only.py
[2025-11-28T06:57:59.023+0000] {processor.py:830} INFO - Processing file /home/airflow/.local/lib/python3.8/site-packages/airflow/example_dags/example_latest_only.py for tasks to queue
[2025-11-28T06:57:59.026+0000] {logging_mixin.py:188} INFO - [2025-11-28T06:57:59.025+0000] {dagbag.py:538} INFO - Filling up the DagBag from /home/airflow/.local/lib/python3.8/site-packages/airflow/example_dags/example_latest_only.py
[2025-11-28T06:57:59.030+0000] {processor.py:840} INFO - DAG(s) 'latest_only' retrieved from /home/airflow/.local/lib/python3.8/site-packages/airflow/example_dags/example_latest_only.py
[2025-11-28T06:57:59.056+0000] {logging_mixin.py:188} INFO - [2025-11-28T06:57:59.056+0000] {dag.py:3036} INFO - Sync 1 DAGs
[2025-11-28T06:57:59.073+0000] {logging_mixin.py:188} INFO - [2025-11-28T06:57:59.073+0000] {dag.py:3823} INFO - Setting next_dagrun for latest_only to 2025-11-28 00:00:00+00:00, run_after=2025-11-28 04:00:00+00:00
[2025-11-28T06:57:59.092+0000] {processor.py:183} INFO - Processing /home/airflow/.local/lib/python3.8/site-packages/airflow/example_dags/example_latest_only.py took 0.074 seconds
[2025-11-28T06:58:29.500+0000] {processor.py:161} INFO - Started process (PID=734) to work on /home/airflow/.local/lib/python3.8/site-packages/airflow/example_dags/example_latest_only.py
[2025-11-28T06:58:29.503+0000] {processor.py:830} INFO - Processing file /home/airflow/.local/lib/python3.8/site-packages/airflow/example_dags/example_latest_only.py for tasks to queue
[2025-11-28T06:58:29.508+0000] {logging_mixin.py:188} INFO - [2025-11-28T06:58:29.508+0000] {dagbag.py:538} INFO - Filling up the DagBag from /home/airflow/.local/lib/python3.8/site-packages/airflow/example_dags/example_latest_only.py
[2025-11-28T06:58:29.515+0000] {processor.py:840} INFO - DAG(s) 'latest_only' retrieved from /home/airflow/.local/lib/python3.8/site-packages/airflow/example_dags/example_latest_only.py
[2025-11-28T06:58:29.555+0000] {logging_mixin.py:188} INFO - [2025-11-28T06:58:29.555+0000] {dag.py:3036} INFO - Sync 1 DAGs
[2025-11-28T06:58:29.575+0000] {logging_mixin.py:188} INFO - [2025-11-28T06:58:29.574+0000] {dag.py:3823} INFO - Setting next_dagrun for latest_only to 2025-11-28 00:00:00+00:00, run_after=2025-11-28 04:00:00+00:00
[2025-11-28T06:58:29.591+0000] {processor.py:183} INFO - Processing /home/airflow/.local/lib/python3.8/site-packages/airflow/example_dags/example_latest_only.py took 0.100 seconds
[2025-11-28T06:59:00.246+0000] {processor.py:161} INFO - Started process (PID=789) to work on /home/airflow/.local/lib/python3.8/site-packages/airflow/example_dags/example_latest_only.py
[2025-11-28T06:59:00.247+0000] {processor.py:830} INFO - Processing file /home/airflow/.local/lib/python3.8/site-packages/airflow/example_dags/example_latest_only.py for tasks to queue
[2025-11-28T06:59:00.249+0000] {logging_mixin.py:188} INFO - [2025-11-28T06:59:00.248+0000] {dagbag.py:538} INFO - Filling up the DagBag from /home/airflow/.local/lib/python3.8/site-packages/airflow/example_dags/example_latest_only.py
[2025-11-28T06:59:00.253+0000] {processor.py:840} INFO - DAG(s) 'latest_only' retrieved from /home/airflow/.local/lib/python3.8/site-packages/airflow/example_dags/example_latest_only.py
[2025-11-28T06:59:00.271+0000] {logging_mixin.py:188} INFO - [2025-11-28T06:59:00.271+0000] {dag.py:3036} INFO - Sync 1 DAGs
[2025-11-28T06:59:00.291+0000] {logging_mixin.py:188} INFO - [2025-11-28T06:59:00.291+0000] {dag.py:3823} INFO - Setting next_dagrun for latest_only to 2025-11-28 00:00:00+00:00, run_after=2025-11-28 04:00:00+00:00
[2025-11-28T06:59:00.311+0000] {processor.py:183} INFO - Processing /home/airflow/.local/lib/python3.8/site-packages/airflow/example_dags/example_latest_only.py took 0.068 seconds
[2025-11-28T06:59:30.533+0000] {processor.py:161} INFO - Started process (PID=844) to work on /home/airflow/.local/lib/python3.8/site-packages/airflow/example_dags/example_latest_only.py
[2025-11-28T06:59:30.534+0000] {processor.py:830} INFO - Processing file /home/airflow/.local/lib/python3.8/site-packages/airflow/example_dags/example_latest_only.py for tasks to queue
[2025-11-28T06:59:30.536+0000] {logging_mixin.py:188} INFO - [2025-11-28T06:59:30.535+0000] {dagbag.py:538} INFO - Filling up the DagBag from /home/airflow/.local/lib/python3.8/site-packages/airflow/example_dags/example_latest_only.py
[2025-11-28T06:59:30.540+0000] {processor.py:840} INFO - DAG(s) 'latest_only' retrieved from /home/airflow/.local/lib/python3.8/site-packages/airflow/example_dags/example_latest_only.py
[2025-11-28T06:59:30.561+0000] {logging_mixin.py:188} INFO - [2025-11-28T06:59:30.561+0000] {dag.py:3036} INFO - Sync 1 DAGs
[2025-11-28T06:59:30.584+0000] {logging_mixin.py:188} INFO - [2025-11-28T06:59:30.584+0000] {dag.py:3823} INFO - Setting next_dagrun for latest_only to 2025-11-28 00:00:00+00:00, run_after=2025-11-28 04:00:00+00:00
[2025-11-28T06:59:30.609+0000] {processor.py:183} INFO - Processing /home/airflow/.local/lib/python3.8/site-packages/airflow/example_dags/example_latest_only.py took 0.080 seconds
[2025-11-28T07:00:00.936+0000] {processor.py:161} INFO - Started process (PID=899) to work on /home/airflow/.local/lib/python3.8/site-packages/airflow/example_dags/example_latest_only.py
[2025-11-28T07:00:00.937+0000] {processor.py:830} INFO - Processing file /home/airflow/.local/lib/python3.8/site-packages/airflow/example_dags/example_latest_only.py for tasks to queue
[2025-11-28T07:00:00.938+0000] {logging_mixin.py:188} INFO - [2025-11-28T07:00:00.938+0000] {dagbag.py:538} INFO - Filling up the DagBag from /home/airflow/.local/lib/python3.8/site-packages/airflow/example_dags/example_latest_only.py
[2025-11-28T07:00:00.942+0000] {processor.py:840} INFO - DAG(s) 'latest_only' retrieved from /home/airflow/.local/lib/python3.8/site-packages/airflow/example_dags/example_latest_only.py
[2025-11-28T07:00:00.966+0000] {logging_mixin.py:188} INFO - [2025-11-28T07:00:00.965+0000] {dag.py:3036} INFO - Sync 1 DAGs
[2025-11-28T07:00:00.998+0000] {logging_mixin.py:188} INFO - [2025-11-28T07:00:00.998+0000] {dag.py:3823} INFO - Setting next_dagrun for latest_only to 2025-11-28 00:00:00+00:00, run_after=2025-11-28 04:00:00+00:00
[2025-11-28T07:00:01.023+0000] {processor.py:183} INFO - Processing /home/airflow/.local/lib/python3.8/site-packages/airflow/example_dags/example_latest_only.py took 0.089 seconds
[2025-11-28T07:00:31.542+0000] {processor.py:161} INFO - Started process (PID=954) to work on /home/airflow/.local/lib/python3.8/site-packages/airflow/example_dags/example_latest_only.py
[2025-11-28T07:00:31.544+0000] {processor.py:830} INFO - Processing file /home/airflow/.local/lib/python3.8/site-packages/airflow/example_dags/example_latest_only.py for tasks to queue
[2025-11-28T07:00:31.549+0000] {logging_mixin.py:188} INFO - [2025-11-28T07:00:31.549+0000] {dagbag.py:538} INFO - Filling up the DagBag from /home/airflow/.local/lib/python3.8/site-packages/airflow/example_dags/example_latest_only.py
[2025-11-28T07:00:31.566+0000] {processor.py:840} INFO - DAG(s) 'latest_only' retrieved from /home/airflow/.local/lib/python3.8/site-packages/airflow/example_dags/example_latest_only.py
[2025-11-28T07:00:31.610+0000] {logging_mixin.py:188} INFO - [2025-11-28T07:00:31.610+0000] {dag.py:3036} INFO - Sync 1 DAGs
[2025-11-28T07:00:31.643+0000] {logging_mixin.py:188} INFO - [2025-11-28T07:00:31.643+0000] {dag.py:3823} INFO - Setting next_dagrun for latest_only to 2025-11-28 00:00:00+00:00, run_after=2025-11-28 04:00:00+00:00
[2025-11-28T07:00:31.662+0000] {processor.py:183} INFO - Processing /home/airflow/.local/lib/python3.8/site-packages/airflow/example_dags/example_latest_only.py took 0.130 seconds
[2025-11-28T07:01:01.803+0000] {processor.py:161} INFO - Started process (PID=1009) to work on /home/airflow/.local/lib/python3.8/site-packages/airflow/example_dags/example_latest_only.py
[2025-11-28T07:01:01.805+0000] {processor.py:830} INFO - Processing file /home/airflow/.local/lib/python3.8/site-packages/airflow/example_dags/example_latest_only.py for tasks to queue
[2025-11-28T07:01:01.809+0000] {logging_mixin.py:188} INFO - [2025-11-28T07:01:01.809+0000] {dagbag.py:538} INFO - Filling up the DagBag from /home/airflow/.local/lib/python3.8/site-packages/airflow/example_dags/example_latest_only.py
[2025-11-28T07:01:01.817+0000] {processor.py:840} INFO - DAG(s) 'latest_only' retrieved from /home/airflow/.local/lib/python3.8/site-packages/airflow/example_dags/example_latest_only.py
[2025-11-28T07:01:01.869+0000] {logging_mixin.py:188} INFO - [2025-11-28T07:01:01.868+0000] {dag.py:3036} INFO - Sync 1 DAGs
[2025-11-28T07:01:01.909+0000] {logging_mixin.py:188} INFO - [2025-11-28T07:01:01.907+0000] {dag.py:3823} INFO - Setting next_dagrun for latest_only to 2025-11-28 00:00:00+00:00, run_after=2025-11-28 04:00:00+00:00
[2025-11-28T07:01:01.939+0000] {processor.py:183} INFO - Processing /home/airflow/.local/lib/python3.8/site-packages/airflow/example_dags/example_latest_only.py took 0.140 seconds
[2025-11-28T07:01:32.032+0000] {processor.py:161} INFO - Started process (PID=1063) to work on /home/airflow/.local/lib/python3.8/site-packages/airflow/example_dags/example_latest_only.py
[2025-11-28T07:01:32.034+0000] {processor.py:830} INFO - Processing file /home/airflow/.local/lib/python3.8/site-packages/airflow/example_dags/example_latest_only.py for tasks to queue
[2025-11-28T07:01:32.045+0000] {logging_mixin.py:188} INFO - [2025-11-28T07:01:32.042+0000] {dagbag.py:538} INFO - Filling up the DagBag from /home/airflow/.local/lib/python3.8/site-packages/airflow/example_dags/example_latest_only.py
[2025-11-28T07:01:32.058+0000] {processor.py:840} INFO - DAG(s) 'latest_only' retrieved from /home/airflow/.local/lib/python3.8/site-packages/airflow/example_dags/example_latest_only.py
[2025-11-28T07:01:32.101+0000] {logging_mixin.py:188} INFO - [2025-11-28T07:01:32.101+0000] {dag.py:3036} INFO - Sync 1 DAGs
[2025-11-28T07:01:32.142+0000] {logging_mixin.py:188} INFO - [2025-11-28T07:01:32.142+0000] {dag.py:3823} INFO - Setting next_dagrun for latest_only to 2025-11-28 00:00:00+00:00, run_after=2025-11-28 04:00:00+00:00
[2025-11-28T07:01:32.177+0000] {processor.py:183} INFO - Processing /home/airflow/.local/lib/python3.8/site-packages/airflow/example_dags/example_latest_only.py took 0.150 seconds
[2025-11-28T07:02:02.613+0000] {processor.py:161} INFO - Started process (PID=1118) to work on /home/airflow/.local/lib/python3.8/site-packages/airflow/example_dags/example_latest_only.py
[2025-11-28T07:02:02.615+0000] {processor.py:830} INFO - Processing file /home/airflow/.local/lib/python3.8/site-packages/airflow/example_dags/example_latest_only.py for tasks to queue
[2025-11-28T07:02:02.617+0000] {logging_mixin.py:188} INFO - [2025-11-28T07:02:02.617+0000] {dagbag.py:538} INFO - Filling up the DagBag from /home/airflow/.local/lib/python3.8/site-packages/airflow/example_dags/example_latest_only.py
[2025-11-28T07:02:02.624+0000] {processor.py:840} INFO - DAG(s) 'latest_only' retrieved from /home/airflow/.local/lib/python3.8/site-packages/airflow/example_dags/example_latest_only.py
[2025-11-28T07:02:02.641+0000] {logging_mixin.py:188} INFO - [2025-11-28T07:02:02.641+0000] {dag.py:3036} INFO - Sync 1 DAGs
[2025-11-28T07:02:02.655+0000] {logging_mixin.py:188} INFO - [2025-11-28T07:02:02.655+0000] {dag.py:3823} INFO - Setting next_dagrun for latest_only to 2025-11-28 00:00:00+00:00, run_after=2025-11-28 04:00:00+00:00
[2025-11-28T07:02:02.668+0000] {processor.py:183} INFO - Processing /home/airflow/.local/lib/python3.8/site-packages/airflow/example_dags/example_latest_only.py took 0.058 seconds
[2025-11-28T07:02:32.878+0000] {processor.py:161} INFO - Started process (PID=1172) to work on /home/airflow/.local/lib/python3.8/site-packages/airflow/example_dags/example_latest_only.py
[2025-11-28T07:02:32.880+0000] {processor.py:830} INFO - Processing file /home/airflow/.local/lib/python3.8/site-packages/airflow/example_dags/example_latest_only.py for tasks to queue
[2025-11-28T07:02:32.882+0000] {logging_mixin.py:188} INFO - [2025-11-28T07:02:32.881+0000] {dagbag.py:538} INFO - Filling up the DagBag from /home/airflow/.local/lib/python3.8/site-packages/airflow/example_dags/example_latest_only.py
[2025-11-28T07:02:32.886+0000] {processor.py:840} INFO - DAG(s) 'latest_only' retrieved from /home/airflow/.local/lib/python3.8/site-packages/airflow/example_dags/example_latest_only.py
[2025-11-28T07:02:32.902+0000] {logging_mixin.py:188} INFO - [2025-11-28T07:02:32.902+0000] {dag.py:3036} INFO - Sync 1 DAGs
[2025-11-28T07:02:32.924+0000] {logging_mixin.py:188} INFO - [2025-11-28T07:02:32.923+0000] {dag.py:3823} INFO - Setting next_dagrun for latest_only to 2025-11-28 00:00:00+00:00, run_after=2025-11-28 04:00:00+00:00
[2025-11-28T07:02:32.943+0000] {processor.py:183} INFO - Processing /home/airflow/.local/lib/python3.8/site-packages/airflow/example_dags/example_latest_only.py took 0.067 seconds
[2025-11-28T07:03:03.514+0000] {processor.py:161} INFO - Started process (PID=1228) to work on /home/airflow/.local/lib/python3.8/site-packages/airflow/example_dags/example_latest_only.py
[2025-11-28T07:03:03.516+0000] {processor.py:830} INFO - Processing file /home/airflow/.local/lib/python3.8/site-packages/airflow/example_dags/example_latest_only.py for tasks to queue
[2025-11-28T07:03:03.519+0000] {logging_mixin.py:188} INFO - [2025-11-28T07:03:03.519+0000] {dagbag.py:538} INFO - Filling up the DagBag from /home/airflow/.local/lib/python3.8/site-packages/airflow/example_dags/example_latest_only.py
[2025-11-28T07:03:03.526+0000] {processor.py:840} INFO - DAG(s) 'latest_only' retrieved from /home/airflow/.local/lib/python3.8/site-packages/airflow/example_dags/example_latest_only.py
[2025-11-28T07:03:03.555+0000] {logging_mixin.py:188} INFO - [2025-11-28T07:03:03.555+0000] {dag.py:3036} INFO - Sync 1 DAGs
[2025-11-28T07:03:03.580+0000] {logging_mixin.py:188} INFO - [2025-11-28T07:03:03.580+0000] {dag.py:3823} INFO - Setting next_dagrun for latest_only to 2025-11-28 00:00:00+00:00, run_after=2025-11-28 04:00:00+00:00
[2025-11-28T07:03:03.597+0000] {processor.py:183} INFO - Processing /home/airflow/.local/lib/python3.8/site-packages/airflow/example_dags/example_latest_only.py took 0.086 seconds
[2025-11-28T07:03:34.012+0000] {processor.py:161} INFO - Started process (PID=1283) to work on /home/airflow/.local/lib/python3.8/site-packages/airflow/example_dags/example_latest_only.py
[2025-11-28T07:03:34.014+0000] {processor.py:830} INFO - Processing file /home/airflow/.local/lib/python3.8/site-packages/airflow/example_dags/example_latest_only.py for tasks to queue
[2025-11-28T07:03:34.016+0000] {logging_mixin.py:188} INFO - [2025-11-28T07:03:34.015+0000] {dagbag.py:538} INFO - Filling up the DagBag from /home/airflow/.local/lib/python3.8/site-packages/airflow/example_dags/example_latest_only.py
[2025-11-28T07:03:34.020+0000] {processor.py:840} INFO - DAG(s) 'latest_only' retrieved from /home/airflow/.local/lib/python3.8/site-packages/airflow/example_dags/example_latest_only.py
[2025-11-28T07:03:34.046+0000] {logging_mixin.py:188} INFO - [2025-11-28T07:03:34.046+0000] {dag.py:3036} INFO - Sync 1 DAGs
[2025-11-28T07:03:34.066+0000] {logging_mixin.py:188} INFO - [2025-11-28T07:03:34.065+0000] {dag.py:3823} INFO - Setting next_dagrun for latest_only to 2025-11-28 00:00:00+00:00, run_after=2025-11-28 04:00:00+00:00
[2025-11-28T07:03:34.081+0000] {processor.py:183} INFO - Processing /home/airflow/.local/lib/python3.8/site-packages/airflow/example_dags/example_latest_only.py took 0.072 seconds
[2025-11-28T07:04:04.813+0000] {processor.py:161} INFO - Started process (PID=1338) to work on /home/airflow/.local/lib/python3.8/site-packages/airflow/example_dags/example_latest_only.py
[2025-11-28T07:04:04.817+0000] {processor.py:830} INFO - Processing file /home/airflow/.local/lib/python3.8/site-packages/airflow/example_dags/example_latest_only.py for tasks to queue
[2025-11-28T07:04:04.819+0000] {logging_mixin.py:188} INFO - [2025-11-28T07:04:04.819+0000] {dagbag.py:538} INFO - Filling up the DagBag from /home/airflow/.local/lib/python3.8/site-packages/airflow/example_dags/example_latest_only.py
[2025-11-28T07:04:04.833+0000] {processor.py:840} INFO - DAG(s) 'latest_only' retrieved from /home/airflow/.local/lib/python3.8/site-packages/airflow/example_dags/example_latest_only.py
[2025-11-28T07:04:04.865+0000] {logging_mixin.py:188} INFO - [2025-11-28T07:04:04.864+0000] {dag.py:3036} INFO - Sync 1 DAGs
[2025-11-28T07:04:04.883+0000] {logging_mixin.py:188} INFO - [2025-11-28T07:04:04.883+0000] {dag.py:3823} INFO - Setting next_dagrun for latest_only to 2025-11-28 00:00:00+00:00, run_after=2025-11-28 04:00:00+00:00
[2025-11-28T07:04:04.913+0000] {processor.py:183} INFO - Processing /home/airflow/.local/lib/python3.8/site-packages/airflow/example_dags/example_latest_only.py took 0.103 seconds
[2025-11-28T07:04:35.682+0000] {processor.py:161} INFO - Started process (PID=1393) to work on /home/airflow/.local/lib/python3.8/site-packages/airflow/example_dags/example_latest_only.py
[2025-11-28T07:04:35.685+0000] {processor.py:830} INFO - Processing file /home/airflow/.local/lib/python3.8/site-packages/airflow/example_dags/example_latest_only.py for tasks to queue
[2025-11-28T07:04:35.690+0000] {logging_mixin.py:188} INFO - [2025-11-28T07:04:35.690+0000] {dagbag.py:538} INFO - Filling up the DagBag from /home/airflow/.local/lib/python3.8/site-packages/airflow/example_dags/example_latest_only.py
[2025-11-28T07:04:35.699+0000] {processor.py:840} INFO - DAG(s) 'latest_only' retrieved from /home/airflow/.local/lib/python3.8/site-packages/airflow/example_dags/example_latest_only.py
[2025-11-28T07:04:35.729+0000] {logging_mixin.py:188} INFO - [2025-11-28T07:04:35.729+0000] {dag.py:3036} INFO - Sync 1 DAGs
[2025-11-28T07:04:35.744+0000] {logging_mixin.py:188} INFO - [2025-11-28T07:04:35.744+0000] {dag.py:3823} INFO - Setting next_dagrun for latest_only to 2025-11-28 00:00:00+00:00, run_after=2025-11-28 04:00:00+00:00
[2025-11-28T07:04:35.769+0000] {processor.py:183} INFO - Processing /home/airflow/.local/lib/python3.8/site-packages/airflow/example_dags/example_latest_only.py took 0.098 seconds
[2025-11-28T07:05:06.213+0000] {processor.py:161} INFO - Started process (PID=1449) to work on /home/airflow/.local/lib/python3.8/site-packages/airflow/example_dags/example_latest_only.py
[2025-11-28T07:05:06.214+0000] {processor.py:830} INFO - Processing file /home/airflow/.local/lib/python3.8/site-packages/airflow/example_dags/example_latest_only.py for tasks to queue
[2025-11-28T07:05:06.215+0000] {logging_mixin.py:188} INFO - [2025-11-28T07:05:06.215+0000] {dagbag.py:538} INFO - Filling up the DagBag from /home/airflow/.local/lib/python3.8/site-packages/airflow/example_dags/example_latest_only.py
[2025-11-28T07:05:06.219+0000] {processor.py:840} INFO - DAG(s) 'latest_only' retrieved from /home/airflow/.local/lib/python3.8/site-packages/airflow/example_dags/example_latest_only.py
[2025-11-28T07:05:06.243+0000] {logging_mixin.py:188} INFO - [2025-11-28T07:05:06.243+0000] {dag.py:3036} INFO - Sync 1 DAGs
[2025-11-28T07:05:06.270+0000] {logging_mixin.py:188} INFO - [2025-11-28T07:05:06.270+0000] {dag.py:3823} INFO - Setting next_dagrun for latest_only to 2025-11-28 00:00:00+00:00, run_after=2025-11-28 04:00:00+00:00
[2025-11-28T07:05:06.295+0000] {processor.py:183} INFO - Processing /home/airflow/.local/lib/python3.8/site-packages/airflow/example_dags/example_latest_only.py took 0.085 seconds
[2025-11-28T07:05:36.877+0000] {processor.py:161} INFO - Started process (PID=1504) to work on /home/airflow/.local/lib/python3.8/site-packages/airflow/example_dags/example_latest_only.py
[2025-11-28T07:05:36.878+0000] {processor.py:830} INFO - Processing file /home/airflow/.local/lib/python3.8/site-packages/airflow/example_dags/example_latest_only.py for tasks to queue
[2025-11-28T07:05:36.880+0000] {logging_mixin.py:188} INFO - [2025-11-28T07:05:36.880+0000] {dagbag.py:538} INFO - Filling up the DagBag from /home/airflow/.local/lib/python3.8/site-packages/airflow/example_dags/example_latest_only.py
[2025-11-28T07:05:36.884+0000] {processor.py:840} INFO - DAG(s) 'latest_only' retrieved from /home/airflow/.local/lib/python3.8/site-packages/airflow/example_dags/example_latest_only.py
[2025-11-28T07:05:36.900+0000] {logging_mixin.py:188} INFO - [2025-11-28T07:05:36.900+0000] {dag.py:3036} INFO - Sync 1 DAGs
[2025-11-28T07:05:36.931+0000] {logging_mixin.py:188} INFO - [2025-11-28T07:05:36.931+0000] {dag.py:3823} INFO - Setting next_dagrun for latest_only to 2025-11-28 00:00:00+00:00, run_after=2025-11-28 04:00:00+00:00
[2025-11-28T07:05:36.949+0000] {processor.py:183} INFO - Processing /home/airflow/.local/lib/python3.8/site-packages/airflow/example_dags/example_latest_only.py took 0.075 seconds
[2025-11-28T07:06:07.487+0000] {processor.py:161} INFO - Started process (PID=1559) to work on /home/airflow/.local/lib/python3.8/site-packages/airflow/example_dags/example_latest_only.py
[2025-11-28T07:06:07.488+0000] {processor.py:830} INFO - Processing file /home/airflow/.local/lib/python3.8/site-packages/airflow/example_dags/example_latest_only.py for tasks to queue
[2025-11-28T07:06:07.490+0000] {logging_mixin.py:188} INFO - [2025-11-28T07:06:07.489+0000] {dagbag.py:538} INFO - Filling up the DagBag from /home/airflow/.local/lib/python3.8/site-packages/airflow/example_dags/example_latest_only.py
[2025-11-28T07:06:07.498+0000] {processor.py:840} INFO - DAG(s) 'latest_only' retrieved from /home/airflow/.local/lib/python3.8/site-packages/airflow/example_dags/example_latest_only.py
[2025-11-28T07:06:07.519+0000] {logging_mixin.py:188} INFO - [2025-11-28T07:06:07.518+0000] {dag.py:3036} INFO - Sync 1 DAGs
[2025-11-28T07:06:07.541+0000] {logging_mixin.py:188} INFO - [2025-11-28T07:06:07.541+0000] {dag.py:3823} INFO - Setting next_dagrun for latest_only to 2025-11-28 00:00:00+00:00, run_after=2025-11-28 04:00:00+00:00
[2025-11-28T07:06:07.559+0000] {processor.py:183} INFO - Processing /home/airflow/.local/lib/python3.8/site-packages/airflow/example_dags/example_latest_only.py took 0.074 seconds
[2025-11-28T07:06:38.099+0000] {processor.py:161} INFO - Started process (PID=1614) to work on /home/airflow/.local/lib/python3.8/site-packages/airflow/example_dags/example_latest_only.py
[2025-11-28T07:06:38.101+0000] {processor.py:830} INFO - Processing file /home/airflow/.local/lib/python3.8/site-packages/airflow/example_dags/example_latest_only.py for tasks to queue
[2025-11-28T07:06:38.104+0000] {logging_mixin.py:188} INFO - [2025-11-28T07:06:38.104+0000] {dagbag.py:538} INFO - Filling up the DagBag from /home/airflow/.local/lib/python3.8/site-packages/airflow/example_dags/example_latest_only.py
[2025-11-28T07:06:38.111+0000] {processor.py:840} INFO - DAG(s) 'latest_only' retrieved from /home/airflow/.local/lib/python3.8/site-packages/airflow/example_dags/example_latest_only.py
[2025-11-28T07:06:38.138+0000] {logging_mixin.py:188} INFO - [2025-11-28T07:06:38.138+0000] {dag.py:3036} INFO - Sync 1 DAGs
[2025-11-28T07:06:38.164+0000] {logging_mixin.py:188} INFO - [2025-11-28T07:06:38.164+0000] {dag.py:3823} INFO - Setting next_dagrun for latest_only to 2025-11-28 00:00:00+00:00, run_after=2025-11-28 04:00:00+00:00
[2025-11-28T07:06:38.188+0000] {processor.py:183} INFO - Processing /home/airflow/.local/lib/python3.8/site-packages/airflow/example_dags/example_latest_only.py took 0.092 seconds
[2025-11-28T07:07:08.238+0000] {processor.py:161} INFO - Started process (PID=1669) to work on /home/airflow/.local/lib/python3.8/site-packages/airflow/example_dags/example_latest_only.py
[2025-11-28T07:07:08.239+0000] {processor.py:830} INFO - Processing file /home/airflow/.local/lib/python3.8/site-packages/airflow/example_dags/example_latest_only.py for tasks to queue
[2025-11-28T07:07:08.241+0000] {logging_mixin.py:188} INFO - [2025-11-28T07:07:08.240+0000] {dagbag.py:538} INFO - Filling up the DagBag from /home/airflow/.local/lib/python3.8/site-packages/airflow/example_dags/example_latest_only.py
[2025-11-28T07:07:08.248+0000] {processor.py:840} INFO - DAG(s) 'latest_only' retrieved from /home/airflow/.local/lib/python3.8/site-packages/airflow/example_dags/example_latest_only.py
[2025-11-28T07:07:08.275+0000] {logging_mixin.py:188} INFO - [2025-11-28T07:07:08.274+0000] {dag.py:3036} INFO - Sync 1 DAGs
[2025-11-28T07:07:08.292+0000] {logging_mixin.py:188} INFO - [2025-11-28T07:07:08.292+0000] {dag.py:3823} INFO - Setting next_dagrun for latest_only to 2025-11-28 00:00:00+00:00, run_after=2025-11-28 04:00:00+00:00
[2025-11-28T07:07:08.307+0000] {processor.py:183} INFO - Processing /home/airflow/.local/lib/python3.8/site-packages/airflow/example_dags/example_latest_only.py took 0.072 seconds
[2025-11-28T07:07:38.847+0000] {processor.py:161} INFO - Started process (PID=1724) to work on /home/airflow/.local/lib/python3.8/site-packages/airflow/example_dags/example_latest_only.py
[2025-11-28T07:07:38.848+0000] {processor.py:830} INFO - Processing file /home/airflow/.local/lib/python3.8/site-packages/airflow/example_dags/example_latest_only.py for tasks to queue
[2025-11-28T07:07:38.853+0000] {logging_mixin.py:188} INFO - [2025-11-28T07:07:38.852+0000] {dagbag.py:538} INFO - Filling up the DagBag from /home/airflow/.local/lib/python3.8/site-packages/airflow/example_dags/example_latest_only.py
[2025-11-28T07:07:38.857+0000] {processor.py:840} INFO - DAG(s) 'latest_only' retrieved from /home/airflow/.local/lib/python3.8/site-packages/airflow/example_dags/example_latest_only.py
[2025-11-28T07:07:38.875+0000] {logging_mixin.py:188} INFO - [2025-11-28T07:07:38.874+0000] {dag.py:3036} INFO - Sync 1 DAGs
[2025-11-28T07:07:38.891+0000] {logging_mixin.py:188} INFO - [2025-11-28T07:07:38.891+0000] {dag.py:3823} INFO - Setting next_dagrun for latest_only to 2025-11-28 00:00:00+00:00, run_after=2025-11-28 04:00:00+00:00
[2025-11-28T07:07:38.910+0000] {processor.py:183} INFO - Processing /home/airflow/.local/lib/python3.8/site-packages/airflow/example_dags/example_latest_only.py took 0.066 seconds
[2025-11-28T07:08:09.626+0000] {processor.py:161} INFO - Started process (PID=1779) to work on /home/airflow/.local/lib/python3.8/site-packages/airflow/example_dags/example_latest_only.py
[2025-11-28T07:08:09.628+0000] {processor.py:830} INFO - Processing file /home/airflow/.local/lib/python3.8/site-packages/airflow/example_dags/example_latest_only.py for tasks to queue
[2025-11-28T07:08:09.632+0000] {logging_mixin.py:188} INFO - [2025-11-28T07:08:09.631+0000] {dagbag.py:538} INFO - Filling up the DagBag from /home/airflow/.local/lib/python3.8/site-packages/airflow/example_dags/example_latest_only.py
[2025-11-28T07:08:09.638+0000] {processor.py:840} INFO - DAG(s) 'latest_only' retrieved from /home/airflow/.local/lib/python3.8/site-packages/airflow/example_dags/example_latest_only.py
[2025-11-28T07:08:09.667+0000] {logging_mixin.py:188} INFO - [2025-11-28T07:08:09.666+0000] {dag.py:3036} INFO - Sync 1 DAGs
[2025-11-28T07:08:09.700+0000] {logging_mixin.py:188} INFO - [2025-11-28T07:08:09.700+0000] {dag.py:3823} INFO - Setting next_dagrun for latest_only to 2025-11-28 00:00:00+00:00, run_after=2025-11-28 04:00:00+00:00
[2025-11-28T07:08:09.730+0000] {processor.py:183} INFO - Processing /home/airflow/.local/lib/python3.8/site-packages/airflow/example_dags/example_latest_only.py took 0.108 seconds
[2025-11-28T07:08:39.824+0000] {processor.py:161} INFO - Started process (PID=1834) to work on /home/airflow/.local/lib/python3.8/site-packages/airflow/example_dags/example_latest_only.py
[2025-11-28T07:08:39.826+0000] {processor.py:830} INFO - Processing file /home/airflow/.local/lib/python3.8/site-packages/airflow/example_dags/example_latest_only.py for tasks to queue
[2025-11-28T07:08:39.829+0000] {logging_mixin.py:188} INFO - [2025-11-28T07:08:39.828+0000] {dagbag.py:538} INFO - Filling up the DagBag from /home/airflow/.local/lib/python3.8/site-packages/airflow/example_dags/example_latest_only.py
[2025-11-28T07:08:39.835+0000] {processor.py:840} INFO - DAG(s) 'latest_only' retrieved from /home/airflow/.local/lib/python3.8/site-packages/airflow/example_dags/example_latest_only.py
[2025-11-28T07:08:39.865+0000] {logging_mixin.py:188} INFO - [2025-11-28T07:08:39.864+0000] {dag.py:3036} INFO - Sync 1 DAGs
[2025-11-28T07:08:39.889+0000] {logging_mixin.py:188} INFO - [2025-11-28T07:08:39.889+0000] {dag.py:3823} INFO - Setting next_dagrun for latest_only to 2025-11-28 00:00:00+00:00, run_after=2025-11-28 04:00:00+00:00
[2025-11-28T07:08:39.914+0000] {processor.py:183} INFO - Processing /home/airflow/.local/lib/python3.8/site-packages/airflow/example_dags/example_latest_only.py took 0.093 seconds
[2025-11-28T07:09:10.083+0000] {processor.py:161} INFO - Started process (PID=1889) to work on /home/airflow/.local/lib/python3.8/site-packages/airflow/example_dags/example_latest_only.py
[2025-11-28T07:09:10.085+0000] {processor.py:830} INFO - Processing file /home/airflow/.local/lib/python3.8/site-packages/airflow/example_dags/example_latest_only.py for tasks to queue
[2025-11-28T07:09:10.087+0000] {logging_mixin.py:188} INFO - [2025-11-28T07:09:10.086+0000] {dagbag.py:538} INFO - Filling up the DagBag from /home/airflow/.local/lib/python3.8/site-packages/airflow/example_dags/example_latest_only.py
[2025-11-28T07:09:10.091+0000] {processor.py:840} INFO - DAG(s) 'latest_only' retrieved from /home/airflow/.local/lib/python3.8/site-packages/airflow/example_dags/example_latest_only.py
[2025-11-28T07:09:10.112+0000] {logging_mixin.py:188} INFO - [2025-11-28T07:09:10.111+0000] {dag.py:3036} INFO - Sync 1 DAGs
[2025-11-28T07:09:10.127+0000] {logging_mixin.py:188} INFO - [2025-11-28T07:09:10.127+0000] {dag.py:3823} INFO - Setting next_dagrun for latest_only to 2025-11-28 00:00:00+00:00, run_after=2025-11-28 04:00:00+00:00
[2025-11-28T07:09:10.145+0000] {processor.py:183} INFO - Processing /home/airflow/.local/lib/python3.8/site-packages/airflow/example_dags/example_latest_only.py took 0.065 seconds
[2025-11-28T07:09:40.277+0000] {processor.py:161} INFO - Started process (PID=1944) to work on /home/airflow/.local/lib/python3.8/site-packages/airflow/example_dags/example_latest_only.py
[2025-11-28T07:09:40.278+0000] {processor.py:830} INFO - Processing file /home/airflow/.local/lib/python3.8/site-packages/airflow/example_dags/example_latest_only.py for tasks to queue
[2025-11-28T07:09:40.280+0000] {logging_mixin.py:188} INFO - [2025-11-28T07:09:40.280+0000] {dagbag.py:538} INFO - Filling up the DagBag from /home/airflow/.local/lib/python3.8/site-packages/airflow/example_dags/example_latest_only.py
[2025-11-28T07:09:40.285+0000] {processor.py:840} INFO - DAG(s) 'latest_only' retrieved from /home/airflow/.local/lib/python3.8/site-packages/airflow/example_dags/example_latest_only.py
[2025-11-28T07:09:40.303+0000] {logging_mixin.py:188} INFO - [2025-11-28T07:09:40.303+0000] {dag.py:3036} INFO - Sync 1 DAGs
[2025-11-28T07:09:40.330+0000] {logging_mixin.py:188} INFO - [2025-11-28T07:09:40.330+0000] {dag.py:3823} INFO - Setting next_dagrun for latest_only to 2025-11-28 00:00:00+00:00, run_after=2025-11-28 04:00:00+00:00
[2025-11-28T07:09:40.346+0000] {processor.py:183} INFO - Processing /home/airflow/.local/lib/python3.8/site-packages/airflow/example_dags/example_latest_only.py took 0.073 seconds
[2025-11-28T07:10:10.793+0000] {processor.py:161} INFO - Started process (PID=1999) to work on /home/airflow/.local/lib/python3.8/site-packages/airflow/example_dags/example_latest_only.py
[2025-11-28T07:10:10.795+0000] {processor.py:830} INFO - Processing file /home/airflow/.local/lib/python3.8/site-packages/airflow/example_dags/example_latest_only.py for tasks to queue
[2025-11-28T07:10:10.797+0000] {logging_mixin.py:188} INFO - [2025-11-28T07:10:10.797+0000] {dagbag.py:538} INFO - Filling up the DagBag from /home/airflow/.local/lib/python3.8/site-packages/airflow/example_dags/example_latest_only.py
[2025-11-28T07:10:10.804+0000] {processor.py:840} INFO - DAG(s) 'latest_only' retrieved from /home/airflow/.local/lib/python3.8/site-packages/airflow/example_dags/example_latest_only.py
[2025-11-28T07:10:10.833+0000] {logging_mixin.py:188} INFO - [2025-11-28T07:10:10.832+0000] {dag.py:3036} INFO - Sync 1 DAGs
[2025-11-28T07:10:10.869+0000] {logging_mixin.py:188} INFO - [2025-11-28T07:10:10.868+0000] {dag.py:3823} INFO - Setting next_dagrun for latest_only to 2025-11-28 00:00:00+00:00, run_after=2025-11-28 04:00:00+00:00
[2025-11-28T07:10:10.901+0000] {processor.py:183} INFO - Processing /home/airflow/.local/lib/python3.8/site-packages/airflow/example_dags/example_latest_only.py took 0.112 seconds
[2025-11-28T07:10:40.999+0000] {processor.py:161} INFO - Started process (PID=2054) to work on /home/airflow/.local/lib/python3.8/site-packages/airflow/example_dags/example_latest_only.py
[2025-11-28T07:10:41.000+0000] {processor.py:830} INFO - Processing file /home/airflow/.local/lib/python3.8/site-packages/airflow/example_dags/example_latest_only.py for tasks to queue
[2025-11-28T07:10:41.003+0000] {logging_mixin.py:188} INFO - [2025-11-28T07:10:41.002+0000] {dagbag.py:538} INFO - Filling up the DagBag from /home/airflow/.local/lib/python3.8/site-packages/airflow/example_dags/example_latest_only.py
[2025-11-28T07:10:41.009+0000] {processor.py:840} INFO - DAG(s) 'latest_only' retrieved from /home/airflow/.local/lib/python3.8/site-packages/airflow/example_dags/example_latest_only.py
[2025-11-28T07:10:41.042+0000] {logging_mixin.py:188} INFO - [2025-11-28T07:10:41.042+0000] {dag.py:3036} INFO - Sync 1 DAGs
[2025-11-28T07:10:41.068+0000] {logging_mixin.py:188} INFO - [2025-11-28T07:10:41.068+0000] {dag.py:3823} INFO - Setting next_dagrun for latest_only to 2025-11-28 00:00:00+00:00, run_after=2025-11-28 04:00:00+00:00
[2025-11-28T07:10:41.088+0000] {processor.py:183} INFO - Processing /home/airflow/.local/lib/python3.8/site-packages/airflow/example_dags/example_latest_only.py took 0.093 seconds
[2025-11-28T07:11:11.441+0000] {processor.py:161} INFO - Started process (PID=2109) to work on /home/airflow/.local/lib/python3.8/site-packages/airflow/example_dags/example_latest_only.py
[2025-11-28T07:11:11.443+0000] {processor.py:830} INFO - Processing file /home/airflow/.local/lib/python3.8/site-packages/airflow/example_dags/example_latest_only.py for tasks to queue
[2025-11-28T07:11:11.446+0000] {logging_mixin.py:188} INFO - [2025-11-28T07:11:11.446+0000] {dagbag.py:538} INFO - Filling up the DagBag from /home/airflow/.local/lib/python3.8/site-packages/airflow/example_dags/example_latest_only.py
[2025-11-28T07:11:11.455+0000] {processor.py:840} INFO - DAG(s) 'latest_only' retrieved from /home/airflow/.local/lib/python3.8/site-packages/airflow/example_dags/example_latest_only.py
[2025-11-28T07:11:11.478+0000] {logging_mixin.py:188} INFO - [2025-11-28T07:11:11.478+0000] {dag.py:3036} INFO - Sync 1 DAGs
[2025-11-28T07:11:11.496+0000] {logging_mixin.py:188} INFO - [2025-11-28T07:11:11.496+0000] {dag.py:3823} INFO - Setting next_dagrun for latest_only to 2025-11-28 00:00:00+00:00, run_after=2025-11-28 04:00:00+00:00
[2025-11-28T07:11:11.510+0000] {processor.py:183} INFO - Processing /home/airflow/.local/lib/python3.8/site-packages/airflow/example_dags/example_latest_only.py took 0.073 seconds
[2025-11-28T07:11:41.770+0000] {processor.py:161} INFO - Started process (PID=2164) to work on /home/airflow/.local/lib/python3.8/site-packages/airflow/example_dags/example_latest_only.py
[2025-11-28T07:11:41.771+0000] {processor.py:830} INFO - Processing file /home/airflow/.local/lib/python3.8/site-packages/airflow/example_dags/example_latest_only.py for tasks to queue
[2025-11-28T07:11:41.772+0000] {logging_mixin.py:188} INFO - [2025-11-28T07:11:41.772+0000] {dagbag.py:538} INFO - Filling up the DagBag from /home/airflow/.local/lib/python3.8/site-packages/airflow/example_dags/example_latest_only.py
[2025-11-28T07:11:41.776+0000] {processor.py:840} INFO - DAG(s) 'latest_only' retrieved from /home/airflow/.local/lib/python3.8/site-packages/airflow/example_dags/example_latest_only.py
[2025-11-28T07:11:41.791+0000] {logging_mixin.py:188} INFO - [2025-11-28T07:11:41.791+0000] {dag.py:3036} INFO - Sync 1 DAGs
[2025-11-28T07:11:41.813+0000] {logging_mixin.py:188} INFO - [2025-11-28T07:11:41.813+0000] {dag.py:3823} INFO - Setting next_dagrun for latest_only to 2025-11-28 00:00:00+00:00, run_after=2025-11-28 04:00:00+00:00
[2025-11-28T07:11:41.835+0000] {processor.py:183} INFO - Processing /home/airflow/.local/lib/python3.8/site-packages/airflow/example_dags/example_latest_only.py took 0.068 seconds
[2025-11-28T07:12:12.096+0000] {processor.py:161} INFO - Started process (PID=2219) to work on /home/airflow/.local/lib/python3.8/site-packages/airflow/example_dags/example_latest_only.py
[2025-11-28T07:12:12.099+0000] {processor.py:830} INFO - Processing file /home/airflow/.local/lib/python3.8/site-packages/airflow/example_dags/example_latest_only.py for tasks to queue
[2025-11-28T07:12:12.102+0000] {logging_mixin.py:188} INFO - [2025-11-28T07:12:12.101+0000] {dagbag.py:538} INFO - Filling up the DagBag from /home/airflow/.local/lib/python3.8/site-packages/airflow/example_dags/example_latest_only.py
[2025-11-28T07:12:12.111+0000] {processor.py:840} INFO - DAG(s) 'latest_only' retrieved from /home/airflow/.local/lib/python3.8/site-packages/airflow/example_dags/example_latest_only.py
[2025-11-28T07:12:12.139+0000] {logging_mixin.py:188} INFO - [2025-11-28T07:12:12.138+0000] {dag.py:3036} INFO - Sync 1 DAGs
[2025-11-28T07:12:12.160+0000] {logging_mixin.py:188} INFO - [2025-11-28T07:12:12.160+0000] {dag.py:3823} INFO - Setting next_dagrun for latest_only to 2025-11-28 00:00:00+00:00, run_after=2025-11-28 04:00:00+00:00
[2025-11-28T07:12:12.178+0000] {processor.py:183} INFO - Processing /home/airflow/.local/lib/python3.8/site-packages/airflow/example_dags/example_latest_only.py took 0.085 seconds
[2025-11-28T07:12:42.508+0000] {processor.py:161} INFO - Started process (PID=2274) to work on /home/airflow/.local/lib/python3.8/site-packages/airflow/example_dags/example_latest_only.py
[2025-11-28T07:12:42.510+0000] {processor.py:830} INFO - Processing file /home/airflow/.local/lib/python3.8/site-packages/airflow/example_dags/example_latest_only.py for tasks to queue
[2025-11-28T07:12:42.513+0000] {logging_mixin.py:188} INFO - [2025-11-28T07:12:42.512+0000] {dagbag.py:538} INFO - Filling up the DagBag from /home/airflow/.local/lib/python3.8/site-packages/airflow/example_dags/example_latest_only.py
[2025-11-28T07:12:42.519+0000] {processor.py:840} INFO - DAG(s) 'latest_only' retrieved from /home/airflow/.local/lib/python3.8/site-packages/airflow/example_dags/example_latest_only.py
[2025-11-28T07:12:42.543+0000] {logging_mixin.py:188} INFO - [2025-11-28T07:12:42.542+0000] {dag.py:3036} INFO - Sync 1 DAGs
[2025-11-28T07:12:42.573+0000] {logging_mixin.py:188} INFO - [2025-11-28T07:12:42.573+0000] {dag.py:3823} INFO - Setting next_dagrun for latest_only to 2025-11-28 00:00:00+00:00, run_after=2025-11-28 04:00:00+00:00
[2025-11-28T07:12:42.591+0000] {processor.py:183} INFO - Processing /home/airflow/.local/lib/python3.8/site-packages/airflow/example_dags/example_latest_only.py took 0.087 seconds
[2025-11-28T07:13:12.688+0000] {processor.py:161} INFO - Started process (PID=2329) to work on /home/airflow/.local/lib/python3.8/site-packages/airflow/example_dags/example_latest_only.py
[2025-11-28T07:13:12.691+0000] {processor.py:830} INFO - Processing file /home/airflow/.local/lib/python3.8/site-packages/airflow/example_dags/example_latest_only.py for tasks to queue
[2025-11-28T07:13:12.693+0000] {logging_mixin.py:188} INFO - [2025-11-28T07:13:12.693+0000] {dagbag.py:538} INFO - Filling up the DagBag from /home/airflow/.local/lib/python3.8/site-packages/airflow/example_dags/example_latest_only.py
[2025-11-28T07:13:12.698+0000] {processor.py:840} INFO - DAG(s) 'latest_only' retrieved from /home/airflow/.local/lib/python3.8/site-packages/airflow/example_dags/example_latest_only.py
[2025-11-28T07:13:12.723+0000] {logging_mixin.py:188} INFO - [2025-11-28T07:13:12.722+0000] {dag.py:3036} INFO - Sync 1 DAGs
[2025-11-28T07:13:12.743+0000] {logging_mixin.py:188} INFO - [2025-11-28T07:13:12.743+0000] {dag.py:3823} INFO - Setting next_dagrun for latest_only to 2025-11-28 00:00:00+00:00, run_after=2025-11-28 04:00:00+00:00
[2025-11-28T07:13:12.767+0000] {processor.py:183} INFO - Processing /home/airflow/.local/lib/python3.8/site-packages/airflow/example_dags/example_latest_only.py took 0.081 seconds
[2025-11-28T07:13:43.333+0000] {processor.py:161} INFO - Started process (PID=2384) to work on /home/airflow/.local/lib/python3.8/site-packages/airflow/example_dags/example_latest_only.py
[2025-11-28T07:13:43.334+0000] {processor.py:830} INFO - Processing file /home/airflow/.local/lib/python3.8/site-packages/airflow/example_dags/example_latest_only.py for tasks to queue
[2025-11-28T07:13:43.337+0000] {logging_mixin.py:188} INFO - [2025-11-28T07:13:43.336+0000] {dagbag.py:538} INFO - Filling up the DagBag from /home/airflow/.local/lib/python3.8/site-packages/airflow/example_dags/example_latest_only.py
[2025-11-28T07:13:43.344+0000] {processor.py:840} INFO - DAG(s) 'latest_only' retrieved from /home/airflow/.local/lib/python3.8/site-packages/airflow/example_dags/example_latest_only.py
[2025-11-28T07:13:43.364+0000] {logging_mixin.py:188} INFO - [2025-11-28T07:13:43.364+0000] {dag.py:3036} INFO - Sync 1 DAGs
[2025-11-28T07:13:43.386+0000] {logging_mixin.py:188} INFO - [2025-11-28T07:13:43.386+0000] {dag.py:3823} INFO - Setting next_dagrun for latest_only to 2025-11-28 00:00:00+00:00, run_after=2025-11-28 04:00:00+00:00
[2025-11-28T07:13:43.404+0000] {processor.py:183} INFO - Processing /home/airflow/.local/lib/python3.8/site-packages/airflow/example_dags/example_latest_only.py took 0.075 seconds
[2025-11-28T07:14:13.837+0000] {processor.py:161} INFO - Started process (PID=2440) to work on /home/airflow/.local/lib/python3.8/site-packages/airflow/example_dags/example_latest_only.py
[2025-11-28T07:14:13.838+0000] {processor.py:830} INFO - Processing file /home/airflow/.local/lib/python3.8/site-packages/airflow/example_dags/example_latest_only.py for tasks to queue
[2025-11-28T07:14:13.841+0000] {logging_mixin.py:188} INFO - [2025-11-28T07:14:13.840+0000] {dagbag.py:538} INFO - Filling up the DagBag from /home/airflow/.local/lib/python3.8/site-packages/airflow/example_dags/example_latest_only.py
[2025-11-28T07:14:13.845+0000] {processor.py:840} INFO - DAG(s) 'latest_only' retrieved from /home/airflow/.local/lib/python3.8/site-packages/airflow/example_dags/example_latest_only.py
[2025-11-28T07:14:13.864+0000] {logging_mixin.py:188} INFO - [2025-11-28T07:14:13.864+0000] {dag.py:3036} INFO - Sync 1 DAGs
[2025-11-28T07:14:13.890+0000] {logging_mixin.py:188} INFO - [2025-11-28T07:14:13.890+0000] {dag.py:3823} INFO - Setting next_dagrun for latest_only to 2025-11-28 00:00:00+00:00, run_after=2025-11-28 04:00:00+00:00
[2025-11-28T07:14:13.907+0000] {processor.py:183} INFO - Processing /home/airflow/.local/lib/python3.8/site-packages/airflow/example_dags/example_latest_only.py took 0.073 seconds
[2025-11-28T07:14:44.003+0000] {processor.py:161} INFO - Started process (PID=2495) to work on /home/airflow/.local/lib/python3.8/site-packages/airflow/example_dags/example_latest_only.py
[2025-11-28T07:14:44.005+0000] {processor.py:830} INFO - Processing file /home/airflow/.local/lib/python3.8/site-packages/airflow/example_dags/example_latest_only.py for tasks to queue
[2025-11-28T07:14:44.008+0000] {logging_mixin.py:188} INFO - [2025-11-28T07:14:44.008+0000] {dagbag.py:538} INFO - Filling up the DagBag from /home/airflow/.local/lib/python3.8/site-packages/airflow/example_dags/example_latest_only.py
[2025-11-28T07:14:44.014+0000] {processor.py:840} INFO - DAG(s) 'latest_only' retrieved from /home/airflow/.local/lib/python3.8/site-packages/airflow/example_dags/example_latest_only.py
[2025-11-28T07:14:44.031+0000] {logging_mixin.py:188} INFO - [2025-11-28T07:14:44.031+0000] {dag.py:3036} INFO - Sync 1 DAGs
[2025-11-28T07:14:44.146+0000] {logging_mixin.py:188} INFO - [2025-11-28T07:14:44.146+0000] {dag.py:3823} INFO - Setting next_dagrun for latest_only to 2025-11-28 00:00:00+00:00, run_after=2025-11-28 04:00:00+00:00
[2025-11-28T07:14:44.162+0000] {processor.py:183} INFO - Processing /home/airflow/.local/lib/python3.8/site-packages/airflow/example_dags/example_latest_only.py took 0.163 seconds
[2025-11-28T07:15:14.468+0000] {processor.py:161} INFO - Started process (PID=2548) to work on /home/airflow/.local/lib/python3.8/site-packages/airflow/example_dags/example_latest_only.py
[2025-11-28T07:15:14.470+0000] {processor.py:830} INFO - Processing file /home/airflow/.local/lib/python3.8/site-packages/airflow/example_dags/example_latest_only.py for tasks to queue
[2025-11-28T07:15:14.472+0000] {logging_mixin.py:188} INFO - [2025-11-28T07:15:14.472+0000] {dagbag.py:538} INFO - Filling up the DagBag from /home/airflow/.local/lib/python3.8/site-packages/airflow/example_dags/example_latest_only.py
[2025-11-28T07:15:14.476+0000] {processor.py:840} INFO - DAG(s) 'latest_only' retrieved from /home/airflow/.local/lib/python3.8/site-packages/airflow/example_dags/example_latest_only.py
[2025-11-28T07:15:14.496+0000] {logging_mixin.py:188} INFO - [2025-11-28T07:15:14.496+0000] {dag.py:3036} INFO - Sync 1 DAGs
[2025-11-28T07:15:14.512+0000] {logging_mixin.py:188} INFO - [2025-11-28T07:15:14.512+0000] {dag.py:3823} INFO - Setting next_dagrun for latest_only to 2025-11-28 00:00:00+00:00, run_after=2025-11-28 04:00:00+00:00
[2025-11-28T07:15:14.634+0000] {processor.py:183} INFO - Processing /home/airflow/.local/lib/python3.8/site-packages/airflow/example_dags/example_latest_only.py took 0.168 seconds
[2025-11-28T07:15:45.620+0000] {processor.py:161} INFO - Started process (PID=2603) to work on /home/airflow/.local/lib/python3.8/site-packages/airflow/example_dags/example_latest_only.py
[2025-11-28T07:15:45.628+0000] {processor.py:830} INFO - Processing file /home/airflow/.local/lib/python3.8/site-packages/airflow/example_dags/example_latest_only.py for tasks to queue
[2025-11-28T07:15:45.630+0000] {logging_mixin.py:188} INFO - [2025-11-28T07:15:45.630+0000] {dagbag.py:538} INFO - Filling up the DagBag from /home/airflow/.local/lib/python3.8/site-packages/airflow/example_dags/example_latest_only.py
[2025-11-28T07:15:45.636+0000] {processor.py:840} INFO - DAG(s) 'latest_only' retrieved from /home/airflow/.local/lib/python3.8/site-packages/airflow/example_dags/example_latest_only.py
[2025-11-28T07:15:45.652+0000] {logging_mixin.py:188} INFO - [2025-11-28T07:15:45.652+0000] {dag.py:3036} INFO - Sync 1 DAGs
[2025-11-28T07:15:45.673+0000] {logging_mixin.py:188} INFO - [2025-11-28T07:15:45.673+0000] {dag.py:3823} INFO - Setting next_dagrun for latest_only to 2025-11-28 00:00:00+00:00, run_after=2025-11-28 04:00:00+00:00
[2025-11-28T07:15:45.690+0000] {processor.py:183} INFO - Processing /home/airflow/.local/lib/python3.8/site-packages/airflow/example_dags/example_latest_only.py took 0.073 seconds
[2025-11-28T07:16:15.859+0000] {processor.py:161} INFO - Started process (PID=2658) to work on /home/airflow/.local/lib/python3.8/site-packages/airflow/example_dags/example_latest_only.py
[2025-11-28T07:16:15.861+0000] {processor.py:830} INFO - Processing file /home/airflow/.local/lib/python3.8/site-packages/airflow/example_dags/example_latest_only.py for tasks to queue
[2025-11-28T07:16:15.866+0000] {logging_mixin.py:188} INFO - [2025-11-28T07:16:15.865+0000] {dagbag.py:538} INFO - Filling up the DagBag from /home/airflow/.local/lib/python3.8/site-packages/airflow/example_dags/example_latest_only.py
[2025-11-28T07:16:15.874+0000] {processor.py:840} INFO - DAG(s) 'latest_only' retrieved from /home/airflow/.local/lib/python3.8/site-packages/airflow/example_dags/example_latest_only.py
[2025-11-28T07:16:15.891+0000] {logging_mixin.py:188} INFO - [2025-11-28T07:16:15.891+0000] {dag.py:3036} INFO - Sync 1 DAGs
[2025-11-28T07:16:15.915+0000] {logging_mixin.py:188} INFO - [2025-11-28T07:16:15.915+0000] {dag.py:3823} INFO - Setting next_dagrun for latest_only to 2025-11-28 00:00:00+00:00, run_after=2025-11-28 04:00:00+00:00
[2025-11-28T07:16:15.931+0000] {processor.py:183} INFO - Processing /home/airflow/.local/lib/python3.8/site-packages/airflow/example_dags/example_latest_only.py took 0.079 seconds
[2025-11-28T07:16:46.513+0000] {processor.py:161} INFO - Started process (PID=2713) to work on /home/airflow/.local/lib/python3.8/site-packages/airflow/example_dags/example_latest_only.py
[2025-11-28T07:16:46.515+0000] {processor.py:830} INFO - Processing file /home/airflow/.local/lib/python3.8/site-packages/airflow/example_dags/example_latest_only.py for tasks to queue
[2025-11-28T07:16:46.519+0000] {logging_mixin.py:188} INFO - [2025-11-28T07:16:46.519+0000] {dagbag.py:538} INFO - Filling up the DagBag from /home/airflow/.local/lib/python3.8/site-packages/airflow/example_dags/example_latest_only.py
[2025-11-28T07:16:46.528+0000] {processor.py:840} INFO - DAG(s) 'latest_only' retrieved from /home/airflow/.local/lib/python3.8/site-packages/airflow/example_dags/example_latest_only.py
[2025-11-28T07:16:46.552+0000] {logging_mixin.py:188} INFO - [2025-11-28T07:16:46.552+0000] {dag.py:3036} INFO - Sync 1 DAGs
[2025-11-28T07:16:46.568+0000] {logging_mixin.py:188} INFO - [2025-11-28T07:16:46.568+0000] {dag.py:3823} INFO - Setting next_dagrun for latest_only to 2025-11-28 00:00:00+00:00, run_after=2025-11-28 04:00:00+00:00
[2025-11-28T07:16:46.582+0000] {processor.py:183} INFO - Processing /home/airflow/.local/lib/python3.8/site-packages/airflow/example_dags/example_latest_only.py took 0.078 seconds
[2025-11-28T07:17:17.504+0000] {processor.py:161} INFO - Started process (PID=2768) to work on /home/airflow/.local/lib/python3.8/site-packages/airflow/example_dags/example_latest_only.py
[2025-11-28T07:17:17.506+0000] {processor.py:830} INFO - Processing file /home/airflow/.local/lib/python3.8/site-packages/airflow/example_dags/example_latest_only.py for tasks to queue
[2025-11-28T07:17:17.510+0000] {logging_mixin.py:188} INFO - [2025-11-28T07:17:17.509+0000] {dagbag.py:538} INFO - Filling up the DagBag from /home/airflow/.local/lib/python3.8/site-packages/airflow/example_dags/example_latest_only.py
[2025-11-28T07:17:17.514+0000] {processor.py:840} INFO - DAG(s) 'latest_only' retrieved from /home/airflow/.local/lib/python3.8/site-packages/airflow/example_dags/example_latest_only.py
[2025-11-28T07:17:17.540+0000] {logging_mixin.py:188} INFO - [2025-11-28T07:17:17.540+0000] {dag.py:3036} INFO - Sync 1 DAGs
[2025-11-28T07:17:17.561+0000] {logging_mixin.py:188} INFO - [2025-11-28T07:17:17.560+0000] {dag.py:3823} INFO - Setting next_dagrun for latest_only to 2025-11-28 00:00:00+00:00, run_after=2025-11-28 04:00:00+00:00
[2025-11-28T07:17:17.586+0000] {processor.py:183} INFO - Processing /home/airflow/.local/lib/python3.8/site-packages/airflow/example_dags/example_latest_only.py took 0.087 seconds
[2025-11-28T07:17:47.992+0000] {processor.py:161} INFO - Started process (PID=2823) to work on /home/airflow/.local/lib/python3.8/site-packages/airflow/example_dags/example_latest_only.py
[2025-11-28T07:17:47.994+0000] {processor.py:830} INFO - Processing file /home/airflow/.local/lib/python3.8/site-packages/airflow/example_dags/example_latest_only.py for tasks to queue
[2025-11-28T07:17:47.996+0000] {logging_mixin.py:188} INFO - [2025-11-28T07:17:47.995+0000] {dagbag.py:538} INFO - Filling up the DagBag from /home/airflow/.local/lib/python3.8/site-packages/airflow/example_dags/example_latest_only.py
[2025-11-28T07:17:48.001+0000] {processor.py:840} INFO - DAG(s) 'latest_only' retrieved from /home/airflow/.local/lib/python3.8/site-packages/airflow/example_dags/example_latest_only.py
[2025-11-28T07:17:48.021+0000] {logging_mixin.py:188} INFO - [2025-11-28T07:17:48.021+0000] {dag.py:3036} INFO - Sync 1 DAGs
[2025-11-28T07:17:48.038+0000] {logging_mixin.py:188} INFO - [2025-11-28T07:17:48.038+0000] {dag.py:3823} INFO - Setting next_dagrun for latest_only to 2025-11-28 00:00:00+00:00, run_after=2025-11-28 04:00:00+00:00
[2025-11-28T07:17:48.055+0000] {processor.py:183} INFO - Processing /home/airflow/.local/lib/python3.8/site-packages/airflow/example_dags/example_latest_only.py took 0.069 seconds
[2025-11-28T07:18:18.283+0000] {processor.py:161} INFO - Started process (PID=2878) to work on /home/airflow/.local/lib/python3.8/site-packages/airflow/example_dags/example_latest_only.py
[2025-11-28T07:18:18.285+0000] {processor.py:830} INFO - Processing file /home/airflow/.local/lib/python3.8/site-packages/airflow/example_dags/example_latest_only.py for tasks to queue
[2025-11-28T07:18:18.289+0000] {logging_mixin.py:188} INFO - [2025-11-28T07:18:18.288+0000] {dagbag.py:538} INFO - Filling up the DagBag from /home/airflow/.local/lib/python3.8/site-packages/airflow/example_dags/example_latest_only.py
[2025-11-28T07:18:18.296+0000] {processor.py:840} INFO - DAG(s) 'latest_only' retrieved from /home/airflow/.local/lib/python3.8/site-packages/airflow/example_dags/example_latest_only.py
[2025-11-28T07:18:18.334+0000] {logging_mixin.py:188} INFO - [2025-11-28T07:18:18.334+0000] {dag.py:3036} INFO - Sync 1 DAGs
[2025-11-28T07:18:18.354+0000] {logging_mixin.py:188} INFO - [2025-11-28T07:18:18.354+0000] {dag.py:3823} INFO - Setting next_dagrun for latest_only to 2025-11-28 00:00:00+00:00, run_after=2025-11-28 04:00:00+00:00
[2025-11-28T07:18:18.374+0000] {processor.py:183} INFO - Processing /home/airflow/.local/lib/python3.8/site-packages/airflow/example_dags/example_latest_only.py took 0.097 seconds
[2025-11-28T07:18:49.276+0000] {processor.py:161} INFO - Started process (PID=2933) to work on /home/airflow/.local/lib/python3.8/site-packages/airflow/example_dags/example_latest_only.py
[2025-11-28T07:18:49.277+0000] {processor.py:830} INFO - Processing file /home/airflow/.local/lib/python3.8/site-packages/airflow/example_dags/example_latest_only.py for tasks to queue
[2025-11-28T07:18:49.282+0000] {logging_mixin.py:188} INFO - [2025-11-28T07:18:49.282+0000] {dagbag.py:538} INFO - Filling up the DagBag from /home/airflow/.local/lib/python3.8/site-packages/airflow/example_dags/example_latest_only.py
[2025-11-28T07:18:49.287+0000] {processor.py:840} INFO - DAG(s) 'latest_only' retrieved from /home/airflow/.local/lib/python3.8/site-packages/airflow/example_dags/example_latest_only.py
[2025-11-28T07:18:49.307+0000] {logging_mixin.py:188} INFO - [2025-11-28T07:18:49.307+0000] {dag.py:3036} INFO - Sync 1 DAGs
[2025-11-28T07:18:49.328+0000] {logging_mixin.py:188} INFO - [2025-11-28T07:18:49.328+0000] {dag.py:3823} INFO - Setting next_dagrun for latest_only to 2025-11-28 00:00:00+00:00, run_after=2025-11-28 04:00:00+00:00
[2025-11-28T07:18:49.346+0000] {processor.py:183} INFO - Processing /home/airflow/.local/lib/python3.8/site-packages/airflow/example_dags/example_latest_only.py took 0.077 seconds
[2025-11-28T07:19:19.934+0000] {processor.py:161} INFO - Started process (PID=2987) to work on /home/airflow/.local/lib/python3.8/site-packages/airflow/example_dags/example_latest_only.py
[2025-11-28T07:19:19.937+0000] {processor.py:830} INFO - Processing file /home/airflow/.local/lib/python3.8/site-packages/airflow/example_dags/example_latest_only.py for tasks to queue
[2025-11-28T07:19:19.940+0000] {logging_mixin.py:188} INFO - [2025-11-28T07:19:19.940+0000] {dagbag.py:538} INFO - Filling up the DagBag from /home/airflow/.local/lib/python3.8/site-packages/airflow/example_dags/example_latest_only.py
[2025-11-28T07:19:19.949+0000] {processor.py:840} INFO - DAG(s) 'latest_only' retrieved from /home/airflow/.local/lib/python3.8/site-packages/airflow/example_dags/example_latest_only.py
[2025-11-28T07:19:19.978+0000] {logging_mixin.py:188} INFO - [2025-11-28T07:19:19.978+0000] {dag.py:3036} INFO - Sync 1 DAGs
[2025-11-28T07:19:20.010+0000] {logging_mixin.py:188} INFO - [2025-11-28T07:19:20.010+0000] {dag.py:3823} INFO - Setting next_dagrun for latest_only to 2025-11-28 00:00:00+00:00, run_after=2025-11-28 04:00:00+00:00
[2025-11-28T07:19:20.032+0000] {processor.py:183} INFO - Processing /home/airflow/.local/lib/python3.8/site-packages/airflow/example_dags/example_latest_only.py took 0.101 seconds
