[2025-11-28T06:52:27.670+0000] {processor.py:161} INFO - Started process (PID=101) to work on /home/airflow/.local/lib/python3.8/site-packages/airflow/example_dags/example_params_ui_tutorial.py
[2025-11-28T06:52:27.672+0000] {processor.py:830} INFO - Processing file /home/airflow/.local/lib/python3.8/site-packages/airflow/example_dags/example_params_ui_tutorial.py for tasks to queue
[2025-11-28T06:52:27.675+0000] {logging_mixin.py:188} INFO - [2025-11-28T06:52:27.674+0000] {dagbag.py:538} INFO - Filling up the DagBag from /home/airflow/.local/lib/python3.8/site-packages/airflow/example_dags/example_params_ui_tutorial.py
[2025-11-28T06:52:27.695+0000] {processor.py:840} INFO - DAG(s) 'example_params_ui_tutorial' retrieved from /home/airflow/.local/lib/python3.8/site-packages/airflow/example_dags/example_params_ui_tutorial.py
[2025-11-28T06:52:27.864+0000] {logging_mixin.py:188} INFO - [2025-11-28T06:52:27.861+0000] {override.py:1769} INFO - Created Permission View: can edit on DAG:example_params_ui_tutorial
[2025-11-28T06:52:27.883+0000] {logging_mixin.py:188} INFO - [2025-11-28T06:52:27.879+0000] {override.py:1769} INFO - Created Permission View: can delete on DAG:example_params_ui_tutorial
[2025-11-28T06:52:27.891+0000] {logging_mixin.py:188} INFO - [2025-11-28T06:52:27.891+0000] {override.py:1769} INFO - Created Permission View: can read on DAG:example_params_ui_tutorial
[2025-11-28T06:52:27.892+0000] {logging_mixin.py:188} INFO - [2025-11-28T06:52:27.892+0000] {dag.py:3036} INFO - Sync 1 DAGs
[2025-11-28T06:52:27.905+0000] {logging_mixin.py:188} INFO - [2025-11-28T06:52:27.905+0000] {dag.py:3058} INFO - Creating ORM DAG for example_params_ui_tutorial
[2025-11-28T06:52:27.906+0000] {logging_mixin.py:188} INFO - [2025-11-28T06:52:27.906+0000] {dag.py:3823} INFO - Setting next_dagrun for example_params_ui_tutorial to None, run_after=None
[2025-11-28T06:52:27.929+0000] {processor.py:183} INFO - Processing /home/airflow/.local/lib/python3.8/site-packages/airflow/example_dags/example_params_ui_tutorial.py took 0.263 seconds
[2025-11-28T06:52:59.007+0000] {processor.py:161} INFO - Started process (PID=156) to work on /home/airflow/.local/lib/python3.8/site-packages/airflow/example_dags/example_params_ui_tutorial.py
[2025-11-28T06:52:59.009+0000] {processor.py:830} INFO - Processing file /home/airflow/.local/lib/python3.8/site-packages/airflow/example_dags/example_params_ui_tutorial.py for tasks to queue
[2025-11-28T06:52:59.014+0000] {logging_mixin.py:188} INFO - [2025-11-28T06:52:59.013+0000] {dagbag.py:538} INFO - Filling up the DagBag from /home/airflow/.local/lib/python3.8/site-packages/airflow/example_dags/example_params_ui_tutorial.py
[2025-11-28T06:52:59.025+0000] {processor.py:840} INFO - DAG(s) 'example_params_ui_tutorial' retrieved from /home/airflow/.local/lib/python3.8/site-packages/airflow/example_dags/example_params_ui_tutorial.py
[2025-11-28T06:52:59.067+0000] {logging_mixin.py:188} INFO - [2025-11-28T06:52:59.067+0000] {dag.py:3036} INFO - Sync 1 DAGs
[2025-11-28T06:52:59.079+0000] {logging_mixin.py:188} INFO - [2025-11-28T06:52:59.079+0000] {dag.py:3823} INFO - Setting next_dagrun for example_params_ui_tutorial to None, run_after=None
[2025-11-28T06:52:59.096+0000] {processor.py:183} INFO - Processing /home/airflow/.local/lib/python3.8/site-packages/airflow/example_dags/example_params_ui_tutorial.py took 0.098 seconds
[2025-11-28T06:53:29.282+0000] {processor.py:161} INFO - Started process (PID=211) to work on /home/airflow/.local/lib/python3.8/site-packages/airflow/example_dags/example_params_ui_tutorial.py
[2025-11-28T06:53:29.283+0000] {processor.py:830} INFO - Processing file /home/airflow/.local/lib/python3.8/site-packages/airflow/example_dags/example_params_ui_tutorial.py for tasks to queue
[2025-11-28T06:53:29.286+0000] {logging_mixin.py:188} INFO - [2025-11-28T06:53:29.286+0000] {dagbag.py:538} INFO - Filling up the DagBag from /home/airflow/.local/lib/python3.8/site-packages/airflow/example_dags/example_params_ui_tutorial.py
[2025-11-28T06:53:29.295+0000] {processor.py:840} INFO - DAG(s) 'example_params_ui_tutorial' retrieved from /home/airflow/.local/lib/python3.8/site-packages/airflow/example_dags/example_params_ui_tutorial.py
[2025-11-28T06:53:29.336+0000] {logging_mixin.py:188} INFO - [2025-11-28T06:53:29.336+0000] {dag.py:3036} INFO - Sync 1 DAGs
[2025-11-28T06:53:29.346+0000] {logging_mixin.py:188} INFO - [2025-11-28T06:53:29.346+0000] {dag.py:3823} INFO - Setting next_dagrun for example_params_ui_tutorial to None, run_after=None
[2025-11-28T06:53:29.364+0000] {processor.py:183} INFO - Processing /home/airflow/.local/lib/python3.8/site-packages/airflow/example_dags/example_params_ui_tutorial.py took 0.085 seconds
[2025-11-28T06:53:59.779+0000] {processor.py:161} INFO - Started process (PID=266) to work on /home/airflow/.local/lib/python3.8/site-packages/airflow/example_dags/example_params_ui_tutorial.py
[2025-11-28T06:53:59.780+0000] {processor.py:830} INFO - Processing file /home/airflow/.local/lib/python3.8/site-packages/airflow/example_dags/example_params_ui_tutorial.py for tasks to queue
[2025-11-28T06:53:59.782+0000] {logging_mixin.py:188} INFO - [2025-11-28T06:53:59.782+0000] {dagbag.py:538} INFO - Filling up the DagBag from /home/airflow/.local/lib/python3.8/site-packages/airflow/example_dags/example_params_ui_tutorial.py
[2025-11-28T06:53:59.790+0000] {processor.py:840} INFO - DAG(s) 'example_params_ui_tutorial' retrieved from /home/airflow/.local/lib/python3.8/site-packages/airflow/example_dags/example_params_ui_tutorial.py
[2025-11-28T06:53:59.831+0000] {logging_mixin.py:188} INFO - [2025-11-28T06:53:59.831+0000] {dag.py:3036} INFO - Sync 1 DAGs
[2025-11-28T06:53:59.839+0000] {logging_mixin.py:188} INFO - [2025-11-28T06:53:59.839+0000] {dag.py:3823} INFO - Setting next_dagrun for example_params_ui_tutorial to None, run_after=None
[2025-11-28T06:53:59.857+0000] {processor.py:183} INFO - Processing /home/airflow/.local/lib/python3.8/site-packages/airflow/example_dags/example_params_ui_tutorial.py took 0.080 seconds
[2025-11-28T06:54:30.803+0000] {processor.py:161} INFO - Started process (PID=321) to work on /home/airflow/.local/lib/python3.8/site-packages/airflow/example_dags/example_params_ui_tutorial.py
[2025-11-28T06:54:30.804+0000] {processor.py:830} INFO - Processing file /home/airflow/.local/lib/python3.8/site-packages/airflow/example_dags/example_params_ui_tutorial.py for tasks to queue
[2025-11-28T06:54:30.806+0000] {logging_mixin.py:188} INFO - [2025-11-28T06:54:30.806+0000] {dagbag.py:538} INFO - Filling up the DagBag from /home/airflow/.local/lib/python3.8/site-packages/airflow/example_dags/example_params_ui_tutorial.py
[2025-11-28T06:54:30.818+0000] {processor.py:840} INFO - DAG(s) 'example_params_ui_tutorial' retrieved from /home/airflow/.local/lib/python3.8/site-packages/airflow/example_dags/example_params_ui_tutorial.py
[2025-11-28T06:54:30.871+0000] {logging_mixin.py:188} INFO - [2025-11-28T06:54:30.871+0000] {dag.py:3036} INFO - Sync 1 DAGs
[2025-11-28T06:54:30.883+0000] {logging_mixin.py:188} INFO - [2025-11-28T06:54:30.883+0000] {dag.py:3823} INFO - Setting next_dagrun for example_params_ui_tutorial to None, run_after=None
[2025-11-28T06:54:30.901+0000] {processor.py:183} INFO - Processing /home/airflow/.local/lib/python3.8/site-packages/airflow/example_dags/example_params_ui_tutorial.py took 0.100 seconds
[2025-11-28T06:55:01.596+0000] {processor.py:161} INFO - Started process (PID=376) to work on /home/airflow/.local/lib/python3.8/site-packages/airflow/example_dags/example_params_ui_tutorial.py
[2025-11-28T06:55:01.597+0000] {processor.py:830} INFO - Processing file /home/airflow/.local/lib/python3.8/site-packages/airflow/example_dags/example_params_ui_tutorial.py for tasks to queue
[2025-11-28T06:55:01.602+0000] {logging_mixin.py:188} INFO - [2025-11-28T06:55:01.602+0000] {dagbag.py:538} INFO - Filling up the DagBag from /home/airflow/.local/lib/python3.8/site-packages/airflow/example_dags/example_params_ui_tutorial.py
[2025-11-28T06:55:01.619+0000] {processor.py:840} INFO - DAG(s) 'example_params_ui_tutorial' retrieved from /home/airflow/.local/lib/python3.8/site-packages/airflow/example_dags/example_params_ui_tutorial.py
[2025-11-28T06:55:01.631+0000] {logging_mixin.py:188} INFO - [2025-11-28T06:55:01.631+0000] {dag.py:3036} INFO - Sync 1 DAGs
[2025-11-28T06:55:01.641+0000] {logging_mixin.py:188} INFO - [2025-11-28T06:55:01.640+0000] {dag.py:3823} INFO - Setting next_dagrun for example_params_ui_tutorial to None, run_after=None
[2025-11-28T06:55:01.659+0000] {processor.py:183} INFO - Processing /home/airflow/.local/lib/python3.8/site-packages/airflow/example_dags/example_params_ui_tutorial.py took 0.066 seconds
[2025-11-28T06:55:32.187+0000] {processor.py:161} INFO - Started process (PID=431) to work on /home/airflow/.local/lib/python3.8/site-packages/airflow/example_dags/example_params_ui_tutorial.py
[2025-11-28T06:55:32.188+0000] {processor.py:830} INFO - Processing file /home/airflow/.local/lib/python3.8/site-packages/airflow/example_dags/example_params_ui_tutorial.py for tasks to queue
[2025-11-28T06:55:32.189+0000] {logging_mixin.py:188} INFO - [2025-11-28T06:55:32.189+0000] {dagbag.py:538} INFO - Filling up the DagBag from /home/airflow/.local/lib/python3.8/site-packages/airflow/example_dags/example_params_ui_tutorial.py
[2025-11-28T06:55:32.199+0000] {processor.py:840} INFO - DAG(s) 'example_params_ui_tutorial' retrieved from /home/airflow/.local/lib/python3.8/site-packages/airflow/example_dags/example_params_ui_tutorial.py
[2025-11-28T06:55:32.304+0000] {logging_mixin.py:188} INFO - [2025-11-28T06:55:32.303+0000] {dag.py:3036} INFO - Sync 1 DAGs
[2025-11-28T06:55:32.313+0000] {logging_mixin.py:188} INFO - [2025-11-28T06:55:32.312+0000] {dag.py:3823} INFO - Setting next_dagrun for example_params_ui_tutorial to None, run_after=None
[2025-11-28T06:55:32.335+0000] {processor.py:183} INFO - Processing /home/airflow/.local/lib/python3.8/site-packages/airflow/example_dags/example_params_ui_tutorial.py took 0.151 seconds
[2025-11-28T06:56:03.061+0000] {processor.py:161} INFO - Started process (PID=486) to work on /home/airflow/.local/lib/python3.8/site-packages/airflow/example_dags/example_params_ui_tutorial.py
[2025-11-28T06:56:03.063+0000] {processor.py:830} INFO - Processing file /home/airflow/.local/lib/python3.8/site-packages/airflow/example_dags/example_params_ui_tutorial.py for tasks to queue
[2025-11-28T06:56:03.067+0000] {logging_mixin.py:188} INFO - [2025-11-28T06:56:03.064+0000] {dagbag.py:538} INFO - Filling up the DagBag from /home/airflow/.local/lib/python3.8/site-packages/airflow/example_dags/example_params_ui_tutorial.py
[2025-11-28T06:56:03.076+0000] {processor.py:840} INFO - DAG(s) 'example_params_ui_tutorial' retrieved from /home/airflow/.local/lib/python3.8/site-packages/airflow/example_dags/example_params_ui_tutorial.py
[2025-11-28T06:56:03.120+0000] {logging_mixin.py:188} INFO - [2025-11-28T06:56:03.119+0000] {dag.py:3036} INFO - Sync 1 DAGs
[2025-11-28T06:56:03.135+0000] {logging_mixin.py:188} INFO - [2025-11-28T06:56:03.135+0000] {dag.py:3823} INFO - Setting next_dagrun for example_params_ui_tutorial to None, run_after=None
[2025-11-28T06:56:03.155+0000] {processor.py:183} INFO - Processing /home/airflow/.local/lib/python3.8/site-packages/airflow/example_dags/example_params_ui_tutorial.py took 0.096 seconds
[2025-11-28T06:56:33.369+0000] {processor.py:161} INFO - Started process (PID=541) to work on /home/airflow/.local/lib/python3.8/site-packages/airflow/example_dags/example_params_ui_tutorial.py
[2025-11-28T06:56:33.372+0000] {processor.py:830} INFO - Processing file /home/airflow/.local/lib/python3.8/site-packages/airflow/example_dags/example_params_ui_tutorial.py for tasks to queue
[2025-11-28T06:56:33.375+0000] {logging_mixin.py:188} INFO - [2025-11-28T06:56:33.375+0000] {dagbag.py:538} INFO - Filling up the DagBag from /home/airflow/.local/lib/python3.8/site-packages/airflow/example_dags/example_params_ui_tutorial.py
[2025-11-28T06:56:33.388+0000] {processor.py:840} INFO - DAG(s) 'example_params_ui_tutorial' retrieved from /home/airflow/.local/lib/python3.8/site-packages/airflow/example_dags/example_params_ui_tutorial.py
[2025-11-28T06:56:33.427+0000] {logging_mixin.py:188} INFO - [2025-11-28T06:56:33.427+0000] {dag.py:3036} INFO - Sync 1 DAGs
[2025-11-28T06:56:33.436+0000] {logging_mixin.py:188} INFO - [2025-11-28T06:56:33.436+0000] {dag.py:3823} INFO - Setting next_dagrun for example_params_ui_tutorial to None, run_after=None
[2025-11-28T06:56:33.453+0000] {processor.py:183} INFO - Processing /home/airflow/.local/lib/python3.8/site-packages/airflow/example_dags/example_params_ui_tutorial.py took 0.091 seconds
[2025-11-28T06:57:03.657+0000] {processor.py:161} INFO - Started process (PID=596) to work on /home/airflow/.local/lib/python3.8/site-packages/airflow/example_dags/example_params_ui_tutorial.py
[2025-11-28T06:57:03.657+0000] {processor.py:830} INFO - Processing file /home/airflow/.local/lib/python3.8/site-packages/airflow/example_dags/example_params_ui_tutorial.py for tasks to queue
[2025-11-28T06:57:03.661+0000] {logging_mixin.py:188} INFO - [2025-11-28T06:57:03.661+0000] {dagbag.py:538} INFO - Filling up the DagBag from /home/airflow/.local/lib/python3.8/site-packages/airflow/example_dags/example_params_ui_tutorial.py
[2025-11-28T06:57:03.669+0000] {processor.py:840} INFO - DAG(s) 'example_params_ui_tutorial' retrieved from /home/airflow/.local/lib/python3.8/site-packages/airflow/example_dags/example_params_ui_tutorial.py
[2025-11-28T06:57:03.711+0000] {logging_mixin.py:188} INFO - [2025-11-28T06:57:03.710+0000] {dag.py:3036} INFO - Sync 1 DAGs
[2025-11-28T06:57:03.721+0000] {logging_mixin.py:188} INFO - [2025-11-28T06:57:03.721+0000] {dag.py:3823} INFO - Setting next_dagrun for example_params_ui_tutorial to None, run_after=None
[2025-11-28T06:57:03.742+0000] {processor.py:183} INFO - Processing /home/airflow/.local/lib/python3.8/site-packages/airflow/example_dags/example_params_ui_tutorial.py took 0.088 seconds
[2025-11-28T06:57:34.381+0000] {processor.py:161} INFO - Started process (PID=651) to work on /home/airflow/.local/lib/python3.8/site-packages/airflow/example_dags/example_params_ui_tutorial.py
[2025-11-28T06:57:34.384+0000] {processor.py:830} INFO - Processing file /home/airflow/.local/lib/python3.8/site-packages/airflow/example_dags/example_params_ui_tutorial.py for tasks to queue
[2025-11-28T06:57:34.387+0000] {logging_mixin.py:188} INFO - [2025-11-28T06:57:34.386+0000] {dagbag.py:538} INFO - Filling up the DagBag from /home/airflow/.local/lib/python3.8/site-packages/airflow/example_dags/example_params_ui_tutorial.py
[2025-11-28T06:57:34.405+0000] {processor.py:840} INFO - DAG(s) 'example_params_ui_tutorial' retrieved from /home/airflow/.local/lib/python3.8/site-packages/airflow/example_dags/example_params_ui_tutorial.py
[2025-11-28T06:57:34.446+0000] {logging_mixin.py:188} INFO - [2025-11-28T06:57:34.446+0000] {dag.py:3036} INFO - Sync 1 DAGs
[2025-11-28T06:57:34.455+0000] {logging_mixin.py:188} INFO - [2025-11-28T06:57:34.454+0000] {dag.py:3823} INFO - Setting next_dagrun for example_params_ui_tutorial to None, run_after=None
[2025-11-28T06:57:34.470+0000] {processor.py:183} INFO - Processing /home/airflow/.local/lib/python3.8/site-packages/airflow/example_dags/example_params_ui_tutorial.py took 0.095 seconds
[2025-11-28T06:58:05.239+0000] {processor.py:161} INFO - Started process (PID=706) to work on /home/airflow/.local/lib/python3.8/site-packages/airflow/example_dags/example_params_ui_tutorial.py
[2025-11-28T06:58:05.241+0000] {processor.py:830} INFO - Processing file /home/airflow/.local/lib/python3.8/site-packages/airflow/example_dags/example_params_ui_tutorial.py for tasks to queue
[2025-11-28T06:58:05.246+0000] {logging_mixin.py:188} INFO - [2025-11-28T06:58:05.245+0000] {dagbag.py:538} INFO - Filling up the DagBag from /home/airflow/.local/lib/python3.8/site-packages/airflow/example_dags/example_params_ui_tutorial.py
[2025-11-28T06:58:05.256+0000] {processor.py:840} INFO - DAG(s) 'example_params_ui_tutorial' retrieved from /home/airflow/.local/lib/python3.8/site-packages/airflow/example_dags/example_params_ui_tutorial.py
[2025-11-28T06:58:05.295+0000] {logging_mixin.py:188} INFO - [2025-11-28T06:58:05.295+0000] {dag.py:3036} INFO - Sync 1 DAGs
[2025-11-28T06:58:05.305+0000] {logging_mixin.py:188} INFO - [2025-11-28T06:58:05.305+0000] {dag.py:3823} INFO - Setting next_dagrun for example_params_ui_tutorial to None, run_after=None
[2025-11-28T06:58:05.319+0000] {processor.py:183} INFO - Processing /home/airflow/.local/lib/python3.8/site-packages/airflow/example_dags/example_params_ui_tutorial.py took 0.086 seconds
[2025-11-28T06:58:35.659+0000] {processor.py:161} INFO - Started process (PID=761) to work on /home/airflow/.local/lib/python3.8/site-packages/airflow/example_dags/example_params_ui_tutorial.py
[2025-11-28T06:58:35.660+0000] {processor.py:830} INFO - Processing file /home/airflow/.local/lib/python3.8/site-packages/airflow/example_dags/example_params_ui_tutorial.py for tasks to queue
[2025-11-28T06:58:35.663+0000] {logging_mixin.py:188} INFO - [2025-11-28T06:58:35.662+0000] {dagbag.py:538} INFO - Filling up the DagBag from /home/airflow/.local/lib/python3.8/site-packages/airflow/example_dags/example_params_ui_tutorial.py
[2025-11-28T06:58:35.674+0000] {processor.py:840} INFO - DAG(s) 'example_params_ui_tutorial' retrieved from /home/airflow/.local/lib/python3.8/site-packages/airflow/example_dags/example_params_ui_tutorial.py
[2025-11-28T06:58:35.707+0000] {logging_mixin.py:188} INFO - [2025-11-28T06:58:35.707+0000] {dag.py:3036} INFO - Sync 1 DAGs
[2025-11-28T06:58:35.715+0000] {logging_mixin.py:188} INFO - [2025-11-28T06:58:35.715+0000] {dag.py:3823} INFO - Setting next_dagrun for example_params_ui_tutorial to None, run_after=None
[2025-11-28T06:58:35.731+0000] {processor.py:183} INFO - Processing /home/airflow/.local/lib/python3.8/site-packages/airflow/example_dags/example_params_ui_tutorial.py took 0.075 seconds
[2025-11-28T06:59:06.349+0000] {processor.py:161} INFO - Started process (PID=816) to work on /home/airflow/.local/lib/python3.8/site-packages/airflow/example_dags/example_params_ui_tutorial.py
[2025-11-28T06:59:06.351+0000] {processor.py:830} INFO - Processing file /home/airflow/.local/lib/python3.8/site-packages/airflow/example_dags/example_params_ui_tutorial.py for tasks to queue
[2025-11-28T06:59:06.354+0000] {logging_mixin.py:188} INFO - [2025-11-28T06:59:06.353+0000] {dagbag.py:538} INFO - Filling up the DagBag from /home/airflow/.local/lib/python3.8/site-packages/airflow/example_dags/example_params_ui_tutorial.py
[2025-11-28T06:59:06.370+0000] {processor.py:840} INFO - DAG(s) 'example_params_ui_tutorial' retrieved from /home/airflow/.local/lib/python3.8/site-packages/airflow/example_dags/example_params_ui_tutorial.py
[2025-11-28T06:59:06.443+0000] {logging_mixin.py:188} INFO - [2025-11-28T06:59:06.442+0000] {dag.py:3036} INFO - Sync 1 DAGs
[2025-11-28T06:59:06.452+0000] {logging_mixin.py:188} INFO - [2025-11-28T06:59:06.452+0000] {dag.py:3823} INFO - Setting next_dagrun for example_params_ui_tutorial to None, run_after=None
[2025-11-28T06:59:06.475+0000] {processor.py:183} INFO - Processing /home/airflow/.local/lib/python3.8/site-packages/airflow/example_dags/example_params_ui_tutorial.py took 0.130 seconds
[2025-11-28T06:59:36.678+0000] {processor.py:161} INFO - Started process (PID=871) to work on /home/airflow/.local/lib/python3.8/site-packages/airflow/example_dags/example_params_ui_tutorial.py
[2025-11-28T06:59:36.679+0000] {processor.py:830} INFO - Processing file /home/airflow/.local/lib/python3.8/site-packages/airflow/example_dags/example_params_ui_tutorial.py for tasks to queue
[2025-11-28T06:59:36.681+0000] {logging_mixin.py:188} INFO - [2025-11-28T06:59:36.681+0000] {dagbag.py:538} INFO - Filling up the DagBag from /home/airflow/.local/lib/python3.8/site-packages/airflow/example_dags/example_params_ui_tutorial.py
[2025-11-28T06:59:36.702+0000] {processor.py:840} INFO - DAG(s) 'example_params_ui_tutorial' retrieved from /home/airflow/.local/lib/python3.8/site-packages/airflow/example_dags/example_params_ui_tutorial.py
[2025-11-28T06:59:36.814+0000] {logging_mixin.py:188} INFO - [2025-11-28T06:59:36.803+0000] {dag.py:3036} INFO - Sync 1 DAGs
[2025-11-28T06:59:36.849+0000] {logging_mixin.py:188} INFO - [2025-11-28T06:59:36.848+0000] {dag.py:3823} INFO - Setting next_dagrun for example_params_ui_tutorial to None, run_after=None
[2025-11-28T06:59:36.885+0000] {processor.py:183} INFO - Processing /home/airflow/.local/lib/python3.8/site-packages/airflow/example_dags/example_params_ui_tutorial.py took 0.210 seconds
[2025-11-28T07:00:07.732+0000] {processor.py:161} INFO - Started process (PID=926) to work on /home/airflow/.local/lib/python3.8/site-packages/airflow/example_dags/example_params_ui_tutorial.py
[2025-11-28T07:00:07.737+0000] {processor.py:830} INFO - Processing file /home/airflow/.local/lib/python3.8/site-packages/airflow/example_dags/example_params_ui_tutorial.py for tasks to queue
[2025-11-28T07:00:07.739+0000] {logging_mixin.py:188} INFO - [2025-11-28T07:00:07.739+0000] {dagbag.py:538} INFO - Filling up the DagBag from /home/airflow/.local/lib/python3.8/site-packages/airflow/example_dags/example_params_ui_tutorial.py
[2025-11-28T07:00:07.750+0000] {processor.py:840} INFO - DAG(s) 'example_params_ui_tutorial' retrieved from /home/airflow/.local/lib/python3.8/site-packages/airflow/example_dags/example_params_ui_tutorial.py
[2025-11-28T07:00:07.850+0000] {logging_mixin.py:188} INFO - [2025-11-28T07:00:07.850+0000] {dag.py:3036} INFO - Sync 1 DAGs
[2025-11-28T07:00:07.887+0000] {logging_mixin.py:188} INFO - [2025-11-28T07:00:07.887+0000] {dag.py:3823} INFO - Setting next_dagrun for example_params_ui_tutorial to None, run_after=None
[2025-11-28T07:00:07.930+0000] {processor.py:183} INFO - Processing /home/airflow/.local/lib/python3.8/site-packages/airflow/example_dags/example_params_ui_tutorial.py took 0.202 seconds
[2025-11-28T07:00:38.927+0000] {processor.py:161} INFO - Started process (PID=981) to work on /home/airflow/.local/lib/python3.8/site-packages/airflow/example_dags/example_params_ui_tutorial.py
[2025-11-28T07:00:38.932+0000] {processor.py:830} INFO - Processing file /home/airflow/.local/lib/python3.8/site-packages/airflow/example_dags/example_params_ui_tutorial.py for tasks to queue
[2025-11-28T07:00:38.935+0000] {logging_mixin.py:188} INFO - [2025-11-28T07:00:38.934+0000] {dagbag.py:538} INFO - Filling up the DagBag from /home/airflow/.local/lib/python3.8/site-packages/airflow/example_dags/example_params_ui_tutorial.py
[2025-11-28T07:00:38.948+0000] {processor.py:840} INFO - DAG(s) 'example_params_ui_tutorial' retrieved from /home/airflow/.local/lib/python3.8/site-packages/airflow/example_dags/example_params_ui_tutorial.py
[2025-11-28T07:00:39.035+0000] {logging_mixin.py:188} INFO - [2025-11-28T07:00:39.035+0000] {dag.py:3036} INFO - Sync 1 DAGs
[2025-11-28T07:00:39.051+0000] {logging_mixin.py:188} INFO - [2025-11-28T07:00:39.051+0000] {dag.py:3823} INFO - Setting next_dagrun for example_params_ui_tutorial to None, run_after=None
[2025-11-28T07:00:39.076+0000] {processor.py:183} INFO - Processing /home/airflow/.local/lib/python3.8/site-packages/airflow/example_dags/example_params_ui_tutorial.py took 0.154 seconds
[2025-11-28T07:01:09.261+0000] {processor.py:161} INFO - Started process (PID=1036) to work on /home/airflow/.local/lib/python3.8/site-packages/airflow/example_dags/example_params_ui_tutorial.py
[2025-11-28T07:01:09.267+0000] {processor.py:830} INFO - Processing file /home/airflow/.local/lib/python3.8/site-packages/airflow/example_dags/example_params_ui_tutorial.py for tasks to queue
[2025-11-28T07:01:09.279+0000] {logging_mixin.py:188} INFO - [2025-11-28T07:01:09.279+0000] {dagbag.py:538} INFO - Filling up the DagBag from /home/airflow/.local/lib/python3.8/site-packages/airflow/example_dags/example_params_ui_tutorial.py
[2025-11-28T07:01:09.290+0000] {processor.py:840} INFO - DAG(s) 'example_params_ui_tutorial' retrieved from /home/airflow/.local/lib/python3.8/site-packages/airflow/example_dags/example_params_ui_tutorial.py
[2025-11-28T07:01:09.383+0000] {logging_mixin.py:188} INFO - [2025-11-28T07:01:09.383+0000] {dag.py:3036} INFO - Sync 1 DAGs
[2025-11-28T07:01:09.400+0000] {logging_mixin.py:188} INFO - [2025-11-28T07:01:09.400+0000] {dag.py:3823} INFO - Setting next_dagrun for example_params_ui_tutorial to None, run_after=None
[2025-11-28T07:01:09.431+0000] {processor.py:183} INFO - Processing /home/airflow/.local/lib/python3.8/site-packages/airflow/example_dags/example_params_ui_tutorial.py took 0.173 seconds
[2025-11-28T07:01:39.610+0000] {processor.py:161} INFO - Started process (PID=1090) to work on /home/airflow/.local/lib/python3.8/site-packages/airflow/example_dags/example_params_ui_tutorial.py
[2025-11-28T07:01:39.614+0000] {processor.py:830} INFO - Processing file /home/airflow/.local/lib/python3.8/site-packages/airflow/example_dags/example_params_ui_tutorial.py for tasks to queue
[2025-11-28T07:01:39.618+0000] {logging_mixin.py:188} INFO - [2025-11-28T07:01:39.618+0000] {dagbag.py:538} INFO - Filling up the DagBag from /home/airflow/.local/lib/python3.8/site-packages/airflow/example_dags/example_params_ui_tutorial.py
[2025-11-28T07:01:39.635+0000] {processor.py:840} INFO - DAG(s) 'example_params_ui_tutorial' retrieved from /home/airflow/.local/lib/python3.8/site-packages/airflow/example_dags/example_params_ui_tutorial.py
[2025-11-28T07:01:39.706+0000] {logging_mixin.py:188} INFO - [2025-11-28T07:01:39.706+0000] {dag.py:3036} INFO - Sync 1 DAGs
[2025-11-28T07:01:39.730+0000] {logging_mixin.py:188} INFO - [2025-11-28T07:01:39.730+0000] {dag.py:3823} INFO - Setting next_dagrun for example_params_ui_tutorial to None, run_after=None
[2025-11-28T07:01:39.751+0000] {processor.py:183} INFO - Processing /home/airflow/.local/lib/python3.8/site-packages/airflow/example_dags/example_params_ui_tutorial.py took 0.145 seconds
[2025-11-28T07:02:10.465+0000] {processor.py:161} INFO - Started process (PID=1145) to work on /home/airflow/.local/lib/python3.8/site-packages/airflow/example_dags/example_params_ui_tutorial.py
[2025-11-28T07:02:10.469+0000] {processor.py:830} INFO - Processing file /home/airflow/.local/lib/python3.8/site-packages/airflow/example_dags/example_params_ui_tutorial.py for tasks to queue
[2025-11-28T07:02:10.472+0000] {logging_mixin.py:188} INFO - [2025-11-28T07:02:10.472+0000] {dagbag.py:538} INFO - Filling up the DagBag from /home/airflow/.local/lib/python3.8/site-packages/airflow/example_dags/example_params_ui_tutorial.py
[2025-11-28T07:02:10.482+0000] {processor.py:840} INFO - DAG(s) 'example_params_ui_tutorial' retrieved from /home/airflow/.local/lib/python3.8/site-packages/airflow/example_dags/example_params_ui_tutorial.py
[2025-11-28T07:02:10.533+0000] {logging_mixin.py:188} INFO - [2025-11-28T07:02:10.533+0000] {dag.py:3036} INFO - Sync 1 DAGs
[2025-11-28T07:02:10.541+0000] {logging_mixin.py:188} INFO - [2025-11-28T07:02:10.541+0000] {dag.py:3823} INFO - Setting next_dagrun for example_params_ui_tutorial to None, run_after=None
[2025-11-28T07:02:10.570+0000] {processor.py:183} INFO - Processing /home/airflow/.local/lib/python3.8/site-packages/airflow/example_dags/example_params_ui_tutorial.py took 0.109 seconds
[2025-11-28T07:02:41.733+0000] {processor.py:161} INFO - Started process (PID=1199) to work on /home/airflow/.local/lib/python3.8/site-packages/airflow/example_dags/example_params_ui_tutorial.py
[2025-11-28T07:02:41.734+0000] {processor.py:830} INFO - Processing file /home/airflow/.local/lib/python3.8/site-packages/airflow/example_dags/example_params_ui_tutorial.py for tasks to queue
[2025-11-28T07:02:41.738+0000] {logging_mixin.py:188} INFO - [2025-11-28T07:02:41.738+0000] {dagbag.py:538} INFO - Filling up the DagBag from /home/airflow/.local/lib/python3.8/site-packages/airflow/example_dags/example_params_ui_tutorial.py
[2025-11-28T07:02:41.747+0000] {processor.py:840} INFO - DAG(s) 'example_params_ui_tutorial' retrieved from /home/airflow/.local/lib/python3.8/site-packages/airflow/example_dags/example_params_ui_tutorial.py
[2025-11-28T07:02:41.786+0000] {logging_mixin.py:188} INFO - [2025-11-28T07:02:41.786+0000] {dag.py:3036} INFO - Sync 1 DAGs
[2025-11-28T07:02:41.795+0000] {logging_mixin.py:188} INFO - [2025-11-28T07:02:41.795+0000] {dag.py:3823} INFO - Setting next_dagrun for example_params_ui_tutorial to None, run_after=None
[2025-11-28T07:02:41.811+0000] {processor.py:183} INFO - Processing /home/airflow/.local/lib/python3.8/site-packages/airflow/example_dags/example_params_ui_tutorial.py took 0.081 seconds
[2025-11-28T07:03:12.702+0000] {processor.py:161} INFO - Started process (PID=1255) to work on /home/airflow/.local/lib/python3.8/site-packages/airflow/example_dags/example_params_ui_tutorial.py
[2025-11-28T07:03:12.709+0000] {processor.py:830} INFO - Processing file /home/airflow/.local/lib/python3.8/site-packages/airflow/example_dags/example_params_ui_tutorial.py for tasks to queue
[2025-11-28T07:03:12.712+0000] {logging_mixin.py:188} INFO - [2025-11-28T07:03:12.712+0000] {dagbag.py:538} INFO - Filling up the DagBag from /home/airflow/.local/lib/python3.8/site-packages/airflow/example_dags/example_params_ui_tutorial.py
[2025-11-28T07:03:12.738+0000] {processor.py:840} INFO - DAG(s) 'example_params_ui_tutorial' retrieved from /home/airflow/.local/lib/python3.8/site-packages/airflow/example_dags/example_params_ui_tutorial.py
[2025-11-28T07:03:12.832+0000] {logging_mixin.py:188} INFO - [2025-11-28T07:03:12.832+0000] {dag.py:3036} INFO - Sync 1 DAGs
[2025-11-28T07:03:12.855+0000] {logging_mixin.py:188} INFO - [2025-11-28T07:03:12.855+0000] {dag.py:3823} INFO - Setting next_dagrun for example_params_ui_tutorial to None, run_after=None
[2025-11-28T07:03:12.911+0000] {processor.py:183} INFO - Processing /home/airflow/.local/lib/python3.8/site-packages/airflow/example_dags/example_params_ui_tutorial.py took 0.215 seconds
[2025-11-28T07:03:43.317+0000] {processor.py:161} INFO - Started process (PID=1310) to work on /home/airflow/.local/lib/python3.8/site-packages/airflow/example_dags/example_params_ui_tutorial.py
[2025-11-28T07:03:43.318+0000] {processor.py:830} INFO - Processing file /home/airflow/.local/lib/python3.8/site-packages/airflow/example_dags/example_params_ui_tutorial.py for tasks to queue
[2025-11-28T07:03:43.323+0000] {logging_mixin.py:188} INFO - [2025-11-28T07:03:43.322+0000] {dagbag.py:538} INFO - Filling up the DagBag from /home/airflow/.local/lib/python3.8/site-packages/airflow/example_dags/example_params_ui_tutorial.py
[2025-11-28T07:03:43.353+0000] {processor.py:840} INFO - DAG(s) 'example_params_ui_tutorial' retrieved from /home/airflow/.local/lib/python3.8/site-packages/airflow/example_dags/example_params_ui_tutorial.py
[2025-11-28T07:03:43.437+0000] {logging_mixin.py:188} INFO - [2025-11-28T07:03:43.437+0000] {dag.py:3036} INFO - Sync 1 DAGs
[2025-11-28T07:03:43.455+0000] {logging_mixin.py:188} INFO - [2025-11-28T07:03:43.455+0000] {dag.py:3823} INFO - Setting next_dagrun for example_params_ui_tutorial to None, run_after=None
[2025-11-28T07:03:43.483+0000] {processor.py:183} INFO - Processing /home/airflow/.local/lib/python3.8/site-packages/airflow/example_dags/example_params_ui_tutorial.py took 0.170 seconds
[2025-11-28T07:04:13.724+0000] {processor.py:161} INFO - Started process (PID=1365) to work on /home/airflow/.local/lib/python3.8/site-packages/airflow/example_dags/example_params_ui_tutorial.py
[2025-11-28T07:04:13.726+0000] {processor.py:830} INFO - Processing file /home/airflow/.local/lib/python3.8/site-packages/airflow/example_dags/example_params_ui_tutorial.py for tasks to queue
[2025-11-28T07:04:13.729+0000] {logging_mixin.py:188} INFO - [2025-11-28T07:04:13.728+0000] {dagbag.py:538} INFO - Filling up the DagBag from /home/airflow/.local/lib/python3.8/site-packages/airflow/example_dags/example_params_ui_tutorial.py
[2025-11-28T07:04:13.745+0000] {processor.py:840} INFO - DAG(s) 'example_params_ui_tutorial' retrieved from /home/airflow/.local/lib/python3.8/site-packages/airflow/example_dags/example_params_ui_tutorial.py
[2025-11-28T07:04:13.828+0000] {logging_mixin.py:188} INFO - [2025-11-28T07:04:13.828+0000] {dag.py:3036} INFO - Sync 1 DAGs
[2025-11-28T07:04:13.856+0000] {logging_mixin.py:188} INFO - [2025-11-28T07:04:13.856+0000] {dag.py:3823} INFO - Setting next_dagrun for example_params_ui_tutorial to None, run_after=None
[2025-11-28T07:04:13.894+0000] {processor.py:183} INFO - Processing /home/airflow/.local/lib/python3.8/site-packages/airflow/example_dags/example_params_ui_tutorial.py took 0.175 seconds
[2025-11-28T07:04:44.508+0000] {processor.py:161} INFO - Started process (PID=1420) to work on /home/airflow/.local/lib/python3.8/site-packages/airflow/example_dags/example_params_ui_tutorial.py
[2025-11-28T07:04:44.510+0000] {processor.py:830} INFO - Processing file /home/airflow/.local/lib/python3.8/site-packages/airflow/example_dags/example_params_ui_tutorial.py for tasks to queue
[2025-11-28T07:04:44.512+0000] {logging_mixin.py:188} INFO - [2025-11-28T07:04:44.512+0000] {dagbag.py:538} INFO - Filling up the DagBag from /home/airflow/.local/lib/python3.8/site-packages/airflow/example_dags/example_params_ui_tutorial.py
[2025-11-28T07:04:44.523+0000] {processor.py:840} INFO - DAG(s) 'example_params_ui_tutorial' retrieved from /home/airflow/.local/lib/python3.8/site-packages/airflow/example_dags/example_params_ui_tutorial.py
[2025-11-28T07:04:44.561+0000] {logging_mixin.py:188} INFO - [2025-11-28T07:04:44.561+0000] {dag.py:3036} INFO - Sync 1 DAGs
[2025-11-28T07:04:44.571+0000] {logging_mixin.py:188} INFO - [2025-11-28T07:04:44.571+0000] {dag.py:3823} INFO - Setting next_dagrun for example_params_ui_tutorial to None, run_after=None
[2025-11-28T07:04:44.588+0000] {processor.py:183} INFO - Processing /home/airflow/.local/lib/python3.8/site-packages/airflow/example_dags/example_params_ui_tutorial.py took 0.086 seconds
[2025-11-28T07:05:14.928+0000] {processor.py:161} INFO - Started process (PID=1476) to work on /home/airflow/.local/lib/python3.8/site-packages/airflow/example_dags/example_params_ui_tutorial.py
[2025-11-28T07:05:14.929+0000] {processor.py:830} INFO - Processing file /home/airflow/.local/lib/python3.8/site-packages/airflow/example_dags/example_params_ui_tutorial.py for tasks to queue
[2025-11-28T07:05:14.931+0000] {logging_mixin.py:188} INFO - [2025-11-28T07:05:14.931+0000] {dagbag.py:538} INFO - Filling up the DagBag from /home/airflow/.local/lib/python3.8/site-packages/airflow/example_dags/example_params_ui_tutorial.py
[2025-11-28T07:05:14.943+0000] {processor.py:840} INFO - DAG(s) 'example_params_ui_tutorial' retrieved from /home/airflow/.local/lib/python3.8/site-packages/airflow/example_dags/example_params_ui_tutorial.py
[2025-11-28T07:05:15.005+0000] {logging_mixin.py:188} INFO - [2025-11-28T07:05:15.005+0000] {dag.py:3036} INFO - Sync 1 DAGs
[2025-11-28T07:05:15.020+0000] {logging_mixin.py:188} INFO - [2025-11-28T07:05:15.020+0000] {dag.py:3823} INFO - Setting next_dagrun for example_params_ui_tutorial to None, run_after=None
[2025-11-28T07:05:15.037+0000] {processor.py:183} INFO - Processing /home/airflow/.local/lib/python3.8/site-packages/airflow/example_dags/example_params_ui_tutorial.py took 0.114 seconds
[2025-11-28T07:05:45.672+0000] {processor.py:161} INFO - Started process (PID=1531) to work on /home/airflow/.local/lib/python3.8/site-packages/airflow/example_dags/example_params_ui_tutorial.py
[2025-11-28T07:05:45.675+0000] {processor.py:830} INFO - Processing file /home/airflow/.local/lib/python3.8/site-packages/airflow/example_dags/example_params_ui_tutorial.py for tasks to queue
[2025-11-28T07:05:45.677+0000] {logging_mixin.py:188} INFO - [2025-11-28T07:05:45.677+0000] {dagbag.py:538} INFO - Filling up the DagBag from /home/airflow/.local/lib/python3.8/site-packages/airflow/example_dags/example_params_ui_tutorial.py
[2025-11-28T07:05:45.689+0000] {processor.py:840} INFO - DAG(s) 'example_params_ui_tutorial' retrieved from /home/airflow/.local/lib/python3.8/site-packages/airflow/example_dags/example_params_ui_tutorial.py
[2025-11-28T07:05:45.746+0000] {logging_mixin.py:188} INFO - [2025-11-28T07:05:45.746+0000] {dag.py:3036} INFO - Sync 1 DAGs
[2025-11-28T07:05:45.757+0000] {logging_mixin.py:188} INFO - [2025-11-28T07:05:45.757+0000] {dag.py:3823} INFO - Setting next_dagrun for example_params_ui_tutorial to None, run_after=None
[2025-11-28T07:05:45.776+0000] {processor.py:183} INFO - Processing /home/airflow/.local/lib/python3.8/site-packages/airflow/example_dags/example_params_ui_tutorial.py took 0.107 seconds
[2025-11-28T07:06:16.341+0000] {processor.py:161} INFO - Started process (PID=1586) to work on /home/airflow/.local/lib/python3.8/site-packages/airflow/example_dags/example_params_ui_tutorial.py
[2025-11-28T07:06:16.342+0000] {processor.py:830} INFO - Processing file /home/airflow/.local/lib/python3.8/site-packages/airflow/example_dags/example_params_ui_tutorial.py for tasks to queue
[2025-11-28T07:06:16.346+0000] {logging_mixin.py:188} INFO - [2025-11-28T07:06:16.346+0000] {dagbag.py:538} INFO - Filling up the DagBag from /home/airflow/.local/lib/python3.8/site-packages/airflow/example_dags/example_params_ui_tutorial.py
[2025-11-28T07:06:16.355+0000] {processor.py:840} INFO - DAG(s) 'example_params_ui_tutorial' retrieved from /home/airflow/.local/lib/python3.8/site-packages/airflow/example_dags/example_params_ui_tutorial.py
[2025-11-28T07:06:16.414+0000] {logging_mixin.py:188} INFO - [2025-11-28T07:06:16.414+0000] {dag.py:3036} INFO - Sync 1 DAGs
[2025-11-28T07:06:16.428+0000] {logging_mixin.py:188} INFO - [2025-11-28T07:06:16.427+0000] {dag.py:3823} INFO - Setting next_dagrun for example_params_ui_tutorial to None, run_after=None
[2025-11-28T07:06:16.446+0000] {processor.py:183} INFO - Processing /home/airflow/.local/lib/python3.8/site-packages/airflow/example_dags/example_params_ui_tutorial.py took 0.107 seconds
[2025-11-28T07:06:46.709+0000] {processor.py:161} INFO - Started process (PID=1641) to work on /home/airflow/.local/lib/python3.8/site-packages/airflow/example_dags/example_params_ui_tutorial.py
[2025-11-28T07:06:46.711+0000] {processor.py:830} INFO - Processing file /home/airflow/.local/lib/python3.8/site-packages/airflow/example_dags/example_params_ui_tutorial.py for tasks to queue
[2025-11-28T07:06:46.715+0000] {logging_mixin.py:188} INFO - [2025-11-28T07:06:46.714+0000] {dagbag.py:538} INFO - Filling up the DagBag from /home/airflow/.local/lib/python3.8/site-packages/airflow/example_dags/example_params_ui_tutorial.py
[2025-11-28T07:06:46.728+0000] {processor.py:840} INFO - DAG(s) 'example_params_ui_tutorial' retrieved from /home/airflow/.local/lib/python3.8/site-packages/airflow/example_dags/example_params_ui_tutorial.py
[2025-11-28T07:06:46.766+0000] {logging_mixin.py:188} INFO - [2025-11-28T07:06:46.766+0000] {dag.py:3036} INFO - Sync 1 DAGs
[2025-11-28T07:06:46.777+0000] {logging_mixin.py:188} INFO - [2025-11-28T07:06:46.777+0000] {dag.py:3823} INFO - Setting next_dagrun for example_params_ui_tutorial to None, run_after=None
[2025-11-28T07:06:46.795+0000] {processor.py:183} INFO - Processing /home/airflow/.local/lib/python3.8/site-packages/airflow/example_dags/example_params_ui_tutorial.py took 0.091 seconds
[2025-11-28T07:07:17.266+0000] {processor.py:161} INFO - Started process (PID=1696) to work on /home/airflow/.local/lib/python3.8/site-packages/airflow/example_dags/example_params_ui_tutorial.py
[2025-11-28T07:07:17.267+0000] {processor.py:830} INFO - Processing file /home/airflow/.local/lib/python3.8/site-packages/airflow/example_dags/example_params_ui_tutorial.py for tasks to queue
[2025-11-28T07:07:17.269+0000] {logging_mixin.py:188} INFO - [2025-11-28T07:07:17.269+0000] {dagbag.py:538} INFO - Filling up the DagBag from /home/airflow/.local/lib/python3.8/site-packages/airflow/example_dags/example_params_ui_tutorial.py
[2025-11-28T07:07:17.278+0000] {processor.py:840} INFO - DAG(s) 'example_params_ui_tutorial' retrieved from /home/airflow/.local/lib/python3.8/site-packages/airflow/example_dags/example_params_ui_tutorial.py
[2025-11-28T07:07:17.324+0000] {logging_mixin.py:188} INFO - [2025-11-28T07:07:17.324+0000] {dag.py:3036} INFO - Sync 1 DAGs
[2025-11-28T07:07:17.336+0000] {logging_mixin.py:188} INFO - [2025-11-28T07:07:17.336+0000] {dag.py:3823} INFO - Setting next_dagrun for example_params_ui_tutorial to None, run_after=None
[2025-11-28T07:07:17.353+0000] {processor.py:183} INFO - Processing /home/airflow/.local/lib/python3.8/site-packages/airflow/example_dags/example_params_ui_tutorial.py took 0.089 seconds
[2025-11-28T07:07:47.834+0000] {processor.py:161} INFO - Started process (PID=1751) to work on /home/airflow/.local/lib/python3.8/site-packages/airflow/example_dags/example_params_ui_tutorial.py
[2025-11-28T07:07:47.837+0000] {processor.py:830} INFO - Processing file /home/airflow/.local/lib/python3.8/site-packages/airflow/example_dags/example_params_ui_tutorial.py for tasks to queue
[2025-11-28T07:07:47.842+0000] {logging_mixin.py:188} INFO - [2025-11-28T07:07:47.841+0000] {dagbag.py:538} INFO - Filling up the DagBag from /home/airflow/.local/lib/python3.8/site-packages/airflow/example_dags/example_params_ui_tutorial.py
[2025-11-28T07:07:47.861+0000] {processor.py:840} INFO - DAG(s) 'example_params_ui_tutorial' retrieved from /home/airflow/.local/lib/python3.8/site-packages/airflow/example_dags/example_params_ui_tutorial.py
[2025-11-28T07:07:47.928+0000] {logging_mixin.py:188} INFO - [2025-11-28T07:07:47.928+0000] {dag.py:3036} INFO - Sync 1 DAGs
[2025-11-28T07:07:47.944+0000] {logging_mixin.py:188} INFO - [2025-11-28T07:07:47.944+0000] {dag.py:3823} INFO - Setting next_dagrun for example_params_ui_tutorial to None, run_after=None
[2025-11-28T07:07:47.966+0000] {processor.py:183} INFO - Processing /home/airflow/.local/lib/python3.8/site-packages/airflow/example_dags/example_params_ui_tutorial.py took 0.140 seconds
[2025-11-28T07:08:18.306+0000] {processor.py:161} INFO - Started process (PID=1806) to work on /home/airflow/.local/lib/python3.8/site-packages/airflow/example_dags/example_params_ui_tutorial.py
[2025-11-28T07:08:18.308+0000] {processor.py:830} INFO - Processing file /home/airflow/.local/lib/python3.8/site-packages/airflow/example_dags/example_params_ui_tutorial.py for tasks to queue
[2025-11-28T07:08:18.310+0000] {logging_mixin.py:188} INFO - [2025-11-28T07:08:18.310+0000] {dagbag.py:538} INFO - Filling up the DagBag from /home/airflow/.local/lib/python3.8/site-packages/airflow/example_dags/example_params_ui_tutorial.py
[2025-11-28T07:08:18.324+0000] {processor.py:840} INFO - DAG(s) 'example_params_ui_tutorial' retrieved from /home/airflow/.local/lib/python3.8/site-packages/airflow/example_dags/example_params_ui_tutorial.py
[2025-11-28T07:08:18.421+0000] {logging_mixin.py:188} INFO - [2025-11-28T07:08:18.420+0000] {dag.py:3036} INFO - Sync 1 DAGs
[2025-11-28T07:08:18.446+0000] {logging_mixin.py:188} INFO - [2025-11-28T07:08:18.445+0000] {dag.py:3823} INFO - Setting next_dagrun for example_params_ui_tutorial to None, run_after=None
[2025-11-28T07:08:18.473+0000] {processor.py:183} INFO - Processing /home/airflow/.local/lib/python3.8/site-packages/airflow/example_dags/example_params_ui_tutorial.py took 0.170 seconds
[2025-11-28T07:08:49.288+0000] {processor.py:161} INFO - Started process (PID=1861) to work on /home/airflow/.local/lib/python3.8/site-packages/airflow/example_dags/example_params_ui_tutorial.py
[2025-11-28T07:08:49.289+0000] {processor.py:830} INFO - Processing file /home/airflow/.local/lib/python3.8/site-packages/airflow/example_dags/example_params_ui_tutorial.py for tasks to queue
[2025-11-28T07:08:49.292+0000] {logging_mixin.py:188} INFO - [2025-11-28T07:08:49.292+0000] {dagbag.py:538} INFO - Filling up the DagBag from /home/airflow/.local/lib/python3.8/site-packages/airflow/example_dags/example_params_ui_tutorial.py
[2025-11-28T07:08:49.302+0000] {processor.py:840} INFO - DAG(s) 'example_params_ui_tutorial' retrieved from /home/airflow/.local/lib/python3.8/site-packages/airflow/example_dags/example_params_ui_tutorial.py
[2025-11-28T07:08:49.374+0000] {logging_mixin.py:188} INFO - [2025-11-28T07:08:49.374+0000] {dag.py:3036} INFO - Sync 1 DAGs
[2025-11-28T07:08:49.388+0000] {logging_mixin.py:188} INFO - [2025-11-28T07:08:49.388+0000] {dag.py:3823} INFO - Setting next_dagrun for example_params_ui_tutorial to None, run_after=None
[2025-11-28T07:08:49.409+0000] {processor.py:183} INFO - Processing /home/airflow/.local/lib/python3.8/site-packages/airflow/example_dags/example_params_ui_tutorial.py took 0.123 seconds
[2025-11-28T07:09:20.308+0000] {processor.py:161} INFO - Started process (PID=1916) to work on /home/airflow/.local/lib/python3.8/site-packages/airflow/example_dags/example_params_ui_tutorial.py
[2025-11-28T07:09:20.310+0000] {processor.py:830} INFO - Processing file /home/airflow/.local/lib/python3.8/site-packages/airflow/example_dags/example_params_ui_tutorial.py for tasks to queue
[2025-11-28T07:09:20.313+0000] {logging_mixin.py:188} INFO - [2025-11-28T07:09:20.313+0000] {dagbag.py:538} INFO - Filling up the DagBag from /home/airflow/.local/lib/python3.8/site-packages/airflow/example_dags/example_params_ui_tutorial.py
[2025-11-28T07:09:20.334+0000] {processor.py:840} INFO - DAG(s) 'example_params_ui_tutorial' retrieved from /home/airflow/.local/lib/python3.8/site-packages/airflow/example_dags/example_params_ui_tutorial.py
[2025-11-28T07:09:20.382+0000] {logging_mixin.py:188} INFO - [2025-11-28T07:09:20.381+0000] {dag.py:3036} INFO - Sync 1 DAGs
[2025-11-28T07:09:20.391+0000] {logging_mixin.py:188} INFO - [2025-11-28T07:09:20.391+0000] {dag.py:3823} INFO - Setting next_dagrun for example_params_ui_tutorial to None, run_after=None
[2025-11-28T07:09:20.413+0000] {processor.py:183} INFO - Processing /home/airflow/.local/lib/python3.8/site-packages/airflow/example_dags/example_params_ui_tutorial.py took 0.111 seconds
[2025-11-28T07:09:51.026+0000] {processor.py:161} INFO - Started process (PID=1971) to work on /home/airflow/.local/lib/python3.8/site-packages/airflow/example_dags/example_params_ui_tutorial.py
[2025-11-28T07:09:51.028+0000] {processor.py:830} INFO - Processing file /home/airflow/.local/lib/python3.8/site-packages/airflow/example_dags/example_params_ui_tutorial.py for tasks to queue
[2025-11-28T07:09:51.032+0000] {logging_mixin.py:188} INFO - [2025-11-28T07:09:51.032+0000] {dagbag.py:538} INFO - Filling up the DagBag from /home/airflow/.local/lib/python3.8/site-packages/airflow/example_dags/example_params_ui_tutorial.py
[2025-11-28T07:09:51.048+0000] {processor.py:840} INFO - DAG(s) 'example_params_ui_tutorial' retrieved from /home/airflow/.local/lib/python3.8/site-packages/airflow/example_dags/example_params_ui_tutorial.py
[2025-11-28T07:09:51.134+0000] {logging_mixin.py:188} INFO - [2025-11-28T07:09:51.134+0000] {dag.py:3036} INFO - Sync 1 DAGs
[2025-11-28T07:09:51.151+0000] {logging_mixin.py:188} INFO - [2025-11-28T07:09:51.150+0000] {dag.py:3823} INFO - Setting next_dagrun for example_params_ui_tutorial to None, run_after=None
[2025-11-28T07:09:51.181+0000] {processor.py:183} INFO - Processing /home/airflow/.local/lib/python3.8/site-packages/airflow/example_dags/example_params_ui_tutorial.py took 0.161 seconds
[2025-11-28T07:10:21.313+0000] {processor.py:161} INFO - Started process (PID=2026) to work on /home/airflow/.local/lib/python3.8/site-packages/airflow/example_dags/example_params_ui_tutorial.py
[2025-11-28T07:10:21.315+0000] {processor.py:830} INFO - Processing file /home/airflow/.local/lib/python3.8/site-packages/airflow/example_dags/example_params_ui_tutorial.py for tasks to queue
[2025-11-28T07:10:21.317+0000] {logging_mixin.py:188} INFO - [2025-11-28T07:10:21.317+0000] {dagbag.py:538} INFO - Filling up the DagBag from /home/airflow/.local/lib/python3.8/site-packages/airflow/example_dags/example_params_ui_tutorial.py
[2025-11-28T07:10:21.326+0000] {processor.py:840} INFO - DAG(s) 'example_params_ui_tutorial' retrieved from /home/airflow/.local/lib/python3.8/site-packages/airflow/example_dags/example_params_ui_tutorial.py
[2025-11-28T07:10:21.371+0000] {logging_mixin.py:188} INFO - [2025-11-28T07:10:21.371+0000] {dag.py:3036} INFO - Sync 1 DAGs
[2025-11-28T07:10:21.383+0000] {logging_mixin.py:188} INFO - [2025-11-28T07:10:21.383+0000] {dag.py:3823} INFO - Setting next_dagrun for example_params_ui_tutorial to None, run_after=None
[2025-11-28T07:10:21.402+0000] {processor.py:183} INFO - Processing /home/airflow/.local/lib/python3.8/site-packages/airflow/example_dags/example_params_ui_tutorial.py took 0.094 seconds
[2025-11-28T07:10:51.659+0000] {processor.py:161} INFO - Started process (PID=2081) to work on /home/airflow/.local/lib/python3.8/site-packages/airflow/example_dags/example_params_ui_tutorial.py
[2025-11-28T07:10:51.663+0000] {processor.py:830} INFO - Processing file /home/airflow/.local/lib/python3.8/site-packages/airflow/example_dags/example_params_ui_tutorial.py for tasks to queue
[2025-11-28T07:10:51.664+0000] {logging_mixin.py:188} INFO - [2025-11-28T07:10:51.664+0000] {dagbag.py:538} INFO - Filling up the DagBag from /home/airflow/.local/lib/python3.8/site-packages/airflow/example_dags/example_params_ui_tutorial.py
[2025-11-28T07:10:51.673+0000] {processor.py:840} INFO - DAG(s) 'example_params_ui_tutorial' retrieved from /home/airflow/.local/lib/python3.8/site-packages/airflow/example_dags/example_params_ui_tutorial.py
[2025-11-28T07:10:51.710+0000] {logging_mixin.py:188} INFO - [2025-11-28T07:10:51.710+0000] {dag.py:3036} INFO - Sync 1 DAGs
[2025-11-28T07:10:51.720+0000] {logging_mixin.py:188} INFO - [2025-11-28T07:10:51.720+0000] {dag.py:3823} INFO - Setting next_dagrun for example_params_ui_tutorial to None, run_after=None
[2025-11-28T07:10:51.736+0000] {processor.py:183} INFO - Processing /home/airflow/.local/lib/python3.8/site-packages/airflow/example_dags/example_params_ui_tutorial.py took 0.079 seconds
[2025-11-28T07:11:22.518+0000] {processor.py:161} INFO - Started process (PID=2136) to work on /home/airflow/.local/lib/python3.8/site-packages/airflow/example_dags/example_params_ui_tutorial.py
[2025-11-28T07:11:22.519+0000] {processor.py:830} INFO - Processing file /home/airflow/.local/lib/python3.8/site-packages/airflow/example_dags/example_params_ui_tutorial.py for tasks to queue
[2025-11-28T07:11:22.522+0000] {logging_mixin.py:188} INFO - [2025-11-28T07:11:22.522+0000] {dagbag.py:538} INFO - Filling up the DagBag from /home/airflow/.local/lib/python3.8/site-packages/airflow/example_dags/example_params_ui_tutorial.py
[2025-11-28T07:11:22.533+0000] {processor.py:840} INFO - DAG(s) 'example_params_ui_tutorial' retrieved from /home/airflow/.local/lib/python3.8/site-packages/airflow/example_dags/example_params_ui_tutorial.py
[2025-11-28T07:11:22.588+0000] {logging_mixin.py:188} INFO - [2025-11-28T07:11:22.588+0000] {dag.py:3036} INFO - Sync 1 DAGs
[2025-11-28T07:11:22.599+0000] {logging_mixin.py:188} INFO - [2025-11-28T07:11:22.599+0000] {dag.py:3823} INFO - Setting next_dagrun for example_params_ui_tutorial to None, run_after=None
[2025-11-28T07:11:22.617+0000] {processor.py:183} INFO - Processing /home/airflow/.local/lib/python3.8/site-packages/airflow/example_dags/example_params_ui_tutorial.py took 0.102 seconds
[2025-11-28T07:11:52.792+0000] {processor.py:161} INFO - Started process (PID=2191) to work on /home/airflow/.local/lib/python3.8/site-packages/airflow/example_dags/example_params_ui_tutorial.py
[2025-11-28T07:11:52.795+0000] {processor.py:830} INFO - Processing file /home/airflow/.local/lib/python3.8/site-packages/airflow/example_dags/example_params_ui_tutorial.py for tasks to queue
[2025-11-28T07:11:52.800+0000] {logging_mixin.py:188} INFO - [2025-11-28T07:11:52.799+0000] {dagbag.py:538} INFO - Filling up the DagBag from /home/airflow/.local/lib/python3.8/site-packages/airflow/example_dags/example_params_ui_tutorial.py
[2025-11-28T07:11:52.823+0000] {processor.py:840} INFO - DAG(s) 'example_params_ui_tutorial' retrieved from /home/airflow/.local/lib/python3.8/site-packages/airflow/example_dags/example_params_ui_tutorial.py
[2025-11-28T07:11:52.876+0000] {logging_mixin.py:188} INFO - [2025-11-28T07:11:52.875+0000] {dag.py:3036} INFO - Sync 1 DAGs
[2025-11-28T07:11:52.889+0000] {logging_mixin.py:188} INFO - [2025-11-28T07:11:52.888+0000] {dag.py:3823} INFO - Setting next_dagrun for example_params_ui_tutorial to None, run_after=None
[2025-11-28T07:11:52.907+0000] {processor.py:183} INFO - Processing /home/airflow/.local/lib/python3.8/site-packages/airflow/example_dags/example_params_ui_tutorial.py took 0.125 seconds
[2025-11-28T07:12:23.342+0000] {processor.py:161} INFO - Started process (PID=2246) to work on /home/airflow/.local/lib/python3.8/site-packages/airflow/example_dags/example_params_ui_tutorial.py
[2025-11-28T07:12:23.343+0000] {processor.py:830} INFO - Processing file /home/airflow/.local/lib/python3.8/site-packages/airflow/example_dags/example_params_ui_tutorial.py for tasks to queue
[2025-11-28T07:12:23.345+0000] {logging_mixin.py:188} INFO - [2025-11-28T07:12:23.345+0000] {dagbag.py:538} INFO - Filling up the DagBag from /home/airflow/.local/lib/python3.8/site-packages/airflow/example_dags/example_params_ui_tutorial.py
[2025-11-28T07:12:23.355+0000] {processor.py:840} INFO - DAG(s) 'example_params_ui_tutorial' retrieved from /home/airflow/.local/lib/python3.8/site-packages/airflow/example_dags/example_params_ui_tutorial.py
[2025-11-28T07:12:23.394+0000] {logging_mixin.py:188} INFO - [2025-11-28T07:12:23.393+0000] {dag.py:3036} INFO - Sync 1 DAGs
[2025-11-28T07:12:23.402+0000] {logging_mixin.py:188} INFO - [2025-11-28T07:12:23.402+0000] {dag.py:3823} INFO - Setting next_dagrun for example_params_ui_tutorial to None, run_after=None
[2025-11-28T07:12:23.418+0000] {processor.py:183} INFO - Processing /home/airflow/.local/lib/python3.8/site-packages/airflow/example_dags/example_params_ui_tutorial.py took 0.078 seconds
[2025-11-28T07:12:53.904+0000] {processor.py:161} INFO - Started process (PID=2301) to work on /home/airflow/.local/lib/python3.8/site-packages/airflow/example_dags/example_params_ui_tutorial.py
[2025-11-28T07:12:53.908+0000] {processor.py:830} INFO - Processing file /home/airflow/.local/lib/python3.8/site-packages/airflow/example_dags/example_params_ui_tutorial.py for tasks to queue
[2025-11-28T07:12:53.914+0000] {logging_mixin.py:188} INFO - [2025-11-28T07:12:53.914+0000] {dagbag.py:538} INFO - Filling up the DagBag from /home/airflow/.local/lib/python3.8/site-packages/airflow/example_dags/example_params_ui_tutorial.py
[2025-11-28T07:12:53.935+0000] {processor.py:840} INFO - DAG(s) 'example_params_ui_tutorial' retrieved from /home/airflow/.local/lib/python3.8/site-packages/airflow/example_dags/example_params_ui_tutorial.py
[2025-11-28T07:12:54.002+0000] {logging_mixin.py:188} INFO - [2025-11-28T07:12:54.002+0000] {dag.py:3036} INFO - Sync 1 DAGs
[2025-11-28T07:12:54.015+0000] {logging_mixin.py:188} INFO - [2025-11-28T07:12:54.014+0000] {dag.py:3823} INFO - Setting next_dagrun for example_params_ui_tutorial to None, run_after=None
[2025-11-28T07:12:54.036+0000] {processor.py:183} INFO - Processing /home/airflow/.local/lib/python3.8/site-packages/airflow/example_dags/example_params_ui_tutorial.py took 0.138 seconds
[2025-11-28T07:13:24.694+0000] {processor.py:161} INFO - Started process (PID=2356) to work on /home/airflow/.local/lib/python3.8/site-packages/airflow/example_dags/example_params_ui_tutorial.py
[2025-11-28T07:13:24.696+0000] {processor.py:830} INFO - Processing file /home/airflow/.local/lib/python3.8/site-packages/airflow/example_dags/example_params_ui_tutorial.py for tasks to queue
[2025-11-28T07:13:24.698+0000] {logging_mixin.py:188} INFO - [2025-11-28T07:13:24.698+0000] {dagbag.py:538} INFO - Filling up the DagBag from /home/airflow/.local/lib/python3.8/site-packages/airflow/example_dags/example_params_ui_tutorial.py
[2025-11-28T07:13:24.714+0000] {processor.py:840} INFO - DAG(s) 'example_params_ui_tutorial' retrieved from /home/airflow/.local/lib/python3.8/site-packages/airflow/example_dags/example_params_ui_tutorial.py
[2025-11-28T07:13:24.820+0000] {logging_mixin.py:188} INFO - [2025-11-28T07:13:24.819+0000] {dag.py:3036} INFO - Sync 1 DAGs
[2025-11-28T07:13:24.833+0000] {logging_mixin.py:188} INFO - [2025-11-28T07:13:24.833+0000] {dag.py:3823} INFO - Setting next_dagrun for example_params_ui_tutorial to None, run_after=None
[2025-11-28T07:13:24.859+0000] {processor.py:183} INFO - Processing /home/airflow/.local/lib/python3.8/site-packages/airflow/example_dags/example_params_ui_tutorial.py took 0.169 seconds
[2025-11-28T07:13:55.450+0000] {processor.py:161} INFO - Started process (PID=2411) to work on /home/airflow/.local/lib/python3.8/site-packages/airflow/example_dags/example_params_ui_tutorial.py
[2025-11-28T07:13:55.453+0000] {processor.py:830} INFO - Processing file /home/airflow/.local/lib/python3.8/site-packages/airflow/example_dags/example_params_ui_tutorial.py for tasks to queue
[2025-11-28T07:13:55.457+0000] {logging_mixin.py:188} INFO - [2025-11-28T07:13:55.457+0000] {dagbag.py:538} INFO - Filling up the DagBag from /home/airflow/.local/lib/python3.8/site-packages/airflow/example_dags/example_params_ui_tutorial.py
[2025-11-28T07:13:55.469+0000] {processor.py:840} INFO - DAG(s) 'example_params_ui_tutorial' retrieved from /home/airflow/.local/lib/python3.8/site-packages/airflow/example_dags/example_params_ui_tutorial.py
[2025-11-28T07:13:55.518+0000] {logging_mixin.py:188} INFO - [2025-11-28T07:13:55.517+0000] {dag.py:3036} INFO - Sync 1 DAGs
[2025-11-28T07:13:55.530+0000] {logging_mixin.py:188} INFO - [2025-11-28T07:13:55.529+0000] {dag.py:3823} INFO - Setting next_dagrun for example_params_ui_tutorial to None, run_after=None
[2025-11-28T07:13:55.551+0000] {processor.py:183} INFO - Processing /home/airflow/.local/lib/python3.8/site-packages/airflow/example_dags/example_params_ui_tutorial.py took 0.107 seconds
[2025-11-28T07:14:25.794+0000] {processor.py:161} INFO - Started process (PID=2467) to work on /home/airflow/.local/lib/python3.8/site-packages/airflow/example_dags/example_params_ui_tutorial.py
[2025-11-28T07:14:25.797+0000] {processor.py:830} INFO - Processing file /home/airflow/.local/lib/python3.8/site-packages/airflow/example_dags/example_params_ui_tutorial.py for tasks to queue
[2025-11-28T07:14:25.802+0000] {logging_mixin.py:188} INFO - [2025-11-28T07:14:25.801+0000] {dagbag.py:538} INFO - Filling up the DagBag from /home/airflow/.local/lib/python3.8/site-packages/airflow/example_dags/example_params_ui_tutorial.py
[2025-11-28T07:14:25.815+0000] {processor.py:840} INFO - DAG(s) 'example_params_ui_tutorial' retrieved from /home/airflow/.local/lib/python3.8/site-packages/airflow/example_dags/example_params_ui_tutorial.py
[2025-11-28T07:14:25.855+0000] {logging_mixin.py:188} INFO - [2025-11-28T07:14:25.855+0000] {dag.py:3036} INFO - Sync 1 DAGs
[2025-11-28T07:14:25.867+0000] {logging_mixin.py:188} INFO - [2025-11-28T07:14:25.867+0000] {dag.py:3823} INFO - Setting next_dagrun for example_params_ui_tutorial to None, run_after=None
[2025-11-28T07:14:25.888+0000] {processor.py:183} INFO - Processing /home/airflow/.local/lib/python3.8/site-packages/airflow/example_dags/example_params_ui_tutorial.py took 0.099 seconds
[2025-11-28T07:14:56.093+0000] {processor.py:161} INFO - Started process (PID=2522) to work on /home/airflow/.local/lib/python3.8/site-packages/airflow/example_dags/example_params_ui_tutorial.py
[2025-11-28T07:14:56.095+0000] {processor.py:830} INFO - Processing file /home/airflow/.local/lib/python3.8/site-packages/airflow/example_dags/example_params_ui_tutorial.py for tasks to queue
[2025-11-28T07:14:56.100+0000] {logging_mixin.py:188} INFO - [2025-11-28T07:14:56.099+0000] {dagbag.py:538} INFO - Filling up the DagBag from /home/airflow/.local/lib/python3.8/site-packages/airflow/example_dags/example_params_ui_tutorial.py
[2025-11-28T07:14:56.123+0000] {processor.py:840} INFO - DAG(s) 'example_params_ui_tutorial' retrieved from /home/airflow/.local/lib/python3.8/site-packages/airflow/example_dags/example_params_ui_tutorial.py
[2025-11-28T07:14:56.176+0000] {logging_mixin.py:188} INFO - [2025-11-28T07:14:56.176+0000] {dag.py:3036} INFO - Sync 1 DAGs
[2025-11-28T07:14:56.185+0000] {logging_mixin.py:188} INFO - [2025-11-28T07:14:56.185+0000] {dag.py:3823} INFO - Setting next_dagrun for example_params_ui_tutorial to None, run_after=None
[2025-11-28T07:14:56.204+0000] {processor.py:183} INFO - Processing /home/airflow/.local/lib/python3.8/site-packages/airflow/example_dags/example_params_ui_tutorial.py took 0.118 seconds
[2025-11-28T07:15:26.968+0000] {processor.py:161} INFO - Started process (PID=2577) to work on /home/airflow/.local/lib/python3.8/site-packages/airflow/example_dags/example_params_ui_tutorial.py
[2025-11-28T07:15:26.969+0000] {processor.py:830} INFO - Processing file /home/airflow/.local/lib/python3.8/site-packages/airflow/example_dags/example_params_ui_tutorial.py for tasks to queue
[2025-11-28T07:15:26.971+0000] {logging_mixin.py:188} INFO - [2025-11-28T07:15:26.971+0000] {dagbag.py:538} INFO - Filling up the DagBag from /home/airflow/.local/lib/python3.8/site-packages/airflow/example_dags/example_params_ui_tutorial.py
[2025-11-28T07:15:26.985+0000] {processor.py:840} INFO - DAG(s) 'example_params_ui_tutorial' retrieved from /home/airflow/.local/lib/python3.8/site-packages/airflow/example_dags/example_params_ui_tutorial.py
[2025-11-28T07:15:27.029+0000] {logging_mixin.py:188} INFO - [2025-11-28T07:15:27.029+0000] {dag.py:3036} INFO - Sync 1 DAGs
[2025-11-28T07:15:27.039+0000] {logging_mixin.py:188} INFO - [2025-11-28T07:15:27.039+0000] {dag.py:3823} INFO - Setting next_dagrun for example_params_ui_tutorial to None, run_after=None
[2025-11-28T07:15:27.054+0000] {processor.py:183} INFO - Processing /home/airflow/.local/lib/python3.8/site-packages/airflow/example_dags/example_params_ui_tutorial.py took 0.089 seconds
[2025-11-28T07:15:57.863+0000] {processor.py:161} INFO - Started process (PID=2632) to work on /home/airflow/.local/lib/python3.8/site-packages/airflow/example_dags/example_params_ui_tutorial.py
[2025-11-28T07:15:57.865+0000] {processor.py:830} INFO - Processing file /home/airflow/.local/lib/python3.8/site-packages/airflow/example_dags/example_params_ui_tutorial.py for tasks to queue
[2025-11-28T07:15:57.867+0000] {logging_mixin.py:188} INFO - [2025-11-28T07:15:57.867+0000] {dagbag.py:538} INFO - Filling up the DagBag from /home/airflow/.local/lib/python3.8/site-packages/airflow/example_dags/example_params_ui_tutorial.py
[2025-11-28T07:15:57.876+0000] {processor.py:840} INFO - DAG(s) 'example_params_ui_tutorial' retrieved from /home/airflow/.local/lib/python3.8/site-packages/airflow/example_dags/example_params_ui_tutorial.py
[2025-11-28T07:15:57.923+0000] {logging_mixin.py:188} INFO - [2025-11-28T07:15:57.923+0000] {dag.py:3036} INFO - Sync 1 DAGs
[2025-11-28T07:15:57.935+0000] {logging_mixin.py:188} INFO - [2025-11-28T07:15:57.935+0000] {dag.py:3823} INFO - Setting next_dagrun for example_params_ui_tutorial to None, run_after=None
[2025-11-28T07:15:57.951+0000] {processor.py:183} INFO - Processing /home/airflow/.local/lib/python3.8/site-packages/airflow/example_dags/example_params_ui_tutorial.py took 0.091 seconds
[2025-11-28T07:16:28.430+0000] {processor.py:161} INFO - Started process (PID=2687) to work on /home/airflow/.local/lib/python3.8/site-packages/airflow/example_dags/example_params_ui_tutorial.py
[2025-11-28T07:16:28.432+0000] {processor.py:830} INFO - Processing file /home/airflow/.local/lib/python3.8/site-packages/airflow/example_dags/example_params_ui_tutorial.py for tasks to queue
[2025-11-28T07:16:28.437+0000] {logging_mixin.py:188} INFO - [2025-11-28T07:16:28.436+0000] {dagbag.py:538} INFO - Filling up the DagBag from /home/airflow/.local/lib/python3.8/site-packages/airflow/example_dags/example_params_ui_tutorial.py
[2025-11-28T07:16:28.449+0000] {processor.py:840} INFO - DAG(s) 'example_params_ui_tutorial' retrieved from /home/airflow/.local/lib/python3.8/site-packages/airflow/example_dags/example_params_ui_tutorial.py
[2025-11-28T07:16:28.612+0000] {logging_mixin.py:188} INFO - [2025-11-28T07:16:28.612+0000] {dag.py:3036} INFO - Sync 1 DAGs
[2025-11-28T07:16:28.622+0000] {logging_mixin.py:188} INFO - [2025-11-28T07:16:28.622+0000] {dag.py:3823} INFO - Setting next_dagrun for example_params_ui_tutorial to None, run_after=None
[2025-11-28T07:16:28.645+0000] {processor.py:183} INFO - Processing /home/airflow/.local/lib/python3.8/site-packages/airflow/example_dags/example_params_ui_tutorial.py took 0.223 seconds
[2025-11-28T07:16:58.781+0000] {processor.py:161} INFO - Started process (PID=2742) to work on /home/airflow/.local/lib/python3.8/site-packages/airflow/example_dags/example_params_ui_tutorial.py
[2025-11-28T07:16:58.782+0000] {processor.py:830} INFO - Processing file /home/airflow/.local/lib/python3.8/site-packages/airflow/example_dags/example_params_ui_tutorial.py for tasks to queue
[2025-11-28T07:16:58.784+0000] {logging_mixin.py:188} INFO - [2025-11-28T07:16:58.784+0000] {dagbag.py:538} INFO - Filling up the DagBag from /home/airflow/.local/lib/python3.8/site-packages/airflow/example_dags/example_params_ui_tutorial.py
[2025-11-28T07:16:58.798+0000] {processor.py:840} INFO - DAG(s) 'example_params_ui_tutorial' retrieved from /home/airflow/.local/lib/python3.8/site-packages/airflow/example_dags/example_params_ui_tutorial.py
[2025-11-28T07:16:58.860+0000] {logging_mixin.py:188} INFO - [2025-11-28T07:16:58.860+0000] {dag.py:3036} INFO - Sync 1 DAGs
[2025-11-28T07:16:58.872+0000] {logging_mixin.py:188} INFO - [2025-11-28T07:16:58.872+0000] {dag.py:3823} INFO - Setting next_dagrun for example_params_ui_tutorial to None, run_after=None
[2025-11-28T07:16:58.895+0000] {processor.py:183} INFO - Processing /home/airflow/.local/lib/python3.8/site-packages/airflow/example_dags/example_params_ui_tutorial.py took 0.117 seconds
[2025-11-28T07:17:28.964+0000] {processor.py:161} INFO - Started process (PID=2797) to work on /home/airflow/.local/lib/python3.8/site-packages/airflow/example_dags/example_params_ui_tutorial.py
[2025-11-28T07:17:28.965+0000] {processor.py:830} INFO - Processing file /home/airflow/.local/lib/python3.8/site-packages/airflow/example_dags/example_params_ui_tutorial.py for tasks to queue
[2025-11-28T07:17:28.967+0000] {logging_mixin.py:188} INFO - [2025-11-28T07:17:28.967+0000] {dagbag.py:538} INFO - Filling up the DagBag from /home/airflow/.local/lib/python3.8/site-packages/airflow/example_dags/example_params_ui_tutorial.py
[2025-11-28T07:17:28.982+0000] {processor.py:840} INFO - DAG(s) 'example_params_ui_tutorial' retrieved from /home/airflow/.local/lib/python3.8/site-packages/airflow/example_dags/example_params_ui_tutorial.py
[2025-11-28T07:17:29.035+0000] {logging_mixin.py:188} INFO - [2025-11-28T07:17:29.035+0000] {dag.py:3036} INFO - Sync 1 DAGs
[2025-11-28T07:17:29.045+0000] {logging_mixin.py:188} INFO - [2025-11-28T07:17:29.045+0000] {dag.py:3823} INFO - Setting next_dagrun for example_params_ui_tutorial to None, run_after=None
[2025-11-28T07:17:29.065+0000] {processor.py:183} INFO - Processing /home/airflow/.local/lib/python3.8/site-packages/airflow/example_dags/example_params_ui_tutorial.py took 0.104 seconds
[2025-11-28T07:17:59.457+0000] {processor.py:161} INFO - Started process (PID=2852) to work on /home/airflow/.local/lib/python3.8/site-packages/airflow/example_dags/example_params_ui_tutorial.py
[2025-11-28T07:17:59.459+0000] {processor.py:830} INFO - Processing file /home/airflow/.local/lib/python3.8/site-packages/airflow/example_dags/example_params_ui_tutorial.py for tasks to queue
[2025-11-28T07:17:59.461+0000] {logging_mixin.py:188} INFO - [2025-11-28T07:17:59.461+0000] {dagbag.py:538} INFO - Filling up the DagBag from /home/airflow/.local/lib/python3.8/site-packages/airflow/example_dags/example_params_ui_tutorial.py
[2025-11-28T07:17:59.471+0000] {processor.py:840} INFO - DAG(s) 'example_params_ui_tutorial' retrieved from /home/airflow/.local/lib/python3.8/site-packages/airflow/example_dags/example_params_ui_tutorial.py
[2025-11-28T07:17:59.508+0000] {logging_mixin.py:188} INFO - [2025-11-28T07:17:59.508+0000] {dag.py:3036} INFO - Sync 1 DAGs
[2025-11-28T07:17:59.518+0000] {logging_mixin.py:188} INFO - [2025-11-28T07:17:59.518+0000] {dag.py:3823} INFO - Setting next_dagrun for example_params_ui_tutorial to None, run_after=None
[2025-11-28T07:17:59.537+0000] {processor.py:183} INFO - Processing /home/airflow/.local/lib/python3.8/site-packages/airflow/example_dags/example_params_ui_tutorial.py took 0.084 seconds
[2025-11-28T07:18:29.687+0000] {processor.py:161} INFO - Started process (PID=2907) to work on /home/airflow/.local/lib/python3.8/site-packages/airflow/example_dags/example_params_ui_tutorial.py
[2025-11-28T07:18:29.689+0000] {processor.py:830} INFO - Processing file /home/airflow/.local/lib/python3.8/site-packages/airflow/example_dags/example_params_ui_tutorial.py for tasks to queue
[2025-11-28T07:18:29.694+0000] {logging_mixin.py:188} INFO - [2025-11-28T07:18:29.693+0000] {dagbag.py:538} INFO - Filling up the DagBag from /home/airflow/.local/lib/python3.8/site-packages/airflow/example_dags/example_params_ui_tutorial.py
[2025-11-28T07:18:29.709+0000] {processor.py:840} INFO - DAG(s) 'example_params_ui_tutorial' retrieved from /home/airflow/.local/lib/python3.8/site-packages/airflow/example_dags/example_params_ui_tutorial.py
[2025-11-28T07:18:29.765+0000] {logging_mixin.py:188} INFO - [2025-11-28T07:18:29.765+0000] {dag.py:3036} INFO - Sync 1 DAGs
[2025-11-28T07:18:29.777+0000] {logging_mixin.py:188} INFO - [2025-11-28T07:18:29.777+0000] {dag.py:3823} INFO - Setting next_dagrun for example_params_ui_tutorial to None, run_after=None
[2025-11-28T07:18:29.808+0000] {processor.py:183} INFO - Processing /home/airflow/.local/lib/python3.8/site-packages/airflow/example_dags/example_params_ui_tutorial.py took 0.127 seconds
[2025-11-28T07:19:00.046+0000] {processor.py:161} INFO - Started process (PID=2962) to work on /home/airflow/.local/lib/python3.8/site-packages/airflow/example_dags/example_params_ui_tutorial.py
[2025-11-28T07:19:00.052+0000] {processor.py:830} INFO - Processing file /home/airflow/.local/lib/python3.8/site-packages/airflow/example_dags/example_params_ui_tutorial.py for tasks to queue
[2025-11-28T07:19:00.057+0000] {logging_mixin.py:188} INFO - [2025-11-28T07:19:00.057+0000] {dagbag.py:538} INFO - Filling up the DagBag from /home/airflow/.local/lib/python3.8/site-packages/airflow/example_dags/example_params_ui_tutorial.py
[2025-11-28T07:19:00.111+0000] {processor.py:840} INFO - DAG(s) 'example_params_ui_tutorial' retrieved from /home/airflow/.local/lib/python3.8/site-packages/airflow/example_dags/example_params_ui_tutorial.py
[2025-11-28T07:19:00.168+0000] {logging_mixin.py:188} INFO - [2025-11-28T07:19:00.168+0000] {dag.py:3036} INFO - Sync 1 DAGs
[2025-11-28T07:19:00.188+0000] {logging_mixin.py:188} INFO - [2025-11-28T07:19:00.187+0000] {dag.py:3823} INFO - Setting next_dagrun for example_params_ui_tutorial to None, run_after=None
[2025-11-28T07:19:00.207+0000] {processor.py:183} INFO - Processing /home/airflow/.local/lib/python3.8/site-packages/airflow/example_dags/example_params_ui_tutorial.py took 0.164 seconds
[2025-11-28T07:19:30.414+0000] {processor.py:161} INFO - Started process (PID=3016) to work on /home/airflow/.local/lib/python3.8/site-packages/airflow/example_dags/example_params_ui_tutorial.py
[2025-11-28T07:19:30.417+0000] {processor.py:830} INFO - Processing file /home/airflow/.local/lib/python3.8/site-packages/airflow/example_dags/example_params_ui_tutorial.py for tasks to queue
[2025-11-28T07:19:30.419+0000] {logging_mixin.py:188} INFO - [2025-11-28T07:19:30.419+0000] {dagbag.py:538} INFO - Filling up the DagBag from /home/airflow/.local/lib/python3.8/site-packages/airflow/example_dags/example_params_ui_tutorial.py
[2025-11-28T07:19:30.435+0000] {processor.py:840} INFO - DAG(s) 'example_params_ui_tutorial' retrieved from /home/airflow/.local/lib/python3.8/site-packages/airflow/example_dags/example_params_ui_tutorial.py
[2025-11-28T07:19:30.478+0000] {logging_mixin.py:188} INFO - [2025-11-28T07:19:30.478+0000] {dag.py:3036} INFO - Sync 1 DAGs
[2025-11-28T07:19:30.488+0000] {logging_mixin.py:188} INFO - [2025-11-28T07:19:30.488+0000] {dag.py:3823} INFO - Setting next_dagrun for example_params_ui_tutorial to None, run_after=None
[2025-11-28T07:19:30.507+0000] {processor.py:183} INFO - Processing /home/airflow/.local/lib/python3.8/site-packages/airflow/example_dags/example_params_ui_tutorial.py took 0.096 seconds
