[2025-11-28T06:52:25.989+0000] {processor.py:161} INFO - Started process (PID=88) to work on /home/airflow/.local/lib/python3.8/site-packages/airflow/example_dags/example_sla_dag.py
[2025-11-28T06:52:25.991+0000] {processor.py:830} INFO - Processing file /home/airflow/.local/lib/python3.8/site-packages/airflow/example_dags/example_sla_dag.py for tasks to queue
[2025-11-28T06:52:25.995+0000] {logging_mixin.py:188} INFO - [2025-11-28T06:52:25.994+0000] {dagbag.py:538} INFO - Filling up the DagBag from /home/airflow/.local/lib/python3.8/site-packages/airflow/example_dags/example_sla_dag.py
[2025-11-28T06:52:26.011+0000] {processor.py:840} INFO - DAG(s) 'example_sla_dag' retrieved from /home/airflow/.local/lib/python3.8/site-packages/airflow/example_dags/example_sla_dag.py
[2025-11-28T06:52:26.131+0000] {logging_mixin.py:188} INFO - [2025-11-28T06:52:26.130+0000] {override.py:1769} INFO - Created Permission View: can edit on DAG:example_sla_dag
[2025-11-28T06:52:26.145+0000] {logging_mixin.py:188} INFO - [2025-11-28T06:52:26.145+0000] {override.py:1769} INFO - Created Permission View: can delete on DAG:example_sla_dag
[2025-11-28T06:52:26.154+0000] {logging_mixin.py:188} INFO - [2025-11-28T06:52:26.153+0000] {override.py:1769} INFO - Created Permission View: can read on DAG:example_sla_dag
[2025-11-28T06:52:26.155+0000] {logging_mixin.py:188} INFO - [2025-11-28T06:52:26.155+0000] {dag.py:3036} INFO - Sync 1 DAGs
[2025-11-28T06:52:26.169+0000] {logging_mixin.py:188} INFO - [2025-11-28T06:52:26.169+0000] {dag.py:3058} INFO - Creating ORM DAG for example_sla_dag
[2025-11-28T06:52:26.186+0000] {logging_mixin.py:188} INFO - [2025-11-28T06:52:26.186+0000] {dag.py:3823} INFO - Setting next_dagrun for example_sla_dag to 2025-11-28 06:50:00+00:00, run_after=2025-11-28 06:52:00+00:00
[2025-11-28T06:52:26.208+0000] {processor.py:183} INFO - Processing /home/airflow/.local/lib/python3.8/site-packages/airflow/example_dags/example_sla_dag.py took 0.225 seconds
[2025-11-28T06:52:56.601+0000] {processor.py:161} INFO - Started process (PID=143) to work on /home/airflow/.local/lib/python3.8/site-packages/airflow/example_dags/example_sla_dag.py
[2025-11-28T06:52:56.605+0000] {processor.py:830} INFO - Processing file /home/airflow/.local/lib/python3.8/site-packages/airflow/example_dags/example_sla_dag.py for tasks to queue
[2025-11-28T06:52:56.610+0000] {logging_mixin.py:188} INFO - [2025-11-28T06:52:56.609+0000] {dagbag.py:538} INFO - Filling up the DagBag from /home/airflow/.local/lib/python3.8/site-packages/airflow/example_dags/example_sla_dag.py
[2025-11-28T06:52:56.630+0000] {processor.py:840} INFO - DAG(s) 'example_sla_dag' retrieved from /home/airflow/.local/lib/python3.8/site-packages/airflow/example_dags/example_sla_dag.py
[2025-11-28T06:52:56.664+0000] {logging_mixin.py:188} INFO - [2025-11-28T06:52:56.663+0000] {dag.py:3036} INFO - Sync 1 DAGs
[2025-11-28T06:52:56.690+0000] {logging_mixin.py:188} INFO - [2025-11-28T06:52:56.690+0000] {dag.py:3823} INFO - Setting next_dagrun for example_sla_dag to 2025-11-28 06:50:00+00:00, run_after=2025-11-28 06:52:00+00:00
[2025-11-28T06:52:56.708+0000] {processor.py:183} INFO - Processing /home/airflow/.local/lib/python3.8/site-packages/airflow/example_dags/example_sla_dag.py took 0.115 seconds
[2025-11-28T06:53:27.232+0000] {processor.py:161} INFO - Started process (PID=198) to work on /home/airflow/.local/lib/python3.8/site-packages/airflow/example_dags/example_sla_dag.py
[2025-11-28T06:53:27.235+0000] {processor.py:830} INFO - Processing file /home/airflow/.local/lib/python3.8/site-packages/airflow/example_dags/example_sla_dag.py for tasks to queue
[2025-11-28T06:53:27.240+0000] {logging_mixin.py:188} INFO - [2025-11-28T06:53:27.240+0000] {dagbag.py:538} INFO - Filling up the DagBag from /home/airflow/.local/lib/python3.8/site-packages/airflow/example_dags/example_sla_dag.py
[2025-11-28T06:53:27.257+0000] {processor.py:840} INFO - DAG(s) 'example_sla_dag' retrieved from /home/airflow/.local/lib/python3.8/site-packages/airflow/example_dags/example_sla_dag.py
[2025-11-28T06:53:27.284+0000] {logging_mixin.py:188} INFO - [2025-11-28T06:53:27.284+0000] {dag.py:3036} INFO - Sync 1 DAGs
[2025-11-28T06:53:27.313+0000] {logging_mixin.py:188} INFO - [2025-11-28T06:53:27.313+0000] {dag.py:3823} INFO - Setting next_dagrun for example_sla_dag to 2025-11-28 06:50:00+00:00, run_after=2025-11-28 06:52:00+00:00
[2025-11-28T06:53:27.328+0000] {processor.py:183} INFO - Processing /home/airflow/.local/lib/python3.8/site-packages/airflow/example_dags/example_sla_dag.py took 0.104 seconds
[2025-11-28T06:53:57.589+0000] {processor.py:161} INFO - Started process (PID=253) to work on /home/airflow/.local/lib/python3.8/site-packages/airflow/example_dags/example_sla_dag.py
[2025-11-28T06:53:57.590+0000] {processor.py:830} INFO - Processing file /home/airflow/.local/lib/python3.8/site-packages/airflow/example_dags/example_sla_dag.py for tasks to queue
[2025-11-28T06:53:57.592+0000] {logging_mixin.py:188} INFO - [2025-11-28T06:53:57.591+0000] {dagbag.py:538} INFO - Filling up the DagBag from /home/airflow/.local/lib/python3.8/site-packages/airflow/example_dags/example_sla_dag.py
[2025-11-28T06:53:57.598+0000] {processor.py:840} INFO - DAG(s) 'example_sla_dag' retrieved from /home/airflow/.local/lib/python3.8/site-packages/airflow/example_dags/example_sla_dag.py
[2025-11-28T06:53:57.614+0000] {logging_mixin.py:188} INFO - [2025-11-28T06:53:57.614+0000] {dag.py:3036} INFO - Sync 1 DAGs
[2025-11-28T06:53:57.635+0000] {logging_mixin.py:188} INFO - [2025-11-28T06:53:57.635+0000] {dag.py:3823} INFO - Setting next_dagrun for example_sla_dag to 2025-11-28 06:50:00+00:00, run_after=2025-11-28 06:52:00+00:00
[2025-11-28T06:53:57.656+0000] {processor.py:183} INFO - Processing /home/airflow/.local/lib/python3.8/site-packages/airflow/example_dags/example_sla_dag.py took 0.070 seconds
[2025-11-28T06:54:27.774+0000] {processor.py:161} INFO - Started process (PID=308) to work on /home/airflow/.local/lib/python3.8/site-packages/airflow/example_dags/example_sla_dag.py
[2025-11-28T06:54:27.777+0000] {processor.py:830} INFO - Processing file /home/airflow/.local/lib/python3.8/site-packages/airflow/example_dags/example_sla_dag.py for tasks to queue
[2025-11-28T06:54:27.780+0000] {logging_mixin.py:188} INFO - [2025-11-28T06:54:27.780+0000] {dagbag.py:538} INFO - Filling up the DagBag from /home/airflow/.local/lib/python3.8/site-packages/airflow/example_dags/example_sla_dag.py
[2025-11-28T06:54:27.798+0000] {processor.py:840} INFO - DAG(s) 'example_sla_dag' retrieved from /home/airflow/.local/lib/python3.8/site-packages/airflow/example_dags/example_sla_dag.py
[2025-11-28T06:54:27.839+0000] {logging_mixin.py:188} INFO - [2025-11-28T06:54:27.839+0000] {dag.py:3036} INFO - Sync 1 DAGs
[2025-11-28T06:54:27.872+0000] {logging_mixin.py:188} INFO - [2025-11-28T06:54:27.872+0000] {dag.py:3823} INFO - Setting next_dagrun for example_sla_dag to 2025-11-28 06:52:00+00:00, run_after=2025-11-28 06:54:00+00:00
[2025-11-28T06:54:27.892+0000] {processor.py:183} INFO - Processing /home/airflow/.local/lib/python3.8/site-packages/airflow/example_dags/example_sla_dag.py took 0.124 seconds
[2025-11-28T06:54:58.568+0000] {processor.py:161} INFO - Started process (PID=363) to work on /home/airflow/.local/lib/python3.8/site-packages/airflow/example_dags/example_sla_dag.py
[2025-11-28T06:54:58.570+0000] {processor.py:830} INFO - Processing file /home/airflow/.local/lib/python3.8/site-packages/airflow/example_dags/example_sla_dag.py for tasks to queue
[2025-11-28T06:54:58.574+0000] {logging_mixin.py:188} INFO - [2025-11-28T06:54:58.574+0000] {dagbag.py:538} INFO - Filling up the DagBag from /home/airflow/.local/lib/python3.8/site-packages/airflow/example_dags/example_sla_dag.py
[2025-11-28T06:54:58.586+0000] {processor.py:840} INFO - DAG(s) 'example_sla_dag' retrieved from /home/airflow/.local/lib/python3.8/site-packages/airflow/example_dags/example_sla_dag.py
[2025-11-28T06:54:58.596+0000] {logging_mixin.py:188} INFO - [2025-11-28T06:54:58.596+0000] {dag.py:3036} INFO - Sync 1 DAGs
[2025-11-28T06:54:58.620+0000] {logging_mixin.py:188} INFO - [2025-11-28T06:54:58.620+0000] {dag.py:3823} INFO - Setting next_dagrun for example_sla_dag to 2025-11-28 06:52:00+00:00, run_after=2025-11-28 06:54:00+00:00
[2025-11-28T06:54:58.649+0000] {processor.py:183} INFO - Processing /home/airflow/.local/lib/python3.8/site-packages/airflow/example_dags/example_sla_dag.py took 0.084 seconds
[2025-11-28T06:55:28.851+0000] {processor.py:161} INFO - Started process (PID=418) to work on /home/airflow/.local/lib/python3.8/site-packages/airflow/example_dags/example_sla_dag.py
[2025-11-28T06:55:28.854+0000] {processor.py:830} INFO - Processing file /home/airflow/.local/lib/python3.8/site-packages/airflow/example_dags/example_sla_dag.py for tasks to queue
[2025-11-28T06:55:28.857+0000] {logging_mixin.py:188} INFO - [2025-11-28T06:55:28.857+0000] {dagbag.py:538} INFO - Filling up the DagBag from /home/airflow/.local/lib/python3.8/site-packages/airflow/example_dags/example_sla_dag.py
[2025-11-28T06:55:28.867+0000] {processor.py:840} INFO - DAG(s) 'example_sla_dag' retrieved from /home/airflow/.local/lib/python3.8/site-packages/airflow/example_dags/example_sla_dag.py
[2025-11-28T06:55:28.967+0000] {logging_mixin.py:188} INFO - [2025-11-28T06:55:28.966+0000] {dag.py:3036} INFO - Sync 1 DAGs
[2025-11-28T06:55:28.989+0000] {logging_mixin.py:188} INFO - [2025-11-28T06:55:28.989+0000] {dag.py:3823} INFO - Setting next_dagrun for example_sla_dag to 2025-11-28 06:52:00+00:00, run_after=2025-11-28 06:54:00+00:00
[2025-11-28T06:55:29.005+0000] {processor.py:183} INFO - Processing /home/airflow/.local/lib/python3.8/site-packages/airflow/example_dags/example_sla_dag.py took 0.157 seconds
[2025-11-28T06:55:59.122+0000] {processor.py:161} INFO - Started process (PID=473) to work on /home/airflow/.local/lib/python3.8/site-packages/airflow/example_dags/example_sla_dag.py
[2025-11-28T06:55:59.123+0000] {processor.py:830} INFO - Processing file /home/airflow/.local/lib/python3.8/site-packages/airflow/example_dags/example_sla_dag.py for tasks to queue
[2025-11-28T06:55:59.125+0000] {logging_mixin.py:188} INFO - [2025-11-28T06:55:59.125+0000] {dagbag.py:538} INFO - Filling up the DagBag from /home/airflow/.local/lib/python3.8/site-packages/airflow/example_dags/example_sla_dag.py
[2025-11-28T06:55:59.132+0000] {processor.py:840} INFO - DAG(s) 'example_sla_dag' retrieved from /home/airflow/.local/lib/python3.8/site-packages/airflow/example_dags/example_sla_dag.py
[2025-11-28T06:55:59.151+0000] {logging_mixin.py:188} INFO - [2025-11-28T06:55:59.150+0000] {dag.py:3036} INFO - Sync 1 DAGs
[2025-11-28T06:55:59.169+0000] {logging_mixin.py:188} INFO - [2025-11-28T06:55:59.169+0000] {dag.py:3823} INFO - Setting next_dagrun for example_sla_dag to 2025-11-28 06:52:00+00:00, run_after=2025-11-28 06:54:00+00:00
[2025-11-28T06:55:59.185+0000] {processor.py:183} INFO - Processing /home/airflow/.local/lib/python3.8/site-packages/airflow/example_dags/example_sla_dag.py took 0.065 seconds
[2025-11-28T06:56:29.295+0000] {processor.py:161} INFO - Started process (PID=528) to work on /home/airflow/.local/lib/python3.8/site-packages/airflow/example_dags/example_sla_dag.py
[2025-11-28T06:56:29.296+0000] {processor.py:830} INFO - Processing file /home/airflow/.local/lib/python3.8/site-packages/airflow/example_dags/example_sla_dag.py for tasks to queue
[2025-11-28T06:56:29.299+0000] {logging_mixin.py:188} INFO - [2025-11-28T06:56:29.298+0000] {dagbag.py:538} INFO - Filling up the DagBag from /home/airflow/.local/lib/python3.8/site-packages/airflow/example_dags/example_sla_dag.py
[2025-11-28T06:56:29.309+0000] {processor.py:840} INFO - DAG(s) 'example_sla_dag' retrieved from /home/airflow/.local/lib/python3.8/site-packages/airflow/example_dags/example_sla_dag.py
[2025-11-28T06:56:29.325+0000] {logging_mixin.py:188} INFO - [2025-11-28T06:56:29.324+0000] {dag.py:3036} INFO - Sync 1 DAGs
[2025-11-28T06:56:29.342+0000] {logging_mixin.py:188} INFO - [2025-11-28T06:56:29.342+0000] {dag.py:3823} INFO - Setting next_dagrun for example_sla_dag to 2025-11-28 06:54:00+00:00, run_after=2025-11-28 06:56:00+00:00
[2025-11-28T06:56:29.356+0000] {processor.py:183} INFO - Processing /home/airflow/.local/lib/python3.8/site-packages/airflow/example_dags/example_sla_dag.py took 0.064 seconds
[2025-11-28T06:56:59.857+0000] {processor.py:161} INFO - Started process (PID=583) to work on /home/airflow/.local/lib/python3.8/site-packages/airflow/example_dags/example_sla_dag.py
[2025-11-28T06:56:59.859+0000] {processor.py:830} INFO - Processing file /home/airflow/.local/lib/python3.8/site-packages/airflow/example_dags/example_sla_dag.py for tasks to queue
[2025-11-28T06:56:59.861+0000] {logging_mixin.py:188} INFO - [2025-11-28T06:56:59.861+0000] {dagbag.py:538} INFO - Filling up the DagBag from /home/airflow/.local/lib/python3.8/site-packages/airflow/example_dags/example_sla_dag.py
[2025-11-28T06:56:59.868+0000] {processor.py:840} INFO - DAG(s) 'example_sla_dag' retrieved from /home/airflow/.local/lib/python3.8/site-packages/airflow/example_dags/example_sla_dag.py
[2025-11-28T06:56:59.884+0000] {logging_mixin.py:188} INFO - [2025-11-28T06:56:59.883+0000] {dag.py:3036} INFO - Sync 1 DAGs
[2025-11-28T06:56:59.900+0000] {logging_mixin.py:188} INFO - [2025-11-28T06:56:59.900+0000] {dag.py:3823} INFO - Setting next_dagrun for example_sla_dag to 2025-11-28 06:54:00+00:00, run_after=2025-11-28 06:56:00+00:00
[2025-11-28T06:56:59.917+0000] {processor.py:183} INFO - Processing /home/airflow/.local/lib/python3.8/site-packages/airflow/example_dags/example_sla_dag.py took 0.064 seconds
[2025-11-28T06:57:30.504+0000] {processor.py:161} INFO - Started process (PID=638) to work on /home/airflow/.local/lib/python3.8/site-packages/airflow/example_dags/example_sla_dag.py
[2025-11-28T06:57:30.505+0000] {processor.py:830} INFO - Processing file /home/airflow/.local/lib/python3.8/site-packages/airflow/example_dags/example_sla_dag.py for tasks to queue
[2025-11-28T06:57:30.508+0000] {logging_mixin.py:188} INFO - [2025-11-28T06:57:30.507+0000] {dagbag.py:538} INFO - Filling up the DagBag from /home/airflow/.local/lib/python3.8/site-packages/airflow/example_dags/example_sla_dag.py
[2025-11-28T06:57:30.517+0000] {processor.py:840} INFO - DAG(s) 'example_sla_dag' retrieved from /home/airflow/.local/lib/python3.8/site-packages/airflow/example_dags/example_sla_dag.py
[2025-11-28T06:57:30.535+0000] {logging_mixin.py:188} INFO - [2025-11-28T06:57:30.534+0000] {dag.py:3036} INFO - Sync 1 DAGs
[2025-11-28T06:57:30.551+0000] {logging_mixin.py:188} INFO - [2025-11-28T06:57:30.551+0000] {dag.py:3823} INFO - Setting next_dagrun for example_sla_dag to 2025-11-28 06:54:00+00:00, run_after=2025-11-28 06:56:00+00:00
[2025-11-28T06:57:30.568+0000] {processor.py:183} INFO - Processing /home/airflow/.local/lib/python3.8/site-packages/airflow/example_dags/example_sla_dag.py took 0.068 seconds
[2025-11-28T06:58:01.197+0000] {processor.py:161} INFO - Started process (PID=693) to work on /home/airflow/.local/lib/python3.8/site-packages/airflow/example_dags/example_sla_dag.py
[2025-11-28T06:58:01.200+0000] {processor.py:830} INFO - Processing file /home/airflow/.local/lib/python3.8/site-packages/airflow/example_dags/example_sla_dag.py for tasks to queue
[2025-11-28T06:58:01.205+0000] {logging_mixin.py:188} INFO - [2025-11-28T06:58:01.204+0000] {dagbag.py:538} INFO - Filling up the DagBag from /home/airflow/.local/lib/python3.8/site-packages/airflow/example_dags/example_sla_dag.py
[2025-11-28T06:58:01.220+0000] {processor.py:840} INFO - DAG(s) 'example_sla_dag' retrieved from /home/airflow/.local/lib/python3.8/site-packages/airflow/example_dags/example_sla_dag.py
[2025-11-28T06:58:01.244+0000] {logging_mixin.py:188} INFO - [2025-11-28T06:58:01.243+0000] {dag.py:3036} INFO - Sync 1 DAGs
[2025-11-28T06:58:01.262+0000] {logging_mixin.py:188} INFO - [2025-11-28T06:58:01.262+0000] {dag.py:3823} INFO - Setting next_dagrun for example_sla_dag to 2025-11-28 06:56:00+00:00, run_after=2025-11-28 06:58:00+00:00
[2025-11-28T06:58:01.280+0000] {processor.py:183} INFO - Processing /home/airflow/.local/lib/python3.8/site-packages/airflow/example_dags/example_sla_dag.py took 0.090 seconds
[2025-11-28T06:58:31.751+0000] {processor.py:161} INFO - Started process (PID=748) to work on /home/airflow/.local/lib/python3.8/site-packages/airflow/example_dags/example_sla_dag.py
[2025-11-28T06:58:31.753+0000] {processor.py:830} INFO - Processing file /home/airflow/.local/lib/python3.8/site-packages/airflow/example_dags/example_sla_dag.py for tasks to queue
[2025-11-28T06:58:31.758+0000] {logging_mixin.py:188} INFO - [2025-11-28T06:58:31.757+0000] {dagbag.py:538} INFO - Filling up the DagBag from /home/airflow/.local/lib/python3.8/site-packages/airflow/example_dags/example_sla_dag.py
[2025-11-28T06:58:31.768+0000] {processor.py:840} INFO - DAG(s) 'example_sla_dag' retrieved from /home/airflow/.local/lib/python3.8/site-packages/airflow/example_dags/example_sla_dag.py
[2025-11-28T06:58:31.785+0000] {logging_mixin.py:188} INFO - [2025-11-28T06:58:31.785+0000] {dag.py:3036} INFO - Sync 1 DAGs
[2025-11-28T06:58:31.802+0000] {logging_mixin.py:188} INFO - [2025-11-28T06:58:31.802+0000] {dag.py:3823} INFO - Setting next_dagrun for example_sla_dag to 2025-11-28 06:56:00+00:00, run_after=2025-11-28 06:58:00+00:00
[2025-11-28T06:58:31.821+0000] {processor.py:183} INFO - Processing /home/airflow/.local/lib/python3.8/site-packages/airflow/example_dags/example_sla_dag.py took 0.073 seconds
[2025-11-28T06:59:02.165+0000] {processor.py:161} INFO - Started process (PID=803) to work on /home/airflow/.local/lib/python3.8/site-packages/airflow/example_dags/example_sla_dag.py
[2025-11-28T06:59:02.166+0000] {processor.py:830} INFO - Processing file /home/airflow/.local/lib/python3.8/site-packages/airflow/example_dags/example_sla_dag.py for tasks to queue
[2025-11-28T06:59:02.168+0000] {logging_mixin.py:188} INFO - [2025-11-28T06:59:02.168+0000] {dagbag.py:538} INFO - Filling up the DagBag from /home/airflow/.local/lib/python3.8/site-packages/airflow/example_dags/example_sla_dag.py
[2025-11-28T06:59:02.179+0000] {processor.py:840} INFO - DAG(s) 'example_sla_dag' retrieved from /home/airflow/.local/lib/python3.8/site-packages/airflow/example_dags/example_sla_dag.py
[2025-11-28T06:59:02.210+0000] {logging_mixin.py:188} INFO - [2025-11-28T06:59:02.210+0000] {dag.py:3036} INFO - Sync 1 DAGs
[2025-11-28T06:59:02.240+0000] {logging_mixin.py:188} INFO - [2025-11-28T06:59:02.240+0000] {dag.py:3823} INFO - Setting next_dagrun for example_sla_dag to 2025-11-28 06:56:00+00:00, run_after=2025-11-28 06:58:00+00:00
[2025-11-28T06:59:02.269+0000] {processor.py:183} INFO - Processing /home/airflow/.local/lib/python3.8/site-packages/airflow/example_dags/example_sla_dag.py took 0.107 seconds
[2025-11-28T06:59:32.688+0000] {processor.py:161} INFO - Started process (PID=858) to work on /home/airflow/.local/lib/python3.8/site-packages/airflow/example_dags/example_sla_dag.py
[2025-11-28T06:59:32.691+0000] {processor.py:830} INFO - Processing file /home/airflow/.local/lib/python3.8/site-packages/airflow/example_dags/example_sla_dag.py for tasks to queue
[2025-11-28T06:59:32.696+0000] {logging_mixin.py:188} INFO - [2025-11-28T06:59:32.695+0000] {dagbag.py:538} INFO - Filling up the DagBag from /home/airflow/.local/lib/python3.8/site-packages/airflow/example_dags/example_sla_dag.py
[2025-11-28T06:59:32.714+0000] {processor.py:840} INFO - DAG(s) 'example_sla_dag' retrieved from /home/airflow/.local/lib/python3.8/site-packages/airflow/example_dags/example_sla_dag.py
[2025-11-28T06:59:32.747+0000] {logging_mixin.py:188} INFO - [2025-11-28T06:59:32.746+0000] {dag.py:3036} INFO - Sync 1 DAGs
[2025-11-28T06:59:32.792+0000] {logging_mixin.py:188} INFO - [2025-11-28T06:59:32.791+0000] {dag.py:3823} INFO - Setting next_dagrun for example_sla_dag to 2025-11-28 06:56:00+00:00, run_after=2025-11-28 06:58:00+00:00
[2025-11-28T06:59:32.830+0000] {processor.py:183} INFO - Processing /home/airflow/.local/lib/python3.8/site-packages/airflow/example_dags/example_sla_dag.py took 0.151 seconds
[2025-11-28T07:00:02.940+0000] {processor.py:161} INFO - Started process (PID=913) to work on /home/airflow/.local/lib/python3.8/site-packages/airflow/example_dags/example_sla_dag.py
[2025-11-28T07:00:02.942+0000] {processor.py:830} INFO - Processing file /home/airflow/.local/lib/python3.8/site-packages/airflow/example_dags/example_sla_dag.py for tasks to queue
[2025-11-28T07:00:02.945+0000] {logging_mixin.py:188} INFO - [2025-11-28T07:00:02.944+0000] {dagbag.py:538} INFO - Filling up the DagBag from /home/airflow/.local/lib/python3.8/site-packages/airflow/example_dags/example_sla_dag.py
[2025-11-28T07:00:02.957+0000] {processor.py:840} INFO - DAG(s) 'example_sla_dag' retrieved from /home/airflow/.local/lib/python3.8/site-packages/airflow/example_dags/example_sla_dag.py
[2025-11-28T07:00:02.979+0000] {logging_mixin.py:188} INFO - [2025-11-28T07:00:02.979+0000] {dag.py:3036} INFO - Sync 1 DAGs
[2025-11-28T07:00:02.998+0000] {logging_mixin.py:188} INFO - [2025-11-28T07:00:02.998+0000] {dag.py:3823} INFO - Setting next_dagrun for example_sla_dag to 2025-11-28 06:58:00+00:00, run_after=2025-11-28 07:00:00+00:00
[2025-11-28T07:00:03.021+0000] {processor.py:183} INFO - Processing /home/airflow/.local/lib/python3.8/site-packages/airflow/example_dags/example_sla_dag.py took 0.086 seconds
[2025-11-28T07:00:33.674+0000] {processor.py:161} INFO - Started process (PID=968) to work on /home/airflow/.local/lib/python3.8/site-packages/airflow/example_dags/example_sla_dag.py
[2025-11-28T07:00:33.676+0000] {processor.py:830} INFO - Processing file /home/airflow/.local/lib/python3.8/site-packages/airflow/example_dags/example_sla_dag.py for tasks to queue
[2025-11-28T07:00:33.683+0000] {logging_mixin.py:188} INFO - [2025-11-28T07:00:33.682+0000] {dagbag.py:538} INFO - Filling up the DagBag from /home/airflow/.local/lib/python3.8/site-packages/airflow/example_dags/example_sla_dag.py
[2025-11-28T07:00:33.695+0000] {processor.py:840} INFO - DAG(s) 'example_sla_dag' retrieved from /home/airflow/.local/lib/python3.8/site-packages/airflow/example_dags/example_sla_dag.py
[2025-11-28T07:00:33.730+0000] {logging_mixin.py:188} INFO - [2025-11-28T07:00:33.730+0000] {dag.py:3036} INFO - Sync 1 DAGs
[2025-11-28T07:00:33.770+0000] {logging_mixin.py:188} INFO - [2025-11-28T07:00:33.770+0000] {dag.py:3823} INFO - Setting next_dagrun for example_sla_dag to 2025-11-28 06:58:00+00:00, run_after=2025-11-28 07:00:00+00:00
[2025-11-28T07:00:33.796+0000] {processor.py:183} INFO - Processing /home/airflow/.local/lib/python3.8/site-packages/airflow/example_dags/example_sla_dag.py took 0.128 seconds
[2025-11-28T07:01:03.918+0000] {processor.py:161} INFO - Started process (PID=1023) to work on /home/airflow/.local/lib/python3.8/site-packages/airflow/example_dags/example_sla_dag.py
[2025-11-28T07:01:03.919+0000] {processor.py:830} INFO - Processing file /home/airflow/.local/lib/python3.8/site-packages/airflow/example_dags/example_sla_dag.py for tasks to queue
[2025-11-28T07:01:03.926+0000] {logging_mixin.py:188} INFO - [2025-11-28T07:01:03.926+0000] {dagbag.py:538} INFO - Filling up the DagBag from /home/airflow/.local/lib/python3.8/site-packages/airflow/example_dags/example_sla_dag.py
[2025-11-28T07:01:03.937+0000] {processor.py:840} INFO - DAG(s) 'example_sla_dag' retrieved from /home/airflow/.local/lib/python3.8/site-packages/airflow/example_dags/example_sla_dag.py
[2025-11-28T07:01:03.972+0000] {logging_mixin.py:188} INFO - [2025-11-28T07:01:03.972+0000] {dag.py:3036} INFO - Sync 1 DAGs
[2025-11-28T07:01:03.997+0000] {logging_mixin.py:188} INFO - [2025-11-28T07:01:03.997+0000] {dag.py:3823} INFO - Setting next_dagrun for example_sla_dag to 2025-11-28 06:58:00+00:00, run_after=2025-11-28 07:00:00+00:00
[2025-11-28T07:01:04.015+0000] {processor.py:183} INFO - Processing /home/airflow/.local/lib/python3.8/site-packages/airflow/example_dags/example_sla_dag.py took 0.102 seconds
[2025-11-28T07:01:34.272+0000] {processor.py:161} INFO - Started process (PID=1077) to work on /home/airflow/.local/lib/python3.8/site-packages/airflow/example_dags/example_sla_dag.py
[2025-11-28T07:01:34.273+0000] {processor.py:830} INFO - Processing file /home/airflow/.local/lib/python3.8/site-packages/airflow/example_dags/example_sla_dag.py for tasks to queue
[2025-11-28T07:01:34.276+0000] {logging_mixin.py:188} INFO - [2025-11-28T07:01:34.275+0000] {dagbag.py:538} INFO - Filling up the DagBag from /home/airflow/.local/lib/python3.8/site-packages/airflow/example_dags/example_sla_dag.py
[2025-11-28T07:01:34.286+0000] {processor.py:840} INFO - DAG(s) 'example_sla_dag' retrieved from /home/airflow/.local/lib/python3.8/site-packages/airflow/example_dags/example_sla_dag.py
[2025-11-28T07:01:34.307+0000] {logging_mixin.py:188} INFO - [2025-11-28T07:01:34.306+0000] {dag.py:3036} INFO - Sync 1 DAGs
[2025-11-28T07:01:34.332+0000] {logging_mixin.py:188} INFO - [2025-11-28T07:01:34.331+0000] {dag.py:3823} INFO - Setting next_dagrun for example_sla_dag to 2025-11-28 06:58:00+00:00, run_after=2025-11-28 07:00:00+00:00
[2025-11-28T07:01:34.354+0000] {processor.py:183} INFO - Processing /home/airflow/.local/lib/python3.8/site-packages/airflow/example_dags/example_sla_dag.py took 0.085 seconds
[2025-11-28T07:02:04.586+0000] {processor.py:161} INFO - Started process (PID=1132) to work on /home/airflow/.local/lib/python3.8/site-packages/airflow/example_dags/example_sla_dag.py
[2025-11-28T07:02:04.588+0000] {processor.py:830} INFO - Processing file /home/airflow/.local/lib/python3.8/site-packages/airflow/example_dags/example_sla_dag.py for tasks to queue
[2025-11-28T07:02:04.590+0000] {logging_mixin.py:188} INFO - [2025-11-28T07:02:04.590+0000] {dagbag.py:538} INFO - Filling up the DagBag from /home/airflow/.local/lib/python3.8/site-packages/airflow/example_dags/example_sla_dag.py
[2025-11-28T07:02:04.597+0000] {processor.py:840} INFO - DAG(s) 'example_sla_dag' retrieved from /home/airflow/.local/lib/python3.8/site-packages/airflow/example_dags/example_sla_dag.py
[2025-11-28T07:02:04.615+0000] {logging_mixin.py:188} INFO - [2025-11-28T07:02:04.615+0000] {dag.py:3036} INFO - Sync 1 DAGs
[2025-11-28T07:02:04.633+0000] {logging_mixin.py:188} INFO - [2025-11-28T07:02:04.632+0000] {dag.py:3823} INFO - Setting next_dagrun for example_sla_dag to 2025-11-28 07:00:00+00:00, run_after=2025-11-28 07:02:00+00:00
[2025-11-28T07:02:04.647+0000] {processor.py:183} INFO - Processing /home/airflow/.local/lib/python3.8/site-packages/airflow/example_dags/example_sla_dag.py took 0.064 seconds
[2025-11-28T07:02:34.879+0000] {processor.py:161} INFO - Started process (PID=1186) to work on /home/airflow/.local/lib/python3.8/site-packages/airflow/example_dags/example_sla_dag.py
[2025-11-28T07:02:34.882+0000] {processor.py:830} INFO - Processing file /home/airflow/.local/lib/python3.8/site-packages/airflow/example_dags/example_sla_dag.py for tasks to queue
[2025-11-28T07:02:34.884+0000] {logging_mixin.py:188} INFO - [2025-11-28T07:02:34.884+0000] {dagbag.py:538} INFO - Filling up the DagBag from /home/airflow/.local/lib/python3.8/site-packages/airflow/example_dags/example_sla_dag.py
[2025-11-28T07:02:34.898+0000] {processor.py:840} INFO - DAG(s) 'example_sla_dag' retrieved from /home/airflow/.local/lib/python3.8/site-packages/airflow/example_dags/example_sla_dag.py
[2025-11-28T07:02:34.925+0000] {logging_mixin.py:188} INFO - [2025-11-28T07:02:34.925+0000] {dag.py:3036} INFO - Sync 1 DAGs
[2025-11-28T07:02:34.952+0000] {logging_mixin.py:188} INFO - [2025-11-28T07:02:34.952+0000] {dag.py:3823} INFO - Setting next_dagrun for example_sla_dag to 2025-11-28 07:00:00+00:00, run_after=2025-11-28 07:02:00+00:00
[2025-11-28T07:02:34.989+0000] {processor.py:183} INFO - Processing /home/airflow/.local/lib/python3.8/site-packages/airflow/example_dags/example_sla_dag.py took 0.118 seconds
[2025-11-28T07:03:05.650+0000] {processor.py:161} INFO - Started process (PID=1242) to work on /home/airflow/.local/lib/python3.8/site-packages/airflow/example_dags/example_sla_dag.py
[2025-11-28T07:03:05.652+0000] {processor.py:830} INFO - Processing file /home/airflow/.local/lib/python3.8/site-packages/airflow/example_dags/example_sla_dag.py for tasks to queue
[2025-11-28T07:03:05.655+0000] {logging_mixin.py:188} INFO - [2025-11-28T07:03:05.655+0000] {dagbag.py:538} INFO - Filling up the DagBag from /home/airflow/.local/lib/python3.8/site-packages/airflow/example_dags/example_sla_dag.py
[2025-11-28T07:03:05.663+0000] {processor.py:840} INFO - DAG(s) 'example_sla_dag' retrieved from /home/airflow/.local/lib/python3.8/site-packages/airflow/example_dags/example_sla_dag.py
[2025-11-28T07:03:05.679+0000] {logging_mixin.py:188} INFO - [2025-11-28T07:03:05.679+0000] {dag.py:3036} INFO - Sync 1 DAGs
[2025-11-28T07:03:05.702+0000] {logging_mixin.py:188} INFO - [2025-11-28T07:03:05.702+0000] {dag.py:3823} INFO - Setting next_dagrun for example_sla_dag to 2025-11-28 07:00:00+00:00, run_after=2025-11-28 07:02:00+00:00
[2025-11-28T07:03:05.717+0000] {processor.py:183} INFO - Processing /home/airflow/.local/lib/python3.8/site-packages/airflow/example_dags/example_sla_dag.py took 0.073 seconds
[2025-11-28T07:03:36.250+0000] {processor.py:161} INFO - Started process (PID=1297) to work on /home/airflow/.local/lib/python3.8/site-packages/airflow/example_dags/example_sla_dag.py
[2025-11-28T07:03:36.259+0000] {processor.py:830} INFO - Processing file /home/airflow/.local/lib/python3.8/site-packages/airflow/example_dags/example_sla_dag.py for tasks to queue
[2025-11-28T07:03:36.264+0000] {logging_mixin.py:188} INFO - [2025-11-28T07:03:36.263+0000] {dagbag.py:538} INFO - Filling up the DagBag from /home/airflow/.local/lib/python3.8/site-packages/airflow/example_dags/example_sla_dag.py
[2025-11-28T07:03:36.282+0000] {processor.py:840} INFO - DAG(s) 'example_sla_dag' retrieved from /home/airflow/.local/lib/python3.8/site-packages/airflow/example_dags/example_sla_dag.py
[2025-11-28T07:03:36.318+0000] {logging_mixin.py:188} INFO - [2025-11-28T07:03:36.318+0000] {dag.py:3036} INFO - Sync 1 DAGs
[2025-11-28T07:03:36.353+0000] {logging_mixin.py:188} INFO - [2025-11-28T07:03:36.353+0000] {dag.py:3823} INFO - Setting next_dagrun for example_sla_dag to 2025-11-28 07:00:00+00:00, run_after=2025-11-28 07:02:00+00:00
[2025-11-28T07:03:36.390+0000] {processor.py:183} INFO - Processing /home/airflow/.local/lib/python3.8/site-packages/airflow/example_dags/example_sla_dag.py took 0.144 seconds
[2025-11-28T07:04:07.124+0000] {processor.py:161} INFO - Started process (PID=1352) to work on /home/airflow/.local/lib/python3.8/site-packages/airflow/example_dags/example_sla_dag.py
[2025-11-28T07:04:07.125+0000] {processor.py:830} INFO - Processing file /home/airflow/.local/lib/python3.8/site-packages/airflow/example_dags/example_sla_dag.py for tasks to queue
[2025-11-28T07:04:07.130+0000] {logging_mixin.py:188} INFO - [2025-11-28T07:04:07.130+0000] {dagbag.py:538} INFO - Filling up the DagBag from /home/airflow/.local/lib/python3.8/site-packages/airflow/example_dags/example_sla_dag.py
[2025-11-28T07:04:07.141+0000] {processor.py:840} INFO - DAG(s) 'example_sla_dag' retrieved from /home/airflow/.local/lib/python3.8/site-packages/airflow/example_dags/example_sla_dag.py
[2025-11-28T07:04:07.174+0000] {logging_mixin.py:188} INFO - [2025-11-28T07:04:07.173+0000] {dag.py:3036} INFO - Sync 1 DAGs
[2025-11-28T07:04:07.206+0000] {logging_mixin.py:188} INFO - [2025-11-28T07:04:07.205+0000] {dag.py:3823} INFO - Setting next_dagrun for example_sla_dag to 2025-11-28 07:02:00+00:00, run_after=2025-11-28 07:04:00+00:00
[2025-11-28T07:04:07.231+0000] {processor.py:183} INFO - Processing /home/airflow/.local/lib/python3.8/site-packages/airflow/example_dags/example_sla_dag.py took 0.109 seconds
[2025-11-28T07:04:37.651+0000] {processor.py:161} INFO - Started process (PID=1407) to work on /home/airflow/.local/lib/python3.8/site-packages/airflow/example_dags/example_sla_dag.py
[2025-11-28T07:04:37.652+0000] {processor.py:830} INFO - Processing file /home/airflow/.local/lib/python3.8/site-packages/airflow/example_dags/example_sla_dag.py for tasks to queue
[2025-11-28T07:04:37.653+0000] {logging_mixin.py:188} INFO - [2025-11-28T07:04:37.653+0000] {dagbag.py:538} INFO - Filling up the DagBag from /home/airflow/.local/lib/python3.8/site-packages/airflow/example_dags/example_sla_dag.py
[2025-11-28T07:04:37.660+0000] {processor.py:840} INFO - DAG(s) 'example_sla_dag' retrieved from /home/airflow/.local/lib/python3.8/site-packages/airflow/example_dags/example_sla_dag.py
[2025-11-28T07:04:37.678+0000] {logging_mixin.py:188} INFO - [2025-11-28T07:04:37.678+0000] {dag.py:3036} INFO - Sync 1 DAGs
[2025-11-28T07:04:37.694+0000] {logging_mixin.py:188} INFO - [2025-11-28T07:04:37.694+0000] {dag.py:3823} INFO - Setting next_dagrun for example_sla_dag to 2025-11-28 07:02:00+00:00, run_after=2025-11-28 07:04:00+00:00
[2025-11-28T07:04:37.709+0000] {processor.py:183} INFO - Processing /home/airflow/.local/lib/python3.8/site-packages/airflow/example_dags/example_sla_dag.py took 0.061 seconds
[2025-11-28T07:05:08.073+0000] {processor.py:161} INFO - Started process (PID=1463) to work on /home/airflow/.local/lib/python3.8/site-packages/airflow/example_dags/example_sla_dag.py
[2025-11-28T07:05:08.074+0000] {processor.py:830} INFO - Processing file /home/airflow/.local/lib/python3.8/site-packages/airflow/example_dags/example_sla_dag.py for tasks to queue
[2025-11-28T07:05:08.077+0000] {logging_mixin.py:188} INFO - [2025-11-28T07:05:08.077+0000] {dagbag.py:538} INFO - Filling up the DagBag from /home/airflow/.local/lib/python3.8/site-packages/airflow/example_dags/example_sla_dag.py
[2025-11-28T07:05:08.086+0000] {processor.py:840} INFO - DAG(s) 'example_sla_dag' retrieved from /home/airflow/.local/lib/python3.8/site-packages/airflow/example_dags/example_sla_dag.py
[2025-11-28T07:05:08.109+0000] {logging_mixin.py:188} INFO - [2025-11-28T07:05:08.109+0000] {dag.py:3036} INFO - Sync 1 DAGs
[2025-11-28T07:05:08.144+0000] {logging_mixin.py:188} INFO - [2025-11-28T07:05:08.143+0000] {dag.py:3823} INFO - Setting next_dagrun for example_sla_dag to 2025-11-28 07:02:00+00:00, run_after=2025-11-28 07:04:00+00:00
[2025-11-28T07:05:08.170+0000] {processor.py:183} INFO - Processing /home/airflow/.local/lib/python3.8/site-packages/airflow/example_dags/example_sla_dag.py took 0.103 seconds
[2025-11-28T07:05:38.664+0000] {processor.py:161} INFO - Started process (PID=1518) to work on /home/airflow/.local/lib/python3.8/site-packages/airflow/example_dags/example_sla_dag.py
[2025-11-28T07:05:38.665+0000] {processor.py:830} INFO - Processing file /home/airflow/.local/lib/python3.8/site-packages/airflow/example_dags/example_sla_dag.py for tasks to queue
[2025-11-28T07:05:38.667+0000] {logging_mixin.py:188} INFO - [2025-11-28T07:05:38.667+0000] {dagbag.py:538} INFO - Filling up the DagBag from /home/airflow/.local/lib/python3.8/site-packages/airflow/example_dags/example_sla_dag.py
[2025-11-28T07:05:38.674+0000] {processor.py:840} INFO - DAG(s) 'example_sla_dag' retrieved from /home/airflow/.local/lib/python3.8/site-packages/airflow/example_dags/example_sla_dag.py
[2025-11-28T07:05:38.693+0000] {logging_mixin.py:188} INFO - [2025-11-28T07:05:38.692+0000] {dag.py:3036} INFO - Sync 1 DAGs
[2025-11-28T07:05:38.712+0000] {logging_mixin.py:188} INFO - [2025-11-28T07:05:38.712+0000] {dag.py:3823} INFO - Setting next_dagrun for example_sla_dag to 2025-11-28 07:02:00+00:00, run_after=2025-11-28 07:04:00+00:00
[2025-11-28T07:05:38.742+0000] {processor.py:183} INFO - Processing /home/airflow/.local/lib/python3.8/site-packages/airflow/example_dags/example_sla_dag.py took 0.080 seconds
[2025-11-28T07:06:09.353+0000] {processor.py:161} INFO - Started process (PID=1573) to work on /home/airflow/.local/lib/python3.8/site-packages/airflow/example_dags/example_sla_dag.py
[2025-11-28T07:06:09.355+0000] {processor.py:830} INFO - Processing file /home/airflow/.local/lib/python3.8/site-packages/airflow/example_dags/example_sla_dag.py for tasks to queue
[2025-11-28T07:06:09.358+0000] {logging_mixin.py:188} INFO - [2025-11-28T07:06:09.357+0000] {dagbag.py:538} INFO - Filling up the DagBag from /home/airflow/.local/lib/python3.8/site-packages/airflow/example_dags/example_sla_dag.py
[2025-11-28T07:06:09.366+0000] {processor.py:840} INFO - DAG(s) 'example_sla_dag' retrieved from /home/airflow/.local/lib/python3.8/site-packages/airflow/example_dags/example_sla_dag.py
[2025-11-28T07:06:09.389+0000] {logging_mixin.py:188} INFO - [2025-11-28T07:06:09.388+0000] {dag.py:3036} INFO - Sync 1 DAGs
[2025-11-28T07:06:09.410+0000] {logging_mixin.py:188} INFO - [2025-11-28T07:06:09.409+0000] {dag.py:3823} INFO - Setting next_dagrun for example_sla_dag to 2025-11-28 07:04:00+00:00, run_after=2025-11-28 07:06:00+00:00
[2025-11-28T07:06:09.427+0000] {processor.py:183} INFO - Processing /home/airflow/.local/lib/python3.8/site-packages/airflow/example_dags/example_sla_dag.py took 0.078 seconds
[2025-11-28T07:06:40.002+0000] {processor.py:161} INFO - Started process (PID=1628) to work on /home/airflow/.local/lib/python3.8/site-packages/airflow/example_dags/example_sla_dag.py
[2025-11-28T07:06:40.004+0000] {processor.py:830} INFO - Processing file /home/airflow/.local/lib/python3.8/site-packages/airflow/example_dags/example_sla_dag.py for tasks to queue
[2025-11-28T07:06:40.007+0000] {logging_mixin.py:188} INFO - [2025-11-28T07:06:40.007+0000] {dagbag.py:538} INFO - Filling up the DagBag from /home/airflow/.local/lib/python3.8/site-packages/airflow/example_dags/example_sla_dag.py
[2025-11-28T07:06:40.029+0000] {processor.py:840} INFO - DAG(s) 'example_sla_dag' retrieved from /home/airflow/.local/lib/python3.8/site-packages/airflow/example_dags/example_sla_dag.py
[2025-11-28T07:06:40.061+0000] {logging_mixin.py:188} INFO - [2025-11-28T07:06:40.060+0000] {dag.py:3036} INFO - Sync 1 DAGs
[2025-11-28T07:06:40.092+0000] {logging_mixin.py:188} INFO - [2025-11-28T07:06:40.092+0000] {dag.py:3823} INFO - Setting next_dagrun for example_sla_dag to 2025-11-28 07:04:00+00:00, run_after=2025-11-28 07:06:00+00:00
[2025-11-28T07:06:40.108+0000] {processor.py:183} INFO - Processing /home/airflow/.local/lib/python3.8/site-packages/airflow/example_dags/example_sla_dag.py took 0.113 seconds
[2025-11-28T07:07:10.191+0000] {processor.py:161} INFO - Started process (PID=1683) to work on /home/airflow/.local/lib/python3.8/site-packages/airflow/example_dags/example_sla_dag.py
[2025-11-28T07:07:10.194+0000] {processor.py:830} INFO - Processing file /home/airflow/.local/lib/python3.8/site-packages/airflow/example_dags/example_sla_dag.py for tasks to queue
[2025-11-28T07:07:10.196+0000] {logging_mixin.py:188} INFO - [2025-11-28T07:07:10.196+0000] {dagbag.py:538} INFO - Filling up the DagBag from /home/airflow/.local/lib/python3.8/site-packages/airflow/example_dags/example_sla_dag.py
[2025-11-28T07:07:10.203+0000] {processor.py:840} INFO - DAG(s) 'example_sla_dag' retrieved from /home/airflow/.local/lib/python3.8/site-packages/airflow/example_dags/example_sla_dag.py
[2025-11-28T07:07:10.223+0000] {logging_mixin.py:188} INFO - [2025-11-28T07:07:10.223+0000] {dag.py:3036} INFO - Sync 1 DAGs
[2025-11-28T07:07:10.245+0000] {logging_mixin.py:188} INFO - [2025-11-28T07:07:10.245+0000] {dag.py:3823} INFO - Setting next_dagrun for example_sla_dag to 2025-11-28 07:04:00+00:00, run_after=2025-11-28 07:06:00+00:00
[2025-11-28T07:07:10.265+0000] {processor.py:183} INFO - Processing /home/airflow/.local/lib/python3.8/site-packages/airflow/example_dags/example_sla_dag.py took 0.076 seconds
[2025-11-28T07:07:40.836+0000] {processor.py:161} INFO - Started process (PID=1738) to work on /home/airflow/.local/lib/python3.8/site-packages/airflow/example_dags/example_sla_dag.py
[2025-11-28T07:07:40.837+0000] {processor.py:830} INFO - Processing file /home/airflow/.local/lib/python3.8/site-packages/airflow/example_dags/example_sla_dag.py for tasks to queue
[2025-11-28T07:07:40.839+0000] {logging_mixin.py:188} INFO - [2025-11-28T07:07:40.839+0000] {dagbag.py:538} INFO - Filling up the DagBag from /home/airflow/.local/lib/python3.8/site-packages/airflow/example_dags/example_sla_dag.py
[2025-11-28T07:07:40.846+0000] {processor.py:840} INFO - DAG(s) 'example_sla_dag' retrieved from /home/airflow/.local/lib/python3.8/site-packages/airflow/example_dags/example_sla_dag.py
[2025-11-28T07:07:40.872+0000] {logging_mixin.py:188} INFO - [2025-11-28T07:07:40.869+0000] {dag.py:3036} INFO - Sync 1 DAGs
[2025-11-28T07:07:40.907+0000] {logging_mixin.py:188} INFO - [2025-11-28T07:07:40.905+0000] {dag.py:3823} INFO - Setting next_dagrun for example_sla_dag to 2025-11-28 07:04:00+00:00, run_after=2025-11-28 07:06:00+00:00
[2025-11-28T07:07:40.926+0000] {processor.py:183} INFO - Processing /home/airflow/.local/lib/python3.8/site-packages/airflow/example_dags/example_sla_dag.py took 0.093 seconds
[2025-11-28T07:08:11.964+0000] {processor.py:161} INFO - Started process (PID=1793) to work on /home/airflow/.local/lib/python3.8/site-packages/airflow/example_dags/example_sla_dag.py
[2025-11-28T07:08:11.967+0000] {processor.py:830} INFO - Processing file /home/airflow/.local/lib/python3.8/site-packages/airflow/example_dags/example_sla_dag.py for tasks to queue
[2025-11-28T07:08:11.972+0000] {logging_mixin.py:188} INFO - [2025-11-28T07:08:11.972+0000] {dagbag.py:538} INFO - Filling up the DagBag from /home/airflow/.local/lib/python3.8/site-packages/airflow/example_dags/example_sla_dag.py
[2025-11-28T07:08:11.990+0000] {processor.py:840} INFO - DAG(s) 'example_sla_dag' retrieved from /home/airflow/.local/lib/python3.8/site-packages/airflow/example_dags/example_sla_dag.py
[2025-11-28T07:08:12.027+0000] {logging_mixin.py:188} INFO - [2025-11-28T07:08:12.027+0000] {dag.py:3036} INFO - Sync 1 DAGs
[2025-11-28T07:08:12.075+0000] {logging_mixin.py:188} INFO - [2025-11-28T07:08:12.074+0000] {dag.py:3823} INFO - Setting next_dagrun for example_sla_dag to 2025-11-28 07:06:00+00:00, run_after=2025-11-28 07:08:00+00:00
[2025-11-28T07:08:12.102+0000] {processor.py:183} INFO - Processing /home/airflow/.local/lib/python3.8/site-packages/airflow/example_dags/example_sla_dag.py took 0.144 seconds
[2025-11-28T07:08:42.776+0000] {processor.py:161} INFO - Started process (PID=1848) to work on /home/airflow/.local/lib/python3.8/site-packages/airflow/example_dags/example_sla_dag.py
[2025-11-28T07:08:42.778+0000] {processor.py:830} INFO - Processing file /home/airflow/.local/lib/python3.8/site-packages/airflow/example_dags/example_sla_dag.py for tasks to queue
[2025-11-28T07:08:42.781+0000] {logging_mixin.py:188} INFO - [2025-11-28T07:08:42.781+0000] {dagbag.py:538} INFO - Filling up the DagBag from /home/airflow/.local/lib/python3.8/site-packages/airflow/example_dags/example_sla_dag.py
[2025-11-28T07:08:42.793+0000] {processor.py:840} INFO - DAG(s) 'example_sla_dag' retrieved from /home/airflow/.local/lib/python3.8/site-packages/airflow/example_dags/example_sla_dag.py
[2025-11-28T07:08:42.822+0000] {logging_mixin.py:188} INFO - [2025-11-28T07:08:42.821+0000] {dag.py:3036} INFO - Sync 1 DAGs
[2025-11-28T07:08:43.073+0000] {logging_mixin.py:188} INFO - [2025-11-28T07:08:43.073+0000] {dag.py:3823} INFO - Setting next_dagrun for example_sla_dag to 2025-11-28 07:06:00+00:00, run_after=2025-11-28 07:08:00+00:00
[2025-11-28T07:08:43.096+0000] {processor.py:183} INFO - Processing /home/airflow/.local/lib/python3.8/site-packages/airflow/example_dags/example_sla_dag.py took 0.104 seconds
[2025-11-28T07:09:13.972+0000] {processor.py:161} INFO - Started process (PID=1903) to work on /home/airflow/.local/lib/python3.8/site-packages/airflow/example_dags/example_sla_dag.py
[2025-11-28T07:09:13.974+0000] {processor.py:830} INFO - Processing file /home/airflow/.local/lib/python3.8/site-packages/airflow/example_dags/example_sla_dag.py for tasks to queue
[2025-11-28T07:09:13.976+0000] {logging_mixin.py:188} INFO - [2025-11-28T07:09:13.976+0000] {dagbag.py:538} INFO - Filling up the DagBag from /home/airflow/.local/lib/python3.8/site-packages/airflow/example_dags/example_sla_dag.py
[2025-11-28T07:09:13.985+0000] {processor.py:840} INFO - DAG(s) 'example_sla_dag' retrieved from /home/airflow/.local/lib/python3.8/site-packages/airflow/example_dags/example_sla_dag.py
[2025-11-28T07:09:14.010+0000] {logging_mixin.py:188} INFO - [2025-11-28T07:09:14.010+0000] {dag.py:3036} INFO - Sync 1 DAGs
[2025-11-28T07:09:14.033+0000] {logging_mixin.py:188} INFO - [2025-11-28T07:09:14.032+0000] {dag.py:3823} INFO - Setting next_dagrun for example_sla_dag to 2025-11-28 07:06:00+00:00, run_after=2025-11-28 07:08:00+00:00
[2025-11-28T07:09:14.053+0000] {processor.py:183} INFO - Processing /home/airflow/.local/lib/python3.8/site-packages/airflow/example_dags/example_sla_dag.py took 0.084 seconds
[2025-11-28T07:09:44.235+0000] {processor.py:161} INFO - Started process (PID=1958) to work on /home/airflow/.local/lib/python3.8/site-packages/airflow/example_dags/example_sla_dag.py
[2025-11-28T07:09:44.236+0000] {processor.py:830} INFO - Processing file /home/airflow/.local/lib/python3.8/site-packages/airflow/example_dags/example_sla_dag.py for tasks to queue
[2025-11-28T07:09:44.238+0000] {logging_mixin.py:188} INFO - [2025-11-28T07:09:44.238+0000] {dagbag.py:538} INFO - Filling up the DagBag from /home/airflow/.local/lib/python3.8/site-packages/airflow/example_dags/example_sla_dag.py
[2025-11-28T07:09:44.244+0000] {processor.py:840} INFO - DAG(s) 'example_sla_dag' retrieved from /home/airflow/.local/lib/python3.8/site-packages/airflow/example_dags/example_sla_dag.py
[2025-11-28T07:09:44.264+0000] {logging_mixin.py:188} INFO - [2025-11-28T07:09:44.264+0000] {dag.py:3036} INFO - Sync 1 DAGs
[2025-11-28T07:09:44.282+0000] {logging_mixin.py:188} INFO - [2025-11-28T07:09:44.281+0000] {dag.py:3823} INFO - Setting next_dagrun for example_sla_dag to 2025-11-28 07:06:00+00:00, run_after=2025-11-28 07:08:00+00:00
[2025-11-28T07:09:44.299+0000] {processor.py:183} INFO - Processing /home/airflow/.local/lib/python3.8/site-packages/airflow/example_dags/example_sla_dag.py took 0.068 seconds
[2025-11-28T07:10:14.872+0000] {processor.py:161} INFO - Started process (PID=2013) to work on /home/airflow/.local/lib/python3.8/site-packages/airflow/example_dags/example_sla_dag.py
[2025-11-28T07:10:14.874+0000] {processor.py:830} INFO - Processing file /home/airflow/.local/lib/python3.8/site-packages/airflow/example_dags/example_sla_dag.py for tasks to queue
[2025-11-28T07:10:14.876+0000] {logging_mixin.py:188} INFO - [2025-11-28T07:10:14.875+0000] {dagbag.py:538} INFO - Filling up the DagBag from /home/airflow/.local/lib/python3.8/site-packages/airflow/example_dags/example_sla_dag.py
[2025-11-28T07:10:14.889+0000] {processor.py:840} INFO - DAG(s) 'example_sla_dag' retrieved from /home/airflow/.local/lib/python3.8/site-packages/airflow/example_dags/example_sla_dag.py
[2025-11-28T07:10:14.916+0000] {logging_mixin.py:188} INFO - [2025-11-28T07:10:14.916+0000] {dag.py:3036} INFO - Sync 1 DAGs
[2025-11-28T07:10:14.942+0000] {logging_mixin.py:188} INFO - [2025-11-28T07:10:14.942+0000] {dag.py:3823} INFO - Setting next_dagrun for example_sla_dag to 2025-11-28 07:08:00+00:00, run_after=2025-11-28 07:10:00+00:00
[2025-11-28T07:10:14.970+0000] {processor.py:183} INFO - Processing /home/airflow/.local/lib/python3.8/site-packages/airflow/example_dags/example_sla_dag.py took 0.102 seconds
[2025-11-28T07:10:45.207+0000] {processor.py:161} INFO - Started process (PID=2068) to work on /home/airflow/.local/lib/python3.8/site-packages/airflow/example_dags/example_sla_dag.py
[2025-11-28T07:10:45.210+0000] {processor.py:830} INFO - Processing file /home/airflow/.local/lib/python3.8/site-packages/airflow/example_dags/example_sla_dag.py for tasks to queue
[2025-11-28T07:10:45.213+0000] {logging_mixin.py:188} INFO - [2025-11-28T07:10:45.213+0000] {dagbag.py:538} INFO - Filling up the DagBag from /home/airflow/.local/lib/python3.8/site-packages/airflow/example_dags/example_sla_dag.py
[2025-11-28T07:10:45.221+0000] {processor.py:840} INFO - DAG(s) 'example_sla_dag' retrieved from /home/airflow/.local/lib/python3.8/site-packages/airflow/example_dags/example_sla_dag.py
[2025-11-28T07:10:45.243+0000] {logging_mixin.py:188} INFO - [2025-11-28T07:10:45.243+0000] {dag.py:3036} INFO - Sync 1 DAGs
[2025-11-28T07:10:45.274+0000] {logging_mixin.py:188} INFO - [2025-11-28T07:10:45.273+0000] {dag.py:3823} INFO - Setting next_dagrun for example_sla_dag to 2025-11-28 07:08:00+00:00, run_after=2025-11-28 07:10:00+00:00
[2025-11-28T07:10:45.304+0000] {processor.py:183} INFO - Processing /home/airflow/.local/lib/python3.8/site-packages/airflow/example_dags/example_sla_dag.py took 0.103 seconds
[2025-11-28T07:11:15.488+0000] {processor.py:161} INFO - Started process (PID=2123) to work on /home/airflow/.local/lib/python3.8/site-packages/airflow/example_dags/example_sla_dag.py
[2025-11-28T07:11:15.490+0000] {processor.py:830} INFO - Processing file /home/airflow/.local/lib/python3.8/site-packages/airflow/example_dags/example_sla_dag.py for tasks to queue
[2025-11-28T07:11:15.493+0000] {logging_mixin.py:188} INFO - [2025-11-28T07:11:15.492+0000] {dagbag.py:538} INFO - Filling up the DagBag from /home/airflow/.local/lib/python3.8/site-packages/airflow/example_dags/example_sla_dag.py
[2025-11-28T07:11:15.502+0000] {processor.py:840} INFO - DAG(s) 'example_sla_dag' retrieved from /home/airflow/.local/lib/python3.8/site-packages/airflow/example_dags/example_sla_dag.py
[2025-11-28T07:11:15.528+0000] {logging_mixin.py:188} INFO - [2025-11-28T07:11:15.528+0000] {dag.py:3036} INFO - Sync 1 DAGs
[2025-11-28T07:11:15.552+0000] {logging_mixin.py:188} INFO - [2025-11-28T07:11:15.552+0000] {dag.py:3823} INFO - Setting next_dagrun for example_sla_dag to 2025-11-28 07:08:00+00:00, run_after=2025-11-28 07:10:00+00:00
[2025-11-28T07:11:15.573+0000] {processor.py:183} INFO - Processing /home/airflow/.local/lib/python3.8/site-packages/airflow/example_dags/example_sla_dag.py took 0.088 seconds
[2025-11-28T07:11:45.774+0000] {processor.py:161} INFO - Started process (PID=2178) to work on /home/airflow/.local/lib/python3.8/site-packages/airflow/example_dags/example_sla_dag.py
[2025-11-28T07:11:45.777+0000] {processor.py:830} INFO - Processing file /home/airflow/.local/lib/python3.8/site-packages/airflow/example_dags/example_sla_dag.py for tasks to queue
[2025-11-28T07:11:45.778+0000] {logging_mixin.py:188} INFO - [2025-11-28T07:11:45.778+0000] {dagbag.py:538} INFO - Filling up the DagBag from /home/airflow/.local/lib/python3.8/site-packages/airflow/example_dags/example_sla_dag.py
[2025-11-28T07:11:45.785+0000] {processor.py:840} INFO - DAG(s) 'example_sla_dag' retrieved from /home/airflow/.local/lib/python3.8/site-packages/airflow/example_dags/example_sla_dag.py
[2025-11-28T07:11:45.800+0000] {logging_mixin.py:188} INFO - [2025-11-28T07:11:45.800+0000] {dag.py:3036} INFO - Sync 1 DAGs
[2025-11-28T07:11:45.817+0000] {logging_mixin.py:188} INFO - [2025-11-28T07:11:45.817+0000] {dag.py:3823} INFO - Setting next_dagrun for example_sla_dag to 2025-11-28 07:08:00+00:00, run_after=2025-11-28 07:10:00+00:00
[2025-11-28T07:11:45.832+0000] {processor.py:183} INFO - Processing /home/airflow/.local/lib/python3.8/site-packages/airflow/example_dags/example_sla_dag.py took 0.060 seconds
[2025-11-28T07:12:16.091+0000] {processor.py:161} INFO - Started process (PID=2233) to work on /home/airflow/.local/lib/python3.8/site-packages/airflow/example_dags/example_sla_dag.py
[2025-11-28T07:12:16.093+0000] {processor.py:830} INFO - Processing file /home/airflow/.local/lib/python3.8/site-packages/airflow/example_dags/example_sla_dag.py for tasks to queue
[2025-11-28T07:12:16.099+0000] {logging_mixin.py:188} INFO - [2025-11-28T07:12:16.098+0000] {dagbag.py:538} INFO - Filling up the DagBag from /home/airflow/.local/lib/python3.8/site-packages/airflow/example_dags/example_sla_dag.py
[2025-11-28T07:12:16.117+0000] {processor.py:840} INFO - DAG(s) 'example_sla_dag' retrieved from /home/airflow/.local/lib/python3.8/site-packages/airflow/example_dags/example_sla_dag.py
[2025-11-28T07:12:16.140+0000] {logging_mixin.py:188} INFO - [2025-11-28T07:12:16.140+0000] {dag.py:3036} INFO - Sync 1 DAGs
[2025-11-28T07:12:16.158+0000] {logging_mixin.py:188} INFO - [2025-11-28T07:12:16.158+0000] {dag.py:3823} INFO - Setting next_dagrun for example_sla_dag to 2025-11-28 07:10:00+00:00, run_after=2025-11-28 07:12:00+00:00
[2025-11-28T07:12:16.173+0000] {processor.py:183} INFO - Processing /home/airflow/.local/lib/python3.8/site-packages/airflow/example_dags/example_sla_dag.py took 0.087 seconds
[2025-11-28T07:12:46.748+0000] {processor.py:161} INFO - Started process (PID=2288) to work on /home/airflow/.local/lib/python3.8/site-packages/airflow/example_dags/example_sla_dag.py
[2025-11-28T07:12:46.751+0000] {processor.py:830} INFO - Processing file /home/airflow/.local/lib/python3.8/site-packages/airflow/example_dags/example_sla_dag.py for tasks to queue
[2025-11-28T07:12:46.757+0000] {logging_mixin.py:188} INFO - [2025-11-28T07:12:46.757+0000] {dagbag.py:538} INFO - Filling up the DagBag from /home/airflow/.local/lib/python3.8/site-packages/airflow/example_dags/example_sla_dag.py
[2025-11-28T07:12:46.770+0000] {processor.py:840} INFO - DAG(s) 'example_sla_dag' retrieved from /home/airflow/.local/lib/python3.8/site-packages/airflow/example_dags/example_sla_dag.py
[2025-11-28T07:12:46.804+0000] {logging_mixin.py:188} INFO - [2025-11-28T07:12:46.804+0000] {dag.py:3036} INFO - Sync 1 DAGs
[2025-11-28T07:12:46.827+0000] {logging_mixin.py:188} INFO - [2025-11-28T07:12:46.827+0000] {dag.py:3823} INFO - Setting next_dagrun for example_sla_dag to 2025-11-28 07:10:00+00:00, run_after=2025-11-28 07:12:00+00:00
[2025-11-28T07:12:46.845+0000] {processor.py:183} INFO - Processing /home/airflow/.local/lib/python3.8/site-packages/airflow/example_dags/example_sla_dag.py took 0.104 seconds
[2025-11-28T07:13:17.836+0000] {processor.py:161} INFO - Started process (PID=2343) to work on /home/airflow/.local/lib/python3.8/site-packages/airflow/example_dags/example_sla_dag.py
[2025-11-28T07:13:17.838+0000] {processor.py:830} INFO - Processing file /home/airflow/.local/lib/python3.8/site-packages/airflow/example_dags/example_sla_dag.py for tasks to queue
[2025-11-28T07:13:17.840+0000] {logging_mixin.py:188} INFO - [2025-11-28T07:13:17.840+0000] {dagbag.py:538} INFO - Filling up the DagBag from /home/airflow/.local/lib/python3.8/site-packages/airflow/example_dags/example_sla_dag.py
[2025-11-28T07:13:17.851+0000] {processor.py:840} INFO - DAG(s) 'example_sla_dag' retrieved from /home/airflow/.local/lib/python3.8/site-packages/airflow/example_dags/example_sla_dag.py
[2025-11-28T07:13:17.870+0000] {logging_mixin.py:188} INFO - [2025-11-28T07:13:17.870+0000] {dag.py:3036} INFO - Sync 1 DAGs
[2025-11-28T07:13:17.890+0000] {logging_mixin.py:188} INFO - [2025-11-28T07:13:17.890+0000] {dag.py:3823} INFO - Setting next_dagrun for example_sla_dag to 2025-11-28 07:10:00+00:00, run_after=2025-11-28 07:12:00+00:00
[2025-11-28T07:13:17.915+0000] {processor.py:183} INFO - Processing /home/airflow/.local/lib/python3.8/site-packages/airflow/example_dags/example_sla_dag.py took 0.082 seconds
[2025-11-28T07:13:48.359+0000] {processor.py:161} INFO - Started process (PID=2398) to work on /home/airflow/.local/lib/python3.8/site-packages/airflow/example_dags/example_sla_dag.py
[2025-11-28T07:13:48.361+0000] {processor.py:830} INFO - Processing file /home/airflow/.local/lib/python3.8/site-packages/airflow/example_dags/example_sla_dag.py for tasks to queue
[2025-11-28T07:13:48.366+0000] {logging_mixin.py:188} INFO - [2025-11-28T07:13:48.365+0000] {dagbag.py:538} INFO - Filling up the DagBag from /home/airflow/.local/lib/python3.8/site-packages/airflow/example_dags/example_sla_dag.py
[2025-11-28T07:13:48.376+0000] {processor.py:840} INFO - DAG(s) 'example_sla_dag' retrieved from /home/airflow/.local/lib/python3.8/site-packages/airflow/example_dags/example_sla_dag.py
[2025-11-28T07:13:48.392+0000] {logging_mixin.py:188} INFO - [2025-11-28T07:13:48.392+0000] {dag.py:3036} INFO - Sync 1 DAGs
[2025-11-28T07:13:48.412+0000] {logging_mixin.py:188} INFO - [2025-11-28T07:13:48.412+0000] {dag.py:3823} INFO - Setting next_dagrun for example_sla_dag to 2025-11-28 07:10:00+00:00, run_after=2025-11-28 07:12:00+00:00
[2025-11-28T07:13:48.434+0000] {processor.py:183} INFO - Processing /home/airflow/.local/lib/python3.8/site-packages/airflow/example_dags/example_sla_dag.py took 0.079 seconds
[2025-11-28T07:14:18.830+0000] {processor.py:161} INFO - Started process (PID=2454) to work on /home/airflow/.local/lib/python3.8/site-packages/airflow/example_dags/example_sla_dag.py
[2025-11-28T07:14:18.832+0000] {processor.py:830} INFO - Processing file /home/airflow/.local/lib/python3.8/site-packages/airflow/example_dags/example_sla_dag.py for tasks to queue
[2025-11-28T07:14:18.834+0000] {logging_mixin.py:188} INFO - [2025-11-28T07:14:18.834+0000] {dagbag.py:538} INFO - Filling up the DagBag from /home/airflow/.local/lib/python3.8/site-packages/airflow/example_dags/example_sla_dag.py
[2025-11-28T07:14:18.842+0000] {processor.py:840} INFO - DAG(s) 'example_sla_dag' retrieved from /home/airflow/.local/lib/python3.8/site-packages/airflow/example_dags/example_sla_dag.py
[2025-11-28T07:14:18.863+0000] {logging_mixin.py:188} INFO - [2025-11-28T07:14:18.863+0000] {dag.py:3036} INFO - Sync 1 DAGs
[2025-11-28T07:14:18.896+0000] {logging_mixin.py:188} INFO - [2025-11-28T07:14:18.895+0000] {dag.py:3823} INFO - Setting next_dagrun for example_sla_dag to 2025-11-28 07:12:00+00:00, run_after=2025-11-28 07:14:00+00:00
[2025-11-28T07:14:18.917+0000] {processor.py:183} INFO - Processing /home/airflow/.local/lib/python3.8/site-packages/airflow/example_dags/example_sla_dag.py took 0.090 seconds
[2025-11-28T07:14:49.077+0000] {processor.py:161} INFO - Started process (PID=2509) to work on /home/airflow/.local/lib/python3.8/site-packages/airflow/example_dags/example_sla_dag.py
[2025-11-28T07:14:49.079+0000] {processor.py:830} INFO - Processing file /home/airflow/.local/lib/python3.8/site-packages/airflow/example_dags/example_sla_dag.py for tasks to queue
[2025-11-28T07:14:49.082+0000] {logging_mixin.py:188} INFO - [2025-11-28T07:14:49.081+0000] {dagbag.py:538} INFO - Filling up the DagBag from /home/airflow/.local/lib/python3.8/site-packages/airflow/example_dags/example_sla_dag.py
[2025-11-28T07:14:49.099+0000] {processor.py:840} INFO - DAG(s) 'example_sla_dag' retrieved from /home/airflow/.local/lib/python3.8/site-packages/airflow/example_dags/example_sla_dag.py
[2025-11-28T07:14:49.126+0000] {logging_mixin.py:188} INFO - [2025-11-28T07:14:49.126+0000] {dag.py:3036} INFO - Sync 1 DAGs
[2025-11-28T07:14:49.146+0000] {logging_mixin.py:188} INFO - [2025-11-28T07:14:49.146+0000] {dag.py:3823} INFO - Setting next_dagrun for example_sla_dag to 2025-11-28 07:12:00+00:00, run_after=2025-11-28 07:14:00+00:00
[2025-11-28T07:14:49.161+0000] {processor.py:183} INFO - Processing /home/airflow/.local/lib/python3.8/site-packages/airflow/example_dags/example_sla_dag.py took 0.087 seconds
[2025-11-28T07:15:19.389+0000] {processor.py:161} INFO - Started process (PID=2564) to work on /home/airflow/.local/lib/python3.8/site-packages/airflow/example_dags/example_sla_dag.py
[2025-11-28T07:15:19.391+0000] {processor.py:830} INFO - Processing file /home/airflow/.local/lib/python3.8/site-packages/airflow/example_dags/example_sla_dag.py for tasks to queue
[2025-11-28T07:15:19.393+0000] {logging_mixin.py:188} INFO - [2025-11-28T07:15:19.393+0000] {dagbag.py:538} INFO - Filling up the DagBag from /home/airflow/.local/lib/python3.8/site-packages/airflow/example_dags/example_sla_dag.py
[2025-11-28T07:15:19.404+0000] {processor.py:840} INFO - DAG(s) 'example_sla_dag' retrieved from /home/airflow/.local/lib/python3.8/site-packages/airflow/example_dags/example_sla_dag.py
[2025-11-28T07:15:19.428+0000] {logging_mixin.py:188} INFO - [2025-11-28T07:15:19.427+0000] {dag.py:3036} INFO - Sync 1 DAGs
[2025-11-28T07:15:19.586+0000] {logging_mixin.py:188} INFO - [2025-11-28T07:15:19.585+0000] {dag.py:3823} INFO - Setting next_dagrun for example_sla_dag to 2025-11-28 07:12:00+00:00, run_after=2025-11-28 07:14:00+00:00
[2025-11-28T07:15:19.618+0000] {processor.py:183} INFO - Processing /home/airflow/.local/lib/python3.8/site-packages/airflow/example_dags/example_sla_dag.py took 0.231 seconds
[2025-11-28T07:15:50.186+0000] {processor.py:161} INFO - Started process (PID=2619) to work on /home/airflow/.local/lib/python3.8/site-packages/airflow/example_dags/example_sla_dag.py
[2025-11-28T07:15:50.190+0000] {processor.py:830} INFO - Processing file /home/airflow/.local/lib/python3.8/site-packages/airflow/example_dags/example_sla_dag.py for tasks to queue
[2025-11-28T07:15:50.195+0000] {logging_mixin.py:188} INFO - [2025-11-28T07:15:50.194+0000] {dagbag.py:538} INFO - Filling up the DagBag from /home/airflow/.local/lib/python3.8/site-packages/airflow/example_dags/example_sla_dag.py
[2025-11-28T07:15:50.209+0000] {processor.py:840} INFO - DAG(s) 'example_sla_dag' retrieved from /home/airflow/.local/lib/python3.8/site-packages/airflow/example_dags/example_sla_dag.py
[2025-11-28T07:15:50.231+0000] {logging_mixin.py:188} INFO - [2025-11-28T07:15:50.231+0000] {dag.py:3036} INFO - Sync 1 DAGs
[2025-11-28T07:15:50.394+0000] {logging_mixin.py:188} INFO - [2025-11-28T07:15:50.394+0000] {dag.py:3823} INFO - Setting next_dagrun for example_sla_dag to 2025-11-28 07:12:00+00:00, run_after=2025-11-28 07:14:00+00:00
[2025-11-28T07:15:50.413+0000] {processor.py:183} INFO - Processing /home/airflow/.local/lib/python3.8/site-packages/airflow/example_dags/example_sla_dag.py took 0.230 seconds
[2025-11-28T07:16:20.740+0000] {processor.py:161} INFO - Started process (PID=2674) to work on /home/airflow/.local/lib/python3.8/site-packages/airflow/example_dags/example_sla_dag.py
[2025-11-28T07:16:20.743+0000] {processor.py:830} INFO - Processing file /home/airflow/.local/lib/python3.8/site-packages/airflow/example_dags/example_sla_dag.py for tasks to queue
[2025-11-28T07:16:20.746+0000] {logging_mixin.py:188} INFO - [2025-11-28T07:16:20.746+0000] {dagbag.py:538} INFO - Filling up the DagBag from /home/airflow/.local/lib/python3.8/site-packages/airflow/example_dags/example_sla_dag.py
[2025-11-28T07:16:20.755+0000] {processor.py:840} INFO - DAG(s) 'example_sla_dag' retrieved from /home/airflow/.local/lib/python3.8/site-packages/airflow/example_dags/example_sla_dag.py
[2025-11-28T07:16:20.777+0000] {logging_mixin.py:188} INFO - [2025-11-28T07:16:20.776+0000] {dag.py:3036} INFO - Sync 1 DAGs
[2025-11-28T07:16:20.937+0000] {logging_mixin.py:188} INFO - [2025-11-28T07:16:20.936+0000] {dag.py:3823} INFO - Setting next_dagrun for example_sla_dag to 2025-11-28 07:14:00+00:00, run_after=2025-11-28 07:16:00+00:00
[2025-11-28T07:16:20.950+0000] {processor.py:183} INFO - Processing /home/airflow/.local/lib/python3.8/site-packages/airflow/example_dags/example_sla_dag.py took 0.214 seconds
[2025-11-28T07:16:51.519+0000] {processor.py:161} INFO - Started process (PID=2729) to work on /home/airflow/.local/lib/python3.8/site-packages/airflow/example_dags/example_sla_dag.py
[2025-11-28T07:16:51.521+0000] {processor.py:830} INFO - Processing file /home/airflow/.local/lib/python3.8/site-packages/airflow/example_dags/example_sla_dag.py for tasks to queue
[2025-11-28T07:16:51.523+0000] {logging_mixin.py:188} INFO - [2025-11-28T07:16:51.523+0000] {dagbag.py:538} INFO - Filling up the DagBag from /home/airflow/.local/lib/python3.8/site-packages/airflow/example_dags/example_sla_dag.py
[2025-11-28T07:16:51.532+0000] {processor.py:840} INFO - DAG(s) 'example_sla_dag' retrieved from /home/airflow/.local/lib/python3.8/site-packages/airflow/example_dags/example_sla_dag.py
[2025-11-28T07:16:51.548+0000] {logging_mixin.py:188} INFO - [2025-11-28T07:16:51.548+0000] {dag.py:3036} INFO - Sync 1 DAGs
[2025-11-28T07:16:51.569+0000] {logging_mixin.py:188} INFO - [2025-11-28T07:16:51.568+0000] {dag.py:3823} INFO - Setting next_dagrun for example_sla_dag to 2025-11-28 07:14:00+00:00, run_after=2025-11-28 07:16:00+00:00
[2025-11-28T07:16:51.585+0000] {processor.py:183} INFO - Processing /home/airflow/.local/lib/python3.8/site-packages/airflow/example_dags/example_sla_dag.py took 0.070 seconds
[2025-11-28T07:17:21.648+0000] {processor.py:161} INFO - Started process (PID=2784) to work on /home/airflow/.local/lib/python3.8/site-packages/airflow/example_dags/example_sla_dag.py
[2025-11-28T07:17:21.650+0000] {processor.py:830} INFO - Processing file /home/airflow/.local/lib/python3.8/site-packages/airflow/example_dags/example_sla_dag.py for tasks to queue
[2025-11-28T07:17:21.652+0000] {logging_mixin.py:188} INFO - [2025-11-28T07:17:21.652+0000] {dagbag.py:538} INFO - Filling up the DagBag from /home/airflow/.local/lib/python3.8/site-packages/airflow/example_dags/example_sla_dag.py
[2025-11-28T07:17:21.659+0000] {processor.py:840} INFO - DAG(s) 'example_sla_dag' retrieved from /home/airflow/.local/lib/python3.8/site-packages/airflow/example_dags/example_sla_dag.py
[2025-11-28T07:17:21.674+0000] {logging_mixin.py:188} INFO - [2025-11-28T07:17:21.674+0000] {dag.py:3036} INFO - Sync 1 DAGs
[2025-11-28T07:17:21.696+0000] {logging_mixin.py:188} INFO - [2025-11-28T07:17:21.696+0000] {dag.py:3823} INFO - Setting next_dagrun for example_sla_dag to 2025-11-28 07:14:00+00:00, run_after=2025-11-28 07:16:00+00:00
[2025-11-28T07:17:21.712+0000] {processor.py:183} INFO - Processing /home/airflow/.local/lib/python3.8/site-packages/airflow/example_dags/example_sla_dag.py took 0.066 seconds
[2025-11-28T07:17:51.802+0000] {processor.py:161} INFO - Started process (PID=2839) to work on /home/airflow/.local/lib/python3.8/site-packages/airflow/example_dags/example_sla_dag.py
[2025-11-28T07:17:51.804+0000] {processor.py:830} INFO - Processing file /home/airflow/.local/lib/python3.8/site-packages/airflow/example_dags/example_sla_dag.py for tasks to queue
[2025-11-28T07:17:51.806+0000] {logging_mixin.py:188} INFO - [2025-11-28T07:17:51.805+0000] {dagbag.py:538} INFO - Filling up the DagBag from /home/airflow/.local/lib/python3.8/site-packages/airflow/example_dags/example_sla_dag.py
[2025-11-28T07:17:51.815+0000] {processor.py:840} INFO - DAG(s) 'example_sla_dag' retrieved from /home/airflow/.local/lib/python3.8/site-packages/airflow/example_dags/example_sla_dag.py
[2025-11-28T07:17:51.834+0000] {logging_mixin.py:188} INFO - [2025-11-28T07:17:51.834+0000] {dag.py:3036} INFO - Sync 1 DAGs
[2025-11-28T07:17:51.861+0000] {logging_mixin.py:188} INFO - [2025-11-28T07:17:51.861+0000] {dag.py:3823} INFO - Setting next_dagrun for example_sla_dag to 2025-11-28 07:14:00+00:00, run_after=2025-11-28 07:16:00+00:00
[2025-11-28T07:17:51.882+0000] {processor.py:183} INFO - Processing /home/airflow/.local/lib/python3.8/site-packages/airflow/example_dags/example_sla_dag.py took 0.084 seconds
[2025-11-28T07:18:22.583+0000] {processor.py:161} INFO - Started process (PID=2894) to work on /home/airflow/.local/lib/python3.8/site-packages/airflow/example_dags/example_sla_dag.py
[2025-11-28T07:18:22.584+0000] {processor.py:830} INFO - Processing file /home/airflow/.local/lib/python3.8/site-packages/airflow/example_dags/example_sla_dag.py for tasks to queue
[2025-11-28T07:18:22.587+0000] {logging_mixin.py:188} INFO - [2025-11-28T07:18:22.586+0000] {dagbag.py:538} INFO - Filling up the DagBag from /home/airflow/.local/lib/python3.8/site-packages/airflow/example_dags/example_sla_dag.py
[2025-11-28T07:18:22.594+0000] {processor.py:840} INFO - DAG(s) 'example_sla_dag' retrieved from /home/airflow/.local/lib/python3.8/site-packages/airflow/example_dags/example_sla_dag.py
[2025-11-28T07:18:22.612+0000] {logging_mixin.py:188} INFO - [2025-11-28T07:18:22.612+0000] {dag.py:3036} INFO - Sync 1 DAGs
[2025-11-28T07:18:22.633+0000] {logging_mixin.py:188} INFO - [2025-11-28T07:18:22.633+0000] {dag.py:3823} INFO - Setting next_dagrun for example_sla_dag to 2025-11-28 07:16:00+00:00, run_after=2025-11-28 07:18:00+00:00
[2025-11-28T07:18:22.657+0000] {processor.py:183} INFO - Processing /home/airflow/.local/lib/python3.8/site-packages/airflow/example_dags/example_sla_dag.py took 0.076 seconds
[2025-11-28T07:18:53.050+0000] {processor.py:161} INFO - Started process (PID=2949) to work on /home/airflow/.local/lib/python3.8/site-packages/airflow/example_dags/example_sla_dag.py
[2025-11-28T07:18:53.053+0000] {processor.py:830} INFO - Processing file /home/airflow/.local/lib/python3.8/site-packages/airflow/example_dags/example_sla_dag.py for tasks to queue
[2025-11-28T07:18:53.058+0000] {logging_mixin.py:188} INFO - [2025-11-28T07:18:53.057+0000] {dagbag.py:538} INFO - Filling up the DagBag from /home/airflow/.local/lib/python3.8/site-packages/airflow/example_dags/example_sla_dag.py
[2025-11-28T07:18:53.075+0000] {processor.py:840} INFO - DAG(s) 'example_sla_dag' retrieved from /home/airflow/.local/lib/python3.8/site-packages/airflow/example_dags/example_sla_dag.py
[2025-11-28T07:18:53.107+0000] {logging_mixin.py:188} INFO - [2025-11-28T07:18:53.107+0000] {dag.py:3036} INFO - Sync 1 DAGs
[2025-11-28T07:18:53.149+0000] {logging_mixin.py:188} INFO - [2025-11-28T07:18:53.149+0000] {dag.py:3823} INFO - Setting next_dagrun for example_sla_dag to 2025-11-28 07:16:00+00:00, run_after=2025-11-28 07:18:00+00:00
[2025-11-28T07:18:53.176+0000] {processor.py:183} INFO - Processing /home/airflow/.local/lib/python3.8/site-packages/airflow/example_dags/example_sla_dag.py took 0.132 seconds
[2025-11-28T07:19:23.441+0000] {processor.py:161} INFO - Started process (PID=3003) to work on /home/airflow/.local/lib/python3.8/site-packages/airflow/example_dags/example_sla_dag.py
[2025-11-28T07:19:23.443+0000] {processor.py:830} INFO - Processing file /home/airflow/.local/lib/python3.8/site-packages/airflow/example_dags/example_sla_dag.py for tasks to queue
[2025-11-28T07:19:23.445+0000] {logging_mixin.py:188} INFO - [2025-11-28T07:19:23.445+0000] {dagbag.py:538} INFO - Filling up the DagBag from /home/airflow/.local/lib/python3.8/site-packages/airflow/example_dags/example_sla_dag.py
[2025-11-28T07:19:23.462+0000] {processor.py:840} INFO - DAG(s) 'example_sla_dag' retrieved from /home/airflow/.local/lib/python3.8/site-packages/airflow/example_dags/example_sla_dag.py
[2025-11-28T07:19:23.485+0000] {logging_mixin.py:188} INFO - [2025-11-28T07:19:23.485+0000] {dag.py:3036} INFO - Sync 1 DAGs
[2025-11-28T07:19:23.507+0000] {logging_mixin.py:188} INFO - [2025-11-28T07:19:23.506+0000] {dag.py:3823} INFO - Setting next_dagrun for example_sla_dag to 2025-11-28 07:16:00+00:00, run_after=2025-11-28 07:18:00+00:00
[2025-11-28T07:19:23.527+0000] {processor.py:183} INFO - Processing /home/airflow/.local/lib/python3.8/site-packages/airflow/example_dags/example_sla_dag.py took 0.096 seconds
