[2025-11-28T06:52:25.070+0000] {processor.py:161} INFO - Started process (PID=76) to work on /home/airflow/.local/lib/python3.8/site-packages/airflow/example_dags/example_latest_only_with_trigger.py
[2025-11-28T06:52:25.073+0000] {processor.py:830} INFO - Processing file /home/airflow/.local/lib/python3.8/site-packages/airflow/example_dags/example_latest_only_with_trigger.py for tasks to queue
[2025-11-28T06:52:25.077+0000] {logging_mixin.py:188} INFO - [2025-11-28T06:52:25.076+0000] {dagbag.py:538} INFO - Filling up the DagBag from /home/airflow/.local/lib/python3.8/site-packages/airflow/example_dags/example_latest_only_with_trigger.py
[2025-11-28T06:52:25.090+0000] {processor.py:840} INFO - DAG(s) 'latest_only_with_trigger' retrieved from /home/airflow/.local/lib/python3.8/site-packages/airflow/example_dags/example_latest_only_with_trigger.py
[2025-11-28T06:52:25.254+0000] {logging_mixin.py:188} INFO - [2025-11-28T06:52:25.254+0000] {override.py:1769} INFO - Created Permission View: can edit on DAG:latest_only_with_trigger
[2025-11-28T06:52:25.270+0000] {logging_mixin.py:188} INFO - [2025-11-28T06:52:25.269+0000] {override.py:1769} INFO - Created Permission View: can delete on DAG:latest_only_with_trigger
[2025-11-28T06:52:25.282+0000] {logging_mixin.py:188} INFO - [2025-11-28T06:52:25.282+0000] {override.py:1769} INFO - Created Permission View: can read on DAG:latest_only_with_trigger
[2025-11-28T06:52:25.283+0000] {logging_mixin.py:188} INFO - [2025-11-28T06:52:25.283+0000] {dag.py:3036} INFO - Sync 1 DAGs
[2025-11-28T06:52:25.299+0000] {logging_mixin.py:188} INFO - [2025-11-28T06:52:25.299+0000] {dag.py:3058} INFO - Creating ORM DAG for latest_only_with_trigger
[2025-11-28T06:52:25.311+0000] {logging_mixin.py:188} INFO - [2025-11-28T06:52:25.311+0000] {dag.py:3823} INFO - Setting next_dagrun for latest_only_with_trigger to 2025-11-28 00:00:00+00:00, run_after=2025-11-28 04:00:00+00:00
[2025-11-28T06:52:25.333+0000] {processor.py:183} INFO - Processing /home/airflow/.local/lib/python3.8/site-packages/airflow/example_dags/example_latest_only_with_trigger.py took 0.268 seconds
[2025-11-28T06:52:55.501+0000] {processor.py:161} INFO - Started process (PID=131) to work on /home/airflow/.local/lib/python3.8/site-packages/airflow/example_dags/example_latest_only_with_trigger.py
[2025-11-28T06:52:55.503+0000] {processor.py:830} INFO - Processing file /home/airflow/.local/lib/python3.8/site-packages/airflow/example_dags/example_latest_only_with_trigger.py for tasks to queue
[2025-11-28T06:52:55.506+0000] {logging_mixin.py:188} INFO - [2025-11-28T06:52:55.506+0000] {dagbag.py:538} INFO - Filling up the DagBag from /home/airflow/.local/lib/python3.8/site-packages/airflow/example_dags/example_latest_only_with_trigger.py
[2025-11-28T06:52:55.516+0000] {processor.py:840} INFO - DAG(s) 'latest_only_with_trigger' retrieved from /home/airflow/.local/lib/python3.8/site-packages/airflow/example_dags/example_latest_only_with_trigger.py
[2025-11-28T06:52:55.547+0000] {logging_mixin.py:188} INFO - [2025-11-28T06:52:55.547+0000] {dag.py:3036} INFO - Sync 1 DAGs
[2025-11-28T06:52:55.570+0000] {logging_mixin.py:188} INFO - [2025-11-28T06:52:55.570+0000] {dag.py:3823} INFO - Setting next_dagrun for latest_only_with_trigger to 2025-11-28 00:00:00+00:00, run_after=2025-11-28 04:00:00+00:00
[2025-11-28T06:52:55.587+0000] {processor.py:183} INFO - Processing /home/airflow/.local/lib/python3.8/site-packages/airflow/example_dags/example_latest_only_with_trigger.py took 0.091 seconds
[2025-11-28T06:53:25.743+0000] {processor.py:161} INFO - Started process (PID=186) to work on /home/airflow/.local/lib/python3.8/site-packages/airflow/example_dags/example_latest_only_with_trigger.py
[2025-11-28T06:53:25.745+0000] {processor.py:830} INFO - Processing file /home/airflow/.local/lib/python3.8/site-packages/airflow/example_dags/example_latest_only_with_trigger.py for tasks to queue
[2025-11-28T06:53:25.748+0000] {logging_mixin.py:188} INFO - [2025-11-28T06:53:25.748+0000] {dagbag.py:538} INFO - Filling up the DagBag from /home/airflow/.local/lib/python3.8/site-packages/airflow/example_dags/example_latest_only_with_trigger.py
[2025-11-28T06:53:25.756+0000] {processor.py:840} INFO - DAG(s) 'latest_only_with_trigger' retrieved from /home/airflow/.local/lib/python3.8/site-packages/airflow/example_dags/example_latest_only_with_trigger.py
[2025-11-28T06:53:25.782+0000] {logging_mixin.py:188} INFO - [2025-11-28T06:53:25.782+0000] {dag.py:3036} INFO - Sync 1 DAGs
[2025-11-28T06:53:25.799+0000] {logging_mixin.py:188} INFO - [2025-11-28T06:53:25.799+0000] {dag.py:3823} INFO - Setting next_dagrun for latest_only_with_trigger to 2025-11-28 00:00:00+00:00, run_after=2025-11-28 04:00:00+00:00
[2025-11-28T06:53:25.819+0000] {processor.py:183} INFO - Processing /home/airflow/.local/lib/python3.8/site-packages/airflow/example_dags/example_latest_only_with_trigger.py took 0.081 seconds
[2025-11-28T06:53:55.996+0000] {processor.py:161} INFO - Started process (PID=241) to work on /home/airflow/.local/lib/python3.8/site-packages/airflow/example_dags/example_latest_only_with_trigger.py
[2025-11-28T06:53:55.998+0000] {processor.py:830} INFO - Processing file /home/airflow/.local/lib/python3.8/site-packages/airflow/example_dags/example_latest_only_with_trigger.py for tasks to queue
[2025-11-28T06:53:56.000+0000] {logging_mixin.py:188} INFO - [2025-11-28T06:53:56.000+0000] {dagbag.py:538} INFO - Filling up the DagBag from /home/airflow/.local/lib/python3.8/site-packages/airflow/example_dags/example_latest_only_with_trigger.py
[2025-11-28T06:53:56.006+0000] {processor.py:840} INFO - DAG(s) 'latest_only_with_trigger' retrieved from /home/airflow/.local/lib/python3.8/site-packages/airflow/example_dags/example_latest_only_with_trigger.py
[2025-11-28T06:53:56.024+0000] {logging_mixin.py:188} INFO - [2025-11-28T06:53:56.023+0000] {dag.py:3036} INFO - Sync 1 DAGs
[2025-11-28T06:53:56.042+0000] {logging_mixin.py:188} INFO - [2025-11-28T06:53:56.042+0000] {dag.py:3823} INFO - Setting next_dagrun for latest_only_with_trigger to 2025-11-28 00:00:00+00:00, run_after=2025-11-28 04:00:00+00:00
[2025-11-28T06:53:56.064+0000] {processor.py:183} INFO - Processing /home/airflow/.local/lib/python3.8/site-packages/airflow/example_dags/example_latest_only_with_trigger.py took 0.071 seconds
[2025-11-28T06:54:26.402+0000] {processor.py:161} INFO - Started process (PID=296) to work on /home/airflow/.local/lib/python3.8/site-packages/airflow/example_dags/example_latest_only_with_trigger.py
[2025-11-28T06:54:26.405+0000] {processor.py:830} INFO - Processing file /home/airflow/.local/lib/python3.8/site-packages/airflow/example_dags/example_latest_only_with_trigger.py for tasks to queue
[2025-11-28T06:54:26.410+0000] {logging_mixin.py:188} INFO - [2025-11-28T06:54:26.410+0000] {dagbag.py:538} INFO - Filling up the DagBag from /home/airflow/.local/lib/python3.8/site-packages/airflow/example_dags/example_latest_only_with_trigger.py
[2025-11-28T06:54:26.421+0000] {processor.py:840} INFO - DAG(s) 'latest_only_with_trigger' retrieved from /home/airflow/.local/lib/python3.8/site-packages/airflow/example_dags/example_latest_only_with_trigger.py
[2025-11-28T06:54:26.441+0000] {logging_mixin.py:188} INFO - [2025-11-28T06:54:26.440+0000] {dag.py:3036} INFO - Sync 1 DAGs
[2025-11-28T06:54:26.457+0000] {logging_mixin.py:188} INFO - [2025-11-28T06:54:26.457+0000] {dag.py:3823} INFO - Setting next_dagrun for latest_only_with_trigger to 2025-11-28 00:00:00+00:00, run_after=2025-11-28 04:00:00+00:00
[2025-11-28T06:54:26.472+0000] {processor.py:183} INFO - Processing /home/airflow/.local/lib/python3.8/site-packages/airflow/example_dags/example_latest_only_with_trigger.py took 0.078 seconds
[2025-11-28T06:54:57.043+0000] {processor.py:161} INFO - Started process (PID=357) to work on /home/airflow/.local/lib/python3.8/site-packages/airflow/example_dags/example_latest_only_with_trigger.py
[2025-11-28T06:54:57.045+0000] {processor.py:830} INFO - Processing file /home/airflow/.local/lib/python3.8/site-packages/airflow/example_dags/example_latest_only_with_trigger.py for tasks to queue
[2025-11-28T06:54:57.047+0000] {logging_mixin.py:188} INFO - [2025-11-28T06:54:57.047+0000] {dagbag.py:538} INFO - Filling up the DagBag from /home/airflow/.local/lib/python3.8/site-packages/airflow/example_dags/example_latest_only_with_trigger.py
[2025-11-28T06:54:57.053+0000] {processor.py:840} INFO - DAG(s) 'latest_only_with_trigger' retrieved from /home/airflow/.local/lib/python3.8/site-packages/airflow/example_dags/example_latest_only_with_trigger.py
[2025-11-28T06:54:57.064+0000] {logging_mixin.py:188} INFO - [2025-11-28T06:54:57.063+0000] {dag.py:3036} INFO - Sync 1 DAGs
[2025-11-28T06:54:57.083+0000] {logging_mixin.py:188} INFO - [2025-11-28T06:54:57.082+0000] {dag.py:3823} INFO - Setting next_dagrun for latest_only_with_trigger to 2025-11-28 00:00:00+00:00, run_after=2025-11-28 04:00:00+00:00
[2025-11-28T06:54:57.100+0000] {processor.py:183} INFO - Processing /home/airflow/.local/lib/python3.8/site-packages/airflow/example_dags/example_latest_only_with_trigger.py took 0.060 seconds
[2025-11-28T06:55:27.182+0000] {processor.py:161} INFO - Started process (PID=411) to work on /home/airflow/.local/lib/python3.8/site-packages/airflow/example_dags/example_latest_only_with_trigger.py
[2025-11-28T06:55:27.184+0000] {processor.py:830} INFO - Processing file /home/airflow/.local/lib/python3.8/site-packages/airflow/example_dags/example_latest_only_with_trigger.py for tasks to queue
[2025-11-28T06:55:27.186+0000] {logging_mixin.py:188} INFO - [2025-11-28T06:55:27.186+0000] {dagbag.py:538} INFO - Filling up the DagBag from /home/airflow/.local/lib/python3.8/site-packages/airflow/example_dags/example_latest_only_with_trigger.py
[2025-11-28T06:55:27.192+0000] {processor.py:840} INFO - DAG(s) 'latest_only_with_trigger' retrieved from /home/airflow/.local/lib/python3.8/site-packages/airflow/example_dags/example_latest_only_with_trigger.py
[2025-11-28T06:55:27.270+0000] {logging_mixin.py:188} INFO - [2025-11-28T06:55:27.270+0000] {dag.py:3036} INFO - Sync 1 DAGs
[2025-11-28T06:55:27.290+0000] {logging_mixin.py:188} INFO - [2025-11-28T06:55:27.290+0000] {dag.py:3823} INFO - Setting next_dagrun for latest_only_with_trigger to 2025-11-28 00:00:00+00:00, run_after=2025-11-28 04:00:00+00:00
[2025-11-28T06:55:27.307+0000] {processor.py:183} INFO - Processing /home/airflow/.local/lib/python3.8/site-packages/airflow/example_dags/example_latest_only_with_trigger.py took 0.128 seconds
[2025-11-28T06:55:57.397+0000] {processor.py:161} INFO - Started process (PID=466) to work on /home/airflow/.local/lib/python3.8/site-packages/airflow/example_dags/example_latest_only_with_trigger.py
[2025-11-28T06:55:57.398+0000] {processor.py:830} INFO - Processing file /home/airflow/.local/lib/python3.8/site-packages/airflow/example_dags/example_latest_only_with_trigger.py for tasks to queue
[2025-11-28T06:55:57.400+0000] {logging_mixin.py:188} INFO - [2025-11-28T06:55:57.400+0000] {dagbag.py:538} INFO - Filling up the DagBag from /home/airflow/.local/lib/python3.8/site-packages/airflow/example_dags/example_latest_only_with_trigger.py
[2025-11-28T06:55:57.406+0000] {processor.py:840} INFO - DAG(s) 'latest_only_with_trigger' retrieved from /home/airflow/.local/lib/python3.8/site-packages/airflow/example_dags/example_latest_only_with_trigger.py
[2025-11-28T06:55:57.424+0000] {logging_mixin.py:188} INFO - [2025-11-28T06:55:57.424+0000] {dag.py:3036} INFO - Sync 1 DAGs
[2025-11-28T06:55:57.443+0000] {logging_mixin.py:188} INFO - [2025-11-28T06:55:57.443+0000] {dag.py:3823} INFO - Setting next_dagrun for latest_only_with_trigger to 2025-11-28 00:00:00+00:00, run_after=2025-11-28 04:00:00+00:00
[2025-11-28T06:55:57.464+0000] {processor.py:183} INFO - Processing /home/airflow/.local/lib/python3.8/site-packages/airflow/example_dags/example_latest_only_with_trigger.py took 0.070 seconds
[2025-11-28T06:56:27.924+0000] {processor.py:161} INFO - Started process (PID=522) to work on /home/airflow/.local/lib/python3.8/site-packages/airflow/example_dags/example_latest_only_with_trigger.py
[2025-11-28T06:56:27.926+0000] {processor.py:830} INFO - Processing file /home/airflow/.local/lib/python3.8/site-packages/airflow/example_dags/example_latest_only_with_trigger.py for tasks to queue
[2025-11-28T06:56:27.928+0000] {logging_mixin.py:188} INFO - [2025-11-28T06:56:27.928+0000] {dagbag.py:538} INFO - Filling up the DagBag from /home/airflow/.local/lib/python3.8/site-packages/airflow/example_dags/example_latest_only_with_trigger.py
[2025-11-28T06:56:27.936+0000] {processor.py:840} INFO - DAG(s) 'latest_only_with_trigger' retrieved from /home/airflow/.local/lib/python3.8/site-packages/airflow/example_dags/example_latest_only_with_trigger.py
[2025-11-28T06:56:27.957+0000] {logging_mixin.py:188} INFO - [2025-11-28T06:56:27.956+0000] {dag.py:3036} INFO - Sync 1 DAGs
[2025-11-28T06:56:27.980+0000] {logging_mixin.py:188} INFO - [2025-11-28T06:56:27.978+0000] {dag.py:3823} INFO - Setting next_dagrun for latest_only_with_trigger to 2025-11-28 00:00:00+00:00, run_after=2025-11-28 04:00:00+00:00
[2025-11-28T06:56:28.005+0000] {processor.py:183} INFO - Processing /home/airflow/.local/lib/python3.8/site-packages/airflow/example_dags/example_latest_only_with_trigger.py took 0.084 seconds
[2025-11-28T06:56:58.411+0000] {processor.py:161} INFO - Started process (PID=577) to work on /home/airflow/.local/lib/python3.8/site-packages/airflow/example_dags/example_latest_only_with_trigger.py
[2025-11-28T06:56:58.412+0000] {processor.py:830} INFO - Processing file /home/airflow/.local/lib/python3.8/site-packages/airflow/example_dags/example_latest_only_with_trigger.py for tasks to queue
[2025-11-28T06:56:58.414+0000] {logging_mixin.py:188} INFO - [2025-11-28T06:56:58.414+0000] {dagbag.py:538} INFO - Filling up the DagBag from /home/airflow/.local/lib/python3.8/site-packages/airflow/example_dags/example_latest_only_with_trigger.py
[2025-11-28T06:56:58.422+0000] {processor.py:840} INFO - DAG(s) 'latest_only_with_trigger' retrieved from /home/airflow/.local/lib/python3.8/site-packages/airflow/example_dags/example_latest_only_with_trigger.py
[2025-11-28T06:56:58.444+0000] {logging_mixin.py:188} INFO - [2025-11-28T06:56:58.443+0000] {dag.py:3036} INFO - Sync 1 DAGs
[2025-11-28T06:56:58.465+0000] {logging_mixin.py:188} INFO - [2025-11-28T06:56:58.464+0000] {dag.py:3823} INFO - Setting next_dagrun for latest_only_with_trigger to 2025-11-28 00:00:00+00:00, run_after=2025-11-28 04:00:00+00:00
[2025-11-28T06:56:58.480+0000] {processor.py:183} INFO - Processing /home/airflow/.local/lib/python3.8/site-packages/airflow/example_dags/example_latest_only_with_trigger.py took 0.072 seconds
[2025-11-28T06:57:29.075+0000] {processor.py:161} INFO - Started process (PID=632) to work on /home/airflow/.local/lib/python3.8/site-packages/airflow/example_dags/example_latest_only_with_trigger.py
[2025-11-28T06:57:29.076+0000] {processor.py:830} INFO - Processing file /home/airflow/.local/lib/python3.8/site-packages/airflow/example_dags/example_latest_only_with_trigger.py for tasks to queue
[2025-11-28T06:57:29.078+0000] {logging_mixin.py:188} INFO - [2025-11-28T06:57:29.078+0000] {dagbag.py:538} INFO - Filling up the DagBag from /home/airflow/.local/lib/python3.8/site-packages/airflow/example_dags/example_latest_only_with_trigger.py
[2025-11-28T06:57:29.083+0000] {processor.py:840} INFO - DAG(s) 'latest_only_with_trigger' retrieved from /home/airflow/.local/lib/python3.8/site-packages/airflow/example_dags/example_latest_only_with_trigger.py
[2025-11-28T06:57:29.100+0000] {logging_mixin.py:188} INFO - [2025-11-28T06:57:29.100+0000] {dag.py:3036} INFO - Sync 1 DAGs
[2025-11-28T06:57:29.115+0000] {logging_mixin.py:188} INFO - [2025-11-28T06:57:29.115+0000] {dag.py:3823} INFO - Setting next_dagrun for latest_only_with_trigger to 2025-11-28 00:00:00+00:00, run_after=2025-11-28 04:00:00+00:00
[2025-11-28T06:57:29.130+0000] {processor.py:183} INFO - Processing /home/airflow/.local/lib/python3.8/site-packages/airflow/example_dags/example_latest_only_with_trigger.py took 0.059 seconds
[2025-11-28T06:57:59.653+0000] {processor.py:161} INFO - Started process (PID=687) to work on /home/airflow/.local/lib/python3.8/site-packages/airflow/example_dags/example_latest_only_with_trigger.py
[2025-11-28T06:57:59.655+0000] {processor.py:830} INFO - Processing file /home/airflow/.local/lib/python3.8/site-packages/airflow/example_dags/example_latest_only_with_trigger.py for tasks to queue
[2025-11-28T06:57:59.657+0000] {logging_mixin.py:188} INFO - [2025-11-28T06:57:59.657+0000] {dagbag.py:538} INFO - Filling up the DagBag from /home/airflow/.local/lib/python3.8/site-packages/airflow/example_dags/example_latest_only_with_trigger.py
[2025-11-28T06:57:59.662+0000] {processor.py:840} INFO - DAG(s) 'latest_only_with_trigger' retrieved from /home/airflow/.local/lib/python3.8/site-packages/airflow/example_dags/example_latest_only_with_trigger.py
[2025-11-28T06:57:59.685+0000] {logging_mixin.py:188} INFO - [2025-11-28T06:57:59.685+0000] {dag.py:3036} INFO - Sync 1 DAGs
[2025-11-28T06:57:59.705+0000] {logging_mixin.py:188} INFO - [2025-11-28T06:57:59.704+0000] {dag.py:3823} INFO - Setting next_dagrun for latest_only_with_trigger to 2025-11-28 00:00:00+00:00, run_after=2025-11-28 04:00:00+00:00
[2025-11-28T06:57:59.724+0000] {processor.py:183} INFO - Processing /home/airflow/.local/lib/python3.8/site-packages/airflow/example_dags/example_latest_only_with_trigger.py took 0.073 seconds
[2025-11-28T06:58:30.255+0000] {processor.py:161} INFO - Started process (PID=742) to work on /home/airflow/.local/lib/python3.8/site-packages/airflow/example_dags/example_latest_only_with_trigger.py
[2025-11-28T06:58:30.257+0000] {processor.py:830} INFO - Processing file /home/airflow/.local/lib/python3.8/site-packages/airflow/example_dags/example_latest_only_with_trigger.py for tasks to queue
[2025-11-28T06:58:30.263+0000] {logging_mixin.py:188} INFO - [2025-11-28T06:58:30.262+0000] {dagbag.py:538} INFO - Filling up the DagBag from /home/airflow/.local/lib/python3.8/site-packages/airflow/example_dags/example_latest_only_with_trigger.py
[2025-11-28T06:58:30.272+0000] {processor.py:840} INFO - DAG(s) 'latest_only_with_trigger' retrieved from /home/airflow/.local/lib/python3.8/site-packages/airflow/example_dags/example_latest_only_with_trigger.py
[2025-11-28T06:58:30.300+0000] {logging_mixin.py:188} INFO - [2025-11-28T06:58:30.300+0000] {dag.py:3036} INFO - Sync 1 DAGs
[2025-11-28T06:58:30.315+0000] {logging_mixin.py:188} INFO - [2025-11-28T06:58:30.314+0000] {dag.py:3823} INFO - Setting next_dagrun for latest_only_with_trigger to 2025-11-28 00:00:00+00:00, run_after=2025-11-28 04:00:00+00:00
[2025-11-28T06:58:30.335+0000] {processor.py:183} INFO - Processing /home/airflow/.local/lib/python3.8/site-packages/airflow/example_dags/example_latest_only_with_trigger.py took 0.083 seconds
[2025-11-28T06:59:00.768+0000] {processor.py:161} INFO - Started process (PID=797) to work on /home/airflow/.local/lib/python3.8/site-packages/airflow/example_dags/example_latest_only_with_trigger.py
[2025-11-28T06:59:00.770+0000] {processor.py:830} INFO - Processing file /home/airflow/.local/lib/python3.8/site-packages/airflow/example_dags/example_latest_only_with_trigger.py for tasks to queue
[2025-11-28T06:59:00.772+0000] {logging_mixin.py:188} INFO - [2025-11-28T06:59:00.772+0000] {dagbag.py:538} INFO - Filling up the DagBag from /home/airflow/.local/lib/python3.8/site-packages/airflow/example_dags/example_latest_only_with_trigger.py
[2025-11-28T06:59:00.777+0000] {processor.py:840} INFO - DAG(s) 'latest_only_with_trigger' retrieved from /home/airflow/.local/lib/python3.8/site-packages/airflow/example_dags/example_latest_only_with_trigger.py
[2025-11-28T06:59:00.796+0000] {logging_mixin.py:188} INFO - [2025-11-28T06:59:00.796+0000] {dag.py:3036} INFO - Sync 1 DAGs
[2025-11-28T06:59:00.813+0000] {logging_mixin.py:188} INFO - [2025-11-28T06:59:00.812+0000] {dag.py:3823} INFO - Setting next_dagrun for latest_only_with_trigger to 2025-11-28 00:00:00+00:00, run_after=2025-11-28 04:00:00+00:00
[2025-11-28T06:59:00.828+0000] {processor.py:183} INFO - Processing /home/airflow/.local/lib/python3.8/site-packages/airflow/example_dags/example_latest_only_with_trigger.py took 0.063 seconds
[2025-11-28T06:59:31.395+0000] {processor.py:161} INFO - Started process (PID=852) to work on /home/airflow/.local/lib/python3.8/site-packages/airflow/example_dags/example_latest_only_with_trigger.py
[2025-11-28T06:59:31.396+0000] {processor.py:830} INFO - Processing file /home/airflow/.local/lib/python3.8/site-packages/airflow/example_dags/example_latest_only_with_trigger.py for tasks to queue
[2025-11-28T06:59:31.398+0000] {logging_mixin.py:188} INFO - [2025-11-28T06:59:31.397+0000] {dagbag.py:538} INFO - Filling up the DagBag from /home/airflow/.local/lib/python3.8/site-packages/airflow/example_dags/example_latest_only_with_trigger.py
[2025-11-28T06:59:31.403+0000] {processor.py:840} INFO - DAG(s) 'latest_only_with_trigger' retrieved from /home/airflow/.local/lib/python3.8/site-packages/airflow/example_dags/example_latest_only_with_trigger.py
[2025-11-28T06:59:31.425+0000] {logging_mixin.py:188} INFO - [2025-11-28T06:59:31.425+0000] {dag.py:3036} INFO - Sync 1 DAGs
[2025-11-28T06:59:31.444+0000] {logging_mixin.py:188} INFO - [2025-11-28T06:59:31.444+0000] {dag.py:3823} INFO - Setting next_dagrun for latest_only_with_trigger to 2025-11-28 00:00:00+00:00, run_after=2025-11-28 04:00:00+00:00
[2025-11-28T06:59:31.461+0000] {processor.py:183} INFO - Processing /home/airflow/.local/lib/python3.8/site-packages/airflow/example_dags/example_latest_only_with_trigger.py took 0.069 seconds
[2025-11-28T07:00:01.552+0000] {processor.py:161} INFO - Started process (PID=907) to work on /home/airflow/.local/lib/python3.8/site-packages/airflow/example_dags/example_latest_only_with_trigger.py
[2025-11-28T07:00:01.554+0000] {processor.py:830} INFO - Processing file /home/airflow/.local/lib/python3.8/site-packages/airflow/example_dags/example_latest_only_with_trigger.py for tasks to queue
[2025-11-28T07:00:01.556+0000] {logging_mixin.py:188} INFO - [2025-11-28T07:00:01.555+0000] {dagbag.py:538} INFO - Filling up the DagBag from /home/airflow/.local/lib/python3.8/site-packages/airflow/example_dags/example_latest_only_with_trigger.py
[2025-11-28T07:00:01.560+0000] {processor.py:840} INFO - DAG(s) 'latest_only_with_trigger' retrieved from /home/airflow/.local/lib/python3.8/site-packages/airflow/example_dags/example_latest_only_with_trigger.py
[2025-11-28T07:00:01.579+0000] {logging_mixin.py:188} INFO - [2025-11-28T07:00:01.579+0000] {dag.py:3036} INFO - Sync 1 DAGs
[2025-11-28T07:00:01.596+0000] {logging_mixin.py:188} INFO - [2025-11-28T07:00:01.596+0000] {dag.py:3823} INFO - Setting next_dagrun for latest_only_with_trigger to 2025-11-28 00:00:00+00:00, run_after=2025-11-28 04:00:00+00:00
[2025-11-28T07:00:01.617+0000] {processor.py:183} INFO - Processing /home/airflow/.local/lib/python3.8/site-packages/airflow/example_dags/example_latest_only_with_trigger.py took 0.067 seconds
[2025-11-28T07:00:32.087+0000] {processor.py:161} INFO - Started process (PID=962) to work on /home/airflow/.local/lib/python3.8/site-packages/airflow/example_dags/example_latest_only_with_trigger.py
[2025-11-28T07:00:32.089+0000] {processor.py:830} INFO - Processing file /home/airflow/.local/lib/python3.8/site-packages/airflow/example_dags/example_latest_only_with_trigger.py for tasks to queue
[2025-11-28T07:00:32.091+0000] {logging_mixin.py:188} INFO - [2025-11-28T07:00:32.091+0000] {dagbag.py:538} INFO - Filling up the DagBag from /home/airflow/.local/lib/python3.8/site-packages/airflow/example_dags/example_latest_only_with_trigger.py
[2025-11-28T07:00:32.097+0000] {processor.py:840} INFO - DAG(s) 'latest_only_with_trigger' retrieved from /home/airflow/.local/lib/python3.8/site-packages/airflow/example_dags/example_latest_only_with_trigger.py
[2025-11-28T07:00:32.120+0000] {logging_mixin.py:188} INFO - [2025-11-28T07:00:32.120+0000] {dag.py:3036} INFO - Sync 1 DAGs
[2025-11-28T07:00:32.141+0000] {logging_mixin.py:188} INFO - [2025-11-28T07:00:32.140+0000] {dag.py:3823} INFO - Setting next_dagrun for latest_only_with_trigger to 2025-11-28 00:00:00+00:00, run_after=2025-11-28 04:00:00+00:00
[2025-11-28T07:00:32.168+0000] {processor.py:183} INFO - Processing /home/airflow/.local/lib/python3.8/site-packages/airflow/example_dags/example_latest_only_with_trigger.py took 0.084 seconds
[2025-11-28T07:01:02.432+0000] {processor.py:161} INFO - Started process (PID=1017) to work on /home/airflow/.local/lib/python3.8/site-packages/airflow/example_dags/example_latest_only_with_trigger.py
[2025-11-28T07:01:02.434+0000] {processor.py:830} INFO - Processing file /home/airflow/.local/lib/python3.8/site-packages/airflow/example_dags/example_latest_only_with_trigger.py for tasks to queue
[2025-11-28T07:01:02.438+0000] {logging_mixin.py:188} INFO - [2025-11-28T07:01:02.438+0000] {dagbag.py:538} INFO - Filling up the DagBag from /home/airflow/.local/lib/python3.8/site-packages/airflow/example_dags/example_latest_only_with_trigger.py
[2025-11-28T07:01:02.447+0000] {processor.py:840} INFO - DAG(s) 'latest_only_with_trigger' retrieved from /home/airflow/.local/lib/python3.8/site-packages/airflow/example_dags/example_latest_only_with_trigger.py
[2025-11-28T07:01:02.474+0000] {logging_mixin.py:188} INFO - [2025-11-28T07:01:02.474+0000] {dag.py:3036} INFO - Sync 1 DAGs
[2025-11-28T07:01:02.495+0000] {logging_mixin.py:188} INFO - [2025-11-28T07:01:02.494+0000] {dag.py:3823} INFO - Setting next_dagrun for latest_only_with_trigger to 2025-11-28 00:00:00+00:00, run_after=2025-11-28 04:00:00+00:00
[2025-11-28T07:01:02.512+0000] {processor.py:183} INFO - Processing /home/airflow/.local/lib/python3.8/site-packages/airflow/example_dags/example_latest_only_with_trigger.py took 0.085 seconds
[2025-11-28T07:01:32.783+0000] {processor.py:161} INFO - Started process (PID=1071) to work on /home/airflow/.local/lib/python3.8/site-packages/airflow/example_dags/example_latest_only_with_trigger.py
[2025-11-28T07:01:32.787+0000] {processor.py:830} INFO - Processing file /home/airflow/.local/lib/python3.8/site-packages/airflow/example_dags/example_latest_only_with_trigger.py for tasks to queue
[2025-11-28T07:01:32.789+0000] {logging_mixin.py:188} INFO - [2025-11-28T07:01:32.788+0000] {dagbag.py:538} INFO - Filling up the DagBag from /home/airflow/.local/lib/python3.8/site-packages/airflow/example_dags/example_latest_only_with_trigger.py
[2025-11-28T07:01:32.799+0000] {processor.py:840} INFO - DAG(s) 'latest_only_with_trigger' retrieved from /home/airflow/.local/lib/python3.8/site-packages/airflow/example_dags/example_latest_only_with_trigger.py
[2025-11-28T07:01:32.822+0000] {logging_mixin.py:188} INFO - [2025-11-28T07:01:32.822+0000] {dag.py:3036} INFO - Sync 1 DAGs
[2025-11-28T07:01:32.855+0000] {logging_mixin.py:188} INFO - [2025-11-28T07:01:32.855+0000] {dag.py:3823} INFO - Setting next_dagrun for latest_only_with_trigger to 2025-11-28 00:00:00+00:00, run_after=2025-11-28 04:00:00+00:00
[2025-11-28T07:01:32.877+0000] {processor.py:183} INFO - Processing /home/airflow/.local/lib/python3.8/site-packages/airflow/example_dags/example_latest_only_with_trigger.py took 0.100 seconds
[2025-11-28T07:02:03.065+0000] {processor.py:161} INFO - Started process (PID=1126) to work on /home/airflow/.local/lib/python3.8/site-packages/airflow/example_dags/example_latest_only_with_trigger.py
[2025-11-28T07:02:03.067+0000] {processor.py:830} INFO - Processing file /home/airflow/.local/lib/python3.8/site-packages/airflow/example_dags/example_latest_only_with_trigger.py for tasks to queue
[2025-11-28T07:02:03.072+0000] {logging_mixin.py:188} INFO - [2025-11-28T07:02:03.068+0000] {dagbag.py:538} INFO - Filling up the DagBag from /home/airflow/.local/lib/python3.8/site-packages/airflow/example_dags/example_latest_only_with_trigger.py
[2025-11-28T07:02:03.077+0000] {processor.py:840} INFO - DAG(s) 'latest_only_with_trigger' retrieved from /home/airflow/.local/lib/python3.8/site-packages/airflow/example_dags/example_latest_only_with_trigger.py
[2025-11-28T07:02:03.097+0000] {logging_mixin.py:188} INFO - [2025-11-28T07:02:03.097+0000] {dag.py:3036} INFO - Sync 1 DAGs
[2025-11-28T07:02:03.118+0000] {logging_mixin.py:188} INFO - [2025-11-28T07:02:03.118+0000] {dag.py:3823} INFO - Setting next_dagrun for latest_only_with_trigger to 2025-11-28 00:00:00+00:00, run_after=2025-11-28 04:00:00+00:00
[2025-11-28T07:02:03.138+0000] {processor.py:183} INFO - Processing /home/airflow/.local/lib/python3.8/site-packages/airflow/example_dags/example_latest_only_with_trigger.py took 0.076 seconds
[2025-11-28T07:02:33.356+0000] {processor.py:161} INFO - Started process (PID=1180) to work on /home/airflow/.local/lib/python3.8/site-packages/airflow/example_dags/example_latest_only_with_trigger.py
[2025-11-28T07:02:33.357+0000] {processor.py:830} INFO - Processing file /home/airflow/.local/lib/python3.8/site-packages/airflow/example_dags/example_latest_only_with_trigger.py for tasks to queue
[2025-11-28T07:02:33.359+0000] {logging_mixin.py:188} INFO - [2025-11-28T07:02:33.359+0000] {dagbag.py:538} INFO - Filling up the DagBag from /home/airflow/.local/lib/python3.8/site-packages/airflow/example_dags/example_latest_only_with_trigger.py
[2025-11-28T07:02:33.365+0000] {processor.py:840} INFO - DAG(s) 'latest_only_with_trigger' retrieved from /home/airflow/.local/lib/python3.8/site-packages/airflow/example_dags/example_latest_only_with_trigger.py
[2025-11-28T07:02:33.386+0000] {logging_mixin.py:188} INFO - [2025-11-28T07:02:33.386+0000] {dag.py:3036} INFO - Sync 1 DAGs
[2025-11-28T07:02:33.409+0000] {logging_mixin.py:188} INFO - [2025-11-28T07:02:33.408+0000] {dag.py:3823} INFO - Setting next_dagrun for latest_only_with_trigger to 2025-11-28 00:00:00+00:00, run_after=2025-11-28 04:00:00+00:00
[2025-11-28T07:02:33.436+0000] {processor.py:183} INFO - Processing /home/airflow/.local/lib/python3.8/site-packages/airflow/example_dags/example_latest_only_with_trigger.py took 0.083 seconds
[2025-11-28T07:03:04.264+0000] {processor.py:161} INFO - Started process (PID=1236) to work on /home/airflow/.local/lib/python3.8/site-packages/airflow/example_dags/example_latest_only_with_trigger.py
[2025-11-28T07:03:04.266+0000] {processor.py:830} INFO - Processing file /home/airflow/.local/lib/python3.8/site-packages/airflow/example_dags/example_latest_only_with_trigger.py for tasks to queue
[2025-11-28T07:03:04.268+0000] {logging_mixin.py:188} INFO - [2025-11-28T07:03:04.267+0000] {dagbag.py:538} INFO - Filling up the DagBag from /home/airflow/.local/lib/python3.8/site-packages/airflow/example_dags/example_latest_only_with_trigger.py
[2025-11-28T07:03:04.273+0000] {processor.py:840} INFO - DAG(s) 'latest_only_with_trigger' retrieved from /home/airflow/.local/lib/python3.8/site-packages/airflow/example_dags/example_latest_only_with_trigger.py
[2025-11-28T07:03:04.292+0000] {logging_mixin.py:188} INFO - [2025-11-28T07:03:04.292+0000] {dag.py:3036} INFO - Sync 1 DAGs
[2025-11-28T07:03:04.307+0000] {logging_mixin.py:188} INFO - [2025-11-28T07:03:04.307+0000] {dag.py:3823} INFO - Setting next_dagrun for latest_only_with_trigger to 2025-11-28 00:00:00+00:00, run_after=2025-11-28 04:00:00+00:00
[2025-11-28T07:03:04.329+0000] {processor.py:183} INFO - Processing /home/airflow/.local/lib/python3.8/site-packages/airflow/example_dags/example_latest_only_with_trigger.py took 0.069 seconds
[2025-11-28T07:03:34.683+0000] {processor.py:161} INFO - Started process (PID=1291) to work on /home/airflow/.local/lib/python3.8/site-packages/airflow/example_dags/example_latest_only_with_trigger.py
[2025-11-28T07:03:34.685+0000] {processor.py:830} INFO - Processing file /home/airflow/.local/lib/python3.8/site-packages/airflow/example_dags/example_latest_only_with_trigger.py for tasks to queue
[2025-11-28T07:03:34.687+0000] {logging_mixin.py:188} INFO - [2025-11-28T07:03:34.686+0000] {dagbag.py:538} INFO - Filling up the DagBag from /home/airflow/.local/lib/python3.8/site-packages/airflow/example_dags/example_latest_only_with_trigger.py
[2025-11-28T07:03:34.697+0000] {processor.py:840} INFO - DAG(s) 'latest_only_with_trigger' retrieved from /home/airflow/.local/lib/python3.8/site-packages/airflow/example_dags/example_latest_only_with_trigger.py
[2025-11-28T07:03:34.721+0000] {logging_mixin.py:188} INFO - [2025-11-28T07:03:34.720+0000] {dag.py:3036} INFO - Sync 1 DAGs
[2025-11-28T07:03:34.741+0000] {logging_mixin.py:188} INFO - [2025-11-28T07:03:34.741+0000] {dag.py:3823} INFO - Setting next_dagrun for latest_only_with_trigger to 2025-11-28 00:00:00+00:00, run_after=2025-11-28 04:00:00+00:00
[2025-11-28T07:03:34.776+0000] {processor.py:183} INFO - Processing /home/airflow/.local/lib/python3.8/site-packages/airflow/example_dags/example_latest_only_with_trigger.py took 0.096 seconds
[2025-11-28T07:04:05.571+0000] {processor.py:161} INFO - Started process (PID=1346) to work on /home/airflow/.local/lib/python3.8/site-packages/airflow/example_dags/example_latest_only_with_trigger.py
[2025-11-28T07:04:05.572+0000] {processor.py:830} INFO - Processing file /home/airflow/.local/lib/python3.8/site-packages/airflow/example_dags/example_latest_only_with_trigger.py for tasks to queue
[2025-11-28T07:04:05.577+0000] {logging_mixin.py:188} INFO - [2025-11-28T07:04:05.577+0000] {dagbag.py:538} INFO - Filling up the DagBag from /home/airflow/.local/lib/python3.8/site-packages/airflow/example_dags/example_latest_only_with_trigger.py
[2025-11-28T07:04:05.582+0000] {processor.py:840} INFO - DAG(s) 'latest_only_with_trigger' retrieved from /home/airflow/.local/lib/python3.8/site-packages/airflow/example_dags/example_latest_only_with_trigger.py
[2025-11-28T07:04:05.606+0000] {logging_mixin.py:188} INFO - [2025-11-28T07:04:05.606+0000] {dag.py:3036} INFO - Sync 1 DAGs
[2025-11-28T07:04:05.631+0000] {logging_mixin.py:188} INFO - [2025-11-28T07:04:05.631+0000] {dag.py:3823} INFO - Setting next_dagrun for latest_only_with_trigger to 2025-11-28 00:00:00+00:00, run_after=2025-11-28 04:00:00+00:00
[2025-11-28T07:04:05.649+0000] {processor.py:183} INFO - Processing /home/airflow/.local/lib/python3.8/site-packages/airflow/example_dags/example_latest_only_with_trigger.py took 0.089 seconds
[2025-11-28T07:04:36.264+0000] {processor.py:161} INFO - Started process (PID=1401) to work on /home/airflow/.local/lib/python3.8/site-packages/airflow/example_dags/example_latest_only_with_trigger.py
[2025-11-28T07:04:36.266+0000] {processor.py:830} INFO - Processing file /home/airflow/.local/lib/python3.8/site-packages/airflow/example_dags/example_latest_only_with_trigger.py for tasks to queue
[2025-11-28T07:04:36.268+0000] {logging_mixin.py:188} INFO - [2025-11-28T07:04:36.267+0000] {dagbag.py:538} INFO - Filling up the DagBag from /home/airflow/.local/lib/python3.8/site-packages/airflow/example_dags/example_latest_only_with_trigger.py
[2025-11-28T07:04:36.273+0000] {processor.py:840} INFO - DAG(s) 'latest_only_with_trigger' retrieved from /home/airflow/.local/lib/python3.8/site-packages/airflow/example_dags/example_latest_only_with_trigger.py
[2025-11-28T07:04:36.289+0000] {logging_mixin.py:188} INFO - [2025-11-28T07:04:36.288+0000] {dag.py:3036} INFO - Sync 1 DAGs
[2025-11-28T07:04:36.304+0000] {logging_mixin.py:188} INFO - [2025-11-28T07:04:36.304+0000] {dag.py:3823} INFO - Setting next_dagrun for latest_only_with_trigger to 2025-11-28 00:00:00+00:00, run_after=2025-11-28 04:00:00+00:00
[2025-11-28T07:04:36.324+0000] {processor.py:183} INFO - Processing /home/airflow/.local/lib/python3.8/site-packages/airflow/example_dags/example_latest_only_with_trigger.py took 0.062 seconds
[2025-11-28T07:05:06.700+0000] {processor.py:161} INFO - Started process (PID=1457) to work on /home/airflow/.local/lib/python3.8/site-packages/airflow/example_dags/example_latest_only_with_trigger.py
[2025-11-28T07:05:06.701+0000] {processor.py:830} INFO - Processing file /home/airflow/.local/lib/python3.8/site-packages/airflow/example_dags/example_latest_only_with_trigger.py for tasks to queue
[2025-11-28T07:05:06.703+0000] {logging_mixin.py:188} INFO - [2025-11-28T07:05:06.703+0000] {dagbag.py:538} INFO - Filling up the DagBag from /home/airflow/.local/lib/python3.8/site-packages/airflow/example_dags/example_latest_only_with_trigger.py
[2025-11-28T07:05:06.710+0000] {processor.py:840} INFO - DAG(s) 'latest_only_with_trigger' retrieved from /home/airflow/.local/lib/python3.8/site-packages/airflow/example_dags/example_latest_only_with_trigger.py
[2025-11-28T07:05:06.731+0000] {logging_mixin.py:188} INFO - [2025-11-28T07:05:06.730+0000] {dag.py:3036} INFO - Sync 1 DAGs
[2025-11-28T07:05:06.748+0000] {logging_mixin.py:188} INFO - [2025-11-28T07:05:06.748+0000] {dag.py:3823} INFO - Setting next_dagrun for latest_only_with_trigger to 2025-11-28 00:00:00+00:00, run_after=2025-11-28 04:00:00+00:00
[2025-11-28T07:05:06.764+0000] {processor.py:183} INFO - Processing /home/airflow/.local/lib/python3.8/site-packages/airflow/example_dags/example_latest_only_with_trigger.py took 0.067 seconds
[2025-11-28T07:05:37.320+0000] {processor.py:161} INFO - Started process (PID=1512) to work on /home/airflow/.local/lib/python3.8/site-packages/airflow/example_dags/example_latest_only_with_trigger.py
[2025-11-28T07:05:37.321+0000] {processor.py:830} INFO - Processing file /home/airflow/.local/lib/python3.8/site-packages/airflow/example_dags/example_latest_only_with_trigger.py for tasks to queue
[2025-11-28T07:05:37.322+0000] {logging_mixin.py:188} INFO - [2025-11-28T07:05:37.322+0000] {dagbag.py:538} INFO - Filling up the DagBag from /home/airflow/.local/lib/python3.8/site-packages/airflow/example_dags/example_latest_only_with_trigger.py
[2025-11-28T07:05:37.328+0000] {processor.py:840} INFO - DAG(s) 'latest_only_with_trigger' retrieved from /home/airflow/.local/lib/python3.8/site-packages/airflow/example_dags/example_latest_only_with_trigger.py
[2025-11-28T07:05:37.342+0000] {logging_mixin.py:188} INFO - [2025-11-28T07:05:37.342+0000] {dag.py:3036} INFO - Sync 1 DAGs
[2025-11-28T07:05:37.358+0000] {logging_mixin.py:188} INFO - [2025-11-28T07:05:37.358+0000] {dag.py:3823} INFO - Setting next_dagrun for latest_only_with_trigger to 2025-11-28 00:00:00+00:00, run_after=2025-11-28 04:00:00+00:00
[2025-11-28T07:05:37.376+0000] {processor.py:183} INFO - Processing /home/airflow/.local/lib/python3.8/site-packages/airflow/example_dags/example_latest_only_with_trigger.py took 0.059 seconds
[2025-11-28T07:06:07.968+0000] {processor.py:161} INFO - Started process (PID=1567) to work on /home/airflow/.local/lib/python3.8/site-packages/airflow/example_dags/example_latest_only_with_trigger.py
[2025-11-28T07:06:07.970+0000] {processor.py:830} INFO - Processing file /home/airflow/.local/lib/python3.8/site-packages/airflow/example_dags/example_latest_only_with_trigger.py for tasks to queue
[2025-11-28T07:06:07.973+0000] {logging_mixin.py:188} INFO - [2025-11-28T07:06:07.973+0000] {dagbag.py:538} INFO - Filling up the DagBag from /home/airflow/.local/lib/python3.8/site-packages/airflow/example_dags/example_latest_only_with_trigger.py
[2025-11-28T07:06:07.980+0000] {processor.py:840} INFO - DAG(s) 'latest_only_with_trigger' retrieved from /home/airflow/.local/lib/python3.8/site-packages/airflow/example_dags/example_latest_only_with_trigger.py
[2025-11-28T07:06:07.998+0000] {logging_mixin.py:188} INFO - [2025-11-28T07:06:07.998+0000] {dag.py:3036} INFO - Sync 1 DAGs
[2025-11-28T07:06:08.025+0000] {logging_mixin.py:188} INFO - [2025-11-28T07:06:08.025+0000] {dag.py:3823} INFO - Setting next_dagrun for latest_only_with_trigger to 2025-11-28 00:00:00+00:00, run_after=2025-11-28 04:00:00+00:00
[2025-11-28T07:06:08.040+0000] {processor.py:183} INFO - Processing /home/airflow/.local/lib/python3.8/site-packages/airflow/example_dags/example_latest_only_with_trigger.py took 0.074 seconds
[2025-11-28T07:06:38.618+0000] {processor.py:161} INFO - Started process (PID=1622) to work on /home/airflow/.local/lib/python3.8/site-packages/airflow/example_dags/example_latest_only_with_trigger.py
[2025-11-28T07:06:38.619+0000] {processor.py:830} INFO - Processing file /home/airflow/.local/lib/python3.8/site-packages/airflow/example_dags/example_latest_only_with_trigger.py for tasks to queue
[2025-11-28T07:06:38.623+0000] {logging_mixin.py:188} INFO - [2025-11-28T07:06:38.623+0000] {dagbag.py:538} INFO - Filling up the DagBag from /home/airflow/.local/lib/python3.8/site-packages/airflow/example_dags/example_latest_only_with_trigger.py
[2025-11-28T07:06:38.630+0000] {processor.py:840} INFO - DAG(s) 'latest_only_with_trigger' retrieved from /home/airflow/.local/lib/python3.8/site-packages/airflow/example_dags/example_latest_only_with_trigger.py
[2025-11-28T07:06:38.651+0000] {logging_mixin.py:188} INFO - [2025-11-28T07:06:38.650+0000] {dag.py:3036} INFO - Sync 1 DAGs
[2025-11-28T07:06:38.668+0000] {logging_mixin.py:188} INFO - [2025-11-28T07:06:38.668+0000] {dag.py:3823} INFO - Setting next_dagrun for latest_only_with_trigger to 2025-11-28 00:00:00+00:00, run_after=2025-11-28 04:00:00+00:00
[2025-11-28T07:06:38.686+0000] {processor.py:183} INFO - Processing /home/airflow/.local/lib/python3.8/site-packages/airflow/example_dags/example_latest_only_with_trigger.py took 0.073 seconds
[2025-11-28T07:07:09.695+0000] {processor.py:161} INFO - Started process (PID=1677) to work on /home/airflow/.local/lib/python3.8/site-packages/airflow/example_dags/example_latest_only_with_trigger.py
[2025-11-28T07:07:09.697+0000] {processor.py:830} INFO - Processing file /home/airflow/.local/lib/python3.8/site-packages/airflow/example_dags/example_latest_only_with_trigger.py for tasks to queue
[2025-11-28T07:07:09.699+0000] {logging_mixin.py:188} INFO - [2025-11-28T07:07:09.698+0000] {dagbag.py:538} INFO - Filling up the DagBag from /home/airflow/.local/lib/python3.8/site-packages/airflow/example_dags/example_latest_only_with_trigger.py
[2025-11-28T07:07:09.703+0000] {processor.py:840} INFO - DAG(s) 'latest_only_with_trigger' retrieved from /home/airflow/.local/lib/python3.8/site-packages/airflow/example_dags/example_latest_only_with_trigger.py
[2025-11-28T07:07:09.720+0000] {logging_mixin.py:188} INFO - [2025-11-28T07:07:09.720+0000] {dag.py:3036} INFO - Sync 1 DAGs
[2025-11-28T07:07:09.734+0000] {logging_mixin.py:188} INFO - [2025-11-28T07:07:09.734+0000] {dag.py:3823} INFO - Setting next_dagrun for latest_only_with_trigger to 2025-11-28 00:00:00+00:00, run_after=2025-11-28 04:00:00+00:00
[2025-11-28T07:07:09.752+0000] {processor.py:183} INFO - Processing /home/airflow/.local/lib/python3.8/site-packages/airflow/example_dags/example_latest_only_with_trigger.py took 0.059 seconds
[2025-11-28T07:07:40.172+0000] {processor.py:161} INFO - Started process (PID=1732) to work on /home/airflow/.local/lib/python3.8/site-packages/airflow/example_dags/example_latest_only_with_trigger.py
[2025-11-28T07:07:40.173+0000] {processor.py:830} INFO - Processing file /home/airflow/.local/lib/python3.8/site-packages/airflow/example_dags/example_latest_only_with_trigger.py for tasks to queue
[2025-11-28T07:07:40.175+0000] {logging_mixin.py:188} INFO - [2025-11-28T07:07:40.175+0000] {dagbag.py:538} INFO - Filling up the DagBag from /home/airflow/.local/lib/python3.8/site-packages/airflow/example_dags/example_latest_only_with_trigger.py
[2025-11-28T07:07:40.180+0000] {processor.py:840} INFO - DAG(s) 'latest_only_with_trigger' retrieved from /home/airflow/.local/lib/python3.8/site-packages/airflow/example_dags/example_latest_only_with_trigger.py
[2025-11-28T07:07:40.198+0000] {logging_mixin.py:188} INFO - [2025-11-28T07:07:40.198+0000] {dag.py:3036} INFO - Sync 1 DAGs
[2025-11-28T07:07:40.214+0000] {logging_mixin.py:188} INFO - [2025-11-28T07:07:40.214+0000] {dag.py:3823} INFO - Setting next_dagrun for latest_only_with_trigger to 2025-11-28 00:00:00+00:00, run_after=2025-11-28 04:00:00+00:00
[2025-11-28T07:07:40.231+0000] {processor.py:183} INFO - Processing /home/airflow/.local/lib/python3.8/site-packages/airflow/example_dags/example_latest_only_with_trigger.py took 0.061 seconds
[2025-11-28T07:08:11.157+0000] {processor.py:161} INFO - Started process (PID=1787) to work on /home/airflow/.local/lib/python3.8/site-packages/airflow/example_dags/example_latest_only_with_trigger.py
[2025-11-28T07:08:11.160+0000] {processor.py:830} INFO - Processing file /home/airflow/.local/lib/python3.8/site-packages/airflow/example_dags/example_latest_only_with_trigger.py for tasks to queue
[2025-11-28T07:08:11.167+0000] {logging_mixin.py:188} INFO - [2025-11-28T07:08:11.166+0000] {dagbag.py:538} INFO - Filling up the DagBag from /home/airflow/.local/lib/python3.8/site-packages/airflow/example_dags/example_latest_only_with_trigger.py
[2025-11-28T07:08:11.184+0000] {processor.py:840} INFO - DAG(s) 'latest_only_with_trigger' retrieved from /home/airflow/.local/lib/python3.8/site-packages/airflow/example_dags/example_latest_only_with_trigger.py
[2025-11-28T07:08:11.230+0000] {logging_mixin.py:188} INFO - [2025-11-28T07:08:11.230+0000] {dag.py:3036} INFO - Sync 1 DAGs
[2025-11-28T07:08:11.283+0000] {logging_mixin.py:188} INFO - [2025-11-28T07:08:11.282+0000] {dag.py:3823} INFO - Setting next_dagrun for latest_only_with_trigger to 2025-11-28 00:00:00+00:00, run_after=2025-11-28 04:00:00+00:00
[2025-11-28T07:08:11.307+0000] {processor.py:183} INFO - Processing /home/airflow/.local/lib/python3.8/site-packages/airflow/example_dags/example_latest_only_with_trigger.py took 0.159 seconds
[2025-11-28T07:08:41.386+0000] {processor.py:161} INFO - Started process (PID=1842) to work on /home/airflow/.local/lib/python3.8/site-packages/airflow/example_dags/example_latest_only_with_trigger.py
[2025-11-28T07:08:41.387+0000] {processor.py:830} INFO - Processing file /home/airflow/.local/lib/python3.8/site-packages/airflow/example_dags/example_latest_only_with_trigger.py for tasks to queue
[2025-11-28T07:08:41.390+0000] {logging_mixin.py:188} INFO - [2025-11-28T07:08:41.389+0000] {dagbag.py:538} INFO - Filling up the DagBag from /home/airflow/.local/lib/python3.8/site-packages/airflow/example_dags/example_latest_only_with_trigger.py
[2025-11-28T07:08:41.398+0000] {processor.py:840} INFO - DAG(s) 'latest_only_with_trigger' retrieved from /home/airflow/.local/lib/python3.8/site-packages/airflow/example_dags/example_latest_only_with_trigger.py
[2025-11-28T07:08:41.425+0000] {logging_mixin.py:188} INFO - [2025-11-28T07:08:41.425+0000] {dag.py:3036} INFO - Sync 1 DAGs
[2025-11-28T07:08:41.470+0000] {logging_mixin.py:188} INFO - [2025-11-28T07:08:41.470+0000] {dag.py:3823} INFO - Setting next_dagrun for latest_only_with_trigger to 2025-11-28 00:00:00+00:00, run_after=2025-11-28 04:00:00+00:00
[2025-11-28T07:08:41.494+0000] {processor.py:183} INFO - Processing /home/airflow/.local/lib/python3.8/site-packages/airflow/example_dags/example_latest_only_with_trigger.py took 0.112 seconds
[2025-11-28T07:09:12.480+0000] {processor.py:161} INFO - Started process (PID=1897) to work on /home/airflow/.local/lib/python3.8/site-packages/airflow/example_dags/example_latest_only_with_trigger.py
[2025-11-28T07:09:12.482+0000] {processor.py:830} INFO - Processing file /home/airflow/.local/lib/python3.8/site-packages/airflow/example_dags/example_latest_only_with_trigger.py for tasks to queue
[2025-11-28T07:09:12.486+0000] {logging_mixin.py:188} INFO - [2025-11-28T07:09:12.485+0000] {dagbag.py:538} INFO - Filling up the DagBag from /home/airflow/.local/lib/python3.8/site-packages/airflow/example_dags/example_latest_only_with_trigger.py
[2025-11-28T07:09:12.492+0000] {processor.py:840} INFO - DAG(s) 'latest_only_with_trigger' retrieved from /home/airflow/.local/lib/python3.8/site-packages/airflow/example_dags/example_latest_only_with_trigger.py
[2025-11-28T07:09:12.510+0000] {logging_mixin.py:188} INFO - [2025-11-28T07:09:12.510+0000] {dag.py:3036} INFO - Sync 1 DAGs
[2025-11-28T07:09:12.528+0000] {logging_mixin.py:188} INFO - [2025-11-28T07:09:12.528+0000] {dag.py:3823} INFO - Setting next_dagrun for latest_only_with_trigger to 2025-11-28 00:00:00+00:00, run_after=2025-11-28 04:00:00+00:00
[2025-11-28T07:09:12.545+0000] {processor.py:183} INFO - Processing /home/airflow/.local/lib/python3.8/site-packages/airflow/example_dags/example_latest_only_with_trigger.py took 0.074 seconds
[2025-11-28T07:09:42.673+0000] {processor.py:161} INFO - Started process (PID=1952) to work on /home/airflow/.local/lib/python3.8/site-packages/airflow/example_dags/example_latest_only_with_trigger.py
[2025-11-28T07:09:42.677+0000] {processor.py:830} INFO - Processing file /home/airflow/.local/lib/python3.8/site-packages/airflow/example_dags/example_latest_only_with_trigger.py for tasks to queue
[2025-11-28T07:09:42.684+0000] {logging_mixin.py:188} INFO - [2025-11-28T07:09:42.683+0000] {dagbag.py:538} INFO - Filling up the DagBag from /home/airflow/.local/lib/python3.8/site-packages/airflow/example_dags/example_latest_only_with_trigger.py
[2025-11-28T07:09:42.699+0000] {processor.py:840} INFO - DAG(s) 'latest_only_with_trigger' retrieved from /home/airflow/.local/lib/python3.8/site-packages/airflow/example_dags/example_latest_only_with_trigger.py
[2025-11-28T07:09:42.731+0000] {logging_mixin.py:188} INFO - [2025-11-28T07:09:42.730+0000] {dag.py:3036} INFO - Sync 1 DAGs
[2025-11-28T07:09:42.748+0000] {logging_mixin.py:188} INFO - [2025-11-28T07:09:42.748+0000] {dag.py:3823} INFO - Setting next_dagrun for latest_only_with_trigger to 2025-11-28 00:00:00+00:00, run_after=2025-11-28 04:00:00+00:00
[2025-11-28T07:09:42.764+0000] {processor.py:183} INFO - Processing /home/airflow/.local/lib/python3.8/site-packages/airflow/example_dags/example_latest_only_with_trigger.py took 0.099 seconds
[2025-11-28T07:10:13.265+0000] {processor.py:161} INFO - Started process (PID=2007) to work on /home/airflow/.local/lib/python3.8/site-packages/airflow/example_dags/example_latest_only_with_trigger.py
[2025-11-28T07:10:13.267+0000] {processor.py:830} INFO - Processing file /home/airflow/.local/lib/python3.8/site-packages/airflow/example_dags/example_latest_only_with_trigger.py for tasks to queue
[2025-11-28T07:10:13.269+0000] {logging_mixin.py:188} INFO - [2025-11-28T07:10:13.268+0000] {dagbag.py:538} INFO - Filling up the DagBag from /home/airflow/.local/lib/python3.8/site-packages/airflow/example_dags/example_latest_only_with_trigger.py
[2025-11-28T07:10:13.276+0000] {processor.py:840} INFO - DAG(s) 'latest_only_with_trigger' retrieved from /home/airflow/.local/lib/python3.8/site-packages/airflow/example_dags/example_latest_only_with_trigger.py
[2025-11-28T07:10:13.299+0000] {logging_mixin.py:188} INFO - [2025-11-28T07:10:13.298+0000] {dag.py:3036} INFO - Sync 1 DAGs
[2025-11-28T07:10:13.320+0000] {logging_mixin.py:188} INFO - [2025-11-28T07:10:13.320+0000] {dag.py:3823} INFO - Setting next_dagrun for latest_only_with_trigger to 2025-11-28 00:00:00+00:00, run_after=2025-11-28 04:00:00+00:00
[2025-11-28T07:10:13.477+0000] {processor.py:183} INFO - Processing /home/airflow/.local/lib/python3.8/site-packages/airflow/example_dags/example_latest_only_with_trigger.py took 0.079 seconds
[2025-11-28T07:10:43.646+0000] {processor.py:161} INFO - Started process (PID=2062) to work on /home/airflow/.local/lib/python3.8/site-packages/airflow/example_dags/example_latest_only_with_trigger.py
[2025-11-28T07:10:43.648+0000] {processor.py:830} INFO - Processing file /home/airflow/.local/lib/python3.8/site-packages/airflow/example_dags/example_latest_only_with_trigger.py for tasks to queue
[2025-11-28T07:10:43.651+0000] {logging_mixin.py:188} INFO - [2025-11-28T07:10:43.651+0000] {dagbag.py:538} INFO - Filling up the DagBag from /home/airflow/.local/lib/python3.8/site-packages/airflow/example_dags/example_latest_only_with_trigger.py
[2025-11-28T07:10:43.659+0000] {processor.py:840} INFO - DAG(s) 'latest_only_with_trigger' retrieved from /home/airflow/.local/lib/python3.8/site-packages/airflow/example_dags/example_latest_only_with_trigger.py
[2025-11-28T07:10:43.690+0000] {logging_mixin.py:188} INFO - [2025-11-28T07:10:43.690+0000] {dag.py:3036} INFO - Sync 1 DAGs
[2025-11-28T07:10:43.734+0000] {logging_mixin.py:188} INFO - [2025-11-28T07:10:43.733+0000] {dag.py:3823} INFO - Setting next_dagrun for latest_only_with_trigger to 2025-11-28 00:00:00+00:00, run_after=2025-11-28 04:00:00+00:00
[2025-11-28T07:10:43.765+0000] {processor.py:183} INFO - Processing /home/airflow/.local/lib/python3.8/site-packages/airflow/example_dags/example_latest_only_with_trigger.py took 0.127 seconds
[2025-11-28T07:11:13.987+0000] {processor.py:161} INFO - Started process (PID=2117) to work on /home/airflow/.local/lib/python3.8/site-packages/airflow/example_dags/example_latest_only_with_trigger.py
[2025-11-28T07:11:13.989+0000] {processor.py:830} INFO - Processing file /home/airflow/.local/lib/python3.8/site-packages/airflow/example_dags/example_latest_only_with_trigger.py for tasks to queue
[2025-11-28T07:11:13.992+0000] {logging_mixin.py:188} INFO - [2025-11-28T07:11:13.992+0000] {dagbag.py:538} INFO - Filling up the DagBag from /home/airflow/.local/lib/python3.8/site-packages/airflow/example_dags/example_latest_only_with_trigger.py
[2025-11-28T07:11:14.001+0000] {processor.py:840} INFO - DAG(s) 'latest_only_with_trigger' retrieved from /home/airflow/.local/lib/python3.8/site-packages/airflow/example_dags/example_latest_only_with_trigger.py
[2025-11-28T07:11:14.029+0000] {logging_mixin.py:188} INFO - [2025-11-28T07:11:14.029+0000] {dag.py:3036} INFO - Sync 1 DAGs
[2025-11-28T07:11:14.045+0000] {logging_mixin.py:188} INFO - [2025-11-28T07:11:14.044+0000] {dag.py:3823} INFO - Setting next_dagrun for latest_only_with_trigger to 2025-11-28 00:00:00+00:00, run_after=2025-11-28 04:00:00+00:00
[2025-11-28T07:11:14.062+0000] {processor.py:183} INFO - Processing /home/airflow/.local/lib/python3.8/site-packages/airflow/example_dags/example_latest_only_with_trigger.py took 0.078 seconds
[2025-11-28T07:11:44.328+0000] {processor.py:161} INFO - Started process (PID=2172) to work on /home/airflow/.local/lib/python3.8/site-packages/airflow/example_dags/example_latest_only_with_trigger.py
[2025-11-28T07:11:44.330+0000] {processor.py:830} INFO - Processing file /home/airflow/.local/lib/python3.8/site-packages/airflow/example_dags/example_latest_only_with_trigger.py for tasks to queue
[2025-11-28T07:11:44.334+0000] {logging_mixin.py:188} INFO - [2025-11-28T07:11:44.333+0000] {dagbag.py:538} INFO - Filling up the DagBag from /home/airflow/.local/lib/python3.8/site-packages/airflow/example_dags/example_latest_only_with_trigger.py
[2025-11-28T07:11:44.342+0000] {processor.py:840} INFO - DAG(s) 'latest_only_with_trigger' retrieved from /home/airflow/.local/lib/python3.8/site-packages/airflow/example_dags/example_latest_only_with_trigger.py
[2025-11-28T07:11:44.365+0000] {logging_mixin.py:188} INFO - [2025-11-28T07:11:44.365+0000] {dag.py:3036} INFO - Sync 1 DAGs
[2025-11-28T07:11:44.383+0000] {logging_mixin.py:188} INFO - [2025-11-28T07:11:44.383+0000] {dag.py:3823} INFO - Setting next_dagrun for latest_only_with_trigger to 2025-11-28 00:00:00+00:00, run_after=2025-11-28 04:00:00+00:00
[2025-11-28T07:11:44.400+0000] {processor.py:183} INFO - Processing /home/airflow/.local/lib/python3.8/site-packages/airflow/example_dags/example_latest_only_with_trigger.py took 0.079 seconds
[2025-11-28T07:12:14.639+0000] {processor.py:161} INFO - Started process (PID=2227) to work on /home/airflow/.local/lib/python3.8/site-packages/airflow/example_dags/example_latest_only_with_trigger.py
[2025-11-28T07:12:14.640+0000] {processor.py:830} INFO - Processing file /home/airflow/.local/lib/python3.8/site-packages/airflow/example_dags/example_latest_only_with_trigger.py for tasks to queue
[2025-11-28T07:12:14.641+0000] {logging_mixin.py:188} INFO - [2025-11-28T07:12:14.641+0000] {dagbag.py:538} INFO - Filling up the DagBag from /home/airflow/.local/lib/python3.8/site-packages/airflow/example_dags/example_latest_only_with_trigger.py
[2025-11-28T07:12:14.648+0000] {processor.py:840} INFO - DAG(s) 'latest_only_with_trigger' retrieved from /home/airflow/.local/lib/python3.8/site-packages/airflow/example_dags/example_latest_only_with_trigger.py
[2025-11-28T07:12:14.667+0000] {logging_mixin.py:188} INFO - [2025-11-28T07:12:14.667+0000] {dag.py:3036} INFO - Sync 1 DAGs
[2025-11-28T07:12:14.687+0000] {logging_mixin.py:188} INFO - [2025-11-28T07:12:14.687+0000] {dag.py:3823} INFO - Setting next_dagrun for latest_only_with_trigger to 2025-11-28 00:00:00+00:00, run_after=2025-11-28 04:00:00+00:00
[2025-11-28T07:12:14.703+0000] {processor.py:183} INFO - Processing /home/airflow/.local/lib/python3.8/site-packages/airflow/example_dags/example_latest_only_with_trigger.py took 0.066 seconds
[2025-11-28T07:12:45.097+0000] {processor.py:161} INFO - Started process (PID=2282) to work on /home/airflow/.local/lib/python3.8/site-packages/airflow/example_dags/example_latest_only_with_trigger.py
[2025-11-28T07:12:45.101+0000] {processor.py:830} INFO - Processing file /home/airflow/.local/lib/python3.8/site-packages/airflow/example_dags/example_latest_only_with_trigger.py for tasks to queue
[2025-11-28T07:12:45.107+0000] {logging_mixin.py:188} INFO - [2025-11-28T07:12:45.107+0000] {dagbag.py:538} INFO - Filling up the DagBag from /home/airflow/.local/lib/python3.8/site-packages/airflow/example_dags/example_latest_only_with_trigger.py
[2025-11-28T07:12:45.126+0000] {processor.py:840} INFO - DAG(s) 'latest_only_with_trigger' retrieved from /home/airflow/.local/lib/python3.8/site-packages/airflow/example_dags/example_latest_only_with_trigger.py
[2025-11-28T07:12:45.191+0000] {logging_mixin.py:188} INFO - [2025-11-28T07:12:45.191+0000] {dag.py:3036} INFO - Sync 1 DAGs
[2025-11-28T07:12:45.225+0000] {logging_mixin.py:188} INFO - [2025-11-28T07:12:45.225+0000] {dag.py:3823} INFO - Setting next_dagrun for latest_only_with_trigger to 2025-11-28 00:00:00+00:00, run_after=2025-11-28 04:00:00+00:00
[2025-11-28T07:12:45.268+0000] {processor.py:183} INFO - Processing /home/airflow/.local/lib/python3.8/site-packages/airflow/example_dags/example_latest_only_with_trigger.py took 0.181 seconds
[2025-11-28T07:13:15.389+0000] {processor.py:161} INFO - Started process (PID=2337) to work on /home/airflow/.local/lib/python3.8/site-packages/airflow/example_dags/example_latest_only_with_trigger.py
[2025-11-28T07:13:15.391+0000] {processor.py:830} INFO - Processing file /home/airflow/.local/lib/python3.8/site-packages/airflow/example_dags/example_latest_only_with_trigger.py for tasks to queue
[2025-11-28T07:13:15.394+0000] {logging_mixin.py:188} INFO - [2025-11-28T07:13:15.393+0000] {dagbag.py:538} INFO - Filling up the DagBag from /home/airflow/.local/lib/python3.8/site-packages/airflow/example_dags/example_latest_only_with_trigger.py
[2025-11-28T07:13:15.402+0000] {processor.py:840} INFO - DAG(s) 'latest_only_with_trigger' retrieved from /home/airflow/.local/lib/python3.8/site-packages/airflow/example_dags/example_latest_only_with_trigger.py
[2025-11-28T07:13:15.427+0000] {logging_mixin.py:188} INFO - [2025-11-28T07:13:15.427+0000] {dag.py:3036} INFO - Sync 1 DAGs
[2025-11-28T07:13:15.456+0000] {logging_mixin.py:188} INFO - [2025-11-28T07:13:15.455+0000] {dag.py:3823} INFO - Setting next_dagrun for latest_only_with_trigger to 2025-11-28 00:00:00+00:00, run_after=2025-11-28 04:00:00+00:00
[2025-11-28T07:13:15.477+0000] {processor.py:183} INFO - Processing /home/airflow/.local/lib/python3.8/site-packages/airflow/example_dags/example_latest_only_with_trigger.py took 0.090 seconds
[2025-11-28T07:13:46.007+0000] {processor.py:161} INFO - Started process (PID=2392) to work on /home/airflow/.local/lib/python3.8/site-packages/airflow/example_dags/example_latest_only_with_trigger.py
[2025-11-28T07:13:46.010+0000] {processor.py:830} INFO - Processing file /home/airflow/.local/lib/python3.8/site-packages/airflow/example_dags/example_latest_only_with_trigger.py for tasks to queue
[2025-11-28T07:13:46.013+0000] {logging_mixin.py:188} INFO - [2025-11-28T07:13:46.013+0000] {dagbag.py:538} INFO - Filling up the DagBag from /home/airflow/.local/lib/python3.8/site-packages/airflow/example_dags/example_latest_only_with_trigger.py
[2025-11-28T07:13:46.020+0000] {processor.py:840} INFO - DAG(s) 'latest_only_with_trigger' retrieved from /home/airflow/.local/lib/python3.8/site-packages/airflow/example_dags/example_latest_only_with_trigger.py
[2025-11-28T07:13:46.049+0000] {logging_mixin.py:188} INFO - [2025-11-28T07:13:46.049+0000] {dag.py:3036} INFO - Sync 1 DAGs
[2025-11-28T07:13:46.068+0000] {logging_mixin.py:188} INFO - [2025-11-28T07:13:46.068+0000] {dag.py:3823} INFO - Setting next_dagrun for latest_only_with_trigger to 2025-11-28 00:00:00+00:00, run_after=2025-11-28 04:00:00+00:00
[2025-11-28T07:13:46.087+0000] {processor.py:183} INFO - Processing /home/airflow/.local/lib/python3.8/site-packages/airflow/example_dags/example_latest_only_with_trigger.py took 0.086 seconds
[2025-11-28T07:14:16.409+0000] {processor.py:161} INFO - Started process (PID=2448) to work on /home/airflow/.local/lib/python3.8/site-packages/airflow/example_dags/example_latest_only_with_trigger.py
[2025-11-28T07:14:16.410+0000] {processor.py:830} INFO - Processing file /home/airflow/.local/lib/python3.8/site-packages/airflow/example_dags/example_latest_only_with_trigger.py for tasks to queue
[2025-11-28T07:14:16.412+0000] {logging_mixin.py:188} INFO - [2025-11-28T07:14:16.412+0000] {dagbag.py:538} INFO - Filling up the DagBag from /home/airflow/.local/lib/python3.8/site-packages/airflow/example_dags/example_latest_only_with_trigger.py
[2025-11-28T07:14:16.419+0000] {processor.py:840} INFO - DAG(s) 'latest_only_with_trigger' retrieved from /home/airflow/.local/lib/python3.8/site-packages/airflow/example_dags/example_latest_only_with_trigger.py
[2025-11-28T07:14:16.442+0000] {logging_mixin.py:188} INFO - [2025-11-28T07:14:16.441+0000] {dag.py:3036} INFO - Sync 1 DAGs
[2025-11-28T07:14:16.463+0000] {logging_mixin.py:188} INFO - [2025-11-28T07:14:16.463+0000] {dag.py:3823} INFO - Setting next_dagrun for latest_only_with_trigger to 2025-11-28 00:00:00+00:00, run_after=2025-11-28 04:00:00+00:00
[2025-11-28T07:14:16.482+0000] {processor.py:183} INFO - Processing /home/airflow/.local/lib/python3.8/site-packages/airflow/example_dags/example_latest_only_with_trigger.py took 0.076 seconds
[2025-11-28T07:14:46.628+0000] {processor.py:161} INFO - Started process (PID=2503) to work on /home/airflow/.local/lib/python3.8/site-packages/airflow/example_dags/example_latest_only_with_trigger.py
[2025-11-28T07:14:46.629+0000] {processor.py:830} INFO - Processing file /home/airflow/.local/lib/python3.8/site-packages/airflow/example_dags/example_latest_only_with_trigger.py for tasks to queue
[2025-11-28T07:14:46.631+0000] {logging_mixin.py:188} INFO - [2025-11-28T07:14:46.631+0000] {dagbag.py:538} INFO - Filling up the DagBag from /home/airflow/.local/lib/python3.8/site-packages/airflow/example_dags/example_latest_only_with_trigger.py
[2025-11-28T07:14:46.637+0000] {processor.py:840} INFO - DAG(s) 'latest_only_with_trigger' retrieved from /home/airflow/.local/lib/python3.8/site-packages/airflow/example_dags/example_latest_only_with_trigger.py
[2025-11-28T07:14:46.655+0000] {logging_mixin.py:188} INFO - [2025-11-28T07:14:46.655+0000] {dag.py:3036} INFO - Sync 1 DAGs
[2025-11-28T07:14:46.672+0000] {logging_mixin.py:188} INFO - [2025-11-28T07:14:46.672+0000] {dag.py:3823} INFO - Setting next_dagrun for latest_only_with_trigger to 2025-11-28 00:00:00+00:00, run_after=2025-11-28 04:00:00+00:00
[2025-11-28T07:14:46.688+0000] {processor.py:183} INFO - Processing /home/airflow/.local/lib/python3.8/site-packages/airflow/example_dags/example_latest_only_with_trigger.py took 0.064 seconds
[2025-11-28T07:15:17.539+0000] {processor.py:161} INFO - Started process (PID=2558) to work on /home/airflow/.local/lib/python3.8/site-packages/airflow/example_dags/example_latest_only_with_trigger.py
[2025-11-28T07:15:17.540+0000] {processor.py:830} INFO - Processing file /home/airflow/.local/lib/python3.8/site-packages/airflow/example_dags/example_latest_only_with_trigger.py for tasks to queue
[2025-11-28T07:15:17.542+0000] {logging_mixin.py:188} INFO - [2025-11-28T07:15:17.542+0000] {dagbag.py:538} INFO - Filling up the DagBag from /home/airflow/.local/lib/python3.8/site-packages/airflow/example_dags/example_latest_only_with_trigger.py
[2025-11-28T07:15:17.547+0000] {processor.py:840} INFO - DAG(s) 'latest_only_with_trigger' retrieved from /home/airflow/.local/lib/python3.8/site-packages/airflow/example_dags/example_latest_only_with_trigger.py
[2025-11-28T07:15:17.567+0000] {logging_mixin.py:188} INFO - [2025-11-28T07:15:17.567+0000] {dag.py:3036} INFO - Sync 1 DAGs
[2025-11-28T07:15:17.779+0000] {logging_mixin.py:188} INFO - [2025-11-28T07:15:17.778+0000] {dag.py:3823} INFO - Setting next_dagrun for latest_only_with_trigger to 2025-11-28 00:00:00+00:00, run_after=2025-11-28 04:00:00+00:00
[2025-11-28T07:15:17.793+0000] {processor.py:183} INFO - Processing /home/airflow/.local/lib/python3.8/site-packages/airflow/example_dags/example_latest_only_with_trigger.py took 0.258 seconds
[2025-11-28T07:15:48.410+0000] {processor.py:161} INFO - Started process (PID=2613) to work on /home/airflow/.local/lib/python3.8/site-packages/airflow/example_dags/example_latest_only_with_trigger.py
[2025-11-28T07:15:48.412+0000] {processor.py:830} INFO - Processing file /home/airflow/.local/lib/python3.8/site-packages/airflow/example_dags/example_latest_only_with_trigger.py for tasks to queue
[2025-11-28T07:15:48.414+0000] {logging_mixin.py:188} INFO - [2025-11-28T07:15:48.413+0000] {dagbag.py:538} INFO - Filling up the DagBag from /home/airflow/.local/lib/python3.8/site-packages/airflow/example_dags/example_latest_only_with_trigger.py
[2025-11-28T07:15:48.419+0000] {processor.py:840} INFO - DAG(s) 'latest_only_with_trigger' retrieved from /home/airflow/.local/lib/python3.8/site-packages/airflow/example_dags/example_latest_only_with_trigger.py
[2025-11-28T07:15:48.442+0000] {logging_mixin.py:188} INFO - [2025-11-28T07:15:48.441+0000] {dag.py:3036} INFO - Sync 1 DAGs
[2025-11-28T07:15:48.462+0000] {logging_mixin.py:188} INFO - [2025-11-28T07:15:48.462+0000] {dag.py:3823} INFO - Setting next_dagrun for latest_only_with_trigger to 2025-11-28 00:00:00+00:00, run_after=2025-11-28 04:00:00+00:00
[2025-11-28T07:15:48.638+0000] {processor.py:183} INFO - Processing /home/airflow/.local/lib/python3.8/site-packages/airflow/example_dags/example_latest_only_with_trigger.py took 0.230 seconds
[2025-11-28T07:16:18.949+0000] {processor.py:161} INFO - Started process (PID=2668) to work on /home/airflow/.local/lib/python3.8/site-packages/airflow/example_dags/example_latest_only_with_trigger.py
[2025-11-28T07:16:18.950+0000] {processor.py:830} INFO - Processing file /home/airflow/.local/lib/python3.8/site-packages/airflow/example_dags/example_latest_only_with_trigger.py for tasks to queue
[2025-11-28T07:16:18.952+0000] {logging_mixin.py:188} INFO - [2025-11-28T07:16:18.951+0000] {dagbag.py:538} INFO - Filling up the DagBag from /home/airflow/.local/lib/python3.8/site-packages/airflow/example_dags/example_latest_only_with_trigger.py
[2025-11-28T07:16:18.957+0000] {processor.py:840} INFO - DAG(s) 'latest_only_with_trigger' retrieved from /home/airflow/.local/lib/python3.8/site-packages/airflow/example_dags/example_latest_only_with_trigger.py
[2025-11-28T07:16:18.975+0000] {logging_mixin.py:188} INFO - [2025-11-28T07:16:18.975+0000] {dag.py:3036} INFO - Sync 1 DAGs
[2025-11-28T07:16:18.995+0000] {logging_mixin.py:188} INFO - [2025-11-28T07:16:18.995+0000] {dag.py:3823} INFO - Setting next_dagrun for latest_only_with_trigger to 2025-11-28 00:00:00+00:00, run_after=2025-11-28 04:00:00+00:00
[2025-11-28T07:16:19.134+0000] {processor.py:183} INFO - Processing /home/airflow/.local/lib/python3.8/site-packages/airflow/example_dags/example_latest_only_with_trigger.py took 0.188 seconds
[2025-11-28T07:16:49.248+0000] {processor.py:161} INFO - Started process (PID=2723) to work on /home/airflow/.local/lib/python3.8/site-packages/airflow/example_dags/example_latest_only_with_trigger.py
[2025-11-28T07:16:49.249+0000] {processor.py:830} INFO - Processing file /home/airflow/.local/lib/python3.8/site-packages/airflow/example_dags/example_latest_only_with_trigger.py for tasks to queue
[2025-11-28T07:16:49.251+0000] {logging_mixin.py:188} INFO - [2025-11-28T07:16:49.251+0000] {dagbag.py:538} INFO - Filling up the DagBag from /home/airflow/.local/lib/python3.8/site-packages/airflow/example_dags/example_latest_only_with_trigger.py
[2025-11-28T07:16:49.257+0000] {processor.py:840} INFO - DAG(s) 'latest_only_with_trigger' retrieved from /home/airflow/.local/lib/python3.8/site-packages/airflow/example_dags/example_latest_only_with_trigger.py
[2025-11-28T07:16:49.280+0000] {logging_mixin.py:188} INFO - [2025-11-28T07:16:49.280+0000] {dag.py:3036} INFO - Sync 1 DAGs
[2025-11-28T07:16:49.300+0000] {logging_mixin.py:188} INFO - [2025-11-28T07:16:49.300+0000] {dag.py:3823} INFO - Setting next_dagrun for latest_only_with_trigger to 2025-11-28 00:00:00+00:00, run_after=2025-11-28 04:00:00+00:00
[2025-11-28T07:16:49.318+0000] {processor.py:183} INFO - Processing /home/airflow/.local/lib/python3.8/site-packages/airflow/example_dags/example_latest_only_with_trigger.py took 0.074 seconds
[2025-11-28T07:17:20.091+0000] {processor.py:161} INFO - Started process (PID=2778) to work on /home/airflow/.local/lib/python3.8/site-packages/airflow/example_dags/example_latest_only_with_trigger.py
[2025-11-28T07:17:20.095+0000] {processor.py:830} INFO - Processing file /home/airflow/.local/lib/python3.8/site-packages/airflow/example_dags/example_latest_only_with_trigger.py for tasks to queue
[2025-11-28T07:17:20.101+0000] {logging_mixin.py:188} INFO - [2025-11-28T07:17:20.100+0000] {dagbag.py:538} INFO - Filling up the DagBag from /home/airflow/.local/lib/python3.8/site-packages/airflow/example_dags/example_latest_only_with_trigger.py
[2025-11-28T07:17:20.115+0000] {processor.py:840} INFO - DAG(s) 'latest_only_with_trigger' retrieved from /home/airflow/.local/lib/python3.8/site-packages/airflow/example_dags/example_latest_only_with_trigger.py
[2025-11-28T07:17:20.147+0000] {logging_mixin.py:188} INFO - [2025-11-28T07:17:20.147+0000] {dag.py:3036} INFO - Sync 1 DAGs
[2025-11-28T07:17:20.164+0000] {logging_mixin.py:188} INFO - [2025-11-28T07:17:20.164+0000] {dag.py:3823} INFO - Setting next_dagrun for latest_only_with_trigger to 2025-11-28 00:00:00+00:00, run_after=2025-11-28 04:00:00+00:00
[2025-11-28T07:17:20.180+0000] {processor.py:183} INFO - Processing /home/airflow/.local/lib/python3.8/site-packages/airflow/example_dags/example_latest_only_with_trigger.py took 0.096 seconds
[2025-11-28T07:17:50.476+0000] {processor.py:161} INFO - Started process (PID=2833) to work on /home/airflow/.local/lib/python3.8/site-packages/airflow/example_dags/example_latest_only_with_trigger.py
[2025-11-28T07:17:50.478+0000] {processor.py:830} INFO - Processing file /home/airflow/.local/lib/python3.8/site-packages/airflow/example_dags/example_latest_only_with_trigger.py for tasks to queue
[2025-11-28T07:17:50.480+0000] {logging_mixin.py:188} INFO - [2025-11-28T07:17:50.479+0000] {dagbag.py:538} INFO - Filling up the DagBag from /home/airflow/.local/lib/python3.8/site-packages/airflow/example_dags/example_latest_only_with_trigger.py
[2025-11-28T07:17:50.484+0000] {processor.py:840} INFO - DAG(s) 'latest_only_with_trigger' retrieved from /home/airflow/.local/lib/python3.8/site-packages/airflow/example_dags/example_latest_only_with_trigger.py
[2025-11-28T07:17:50.504+0000] {logging_mixin.py:188} INFO - [2025-11-28T07:17:50.504+0000] {dag.py:3036} INFO - Sync 1 DAGs
[2025-11-28T07:17:50.521+0000] {logging_mixin.py:188} INFO - [2025-11-28T07:17:50.520+0000] {dag.py:3823} INFO - Setting next_dagrun for latest_only_with_trigger to 2025-11-28 00:00:00+00:00, run_after=2025-11-28 04:00:00+00:00
[2025-11-28T07:17:50.540+0000] {processor.py:183} INFO - Processing /home/airflow/.local/lib/python3.8/site-packages/airflow/example_dags/example_latest_only_with_trigger.py took 0.067 seconds
[2025-11-28T07:18:21.102+0000] {processor.py:161} INFO - Started process (PID=2888) to work on /home/airflow/.local/lib/python3.8/site-packages/airflow/example_dags/example_latest_only_with_trigger.py
[2025-11-28T07:18:21.104+0000] {processor.py:830} INFO - Processing file /home/airflow/.local/lib/python3.8/site-packages/airflow/example_dags/example_latest_only_with_trigger.py for tasks to queue
[2025-11-28T07:18:21.106+0000] {logging_mixin.py:188} INFO - [2025-11-28T07:18:21.106+0000] {dagbag.py:538} INFO - Filling up the DagBag from /home/airflow/.local/lib/python3.8/site-packages/airflow/example_dags/example_latest_only_with_trigger.py
[2025-11-28T07:18:21.112+0000] {processor.py:840} INFO - DAG(s) 'latest_only_with_trigger' retrieved from /home/airflow/.local/lib/python3.8/site-packages/airflow/example_dags/example_latest_only_with_trigger.py
[2025-11-28T07:18:21.145+0000] {logging_mixin.py:188} INFO - [2025-11-28T07:18:21.145+0000] {dag.py:3036} INFO - Sync 1 DAGs
[2025-11-28T07:18:21.174+0000] {logging_mixin.py:188} INFO - [2025-11-28T07:18:21.174+0000] {dag.py:3823} INFO - Setting next_dagrun for latest_only_with_trigger to 2025-11-28 00:00:00+00:00, run_after=2025-11-28 04:00:00+00:00
[2025-11-28T07:18:21.197+0000] {processor.py:183} INFO - Processing /home/airflow/.local/lib/python3.8/site-packages/airflow/example_dags/example_latest_only_with_trigger.py took 0.098 seconds
[2025-11-28T07:18:51.313+0000] {processor.py:161} INFO - Started process (PID=2943) to work on /home/airflow/.local/lib/python3.8/site-packages/airflow/example_dags/example_latest_only_with_trigger.py
[2025-11-28T07:18:51.317+0000] {processor.py:830} INFO - Processing file /home/airflow/.local/lib/python3.8/site-packages/airflow/example_dags/example_latest_only_with_trigger.py for tasks to queue
[2025-11-28T07:18:51.319+0000] {logging_mixin.py:188} INFO - [2025-11-28T07:18:51.319+0000] {dagbag.py:538} INFO - Filling up the DagBag from /home/airflow/.local/lib/python3.8/site-packages/airflow/example_dags/example_latest_only_with_trigger.py
[2025-11-28T07:18:51.331+0000] {processor.py:840} INFO - DAG(s) 'latest_only_with_trigger' retrieved from /home/airflow/.local/lib/python3.8/site-packages/airflow/example_dags/example_latest_only_with_trigger.py
[2025-11-28T07:18:51.357+0000] {logging_mixin.py:188} INFO - [2025-11-28T07:18:51.357+0000] {dag.py:3036} INFO - Sync 1 DAGs
[2025-11-28T07:18:51.382+0000] {logging_mixin.py:188} INFO - [2025-11-28T07:18:51.382+0000] {dag.py:3823} INFO - Setting next_dagrun for latest_only_with_trigger to 2025-11-28 00:00:00+00:00, run_after=2025-11-28 04:00:00+00:00
[2025-11-28T07:18:51.407+0000] {processor.py:183} INFO - Processing /home/airflow/.local/lib/python3.8/site-packages/airflow/example_dags/example_latest_only_with_trigger.py took 0.101 seconds
[2025-11-28T07:19:21.515+0000] {processor.py:161} INFO - Started process (PID=2995) to work on /home/airflow/.local/lib/python3.8/site-packages/airflow/example_dags/example_latest_only_with_trigger.py
[2025-11-28T07:19:21.516+0000] {processor.py:830} INFO - Processing file /home/airflow/.local/lib/python3.8/site-packages/airflow/example_dags/example_latest_only_with_trigger.py for tasks to queue
[2025-11-28T07:19:21.520+0000] {logging_mixin.py:188} INFO - [2025-11-28T07:19:21.520+0000] {dagbag.py:538} INFO - Filling up the DagBag from /home/airflow/.local/lib/python3.8/site-packages/airflow/example_dags/example_latest_only_with_trigger.py
[2025-11-28T07:19:21.535+0000] {processor.py:840} INFO - DAG(s) 'latest_only_with_trigger' retrieved from /home/airflow/.local/lib/python3.8/site-packages/airflow/example_dags/example_latest_only_with_trigger.py
[2025-11-28T07:19:21.580+0000] {logging_mixin.py:188} INFO - [2025-11-28T07:19:21.579+0000] {dag.py:3036} INFO - Sync 1 DAGs
[2025-11-28T07:19:21.605+0000] {logging_mixin.py:188} INFO - [2025-11-28T07:19:21.605+0000] {dag.py:3823} INFO - Setting next_dagrun for latest_only_with_trigger to 2025-11-28 00:00:00+00:00, run_after=2025-11-28 04:00:00+00:00
[2025-11-28T07:19:21.627+0000] {processor.py:183} INFO - Processing /home/airflow/.local/lib/python3.8/site-packages/airflow/example_dags/example_latest_only_with_trigger.py took 0.117 seconds
