[2025-11-28T06:52:24.759+0000] {processor.py:161} INFO - Started process (PID=74) to work on /home/airflow/.local/lib/python3.8/site-packages/airflow/example_dags/example_skip_dag.py
[2025-11-28T06:52:24.762+0000] {processor.py:830} INFO - Processing file /home/airflow/.local/lib/python3.8/site-packages/airflow/example_dags/example_skip_dag.py for tasks to queue
[2025-11-28T06:52:24.766+0000] {logging_mixin.py:188} INFO - [2025-11-28T06:52:24.765+0000] {dagbag.py:538} INFO - Filling up the DagBag from /home/airflow/.local/lib/python3.8/site-packages/airflow/example_dags/example_skip_dag.py
[2025-11-28T06:52:24.781+0000] {processor.py:840} INFO - DAG(s) 'example_skip_dag' retrieved from /home/airflow/.local/lib/python3.8/site-packages/airflow/example_dags/example_skip_dag.py
[2025-11-28T06:52:24.924+0000] {logging_mixin.py:188} INFO - [2025-11-28T06:52:24.923+0000] {override.py:1769} INFO - Created Permission View: can edit on DAG:example_skip_dag
[2025-11-28T06:52:24.941+0000] {logging_mixin.py:188} INFO - [2025-11-28T06:52:24.940+0000] {override.py:1769} INFO - Created Permission View: can delete on DAG:example_skip_dag
[2025-11-28T06:52:24.951+0000] {logging_mixin.py:188} INFO - [2025-11-28T06:52:24.950+0000] {override.py:1769} INFO - Created Permission View: can read on DAG:example_skip_dag
[2025-11-28T06:52:24.952+0000] {logging_mixin.py:188} INFO - [2025-11-28T06:52:24.952+0000] {dag.py:3036} INFO - Sync 1 DAGs
[2025-11-28T06:52:24.969+0000] {logging_mixin.py:188} INFO - [2025-11-28T06:52:24.968+0000] {dag.py:3058} INFO - Creating ORM DAG for example_skip_dag
[2025-11-28T06:52:24.984+0000] {logging_mixin.py:188} INFO - [2025-11-28T06:52:24.983+0000] {dag.py:3823} INFO - Setting next_dagrun for example_skip_dag to 2025-11-27 00:00:00+00:00, run_after=2025-11-28 00:00:00+00:00
[2025-11-28T06:52:25.012+0000] {processor.py:183} INFO - Processing /home/airflow/.local/lib/python3.8/site-packages/airflow/example_dags/example_skip_dag.py took 0.258 seconds
[2025-11-28T06:52:55.150+0000] {processor.py:161} INFO - Started process (PID=129) to work on /home/airflow/.local/lib/python3.8/site-packages/airflow/example_dags/example_skip_dag.py
[2025-11-28T06:52:55.152+0000] {processor.py:830} INFO - Processing file /home/airflow/.local/lib/python3.8/site-packages/airflow/example_dags/example_skip_dag.py for tasks to queue
[2025-11-28T06:52:55.158+0000] {logging_mixin.py:188} INFO - [2025-11-28T06:52:55.157+0000] {dagbag.py:538} INFO - Filling up the DagBag from /home/airflow/.local/lib/python3.8/site-packages/airflow/example_dags/example_skip_dag.py
[2025-11-28T06:52:55.170+0000] {processor.py:840} INFO - DAG(s) 'example_skip_dag' retrieved from /home/airflow/.local/lib/python3.8/site-packages/airflow/example_dags/example_skip_dag.py
[2025-11-28T06:52:55.193+0000] {logging_mixin.py:188} INFO - [2025-11-28T06:52:55.193+0000] {dag.py:3036} INFO - Sync 1 DAGs
[2025-11-28T06:52:55.212+0000] {logging_mixin.py:188} INFO - [2025-11-28T06:52:55.212+0000] {dag.py:3823} INFO - Setting next_dagrun for example_skip_dag to 2025-11-27 00:00:00+00:00, run_after=2025-11-28 00:00:00+00:00
[2025-11-28T06:52:55.231+0000] {processor.py:183} INFO - Processing /home/airflow/.local/lib/python3.8/site-packages/airflow/example_dags/example_skip_dag.py took 0.089 seconds
[2025-11-28T06:53:25.578+0000] {processor.py:161} INFO - Started process (PID=184) to work on /home/airflow/.local/lib/python3.8/site-packages/airflow/example_dags/example_skip_dag.py
[2025-11-28T06:53:25.580+0000] {processor.py:830} INFO - Processing file /home/airflow/.local/lib/python3.8/site-packages/airflow/example_dags/example_skip_dag.py for tasks to queue
[2025-11-28T06:53:25.582+0000] {logging_mixin.py:188} INFO - [2025-11-28T06:53:25.582+0000] {dagbag.py:538} INFO - Filling up the DagBag from /home/airflow/.local/lib/python3.8/site-packages/airflow/example_dags/example_skip_dag.py
[2025-11-28T06:53:25.590+0000] {processor.py:840} INFO - DAG(s) 'example_skip_dag' retrieved from /home/airflow/.local/lib/python3.8/site-packages/airflow/example_dags/example_skip_dag.py
[2025-11-28T06:53:25.615+0000] {logging_mixin.py:188} INFO - [2025-11-28T06:53:25.615+0000] {dag.py:3036} INFO - Sync 1 DAGs
[2025-11-28T06:53:25.635+0000] {logging_mixin.py:188} INFO - [2025-11-28T06:53:25.635+0000] {dag.py:3823} INFO - Setting next_dagrun for example_skip_dag to 2025-11-27 00:00:00+00:00, run_after=2025-11-28 00:00:00+00:00
[2025-11-28T06:53:25.655+0000] {processor.py:183} INFO - Processing /home/airflow/.local/lib/python3.8/site-packages/airflow/example_dags/example_skip_dag.py took 0.080 seconds
[2025-11-28T06:53:55.870+0000] {processor.py:161} INFO - Started process (PID=239) to work on /home/airflow/.local/lib/python3.8/site-packages/airflow/example_dags/example_skip_dag.py
[2025-11-28T06:53:55.872+0000] {processor.py:830} INFO - Processing file /home/airflow/.local/lib/python3.8/site-packages/airflow/example_dags/example_skip_dag.py for tasks to queue
[2025-11-28T06:53:55.876+0000] {logging_mixin.py:188} INFO - [2025-11-28T06:53:55.875+0000] {dagbag.py:538} INFO - Filling up the DagBag from /home/airflow/.local/lib/python3.8/site-packages/airflow/example_dags/example_skip_dag.py
[2025-11-28T06:53:55.882+0000] {processor.py:840} INFO - DAG(s) 'example_skip_dag' retrieved from /home/airflow/.local/lib/python3.8/site-packages/airflow/example_dags/example_skip_dag.py
[2025-11-28T06:53:55.906+0000] {logging_mixin.py:188} INFO - [2025-11-28T06:53:55.906+0000] {dag.py:3036} INFO - Sync 1 DAGs
[2025-11-28T06:53:55.925+0000] {logging_mixin.py:188} INFO - [2025-11-28T06:53:55.925+0000] {dag.py:3823} INFO - Setting next_dagrun for example_skip_dag to 2025-11-27 00:00:00+00:00, run_after=2025-11-28 00:00:00+00:00
[2025-11-28T06:53:55.944+0000] {processor.py:183} INFO - Processing /home/airflow/.local/lib/python3.8/site-packages/airflow/example_dags/example_skip_dag.py took 0.077 seconds
[2025-11-28T06:54:26.247+0000] {processor.py:161} INFO - Started process (PID=294) to work on /home/airflow/.local/lib/python3.8/site-packages/airflow/example_dags/example_skip_dag.py
[2025-11-28T06:54:26.249+0000] {processor.py:830} INFO - Processing file /home/airflow/.local/lib/python3.8/site-packages/airflow/example_dags/example_skip_dag.py for tasks to queue
[2025-11-28T06:54:26.251+0000] {logging_mixin.py:188} INFO - [2025-11-28T06:54:26.251+0000] {dagbag.py:538} INFO - Filling up the DagBag from /home/airflow/.local/lib/python3.8/site-packages/airflow/example_dags/example_skip_dag.py
[2025-11-28T06:54:26.261+0000] {processor.py:840} INFO - DAG(s) 'example_skip_dag' retrieved from /home/airflow/.local/lib/python3.8/site-packages/airflow/example_dags/example_skip_dag.py
[2025-11-28T06:54:26.286+0000] {logging_mixin.py:188} INFO - [2025-11-28T06:54:26.285+0000] {dag.py:3036} INFO - Sync 1 DAGs
[2025-11-28T06:54:26.305+0000] {logging_mixin.py:188} INFO - [2025-11-28T06:54:26.305+0000] {dag.py:3823} INFO - Setting next_dagrun for example_skip_dag to 2025-11-27 00:00:00+00:00, run_after=2025-11-28 00:00:00+00:00
[2025-11-28T06:54:26.322+0000] {processor.py:183} INFO - Processing /home/airflow/.local/lib/python3.8/site-packages/airflow/example_dags/example_skip_dag.py took 0.080 seconds
[2025-11-28T06:54:56.921+0000] {processor.py:161} INFO - Started process (PID=355) to work on /home/airflow/.local/lib/python3.8/site-packages/airflow/example_dags/example_skip_dag.py
[2025-11-28T06:54:56.923+0000] {processor.py:830} INFO - Processing file /home/airflow/.local/lib/python3.8/site-packages/airflow/example_dags/example_skip_dag.py for tasks to queue
[2025-11-28T06:54:56.926+0000] {logging_mixin.py:188} INFO - [2025-11-28T06:54:56.925+0000] {dagbag.py:538} INFO - Filling up the DagBag from /home/airflow/.local/lib/python3.8/site-packages/airflow/example_dags/example_skip_dag.py
[2025-11-28T06:54:56.935+0000] {processor.py:840} INFO - DAG(s) 'example_skip_dag' retrieved from /home/airflow/.local/lib/python3.8/site-packages/airflow/example_dags/example_skip_dag.py
[2025-11-28T06:54:56.954+0000] {logging_mixin.py:188} INFO - [2025-11-28T06:54:56.954+0000] {dag.py:3036} INFO - Sync 1 DAGs
[2025-11-28T06:54:56.979+0000] {logging_mixin.py:188} INFO - [2025-11-28T06:54:56.979+0000] {dag.py:3823} INFO - Setting next_dagrun for example_skip_dag to 2025-11-27 00:00:00+00:00, run_after=2025-11-28 00:00:00+00:00
[2025-11-28T06:54:56.997+0000] {processor.py:183} INFO - Processing /home/airflow/.local/lib/python3.8/site-packages/airflow/example_dags/example_skip_dag.py took 0.080 seconds
[2025-11-28T06:55:27.143+0000] {processor.py:161} INFO - Started process (PID=410) to work on /home/airflow/.local/lib/python3.8/site-packages/airflow/example_dags/example_skip_dag.py
[2025-11-28T06:55:27.145+0000] {processor.py:830} INFO - Processing file /home/airflow/.local/lib/python3.8/site-packages/airflow/example_dags/example_skip_dag.py for tasks to queue
[2025-11-28T06:55:27.148+0000] {logging_mixin.py:188} INFO - [2025-11-28T06:55:27.148+0000] {dagbag.py:538} INFO - Filling up the DagBag from /home/airflow/.local/lib/python3.8/site-packages/airflow/example_dags/example_skip_dag.py
[2025-11-28T06:55:27.153+0000] {processor.py:840} INFO - DAG(s) 'example_skip_dag' retrieved from /home/airflow/.local/lib/python3.8/site-packages/airflow/example_dags/example_skip_dag.py
[2025-11-28T06:55:27.253+0000] {logging_mixin.py:188} INFO - [2025-11-28T06:55:27.253+0000] {dag.py:3036} INFO - Sync 1 DAGs
[2025-11-28T06:55:27.269+0000] {logging_mixin.py:188} INFO - [2025-11-28T06:55:27.269+0000] {dag.py:3823} INFO - Setting next_dagrun for example_skip_dag to 2025-11-27 00:00:00+00:00, run_after=2025-11-28 00:00:00+00:00
[2025-11-28T06:55:27.288+0000] {processor.py:183} INFO - Processing /home/airflow/.local/lib/python3.8/site-packages/airflow/example_dags/example_skip_dag.py took 0.147 seconds
[2025-11-28T06:55:57.387+0000] {processor.py:161} INFO - Started process (PID=465) to work on /home/airflow/.local/lib/python3.8/site-packages/airflow/example_dags/example_skip_dag.py
[2025-11-28T06:55:57.388+0000] {processor.py:830} INFO - Processing file /home/airflow/.local/lib/python3.8/site-packages/airflow/example_dags/example_skip_dag.py for tasks to queue
[2025-11-28T06:55:57.391+0000] {logging_mixin.py:188} INFO - [2025-11-28T06:55:57.390+0000] {dagbag.py:538} INFO - Filling up the DagBag from /home/airflow/.local/lib/python3.8/site-packages/airflow/example_dags/example_skip_dag.py
[2025-11-28T06:55:57.396+0000] {processor.py:840} INFO - DAG(s) 'example_skip_dag' retrieved from /home/airflow/.local/lib/python3.8/site-packages/airflow/example_dags/example_skip_dag.py
[2025-11-28T06:55:57.422+0000] {logging_mixin.py:188} INFO - [2025-11-28T06:55:57.422+0000] {dag.py:3036} INFO - Sync 1 DAGs
[2025-11-28T06:55:57.442+0000] {logging_mixin.py:188} INFO - [2025-11-28T06:55:57.442+0000] {dag.py:3823} INFO - Setting next_dagrun for example_skip_dag to 2025-11-27 00:00:00+00:00, run_after=2025-11-28 00:00:00+00:00
[2025-11-28T06:55:57.462+0000] {processor.py:183} INFO - Processing /home/airflow/.local/lib/python3.8/site-packages/airflow/example_dags/example_skip_dag.py took 0.078 seconds
[2025-11-28T06:56:27.811+0000] {processor.py:161} INFO - Started process (PID=520) to work on /home/airflow/.local/lib/python3.8/site-packages/airflow/example_dags/example_skip_dag.py
[2025-11-28T06:56:27.813+0000] {processor.py:830} INFO - Processing file /home/airflow/.local/lib/python3.8/site-packages/airflow/example_dags/example_skip_dag.py for tasks to queue
[2025-11-28T06:56:27.815+0000] {logging_mixin.py:188} INFO - [2025-11-28T06:56:27.815+0000] {dagbag.py:538} INFO - Filling up the DagBag from /home/airflow/.local/lib/python3.8/site-packages/airflow/example_dags/example_skip_dag.py
[2025-11-28T06:56:27.822+0000] {processor.py:840} INFO - DAG(s) 'example_skip_dag' retrieved from /home/airflow/.local/lib/python3.8/site-packages/airflow/example_dags/example_skip_dag.py
[2025-11-28T06:56:27.845+0000] {logging_mixin.py:188} INFO - [2025-11-28T06:56:27.844+0000] {dag.py:3036} INFO - Sync 1 DAGs
[2025-11-28T06:56:27.864+0000] {logging_mixin.py:188} INFO - [2025-11-28T06:56:27.864+0000] {dag.py:3823} INFO - Setting next_dagrun for example_skip_dag to 2025-11-27 00:00:00+00:00, run_after=2025-11-28 00:00:00+00:00
[2025-11-28T06:56:27.883+0000] {processor.py:183} INFO - Processing /home/airflow/.local/lib/python3.8/site-packages/airflow/example_dags/example_skip_dag.py took 0.075 seconds
[2025-11-28T06:56:58.287+0000] {processor.py:161} INFO - Started process (PID=575) to work on /home/airflow/.local/lib/python3.8/site-packages/airflow/example_dags/example_skip_dag.py
[2025-11-28T06:56:58.288+0000] {processor.py:830} INFO - Processing file /home/airflow/.local/lib/python3.8/site-packages/airflow/example_dags/example_skip_dag.py for tasks to queue
[2025-11-28T06:56:58.291+0000] {logging_mixin.py:188} INFO - [2025-11-28T06:56:58.291+0000] {dagbag.py:538} INFO - Filling up the DagBag from /home/airflow/.local/lib/python3.8/site-packages/airflow/example_dags/example_skip_dag.py
[2025-11-28T06:56:58.300+0000] {processor.py:840} INFO - DAG(s) 'example_skip_dag' retrieved from /home/airflow/.local/lib/python3.8/site-packages/airflow/example_dags/example_skip_dag.py
[2025-11-28T06:56:58.325+0000] {logging_mixin.py:188} INFO - [2025-11-28T06:56:58.325+0000] {dag.py:3036} INFO - Sync 1 DAGs
[2025-11-28T06:56:58.342+0000] {logging_mixin.py:188} INFO - [2025-11-28T06:56:58.342+0000] {dag.py:3823} INFO - Setting next_dagrun for example_skip_dag to 2025-11-27 00:00:00+00:00, run_after=2025-11-28 00:00:00+00:00
[2025-11-28T06:56:58.368+0000] {processor.py:183} INFO - Processing /home/airflow/.local/lib/python3.8/site-packages/airflow/example_dags/example_skip_dag.py took 0.086 seconds
[2025-11-28T06:57:28.966+0000] {processor.py:161} INFO - Started process (PID=630) to work on /home/airflow/.local/lib/python3.8/site-packages/airflow/example_dags/example_skip_dag.py
[2025-11-28T06:57:28.967+0000] {processor.py:830} INFO - Processing file /home/airflow/.local/lib/python3.8/site-packages/airflow/example_dags/example_skip_dag.py for tasks to queue
[2025-11-28T06:57:28.971+0000] {logging_mixin.py:188} INFO - [2025-11-28T06:57:28.971+0000] {dagbag.py:538} INFO - Filling up the DagBag from /home/airflow/.local/lib/python3.8/site-packages/airflow/example_dags/example_skip_dag.py
[2025-11-28T06:57:28.979+0000] {processor.py:840} INFO - DAG(s) 'example_skip_dag' retrieved from /home/airflow/.local/lib/python3.8/site-packages/airflow/example_dags/example_skip_dag.py
[2025-11-28T06:57:29.002+0000] {logging_mixin.py:188} INFO - [2025-11-28T06:57:29.002+0000] {dag.py:3036} INFO - Sync 1 DAGs
[2025-11-28T06:57:29.019+0000] {logging_mixin.py:188} INFO - [2025-11-28T06:57:29.019+0000] {dag.py:3823} INFO - Setting next_dagrun for example_skip_dag to 2025-11-27 00:00:00+00:00, run_after=2025-11-28 00:00:00+00:00
[2025-11-28T06:57:29.033+0000] {processor.py:183} INFO - Processing /home/airflow/.local/lib/python3.8/site-packages/airflow/example_dags/example_skip_dag.py took 0.073 seconds
[2025-11-28T06:57:59.537+0000] {processor.py:161} INFO - Started process (PID=685) to work on /home/airflow/.local/lib/python3.8/site-packages/airflow/example_dags/example_skip_dag.py
[2025-11-28T06:57:59.538+0000] {processor.py:830} INFO - Processing file /home/airflow/.local/lib/python3.8/site-packages/airflow/example_dags/example_skip_dag.py for tasks to queue
[2025-11-28T06:57:59.540+0000] {logging_mixin.py:188} INFO - [2025-11-28T06:57:59.540+0000] {dagbag.py:538} INFO - Filling up the DagBag from /home/airflow/.local/lib/python3.8/site-packages/airflow/example_dags/example_skip_dag.py
[2025-11-28T06:57:59.549+0000] {processor.py:840} INFO - DAG(s) 'example_skip_dag' retrieved from /home/airflow/.local/lib/python3.8/site-packages/airflow/example_dags/example_skip_dag.py
[2025-11-28T06:57:59.570+0000] {logging_mixin.py:188} INFO - [2025-11-28T06:57:59.570+0000] {dag.py:3036} INFO - Sync 1 DAGs
[2025-11-28T06:57:59.588+0000] {logging_mixin.py:188} INFO - [2025-11-28T06:57:59.588+0000] {dag.py:3823} INFO - Setting next_dagrun for example_skip_dag to 2025-11-27 00:00:00+00:00, run_after=2025-11-28 00:00:00+00:00
[2025-11-28T06:57:59.613+0000] {processor.py:183} INFO - Processing /home/airflow/.local/lib/python3.8/site-packages/airflow/example_dags/example_skip_dag.py took 0.079 seconds
[2025-11-28T06:58:30.092+0000] {processor.py:161} INFO - Started process (PID=740) to work on /home/airflow/.local/lib/python3.8/site-packages/airflow/example_dags/example_skip_dag.py
[2025-11-28T06:58:30.094+0000] {processor.py:830} INFO - Processing file /home/airflow/.local/lib/python3.8/site-packages/airflow/example_dags/example_skip_dag.py for tasks to queue
[2025-11-28T06:58:30.096+0000] {logging_mixin.py:188} INFO - [2025-11-28T06:58:30.096+0000] {dagbag.py:538} INFO - Filling up the DagBag from /home/airflow/.local/lib/python3.8/site-packages/airflow/example_dags/example_skip_dag.py
[2025-11-28T06:58:30.101+0000] {processor.py:840} INFO - DAG(s) 'example_skip_dag' retrieved from /home/airflow/.local/lib/python3.8/site-packages/airflow/example_dags/example_skip_dag.py
[2025-11-28T06:58:30.118+0000] {logging_mixin.py:188} INFO - [2025-11-28T06:58:30.118+0000] {dag.py:3036} INFO - Sync 1 DAGs
[2025-11-28T06:58:30.134+0000] {logging_mixin.py:188} INFO - [2025-11-28T06:58:30.134+0000] {dag.py:3823} INFO - Setting next_dagrun for example_skip_dag to 2025-11-27 00:00:00+00:00, run_after=2025-11-28 00:00:00+00:00
[2025-11-28T06:58:30.149+0000] {processor.py:183} INFO - Processing /home/airflow/.local/lib/python3.8/site-packages/airflow/example_dags/example_skip_dag.py took 0.059 seconds
[2025-11-28T06:59:00.649+0000] {processor.py:161} INFO - Started process (PID=795) to work on /home/airflow/.local/lib/python3.8/site-packages/airflow/example_dags/example_skip_dag.py
[2025-11-28T06:59:00.651+0000] {processor.py:830} INFO - Processing file /home/airflow/.local/lib/python3.8/site-packages/airflow/example_dags/example_skip_dag.py for tasks to queue
[2025-11-28T06:59:00.653+0000] {logging_mixin.py:188} INFO - [2025-11-28T06:59:00.653+0000] {dagbag.py:538} INFO - Filling up the DagBag from /home/airflow/.local/lib/python3.8/site-packages/airflow/example_dags/example_skip_dag.py
[2025-11-28T06:59:00.660+0000] {processor.py:840} INFO - DAG(s) 'example_skip_dag' retrieved from /home/airflow/.local/lib/python3.8/site-packages/airflow/example_dags/example_skip_dag.py
[2025-11-28T06:59:00.686+0000] {logging_mixin.py:188} INFO - [2025-11-28T06:59:00.686+0000] {dag.py:3036} INFO - Sync 1 DAGs
[2025-11-28T06:59:00.705+0000] {logging_mixin.py:188} INFO - [2025-11-28T06:59:00.705+0000] {dag.py:3823} INFO - Setting next_dagrun for example_skip_dag to 2025-11-27 00:00:00+00:00, run_after=2025-11-28 00:00:00+00:00
[2025-11-28T06:59:00.723+0000] {processor.py:183} INFO - Processing /home/airflow/.local/lib/python3.8/site-packages/airflow/example_dags/example_skip_dag.py took 0.077 seconds
[2025-11-28T06:59:31.120+0000] {processor.py:161} INFO - Started process (PID=850) to work on /home/airflow/.local/lib/python3.8/site-packages/airflow/example_dags/example_skip_dag.py
[2025-11-28T06:59:31.121+0000] {processor.py:830} INFO - Processing file /home/airflow/.local/lib/python3.8/site-packages/airflow/example_dags/example_skip_dag.py for tasks to queue
[2025-11-28T06:59:31.123+0000] {logging_mixin.py:188} INFO - [2025-11-28T06:59:31.122+0000] {dagbag.py:538} INFO - Filling up the DagBag from /home/airflow/.local/lib/python3.8/site-packages/airflow/example_dags/example_skip_dag.py
[2025-11-28T06:59:31.129+0000] {processor.py:840} INFO - DAG(s) 'example_skip_dag' retrieved from /home/airflow/.local/lib/python3.8/site-packages/airflow/example_dags/example_skip_dag.py
[2025-11-28T06:59:31.145+0000] {logging_mixin.py:188} INFO - [2025-11-28T06:59:31.144+0000] {dag.py:3036} INFO - Sync 1 DAGs
[2025-11-28T06:59:31.160+0000] {logging_mixin.py:188} INFO - [2025-11-28T06:59:31.159+0000] {dag.py:3823} INFO - Setting next_dagrun for example_skip_dag to 2025-11-27 00:00:00+00:00, run_after=2025-11-28 00:00:00+00:00
[2025-11-28T06:59:31.172+0000] {processor.py:183} INFO - Processing /home/airflow/.local/lib/python3.8/site-packages/airflow/example_dags/example_skip_dag.py took 0.056 seconds
[2025-11-28T07:00:01.282+0000] {processor.py:161} INFO - Started process (PID=905) to work on /home/airflow/.local/lib/python3.8/site-packages/airflow/example_dags/example_skip_dag.py
[2025-11-28T07:00:01.283+0000] {processor.py:830} INFO - Processing file /home/airflow/.local/lib/python3.8/site-packages/airflow/example_dags/example_skip_dag.py for tasks to queue
[2025-11-28T07:00:01.285+0000] {logging_mixin.py:188} INFO - [2025-11-28T07:00:01.284+0000] {dagbag.py:538} INFO - Filling up the DagBag from /home/airflow/.local/lib/python3.8/site-packages/airflow/example_dags/example_skip_dag.py
[2025-11-28T07:00:01.291+0000] {processor.py:840} INFO - DAG(s) 'example_skip_dag' retrieved from /home/airflow/.local/lib/python3.8/site-packages/airflow/example_dags/example_skip_dag.py
[2025-11-28T07:00:01.308+0000] {logging_mixin.py:188} INFO - [2025-11-28T07:00:01.308+0000] {dag.py:3036} INFO - Sync 1 DAGs
[2025-11-28T07:00:01.327+0000] {logging_mixin.py:188} INFO - [2025-11-28T07:00:01.327+0000] {dag.py:3823} INFO - Setting next_dagrun for example_skip_dag to 2025-11-27 00:00:00+00:00, run_after=2025-11-28 00:00:00+00:00
[2025-11-28T07:00:01.342+0000] {processor.py:183} INFO - Processing /home/airflow/.local/lib/python3.8/site-packages/airflow/example_dags/example_skip_dag.py took 0.063 seconds
[2025-11-28T07:00:31.970+0000] {processor.py:161} INFO - Started process (PID=960) to work on /home/airflow/.local/lib/python3.8/site-packages/airflow/example_dags/example_skip_dag.py
[2025-11-28T07:00:31.971+0000] {processor.py:830} INFO - Processing file /home/airflow/.local/lib/python3.8/site-packages/airflow/example_dags/example_skip_dag.py for tasks to queue
[2025-11-28T07:00:31.973+0000] {logging_mixin.py:188} INFO - [2025-11-28T07:00:31.972+0000] {dagbag.py:538} INFO - Filling up the DagBag from /home/airflow/.local/lib/python3.8/site-packages/airflow/example_dags/example_skip_dag.py
[2025-11-28T07:00:31.983+0000] {processor.py:840} INFO - DAG(s) 'example_skip_dag' retrieved from /home/airflow/.local/lib/python3.8/site-packages/airflow/example_dags/example_skip_dag.py
[2025-11-28T07:00:32.008+0000] {logging_mixin.py:188} INFO - [2025-11-28T07:00:32.008+0000] {dag.py:3036} INFO - Sync 1 DAGs
[2025-11-28T07:00:32.028+0000] {logging_mixin.py:188} INFO - [2025-11-28T07:00:32.027+0000] {dag.py:3823} INFO - Setting next_dagrun for example_skip_dag to 2025-11-27 00:00:00+00:00, run_after=2025-11-28 00:00:00+00:00
[2025-11-28T07:00:32.049+0000] {processor.py:183} INFO - Processing /home/airflow/.local/lib/python3.8/site-packages/airflow/example_dags/example_skip_dag.py took 0.083 seconds
[2025-11-28T07:01:02.281+0000] {processor.py:161} INFO - Started process (PID=1015) to work on /home/airflow/.local/lib/python3.8/site-packages/airflow/example_dags/example_skip_dag.py
[2025-11-28T07:01:02.283+0000] {processor.py:830} INFO - Processing file /home/airflow/.local/lib/python3.8/site-packages/airflow/example_dags/example_skip_dag.py for tasks to queue
[2025-11-28T07:01:02.285+0000] {logging_mixin.py:188} INFO - [2025-11-28T07:01:02.285+0000] {dagbag.py:538} INFO - Filling up the DagBag from /home/airflow/.local/lib/python3.8/site-packages/airflow/example_dags/example_skip_dag.py
[2025-11-28T07:01:02.296+0000] {processor.py:840} INFO - DAG(s) 'example_skip_dag' retrieved from /home/airflow/.local/lib/python3.8/site-packages/airflow/example_dags/example_skip_dag.py
[2025-11-28T07:01:02.342+0000] {logging_mixin.py:188} INFO - [2025-11-28T07:01:02.342+0000] {dag.py:3036} INFO - Sync 1 DAGs
[2025-11-28T07:01:02.367+0000] {logging_mixin.py:188} INFO - [2025-11-28T07:01:02.367+0000] {dag.py:3823} INFO - Setting next_dagrun for example_skip_dag to 2025-11-27 00:00:00+00:00, run_after=2025-11-28 00:00:00+00:00
[2025-11-28T07:01:02.388+0000] {processor.py:183} INFO - Processing /home/airflow/.local/lib/python3.8/site-packages/airflow/example_dags/example_skip_dag.py took 0.110 seconds
[2025-11-28T07:01:32.605+0000] {processor.py:161} INFO - Started process (PID=1069) to work on /home/airflow/.local/lib/python3.8/site-packages/airflow/example_dags/example_skip_dag.py
[2025-11-28T07:01:32.607+0000] {processor.py:830} INFO - Processing file /home/airflow/.local/lib/python3.8/site-packages/airflow/example_dags/example_skip_dag.py for tasks to queue
[2025-11-28T07:01:32.609+0000] {logging_mixin.py:188} INFO - [2025-11-28T07:01:32.609+0000] {dagbag.py:538} INFO - Filling up the DagBag from /home/airflow/.local/lib/python3.8/site-packages/airflow/example_dags/example_skip_dag.py
[2025-11-28T07:01:32.616+0000] {processor.py:840} INFO - DAG(s) 'example_skip_dag' retrieved from /home/airflow/.local/lib/python3.8/site-packages/airflow/example_dags/example_skip_dag.py
[2025-11-28T07:01:32.661+0000] {logging_mixin.py:188} INFO - [2025-11-28T07:01:32.660+0000] {dag.py:3036} INFO - Sync 1 DAGs
[2025-11-28T07:01:32.693+0000] {logging_mixin.py:188} INFO - [2025-11-28T07:01:32.693+0000] {dag.py:3823} INFO - Setting next_dagrun for example_skip_dag to 2025-11-27 00:00:00+00:00, run_after=2025-11-28 00:00:00+00:00
[2025-11-28T07:01:32.733+0000] {processor.py:183} INFO - Processing /home/airflow/.local/lib/python3.8/site-packages/airflow/example_dags/example_skip_dag.py took 0.132 seconds
[2025-11-28T07:02:02.968+0000] {processor.py:161} INFO - Started process (PID=1124) to work on /home/airflow/.local/lib/python3.8/site-packages/airflow/example_dags/example_skip_dag.py
[2025-11-28T07:02:02.970+0000] {processor.py:830} INFO - Processing file /home/airflow/.local/lib/python3.8/site-packages/airflow/example_dags/example_skip_dag.py for tasks to queue
[2025-11-28T07:02:02.971+0000] {logging_mixin.py:188} INFO - [2025-11-28T07:02:02.971+0000] {dagbag.py:538} INFO - Filling up the DagBag from /home/airflow/.local/lib/python3.8/site-packages/airflow/example_dags/example_skip_dag.py
[2025-11-28T07:02:02.977+0000] {processor.py:840} INFO - DAG(s) 'example_skip_dag' retrieved from /home/airflow/.local/lib/python3.8/site-packages/airflow/example_dags/example_skip_dag.py
[2025-11-28T07:02:02.994+0000] {logging_mixin.py:188} INFO - [2025-11-28T07:02:02.993+0000] {dag.py:3036} INFO - Sync 1 DAGs
[2025-11-28T07:02:03.009+0000] {logging_mixin.py:188} INFO - [2025-11-28T07:02:03.009+0000] {dag.py:3823} INFO - Setting next_dagrun for example_skip_dag to 2025-11-27 00:00:00+00:00, run_after=2025-11-28 00:00:00+00:00
[2025-11-28T07:02:03.024+0000] {processor.py:183} INFO - Processing /home/airflow/.local/lib/python3.8/site-packages/airflow/example_dags/example_skip_dag.py took 0.061 seconds
[2025-11-28T07:02:33.192+0000] {processor.py:161} INFO - Started process (PID=1178) to work on /home/airflow/.local/lib/python3.8/site-packages/airflow/example_dags/example_skip_dag.py
[2025-11-28T07:02:33.194+0000] {processor.py:830} INFO - Processing file /home/airflow/.local/lib/python3.8/site-packages/airflow/example_dags/example_skip_dag.py for tasks to queue
[2025-11-28T07:02:33.196+0000] {logging_mixin.py:188} INFO - [2025-11-28T07:02:33.196+0000] {dagbag.py:538} INFO - Filling up the DagBag from /home/airflow/.local/lib/python3.8/site-packages/airflow/example_dags/example_skip_dag.py
[2025-11-28T07:02:33.204+0000] {processor.py:840} INFO - DAG(s) 'example_skip_dag' retrieved from /home/airflow/.local/lib/python3.8/site-packages/airflow/example_dags/example_skip_dag.py
[2025-11-28T07:02:33.248+0000] {logging_mixin.py:188} INFO - [2025-11-28T07:02:33.247+0000] {dag.py:3036} INFO - Sync 1 DAGs
[2025-11-28T07:02:33.282+0000] {logging_mixin.py:188} INFO - [2025-11-28T07:02:33.281+0000] {dag.py:3823} INFO - Setting next_dagrun for example_skip_dag to 2025-11-27 00:00:00+00:00, run_after=2025-11-28 00:00:00+00:00
[2025-11-28T07:02:33.320+0000] {processor.py:183} INFO - Processing /home/airflow/.local/lib/python3.8/site-packages/airflow/example_dags/example_skip_dag.py took 0.131 seconds
[2025-11-28T07:03:04.117+0000] {processor.py:161} INFO - Started process (PID=1234) to work on /home/airflow/.local/lib/python3.8/site-packages/airflow/example_dags/example_skip_dag.py
[2025-11-28T07:03:04.119+0000] {processor.py:830} INFO - Processing file /home/airflow/.local/lib/python3.8/site-packages/airflow/example_dags/example_skip_dag.py for tasks to queue
[2025-11-28T07:03:04.124+0000] {logging_mixin.py:188} INFO - [2025-11-28T07:03:04.123+0000] {dagbag.py:538} INFO - Filling up the DagBag from /home/airflow/.local/lib/python3.8/site-packages/airflow/example_dags/example_skip_dag.py
[2025-11-28T07:03:04.136+0000] {processor.py:840} INFO - DAG(s) 'example_skip_dag' retrieved from /home/airflow/.local/lib/python3.8/site-packages/airflow/example_dags/example_skip_dag.py
[2025-11-28T07:03:04.165+0000] {logging_mixin.py:188} INFO - [2025-11-28T07:03:04.164+0000] {dag.py:3036} INFO - Sync 1 DAGs
[2025-11-28T07:03:04.185+0000] {logging_mixin.py:188} INFO - [2025-11-28T07:03:04.184+0000] {dag.py:3823} INFO - Setting next_dagrun for example_skip_dag to 2025-11-27 00:00:00+00:00, run_after=2025-11-28 00:00:00+00:00
[2025-11-28T07:03:04.208+0000] {processor.py:183} INFO - Processing /home/airflow/.local/lib/python3.8/site-packages/airflow/example_dags/example_skip_dag.py took 0.096 seconds
[2025-11-28T07:03:34.551+0000] {processor.py:161} INFO - Started process (PID=1289) to work on /home/airflow/.local/lib/python3.8/site-packages/airflow/example_dags/example_skip_dag.py
[2025-11-28T07:03:34.552+0000] {processor.py:830} INFO - Processing file /home/airflow/.local/lib/python3.8/site-packages/airflow/example_dags/example_skip_dag.py for tasks to queue
[2025-11-28T07:03:34.554+0000] {logging_mixin.py:188} INFO - [2025-11-28T07:03:34.554+0000] {dagbag.py:538} INFO - Filling up the DagBag from /home/airflow/.local/lib/python3.8/site-packages/airflow/example_dags/example_skip_dag.py
[2025-11-28T07:03:34.561+0000] {processor.py:840} INFO - DAG(s) 'example_skip_dag' retrieved from /home/airflow/.local/lib/python3.8/site-packages/airflow/example_dags/example_skip_dag.py
[2025-11-28T07:03:34.581+0000] {logging_mixin.py:188} INFO - [2025-11-28T07:03:34.581+0000] {dag.py:3036} INFO - Sync 1 DAGs
[2025-11-28T07:03:34.604+0000] {logging_mixin.py:188} INFO - [2025-11-28T07:03:34.604+0000] {dag.py:3823} INFO - Setting next_dagrun for example_skip_dag to 2025-11-27 00:00:00+00:00, run_after=2025-11-28 00:00:00+00:00
[2025-11-28T07:03:34.625+0000] {processor.py:183} INFO - Processing /home/airflow/.local/lib/python3.8/site-packages/airflow/example_dags/example_skip_dag.py took 0.080 seconds
[2025-11-28T07:04:05.416+0000] {processor.py:161} INFO - Started process (PID=1344) to work on /home/airflow/.local/lib/python3.8/site-packages/airflow/example_dags/example_skip_dag.py
[2025-11-28T07:04:05.417+0000] {processor.py:830} INFO - Processing file /home/airflow/.local/lib/python3.8/site-packages/airflow/example_dags/example_skip_dag.py for tasks to queue
[2025-11-28T07:04:05.422+0000] {logging_mixin.py:188} INFO - [2025-11-28T07:04:05.421+0000] {dagbag.py:538} INFO - Filling up the DagBag from /home/airflow/.local/lib/python3.8/site-packages/airflow/example_dags/example_skip_dag.py
[2025-11-28T07:04:05.430+0000] {processor.py:840} INFO - DAG(s) 'example_skip_dag' retrieved from /home/airflow/.local/lib/python3.8/site-packages/airflow/example_dags/example_skip_dag.py
[2025-11-28T07:04:05.459+0000] {logging_mixin.py:188} INFO - [2025-11-28T07:04:05.457+0000] {dag.py:3036} INFO - Sync 1 DAGs
[2025-11-28T07:04:05.482+0000] {logging_mixin.py:188} INFO - [2025-11-28T07:04:05.482+0000] {dag.py:3823} INFO - Setting next_dagrun for example_skip_dag to 2025-11-27 00:00:00+00:00, run_after=2025-11-28 00:00:00+00:00
[2025-11-28T07:04:05.506+0000] {processor.py:183} INFO - Processing /home/airflow/.local/lib/python3.8/site-packages/airflow/example_dags/example_skip_dag.py took 0.093 seconds
[2025-11-28T07:04:36.032+0000] {processor.py:161} INFO - Started process (PID=1399) to work on /home/airflow/.local/lib/python3.8/site-packages/airflow/example_dags/example_skip_dag.py
[2025-11-28T07:04:36.033+0000] {processor.py:830} INFO - Processing file /home/airflow/.local/lib/python3.8/site-packages/airflow/example_dags/example_skip_dag.py for tasks to queue
[2025-11-28T07:04:36.035+0000] {logging_mixin.py:188} INFO - [2025-11-28T07:04:36.035+0000] {dagbag.py:538} INFO - Filling up the DagBag from /home/airflow/.local/lib/python3.8/site-packages/airflow/example_dags/example_skip_dag.py
[2025-11-28T07:04:36.043+0000] {processor.py:840} INFO - DAG(s) 'example_skip_dag' retrieved from /home/airflow/.local/lib/python3.8/site-packages/airflow/example_dags/example_skip_dag.py
[2025-11-28T07:04:36.070+0000] {logging_mixin.py:188} INFO - [2025-11-28T07:04:36.070+0000] {dag.py:3036} INFO - Sync 1 DAGs
[2025-11-28T07:04:36.087+0000] {logging_mixin.py:188} INFO - [2025-11-28T07:04:36.087+0000] {dag.py:3823} INFO - Setting next_dagrun for example_skip_dag to 2025-11-27 00:00:00+00:00, run_after=2025-11-28 00:00:00+00:00
[2025-11-28T07:04:36.106+0000] {processor.py:183} INFO - Processing /home/airflow/.local/lib/python3.8/site-packages/airflow/example_dags/example_skip_dag.py took 0.078 seconds
[2025-11-28T07:05:06.558+0000] {processor.py:161} INFO - Started process (PID=1455) to work on /home/airflow/.local/lib/python3.8/site-packages/airflow/example_dags/example_skip_dag.py
[2025-11-28T07:05:06.560+0000] {processor.py:830} INFO - Processing file /home/airflow/.local/lib/python3.8/site-packages/airflow/example_dags/example_skip_dag.py for tasks to queue
[2025-11-28T07:05:06.563+0000] {logging_mixin.py:188} INFO - [2025-11-28T07:05:06.563+0000] {dagbag.py:538} INFO - Filling up the DagBag from /home/airflow/.local/lib/python3.8/site-packages/airflow/example_dags/example_skip_dag.py
[2025-11-28T07:05:06.573+0000] {processor.py:840} INFO - DAG(s) 'example_skip_dag' retrieved from /home/airflow/.local/lib/python3.8/site-packages/airflow/example_dags/example_skip_dag.py
[2025-11-28T07:05:06.598+0000] {logging_mixin.py:188} INFO - [2025-11-28T07:05:06.598+0000] {dag.py:3036} INFO - Sync 1 DAGs
[2025-11-28T07:05:06.627+0000] {logging_mixin.py:188} INFO - [2025-11-28T07:05:06.627+0000] {dag.py:3823} INFO - Setting next_dagrun for example_skip_dag to 2025-11-27 00:00:00+00:00, run_after=2025-11-28 00:00:00+00:00
[2025-11-28T07:05:06.659+0000] {processor.py:183} INFO - Processing /home/airflow/.local/lib/python3.8/site-packages/airflow/example_dags/example_skip_dag.py took 0.105 seconds
[2025-11-28T07:05:37.212+0000] {processor.py:161} INFO - Started process (PID=1510) to work on /home/airflow/.local/lib/python3.8/site-packages/airflow/example_dags/example_skip_dag.py
[2025-11-28T07:05:37.214+0000] {processor.py:830} INFO - Processing file /home/airflow/.local/lib/python3.8/site-packages/airflow/example_dags/example_skip_dag.py for tasks to queue
[2025-11-28T07:05:37.216+0000] {logging_mixin.py:188} INFO - [2025-11-28T07:05:37.216+0000] {dagbag.py:538} INFO - Filling up the DagBag from /home/airflow/.local/lib/python3.8/site-packages/airflow/example_dags/example_skip_dag.py
[2025-11-28T07:05:37.221+0000] {processor.py:840} INFO - DAG(s) 'example_skip_dag' retrieved from /home/airflow/.local/lib/python3.8/site-packages/airflow/example_dags/example_skip_dag.py
[2025-11-28T07:05:37.245+0000] {logging_mixin.py:188} INFO - [2025-11-28T07:05:37.245+0000] {dag.py:3036} INFO - Sync 1 DAGs
[2025-11-28T07:05:37.262+0000] {logging_mixin.py:188} INFO - [2025-11-28T07:05:37.262+0000] {dag.py:3823} INFO - Setting next_dagrun for example_skip_dag to 2025-11-27 00:00:00+00:00, run_after=2025-11-28 00:00:00+00:00
[2025-11-28T07:05:37.280+0000] {processor.py:183} INFO - Processing /home/airflow/.local/lib/python3.8/site-packages/airflow/example_dags/example_skip_dag.py took 0.070 seconds
[2025-11-28T07:06:07.842+0000] {processor.py:161} INFO - Started process (PID=1565) to work on /home/airflow/.local/lib/python3.8/site-packages/airflow/example_dags/example_skip_dag.py
[2025-11-28T07:06:07.843+0000] {processor.py:830} INFO - Processing file /home/airflow/.local/lib/python3.8/site-packages/airflow/example_dags/example_skip_dag.py for tasks to queue
[2025-11-28T07:06:07.845+0000] {logging_mixin.py:188} INFO - [2025-11-28T07:06:07.845+0000] {dagbag.py:538} INFO - Filling up the DagBag from /home/airflow/.local/lib/python3.8/site-packages/airflow/example_dags/example_skip_dag.py
[2025-11-28T07:06:07.850+0000] {processor.py:840} INFO - DAG(s) 'example_skip_dag' retrieved from /home/airflow/.local/lib/python3.8/site-packages/airflow/example_dags/example_skip_dag.py
[2025-11-28T07:06:07.874+0000] {logging_mixin.py:188} INFO - [2025-11-28T07:06:07.873+0000] {dag.py:3036} INFO - Sync 1 DAGs
[2025-11-28T07:06:07.896+0000] {logging_mixin.py:188} INFO - [2025-11-28T07:06:07.896+0000] {dag.py:3823} INFO - Setting next_dagrun for example_skip_dag to 2025-11-27 00:00:00+00:00, run_after=2025-11-28 00:00:00+00:00
[2025-11-28T07:06:07.915+0000] {processor.py:183} INFO - Processing /home/airflow/.local/lib/python3.8/site-packages/airflow/example_dags/example_skip_dag.py took 0.076 seconds
[2025-11-28T07:06:38.475+0000] {processor.py:161} INFO - Started process (PID=1620) to work on /home/airflow/.local/lib/python3.8/site-packages/airflow/example_dags/example_skip_dag.py
[2025-11-28T07:06:38.477+0000] {processor.py:830} INFO - Processing file /home/airflow/.local/lib/python3.8/site-packages/airflow/example_dags/example_skip_dag.py for tasks to queue
[2025-11-28T07:06:38.478+0000] {logging_mixin.py:188} INFO - [2025-11-28T07:06:38.478+0000] {dagbag.py:538} INFO - Filling up the DagBag from /home/airflow/.local/lib/python3.8/site-packages/airflow/example_dags/example_skip_dag.py
[2025-11-28T07:06:38.484+0000] {processor.py:840} INFO - DAG(s) 'example_skip_dag' retrieved from /home/airflow/.local/lib/python3.8/site-packages/airflow/example_dags/example_skip_dag.py
[2025-11-28T07:06:38.504+0000] {logging_mixin.py:188} INFO - [2025-11-28T07:06:38.504+0000] {dag.py:3036} INFO - Sync 1 DAGs
[2025-11-28T07:06:38.524+0000] {logging_mixin.py:188} INFO - [2025-11-28T07:06:38.524+0000] {dag.py:3823} INFO - Setting next_dagrun for example_skip_dag to 2025-11-27 00:00:00+00:00, run_after=2025-11-28 00:00:00+00:00
[2025-11-28T07:06:38.545+0000] {processor.py:183} INFO - Processing /home/airflow/.local/lib/python3.8/site-packages/airflow/example_dags/example_skip_dag.py took 0.074 seconds
[2025-11-28T07:07:08.610+0000] {processor.py:161} INFO - Started process (PID=1675) to work on /home/airflow/.local/lib/python3.8/site-packages/airflow/example_dags/example_skip_dag.py
[2025-11-28T07:07:08.611+0000] {processor.py:830} INFO - Processing file /home/airflow/.local/lib/python3.8/site-packages/airflow/example_dags/example_skip_dag.py for tasks to queue
[2025-11-28T07:07:08.613+0000] {logging_mixin.py:188} INFO - [2025-11-28T07:07:08.613+0000] {dagbag.py:538} INFO - Filling up the DagBag from /home/airflow/.local/lib/python3.8/site-packages/airflow/example_dags/example_skip_dag.py
[2025-11-28T07:07:08.621+0000] {processor.py:840} INFO - DAG(s) 'example_skip_dag' retrieved from /home/airflow/.local/lib/python3.8/site-packages/airflow/example_dags/example_skip_dag.py
[2025-11-28T07:07:08.646+0000] {logging_mixin.py:188} INFO - [2025-11-28T07:07:08.646+0000] {dag.py:3036} INFO - Sync 1 DAGs
[2025-11-28T07:07:08.664+0000] {logging_mixin.py:188} INFO - [2025-11-28T07:07:08.664+0000] {dag.py:3823} INFO - Setting next_dagrun for example_skip_dag to 2025-11-27 00:00:00+00:00, run_after=2025-11-28 00:00:00+00:00
[2025-11-28T07:07:08.680+0000] {processor.py:183} INFO - Processing /home/airflow/.local/lib/python3.8/site-packages/airflow/example_dags/example_skip_dag.py took 0.072 seconds
[2025-11-28T07:07:39.122+0000] {processor.py:161} INFO - Started process (PID=1730) to work on /home/airflow/.local/lib/python3.8/site-packages/airflow/example_dags/example_skip_dag.py
[2025-11-28T07:07:39.124+0000] {processor.py:830} INFO - Processing file /home/airflow/.local/lib/python3.8/site-packages/airflow/example_dags/example_skip_dag.py for tasks to queue
[2025-11-28T07:07:39.126+0000] {logging_mixin.py:188} INFO - [2025-11-28T07:07:39.126+0000] {dagbag.py:538} INFO - Filling up the DagBag from /home/airflow/.local/lib/python3.8/site-packages/airflow/example_dags/example_skip_dag.py
[2025-11-28T07:07:39.133+0000] {processor.py:840} INFO - DAG(s) 'example_skip_dag' retrieved from /home/airflow/.local/lib/python3.8/site-packages/airflow/example_dags/example_skip_dag.py
[2025-11-28T07:07:39.159+0000] {logging_mixin.py:188} INFO - [2025-11-28T07:07:39.158+0000] {dag.py:3036} INFO - Sync 1 DAGs
[2025-11-28T07:07:39.177+0000] {logging_mixin.py:188} INFO - [2025-11-28T07:07:39.176+0000] {dag.py:3823} INFO - Setting next_dagrun for example_skip_dag to 2025-11-27 00:00:00+00:00, run_after=2025-11-28 00:00:00+00:00
[2025-11-28T07:07:39.192+0000] {processor.py:183} INFO - Processing /home/airflow/.local/lib/python3.8/site-packages/airflow/example_dags/example_skip_dag.py took 0.073 seconds
[2025-11-28T07:08:10.054+0000] {processor.py:161} INFO - Started process (PID=1785) to work on /home/airflow/.local/lib/python3.8/site-packages/airflow/example_dags/example_skip_dag.py
[2025-11-28T07:08:10.056+0000] {processor.py:830} INFO - Processing file /home/airflow/.local/lib/python3.8/site-packages/airflow/example_dags/example_skip_dag.py for tasks to queue
[2025-11-28T07:08:10.061+0000] {logging_mixin.py:188} INFO - [2025-11-28T07:08:10.060+0000] {dagbag.py:538} INFO - Filling up the DagBag from /home/airflow/.local/lib/python3.8/site-packages/airflow/example_dags/example_skip_dag.py
[2025-11-28T07:08:10.073+0000] {processor.py:840} INFO - DAG(s) 'example_skip_dag' retrieved from /home/airflow/.local/lib/python3.8/site-packages/airflow/example_dags/example_skip_dag.py
[2025-11-28T07:08:10.105+0000] {logging_mixin.py:188} INFO - [2025-11-28T07:08:10.105+0000] {dag.py:3036} INFO - Sync 1 DAGs
[2025-11-28T07:08:10.130+0000] {logging_mixin.py:188} INFO - [2025-11-28T07:08:10.130+0000] {dag.py:3823} INFO - Setting next_dagrun for example_skip_dag to 2025-11-27 00:00:00+00:00, run_after=2025-11-28 00:00:00+00:00
[2025-11-28T07:08:10.156+0000] {processor.py:183} INFO - Processing /home/airflow/.local/lib/python3.8/site-packages/airflow/example_dags/example_skip_dag.py took 0.108 seconds
[2025-11-28T07:08:40.248+0000] {processor.py:161} INFO - Started process (PID=1840) to work on /home/airflow/.local/lib/python3.8/site-packages/airflow/example_dags/example_skip_dag.py
[2025-11-28T07:08:40.250+0000] {processor.py:830} INFO - Processing file /home/airflow/.local/lib/python3.8/site-packages/airflow/example_dags/example_skip_dag.py for tasks to queue
[2025-11-28T07:08:40.252+0000] {logging_mixin.py:188} INFO - [2025-11-28T07:08:40.252+0000] {dagbag.py:538} INFO - Filling up the DagBag from /home/airflow/.local/lib/python3.8/site-packages/airflow/example_dags/example_skip_dag.py
[2025-11-28T07:08:40.259+0000] {processor.py:840} INFO - DAG(s) 'example_skip_dag' retrieved from /home/airflow/.local/lib/python3.8/site-packages/airflow/example_dags/example_skip_dag.py
[2025-11-28T07:08:40.281+0000] {logging_mixin.py:188} INFO - [2025-11-28T07:08:40.281+0000] {dag.py:3036} INFO - Sync 1 DAGs
[2025-11-28T07:08:40.300+0000] {logging_mixin.py:188} INFO - [2025-11-28T07:08:40.300+0000] {dag.py:3823} INFO - Setting next_dagrun for example_skip_dag to 2025-11-27 00:00:00+00:00, run_after=2025-11-28 00:00:00+00:00
[2025-11-28T07:08:40.318+0000] {processor.py:183} INFO - Processing /home/airflow/.local/lib/python3.8/site-packages/airflow/example_dags/example_skip_dag.py took 0.073 seconds
[2025-11-28T07:09:10.388+0000] {processor.py:161} INFO - Started process (PID=1895) to work on /home/airflow/.local/lib/python3.8/site-packages/airflow/example_dags/example_skip_dag.py
[2025-11-28T07:09:10.390+0000] {processor.py:830} INFO - Processing file /home/airflow/.local/lib/python3.8/site-packages/airflow/example_dags/example_skip_dag.py for tasks to queue
[2025-11-28T07:09:10.392+0000] {logging_mixin.py:188} INFO - [2025-11-28T07:09:10.392+0000] {dagbag.py:538} INFO - Filling up the DagBag from /home/airflow/.local/lib/python3.8/site-packages/airflow/example_dags/example_skip_dag.py
[2025-11-28T07:09:10.400+0000] {processor.py:840} INFO - DAG(s) 'example_skip_dag' retrieved from /home/airflow/.local/lib/python3.8/site-packages/airflow/example_dags/example_skip_dag.py
[2025-11-28T07:09:10.422+0000] {logging_mixin.py:188} INFO - [2025-11-28T07:09:10.422+0000] {dag.py:3036} INFO - Sync 1 DAGs
[2025-11-28T07:09:10.439+0000] {logging_mixin.py:188} INFO - [2025-11-28T07:09:10.438+0000] {dag.py:3823} INFO - Setting next_dagrun for example_skip_dag to 2025-11-27 00:00:00+00:00, run_after=2025-11-28 00:00:00+00:00
[2025-11-28T07:09:10.454+0000] {processor.py:183} INFO - Processing /home/airflow/.local/lib/python3.8/site-packages/airflow/example_dags/example_skip_dag.py took 0.070 seconds
[2025-11-28T07:09:40.599+0000] {processor.py:161} INFO - Started process (PID=1950) to work on /home/airflow/.local/lib/python3.8/site-packages/airflow/example_dags/example_skip_dag.py
[2025-11-28T07:09:40.601+0000] {processor.py:830} INFO - Processing file /home/airflow/.local/lib/python3.8/site-packages/airflow/example_dags/example_skip_dag.py for tasks to queue
[2025-11-28T07:09:40.603+0000] {logging_mixin.py:188} INFO - [2025-11-28T07:09:40.602+0000] {dagbag.py:538} INFO - Filling up the DagBag from /home/airflow/.local/lib/python3.8/site-packages/airflow/example_dags/example_skip_dag.py
[2025-11-28T07:09:40.609+0000] {processor.py:840} INFO - DAG(s) 'example_skip_dag' retrieved from /home/airflow/.local/lib/python3.8/site-packages/airflow/example_dags/example_skip_dag.py
[2025-11-28T07:09:40.628+0000] {logging_mixin.py:188} INFO - [2025-11-28T07:09:40.628+0000] {dag.py:3036} INFO - Sync 1 DAGs
[2025-11-28T07:09:40.645+0000] {logging_mixin.py:188} INFO - [2025-11-28T07:09:40.644+0000] {dag.py:3823} INFO - Setting next_dagrun for example_skip_dag to 2025-11-27 00:00:00+00:00, run_after=2025-11-28 00:00:00+00:00
[2025-11-28T07:09:40.662+0000] {processor.py:183} INFO - Processing /home/airflow/.local/lib/python3.8/site-packages/airflow/example_dags/example_skip_dag.py took 0.066 seconds
[2025-11-28T07:10:11.204+0000] {processor.py:161} INFO - Started process (PID=2005) to work on /home/airflow/.local/lib/python3.8/site-packages/airflow/example_dags/example_skip_dag.py
[2025-11-28T07:10:11.207+0000] {processor.py:830} INFO - Processing file /home/airflow/.local/lib/python3.8/site-packages/airflow/example_dags/example_skip_dag.py for tasks to queue
[2025-11-28T07:10:11.210+0000] {logging_mixin.py:188} INFO - [2025-11-28T07:10:11.209+0000] {dagbag.py:538} INFO - Filling up the DagBag from /home/airflow/.local/lib/python3.8/site-packages/airflow/example_dags/example_skip_dag.py
[2025-11-28T07:10:11.219+0000] {processor.py:840} INFO - DAG(s) 'example_skip_dag' retrieved from /home/airflow/.local/lib/python3.8/site-packages/airflow/example_dags/example_skip_dag.py
[2025-11-28T07:10:11.247+0000] {logging_mixin.py:188} INFO - [2025-11-28T07:10:11.247+0000] {dag.py:3036} INFO - Sync 1 DAGs
[2025-11-28T07:10:11.281+0000] {logging_mixin.py:188} INFO - [2025-11-28T07:10:11.281+0000] {dag.py:3823} INFO - Setting next_dagrun for example_skip_dag to 2025-11-27 00:00:00+00:00, run_after=2025-11-28 00:00:00+00:00
[2025-11-28T07:10:11.306+0000] {processor.py:183} INFO - Processing /home/airflow/.local/lib/python3.8/site-packages/airflow/example_dags/example_skip_dag.py took 0.107 seconds
[2025-11-28T07:10:41.390+0000] {processor.py:161} INFO - Started process (PID=2060) to work on /home/airflow/.local/lib/python3.8/site-packages/airflow/example_dags/example_skip_dag.py
[2025-11-28T07:10:41.391+0000] {processor.py:830} INFO - Processing file /home/airflow/.local/lib/python3.8/site-packages/airflow/example_dags/example_skip_dag.py for tasks to queue
[2025-11-28T07:10:41.393+0000] {logging_mixin.py:188} INFO - [2025-11-28T07:10:41.393+0000] {dagbag.py:538} INFO - Filling up the DagBag from /home/airflow/.local/lib/python3.8/site-packages/airflow/example_dags/example_skip_dag.py
[2025-11-28T07:10:41.399+0000] {processor.py:840} INFO - DAG(s) 'example_skip_dag' retrieved from /home/airflow/.local/lib/python3.8/site-packages/airflow/example_dags/example_skip_dag.py
[2025-11-28T07:10:41.423+0000] {logging_mixin.py:188} INFO - [2025-11-28T07:10:41.422+0000] {dag.py:3036} INFO - Sync 1 DAGs
[2025-11-28T07:10:41.442+0000] {logging_mixin.py:188} INFO - [2025-11-28T07:10:41.442+0000] {dag.py:3823} INFO - Setting next_dagrun for example_skip_dag to 2025-11-27 00:00:00+00:00, run_after=2025-11-28 00:00:00+00:00
[2025-11-28T07:10:41.461+0000] {processor.py:183} INFO - Processing /home/airflow/.local/lib/python3.8/site-packages/airflow/example_dags/example_skip_dag.py took 0.075 seconds
[2025-11-28T07:11:11.759+0000] {processor.py:161} INFO - Started process (PID=2115) to work on /home/airflow/.local/lib/python3.8/site-packages/airflow/example_dags/example_skip_dag.py
[2025-11-28T07:11:11.761+0000] {processor.py:830} INFO - Processing file /home/airflow/.local/lib/python3.8/site-packages/airflow/example_dags/example_skip_dag.py for tasks to queue
[2025-11-28T07:11:11.765+0000] {logging_mixin.py:188} INFO - [2025-11-28T07:11:11.764+0000] {dagbag.py:538} INFO - Filling up the DagBag from /home/airflow/.local/lib/python3.8/site-packages/airflow/example_dags/example_skip_dag.py
[2025-11-28T07:11:11.774+0000] {processor.py:840} INFO - DAG(s) 'example_skip_dag' retrieved from /home/airflow/.local/lib/python3.8/site-packages/airflow/example_dags/example_skip_dag.py
[2025-11-28T07:11:11.803+0000] {logging_mixin.py:188} INFO - [2025-11-28T07:11:11.803+0000] {dag.py:3036} INFO - Sync 1 DAGs
[2025-11-28T07:11:11.847+0000] {logging_mixin.py:188} INFO - [2025-11-28T07:11:11.847+0000] {dag.py:3823} INFO - Setting next_dagrun for example_skip_dag to 2025-11-27 00:00:00+00:00, run_after=2025-11-28 00:00:00+00:00
[2025-11-28T07:11:11.888+0000] {processor.py:183} INFO - Processing /home/airflow/.local/lib/python3.8/site-packages/airflow/example_dags/example_skip_dag.py took 0.134 seconds
[2025-11-28T07:11:42.073+0000] {processor.py:161} INFO - Started process (PID=2170) to work on /home/airflow/.local/lib/python3.8/site-packages/airflow/example_dags/example_skip_dag.py
[2025-11-28T07:11:42.074+0000] {processor.py:830} INFO - Processing file /home/airflow/.local/lib/python3.8/site-packages/airflow/example_dags/example_skip_dag.py for tasks to queue
[2025-11-28T07:11:42.076+0000] {logging_mixin.py:188} INFO - [2025-11-28T07:11:42.076+0000] {dagbag.py:538} INFO - Filling up the DagBag from /home/airflow/.local/lib/python3.8/site-packages/airflow/example_dags/example_skip_dag.py
[2025-11-28T07:11:42.082+0000] {processor.py:840} INFO - DAG(s) 'example_skip_dag' retrieved from /home/airflow/.local/lib/python3.8/site-packages/airflow/example_dags/example_skip_dag.py
[2025-11-28T07:11:42.100+0000] {logging_mixin.py:188} INFO - [2025-11-28T07:11:42.099+0000] {dag.py:3036} INFO - Sync 1 DAGs
[2025-11-28T07:11:42.117+0000] {logging_mixin.py:188} INFO - [2025-11-28T07:11:42.117+0000] {dag.py:3823} INFO - Setting next_dagrun for example_skip_dag to 2025-11-27 00:00:00+00:00, run_after=2025-11-28 00:00:00+00:00
[2025-11-28T07:11:42.133+0000] {processor.py:183} INFO - Processing /home/airflow/.local/lib/python3.8/site-packages/airflow/example_dags/example_skip_dag.py took 0.064 seconds
[2025-11-28T07:12:12.439+0000] {processor.py:161} INFO - Started process (PID=2225) to work on /home/airflow/.local/lib/python3.8/site-packages/airflow/example_dags/example_skip_dag.py
[2025-11-28T07:12:12.440+0000] {processor.py:830} INFO - Processing file /home/airflow/.local/lib/python3.8/site-packages/airflow/example_dags/example_skip_dag.py for tasks to queue
[2025-11-28T07:12:12.442+0000] {logging_mixin.py:188} INFO - [2025-11-28T07:12:12.442+0000] {dagbag.py:538} INFO - Filling up the DagBag from /home/airflow/.local/lib/python3.8/site-packages/airflow/example_dags/example_skip_dag.py
[2025-11-28T07:12:12.447+0000] {processor.py:840} INFO - DAG(s) 'example_skip_dag' retrieved from /home/airflow/.local/lib/python3.8/site-packages/airflow/example_dags/example_skip_dag.py
[2025-11-28T07:12:12.470+0000] {logging_mixin.py:188} INFO - [2025-11-28T07:12:12.470+0000] {dag.py:3036} INFO - Sync 1 DAGs
[2025-11-28T07:12:12.486+0000] {logging_mixin.py:188} INFO - [2025-11-28T07:12:12.486+0000] {dag.py:3823} INFO - Setting next_dagrun for example_skip_dag to 2025-11-27 00:00:00+00:00, run_after=2025-11-28 00:00:00+00:00
[2025-11-28T07:12:12.505+0000] {processor.py:183} INFO - Processing /home/airflow/.local/lib/python3.8/site-packages/airflow/example_dags/example_skip_dag.py took 0.069 seconds
[2025-11-28T07:12:42.843+0000] {processor.py:161} INFO - Started process (PID=2280) to work on /home/airflow/.local/lib/python3.8/site-packages/airflow/example_dags/example_skip_dag.py
[2025-11-28T07:12:42.844+0000] {processor.py:830} INFO - Processing file /home/airflow/.local/lib/python3.8/site-packages/airflow/example_dags/example_skip_dag.py for tasks to queue
[2025-11-28T07:12:42.846+0000] {logging_mixin.py:188} INFO - [2025-11-28T07:12:42.846+0000] {dagbag.py:538} INFO - Filling up the DagBag from /home/airflow/.local/lib/python3.8/site-packages/airflow/example_dags/example_skip_dag.py
[2025-11-28T07:12:42.853+0000] {processor.py:840} INFO - DAG(s) 'example_skip_dag' retrieved from /home/airflow/.local/lib/python3.8/site-packages/airflow/example_dags/example_skip_dag.py
[2025-11-28T07:12:42.874+0000] {logging_mixin.py:188} INFO - [2025-11-28T07:12:42.874+0000] {dag.py:3036} INFO - Sync 1 DAGs
[2025-11-28T07:12:42.894+0000] {logging_mixin.py:188} INFO - [2025-11-28T07:12:42.893+0000] {dag.py:3823} INFO - Setting next_dagrun for example_skip_dag to 2025-11-27 00:00:00+00:00, run_after=2025-11-28 00:00:00+00:00
[2025-11-28T07:12:42.908+0000] {processor.py:183} INFO - Processing /home/airflow/.local/lib/python3.8/site-packages/airflow/example_dags/example_skip_dag.py took 0.068 seconds
[2025-11-28T07:13:13.085+0000] {processor.py:161} INFO - Started process (PID=2335) to work on /home/airflow/.local/lib/python3.8/site-packages/airflow/example_dags/example_skip_dag.py
[2025-11-28T07:13:13.087+0000] {processor.py:830} INFO - Processing file /home/airflow/.local/lib/python3.8/site-packages/airflow/example_dags/example_skip_dag.py for tasks to queue
[2025-11-28T07:13:13.089+0000] {logging_mixin.py:188} INFO - [2025-11-28T07:13:13.088+0000] {dagbag.py:538} INFO - Filling up the DagBag from /home/airflow/.local/lib/python3.8/site-packages/airflow/example_dags/example_skip_dag.py
[2025-11-28T07:13:13.095+0000] {processor.py:840} INFO - DAG(s) 'example_skip_dag' retrieved from /home/airflow/.local/lib/python3.8/site-packages/airflow/example_dags/example_skip_dag.py
[2025-11-28T07:13:13.116+0000] {logging_mixin.py:188} INFO - [2025-11-28T07:13:13.116+0000] {dag.py:3036} INFO - Sync 1 DAGs
[2025-11-28T07:13:13.136+0000] {logging_mixin.py:188} INFO - [2025-11-28T07:13:13.136+0000] {dag.py:3823} INFO - Setting next_dagrun for example_skip_dag to 2025-11-27 00:00:00+00:00, run_after=2025-11-28 00:00:00+00:00
[2025-11-28T07:13:13.154+0000] {processor.py:183} INFO - Processing /home/airflow/.local/lib/python3.8/site-packages/airflow/example_dags/example_skip_dag.py took 0.071 seconds
[2025-11-28T07:13:43.762+0000] {processor.py:161} INFO - Started process (PID=2390) to work on /home/airflow/.local/lib/python3.8/site-packages/airflow/example_dags/example_skip_dag.py
[2025-11-28T07:13:43.763+0000] {processor.py:830} INFO - Processing file /home/airflow/.local/lib/python3.8/site-packages/airflow/example_dags/example_skip_dag.py for tasks to queue
[2025-11-28T07:13:43.767+0000] {logging_mixin.py:188} INFO - [2025-11-28T07:13:43.767+0000] {dagbag.py:538} INFO - Filling up the DagBag from /home/airflow/.local/lib/python3.8/site-packages/airflow/example_dags/example_skip_dag.py
[2025-11-28T07:13:43.773+0000] {processor.py:840} INFO - DAG(s) 'example_skip_dag' retrieved from /home/airflow/.local/lib/python3.8/site-packages/airflow/example_dags/example_skip_dag.py
[2025-11-28T07:13:43.798+0000] {logging_mixin.py:188} INFO - [2025-11-28T07:13:43.798+0000] {dag.py:3036} INFO - Sync 1 DAGs
[2025-11-28T07:13:43.818+0000] {logging_mixin.py:188} INFO - [2025-11-28T07:13:43.818+0000] {dag.py:3823} INFO - Setting next_dagrun for example_skip_dag to 2025-11-27 00:00:00+00:00, run_after=2025-11-28 00:00:00+00:00
[2025-11-28T07:13:43.836+0000] {processor.py:183} INFO - Processing /home/airflow/.local/lib/python3.8/site-packages/airflow/example_dags/example_skip_dag.py took 0.079 seconds
[2025-11-28T07:14:14.205+0000] {processor.py:161} INFO - Started process (PID=2446) to work on /home/airflow/.local/lib/python3.8/site-packages/airflow/example_dags/example_skip_dag.py
[2025-11-28T07:14:14.207+0000] {processor.py:830} INFO - Processing file /home/airflow/.local/lib/python3.8/site-packages/airflow/example_dags/example_skip_dag.py for tasks to queue
[2025-11-28T07:14:14.210+0000] {logging_mixin.py:188} INFO - [2025-11-28T07:14:14.209+0000] {dagbag.py:538} INFO - Filling up the DagBag from /home/airflow/.local/lib/python3.8/site-packages/airflow/example_dags/example_skip_dag.py
[2025-11-28T07:14:14.216+0000] {processor.py:840} INFO - DAG(s) 'example_skip_dag' retrieved from /home/airflow/.local/lib/python3.8/site-packages/airflow/example_dags/example_skip_dag.py
[2025-11-28T07:14:14.233+0000] {logging_mixin.py:188} INFO - [2025-11-28T07:14:14.233+0000] {dag.py:3036} INFO - Sync 1 DAGs
[2025-11-28T07:14:14.248+0000] {logging_mixin.py:188} INFO - [2025-11-28T07:14:14.248+0000] {dag.py:3823} INFO - Setting next_dagrun for example_skip_dag to 2025-11-27 00:00:00+00:00, run_after=2025-11-28 00:00:00+00:00
[2025-11-28T07:14:14.265+0000] {processor.py:183} INFO - Processing /home/airflow/.local/lib/python3.8/site-packages/airflow/example_dags/example_skip_dag.py took 0.066 seconds
[2025-11-28T07:14:44.438+0000] {processor.py:161} INFO - Started process (PID=2501) to work on /home/airflow/.local/lib/python3.8/site-packages/airflow/example_dags/example_skip_dag.py
[2025-11-28T07:14:44.443+0000] {processor.py:830} INFO - Processing file /home/airflow/.local/lib/python3.8/site-packages/airflow/example_dags/example_skip_dag.py for tasks to queue
[2025-11-28T07:14:44.448+0000] {logging_mixin.py:188} INFO - [2025-11-28T07:14:44.448+0000] {dagbag.py:538} INFO - Filling up the DagBag from /home/airflow/.local/lib/python3.8/site-packages/airflow/example_dags/example_skip_dag.py
[2025-11-28T07:14:44.455+0000] {processor.py:840} INFO - DAG(s) 'example_skip_dag' retrieved from /home/airflow/.local/lib/python3.8/site-packages/airflow/example_dags/example_skip_dag.py
[2025-11-28T07:14:44.474+0000] {logging_mixin.py:188} INFO - [2025-11-28T07:14:44.474+0000] {dag.py:3036} INFO - Sync 1 DAGs
[2025-11-28T07:14:44.490+0000] {logging_mixin.py:188} INFO - [2025-11-28T07:14:44.489+0000] {dag.py:3823} INFO - Setting next_dagrun for example_skip_dag to 2025-11-27 00:00:00+00:00, run_after=2025-11-28 00:00:00+00:00
[2025-11-28T07:14:44.503+0000] {processor.py:183} INFO - Processing /home/airflow/.local/lib/python3.8/site-packages/airflow/example_dags/example_skip_dag.py took 0.067 seconds
[2025-11-28T07:15:15.406+0000] {processor.py:161} INFO - Started process (PID=2556) to work on /home/airflow/.local/lib/python3.8/site-packages/airflow/example_dags/example_skip_dag.py
[2025-11-28T07:15:15.408+0000] {processor.py:830} INFO - Processing file /home/airflow/.local/lib/python3.8/site-packages/airflow/example_dags/example_skip_dag.py for tasks to queue
[2025-11-28T07:15:15.410+0000] {logging_mixin.py:188} INFO - [2025-11-28T07:15:15.410+0000] {dagbag.py:538} INFO - Filling up the DagBag from /home/airflow/.local/lib/python3.8/site-packages/airflow/example_dags/example_skip_dag.py
[2025-11-28T07:15:15.415+0000] {processor.py:840} INFO - DAG(s) 'example_skip_dag' retrieved from /home/airflow/.local/lib/python3.8/site-packages/airflow/example_dags/example_skip_dag.py
[2025-11-28T07:15:15.435+0000] {logging_mixin.py:188} INFO - [2025-11-28T07:15:15.435+0000] {dag.py:3036} INFO - Sync 1 DAGs
[2025-11-28T07:15:15.575+0000] {logging_mixin.py:188} INFO - [2025-11-28T07:15:15.575+0000] {dag.py:3823} INFO - Setting next_dagrun for example_skip_dag to 2025-11-27 00:00:00+00:00, run_after=2025-11-28 00:00:00+00:00
[2025-11-28T07:15:15.594+0000] {processor.py:183} INFO - Processing /home/airflow/.local/lib/python3.8/site-packages/airflow/example_dags/example_skip_dag.py took 0.190 seconds
[2025-11-28T07:15:46.146+0000] {processor.py:161} INFO - Started process (PID=2610) to work on /home/airflow/.local/lib/python3.8/site-packages/airflow/example_dags/example_skip_dag.py
[2025-11-28T07:15:46.147+0000] {processor.py:830} INFO - Processing file /home/airflow/.local/lib/python3.8/site-packages/airflow/example_dags/example_skip_dag.py for tasks to queue
[2025-11-28T07:15:46.150+0000] {logging_mixin.py:188} INFO - [2025-11-28T07:15:46.149+0000] {dagbag.py:538} INFO - Filling up the DagBag from /home/airflow/.local/lib/python3.8/site-packages/airflow/example_dags/example_skip_dag.py
[2025-11-28T07:15:46.155+0000] {processor.py:840} INFO - DAG(s) 'example_skip_dag' retrieved from /home/airflow/.local/lib/python3.8/site-packages/airflow/example_dags/example_skip_dag.py
[2025-11-28T07:15:46.183+0000] {logging_mixin.py:188} INFO - [2025-11-28T07:15:46.183+0000] {dag.py:3036} INFO - Sync 1 DAGs
[2025-11-28T07:15:46.202+0000] {logging_mixin.py:188} INFO - [2025-11-28T07:15:46.202+0000] {dag.py:3823} INFO - Setting next_dagrun for example_skip_dag to 2025-11-27 00:00:00+00:00, run_after=2025-11-28 00:00:00+00:00
[2025-11-28T07:15:46.346+0000] {processor.py:183} INFO - Processing /home/airflow/.local/lib/python3.8/site-packages/airflow/example_dags/example_skip_dag.py took 0.203 seconds
[2025-11-28T07:16:16.399+0000] {processor.py:161} INFO - Started process (PID=2664) to work on /home/airflow/.local/lib/python3.8/site-packages/airflow/example_dags/example_skip_dag.py
[2025-11-28T07:16:16.400+0000] {processor.py:830} INFO - Processing file /home/airflow/.local/lib/python3.8/site-packages/airflow/example_dags/example_skip_dag.py for tasks to queue
[2025-11-28T07:16:16.402+0000] {logging_mixin.py:188} INFO - [2025-11-28T07:16:16.401+0000] {dagbag.py:538} INFO - Filling up the DagBag from /home/airflow/.local/lib/python3.8/site-packages/airflow/example_dags/example_skip_dag.py
[2025-11-28T07:16:16.409+0000] {processor.py:840} INFO - DAG(s) 'example_skip_dag' retrieved from /home/airflow/.local/lib/python3.8/site-packages/airflow/example_dags/example_skip_dag.py
[2025-11-28T07:16:16.437+0000] {logging_mixin.py:188} INFO - [2025-11-28T07:16:16.436+0000] {dag.py:3036} INFO - Sync 1 DAGs
[2025-11-28T07:16:16.461+0000] {logging_mixin.py:188} INFO - [2025-11-28T07:16:16.460+0000] {dag.py:3823} INFO - Setting next_dagrun for example_skip_dag to 2025-11-27 00:00:00+00:00, run_after=2025-11-28 00:00:00+00:00
[2025-11-28T07:16:16.500+0000] {processor.py:183} INFO - Processing /home/airflow/.local/lib/python3.8/site-packages/airflow/example_dags/example_skip_dag.py took 0.103 seconds
[2025-11-28T07:16:47.081+0000] {processor.py:161} INFO - Started process (PID=2719) to work on /home/airflow/.local/lib/python3.8/site-packages/airflow/example_dags/example_skip_dag.py
[2025-11-28T07:16:47.083+0000] {processor.py:830} INFO - Processing file /home/airflow/.local/lib/python3.8/site-packages/airflow/example_dags/example_skip_dag.py for tasks to queue
[2025-11-28T07:16:47.085+0000] {logging_mixin.py:188} INFO - [2025-11-28T07:16:47.085+0000] {dagbag.py:538} INFO - Filling up the DagBag from /home/airflow/.local/lib/python3.8/site-packages/airflow/example_dags/example_skip_dag.py
[2025-11-28T07:16:47.091+0000] {processor.py:840} INFO - DAG(s) 'example_skip_dag' retrieved from /home/airflow/.local/lib/python3.8/site-packages/airflow/example_dags/example_skip_dag.py
[2025-11-28T07:16:47.121+0000] {logging_mixin.py:188} INFO - [2025-11-28T07:16:47.121+0000] {dag.py:3036} INFO - Sync 1 DAGs
[2025-11-28T07:16:47.142+0000] {logging_mixin.py:188} INFO - [2025-11-28T07:16:47.142+0000] {dag.py:3823} INFO - Setting next_dagrun for example_skip_dag to 2025-11-27 00:00:00+00:00, run_after=2025-11-28 00:00:00+00:00
[2025-11-28T07:16:47.176+0000] {processor.py:183} INFO - Processing /home/airflow/.local/lib/python3.8/site-packages/airflow/example_dags/example_skip_dag.py took 0.097 seconds
[2025-11-28T07:17:17.891+0000] {processor.py:161} INFO - Started process (PID=2774) to work on /home/airflow/.local/lib/python3.8/site-packages/airflow/example_dags/example_skip_dag.py
[2025-11-28T07:17:17.894+0000] {processor.py:830} INFO - Processing file /home/airflow/.local/lib/python3.8/site-packages/airflow/example_dags/example_skip_dag.py for tasks to queue
[2025-11-28T07:17:17.897+0000] {logging_mixin.py:188} INFO - [2025-11-28T07:17:17.897+0000] {dagbag.py:538} INFO - Filling up the DagBag from /home/airflow/.local/lib/python3.8/site-packages/airflow/example_dags/example_skip_dag.py
[2025-11-28T07:17:17.905+0000] {processor.py:840} INFO - DAG(s) 'example_skip_dag' retrieved from /home/airflow/.local/lib/python3.8/site-packages/airflow/example_dags/example_skip_dag.py
[2025-11-28T07:17:17.935+0000] {logging_mixin.py:188} INFO - [2025-11-28T07:17:17.934+0000] {dag.py:3036} INFO - Sync 1 DAGs
[2025-11-28T07:17:17.967+0000] {logging_mixin.py:188} INFO - [2025-11-28T07:17:17.966+0000] {dag.py:3823} INFO - Setting next_dagrun for example_skip_dag to 2025-11-27 00:00:00+00:00, run_after=2025-11-28 00:00:00+00:00
[2025-11-28T07:17:17.990+0000] {processor.py:183} INFO - Processing /home/airflow/.local/lib/python3.8/site-packages/airflow/example_dags/example_skip_dag.py took 0.101 seconds
[2025-11-28T07:17:48.330+0000] {processor.py:161} INFO - Started process (PID=2829) to work on /home/airflow/.local/lib/python3.8/site-packages/airflow/example_dags/example_skip_dag.py
[2025-11-28T07:17:48.331+0000] {processor.py:830} INFO - Processing file /home/airflow/.local/lib/python3.8/site-packages/airflow/example_dags/example_skip_dag.py for tasks to queue
[2025-11-28T07:17:48.333+0000] {logging_mixin.py:188} INFO - [2025-11-28T07:17:48.333+0000] {dagbag.py:538} INFO - Filling up the DagBag from /home/airflow/.local/lib/python3.8/site-packages/airflow/example_dags/example_skip_dag.py
[2025-11-28T07:17:48.339+0000] {processor.py:840} INFO - DAG(s) 'example_skip_dag' retrieved from /home/airflow/.local/lib/python3.8/site-packages/airflow/example_dags/example_skip_dag.py
[2025-11-28T07:17:48.364+0000] {logging_mixin.py:188} INFO - [2025-11-28T07:17:48.364+0000] {dag.py:3036} INFO - Sync 1 DAGs
[2025-11-28T07:17:48.387+0000] {logging_mixin.py:188} INFO - [2025-11-28T07:17:48.387+0000] {dag.py:3823} INFO - Setting next_dagrun for example_skip_dag to 2025-11-27 00:00:00+00:00, run_after=2025-11-28 00:00:00+00:00
[2025-11-28T07:17:48.411+0000] {processor.py:183} INFO - Processing /home/airflow/.local/lib/python3.8/site-packages/airflow/example_dags/example_skip_dag.py took 0.084 seconds
[2025-11-28T07:18:18.933+0000] {processor.py:161} INFO - Started process (PID=2884) to work on /home/airflow/.local/lib/python3.8/site-packages/airflow/example_dags/example_skip_dag.py
[2025-11-28T07:18:18.935+0000] {processor.py:830} INFO - Processing file /home/airflow/.local/lib/python3.8/site-packages/airflow/example_dags/example_skip_dag.py for tasks to queue
[2025-11-28T07:18:18.941+0000] {logging_mixin.py:188} INFO - [2025-11-28T07:18:18.940+0000] {dagbag.py:538} INFO - Filling up the DagBag from /home/airflow/.local/lib/python3.8/site-packages/airflow/example_dags/example_skip_dag.py
[2025-11-28T07:18:18.957+0000] {processor.py:840} INFO - DAG(s) 'example_skip_dag' retrieved from /home/airflow/.local/lib/python3.8/site-packages/airflow/example_dags/example_skip_dag.py
[2025-11-28T07:18:18.987+0000] {logging_mixin.py:188} INFO - [2025-11-28T07:18:18.987+0000] {dag.py:3036} INFO - Sync 1 DAGs
[2025-11-28T07:18:19.006+0000] {logging_mixin.py:188} INFO - [2025-11-28T07:18:19.006+0000] {dag.py:3823} INFO - Setting next_dagrun for example_skip_dag to 2025-11-27 00:00:00+00:00, run_after=2025-11-28 00:00:00+00:00
[2025-11-28T07:18:19.027+0000] {processor.py:183} INFO - Processing /home/airflow/.local/lib/python3.8/site-packages/airflow/example_dags/example_skip_dag.py took 0.097 seconds
[2025-11-28T07:18:49.858+0000] {processor.py:161} INFO - Started process (PID=2939) to work on /home/airflow/.local/lib/python3.8/site-packages/airflow/example_dags/example_skip_dag.py
[2025-11-28T07:18:49.860+0000] {processor.py:830} INFO - Processing file /home/airflow/.local/lib/python3.8/site-packages/airflow/example_dags/example_skip_dag.py for tasks to queue
[2025-11-28T07:18:49.864+0000] {logging_mixin.py:188} INFO - [2025-11-28T07:18:49.863+0000] {dagbag.py:538} INFO - Filling up the DagBag from /home/airflow/.local/lib/python3.8/site-packages/airflow/example_dags/example_skip_dag.py
[2025-11-28T07:18:49.877+0000] {processor.py:840} INFO - DAG(s) 'example_skip_dag' retrieved from /home/airflow/.local/lib/python3.8/site-packages/airflow/example_dags/example_skip_dag.py
[2025-11-28T07:18:49.913+0000] {logging_mixin.py:188} INFO - [2025-11-28T07:18:49.913+0000] {dag.py:3036} INFO - Sync 1 DAGs
[2025-11-28T07:18:49.949+0000] {logging_mixin.py:188} INFO - [2025-11-28T07:18:49.948+0000] {dag.py:3823} INFO - Setting next_dagrun for example_skip_dag to 2025-11-27 00:00:00+00:00, run_after=2025-11-28 00:00:00+00:00
[2025-11-28T07:18:49.971+0000] {processor.py:183} INFO - Processing /home/airflow/.local/lib/python3.8/site-packages/airflow/example_dags/example_skip_dag.py took 0.118 seconds
[2025-11-28T07:19:20.458+0000] {processor.py:161} INFO - Started process (PID=2993) to work on /home/airflow/.local/lib/python3.8/site-packages/airflow/example_dags/example_skip_dag.py
[2025-11-28T07:19:20.459+0000] {processor.py:830} INFO - Processing file /home/airflow/.local/lib/python3.8/site-packages/airflow/example_dags/example_skip_dag.py for tasks to queue
[2025-11-28T07:19:20.461+0000] {logging_mixin.py:188} INFO - [2025-11-28T07:19:20.461+0000] {dagbag.py:538} INFO - Filling up the DagBag from /home/airflow/.local/lib/python3.8/site-packages/airflow/example_dags/example_skip_dag.py
[2025-11-28T07:19:20.467+0000] {processor.py:840} INFO - DAG(s) 'example_skip_dag' retrieved from /home/airflow/.local/lib/python3.8/site-packages/airflow/example_dags/example_skip_dag.py
[2025-11-28T07:19:20.485+0000] {logging_mixin.py:188} INFO - [2025-11-28T07:19:20.485+0000] {dag.py:3036} INFO - Sync 1 DAGs
[2025-11-28T07:19:20.503+0000] {logging_mixin.py:188} INFO - [2025-11-28T07:19:20.503+0000] {dag.py:3823} INFO - Setting next_dagrun for example_skip_dag to 2025-11-27 00:00:00+00:00, run_after=2025-11-28 00:00:00+00:00
[2025-11-28T07:19:20.521+0000] {processor.py:183} INFO - Processing /home/airflow/.local/lib/python3.8/site-packages/airflow/example_dags/example_skip_dag.py took 0.065 seconds
