[2025-11-28T06:52:26.836+0000] {processor.py:161} INFO - Started process (PID=94) to work on /home/airflow/.local/lib/python3.8/site-packages/airflow/example_dags/example_xcom.py
[2025-11-28T06:52:26.838+0000] {processor.py:830} INFO - Processing file /home/airflow/.local/lib/python3.8/site-packages/airflow/example_dags/example_xcom.py for tasks to queue
[2025-11-28T06:52:26.841+0000] {logging_mixin.py:188} INFO - [2025-11-28T06:52:26.840+0000] {dagbag.py:538} INFO - Filling up the DagBag from /home/airflow/.local/lib/python3.8/site-packages/airflow/example_dags/example_xcom.py
[2025-11-28T06:52:26.855+0000] {processor.py:840} INFO - DAG(s) 'example_xcom' retrieved from /home/airflow/.local/lib/python3.8/site-packages/airflow/example_dags/example_xcom.py
[2025-11-28T06:52:26.972+0000] {logging_mixin.py:188} INFO - [2025-11-28T06:52:26.972+0000] {override.py:1769} INFO - Created Permission View: can edit on DAG:example_xcom
[2025-11-28T06:52:26.985+0000] {logging_mixin.py:188} INFO - [2025-11-28T06:52:26.984+0000] {override.py:1769} INFO - Created Permission View: can delete on DAG:example_xcom
[2025-11-28T06:52:26.993+0000] {logging_mixin.py:188} INFO - [2025-11-28T06:52:26.993+0000] {override.py:1769} INFO - Created Permission View: can read on DAG:example_xcom
[2025-11-28T06:52:26.994+0000] {logging_mixin.py:188} INFO - [2025-11-28T06:52:26.994+0000] {dag.py:3036} INFO - Sync 1 DAGs
[2025-11-28T06:52:27.007+0000] {logging_mixin.py:188} INFO - [2025-11-28T06:52:27.007+0000] {dag.py:3058} INFO - Creating ORM DAG for example_xcom
[2025-11-28T06:52:27.020+0000] {logging_mixin.py:188} INFO - [2025-11-28T06:52:27.019+0000] {dag.py:3823} INFO - Setting next_dagrun for example_xcom to 2021-01-01 00:00:00+00:00, run_after=2021-01-01 00:00:00+00:00
[2025-11-28T06:52:27.042+0000] {processor.py:183} INFO - Processing /home/airflow/.local/lib/python3.8/site-packages/airflow/example_dags/example_xcom.py took 0.210 seconds
[2025-11-28T06:52:57.097+0000] {processor.py:161} INFO - Started process (PID=149) to work on /home/airflow/.local/lib/python3.8/site-packages/airflow/example_dags/example_xcom.py
[2025-11-28T06:52:57.098+0000] {processor.py:830} INFO - Processing file /home/airflow/.local/lib/python3.8/site-packages/airflow/example_dags/example_xcom.py for tasks to queue
[2025-11-28T06:52:57.100+0000] {logging_mixin.py:188} INFO - [2025-11-28T06:52:57.100+0000] {dagbag.py:538} INFO - Filling up the DagBag from /home/airflow/.local/lib/python3.8/site-packages/airflow/example_dags/example_xcom.py
[2025-11-28T06:52:57.107+0000] {processor.py:840} INFO - DAG(s) 'example_xcom' retrieved from /home/airflow/.local/lib/python3.8/site-packages/airflow/example_dags/example_xcom.py
[2025-11-28T06:52:57.125+0000] {logging_mixin.py:188} INFO - [2025-11-28T06:52:57.125+0000] {dag.py:3036} INFO - Sync 1 DAGs
[2025-11-28T06:52:57.144+0000] {logging_mixin.py:188} INFO - [2025-11-28T06:52:57.143+0000] {dag.py:3823} INFO - Setting next_dagrun for example_xcom to 2021-01-01 00:00:00+00:00, run_after=2021-01-01 00:00:00+00:00
[2025-11-28T06:52:57.168+0000] {processor.py:183} INFO - Processing /home/airflow/.local/lib/python3.8/site-packages/airflow/example_dags/example_xcom.py took 0.074 seconds
[2025-11-28T06:53:27.827+0000] {processor.py:161} INFO - Started process (PID=204) to work on /home/airflow/.local/lib/python3.8/site-packages/airflow/example_dags/example_xcom.py
[2025-11-28T06:53:27.829+0000] {processor.py:830} INFO - Processing file /home/airflow/.local/lib/python3.8/site-packages/airflow/example_dags/example_xcom.py for tasks to queue
[2025-11-28T06:53:27.831+0000] {logging_mixin.py:188} INFO - [2025-11-28T06:53:27.831+0000] {dagbag.py:538} INFO - Filling up the DagBag from /home/airflow/.local/lib/python3.8/site-packages/airflow/example_dags/example_xcom.py
[2025-11-28T06:53:27.838+0000] {processor.py:840} INFO - DAG(s) 'example_xcom' retrieved from /home/airflow/.local/lib/python3.8/site-packages/airflow/example_dags/example_xcom.py
[2025-11-28T06:53:27.858+0000] {logging_mixin.py:188} INFO - [2025-11-28T06:53:27.857+0000] {dag.py:3036} INFO - Sync 1 DAGs
[2025-11-28T06:53:27.875+0000] {logging_mixin.py:188} INFO - [2025-11-28T06:53:27.875+0000] {dag.py:3823} INFO - Setting next_dagrun for example_xcom to 2021-01-01 00:00:00+00:00, run_after=2021-01-01 00:00:00+00:00
[2025-11-28T06:53:27.893+0000] {processor.py:183} INFO - Processing /home/airflow/.local/lib/python3.8/site-packages/airflow/example_dags/example_xcom.py took 0.068 seconds
[2025-11-28T06:53:58.222+0000] {processor.py:161} INFO - Started process (PID=259) to work on /home/airflow/.local/lib/python3.8/site-packages/airflow/example_dags/example_xcom.py
[2025-11-28T06:53:58.224+0000] {processor.py:830} INFO - Processing file /home/airflow/.local/lib/python3.8/site-packages/airflow/example_dags/example_xcom.py for tasks to queue
[2025-11-28T06:53:58.228+0000] {logging_mixin.py:188} INFO - [2025-11-28T06:53:58.228+0000] {dagbag.py:538} INFO - Filling up the DagBag from /home/airflow/.local/lib/python3.8/site-packages/airflow/example_dags/example_xcom.py
[2025-11-28T06:53:58.236+0000] {processor.py:840} INFO - DAG(s) 'example_xcom' retrieved from /home/airflow/.local/lib/python3.8/site-packages/airflow/example_dags/example_xcom.py
[2025-11-28T06:53:58.259+0000] {logging_mixin.py:188} INFO - [2025-11-28T06:53:58.259+0000] {dag.py:3036} INFO - Sync 1 DAGs
[2025-11-28T06:53:58.275+0000] {logging_mixin.py:188} INFO - [2025-11-28T06:53:58.275+0000] {dag.py:3823} INFO - Setting next_dagrun for example_xcom to 2021-01-01 00:00:00+00:00, run_after=2021-01-01 00:00:00+00:00
[2025-11-28T06:53:58.293+0000] {processor.py:183} INFO - Processing /home/airflow/.local/lib/python3.8/site-packages/airflow/example_dags/example_xcom.py took 0.073 seconds
[2025-11-28T06:54:28.396+0000] {processor.py:161} INFO - Started process (PID=314) to work on /home/airflow/.local/lib/python3.8/site-packages/airflow/example_dags/example_xcom.py
[2025-11-28T06:54:28.397+0000] {processor.py:830} INFO - Processing file /home/airflow/.local/lib/python3.8/site-packages/airflow/example_dags/example_xcom.py for tasks to queue
[2025-11-28T06:54:28.399+0000] {logging_mixin.py:188} INFO - [2025-11-28T06:54:28.399+0000] {dagbag.py:538} INFO - Filling up the DagBag from /home/airflow/.local/lib/python3.8/site-packages/airflow/example_dags/example_xcom.py
[2025-11-28T06:54:28.407+0000] {processor.py:840} INFO - DAG(s) 'example_xcom' retrieved from /home/airflow/.local/lib/python3.8/site-packages/airflow/example_dags/example_xcom.py
[2025-11-28T06:54:28.425+0000] {logging_mixin.py:188} INFO - [2025-11-28T06:54:28.425+0000] {dag.py:3036} INFO - Sync 1 DAGs
[2025-11-28T06:54:28.443+0000] {logging_mixin.py:188} INFO - [2025-11-28T06:54:28.442+0000] {dag.py:3823} INFO - Setting next_dagrun for example_xcom to 2021-01-01 00:00:00+00:00, run_after=2021-01-01 00:00:00+00:00
[2025-11-28T06:54:28.459+0000] {processor.py:183} INFO - Processing /home/airflow/.local/lib/python3.8/site-packages/airflow/example_dags/example_xcom.py took 0.066 seconds
[2025-11-28T06:54:59.075+0000] {processor.py:161} INFO - Started process (PID=369) to work on /home/airflow/.local/lib/python3.8/site-packages/airflow/example_dags/example_xcom.py
[2025-11-28T06:54:59.077+0000] {processor.py:830} INFO - Processing file /home/airflow/.local/lib/python3.8/site-packages/airflow/example_dags/example_xcom.py for tasks to queue
[2025-11-28T06:54:59.079+0000] {logging_mixin.py:188} INFO - [2025-11-28T06:54:59.079+0000] {dagbag.py:538} INFO - Filling up the DagBag from /home/airflow/.local/lib/python3.8/site-packages/airflow/example_dags/example_xcom.py
[2025-11-28T06:54:59.086+0000] {processor.py:840} INFO - DAG(s) 'example_xcom' retrieved from /home/airflow/.local/lib/python3.8/site-packages/airflow/example_dags/example_xcom.py
[2025-11-28T06:54:59.098+0000] {logging_mixin.py:188} INFO - [2025-11-28T06:54:59.097+0000] {dag.py:3036} INFO - Sync 1 DAGs
[2025-11-28T06:54:59.116+0000] {logging_mixin.py:188} INFO - [2025-11-28T06:54:59.115+0000] {dag.py:3823} INFO - Setting next_dagrun for example_xcom to 2021-01-01 00:00:00+00:00, run_after=2021-01-01 00:00:00+00:00
[2025-11-28T06:54:59.138+0000] {processor.py:183} INFO - Processing /home/airflow/.local/lib/python3.8/site-packages/airflow/example_dags/example_xcom.py took 0.066 seconds
[2025-11-28T06:55:29.557+0000] {processor.py:161} INFO - Started process (PID=424) to work on /home/airflow/.local/lib/python3.8/site-packages/airflow/example_dags/example_xcom.py
[2025-11-28T06:55:29.558+0000] {processor.py:830} INFO - Processing file /home/airflow/.local/lib/python3.8/site-packages/airflow/example_dags/example_xcom.py for tasks to queue
[2025-11-28T06:55:29.560+0000] {logging_mixin.py:188} INFO - [2025-11-28T06:55:29.560+0000] {dagbag.py:538} INFO - Filling up the DagBag from /home/airflow/.local/lib/python3.8/site-packages/airflow/example_dags/example_xcom.py
[2025-11-28T06:55:29.566+0000] {processor.py:840} INFO - DAG(s) 'example_xcom' retrieved from /home/airflow/.local/lib/python3.8/site-packages/airflow/example_dags/example_xcom.py
[2025-11-28T06:55:29.648+0000] {logging_mixin.py:188} INFO - [2025-11-28T06:55:29.648+0000] {dag.py:3036} INFO - Sync 1 DAGs
[2025-11-28T06:55:29.663+0000] {logging_mixin.py:188} INFO - [2025-11-28T06:55:29.663+0000] {dag.py:3823} INFO - Setting next_dagrun for example_xcom to 2021-01-01 00:00:00+00:00, run_after=2021-01-01 00:00:00+00:00
[2025-11-28T06:55:29.681+0000] {processor.py:183} INFO - Processing /home/airflow/.local/lib/python3.8/site-packages/airflow/example_dags/example_xcom.py took 0.126 seconds
[2025-11-28T06:56:00.500+0000] {processor.py:161} INFO - Started process (PID=479) to work on /home/airflow/.local/lib/python3.8/site-packages/airflow/example_dags/example_xcom.py
[2025-11-28T06:56:00.502+0000] {processor.py:830} INFO - Processing file /home/airflow/.local/lib/python3.8/site-packages/airflow/example_dags/example_xcom.py for tasks to queue
[2025-11-28T06:56:00.504+0000] {logging_mixin.py:188} INFO - [2025-11-28T06:56:00.504+0000] {dagbag.py:538} INFO - Filling up the DagBag from /home/airflow/.local/lib/python3.8/site-packages/airflow/example_dags/example_xcom.py
[2025-11-28T06:56:00.511+0000] {processor.py:840} INFO - DAG(s) 'example_xcom' retrieved from /home/airflow/.local/lib/python3.8/site-packages/airflow/example_dags/example_xcom.py
[2025-11-28T06:56:00.530+0000] {logging_mixin.py:188} INFO - [2025-11-28T06:56:00.530+0000] {dag.py:3036} INFO - Sync 1 DAGs
[2025-11-28T06:56:00.547+0000] {logging_mixin.py:188} INFO - [2025-11-28T06:56:00.547+0000] {dag.py:3823} INFO - Setting next_dagrun for example_xcom to 2021-01-01 00:00:00+00:00, run_after=2021-01-01 00:00:00+00:00
[2025-11-28T06:56:00.569+0000] {processor.py:183} INFO - Processing /home/airflow/.local/lib/python3.8/site-packages/airflow/example_dags/example_xcom.py took 0.072 seconds
[2025-11-28T06:56:30.880+0000] {processor.py:161} INFO - Started process (PID=534) to work on /home/airflow/.local/lib/python3.8/site-packages/airflow/example_dags/example_xcom.py
[2025-11-28T06:56:30.882+0000] {processor.py:830} INFO - Processing file /home/airflow/.local/lib/python3.8/site-packages/airflow/example_dags/example_xcom.py for tasks to queue
[2025-11-28T06:56:30.885+0000] {logging_mixin.py:188} INFO - [2025-11-28T06:56:30.884+0000] {dagbag.py:538} INFO - Filling up the DagBag from /home/airflow/.local/lib/python3.8/site-packages/airflow/example_dags/example_xcom.py
[2025-11-28T06:56:30.894+0000] {processor.py:840} INFO - DAG(s) 'example_xcom' retrieved from /home/airflow/.local/lib/python3.8/site-packages/airflow/example_dags/example_xcom.py
[2025-11-28T06:56:30.916+0000] {logging_mixin.py:188} INFO - [2025-11-28T06:56:30.915+0000] {dag.py:3036} INFO - Sync 1 DAGs
[2025-11-28T06:56:30.939+0000] {logging_mixin.py:188} INFO - [2025-11-28T06:56:30.939+0000] {dag.py:3823} INFO - Setting next_dagrun for example_xcom to 2021-01-01 00:00:00+00:00, run_after=2021-01-01 00:00:00+00:00
[2025-11-28T06:56:30.959+0000] {processor.py:183} INFO - Processing /home/airflow/.local/lib/python3.8/site-packages/airflow/example_dags/example_xcom.py took 0.084 seconds
[2025-11-28T06:57:01.205+0000] {processor.py:161} INFO - Started process (PID=589) to work on /home/airflow/.local/lib/python3.8/site-packages/airflow/example_dags/example_xcom.py
[2025-11-28T06:57:01.226+0000] {processor.py:830} INFO - Processing file /home/airflow/.local/lib/python3.8/site-packages/airflow/example_dags/example_xcom.py for tasks to queue
[2025-11-28T06:57:01.239+0000] {logging_mixin.py:188} INFO - [2025-11-28T06:57:01.238+0000] {dagbag.py:538} INFO - Filling up the DagBag from /home/airflow/.local/lib/python3.8/site-packages/airflow/example_dags/example_xcom.py
[2025-11-28T06:57:01.251+0000] {processor.py:840} INFO - DAG(s) 'example_xcom' retrieved from /home/airflow/.local/lib/python3.8/site-packages/airflow/example_dags/example_xcom.py
[2025-11-28T06:57:01.276+0000] {logging_mixin.py:188} INFO - [2025-11-28T06:57:01.276+0000] {dag.py:3036} INFO - Sync 1 DAGs
[2025-11-28T06:57:01.295+0000] {logging_mixin.py:188} INFO - [2025-11-28T06:57:01.295+0000] {dag.py:3823} INFO - Setting next_dagrun for example_xcom to 2021-01-01 00:00:00+00:00, run_after=2021-01-01 00:00:00+00:00
[2025-11-28T06:57:01.309+0000] {processor.py:183} INFO - Processing /home/airflow/.local/lib/python3.8/site-packages/airflow/example_dags/example_xcom.py took 0.108 seconds
[2025-11-28T06:57:31.912+0000] {processor.py:161} INFO - Started process (PID=644) to work on /home/airflow/.local/lib/python3.8/site-packages/airflow/example_dags/example_xcom.py
[2025-11-28T06:57:31.913+0000] {processor.py:830} INFO - Processing file /home/airflow/.local/lib/python3.8/site-packages/airflow/example_dags/example_xcom.py for tasks to queue
[2025-11-28T06:57:31.915+0000] {logging_mixin.py:188} INFO - [2025-11-28T06:57:31.915+0000] {dagbag.py:538} INFO - Filling up the DagBag from /home/airflow/.local/lib/python3.8/site-packages/airflow/example_dags/example_xcom.py
[2025-11-28T06:57:31.925+0000] {processor.py:840} INFO - DAG(s) 'example_xcom' retrieved from /home/airflow/.local/lib/python3.8/site-packages/airflow/example_dags/example_xcom.py
[2025-11-28T06:57:31.941+0000] {logging_mixin.py:188} INFO - [2025-11-28T06:57:31.940+0000] {dag.py:3036} INFO - Sync 1 DAGs
[2025-11-28T06:57:31.959+0000] {logging_mixin.py:188} INFO - [2025-11-28T06:57:31.958+0000] {dag.py:3823} INFO - Setting next_dagrun for example_xcom to 2021-01-01 00:00:00+00:00, run_after=2021-01-01 00:00:00+00:00
[2025-11-28T06:57:31.980+0000] {processor.py:183} INFO - Processing /home/airflow/.local/lib/python3.8/site-packages/airflow/example_dags/example_xcom.py took 0.072 seconds
[2025-11-28T06:58:02.776+0000] {processor.py:161} INFO - Started process (PID=699) to work on /home/airflow/.local/lib/python3.8/site-packages/airflow/example_dags/example_xcom.py
[2025-11-28T06:58:02.778+0000] {processor.py:830} INFO - Processing file /home/airflow/.local/lib/python3.8/site-packages/airflow/example_dags/example_xcom.py for tasks to queue
[2025-11-28T06:58:02.780+0000] {logging_mixin.py:188} INFO - [2025-11-28T06:58:02.780+0000] {dagbag.py:538} INFO - Filling up the DagBag from /home/airflow/.local/lib/python3.8/site-packages/airflow/example_dags/example_xcom.py
[2025-11-28T06:58:02.790+0000] {processor.py:840} INFO - DAG(s) 'example_xcom' retrieved from /home/airflow/.local/lib/python3.8/site-packages/airflow/example_dags/example_xcom.py
[2025-11-28T06:58:02.813+0000] {logging_mixin.py:188} INFO - [2025-11-28T06:58:02.813+0000] {dag.py:3036} INFO - Sync 1 DAGs
[2025-11-28T06:58:02.836+0000] {logging_mixin.py:188} INFO - [2025-11-28T06:58:02.835+0000] {dag.py:3823} INFO - Setting next_dagrun for example_xcom to 2021-01-01 00:00:00+00:00, run_after=2021-01-01 00:00:00+00:00
[2025-11-28T06:58:02.853+0000] {processor.py:183} INFO - Processing /home/airflow/.local/lib/python3.8/site-packages/airflow/example_dags/example_xcom.py took 0.080 seconds
[2025-11-28T06:58:33.121+0000] {processor.py:161} INFO - Started process (PID=754) to work on /home/airflow/.local/lib/python3.8/site-packages/airflow/example_dags/example_xcom.py
[2025-11-28T06:58:33.122+0000] {processor.py:830} INFO - Processing file /home/airflow/.local/lib/python3.8/site-packages/airflow/example_dags/example_xcom.py for tasks to queue
[2025-11-28T06:58:33.124+0000] {logging_mixin.py:188} INFO - [2025-11-28T06:58:33.124+0000] {dagbag.py:538} INFO - Filling up the DagBag from /home/airflow/.local/lib/python3.8/site-packages/airflow/example_dags/example_xcom.py
[2025-11-28T06:58:33.130+0000] {processor.py:840} INFO - DAG(s) 'example_xcom' retrieved from /home/airflow/.local/lib/python3.8/site-packages/airflow/example_dags/example_xcom.py
[2025-11-28T06:58:33.152+0000] {logging_mixin.py:188} INFO - [2025-11-28T06:58:33.152+0000] {dag.py:3036} INFO - Sync 1 DAGs
[2025-11-28T06:58:33.177+0000] {logging_mixin.py:188} INFO - [2025-11-28T06:58:33.177+0000] {dag.py:3823} INFO - Setting next_dagrun for example_xcom to 2021-01-01 00:00:00+00:00, run_after=2021-01-01 00:00:00+00:00
[2025-11-28T06:58:33.195+0000] {processor.py:183} INFO - Processing /home/airflow/.local/lib/python3.8/site-packages/airflow/example_dags/example_xcom.py took 0.076 seconds
[2025-11-28T06:59:03.601+0000] {processor.py:161} INFO - Started process (PID=809) to work on /home/airflow/.local/lib/python3.8/site-packages/airflow/example_dags/example_xcom.py
[2025-11-28T06:59:03.602+0000] {processor.py:830} INFO - Processing file /home/airflow/.local/lib/python3.8/site-packages/airflow/example_dags/example_xcom.py for tasks to queue
[2025-11-28T06:59:03.604+0000] {logging_mixin.py:188} INFO - [2025-11-28T06:59:03.604+0000] {dagbag.py:538} INFO - Filling up the DagBag from /home/airflow/.local/lib/python3.8/site-packages/airflow/example_dags/example_xcom.py
[2025-11-28T06:59:03.616+0000] {processor.py:840} INFO - DAG(s) 'example_xcom' retrieved from /home/airflow/.local/lib/python3.8/site-packages/airflow/example_dags/example_xcom.py
[2025-11-28T06:59:03.639+0000] {logging_mixin.py:188} INFO - [2025-11-28T06:59:03.638+0000] {dag.py:3036} INFO - Sync 1 DAGs
[2025-11-28T06:59:03.654+0000] {logging_mixin.py:188} INFO - [2025-11-28T06:59:03.654+0000] {dag.py:3823} INFO - Setting next_dagrun for example_xcom to 2021-01-01 00:00:00+00:00, run_after=2021-01-01 00:00:00+00:00
[2025-11-28T06:59:03.669+0000] {processor.py:183} INFO - Processing /home/airflow/.local/lib/python3.8/site-packages/airflow/example_dags/example_xcom.py took 0.071 seconds
[2025-11-28T06:59:34.265+0000] {processor.py:161} INFO - Started process (PID=864) to work on /home/airflow/.local/lib/python3.8/site-packages/airflow/example_dags/example_xcom.py
[2025-11-28T06:59:34.266+0000] {processor.py:830} INFO - Processing file /home/airflow/.local/lib/python3.8/site-packages/airflow/example_dags/example_xcom.py for tasks to queue
[2025-11-28T06:59:34.268+0000] {logging_mixin.py:188} INFO - [2025-11-28T06:59:34.268+0000] {dagbag.py:538} INFO - Filling up the DagBag from /home/airflow/.local/lib/python3.8/site-packages/airflow/example_dags/example_xcom.py
[2025-11-28T06:59:34.276+0000] {processor.py:840} INFO - DAG(s) 'example_xcom' retrieved from /home/airflow/.local/lib/python3.8/site-packages/airflow/example_dags/example_xcom.py
[2025-11-28T06:59:34.295+0000] {logging_mixin.py:188} INFO - [2025-11-28T06:59:34.295+0000] {dag.py:3036} INFO - Sync 1 DAGs
[2025-11-28T06:59:34.310+0000] {logging_mixin.py:188} INFO - [2025-11-28T06:59:34.309+0000] {dag.py:3823} INFO - Setting next_dagrun for example_xcom to 2021-01-01 00:00:00+00:00, run_after=2021-01-01 00:00:00+00:00
[2025-11-28T06:59:34.323+0000] {processor.py:183} INFO - Processing /home/airflow/.local/lib/python3.8/site-packages/airflow/example_dags/example_xcom.py took 0.060 seconds
[2025-11-28T07:00:04.436+0000] {processor.py:161} INFO - Started process (PID=919) to work on /home/airflow/.local/lib/python3.8/site-packages/airflow/example_dags/example_xcom.py
[2025-11-28T07:00:04.438+0000] {processor.py:830} INFO - Processing file /home/airflow/.local/lib/python3.8/site-packages/airflow/example_dags/example_xcom.py for tasks to queue
[2025-11-28T07:00:04.440+0000] {logging_mixin.py:188} INFO - [2025-11-28T07:00:04.440+0000] {dagbag.py:538} INFO - Filling up the DagBag from /home/airflow/.local/lib/python3.8/site-packages/airflow/example_dags/example_xcom.py
[2025-11-28T07:00:04.446+0000] {processor.py:840} INFO - DAG(s) 'example_xcom' retrieved from /home/airflow/.local/lib/python3.8/site-packages/airflow/example_dags/example_xcom.py
[2025-11-28T07:00:04.466+0000] {logging_mixin.py:188} INFO - [2025-11-28T07:00:04.466+0000] {dag.py:3036} INFO - Sync 1 DAGs
[2025-11-28T07:00:04.485+0000] {logging_mixin.py:188} INFO - [2025-11-28T07:00:04.484+0000] {dag.py:3823} INFO - Setting next_dagrun for example_xcom to 2021-01-01 00:00:00+00:00, run_after=2021-01-01 00:00:00+00:00
[2025-11-28T07:00:04.508+0000] {processor.py:183} INFO - Processing /home/airflow/.local/lib/python3.8/site-packages/airflow/example_dags/example_xcom.py took 0.074 seconds
[2025-11-28T07:00:35.160+0000] {processor.py:161} INFO - Started process (PID=974) to work on /home/airflow/.local/lib/python3.8/site-packages/airflow/example_dags/example_xcom.py
[2025-11-28T07:00:35.161+0000] {processor.py:830} INFO - Processing file /home/airflow/.local/lib/python3.8/site-packages/airflow/example_dags/example_xcom.py for tasks to queue
[2025-11-28T07:00:35.164+0000] {logging_mixin.py:188} INFO - [2025-11-28T07:00:35.163+0000] {dagbag.py:538} INFO - Filling up the DagBag from /home/airflow/.local/lib/python3.8/site-packages/airflow/example_dags/example_xcom.py
[2025-11-28T07:00:35.176+0000] {processor.py:840} INFO - DAG(s) 'example_xcom' retrieved from /home/airflow/.local/lib/python3.8/site-packages/airflow/example_dags/example_xcom.py
[2025-11-28T07:00:35.206+0000] {logging_mixin.py:188} INFO - [2025-11-28T07:00:35.205+0000] {dag.py:3036} INFO - Sync 1 DAGs
[2025-11-28T07:00:35.231+0000] {logging_mixin.py:188} INFO - [2025-11-28T07:00:35.231+0000] {dag.py:3823} INFO - Setting next_dagrun for example_xcom to 2021-01-01 00:00:00+00:00, run_after=2021-01-01 00:00:00+00:00
[2025-11-28T07:00:35.259+0000] {processor.py:183} INFO - Processing /home/airflow/.local/lib/python3.8/site-packages/airflow/example_dags/example_xcom.py took 0.106 seconds
[2025-11-28T07:01:05.671+0000] {processor.py:161} INFO - Started process (PID=1029) to work on /home/airflow/.local/lib/python3.8/site-packages/airflow/example_dags/example_xcom.py
[2025-11-28T07:01:05.672+0000] {processor.py:830} INFO - Processing file /home/airflow/.local/lib/python3.8/site-packages/airflow/example_dags/example_xcom.py for tasks to queue
[2025-11-28T07:01:05.675+0000] {logging_mixin.py:188} INFO - [2025-11-28T07:01:05.675+0000] {dagbag.py:538} INFO - Filling up the DagBag from /home/airflow/.local/lib/python3.8/site-packages/airflow/example_dags/example_xcom.py
[2025-11-28T07:01:05.684+0000] {processor.py:840} INFO - DAG(s) 'example_xcom' retrieved from /home/airflow/.local/lib/python3.8/site-packages/airflow/example_dags/example_xcom.py
[2025-11-28T07:01:05.707+0000] {logging_mixin.py:188} INFO - [2025-11-28T07:01:05.707+0000] {dag.py:3036} INFO - Sync 1 DAGs
[2025-11-28T07:01:05.732+0000] {logging_mixin.py:188} INFO - [2025-11-28T07:01:05.732+0000] {dag.py:3823} INFO - Setting next_dagrun for example_xcom to 2021-01-01 00:00:00+00:00, run_after=2021-01-01 00:00:00+00:00
[2025-11-28T07:01:05.750+0000] {processor.py:183} INFO - Processing /home/airflow/.local/lib/python3.8/site-packages/airflow/example_dags/example_xcom.py took 0.084 seconds
[2025-11-28T07:01:36.048+0000] {processor.py:161} INFO - Started process (PID=1083) to work on /home/airflow/.local/lib/python3.8/site-packages/airflow/example_dags/example_xcom.py
[2025-11-28T07:01:36.050+0000] {processor.py:830} INFO - Processing file /home/airflow/.local/lib/python3.8/site-packages/airflow/example_dags/example_xcom.py for tasks to queue
[2025-11-28T07:01:36.052+0000] {logging_mixin.py:188} INFO - [2025-11-28T07:01:36.052+0000] {dagbag.py:538} INFO - Filling up the DagBag from /home/airflow/.local/lib/python3.8/site-packages/airflow/example_dags/example_xcom.py
[2025-11-28T07:01:36.069+0000] {processor.py:840} INFO - DAG(s) 'example_xcom' retrieved from /home/airflow/.local/lib/python3.8/site-packages/airflow/example_dags/example_xcom.py
[2025-11-28T07:01:36.094+0000] {logging_mixin.py:188} INFO - [2025-11-28T07:01:36.094+0000] {dag.py:3036} INFO - Sync 1 DAGs
[2025-11-28T07:01:36.114+0000] {logging_mixin.py:188} INFO - [2025-11-28T07:01:36.113+0000] {dag.py:3823} INFO - Setting next_dagrun for example_xcom to 2021-01-01 00:00:00+00:00, run_after=2021-01-01 00:00:00+00:00
[2025-11-28T07:01:36.135+0000] {processor.py:183} INFO - Processing /home/airflow/.local/lib/python3.8/site-packages/airflow/example_dags/example_xcom.py took 0.090 seconds
[2025-11-28T07:02:07.017+0000] {processor.py:161} INFO - Started process (PID=1138) to work on /home/airflow/.local/lib/python3.8/site-packages/airflow/example_dags/example_xcom.py
[2025-11-28T07:02:07.018+0000] {processor.py:830} INFO - Processing file /home/airflow/.local/lib/python3.8/site-packages/airflow/example_dags/example_xcom.py for tasks to queue
[2025-11-28T07:02:07.020+0000] {logging_mixin.py:188} INFO - [2025-11-28T07:02:07.020+0000] {dagbag.py:538} INFO - Filling up the DagBag from /home/airflow/.local/lib/python3.8/site-packages/airflow/example_dags/example_xcom.py
[2025-11-28T07:02:07.028+0000] {processor.py:840} INFO - DAG(s) 'example_xcom' retrieved from /home/airflow/.local/lib/python3.8/site-packages/airflow/example_dags/example_xcom.py
[2025-11-28T07:02:07.049+0000] {logging_mixin.py:188} INFO - [2025-11-28T07:02:07.049+0000] {dag.py:3036} INFO - Sync 1 DAGs
[2025-11-28T07:02:07.067+0000] {logging_mixin.py:188} INFO - [2025-11-28T07:02:07.066+0000] {dag.py:3823} INFO - Setting next_dagrun for example_xcom to 2021-01-01 00:00:00+00:00, run_after=2021-01-01 00:00:00+00:00
[2025-11-28T07:02:07.087+0000] {processor.py:183} INFO - Processing /home/airflow/.local/lib/python3.8/site-packages/airflow/example_dags/example_xcom.py took 0.074 seconds
[2025-11-28T07:02:37.230+0000] {processor.py:161} INFO - Started process (PID=1192) to work on /home/airflow/.local/lib/python3.8/site-packages/airflow/example_dags/example_xcom.py
[2025-11-28T07:02:37.231+0000] {processor.py:830} INFO - Processing file /home/airflow/.local/lib/python3.8/site-packages/airflow/example_dags/example_xcom.py for tasks to queue
[2025-11-28T07:02:37.234+0000] {logging_mixin.py:188} INFO - [2025-11-28T07:02:37.234+0000] {dagbag.py:538} INFO - Filling up the DagBag from /home/airflow/.local/lib/python3.8/site-packages/airflow/example_dags/example_xcom.py
[2025-11-28T07:02:37.240+0000] {processor.py:840} INFO - DAG(s) 'example_xcom' retrieved from /home/airflow/.local/lib/python3.8/site-packages/airflow/example_dags/example_xcom.py
[2025-11-28T07:02:37.258+0000] {logging_mixin.py:188} INFO - [2025-11-28T07:02:37.258+0000] {dag.py:3036} INFO - Sync 1 DAGs
[2025-11-28T07:02:37.278+0000] {logging_mixin.py:188} INFO - [2025-11-28T07:02:37.278+0000] {dag.py:3823} INFO - Setting next_dagrun for example_xcom to 2021-01-01 00:00:00+00:00, run_after=2021-01-01 00:00:00+00:00
[2025-11-28T07:02:37.295+0000] {processor.py:183} INFO - Processing /home/airflow/.local/lib/python3.8/site-packages/airflow/example_dags/example_xcom.py took 0.068 seconds
[2025-11-28T07:03:07.972+0000] {processor.py:161} INFO - Started process (PID=1248) to work on /home/airflow/.local/lib/python3.8/site-packages/airflow/example_dags/example_xcom.py
[2025-11-28T07:03:07.974+0000] {processor.py:830} INFO - Processing file /home/airflow/.local/lib/python3.8/site-packages/airflow/example_dags/example_xcom.py for tasks to queue
[2025-11-28T07:03:07.976+0000] {logging_mixin.py:188} INFO - [2025-11-28T07:03:07.976+0000] {dagbag.py:538} INFO - Filling up the DagBag from /home/airflow/.local/lib/python3.8/site-packages/airflow/example_dags/example_xcom.py
[2025-11-28T07:03:07.984+0000] {processor.py:840} INFO - DAG(s) 'example_xcom' retrieved from /home/airflow/.local/lib/python3.8/site-packages/airflow/example_dags/example_xcom.py
[2025-11-28T07:03:08.007+0000] {logging_mixin.py:188} INFO - [2025-11-28T07:03:08.007+0000] {dag.py:3036} INFO - Sync 1 DAGs
[2025-11-28T07:03:08.026+0000] {logging_mixin.py:188} INFO - [2025-11-28T07:03:08.025+0000] {dag.py:3823} INFO - Setting next_dagrun for example_xcom to 2021-01-01 00:00:00+00:00, run_after=2021-01-01 00:00:00+00:00
[2025-11-28T07:03:08.045+0000] {processor.py:183} INFO - Processing /home/airflow/.local/lib/python3.8/site-packages/airflow/example_dags/example_xcom.py took 0.076 seconds
[2025-11-28T07:03:39.141+0000] {processor.py:161} INFO - Started process (PID=1303) to work on /home/airflow/.local/lib/python3.8/site-packages/airflow/example_dags/example_xcom.py
[2025-11-28T07:03:39.144+0000] {processor.py:830} INFO - Processing file /home/airflow/.local/lib/python3.8/site-packages/airflow/example_dags/example_xcom.py for tasks to queue
[2025-11-28T07:03:39.159+0000] {logging_mixin.py:188} INFO - [2025-11-28T07:03:39.157+0000] {dagbag.py:538} INFO - Filling up the DagBag from /home/airflow/.local/lib/python3.8/site-packages/airflow/example_dags/example_xcom.py
[2025-11-28T07:03:39.174+0000] {processor.py:840} INFO - DAG(s) 'example_xcom' retrieved from /home/airflow/.local/lib/python3.8/site-packages/airflow/example_dags/example_xcom.py
[2025-11-28T07:03:39.223+0000] {logging_mixin.py:188} INFO - [2025-11-28T07:03:39.223+0000] {dag.py:3036} INFO - Sync 1 DAGs
[2025-11-28T07:03:39.255+0000] {logging_mixin.py:188} INFO - [2025-11-28T07:03:39.255+0000] {dag.py:3823} INFO - Setting next_dagrun for example_xcom to 2021-01-01 00:00:00+00:00, run_after=2021-01-01 00:00:00+00:00
[2025-11-28T07:03:39.284+0000] {processor.py:183} INFO - Processing /home/airflow/.local/lib/python3.8/site-packages/airflow/example_dags/example_xcom.py took 0.147 seconds
[2025-11-28T07:04:09.944+0000] {processor.py:161} INFO - Started process (PID=1358) to work on /home/airflow/.local/lib/python3.8/site-packages/airflow/example_dags/example_xcom.py
[2025-11-28T07:04:09.946+0000] {processor.py:830} INFO - Processing file /home/airflow/.local/lib/python3.8/site-packages/airflow/example_dags/example_xcom.py for tasks to queue
[2025-11-28T07:04:09.948+0000] {logging_mixin.py:188} INFO - [2025-11-28T07:04:09.947+0000] {dagbag.py:538} INFO - Filling up the DagBag from /home/airflow/.local/lib/python3.8/site-packages/airflow/example_dags/example_xcom.py
[2025-11-28T07:04:09.957+0000] {processor.py:840} INFO - DAG(s) 'example_xcom' retrieved from /home/airflow/.local/lib/python3.8/site-packages/airflow/example_dags/example_xcom.py
[2025-11-28T07:04:09.983+0000] {logging_mixin.py:188} INFO - [2025-11-28T07:04:09.983+0000] {dag.py:3036} INFO - Sync 1 DAGs
[2025-11-28T07:04:10.009+0000] {logging_mixin.py:188} INFO - [2025-11-28T07:04:10.009+0000] {dag.py:3823} INFO - Setting next_dagrun for example_xcom to 2021-01-01 00:00:00+00:00, run_after=2021-01-01 00:00:00+00:00
[2025-11-28T07:04:10.048+0000] {processor.py:183} INFO - Processing /home/airflow/.local/lib/python3.8/site-packages/airflow/example_dags/example_xcom.py took 0.108 seconds
[2025-11-28T07:04:40.917+0000] {processor.py:161} INFO - Started process (PID=1413) to work on /home/airflow/.local/lib/python3.8/site-packages/airflow/example_dags/example_xcom.py
[2025-11-28T07:04:40.920+0000] {processor.py:830} INFO - Processing file /home/airflow/.local/lib/python3.8/site-packages/airflow/example_dags/example_xcom.py for tasks to queue
[2025-11-28T07:04:40.921+0000] {logging_mixin.py:188} INFO - [2025-11-28T07:04:40.921+0000] {dagbag.py:538} INFO - Filling up the DagBag from /home/airflow/.local/lib/python3.8/site-packages/airflow/example_dags/example_xcom.py
[2025-11-28T07:04:40.927+0000] {processor.py:840} INFO - DAG(s) 'example_xcom' retrieved from /home/airflow/.local/lib/python3.8/site-packages/airflow/example_dags/example_xcom.py
[2025-11-28T07:04:40.944+0000] {logging_mixin.py:188} INFO - [2025-11-28T07:04:40.943+0000] {dag.py:3036} INFO - Sync 1 DAGs
[2025-11-28T07:04:40.958+0000] {logging_mixin.py:188} INFO - [2025-11-28T07:04:40.958+0000] {dag.py:3823} INFO - Setting next_dagrun for example_xcom to 2021-01-01 00:00:00+00:00, run_after=2021-01-01 00:00:00+00:00
[2025-11-28T07:04:40.972+0000] {processor.py:183} INFO - Processing /home/airflow/.local/lib/python3.8/site-packages/airflow/example_dags/example_xcom.py took 0.058 seconds
[2025-11-28T07:05:11.236+0000] {processor.py:161} INFO - Started process (PID=1469) to work on /home/airflow/.local/lib/python3.8/site-packages/airflow/example_dags/example_xcom.py
[2025-11-28T07:05:11.239+0000] {processor.py:830} INFO - Processing file /home/airflow/.local/lib/python3.8/site-packages/airflow/example_dags/example_xcom.py for tasks to queue
[2025-11-28T07:05:11.244+0000] {logging_mixin.py:188} INFO - [2025-11-28T07:05:11.241+0000] {dagbag.py:538} INFO - Filling up the DagBag from /home/airflow/.local/lib/python3.8/site-packages/airflow/example_dags/example_xcom.py
[2025-11-28T07:05:11.254+0000] {processor.py:840} INFO - DAG(s) 'example_xcom' retrieved from /home/airflow/.local/lib/python3.8/site-packages/airflow/example_dags/example_xcom.py
[2025-11-28T07:05:11.276+0000] {logging_mixin.py:188} INFO - [2025-11-28T07:05:11.276+0000] {dag.py:3036} INFO - Sync 1 DAGs
[2025-11-28T07:05:11.293+0000] {logging_mixin.py:188} INFO - [2025-11-28T07:05:11.292+0000] {dag.py:3823} INFO - Setting next_dagrun for example_xcom to 2021-01-01 00:00:00+00:00, run_after=2021-01-01 00:00:00+00:00
[2025-11-28T07:05:11.312+0000] {processor.py:183} INFO - Processing /home/airflow/.local/lib/python3.8/site-packages/airflow/example_dags/example_xcom.py took 0.080 seconds
[2025-11-28T07:05:41.846+0000] {processor.py:161} INFO - Started process (PID=1524) to work on /home/airflow/.local/lib/python3.8/site-packages/airflow/example_dags/example_xcom.py
[2025-11-28T07:05:41.848+0000] {processor.py:830} INFO - Processing file /home/airflow/.local/lib/python3.8/site-packages/airflow/example_dags/example_xcom.py for tasks to queue
[2025-11-28T07:05:41.851+0000] {logging_mixin.py:188} INFO - [2025-11-28T07:05:41.850+0000] {dagbag.py:538} INFO - Filling up the DagBag from /home/airflow/.local/lib/python3.8/site-packages/airflow/example_dags/example_xcom.py
[2025-11-28T07:05:41.859+0000] {processor.py:840} INFO - DAG(s) 'example_xcom' retrieved from /home/airflow/.local/lib/python3.8/site-packages/airflow/example_dags/example_xcom.py
[2025-11-28T07:05:41.885+0000] {logging_mixin.py:188} INFO - [2025-11-28T07:05:41.885+0000] {dag.py:3036} INFO - Sync 1 DAGs
[2025-11-28T07:05:41.902+0000] {logging_mixin.py:188} INFO - [2025-11-28T07:05:41.901+0000] {dag.py:3823} INFO - Setting next_dagrun for example_xcom to 2021-01-01 00:00:00+00:00, run_after=2021-01-01 00:00:00+00:00
[2025-11-28T07:05:41.917+0000] {processor.py:183} INFO - Processing /home/airflow/.local/lib/python3.8/site-packages/airflow/example_dags/example_xcom.py took 0.076 seconds
[2025-11-28T07:06:12.791+0000] {processor.py:161} INFO - Started process (PID=1579) to work on /home/airflow/.local/lib/python3.8/site-packages/airflow/example_dags/example_xcom.py
[2025-11-28T07:06:12.793+0000] {processor.py:830} INFO - Processing file /home/airflow/.local/lib/python3.8/site-packages/airflow/example_dags/example_xcom.py for tasks to queue
[2025-11-28T07:06:12.796+0000] {logging_mixin.py:188} INFO - [2025-11-28T07:06:12.795+0000] {dagbag.py:538} INFO - Filling up the DagBag from /home/airflow/.local/lib/python3.8/site-packages/airflow/example_dags/example_xcom.py
[2025-11-28T07:06:12.804+0000] {processor.py:840} INFO - DAG(s) 'example_xcom' retrieved from /home/airflow/.local/lib/python3.8/site-packages/airflow/example_dags/example_xcom.py
[2025-11-28T07:06:12.824+0000] {logging_mixin.py:188} INFO - [2025-11-28T07:06:12.823+0000] {dag.py:3036} INFO - Sync 1 DAGs
[2025-11-28T07:06:12.841+0000] {logging_mixin.py:188} INFO - [2025-11-28T07:06:12.840+0000] {dag.py:3823} INFO - Setting next_dagrun for example_xcom to 2021-01-01 00:00:00+00:00, run_after=2021-01-01 00:00:00+00:00
[2025-11-28T07:06:12.859+0000] {processor.py:183} INFO - Processing /home/airflow/.local/lib/python3.8/site-packages/airflow/example_dags/example_xcom.py took 0.073 seconds
[2025-11-28T07:06:43.242+0000] {processor.py:161} INFO - Started process (PID=1634) to work on /home/airflow/.local/lib/python3.8/site-packages/airflow/example_dags/example_xcom.py
[2025-11-28T07:06:43.244+0000] {processor.py:830} INFO - Processing file /home/airflow/.local/lib/python3.8/site-packages/airflow/example_dags/example_xcom.py for tasks to queue
[2025-11-28T07:06:43.246+0000] {logging_mixin.py:188} INFO - [2025-11-28T07:06:43.246+0000] {dagbag.py:538} INFO - Filling up the DagBag from /home/airflow/.local/lib/python3.8/site-packages/airflow/example_dags/example_xcom.py
[2025-11-28T07:06:43.252+0000] {processor.py:840} INFO - DAG(s) 'example_xcom' retrieved from /home/airflow/.local/lib/python3.8/site-packages/airflow/example_dags/example_xcom.py
[2025-11-28T07:06:43.271+0000] {logging_mixin.py:188} INFO - [2025-11-28T07:06:43.271+0000] {dag.py:3036} INFO - Sync 1 DAGs
[2025-11-28T07:06:43.286+0000] {logging_mixin.py:188} INFO - [2025-11-28T07:06:43.286+0000] {dag.py:3823} INFO - Setting next_dagrun for example_xcom to 2021-01-01 00:00:00+00:00, run_after=2021-01-01 00:00:00+00:00
[2025-11-28T07:06:43.302+0000] {processor.py:183} INFO - Processing /home/airflow/.local/lib/python3.8/site-packages/airflow/example_dags/example_xcom.py took 0.062 seconds
[2025-11-28T07:07:13.659+0000] {processor.py:161} INFO - Started process (PID=1689) to work on /home/airflow/.local/lib/python3.8/site-packages/airflow/example_dags/example_xcom.py
[2025-11-28T07:07:13.660+0000] {processor.py:830} INFO - Processing file /home/airflow/.local/lib/python3.8/site-packages/airflow/example_dags/example_xcom.py for tasks to queue
[2025-11-28T07:07:13.663+0000] {logging_mixin.py:188} INFO - [2025-11-28T07:07:13.662+0000] {dagbag.py:538} INFO - Filling up the DagBag from /home/airflow/.local/lib/python3.8/site-packages/airflow/example_dags/example_xcom.py
[2025-11-28T07:07:13.679+0000] {processor.py:840} INFO - DAG(s) 'example_xcom' retrieved from /home/airflow/.local/lib/python3.8/site-packages/airflow/example_dags/example_xcom.py
[2025-11-28T07:07:13.720+0000] {logging_mixin.py:188} INFO - [2025-11-28T07:07:13.720+0000] {dag.py:3036} INFO - Sync 1 DAGs
[2025-11-28T07:07:13.742+0000] {logging_mixin.py:188} INFO - [2025-11-28T07:07:13.741+0000] {dag.py:3823} INFO - Setting next_dagrun for example_xcom to 2021-01-01 00:00:00+00:00, run_after=2021-01-01 00:00:00+00:00
[2025-11-28T07:07:13.761+0000] {processor.py:183} INFO - Processing /home/airflow/.local/lib/python3.8/site-packages/airflow/example_dags/example_xcom.py took 0.108 seconds
[2025-11-28T07:07:44.221+0000] {processor.py:161} INFO - Started process (PID=1744) to work on /home/airflow/.local/lib/python3.8/site-packages/airflow/example_dags/example_xcom.py
[2025-11-28T07:07:44.222+0000] {processor.py:830} INFO - Processing file /home/airflow/.local/lib/python3.8/site-packages/airflow/example_dags/example_xcom.py for tasks to queue
[2025-11-28T07:07:44.224+0000] {logging_mixin.py:188} INFO - [2025-11-28T07:07:44.223+0000] {dagbag.py:538} INFO - Filling up the DagBag from /home/airflow/.local/lib/python3.8/site-packages/airflow/example_dags/example_xcom.py
[2025-11-28T07:07:44.229+0000] {processor.py:840} INFO - DAG(s) 'example_xcom' retrieved from /home/airflow/.local/lib/python3.8/site-packages/airflow/example_dags/example_xcom.py
[2025-11-28T07:07:44.249+0000] {logging_mixin.py:188} INFO - [2025-11-28T07:07:44.248+0000] {dag.py:3036} INFO - Sync 1 DAGs
[2025-11-28T07:07:44.267+0000] {logging_mixin.py:188} INFO - [2025-11-28T07:07:44.267+0000] {dag.py:3823} INFO - Setting next_dagrun for example_xcom to 2021-01-01 00:00:00+00:00, run_after=2021-01-01 00:00:00+00:00
[2025-11-28T07:07:44.285+0000] {processor.py:183} INFO - Processing /home/airflow/.local/lib/python3.8/site-packages/airflow/example_dags/example_xcom.py took 0.067 seconds
[2025-11-28T07:08:14.733+0000] {processor.py:161} INFO - Started process (PID=1799) to work on /home/airflow/.local/lib/python3.8/site-packages/airflow/example_dags/example_xcom.py
[2025-11-28T07:08:14.736+0000] {processor.py:830} INFO - Processing file /home/airflow/.local/lib/python3.8/site-packages/airflow/example_dags/example_xcom.py for tasks to queue
[2025-11-28T07:08:14.739+0000] {logging_mixin.py:188} INFO - [2025-11-28T07:08:14.739+0000] {dagbag.py:538} INFO - Filling up the DagBag from /home/airflow/.local/lib/python3.8/site-packages/airflow/example_dags/example_xcom.py
[2025-11-28T07:08:14.756+0000] {processor.py:840} INFO - DAG(s) 'example_xcom' retrieved from /home/airflow/.local/lib/python3.8/site-packages/airflow/example_dags/example_xcom.py
[2025-11-28T07:08:14.783+0000] {logging_mixin.py:188} INFO - [2025-11-28T07:08:14.782+0000] {dag.py:3036} INFO - Sync 1 DAGs
[2025-11-28T07:08:14.817+0000] {logging_mixin.py:188} INFO - [2025-11-28T07:08:14.817+0000] {dag.py:3823} INFO - Setting next_dagrun for example_xcom to 2021-01-01 00:00:00+00:00, run_after=2021-01-01 00:00:00+00:00
[2025-11-28T07:08:14.855+0000] {processor.py:183} INFO - Processing /home/airflow/.local/lib/python3.8/site-packages/airflow/example_dags/example_xcom.py took 0.125 seconds
[2025-11-28T07:08:45.646+0000] {processor.py:161} INFO - Started process (PID=1854) to work on /home/airflow/.local/lib/python3.8/site-packages/airflow/example_dags/example_xcom.py
[2025-11-28T07:08:45.647+0000] {processor.py:830} INFO - Processing file /home/airflow/.local/lib/python3.8/site-packages/airflow/example_dags/example_xcom.py for tasks to queue
[2025-11-28T07:08:45.650+0000] {logging_mixin.py:188} INFO - [2025-11-28T07:08:45.649+0000] {dagbag.py:538} INFO - Filling up the DagBag from /home/airflow/.local/lib/python3.8/site-packages/airflow/example_dags/example_xcom.py
[2025-11-28T07:08:45.657+0000] {processor.py:840} INFO - DAG(s) 'example_xcom' retrieved from /home/airflow/.local/lib/python3.8/site-packages/airflow/example_dags/example_xcom.py
[2025-11-28T07:08:45.680+0000] {logging_mixin.py:188} INFO - [2025-11-28T07:08:45.680+0000] {dag.py:3036} INFO - Sync 1 DAGs
[2025-11-28T07:08:45.710+0000] {logging_mixin.py:188} INFO - [2025-11-28T07:08:45.710+0000] {dag.py:3823} INFO - Setting next_dagrun for example_xcom to 2021-01-01 00:00:00+00:00, run_after=2021-01-01 00:00:00+00:00
[2025-11-28T07:08:45.742+0000] {processor.py:183} INFO - Processing /home/airflow/.local/lib/python3.8/site-packages/airflow/example_dags/example_xcom.py took 0.099 seconds
[2025-11-28T07:09:16.481+0000] {processor.py:161} INFO - Started process (PID=1909) to work on /home/airflow/.local/lib/python3.8/site-packages/airflow/example_dags/example_xcom.py
[2025-11-28T07:09:16.483+0000] {processor.py:830} INFO - Processing file /home/airflow/.local/lib/python3.8/site-packages/airflow/example_dags/example_xcom.py for tasks to queue
[2025-11-28T07:09:16.489+0000] {logging_mixin.py:188} INFO - [2025-11-28T07:09:16.488+0000] {dagbag.py:538} INFO - Filling up the DagBag from /home/airflow/.local/lib/python3.8/site-packages/airflow/example_dags/example_xcom.py
[2025-11-28T07:09:16.501+0000] {processor.py:840} INFO - DAG(s) 'example_xcom' retrieved from /home/airflow/.local/lib/python3.8/site-packages/airflow/example_dags/example_xcom.py
[2025-11-28T07:09:16.561+0000] {logging_mixin.py:188} INFO - [2025-11-28T07:09:16.561+0000] {dag.py:3036} INFO - Sync 1 DAGs
[2025-11-28T07:09:16.608+0000] {logging_mixin.py:188} INFO - [2025-11-28T07:09:16.608+0000] {dag.py:3823} INFO - Setting next_dagrun for example_xcom to 2021-01-01 00:00:00+00:00, run_after=2021-01-01 00:00:00+00:00
[2025-11-28T07:09:16.640+0000] {processor.py:183} INFO - Processing /home/airflow/.local/lib/python3.8/site-packages/airflow/example_dags/example_xcom.py took 0.168 seconds
[2025-11-28T07:09:46.775+0000] {processor.py:161} INFO - Started process (PID=1963) to work on /home/airflow/.local/lib/python3.8/site-packages/airflow/example_dags/example_xcom.py
[2025-11-28T07:09:46.777+0000] {processor.py:830} INFO - Processing file /home/airflow/.local/lib/python3.8/site-packages/airflow/example_dags/example_xcom.py for tasks to queue
[2025-11-28T07:09:46.781+0000] {logging_mixin.py:188} INFO - [2025-11-28T07:09:46.781+0000] {dagbag.py:538} INFO - Filling up the DagBag from /home/airflow/.local/lib/python3.8/site-packages/airflow/example_dags/example_xcom.py
[2025-11-28T07:09:46.787+0000] {processor.py:840} INFO - DAG(s) 'example_xcom' retrieved from /home/airflow/.local/lib/python3.8/site-packages/airflow/example_dags/example_xcom.py
[2025-11-28T07:09:46.812+0000] {logging_mixin.py:188} INFO - [2025-11-28T07:09:46.812+0000] {dag.py:3036} INFO - Sync 1 DAGs
[2025-11-28T07:09:46.834+0000] {logging_mixin.py:188} INFO - [2025-11-28T07:09:46.833+0000] {dag.py:3823} INFO - Setting next_dagrun for example_xcom to 2021-01-01 00:00:00+00:00, run_after=2021-01-01 00:00:00+00:00
[2025-11-28T07:09:46.851+0000] {processor.py:183} INFO - Processing /home/airflow/.local/lib/python3.8/site-packages/airflow/example_dags/example_xcom.py took 0.079 seconds
[2025-11-28T07:10:17.304+0000] {processor.py:161} INFO - Started process (PID=2018) to work on /home/airflow/.local/lib/python3.8/site-packages/airflow/example_dags/example_xcom.py
[2025-11-28T07:10:17.306+0000] {processor.py:830} INFO - Processing file /home/airflow/.local/lib/python3.8/site-packages/airflow/example_dags/example_xcom.py for tasks to queue
[2025-11-28T07:10:17.308+0000] {logging_mixin.py:188} INFO - [2025-11-28T07:10:17.307+0000] {dagbag.py:538} INFO - Filling up the DagBag from /home/airflow/.local/lib/python3.8/site-packages/airflow/example_dags/example_xcom.py
[2025-11-28T07:10:17.316+0000] {processor.py:840} INFO - DAG(s) 'example_xcom' retrieved from /home/airflow/.local/lib/python3.8/site-packages/airflow/example_dags/example_xcom.py
[2025-11-28T07:10:17.339+0000] {logging_mixin.py:188} INFO - [2025-11-28T07:10:17.339+0000] {dag.py:3036} INFO - Sync 1 DAGs
[2025-11-28T07:10:17.366+0000] {logging_mixin.py:188} INFO - [2025-11-28T07:10:17.366+0000] {dag.py:3823} INFO - Setting next_dagrun for example_xcom to 2021-01-01 00:00:00+00:00, run_after=2021-01-01 00:00:00+00:00
[2025-11-28T07:10:17.391+0000] {processor.py:183} INFO - Processing /home/airflow/.local/lib/python3.8/site-packages/airflow/example_dags/example_xcom.py took 0.090 seconds
[2025-11-28T07:10:47.495+0000] {processor.py:161} INFO - Started process (PID=2073) to work on /home/airflow/.local/lib/python3.8/site-packages/airflow/example_dags/example_xcom.py
[2025-11-28T07:10:47.496+0000] {processor.py:830} INFO - Processing file /home/airflow/.local/lib/python3.8/site-packages/airflow/example_dags/example_xcom.py for tasks to queue
[2025-11-28T07:10:47.498+0000] {logging_mixin.py:188} INFO - [2025-11-28T07:10:47.497+0000] {dagbag.py:538} INFO - Filling up the DagBag from /home/airflow/.local/lib/python3.8/site-packages/airflow/example_dags/example_xcom.py
[2025-11-28T07:10:47.504+0000] {processor.py:840} INFO - DAG(s) 'example_xcom' retrieved from /home/airflow/.local/lib/python3.8/site-packages/airflow/example_dags/example_xcom.py
[2025-11-28T07:10:47.522+0000] {logging_mixin.py:188} INFO - [2025-11-28T07:10:47.522+0000] {dag.py:3036} INFO - Sync 1 DAGs
[2025-11-28T07:10:47.547+0000] {logging_mixin.py:188} INFO - [2025-11-28T07:10:47.547+0000] {dag.py:3823} INFO - Setting next_dagrun for example_xcom to 2021-01-01 00:00:00+00:00, run_after=2021-01-01 00:00:00+00:00
[2025-11-28T07:10:47.565+0000] {processor.py:183} INFO - Processing /home/airflow/.local/lib/python3.8/site-packages/airflow/example_dags/example_xcom.py took 0.073 seconds
[2025-11-28T07:11:17.755+0000] {processor.py:161} INFO - Started process (PID=2128) to work on /home/airflow/.local/lib/python3.8/site-packages/airflow/example_dags/example_xcom.py
[2025-11-28T07:11:17.756+0000] {processor.py:830} INFO - Processing file /home/airflow/.local/lib/python3.8/site-packages/airflow/example_dags/example_xcom.py for tasks to queue
[2025-11-28T07:11:17.758+0000] {logging_mixin.py:188} INFO - [2025-11-28T07:11:17.758+0000] {dagbag.py:538} INFO - Filling up the DagBag from /home/airflow/.local/lib/python3.8/site-packages/airflow/example_dags/example_xcom.py
[2025-11-28T07:11:17.766+0000] {processor.py:840} INFO - DAG(s) 'example_xcom' retrieved from /home/airflow/.local/lib/python3.8/site-packages/airflow/example_dags/example_xcom.py
[2025-11-28T07:11:17.785+0000] {logging_mixin.py:188} INFO - [2025-11-28T07:11:17.784+0000] {dag.py:3036} INFO - Sync 1 DAGs
[2025-11-28T07:11:17.801+0000] {logging_mixin.py:188} INFO - [2025-11-28T07:11:17.801+0000] {dag.py:3823} INFO - Setting next_dagrun for example_xcom to 2021-01-01 00:00:00+00:00, run_after=2021-01-01 00:00:00+00:00
[2025-11-28T07:11:17.818+0000] {processor.py:183} INFO - Processing /home/airflow/.local/lib/python3.8/site-packages/airflow/example_dags/example_xcom.py took 0.066 seconds
[2025-11-28T07:11:48.092+0000] {processor.py:161} INFO - Started process (PID=2183) to work on /home/airflow/.local/lib/python3.8/site-packages/airflow/example_dags/example_xcom.py
[2025-11-28T07:11:48.093+0000] {processor.py:830} INFO - Processing file /home/airflow/.local/lib/python3.8/site-packages/airflow/example_dags/example_xcom.py for tasks to queue
[2025-11-28T07:11:48.096+0000] {logging_mixin.py:188} INFO - [2025-11-28T07:11:48.096+0000] {dagbag.py:538} INFO - Filling up the DagBag from /home/airflow/.local/lib/python3.8/site-packages/airflow/example_dags/example_xcom.py
[2025-11-28T07:11:48.106+0000] {processor.py:840} INFO - DAG(s) 'example_xcom' retrieved from /home/airflow/.local/lib/python3.8/site-packages/airflow/example_dags/example_xcom.py
[2025-11-28T07:11:48.135+0000] {logging_mixin.py:188} INFO - [2025-11-28T07:11:48.135+0000] {dag.py:3036} INFO - Sync 1 DAGs
[2025-11-28T07:11:48.160+0000] {logging_mixin.py:188} INFO - [2025-11-28T07:11:48.160+0000] {dag.py:3823} INFO - Setting next_dagrun for example_xcom to 2021-01-01 00:00:00+00:00, run_after=2021-01-01 00:00:00+00:00
[2025-11-28T07:11:48.185+0000] {processor.py:183} INFO - Processing /home/airflow/.local/lib/python3.8/site-packages/airflow/example_dags/example_xcom.py took 0.098 seconds
[2025-11-28T07:12:18.686+0000] {processor.py:161} INFO - Started process (PID=2238) to work on /home/airflow/.local/lib/python3.8/site-packages/airflow/example_dags/example_xcom.py
[2025-11-28T07:12:18.688+0000] {processor.py:830} INFO - Processing file /home/airflow/.local/lib/python3.8/site-packages/airflow/example_dags/example_xcom.py for tasks to queue
[2025-11-28T07:12:18.692+0000] {logging_mixin.py:188} INFO - [2025-11-28T07:12:18.691+0000] {dagbag.py:538} INFO - Filling up the DagBag from /home/airflow/.local/lib/python3.8/site-packages/airflow/example_dags/example_xcom.py
[2025-11-28T07:12:18.704+0000] {processor.py:840} INFO - DAG(s) 'example_xcom' retrieved from /home/airflow/.local/lib/python3.8/site-packages/airflow/example_dags/example_xcom.py
[2025-11-28T07:12:18.735+0000] {logging_mixin.py:188} INFO - [2025-11-28T07:12:18.734+0000] {dag.py:3036} INFO - Sync 1 DAGs
[2025-11-28T07:12:18.755+0000] {logging_mixin.py:188} INFO - [2025-11-28T07:12:18.755+0000] {dag.py:3823} INFO - Setting next_dagrun for example_xcom to 2021-01-01 00:00:00+00:00, run_after=2021-01-01 00:00:00+00:00
[2025-11-28T07:12:18.773+0000] {processor.py:183} INFO - Processing /home/airflow/.local/lib/python3.8/site-packages/airflow/example_dags/example_xcom.py took 0.090 seconds
[2025-11-28T07:12:49.247+0000] {processor.py:161} INFO - Started process (PID=2293) to work on /home/airflow/.local/lib/python3.8/site-packages/airflow/example_dags/example_xcom.py
[2025-11-28T07:12:49.251+0000] {processor.py:830} INFO - Processing file /home/airflow/.local/lib/python3.8/site-packages/airflow/example_dags/example_xcom.py for tasks to queue
[2025-11-28T07:12:49.253+0000] {logging_mixin.py:188} INFO - [2025-11-28T07:12:49.252+0000] {dagbag.py:538} INFO - Filling up the DagBag from /home/airflow/.local/lib/python3.8/site-packages/airflow/example_dags/example_xcom.py
[2025-11-28T07:12:49.260+0000] {processor.py:840} INFO - DAG(s) 'example_xcom' retrieved from /home/airflow/.local/lib/python3.8/site-packages/airflow/example_dags/example_xcom.py
[2025-11-28T07:12:49.279+0000] {logging_mixin.py:188} INFO - [2025-11-28T07:12:49.279+0000] {dag.py:3036} INFO - Sync 1 DAGs
[2025-11-28T07:12:49.299+0000] {logging_mixin.py:188} INFO - [2025-11-28T07:12:49.299+0000] {dag.py:3823} INFO - Setting next_dagrun for example_xcom to 2021-01-01 00:00:00+00:00, run_after=2021-01-01 00:00:00+00:00
[2025-11-28T07:12:49.322+0000] {processor.py:183} INFO - Processing /home/airflow/.local/lib/python3.8/site-packages/airflow/example_dags/example_xcom.py took 0.078 seconds
[2025-11-28T07:13:20.109+0000] {processor.py:161} INFO - Started process (PID=2348) to work on /home/airflow/.local/lib/python3.8/site-packages/airflow/example_dags/example_xcom.py
[2025-11-28T07:13:20.110+0000] {processor.py:830} INFO - Processing file /home/airflow/.local/lib/python3.8/site-packages/airflow/example_dags/example_xcom.py for tasks to queue
[2025-11-28T07:13:20.112+0000] {logging_mixin.py:188} INFO - [2025-11-28T07:13:20.111+0000] {dagbag.py:538} INFO - Filling up the DagBag from /home/airflow/.local/lib/python3.8/site-packages/airflow/example_dags/example_xcom.py
[2025-11-28T07:13:20.118+0000] {processor.py:840} INFO - DAG(s) 'example_xcom' retrieved from /home/airflow/.local/lib/python3.8/site-packages/airflow/example_dags/example_xcom.py
[2025-11-28T07:13:20.139+0000] {logging_mixin.py:188} INFO - [2025-11-28T07:13:20.138+0000] {dag.py:3036} INFO - Sync 1 DAGs
[2025-11-28T07:13:20.162+0000] {logging_mixin.py:188} INFO - [2025-11-28T07:13:20.161+0000] {dag.py:3823} INFO - Setting next_dagrun for example_xcom to 2021-01-01 00:00:00+00:00, run_after=2021-01-01 00:00:00+00:00
[2025-11-28T07:13:20.185+0000] {processor.py:183} INFO - Processing /home/airflow/.local/lib/python3.8/site-packages/airflow/example_dags/example_xcom.py took 0.079 seconds
[2025-11-28T07:13:50.691+0000] {processor.py:161} INFO - Started process (PID=2403) to work on /home/airflow/.local/lib/python3.8/site-packages/airflow/example_dags/example_xcom.py
[2025-11-28T07:13:50.693+0000] {processor.py:830} INFO - Processing file /home/airflow/.local/lib/python3.8/site-packages/airflow/example_dags/example_xcom.py for tasks to queue
[2025-11-28T07:13:50.695+0000] {logging_mixin.py:188} INFO - [2025-11-28T07:13:50.695+0000] {dagbag.py:538} INFO - Filling up the DagBag from /home/airflow/.local/lib/python3.8/site-packages/airflow/example_dags/example_xcom.py
[2025-11-28T07:13:50.712+0000] {processor.py:840} INFO - DAG(s) 'example_xcom' retrieved from /home/airflow/.local/lib/python3.8/site-packages/airflow/example_dags/example_xcom.py
[2025-11-28T07:13:50.742+0000] {logging_mixin.py:188} INFO - [2025-11-28T07:13:50.742+0000] {dag.py:3036} INFO - Sync 1 DAGs
[2025-11-28T07:13:50.760+0000] {logging_mixin.py:188} INFO - [2025-11-28T07:13:50.760+0000] {dag.py:3823} INFO - Setting next_dagrun for example_xcom to 2021-01-01 00:00:00+00:00, run_after=2021-01-01 00:00:00+00:00
[2025-11-28T07:13:50.793+0000] {processor.py:183} INFO - Processing /home/airflow/.local/lib/python3.8/site-packages/airflow/example_dags/example_xcom.py took 0.110 seconds
[2025-11-28T07:14:21.131+0000] {processor.py:161} INFO - Started process (PID=2459) to work on /home/airflow/.local/lib/python3.8/site-packages/airflow/example_dags/example_xcom.py
[2025-11-28T07:14:21.133+0000] {processor.py:830} INFO - Processing file /home/airflow/.local/lib/python3.8/site-packages/airflow/example_dags/example_xcom.py for tasks to queue
[2025-11-28T07:14:21.135+0000] {logging_mixin.py:188} INFO - [2025-11-28T07:14:21.135+0000] {dagbag.py:538} INFO - Filling up the DagBag from /home/airflow/.local/lib/python3.8/site-packages/airflow/example_dags/example_xcom.py
[2025-11-28T07:14:21.144+0000] {processor.py:840} INFO - DAG(s) 'example_xcom' retrieved from /home/airflow/.local/lib/python3.8/site-packages/airflow/example_dags/example_xcom.py
[2025-11-28T07:14:21.174+0000] {logging_mixin.py:188} INFO - [2025-11-28T07:14:21.174+0000] {dag.py:3036} INFO - Sync 1 DAGs
[2025-11-28T07:14:21.195+0000] {logging_mixin.py:188} INFO - [2025-11-28T07:14:21.195+0000] {dag.py:3823} INFO - Setting next_dagrun for example_xcom to 2021-01-01 00:00:00+00:00, run_after=2021-01-01 00:00:00+00:00
[2025-11-28T07:14:21.213+0000] {processor.py:183} INFO - Processing /home/airflow/.local/lib/python3.8/site-packages/airflow/example_dags/example_xcom.py took 0.086 seconds
[2025-11-28T07:14:51.346+0000] {processor.py:161} INFO - Started process (PID=2514) to work on /home/airflow/.local/lib/python3.8/site-packages/airflow/example_dags/example_xcom.py
[2025-11-28T07:14:51.348+0000] {processor.py:830} INFO - Processing file /home/airflow/.local/lib/python3.8/site-packages/airflow/example_dags/example_xcom.py for tasks to queue
[2025-11-28T07:14:51.350+0000] {logging_mixin.py:188} INFO - [2025-11-28T07:14:51.350+0000] {dagbag.py:538} INFO - Filling up the DagBag from /home/airflow/.local/lib/python3.8/site-packages/airflow/example_dags/example_xcom.py
[2025-11-28T07:14:51.360+0000] {processor.py:840} INFO - DAG(s) 'example_xcom' retrieved from /home/airflow/.local/lib/python3.8/site-packages/airflow/example_dags/example_xcom.py
[2025-11-28T07:14:51.387+0000] {logging_mixin.py:188} INFO - [2025-11-28T07:14:51.386+0000] {dag.py:3036} INFO - Sync 1 DAGs
[2025-11-28T07:14:51.408+0000] {logging_mixin.py:188} INFO - [2025-11-28T07:14:51.408+0000] {dag.py:3823} INFO - Setting next_dagrun for example_xcom to 2021-01-01 00:00:00+00:00, run_after=2021-01-01 00:00:00+00:00
[2025-11-28T07:14:51.426+0000] {processor.py:183} INFO - Processing /home/airflow/.local/lib/python3.8/site-packages/airflow/example_dags/example_xcom.py took 0.084 seconds
[2025-11-28T07:15:22.167+0000] {processor.py:161} INFO - Started process (PID=2569) to work on /home/airflow/.local/lib/python3.8/site-packages/airflow/example_dags/example_xcom.py
[2025-11-28T07:15:22.169+0000] {processor.py:830} INFO - Processing file /home/airflow/.local/lib/python3.8/site-packages/airflow/example_dags/example_xcom.py for tasks to queue
[2025-11-28T07:15:22.172+0000] {logging_mixin.py:188} INFO - [2025-11-28T07:15:22.172+0000] {dagbag.py:538} INFO - Filling up the DagBag from /home/airflow/.local/lib/python3.8/site-packages/airflow/example_dags/example_xcom.py
[2025-11-28T07:15:22.179+0000] {processor.py:840} INFO - DAG(s) 'example_xcom' retrieved from /home/airflow/.local/lib/python3.8/site-packages/airflow/example_dags/example_xcom.py
[2025-11-28T07:15:22.202+0000] {logging_mixin.py:188} INFO - [2025-11-28T07:15:22.202+0000] {dag.py:3036} INFO - Sync 1 DAGs
[2025-11-28T07:15:22.354+0000] {logging_mixin.py:188} INFO - [2025-11-28T07:15:22.354+0000] {dag.py:3823} INFO - Setting next_dagrun for example_xcom to 2021-01-01 00:00:00+00:00, run_after=2021-01-01 00:00:00+00:00
[2025-11-28T07:15:22.374+0000] {processor.py:183} INFO - Processing /home/airflow/.local/lib/python3.8/site-packages/airflow/example_dags/example_xcom.py took 0.212 seconds
[2025-11-28T07:15:52.722+0000] {processor.py:161} INFO - Started process (PID=2624) to work on /home/airflow/.local/lib/python3.8/site-packages/airflow/example_dags/example_xcom.py
[2025-11-28T07:15:52.724+0000] {processor.py:830} INFO - Processing file /home/airflow/.local/lib/python3.8/site-packages/airflow/example_dags/example_xcom.py for tasks to queue
[2025-11-28T07:15:52.725+0000] {logging_mixin.py:188} INFO - [2025-11-28T07:15:52.725+0000] {dagbag.py:538} INFO - Filling up the DagBag from /home/airflow/.local/lib/python3.8/site-packages/airflow/example_dags/example_xcom.py
[2025-11-28T07:15:52.731+0000] {processor.py:840} INFO - DAG(s) 'example_xcom' retrieved from /home/airflow/.local/lib/python3.8/site-packages/airflow/example_dags/example_xcom.py
[2025-11-28T07:15:52.751+0000] {logging_mixin.py:188} INFO - [2025-11-28T07:15:52.751+0000] {dag.py:3036} INFO - Sync 1 DAGs
[2025-11-28T07:15:52.892+0000] {logging_mixin.py:188} INFO - [2025-11-28T07:15:52.892+0000] {dag.py:3823} INFO - Setting next_dagrun for example_xcom to 2021-01-01 00:00:00+00:00, run_after=2021-01-01 00:00:00+00:00
[2025-11-28T07:15:52.916+0000] {processor.py:183} INFO - Processing /home/airflow/.local/lib/python3.8/site-packages/airflow/example_dags/example_xcom.py took 0.196 seconds
[2025-11-28T07:16:23.234+0000] {processor.py:161} INFO - Started process (PID=2679) to work on /home/airflow/.local/lib/python3.8/site-packages/airflow/example_dags/example_xcom.py
[2025-11-28T07:16:23.235+0000] {processor.py:830} INFO - Processing file /home/airflow/.local/lib/python3.8/site-packages/airflow/example_dags/example_xcom.py for tasks to queue
[2025-11-28T07:16:23.236+0000] {logging_mixin.py:188} INFO - [2025-11-28T07:16:23.236+0000] {dagbag.py:538} INFO - Filling up the DagBag from /home/airflow/.local/lib/python3.8/site-packages/airflow/example_dags/example_xcom.py
[2025-11-28T07:16:23.244+0000] {processor.py:840} INFO - DAG(s) 'example_xcom' retrieved from /home/airflow/.local/lib/python3.8/site-packages/airflow/example_dags/example_xcom.py
[2025-11-28T07:16:23.264+0000] {logging_mixin.py:188} INFO - [2025-11-28T07:16:23.264+0000] {dag.py:3036} INFO - Sync 1 DAGs
[2025-11-28T07:16:23.429+0000] {logging_mixin.py:188} INFO - [2025-11-28T07:16:23.428+0000] {dag.py:3823} INFO - Setting next_dagrun for example_xcom to 2021-01-01 00:00:00+00:00, run_after=2021-01-01 00:00:00+00:00
[2025-11-28T07:16:23.456+0000] {processor.py:183} INFO - Processing /home/airflow/.local/lib/python3.8/site-packages/airflow/example_dags/example_xcom.py took 0.226 seconds
[2025-11-28T07:16:53.941+0000] {processor.py:161} INFO - Started process (PID=2734) to work on /home/airflow/.local/lib/python3.8/site-packages/airflow/example_dags/example_xcom.py
[2025-11-28T07:16:53.942+0000] {processor.py:830} INFO - Processing file /home/airflow/.local/lib/python3.8/site-packages/airflow/example_dags/example_xcom.py for tasks to queue
[2025-11-28T07:16:53.944+0000] {logging_mixin.py:188} INFO - [2025-11-28T07:16:53.943+0000] {dagbag.py:538} INFO - Filling up the DagBag from /home/airflow/.local/lib/python3.8/site-packages/airflow/example_dags/example_xcom.py
[2025-11-28T07:16:53.950+0000] {processor.py:840} INFO - DAG(s) 'example_xcom' retrieved from /home/airflow/.local/lib/python3.8/site-packages/airflow/example_dags/example_xcom.py
[2025-11-28T07:16:53.969+0000] {logging_mixin.py:188} INFO - [2025-11-28T07:16:53.969+0000] {dag.py:3036} INFO - Sync 1 DAGs
[2025-11-28T07:16:53.990+0000] {logging_mixin.py:188} INFO - [2025-11-28T07:16:53.989+0000] {dag.py:3823} INFO - Setting next_dagrun for example_xcom to 2021-01-01 00:00:00+00:00, run_after=2021-01-01 00:00:00+00:00
[2025-11-28T07:16:54.011+0000] {processor.py:183} INFO - Processing /home/airflow/.local/lib/python3.8/site-packages/airflow/example_dags/example_xcom.py took 0.074 seconds
[2025-11-28T07:17:24.161+0000] {processor.py:161} INFO - Started process (PID=2789) to work on /home/airflow/.local/lib/python3.8/site-packages/airflow/example_dags/example_xcom.py
[2025-11-28T07:17:24.162+0000] {processor.py:830} INFO - Processing file /home/airflow/.local/lib/python3.8/site-packages/airflow/example_dags/example_xcom.py for tasks to queue
[2025-11-28T07:17:24.163+0000] {logging_mixin.py:188} INFO - [2025-11-28T07:17:24.163+0000] {dagbag.py:538} INFO - Filling up the DagBag from /home/airflow/.local/lib/python3.8/site-packages/airflow/example_dags/example_xcom.py
[2025-11-28T07:17:24.170+0000] {processor.py:840} INFO - DAG(s) 'example_xcom' retrieved from /home/airflow/.local/lib/python3.8/site-packages/airflow/example_dags/example_xcom.py
[2025-11-28T07:17:24.188+0000] {logging_mixin.py:188} INFO - [2025-11-28T07:17:24.188+0000] {dag.py:3036} INFO - Sync 1 DAGs
[2025-11-28T07:17:24.207+0000] {logging_mixin.py:188} INFO - [2025-11-28T07:17:24.207+0000] {dag.py:3823} INFO - Setting next_dagrun for example_xcom to 2021-01-01 00:00:00+00:00, run_after=2021-01-01 00:00:00+00:00
[2025-11-28T07:17:24.227+0000] {processor.py:183} INFO - Processing /home/airflow/.local/lib/python3.8/site-packages/airflow/example_dags/example_xcom.py took 0.069 seconds
[2025-11-28T07:17:54.969+0000] {processor.py:161} INFO - Started process (PID=2844) to work on /home/airflow/.local/lib/python3.8/site-packages/airflow/example_dags/example_xcom.py
[2025-11-28T07:17:54.971+0000] {processor.py:830} INFO - Processing file /home/airflow/.local/lib/python3.8/site-packages/airflow/example_dags/example_xcom.py for tasks to queue
[2025-11-28T07:17:54.973+0000] {logging_mixin.py:188} INFO - [2025-11-28T07:17:54.973+0000] {dagbag.py:538} INFO - Filling up the DagBag from /home/airflow/.local/lib/python3.8/site-packages/airflow/example_dags/example_xcom.py
[2025-11-28T07:17:54.979+0000] {processor.py:840} INFO - DAG(s) 'example_xcom' retrieved from /home/airflow/.local/lib/python3.8/site-packages/airflow/example_dags/example_xcom.py
[2025-11-28T07:17:54.995+0000] {logging_mixin.py:188} INFO - [2025-11-28T07:17:54.995+0000] {dag.py:3036} INFO - Sync 1 DAGs
[2025-11-28T07:17:55.013+0000] {logging_mixin.py:188} INFO - [2025-11-28T07:17:55.013+0000] {dag.py:3823} INFO - Setting next_dagrun for example_xcom to 2021-01-01 00:00:00+00:00, run_after=2021-01-01 00:00:00+00:00
[2025-11-28T07:17:55.030+0000] {processor.py:183} INFO - Processing /home/airflow/.local/lib/python3.8/site-packages/airflow/example_dags/example_xcom.py took 0.064 seconds
[2025-11-28T07:18:25.863+0000] {processor.py:161} INFO - Started process (PID=2899) to work on /home/airflow/.local/lib/python3.8/site-packages/airflow/example_dags/example_xcom.py
[2025-11-28T07:18:25.864+0000] {processor.py:830} INFO - Processing file /home/airflow/.local/lib/python3.8/site-packages/airflow/example_dags/example_xcom.py for tasks to queue
[2025-11-28T07:18:25.866+0000] {logging_mixin.py:188} INFO - [2025-11-28T07:18:25.866+0000] {dagbag.py:538} INFO - Filling up the DagBag from /home/airflow/.local/lib/python3.8/site-packages/airflow/example_dags/example_xcom.py
[2025-11-28T07:18:25.872+0000] {processor.py:840} INFO - DAG(s) 'example_xcom' retrieved from /home/airflow/.local/lib/python3.8/site-packages/airflow/example_dags/example_xcom.py
[2025-11-28T07:18:25.890+0000] {logging_mixin.py:188} INFO - [2025-11-28T07:18:25.890+0000] {dag.py:3036} INFO - Sync 1 DAGs
[2025-11-28T07:18:25.912+0000] {logging_mixin.py:188} INFO - [2025-11-28T07:18:25.912+0000] {dag.py:3823} INFO - Setting next_dagrun for example_xcom to 2021-01-01 00:00:00+00:00, run_after=2021-01-01 00:00:00+00:00
[2025-11-28T07:18:25.929+0000] {processor.py:183} INFO - Processing /home/airflow/.local/lib/python3.8/site-packages/airflow/example_dags/example_xcom.py took 0.069 seconds
[2025-11-28T07:18:56.306+0000] {processor.py:161} INFO - Started process (PID=2954) to work on /home/airflow/.local/lib/python3.8/site-packages/airflow/example_dags/example_xcom.py
[2025-11-28T07:18:56.307+0000] {processor.py:830} INFO - Processing file /home/airflow/.local/lib/python3.8/site-packages/airflow/example_dags/example_xcom.py for tasks to queue
[2025-11-28T07:18:56.310+0000] {logging_mixin.py:188} INFO - [2025-11-28T07:18:56.310+0000] {dagbag.py:538} INFO - Filling up the DagBag from /home/airflow/.local/lib/python3.8/site-packages/airflow/example_dags/example_xcom.py
[2025-11-28T07:18:56.320+0000] {processor.py:840} INFO - DAG(s) 'example_xcom' retrieved from /home/airflow/.local/lib/python3.8/site-packages/airflow/example_dags/example_xcom.py
[2025-11-28T07:18:56.349+0000] {logging_mixin.py:188} INFO - [2025-11-28T07:18:56.348+0000] {dag.py:3036} INFO - Sync 1 DAGs
[2025-11-28T07:18:56.374+0000] {logging_mixin.py:188} INFO - [2025-11-28T07:18:56.374+0000] {dag.py:3823} INFO - Setting next_dagrun for example_xcom to 2021-01-01 00:00:00+00:00, run_after=2021-01-01 00:00:00+00:00
[2025-11-28T07:18:56.389+0000] {processor.py:183} INFO - Processing /home/airflow/.local/lib/python3.8/site-packages/airflow/example_dags/example_xcom.py took 0.087 seconds
[2025-11-28T07:19:26.822+0000] {processor.py:161} INFO - Started process (PID=3008) to work on /home/airflow/.local/lib/python3.8/site-packages/airflow/example_dags/example_xcom.py
[2025-11-28T07:19:26.824+0000] {processor.py:830} INFO - Processing file /home/airflow/.local/lib/python3.8/site-packages/airflow/example_dags/example_xcom.py for tasks to queue
[2025-11-28T07:19:26.826+0000] {logging_mixin.py:188} INFO - [2025-11-28T07:19:26.826+0000] {dagbag.py:538} INFO - Filling up the DagBag from /home/airflow/.local/lib/python3.8/site-packages/airflow/example_dags/example_xcom.py
[2025-11-28T07:19:26.834+0000] {processor.py:840} INFO - DAG(s) 'example_xcom' retrieved from /home/airflow/.local/lib/python3.8/site-packages/airflow/example_dags/example_xcom.py
[2025-11-28T07:19:26.855+0000] {logging_mixin.py:188} INFO - [2025-11-28T07:19:26.855+0000] {dag.py:3036} INFO - Sync 1 DAGs
[2025-11-28T07:19:26.893+0000] {logging_mixin.py:188} INFO - [2025-11-28T07:19:26.892+0000] {dag.py:3823} INFO - Setting next_dagrun for example_xcom to 2021-01-01 00:00:00+00:00, run_after=2021-01-01 00:00:00+00:00
[2025-11-28T07:19:26.921+0000] {processor.py:183} INFO - Processing /home/airflow/.local/lib/python3.8/site-packages/airflow/example_dags/example_xcom.py took 0.103 seconds
