[2025-11-28T06:52:24.060+0000] {processor.py:161} INFO - Started process (PID=70) to work on /home/airflow/.local/lib/python3.8/site-packages/airflow/example_dags/example_external_task_marker_dag.py
[2025-11-28T06:52:24.062+0000] {processor.py:830} INFO - Processing file /home/airflow/.local/lib/python3.8/site-packages/airflow/example_dags/example_external_task_marker_dag.py for tasks to queue
[2025-11-28T06:52:24.066+0000] {logging_mixin.py:188} INFO - [2025-11-28T06:52:24.065+0000] {dagbag.py:538} INFO - Filling up the DagBag from /home/airflow/.local/lib/python3.8/site-packages/airflow/example_dags/example_external_task_marker_dag.py
[2025-11-28T06:52:24.085+0000] {processor.py:840} INFO - DAG(s) 'example_external_task_marker_parent', 'example_external_task_marker_child' retrieved from /home/airflow/.local/lib/python3.8/site-packages/airflow/example_dags/example_external_task_marker_dag.py
[2025-11-28T06:52:24.238+0000] {logging_mixin.py:188} INFO - [2025-11-28T06:52:24.237+0000] {override.py:1769} INFO - Created Permission View: can edit on DAG:example_external_task_marker_parent
[2025-11-28T06:52:24.253+0000] {logging_mixin.py:188} INFO - [2025-11-28T06:52:24.252+0000] {override.py:1769} INFO - Created Permission View: can delete on DAG:example_external_task_marker_parent
[2025-11-28T06:52:24.267+0000] {logging_mixin.py:188} INFO - [2025-11-28T06:52:24.266+0000] {override.py:1769} INFO - Created Permission View: can read on DAG:example_external_task_marker_parent
[2025-11-28T06:52:24.298+0000] {logging_mixin.py:188} INFO - [2025-11-28T06:52:24.297+0000] {override.py:1769} INFO - Created Permission View: can edit on DAG:example_external_task_marker_child
[2025-11-28T06:52:24.313+0000] {logging_mixin.py:188} INFO - [2025-11-28T06:52:24.313+0000] {override.py:1769} INFO - Created Permission View: can delete on DAG:example_external_task_marker_child
[2025-11-28T06:52:24.329+0000] {logging_mixin.py:188} INFO - [2025-11-28T06:52:24.329+0000] {override.py:1769} INFO - Created Permission View: can read on DAG:example_external_task_marker_child
[2025-11-28T06:52:24.330+0000] {logging_mixin.py:188} INFO - [2025-11-28T06:52:24.330+0000] {dag.py:3036} INFO - Sync 2 DAGs
[2025-11-28T06:52:24.351+0000] {logging_mixin.py:188} INFO - [2025-11-28T06:52:24.350+0000] {dag.py:3058} INFO - Creating ORM DAG for example_external_task_marker_parent
[2025-11-28T06:52:24.354+0000] {logging_mixin.py:188} INFO - [2025-11-28T06:52:24.354+0000] {dag.py:3058} INFO - Creating ORM DAG for example_external_task_marker_child
[2025-11-28T06:52:24.356+0000] {logging_mixin.py:188} INFO - [2025-11-28T06:52:24.356+0000] {dag.py:3823} INFO - Setting next_dagrun for example_external_task_marker_child to None, run_after=None
[2025-11-28T06:52:24.358+0000] {logging_mixin.py:188} INFO - [2025-11-28T06:52:24.358+0000] {dag.py:3823} INFO - Setting next_dagrun for example_external_task_marker_parent to None, run_after=None
[2025-11-28T06:52:24.393+0000] {processor.py:183} INFO - Processing /home/airflow/.local/lib/python3.8/site-packages/airflow/example_dags/example_external_task_marker_dag.py took 0.339 seconds
[2025-11-28T06:52:54.710+0000] {processor.py:161} INFO - Started process (PID=125) to work on /home/airflow/.local/lib/python3.8/site-packages/airflow/example_dags/example_external_task_marker_dag.py
[2025-11-28T06:52:54.711+0000] {processor.py:830} INFO - Processing file /home/airflow/.local/lib/python3.8/site-packages/airflow/example_dags/example_external_task_marker_dag.py for tasks to queue
[2025-11-28T06:52:54.717+0000] {logging_mixin.py:188} INFO - [2025-11-28T06:52:54.717+0000] {dagbag.py:538} INFO - Filling up the DagBag from /home/airflow/.local/lib/python3.8/site-packages/airflow/example_dags/example_external_task_marker_dag.py
[2025-11-28T06:52:54.730+0000] {processor.py:840} INFO - DAG(s) 'example_external_task_marker_child', 'example_external_task_marker_parent' retrieved from /home/airflow/.local/lib/python3.8/site-packages/airflow/example_dags/example_external_task_marker_dag.py
[2025-11-28T06:52:54.761+0000] {logging_mixin.py:188} INFO - [2025-11-28T06:52:54.761+0000] {dag.py:3036} INFO - Sync 2 DAGs
[2025-11-28T06:52:54.777+0000] {logging_mixin.py:188} INFO - [2025-11-28T06:52:54.776+0000] {dag.py:3823} INFO - Setting next_dagrun for example_external_task_marker_child to None, run_after=None
[2025-11-28T06:52:54.789+0000] {logging_mixin.py:188} INFO - [2025-11-28T06:52:54.789+0000] {dag.py:3823} INFO - Setting next_dagrun for example_external_task_marker_parent to None, run_after=None
[2025-11-28T06:52:54.805+0000] {processor.py:183} INFO - Processing /home/airflow/.local/lib/python3.8/site-packages/airflow/example_dags/example_external_task_marker_dag.py took 0.098 seconds
[2025-11-28T06:53:25.330+0000] {processor.py:161} INFO - Started process (PID=180) to work on /home/airflow/.local/lib/python3.8/site-packages/airflow/example_dags/example_external_task_marker_dag.py
[2025-11-28T06:53:25.332+0000] {processor.py:830} INFO - Processing file /home/airflow/.local/lib/python3.8/site-packages/airflow/example_dags/example_external_task_marker_dag.py for tasks to queue
[2025-11-28T06:53:25.334+0000] {logging_mixin.py:188} INFO - [2025-11-28T06:53:25.333+0000] {dagbag.py:538} INFO - Filling up the DagBag from /home/airflow/.local/lib/python3.8/site-packages/airflow/example_dags/example_external_task_marker_dag.py
[2025-11-28T06:53:25.339+0000] {processor.py:840} INFO - DAG(s) 'example_external_task_marker_child', 'example_external_task_marker_parent' retrieved from /home/airflow/.local/lib/python3.8/site-packages/airflow/example_dags/example_external_task_marker_dag.py
[2025-11-28T06:53:25.360+0000] {logging_mixin.py:188} INFO - [2025-11-28T06:53:25.360+0000] {dag.py:3036} INFO - Sync 2 DAGs
[2025-11-28T06:53:25.374+0000] {logging_mixin.py:188} INFO - [2025-11-28T06:53:25.374+0000] {dag.py:3823} INFO - Setting next_dagrun for example_external_task_marker_child to None, run_after=None
[2025-11-28T06:53:25.379+0000] {logging_mixin.py:188} INFO - [2025-11-28T06:53:25.379+0000] {dag.py:3823} INFO - Setting next_dagrun for example_external_task_marker_parent to None, run_after=None
[2025-11-28T06:53:25.404+0000] {processor.py:183} INFO - Processing /home/airflow/.local/lib/python3.8/site-packages/airflow/example_dags/example_external_task_marker_dag.py took 0.077 seconds
[2025-11-28T06:53:55.635+0000] {processor.py:161} INFO - Started process (PID=235) to work on /home/airflow/.local/lib/python3.8/site-packages/airflow/example_dags/example_external_task_marker_dag.py
[2025-11-28T06:53:55.636+0000] {processor.py:830} INFO - Processing file /home/airflow/.local/lib/python3.8/site-packages/airflow/example_dags/example_external_task_marker_dag.py for tasks to queue
[2025-11-28T06:53:55.638+0000] {logging_mixin.py:188} INFO - [2025-11-28T06:53:55.638+0000] {dagbag.py:538} INFO - Filling up the DagBag from /home/airflow/.local/lib/python3.8/site-packages/airflow/example_dags/example_external_task_marker_dag.py
[2025-11-28T06:53:55.649+0000] {processor.py:840} INFO - DAG(s) 'example_external_task_marker_parent', 'example_external_task_marker_child' retrieved from /home/airflow/.local/lib/python3.8/site-packages/airflow/example_dags/example_external_task_marker_dag.py
[2025-11-28T06:53:55.668+0000] {logging_mixin.py:188} INFO - [2025-11-28T06:53:55.668+0000] {dag.py:3036} INFO - Sync 2 DAGs
[2025-11-28T06:53:55.677+0000] {logging_mixin.py:188} INFO - [2025-11-28T06:53:55.677+0000] {dag.py:3823} INFO - Setting next_dagrun for example_external_task_marker_child to None, run_after=None
[2025-11-28T06:53:55.680+0000] {logging_mixin.py:188} INFO - [2025-11-28T06:53:55.680+0000] {dag.py:3823} INFO - Setting next_dagrun for example_external_task_marker_parent to None, run_after=None
[2025-11-28T06:53:55.697+0000] {processor.py:183} INFO - Processing /home/airflow/.local/lib/python3.8/site-packages/airflow/example_dags/example_external_task_marker_dag.py took 0.066 seconds
[2025-11-28T06:54:25.822+0000] {processor.py:161} INFO - Started process (PID=290) to work on /home/airflow/.local/lib/python3.8/site-packages/airflow/example_dags/example_external_task_marker_dag.py
[2025-11-28T06:54:25.824+0000] {processor.py:830} INFO - Processing file /home/airflow/.local/lib/python3.8/site-packages/airflow/example_dags/example_external_task_marker_dag.py for tasks to queue
[2025-11-28T06:54:25.829+0000] {logging_mixin.py:188} INFO - [2025-11-28T06:54:25.829+0000] {dagbag.py:538} INFO - Filling up the DagBag from /home/airflow/.local/lib/python3.8/site-packages/airflow/example_dags/example_external_task_marker_dag.py
[2025-11-28T06:54:25.842+0000] {processor.py:840} INFO - DAG(s) 'example_external_task_marker_parent', 'example_external_task_marker_child' retrieved from /home/airflow/.local/lib/python3.8/site-packages/airflow/example_dags/example_external_task_marker_dag.py
[2025-11-28T06:54:25.885+0000] {logging_mixin.py:188} INFO - [2025-11-28T06:54:25.884+0000] {dag.py:3036} INFO - Sync 2 DAGs
[2025-11-28T06:54:25.895+0000] {logging_mixin.py:188} INFO - [2025-11-28T06:54:25.895+0000] {dag.py:3823} INFO - Setting next_dagrun for example_external_task_marker_child to None, run_after=None
[2025-11-28T06:54:25.898+0000] {logging_mixin.py:188} INFO - [2025-11-28T06:54:25.898+0000] {dag.py:3823} INFO - Setting next_dagrun for example_external_task_marker_parent to None, run_after=None
[2025-11-28T06:54:25.913+0000] {processor.py:183} INFO - Processing /home/airflow/.local/lib/python3.8/site-packages/airflow/example_dags/example_external_task_marker_dag.py took 0.097 seconds
[2025-11-28T06:54:56.456+0000] {processor.py:161} INFO - Started process (PID=345) to work on /home/airflow/.local/lib/python3.8/site-packages/airflow/example_dags/example_external_task_marker_dag.py
[2025-11-28T06:54:56.458+0000] {processor.py:830} INFO - Processing file /home/airflow/.local/lib/python3.8/site-packages/airflow/example_dags/example_external_task_marker_dag.py for tasks to queue
[2025-11-28T06:54:56.460+0000] {logging_mixin.py:188} INFO - [2025-11-28T06:54:56.460+0000] {dagbag.py:538} INFO - Filling up the DagBag from /home/airflow/.local/lib/python3.8/site-packages/airflow/example_dags/example_external_task_marker_dag.py
[2025-11-28T06:54:56.466+0000] {processor.py:840} INFO - DAG(s) 'example_external_task_marker_parent', 'example_external_task_marker_child' retrieved from /home/airflow/.local/lib/python3.8/site-packages/airflow/example_dags/example_external_task_marker_dag.py
[2025-11-28T06:54:56.481+0000] {logging_mixin.py:188} INFO - [2025-11-28T06:54:56.481+0000] {dag.py:3036} INFO - Sync 2 DAGs
[2025-11-28T06:54:56.491+0000] {logging_mixin.py:188} INFO - [2025-11-28T06:54:56.491+0000] {dag.py:3823} INFO - Setting next_dagrun for example_external_task_marker_child to None, run_after=None
[2025-11-28T06:54:56.496+0000] {logging_mixin.py:188} INFO - [2025-11-28T06:54:56.495+0000] {dag.py:3823} INFO - Setting next_dagrun for example_external_task_marker_parent to None, run_after=None
[2025-11-28T06:54:56.512+0000] {processor.py:183} INFO - Processing /home/airflow/.local/lib/python3.8/site-packages/airflow/example_dags/example_external_task_marker_dag.py took 0.062 seconds
[2025-11-28T06:55:26.742+0000] {processor.py:161} INFO - Started process (PID=400) to work on /home/airflow/.local/lib/python3.8/site-packages/airflow/example_dags/example_external_task_marker_dag.py
[2025-11-28T06:55:26.743+0000] {processor.py:830} INFO - Processing file /home/airflow/.local/lib/python3.8/site-packages/airflow/example_dags/example_external_task_marker_dag.py for tasks to queue
[2025-11-28T06:55:26.746+0000] {logging_mixin.py:188} INFO - [2025-11-28T06:55:26.746+0000] {dagbag.py:538} INFO - Filling up the DagBag from /home/airflow/.local/lib/python3.8/site-packages/airflow/example_dags/example_external_task_marker_dag.py
[2025-11-28T06:55:26.752+0000] {processor.py:840} INFO - DAG(s) 'example_external_task_marker_child', 'example_external_task_marker_parent' retrieved from /home/airflow/.local/lib/python3.8/site-packages/airflow/example_dags/example_external_task_marker_dag.py
[2025-11-28T06:55:26.848+0000] {logging_mixin.py:188} INFO - [2025-11-28T06:55:26.848+0000] {dag.py:3036} INFO - Sync 2 DAGs
[2025-11-28T06:55:26.858+0000] {logging_mixin.py:188} INFO - [2025-11-28T06:55:26.858+0000] {dag.py:3823} INFO - Setting next_dagrun for example_external_task_marker_child to None, run_after=None
[2025-11-28T06:55:26.862+0000] {logging_mixin.py:188} INFO - [2025-11-28T06:55:26.862+0000] {dag.py:3823} INFO - Setting next_dagrun for example_external_task_marker_parent to None, run_after=None
[2025-11-28T06:55:26.892+0000] {processor.py:183} INFO - Processing /home/airflow/.local/lib/python3.8/site-packages/airflow/example_dags/example_external_task_marker_dag.py took 0.154 seconds
[2025-11-28T06:55:57.142+0000] {processor.py:161} INFO - Started process (PID=461) to work on /home/airflow/.local/lib/python3.8/site-packages/airflow/example_dags/example_external_task_marker_dag.py
[2025-11-28T06:55:57.144+0000] {processor.py:830} INFO - Processing file /home/airflow/.local/lib/python3.8/site-packages/airflow/example_dags/example_external_task_marker_dag.py for tasks to queue
[2025-11-28T06:55:57.146+0000] {logging_mixin.py:188} INFO - [2025-11-28T06:55:57.146+0000] {dagbag.py:538} INFO - Filling up the DagBag from /home/airflow/.local/lib/python3.8/site-packages/airflow/example_dags/example_external_task_marker_dag.py
[2025-11-28T06:55:57.151+0000] {processor.py:840} INFO - DAG(s) 'example_external_task_marker_child', 'example_external_task_marker_parent' retrieved from /home/airflow/.local/lib/python3.8/site-packages/airflow/example_dags/example_external_task_marker_dag.py
[2025-11-28T06:55:57.171+0000] {logging_mixin.py:188} INFO - [2025-11-28T06:55:57.171+0000] {dag.py:3036} INFO - Sync 2 DAGs
[2025-11-28T06:55:57.181+0000] {logging_mixin.py:188} INFO - [2025-11-28T06:55:57.181+0000] {dag.py:3823} INFO - Setting next_dagrun for example_external_task_marker_child to None, run_after=None
[2025-11-28T06:55:57.184+0000] {logging_mixin.py:188} INFO - [2025-11-28T06:55:57.184+0000] {dag.py:3823} INFO - Setting next_dagrun for example_external_task_marker_parent to None, run_after=None
[2025-11-28T06:55:57.200+0000] {processor.py:183} INFO - Processing /home/airflow/.local/lib/python3.8/site-packages/airflow/example_dags/example_external_task_marker_dag.py took 0.061 seconds
[2025-11-28T06:56:27.572+0000] {processor.py:161} INFO - Started process (PID=516) to work on /home/airflow/.local/lib/python3.8/site-packages/airflow/example_dags/example_external_task_marker_dag.py
[2025-11-28T06:56:27.573+0000] {processor.py:830} INFO - Processing file /home/airflow/.local/lib/python3.8/site-packages/airflow/example_dags/example_external_task_marker_dag.py for tasks to queue
[2025-11-28T06:56:27.575+0000] {logging_mixin.py:188} INFO - [2025-11-28T06:56:27.575+0000] {dagbag.py:538} INFO - Filling up the DagBag from /home/airflow/.local/lib/python3.8/site-packages/airflow/example_dags/example_external_task_marker_dag.py
[2025-11-28T06:56:27.583+0000] {processor.py:840} INFO - DAG(s) 'example_external_task_marker_parent', 'example_external_task_marker_child' retrieved from /home/airflow/.local/lib/python3.8/site-packages/airflow/example_dags/example_external_task_marker_dag.py
[2025-11-28T06:56:27.606+0000] {logging_mixin.py:188} INFO - [2025-11-28T06:56:27.606+0000] {dag.py:3036} INFO - Sync 2 DAGs
[2025-11-28T06:56:27.618+0000] {logging_mixin.py:188} INFO - [2025-11-28T06:56:27.618+0000] {dag.py:3823} INFO - Setting next_dagrun for example_external_task_marker_child to None, run_after=None
[2025-11-28T06:56:27.625+0000] {logging_mixin.py:188} INFO - [2025-11-28T06:56:27.625+0000] {dag.py:3823} INFO - Setting next_dagrun for example_external_task_marker_parent to None, run_after=None
[2025-11-28T06:56:27.641+0000] {processor.py:183} INFO - Processing /home/airflow/.local/lib/python3.8/site-packages/airflow/example_dags/example_external_task_marker_dag.py took 0.072 seconds
[2025-11-28T06:56:58.005+0000] {processor.py:161} INFO - Started process (PID=571) to work on /home/airflow/.local/lib/python3.8/site-packages/airflow/example_dags/example_external_task_marker_dag.py
[2025-11-28T06:56:58.007+0000] {processor.py:830} INFO - Processing file /home/airflow/.local/lib/python3.8/site-packages/airflow/example_dags/example_external_task_marker_dag.py for tasks to queue
[2025-11-28T06:56:58.010+0000] {logging_mixin.py:188} INFO - [2025-11-28T06:56:58.010+0000] {dagbag.py:538} INFO - Filling up the DagBag from /home/airflow/.local/lib/python3.8/site-packages/airflow/example_dags/example_external_task_marker_dag.py
[2025-11-28T06:56:58.017+0000] {processor.py:840} INFO - DAG(s) 'example_external_task_marker_child', 'example_external_task_marker_parent' retrieved from /home/airflow/.local/lib/python3.8/site-packages/airflow/example_dags/example_external_task_marker_dag.py
[2025-11-28T06:56:58.038+0000] {logging_mixin.py:188} INFO - [2025-11-28T06:56:58.037+0000] {dag.py:3036} INFO - Sync 2 DAGs
[2025-11-28T06:56:58.047+0000] {logging_mixin.py:188} INFO - [2025-11-28T06:56:58.047+0000] {dag.py:3823} INFO - Setting next_dagrun for example_external_task_marker_child to None, run_after=None
[2025-11-28T06:56:58.050+0000] {logging_mixin.py:188} INFO - [2025-11-28T06:56:58.050+0000] {dag.py:3823} INFO - Setting next_dagrun for example_external_task_marker_parent to None, run_after=None
[2025-11-28T06:56:58.068+0000] {processor.py:183} INFO - Processing /home/airflow/.local/lib/python3.8/site-packages/airflow/example_dags/example_external_task_marker_dag.py took 0.069 seconds
[2025-11-28T06:57:28.676+0000] {processor.py:161} INFO - Started process (PID=626) to work on /home/airflow/.local/lib/python3.8/site-packages/airflow/example_dags/example_external_task_marker_dag.py
[2025-11-28T06:57:28.678+0000] {processor.py:830} INFO - Processing file /home/airflow/.local/lib/python3.8/site-packages/airflow/example_dags/example_external_task_marker_dag.py for tasks to queue
[2025-11-28T06:57:28.685+0000] {logging_mixin.py:188} INFO - [2025-11-28T06:57:28.684+0000] {dagbag.py:538} INFO - Filling up the DagBag from /home/airflow/.local/lib/python3.8/site-packages/airflow/example_dags/example_external_task_marker_dag.py
[2025-11-28T06:57:28.697+0000] {processor.py:840} INFO - DAG(s) 'example_external_task_marker_child', 'example_external_task_marker_parent' retrieved from /home/airflow/.local/lib/python3.8/site-packages/airflow/example_dags/example_external_task_marker_dag.py
[2025-11-28T06:57:28.755+0000] {logging_mixin.py:188} INFO - [2025-11-28T06:57:28.755+0000] {dag.py:3036} INFO - Sync 2 DAGs
[2025-11-28T06:57:28.769+0000] {logging_mixin.py:188} INFO - [2025-11-28T06:57:28.769+0000] {dag.py:3823} INFO - Setting next_dagrun for example_external_task_marker_child to None, run_after=None
[2025-11-28T06:57:28.772+0000] {logging_mixin.py:188} INFO - [2025-11-28T06:57:28.772+0000] {dag.py:3823} INFO - Setting next_dagrun for example_external_task_marker_parent to None, run_after=None
[2025-11-28T06:57:28.792+0000] {processor.py:183} INFO - Processing /home/airflow/.local/lib/python3.8/site-packages/airflow/example_dags/example_external_task_marker_dag.py took 0.123 seconds
[2025-11-28T06:57:59.336+0000] {processor.py:161} INFO - Started process (PID=681) to work on /home/airflow/.local/lib/python3.8/site-packages/airflow/example_dags/example_external_task_marker_dag.py
[2025-11-28T06:57:59.338+0000] {processor.py:830} INFO - Processing file /home/airflow/.local/lib/python3.8/site-packages/airflow/example_dags/example_external_task_marker_dag.py for tasks to queue
[2025-11-28T06:57:59.341+0000] {logging_mixin.py:188} INFO - [2025-11-28T06:57:59.341+0000] {dagbag.py:538} INFO - Filling up the DagBag from /home/airflow/.local/lib/python3.8/site-packages/airflow/example_dags/example_external_task_marker_dag.py
[2025-11-28T06:57:59.352+0000] {processor.py:840} INFO - DAG(s) 'example_external_task_marker_child', 'example_external_task_marker_parent' retrieved from /home/airflow/.local/lib/python3.8/site-packages/airflow/example_dags/example_external_task_marker_dag.py
[2025-11-28T06:57:59.374+0000] {logging_mixin.py:188} INFO - [2025-11-28T06:57:59.374+0000] {dag.py:3036} INFO - Sync 2 DAGs
[2025-11-28T06:57:59.383+0000] {logging_mixin.py:188} INFO - [2025-11-28T06:57:59.383+0000] {dag.py:3823} INFO - Setting next_dagrun for example_external_task_marker_child to None, run_after=None
[2025-11-28T06:57:59.386+0000] {logging_mixin.py:188} INFO - [2025-11-28T06:57:59.386+0000] {dag.py:3823} INFO - Setting next_dagrun for example_external_task_marker_parent to None, run_after=None
[2025-11-28T06:57:59.401+0000] {processor.py:183} INFO - Processing /home/airflow/.local/lib/python3.8/site-packages/airflow/example_dags/example_external_task_marker_dag.py took 0.068 seconds
[2025-11-28T06:58:29.646+0000] {processor.py:161} INFO - Started process (PID=736) to work on /home/airflow/.local/lib/python3.8/site-packages/airflow/example_dags/example_external_task_marker_dag.py
[2025-11-28T06:58:29.647+0000] {processor.py:830} INFO - Processing file /home/airflow/.local/lib/python3.8/site-packages/airflow/example_dags/example_external_task_marker_dag.py for tasks to queue
[2025-11-28T06:58:29.649+0000] {logging_mixin.py:188} INFO - [2025-11-28T06:58:29.649+0000] {dagbag.py:538} INFO - Filling up the DagBag from /home/airflow/.local/lib/python3.8/site-packages/airflow/example_dags/example_external_task_marker_dag.py
[2025-11-28T06:58:29.655+0000] {processor.py:840} INFO - DAG(s) 'example_external_task_marker_child', 'example_external_task_marker_parent' retrieved from /home/airflow/.local/lib/python3.8/site-packages/airflow/example_dags/example_external_task_marker_dag.py
[2025-11-28T06:58:29.678+0000] {logging_mixin.py:188} INFO - [2025-11-28T06:58:29.677+0000] {dag.py:3036} INFO - Sync 2 DAGs
[2025-11-28T06:58:29.689+0000] {logging_mixin.py:188} INFO - [2025-11-28T06:58:29.689+0000] {dag.py:3823} INFO - Setting next_dagrun for example_external_task_marker_child to None, run_after=None
[2025-11-28T06:58:29.692+0000] {logging_mixin.py:188} INFO - [2025-11-28T06:58:29.692+0000] {dag.py:3823} INFO - Setting next_dagrun for example_external_task_marker_parent to None, run_after=None
[2025-11-28T06:58:29.704+0000] {processor.py:183} INFO - Processing /home/airflow/.local/lib/python3.8/site-packages/airflow/example_dags/example_external_task_marker_dag.py took 0.061 seconds
[2025-11-28T06:59:00.376+0000] {processor.py:161} INFO - Started process (PID=791) to work on /home/airflow/.local/lib/python3.8/site-packages/airflow/example_dags/example_external_task_marker_dag.py
[2025-11-28T06:59:00.378+0000] {processor.py:830} INFO - Processing file /home/airflow/.local/lib/python3.8/site-packages/airflow/example_dags/example_external_task_marker_dag.py for tasks to queue
[2025-11-28T06:59:00.381+0000] {logging_mixin.py:188} INFO - [2025-11-28T06:59:00.380+0000] {dagbag.py:538} INFO - Filling up the DagBag from /home/airflow/.local/lib/python3.8/site-packages/airflow/example_dags/example_external_task_marker_dag.py
[2025-11-28T06:59:00.389+0000] {processor.py:840} INFO - DAG(s) 'example_external_task_marker_parent', 'example_external_task_marker_child' retrieved from /home/airflow/.local/lib/python3.8/site-packages/airflow/example_dags/example_external_task_marker_dag.py
[2025-11-28T06:59:00.424+0000] {logging_mixin.py:188} INFO - [2025-11-28T06:59:00.424+0000] {dag.py:3036} INFO - Sync 2 DAGs
[2025-11-28T06:59:00.437+0000] {logging_mixin.py:188} INFO - [2025-11-28T06:59:00.437+0000] {dag.py:3823} INFO - Setting next_dagrun for example_external_task_marker_child to None, run_after=None
[2025-11-28T06:59:00.444+0000] {logging_mixin.py:188} INFO - [2025-11-28T06:59:00.444+0000] {dag.py:3823} INFO - Setting next_dagrun for example_external_task_marker_parent to None, run_after=None
[2025-11-28T06:59:00.472+0000] {processor.py:183} INFO - Processing /home/airflow/.local/lib/python3.8/site-packages/airflow/example_dags/example_external_task_marker_dag.py took 0.100 seconds
[2025-11-28T06:59:30.825+0000] {processor.py:161} INFO - Started process (PID=846) to work on /home/airflow/.local/lib/python3.8/site-packages/airflow/example_dags/example_external_task_marker_dag.py
[2025-11-28T06:59:30.827+0000] {processor.py:830} INFO - Processing file /home/airflow/.local/lib/python3.8/site-packages/airflow/example_dags/example_external_task_marker_dag.py for tasks to queue
[2025-11-28T06:59:30.830+0000] {logging_mixin.py:188} INFO - [2025-11-28T06:59:30.830+0000] {dagbag.py:538} INFO - Filling up the DagBag from /home/airflow/.local/lib/python3.8/site-packages/airflow/example_dags/example_external_task_marker_dag.py
[2025-11-28T06:59:30.840+0000] {processor.py:840} INFO - DAG(s) 'example_external_task_marker_child', 'example_external_task_marker_parent' retrieved from /home/airflow/.local/lib/python3.8/site-packages/airflow/example_dags/example_external_task_marker_dag.py
[2025-11-28T06:59:30.869+0000] {logging_mixin.py:188} INFO - [2025-11-28T06:59:30.869+0000] {dag.py:3036} INFO - Sync 2 DAGs
[2025-11-28T06:59:30.881+0000] {logging_mixin.py:188} INFO - [2025-11-28T06:59:30.880+0000] {dag.py:3823} INFO - Setting next_dagrun for example_external_task_marker_child to None, run_after=None
[2025-11-28T06:59:30.884+0000] {logging_mixin.py:188} INFO - [2025-11-28T06:59:30.884+0000] {dag.py:3823} INFO - Setting next_dagrun for example_external_task_marker_parent to None, run_after=None
[2025-11-28T06:59:30.901+0000] {processor.py:183} INFO - Processing /home/airflow/.local/lib/python3.8/site-packages/airflow/example_dags/example_external_task_marker_dag.py took 0.079 seconds
[2025-11-28T07:00:01.064+0000] {processor.py:161} INFO - Started process (PID=901) to work on /home/airflow/.local/lib/python3.8/site-packages/airflow/example_dags/example_external_task_marker_dag.py
[2025-11-28T07:00:01.065+0000] {processor.py:830} INFO - Processing file /home/airflow/.local/lib/python3.8/site-packages/airflow/example_dags/example_external_task_marker_dag.py for tasks to queue
[2025-11-28T07:00:01.067+0000] {logging_mixin.py:188} INFO - [2025-11-28T07:00:01.067+0000] {dagbag.py:538} INFO - Filling up the DagBag from /home/airflow/.local/lib/python3.8/site-packages/airflow/example_dags/example_external_task_marker_dag.py
[2025-11-28T07:00:01.072+0000] {processor.py:840} INFO - DAG(s) 'example_external_task_marker_parent', 'example_external_task_marker_child' retrieved from /home/airflow/.local/lib/python3.8/site-packages/airflow/example_dags/example_external_task_marker_dag.py
[2025-11-28T07:00:01.102+0000] {logging_mixin.py:188} INFO - [2025-11-28T07:00:01.102+0000] {dag.py:3036} INFO - Sync 2 DAGs
[2025-11-28T07:00:01.112+0000] {logging_mixin.py:188} INFO - [2025-11-28T07:00:01.111+0000] {dag.py:3823} INFO - Setting next_dagrun for example_external_task_marker_child to None, run_after=None
[2025-11-28T07:00:01.115+0000] {logging_mixin.py:188} INFO - [2025-11-28T07:00:01.114+0000] {dag.py:3823} INFO - Setting next_dagrun for example_external_task_marker_parent to None, run_after=None
[2025-11-28T07:00:01.128+0000] {processor.py:183} INFO - Processing /home/airflow/.local/lib/python3.8/site-packages/airflow/example_dags/example_external_task_marker_dag.py took 0.067 seconds
[2025-11-28T07:00:31.711+0000] {processor.py:161} INFO - Started process (PID=956) to work on /home/airflow/.local/lib/python3.8/site-packages/airflow/example_dags/example_external_task_marker_dag.py
[2025-11-28T07:00:31.713+0000] {processor.py:830} INFO - Processing file /home/airflow/.local/lib/python3.8/site-packages/airflow/example_dags/example_external_task_marker_dag.py for tasks to queue
[2025-11-28T07:00:31.716+0000] {logging_mixin.py:188} INFO - [2025-11-28T07:00:31.716+0000] {dagbag.py:538} INFO - Filling up the DagBag from /home/airflow/.local/lib/python3.8/site-packages/airflow/example_dags/example_external_task_marker_dag.py
[2025-11-28T07:00:31.728+0000] {processor.py:840} INFO - DAG(s) 'example_external_task_marker_parent', 'example_external_task_marker_child' retrieved from /home/airflow/.local/lib/python3.8/site-packages/airflow/example_dags/example_external_task_marker_dag.py
[2025-11-28T07:00:31.764+0000] {logging_mixin.py:188} INFO - [2025-11-28T07:00:31.764+0000] {dag.py:3036} INFO - Sync 2 DAGs
[2025-11-28T07:00:31.781+0000] {logging_mixin.py:188} INFO - [2025-11-28T07:00:31.781+0000] {dag.py:3823} INFO - Setting next_dagrun for example_external_task_marker_child to None, run_after=None
[2025-11-28T07:00:31.785+0000] {logging_mixin.py:188} INFO - [2025-11-28T07:00:31.785+0000] {dag.py:3823} INFO - Setting next_dagrun for example_external_task_marker_parent to None, run_after=None
[2025-11-28T07:00:31.804+0000] {processor.py:183} INFO - Processing /home/airflow/.local/lib/python3.8/site-packages/airflow/example_dags/example_external_task_marker_dag.py took 0.098 seconds
[2025-11-28T07:01:01.986+0000] {processor.py:161} INFO - Started process (PID=1011) to work on /home/airflow/.local/lib/python3.8/site-packages/airflow/example_dags/example_external_task_marker_dag.py
[2025-11-28T07:01:01.988+0000] {processor.py:830} INFO - Processing file /home/airflow/.local/lib/python3.8/site-packages/airflow/example_dags/example_external_task_marker_dag.py for tasks to queue
[2025-11-28T07:01:01.991+0000] {logging_mixin.py:188} INFO - [2025-11-28T07:01:01.991+0000] {dagbag.py:538} INFO - Filling up the DagBag from /home/airflow/.local/lib/python3.8/site-packages/airflow/example_dags/example_external_task_marker_dag.py
[2025-11-28T07:01:01.997+0000] {processor.py:840} INFO - DAG(s) 'example_external_task_marker_parent', 'example_external_task_marker_child' retrieved from /home/airflow/.local/lib/python3.8/site-packages/airflow/example_dags/example_external_task_marker_dag.py
[2025-11-28T07:01:02.050+0000] {logging_mixin.py:188} INFO - [2025-11-28T07:01:02.050+0000] {dag.py:3036} INFO - Sync 2 DAGs
[2025-11-28T07:01:02.068+0000] {logging_mixin.py:188} INFO - [2025-11-28T07:01:02.068+0000] {dag.py:3823} INFO - Setting next_dagrun for example_external_task_marker_child to None, run_after=None
[2025-11-28T07:01:02.074+0000] {logging_mixin.py:188} INFO - [2025-11-28T07:01:02.073+0000] {dag.py:3823} INFO - Setting next_dagrun for example_external_task_marker_parent to None, run_after=None
[2025-11-28T07:01:02.095+0000] {processor.py:183} INFO - Processing /home/airflow/.local/lib/python3.8/site-packages/airflow/example_dags/example_external_task_marker_dag.py took 0.117 seconds
[2025-11-28T07:01:32.255+0000] {processor.py:161} INFO - Started process (PID=1065) to work on /home/airflow/.local/lib/python3.8/site-packages/airflow/example_dags/example_external_task_marker_dag.py
[2025-11-28T07:01:32.256+0000] {processor.py:830} INFO - Processing file /home/airflow/.local/lib/python3.8/site-packages/airflow/example_dags/example_external_task_marker_dag.py for tasks to queue
[2025-11-28T07:01:32.260+0000] {logging_mixin.py:188} INFO - [2025-11-28T07:01:32.260+0000] {dagbag.py:538} INFO - Filling up the DagBag from /home/airflow/.local/lib/python3.8/site-packages/airflow/example_dags/example_external_task_marker_dag.py
[2025-11-28T07:01:32.266+0000] {processor.py:840} INFO - DAG(s) 'example_external_task_marker_parent', 'example_external_task_marker_child' retrieved from /home/airflow/.local/lib/python3.8/site-packages/airflow/example_dags/example_external_task_marker_dag.py
[2025-11-28T07:01:32.314+0000] {logging_mixin.py:188} INFO - [2025-11-28T07:01:32.314+0000] {dag.py:3036} INFO - Sync 2 DAGs
[2025-11-28T07:01:32.332+0000] {logging_mixin.py:188} INFO - [2025-11-28T07:01:32.332+0000] {dag.py:3823} INFO - Setting next_dagrun for example_external_task_marker_child to None, run_after=None
[2025-11-28T07:01:32.337+0000] {logging_mixin.py:188} INFO - [2025-11-28T07:01:32.337+0000] {dag.py:3823} INFO - Setting next_dagrun for example_external_task_marker_parent to None, run_after=None
[2025-11-28T07:01:32.364+0000] {processor.py:183} INFO - Processing /home/airflow/.local/lib/python3.8/site-packages/airflow/example_dags/example_external_task_marker_dag.py took 0.116 seconds
[2025-11-28T07:02:02.723+0000] {processor.py:161} INFO - Started process (PID=1120) to work on /home/airflow/.local/lib/python3.8/site-packages/airflow/example_dags/example_external_task_marker_dag.py
[2025-11-28T07:02:02.725+0000] {processor.py:830} INFO - Processing file /home/airflow/.local/lib/python3.8/site-packages/airflow/example_dags/example_external_task_marker_dag.py for tasks to queue
[2025-11-28T07:02:02.727+0000] {logging_mixin.py:188} INFO - [2025-11-28T07:02:02.726+0000] {dagbag.py:538} INFO - Filling up the DagBag from /home/airflow/.local/lib/python3.8/site-packages/airflow/example_dags/example_external_task_marker_dag.py
[2025-11-28T07:02:02.732+0000] {processor.py:840} INFO - DAG(s) 'example_external_task_marker_parent', 'example_external_task_marker_child' retrieved from /home/airflow/.local/lib/python3.8/site-packages/airflow/example_dags/example_external_task_marker_dag.py
[2025-11-28T07:02:02.753+0000] {logging_mixin.py:188} INFO - [2025-11-28T07:02:02.753+0000] {dag.py:3036} INFO - Sync 2 DAGs
[2025-11-28T07:02:02.762+0000] {logging_mixin.py:188} INFO - [2025-11-28T07:02:02.762+0000] {dag.py:3823} INFO - Setting next_dagrun for example_external_task_marker_child to None, run_after=None
[2025-11-28T07:02:02.766+0000] {logging_mixin.py:188} INFO - [2025-11-28T07:02:02.766+0000] {dag.py:3823} INFO - Setting next_dagrun for example_external_task_marker_parent to None, run_after=None
[2025-11-28T07:02:02.784+0000] {processor.py:183} INFO - Processing /home/airflow/.local/lib/python3.8/site-packages/airflow/example_dags/example_external_task_marker_dag.py took 0.064 seconds
[2025-11-28T07:02:32.981+0000] {processor.py:161} INFO - Started process (PID=1174) to work on /home/airflow/.local/lib/python3.8/site-packages/airflow/example_dags/example_external_task_marker_dag.py
[2025-11-28T07:02:32.982+0000] {processor.py:830} INFO - Processing file /home/airflow/.local/lib/python3.8/site-packages/airflow/example_dags/example_external_task_marker_dag.py for tasks to queue
[2025-11-28T07:02:32.984+0000] {logging_mixin.py:188} INFO - [2025-11-28T07:02:32.983+0000] {dagbag.py:538} INFO - Filling up the DagBag from /home/airflow/.local/lib/python3.8/site-packages/airflow/example_dags/example_external_task_marker_dag.py
[2025-11-28T07:02:32.988+0000] {processor.py:840} INFO - DAG(s) 'example_external_task_marker_parent', 'example_external_task_marker_child' retrieved from /home/airflow/.local/lib/python3.8/site-packages/airflow/example_dags/example_external_task_marker_dag.py
[2025-11-28T07:02:33.008+0000] {logging_mixin.py:188} INFO - [2025-11-28T07:02:33.008+0000] {dag.py:3036} INFO - Sync 2 DAGs
[2025-11-28T07:02:33.019+0000] {logging_mixin.py:188} INFO - [2025-11-28T07:02:33.019+0000] {dag.py:3823} INFO - Setting next_dagrun for example_external_task_marker_child to None, run_after=None
[2025-11-28T07:02:33.023+0000] {logging_mixin.py:188} INFO - [2025-11-28T07:02:33.022+0000] {dag.py:3823} INFO - Setting next_dagrun for example_external_task_marker_parent to None, run_after=None
[2025-11-28T07:02:33.049+0000] {processor.py:183} INFO - Processing /home/airflow/.local/lib/python3.8/site-packages/airflow/example_dags/example_external_task_marker_dag.py took 0.071 seconds
[2025-11-28T07:03:03.652+0000] {processor.py:161} INFO - Started process (PID=1230) to work on /home/airflow/.local/lib/python3.8/site-packages/airflow/example_dags/example_external_task_marker_dag.py
[2025-11-28T07:03:03.654+0000] {processor.py:830} INFO - Processing file /home/airflow/.local/lib/python3.8/site-packages/airflow/example_dags/example_external_task_marker_dag.py for tasks to queue
[2025-11-28T07:03:03.657+0000] {logging_mixin.py:188} INFO - [2025-11-28T07:03:03.656+0000] {dagbag.py:538} INFO - Filling up the DagBag from /home/airflow/.local/lib/python3.8/site-packages/airflow/example_dags/example_external_task_marker_dag.py
[2025-11-28T07:03:03.665+0000] {processor.py:840} INFO - DAG(s) 'example_external_task_marker_child', 'example_external_task_marker_parent' retrieved from /home/airflow/.local/lib/python3.8/site-packages/airflow/example_dags/example_external_task_marker_dag.py
[2025-11-28T07:03:03.687+0000] {logging_mixin.py:188} INFO - [2025-11-28T07:03:03.687+0000] {dag.py:3036} INFO - Sync 2 DAGs
[2025-11-28T07:03:03.704+0000] {logging_mixin.py:188} INFO - [2025-11-28T07:03:03.704+0000] {dag.py:3823} INFO - Setting next_dagrun for example_external_task_marker_child to None, run_after=None
[2025-11-28T07:03:03.707+0000] {logging_mixin.py:188} INFO - [2025-11-28T07:03:03.707+0000] {dag.py:3823} INFO - Setting next_dagrun for example_external_task_marker_parent to None, run_after=None
[2025-11-28T07:03:03.726+0000] {processor.py:183} INFO - Processing /home/airflow/.local/lib/python3.8/site-packages/airflow/example_dags/example_external_task_marker_dag.py took 0.077 seconds
[2025-11-28T07:03:34.151+0000] {processor.py:161} INFO - Started process (PID=1285) to work on /home/airflow/.local/lib/python3.8/site-packages/airflow/example_dags/example_external_task_marker_dag.py
[2025-11-28T07:03:34.205+0000] {processor.py:830} INFO - Processing file /home/airflow/.local/lib/python3.8/site-packages/airflow/example_dags/example_external_task_marker_dag.py for tasks to queue
[2025-11-28T07:03:34.213+0000] {logging_mixin.py:188} INFO - [2025-11-28T07:03:34.213+0000] {dagbag.py:538} INFO - Filling up the DagBag from /home/airflow/.local/lib/python3.8/site-packages/airflow/example_dags/example_external_task_marker_dag.py
[2025-11-28T07:03:34.225+0000] {processor.py:840} INFO - DAG(s) 'example_external_task_marker_parent', 'example_external_task_marker_child' retrieved from /home/airflow/.local/lib/python3.8/site-packages/airflow/example_dags/example_external_task_marker_dag.py
[2025-11-28T07:03:34.264+0000] {logging_mixin.py:188} INFO - [2025-11-28T07:03:34.264+0000] {dag.py:3036} INFO - Sync 2 DAGs
[2025-11-28T07:03:34.279+0000] {logging_mixin.py:188} INFO - [2025-11-28T07:03:34.279+0000] {dag.py:3823} INFO - Setting next_dagrun for example_external_task_marker_child to None, run_after=None
[2025-11-28T07:03:34.282+0000] {logging_mixin.py:188} INFO - [2025-11-28T07:03:34.282+0000] {dag.py:3823} INFO - Setting next_dagrun for example_external_task_marker_parent to None, run_after=None
[2025-11-28T07:03:34.313+0000] {processor.py:183} INFO - Processing /home/airflow/.local/lib/python3.8/site-packages/airflow/example_dags/example_external_task_marker_dag.py took 0.173 seconds
[2025-11-28T07:04:05.146+0000] {processor.py:161} INFO - Started process (PID=1340) to work on /home/airflow/.local/lib/python3.8/site-packages/airflow/example_dags/example_external_task_marker_dag.py
[2025-11-28T07:04:05.148+0000] {processor.py:830} INFO - Processing file /home/airflow/.local/lib/python3.8/site-packages/airflow/example_dags/example_external_task_marker_dag.py for tasks to queue
[2025-11-28T07:04:05.150+0000] {logging_mixin.py:188} INFO - [2025-11-28T07:04:05.150+0000] {dagbag.py:538} INFO - Filling up the DagBag from /home/airflow/.local/lib/python3.8/site-packages/airflow/example_dags/example_external_task_marker_dag.py
[2025-11-28T07:04:05.159+0000] {processor.py:840} INFO - DAG(s) 'example_external_task_marker_child', 'example_external_task_marker_parent' retrieved from /home/airflow/.local/lib/python3.8/site-packages/airflow/example_dags/example_external_task_marker_dag.py
[2025-11-28T07:04:05.205+0000] {logging_mixin.py:188} INFO - [2025-11-28T07:04:05.205+0000] {dag.py:3036} INFO - Sync 2 DAGs
[2025-11-28T07:04:05.230+0000] {logging_mixin.py:188} INFO - [2025-11-28T07:04:05.230+0000] {dag.py:3823} INFO - Setting next_dagrun for example_external_task_marker_child to None, run_after=None
[2025-11-28T07:04:05.236+0000] {logging_mixin.py:188} INFO - [2025-11-28T07:04:05.236+0000] {dag.py:3823} INFO - Setting next_dagrun for example_external_task_marker_parent to None, run_after=None
[2025-11-28T07:04:05.260+0000] {processor.py:183} INFO - Processing /home/airflow/.local/lib/python3.8/site-packages/airflow/example_dags/example_external_task_marker_dag.py took 0.117 seconds
[2025-11-28T07:04:35.815+0000] {processor.py:161} INFO - Started process (PID=1395) to work on /home/airflow/.local/lib/python3.8/site-packages/airflow/example_dags/example_external_task_marker_dag.py
[2025-11-28T07:04:35.816+0000] {processor.py:830} INFO - Processing file /home/airflow/.local/lib/python3.8/site-packages/airflow/example_dags/example_external_task_marker_dag.py for tasks to queue
[2025-11-28T07:04:35.818+0000] {logging_mixin.py:188} INFO - [2025-11-28T07:04:35.818+0000] {dagbag.py:538} INFO - Filling up the DagBag from /home/airflow/.local/lib/python3.8/site-packages/airflow/example_dags/example_external_task_marker_dag.py
[2025-11-28T07:04:35.823+0000] {processor.py:840} INFO - DAG(s) 'example_external_task_marker_parent', 'example_external_task_marker_child' retrieved from /home/airflow/.local/lib/python3.8/site-packages/airflow/example_dags/example_external_task_marker_dag.py
[2025-11-28T07:04:35.846+0000] {logging_mixin.py:188} INFO - [2025-11-28T07:04:35.845+0000] {dag.py:3036} INFO - Sync 2 DAGs
[2025-11-28T07:04:35.856+0000] {logging_mixin.py:188} INFO - [2025-11-28T07:04:35.856+0000] {dag.py:3823} INFO - Setting next_dagrun for example_external_task_marker_child to None, run_after=None
[2025-11-28T07:04:35.860+0000] {logging_mixin.py:188} INFO - [2025-11-28T07:04:35.860+0000] {dag.py:3823} INFO - Setting next_dagrun for example_external_task_marker_parent to None, run_after=None
[2025-11-28T07:04:35.877+0000] {processor.py:183} INFO - Processing /home/airflow/.local/lib/python3.8/site-packages/airflow/example_dags/example_external_task_marker_dag.py took 0.064 seconds
[2025-11-28T07:05:06.336+0000] {processor.py:161} INFO - Started process (PID=1451) to work on /home/airflow/.local/lib/python3.8/site-packages/airflow/example_dags/example_external_task_marker_dag.py
[2025-11-28T07:05:06.338+0000] {processor.py:830} INFO - Processing file /home/airflow/.local/lib/python3.8/site-packages/airflow/example_dags/example_external_task_marker_dag.py for tasks to queue
[2025-11-28T07:05:06.341+0000] {logging_mixin.py:188} INFO - [2025-11-28T07:05:06.340+0000] {dagbag.py:538} INFO - Filling up the DagBag from /home/airflow/.local/lib/python3.8/site-packages/airflow/example_dags/example_external_task_marker_dag.py
[2025-11-28T07:05:06.351+0000] {processor.py:840} INFO - DAG(s) 'example_external_task_marker_child', 'example_external_task_marker_parent' retrieved from /home/airflow/.local/lib/python3.8/site-packages/airflow/example_dags/example_external_task_marker_dag.py
[2025-11-28T07:05:06.383+0000] {logging_mixin.py:188} INFO - [2025-11-28T07:05:06.383+0000] {dag.py:3036} INFO - Sync 2 DAGs
[2025-11-28T07:05:06.398+0000] {logging_mixin.py:188} INFO - [2025-11-28T07:05:06.397+0000] {dag.py:3823} INFO - Setting next_dagrun for example_external_task_marker_child to None, run_after=None
[2025-11-28T07:05:06.402+0000] {logging_mixin.py:188} INFO - [2025-11-28T07:05:06.401+0000] {dag.py:3823} INFO - Setting next_dagrun for example_external_task_marker_parent to None, run_after=None
[2025-11-28T07:05:06.420+0000] {processor.py:183} INFO - Processing /home/airflow/.local/lib/python3.8/site-packages/airflow/example_dags/example_external_task_marker_dag.py took 0.088 seconds
[2025-11-28T07:05:36.997+0000] {processor.py:161} INFO - Started process (PID=1506) to work on /home/airflow/.local/lib/python3.8/site-packages/airflow/example_dags/example_external_task_marker_dag.py
[2025-11-28T07:05:36.999+0000] {processor.py:830} INFO - Processing file /home/airflow/.local/lib/python3.8/site-packages/airflow/example_dags/example_external_task_marker_dag.py for tasks to queue
[2025-11-28T07:05:37.001+0000] {logging_mixin.py:188} INFO - [2025-11-28T07:05:37.001+0000] {dagbag.py:538} INFO - Filling up the DagBag from /home/airflow/.local/lib/python3.8/site-packages/airflow/example_dags/example_external_task_marker_dag.py
[2025-11-28T07:05:37.005+0000] {processor.py:840} INFO - DAG(s) 'example_external_task_marker_parent', 'example_external_task_marker_child' retrieved from /home/airflow/.local/lib/python3.8/site-packages/airflow/example_dags/example_external_task_marker_dag.py
[2025-11-28T07:05:37.025+0000] {logging_mixin.py:188} INFO - [2025-11-28T07:05:37.024+0000] {dag.py:3036} INFO - Sync 2 DAGs
[2025-11-28T07:05:37.037+0000] {logging_mixin.py:188} INFO - [2025-11-28T07:05:37.037+0000] {dag.py:3823} INFO - Setting next_dagrun for example_external_task_marker_child to None, run_after=None
[2025-11-28T07:05:37.041+0000] {logging_mixin.py:188} INFO - [2025-11-28T07:05:37.041+0000] {dag.py:3823} INFO - Setting next_dagrun for example_external_task_marker_parent to None, run_after=None
[2025-11-28T07:05:37.055+0000] {processor.py:183} INFO - Processing /home/airflow/.local/lib/python3.8/site-packages/airflow/example_dags/example_external_task_marker_dag.py took 0.060 seconds
[2025-11-28T07:06:07.611+0000] {processor.py:161} INFO - Started process (PID=1561) to work on /home/airflow/.local/lib/python3.8/site-packages/airflow/example_dags/example_external_task_marker_dag.py
[2025-11-28T07:06:07.612+0000] {processor.py:830} INFO - Processing file /home/airflow/.local/lib/python3.8/site-packages/airflow/example_dags/example_external_task_marker_dag.py for tasks to queue
[2025-11-28T07:06:07.614+0000] {logging_mixin.py:188} INFO - [2025-11-28T07:06:07.614+0000] {dagbag.py:538} INFO - Filling up the DagBag from /home/airflow/.local/lib/python3.8/site-packages/airflow/example_dags/example_external_task_marker_dag.py
[2025-11-28T07:06:07.619+0000] {processor.py:840} INFO - DAG(s) 'example_external_task_marker_parent', 'example_external_task_marker_child' retrieved from /home/airflow/.local/lib/python3.8/site-packages/airflow/example_dags/example_external_task_marker_dag.py
[2025-11-28T07:06:07.643+0000] {logging_mixin.py:188} INFO - [2025-11-28T07:06:07.643+0000] {dag.py:3036} INFO - Sync 2 DAGs
[2025-11-28T07:06:07.654+0000] {logging_mixin.py:188} INFO - [2025-11-28T07:06:07.654+0000] {dag.py:3823} INFO - Setting next_dagrun for example_external_task_marker_child to None, run_after=None
[2025-11-28T07:06:07.658+0000] {logging_mixin.py:188} INFO - [2025-11-28T07:06:07.658+0000] {dag.py:3823} INFO - Setting next_dagrun for example_external_task_marker_parent to None, run_after=None
[2025-11-28T07:06:07.681+0000] {processor.py:183} INFO - Processing /home/airflow/.local/lib/python3.8/site-packages/airflow/example_dags/example_external_task_marker_dag.py took 0.072 seconds
[2025-11-28T07:06:38.242+0000] {processor.py:161} INFO - Started process (PID=1616) to work on /home/airflow/.local/lib/python3.8/site-packages/airflow/example_dags/example_external_task_marker_dag.py
[2025-11-28T07:06:38.244+0000] {processor.py:830} INFO - Processing file /home/airflow/.local/lib/python3.8/site-packages/airflow/example_dags/example_external_task_marker_dag.py for tasks to queue
[2025-11-28T07:06:38.246+0000] {logging_mixin.py:188} INFO - [2025-11-28T07:06:38.246+0000] {dagbag.py:538} INFO - Filling up the DagBag from /home/airflow/.local/lib/python3.8/site-packages/airflow/example_dags/example_external_task_marker_dag.py
[2025-11-28T07:06:38.259+0000] {processor.py:840} INFO - DAG(s) 'example_external_task_marker_parent', 'example_external_task_marker_child' retrieved from /home/airflow/.local/lib/python3.8/site-packages/airflow/example_dags/example_external_task_marker_dag.py
[2025-11-28T07:06:38.281+0000] {logging_mixin.py:188} INFO - [2025-11-28T07:06:38.281+0000] {dag.py:3036} INFO - Sync 2 DAGs
[2025-11-28T07:06:38.291+0000] {logging_mixin.py:188} INFO - [2025-11-28T07:06:38.291+0000] {dag.py:3823} INFO - Setting next_dagrun for example_external_task_marker_child to None, run_after=None
[2025-11-28T07:06:38.295+0000] {logging_mixin.py:188} INFO - [2025-11-28T07:06:38.294+0000] {dag.py:3823} INFO - Setting next_dagrun for example_external_task_marker_parent to None, run_after=None
[2025-11-28T07:06:38.308+0000] {processor.py:183} INFO - Processing /home/airflow/.local/lib/python3.8/site-packages/airflow/example_dags/example_external_task_marker_dag.py took 0.069 seconds
[2025-11-28T07:07:08.369+0000] {processor.py:161} INFO - Started process (PID=1671) to work on /home/airflow/.local/lib/python3.8/site-packages/airflow/example_dags/example_external_task_marker_dag.py
[2025-11-28T07:07:08.370+0000] {processor.py:830} INFO - Processing file /home/airflow/.local/lib/python3.8/site-packages/airflow/example_dags/example_external_task_marker_dag.py for tasks to queue
[2025-11-28T07:07:08.372+0000] {logging_mixin.py:188} INFO - [2025-11-28T07:07:08.371+0000] {dagbag.py:538} INFO - Filling up the DagBag from /home/airflow/.local/lib/python3.8/site-packages/airflow/example_dags/example_external_task_marker_dag.py
[2025-11-28T07:07:08.378+0000] {processor.py:840} INFO - DAG(s) 'example_external_task_marker_child', 'example_external_task_marker_parent' retrieved from /home/airflow/.local/lib/python3.8/site-packages/airflow/example_dags/example_external_task_marker_dag.py
[2025-11-28T07:07:08.403+0000] {logging_mixin.py:188} INFO - [2025-11-28T07:07:08.402+0000] {dag.py:3036} INFO - Sync 2 DAGs
[2025-11-28T07:07:08.415+0000] {logging_mixin.py:188} INFO - [2025-11-28T07:07:08.415+0000] {dag.py:3823} INFO - Setting next_dagrun for example_external_task_marker_child to None, run_after=None
[2025-11-28T07:07:08.421+0000] {logging_mixin.py:188} INFO - [2025-11-28T07:07:08.421+0000] {dag.py:3823} INFO - Setting next_dagrun for example_external_task_marker_parent to None, run_after=None
[2025-11-28T07:07:08.442+0000] {processor.py:183} INFO - Processing /home/airflow/.local/lib/python3.8/site-packages/airflow/example_dags/example_external_task_marker_dag.py took 0.075 seconds
[2025-11-28T07:07:38.945+0000] {processor.py:161} INFO - Started process (PID=1726) to work on /home/airflow/.local/lib/python3.8/site-packages/airflow/example_dags/example_external_task_marker_dag.py
[2025-11-28T07:07:38.947+0000] {processor.py:830} INFO - Processing file /home/airflow/.local/lib/python3.8/site-packages/airflow/example_dags/example_external_task_marker_dag.py for tasks to queue
[2025-11-28T07:07:38.950+0000] {logging_mixin.py:188} INFO - [2025-11-28T07:07:38.950+0000] {dagbag.py:538} INFO - Filling up the DagBag from /home/airflow/.local/lib/python3.8/site-packages/airflow/example_dags/example_external_task_marker_dag.py
[2025-11-28T07:07:38.955+0000] {processor.py:840} INFO - DAG(s) 'example_external_task_marker_parent', 'example_external_task_marker_child' retrieved from /home/airflow/.local/lib/python3.8/site-packages/airflow/example_dags/example_external_task_marker_dag.py
[2025-11-28T07:07:38.974+0000] {logging_mixin.py:188} INFO - [2025-11-28T07:07:38.974+0000] {dag.py:3036} INFO - Sync 2 DAGs
[2025-11-28T07:07:38.983+0000] {logging_mixin.py:188} INFO - [2025-11-28T07:07:38.983+0000] {dag.py:3823} INFO - Setting next_dagrun for example_external_task_marker_child to None, run_after=None
[2025-11-28T07:07:38.987+0000] {logging_mixin.py:188} INFO - [2025-11-28T07:07:38.987+0000] {dag.py:3823} INFO - Setting next_dagrun for example_external_task_marker_parent to None, run_after=None
[2025-11-28T07:07:39.003+0000] {processor.py:183} INFO - Processing /home/airflow/.local/lib/python3.8/site-packages/airflow/example_dags/example_external_task_marker_dag.py took 0.060 seconds
[2025-11-28T07:08:09.778+0000] {processor.py:161} INFO - Started process (PID=1781) to work on /home/airflow/.local/lib/python3.8/site-packages/airflow/example_dags/example_external_task_marker_dag.py
[2025-11-28T07:08:09.780+0000] {processor.py:830} INFO - Processing file /home/airflow/.local/lib/python3.8/site-packages/airflow/example_dags/example_external_task_marker_dag.py for tasks to queue
[2025-11-28T07:08:09.783+0000] {logging_mixin.py:188} INFO - [2025-11-28T07:08:09.783+0000] {dagbag.py:538} INFO - Filling up the DagBag from /home/airflow/.local/lib/python3.8/site-packages/airflow/example_dags/example_external_task_marker_dag.py
[2025-11-28T07:08:09.790+0000] {processor.py:840} INFO - DAG(s) 'example_external_task_marker_child', 'example_external_task_marker_parent' retrieved from /home/airflow/.local/lib/python3.8/site-packages/airflow/example_dags/example_external_task_marker_dag.py
[2025-11-28T07:08:09.827+0000] {logging_mixin.py:188} INFO - [2025-11-28T07:08:09.826+0000] {dag.py:3036} INFO - Sync 2 DAGs
[2025-11-28T07:08:09.842+0000] {logging_mixin.py:188} INFO - [2025-11-28T07:08:09.841+0000] {dag.py:3823} INFO - Setting next_dagrun for example_external_task_marker_child to None, run_after=None
[2025-11-28T07:08:09.846+0000] {logging_mixin.py:188} INFO - [2025-11-28T07:08:09.846+0000] {dag.py:3823} INFO - Setting next_dagrun for example_external_task_marker_parent to None, run_after=None
[2025-11-28T07:08:09.866+0000] {processor.py:183} INFO - Processing /home/airflow/.local/lib/python3.8/site-packages/airflow/example_dags/example_external_task_marker_dag.py took 0.093 seconds
[2025-11-28T07:08:39.964+0000] {processor.py:161} INFO - Started process (PID=1836) to work on /home/airflow/.local/lib/python3.8/site-packages/airflow/example_dags/example_external_task_marker_dag.py
[2025-11-28T07:08:39.966+0000] {processor.py:830} INFO - Processing file /home/airflow/.local/lib/python3.8/site-packages/airflow/example_dags/example_external_task_marker_dag.py for tasks to queue
[2025-11-28T07:08:39.982+0000] {logging_mixin.py:188} INFO - [2025-11-28T07:08:39.969+0000] {dagbag.py:538} INFO - Filling up the DagBag from /home/airflow/.local/lib/python3.8/site-packages/airflow/example_dags/example_external_task_marker_dag.py
[2025-11-28T07:08:39.989+0000] {processor.py:840} INFO - DAG(s) 'example_external_task_marker_parent', 'example_external_task_marker_child' retrieved from /home/airflow/.local/lib/python3.8/site-packages/airflow/example_dags/example_external_task_marker_dag.py
[2025-11-28T07:08:40.037+0000] {logging_mixin.py:188} INFO - [2025-11-28T07:08:40.037+0000] {dag.py:3036} INFO - Sync 2 DAGs
[2025-11-28T07:08:40.050+0000] {logging_mixin.py:188} INFO - [2025-11-28T07:08:40.050+0000] {dag.py:3823} INFO - Setting next_dagrun for example_external_task_marker_child to None, run_after=None
[2025-11-28T07:08:40.054+0000] {logging_mixin.py:188} INFO - [2025-11-28T07:08:40.054+0000] {dag.py:3823} INFO - Setting next_dagrun for example_external_task_marker_parent to None, run_after=None
[2025-11-28T07:08:40.076+0000] {processor.py:183} INFO - Processing /home/airflow/.local/lib/python3.8/site-packages/airflow/example_dags/example_external_task_marker_dag.py took 0.116 seconds
[2025-11-28T07:09:10.179+0000] {processor.py:161} INFO - Started process (PID=1891) to work on /home/airflow/.local/lib/python3.8/site-packages/airflow/example_dags/example_external_task_marker_dag.py
[2025-11-28T07:09:10.181+0000] {processor.py:830} INFO - Processing file /home/airflow/.local/lib/python3.8/site-packages/airflow/example_dags/example_external_task_marker_dag.py for tasks to queue
[2025-11-28T07:09:10.183+0000] {logging_mixin.py:188} INFO - [2025-11-28T07:09:10.182+0000] {dagbag.py:538} INFO - Filling up the DagBag from /home/airflow/.local/lib/python3.8/site-packages/airflow/example_dags/example_external_task_marker_dag.py
[2025-11-28T07:09:10.188+0000] {processor.py:840} INFO - DAG(s) 'example_external_task_marker_parent', 'example_external_task_marker_child' retrieved from /home/airflow/.local/lib/python3.8/site-packages/airflow/example_dags/example_external_task_marker_dag.py
[2025-11-28T07:09:10.205+0000] {logging_mixin.py:188} INFO - [2025-11-28T07:09:10.204+0000] {dag.py:3036} INFO - Sync 2 DAGs
[2025-11-28T07:09:10.214+0000] {logging_mixin.py:188} INFO - [2025-11-28T07:09:10.214+0000] {dag.py:3823} INFO - Setting next_dagrun for example_external_task_marker_child to None, run_after=None
[2025-11-28T07:09:10.218+0000] {logging_mixin.py:188} INFO - [2025-11-28T07:09:10.218+0000] {dag.py:3823} INFO - Setting next_dagrun for example_external_task_marker_parent to None, run_after=None
[2025-11-28T07:09:10.234+0000] {processor.py:183} INFO - Processing /home/airflow/.local/lib/python3.8/site-packages/airflow/example_dags/example_external_task_marker_dag.py took 0.059 seconds
[2025-11-28T07:09:40.382+0000] {processor.py:161} INFO - Started process (PID=1946) to work on /home/airflow/.local/lib/python3.8/site-packages/airflow/example_dags/example_external_task_marker_dag.py
[2025-11-28T07:09:40.383+0000] {processor.py:830} INFO - Processing file /home/airflow/.local/lib/python3.8/site-packages/airflow/example_dags/example_external_task_marker_dag.py for tasks to queue
[2025-11-28T07:09:40.385+0000] {logging_mixin.py:188} INFO - [2025-11-28T07:09:40.385+0000] {dagbag.py:538} INFO - Filling up the DagBag from /home/airflow/.local/lib/python3.8/site-packages/airflow/example_dags/example_external_task_marker_dag.py
[2025-11-28T07:09:40.390+0000] {processor.py:840} INFO - DAG(s) 'example_external_task_marker_parent', 'example_external_task_marker_child' retrieved from /home/airflow/.local/lib/python3.8/site-packages/airflow/example_dags/example_external_task_marker_dag.py
[2025-11-28T07:09:40.413+0000] {logging_mixin.py:188} INFO - [2025-11-28T07:09:40.413+0000] {dag.py:3036} INFO - Sync 2 DAGs
[2025-11-28T07:09:40.426+0000] {logging_mixin.py:188} INFO - [2025-11-28T07:09:40.426+0000] {dag.py:3823} INFO - Setting next_dagrun for example_external_task_marker_child to None, run_after=None
[2025-11-28T07:09:40.430+0000] {logging_mixin.py:188} INFO - [2025-11-28T07:09:40.430+0000] {dag.py:3823} INFO - Setting next_dagrun for example_external_task_marker_parent to None, run_after=None
[2025-11-28T07:09:40.446+0000] {processor.py:183} INFO - Processing /home/airflow/.local/lib/python3.8/site-packages/airflow/example_dags/example_external_task_marker_dag.py took 0.067 seconds
[2025-11-28T07:10:10.947+0000] {processor.py:161} INFO - Started process (PID=2001) to work on /home/airflow/.local/lib/python3.8/site-packages/airflow/example_dags/example_external_task_marker_dag.py
[2025-11-28T07:10:10.949+0000] {processor.py:830} INFO - Processing file /home/airflow/.local/lib/python3.8/site-packages/airflow/example_dags/example_external_task_marker_dag.py for tasks to queue
[2025-11-28T07:10:10.951+0000] {logging_mixin.py:188} INFO - [2025-11-28T07:10:10.951+0000] {dagbag.py:538} INFO - Filling up the DagBag from /home/airflow/.local/lib/python3.8/site-packages/airflow/example_dags/example_external_task_marker_dag.py
[2025-11-28T07:10:10.958+0000] {processor.py:840} INFO - DAG(s) 'example_external_task_marker_parent', 'example_external_task_marker_child' retrieved from /home/airflow/.local/lib/python3.8/site-packages/airflow/example_dags/example_external_task_marker_dag.py
[2025-11-28T07:10:10.984+0000] {logging_mixin.py:188} INFO - [2025-11-28T07:10:10.984+0000] {dag.py:3036} INFO - Sync 2 DAGs
[2025-11-28T07:10:11.000+0000] {logging_mixin.py:188} INFO - [2025-11-28T07:10:11.000+0000] {dag.py:3823} INFO - Setting next_dagrun for example_external_task_marker_child to None, run_after=None
[2025-11-28T07:10:11.004+0000] {logging_mixin.py:188} INFO - [2025-11-28T07:10:11.004+0000] {dag.py:3823} INFO - Setting next_dagrun for example_external_task_marker_parent to None, run_after=None
[2025-11-28T07:10:11.024+0000] {processor.py:183} INFO - Processing /home/airflow/.local/lib/python3.8/site-packages/airflow/example_dags/example_external_task_marker_dag.py took 0.080 seconds
[2025-11-28T07:10:41.164+0000] {processor.py:161} INFO - Started process (PID=2056) to work on /home/airflow/.local/lib/python3.8/site-packages/airflow/example_dags/example_external_task_marker_dag.py
[2025-11-28T07:10:41.165+0000] {processor.py:830} INFO - Processing file /home/airflow/.local/lib/python3.8/site-packages/airflow/example_dags/example_external_task_marker_dag.py for tasks to queue
[2025-11-28T07:10:41.167+0000] {logging_mixin.py:188} INFO - [2025-11-28T07:10:41.167+0000] {dagbag.py:538} INFO - Filling up the DagBag from /home/airflow/.local/lib/python3.8/site-packages/airflow/example_dags/example_external_task_marker_dag.py
[2025-11-28T07:10:41.172+0000] {processor.py:840} INFO - DAG(s) 'example_external_task_marker_child', 'example_external_task_marker_parent' retrieved from /home/airflow/.local/lib/python3.8/site-packages/airflow/example_dags/example_external_task_marker_dag.py
[2025-11-28T07:10:41.209+0000] {logging_mixin.py:188} INFO - [2025-11-28T07:10:41.209+0000] {dag.py:3036} INFO - Sync 2 DAGs
[2025-11-28T07:10:41.222+0000] {logging_mixin.py:188} INFO - [2025-11-28T07:10:41.222+0000] {dag.py:3823} INFO - Setting next_dagrun for example_external_task_marker_child to None, run_after=None
[2025-11-28T07:10:41.232+0000] {logging_mixin.py:188} INFO - [2025-11-28T07:10:41.232+0000] {dag.py:3823} INFO - Setting next_dagrun for example_external_task_marker_parent to None, run_after=None
[2025-11-28T07:10:41.250+0000] {processor.py:183} INFO - Processing /home/airflow/.local/lib/python3.8/site-packages/airflow/example_dags/example_external_task_marker_dag.py took 0.129 seconds
[2025-11-28T07:11:11.544+0000] {processor.py:161} INFO - Started process (PID=2111) to work on /home/airflow/.local/lib/python3.8/site-packages/airflow/example_dags/example_external_task_marker_dag.py
[2025-11-28T07:11:11.545+0000] {processor.py:830} INFO - Processing file /home/airflow/.local/lib/python3.8/site-packages/airflow/example_dags/example_external_task_marker_dag.py for tasks to queue
[2025-11-28T07:11:11.547+0000] {logging_mixin.py:188} INFO - [2025-11-28T07:11:11.547+0000] {dagbag.py:538} INFO - Filling up the DagBag from /home/airflow/.local/lib/python3.8/site-packages/airflow/example_dags/example_external_task_marker_dag.py
[2025-11-28T07:11:11.553+0000] {processor.py:840} INFO - DAG(s) 'example_external_task_marker_parent', 'example_external_task_marker_child' retrieved from /home/airflow/.local/lib/python3.8/site-packages/airflow/example_dags/example_external_task_marker_dag.py
[2025-11-28T07:11:11.574+0000] {logging_mixin.py:188} INFO - [2025-11-28T07:11:11.574+0000] {dag.py:3036} INFO - Sync 2 DAGs
[2025-11-28T07:11:11.583+0000] {logging_mixin.py:188} INFO - [2025-11-28T07:11:11.582+0000] {dag.py:3823} INFO - Setting next_dagrun for example_external_task_marker_child to None, run_after=None
[2025-11-28T07:11:11.586+0000] {logging_mixin.py:188} INFO - [2025-11-28T07:11:11.585+0000] {dag.py:3823} INFO - Setting next_dagrun for example_external_task_marker_parent to None, run_after=None
[2025-11-28T07:11:11.599+0000] {processor.py:183} INFO - Processing /home/airflow/.local/lib/python3.8/site-packages/airflow/example_dags/example_external_task_marker_dag.py took 0.058 seconds
[2025-11-28T07:11:41.875+0000] {processor.py:161} INFO - Started process (PID=2166) to work on /home/airflow/.local/lib/python3.8/site-packages/airflow/example_dags/example_external_task_marker_dag.py
[2025-11-28T07:11:41.876+0000] {processor.py:830} INFO - Processing file /home/airflow/.local/lib/python3.8/site-packages/airflow/example_dags/example_external_task_marker_dag.py for tasks to queue
[2025-11-28T07:11:41.878+0000] {logging_mixin.py:188} INFO - [2025-11-28T07:11:41.877+0000] {dagbag.py:538} INFO - Filling up the DagBag from /home/airflow/.local/lib/python3.8/site-packages/airflow/example_dags/example_external_task_marker_dag.py
[2025-11-28T07:11:41.883+0000] {processor.py:840} INFO - DAG(s) 'example_external_task_marker_parent', 'example_external_task_marker_child' retrieved from /home/airflow/.local/lib/python3.8/site-packages/airflow/example_dags/example_external_task_marker_dag.py
[2025-11-28T07:11:41.904+0000] {logging_mixin.py:188} INFO - [2025-11-28T07:11:41.904+0000] {dag.py:3036} INFO - Sync 2 DAGs
[2025-11-28T07:11:41.914+0000] {logging_mixin.py:188} INFO - [2025-11-28T07:11:41.914+0000] {dag.py:3823} INFO - Setting next_dagrun for example_external_task_marker_child to None, run_after=None
[2025-11-28T07:11:41.918+0000] {logging_mixin.py:188} INFO - [2025-11-28T07:11:41.917+0000] {dag.py:3823} INFO - Setting next_dagrun for example_external_task_marker_parent to None, run_after=None
[2025-11-28T07:11:41.932+0000] {processor.py:183} INFO - Processing /home/airflow/.local/lib/python3.8/site-packages/airflow/example_dags/example_external_task_marker_dag.py took 0.061 seconds
[2025-11-28T07:12:12.223+0000] {processor.py:161} INFO - Started process (PID=2221) to work on /home/airflow/.local/lib/python3.8/site-packages/airflow/example_dags/example_external_task_marker_dag.py
[2025-11-28T07:12:12.224+0000] {processor.py:830} INFO - Processing file /home/airflow/.local/lib/python3.8/site-packages/airflow/example_dags/example_external_task_marker_dag.py for tasks to queue
[2025-11-28T07:12:12.226+0000] {logging_mixin.py:188} INFO - [2025-11-28T07:12:12.226+0000] {dagbag.py:538} INFO - Filling up the DagBag from /home/airflow/.local/lib/python3.8/site-packages/airflow/example_dags/example_external_task_marker_dag.py
[2025-11-28T07:12:12.231+0000] {processor.py:840} INFO - DAG(s) 'example_external_task_marker_child', 'example_external_task_marker_parent' retrieved from /home/airflow/.local/lib/python3.8/site-packages/airflow/example_dags/example_external_task_marker_dag.py
[2025-11-28T07:12:12.260+0000] {logging_mixin.py:188} INFO - [2025-11-28T07:12:12.260+0000] {dag.py:3036} INFO - Sync 2 DAGs
[2025-11-28T07:12:12.273+0000] {logging_mixin.py:188} INFO - [2025-11-28T07:12:12.272+0000] {dag.py:3823} INFO - Setting next_dagrun for example_external_task_marker_child to None, run_after=None
[2025-11-28T07:12:12.276+0000] {logging_mixin.py:188} INFO - [2025-11-28T07:12:12.276+0000] {dag.py:3823} INFO - Setting next_dagrun for example_external_task_marker_parent to None, run_after=None
[2025-11-28T07:12:12.293+0000] {processor.py:183} INFO - Processing /home/airflow/.local/lib/python3.8/site-packages/airflow/example_dags/example_external_task_marker_dag.py took 0.076 seconds
[2025-11-28T07:12:42.634+0000] {processor.py:161} INFO - Started process (PID=2276) to work on /home/airflow/.local/lib/python3.8/site-packages/airflow/example_dags/example_external_task_marker_dag.py
[2025-11-28T07:12:42.635+0000] {processor.py:830} INFO - Processing file /home/airflow/.local/lib/python3.8/site-packages/airflow/example_dags/example_external_task_marker_dag.py for tasks to queue
[2025-11-28T07:12:42.639+0000] {logging_mixin.py:188} INFO - [2025-11-28T07:12:42.639+0000] {dagbag.py:538} INFO - Filling up the DagBag from /home/airflow/.local/lib/python3.8/site-packages/airflow/example_dags/example_external_task_marker_dag.py
[2025-11-28T07:12:42.644+0000] {processor.py:840} INFO - DAG(s) 'example_external_task_marker_child', 'example_external_task_marker_parent' retrieved from /home/airflow/.local/lib/python3.8/site-packages/airflow/example_dags/example_external_task_marker_dag.py
[2025-11-28T07:12:42.662+0000] {logging_mixin.py:188} INFO - [2025-11-28T07:12:42.662+0000] {dag.py:3036} INFO - Sync 2 DAGs
[2025-11-28T07:12:42.671+0000] {logging_mixin.py:188} INFO - [2025-11-28T07:12:42.671+0000] {dag.py:3823} INFO - Setting next_dagrun for example_external_task_marker_child to None, run_after=None
[2025-11-28T07:12:42.674+0000] {logging_mixin.py:188} INFO - [2025-11-28T07:12:42.674+0000] {dag.py:3823} INFO - Setting next_dagrun for example_external_task_marker_parent to None, run_after=None
[2025-11-28T07:12:42.690+0000] {processor.py:183} INFO - Processing /home/airflow/.local/lib/python3.8/site-packages/airflow/example_dags/example_external_task_marker_dag.py took 0.059 seconds
[2025-11-28T07:13:12.814+0000] {processor.py:161} INFO - Started process (PID=2331) to work on /home/airflow/.local/lib/python3.8/site-packages/airflow/example_dags/example_external_task_marker_dag.py
[2025-11-28T07:13:12.817+0000] {processor.py:830} INFO - Processing file /home/airflow/.local/lib/python3.8/site-packages/airflow/example_dags/example_external_task_marker_dag.py for tasks to queue
[2025-11-28T07:13:12.819+0000] {logging_mixin.py:188} INFO - [2025-11-28T07:13:12.818+0000] {dagbag.py:538} INFO - Filling up the DagBag from /home/airflow/.local/lib/python3.8/site-packages/airflow/example_dags/example_external_task_marker_dag.py
[2025-11-28T07:13:12.824+0000] {processor.py:840} INFO - DAG(s) 'example_external_task_marker_child', 'example_external_task_marker_parent' retrieved from /home/airflow/.local/lib/python3.8/site-packages/airflow/example_dags/example_external_task_marker_dag.py
[2025-11-28T07:13:12.848+0000] {logging_mixin.py:188} INFO - [2025-11-28T07:13:12.847+0000] {dag.py:3036} INFO - Sync 2 DAGs
[2025-11-28T07:13:12.876+0000] {logging_mixin.py:188} INFO - [2025-11-28T07:13:12.876+0000] {dag.py:3823} INFO - Setting next_dagrun for example_external_task_marker_child to None, run_after=None
[2025-11-28T07:13:12.880+0000] {logging_mixin.py:188} INFO - [2025-11-28T07:13:12.880+0000] {dag.py:3823} INFO - Setting next_dagrun for example_external_task_marker_parent to None, run_after=None
[2025-11-28T07:13:12.898+0000] {processor.py:183} INFO - Processing /home/airflow/.local/lib/python3.8/site-packages/airflow/example_dags/example_external_task_marker_dag.py took 0.087 seconds
[2025-11-28T07:13:43.488+0000] {processor.py:161} INFO - Started process (PID=2386) to work on /home/airflow/.local/lib/python3.8/site-packages/airflow/example_dags/example_external_task_marker_dag.py
[2025-11-28T07:13:43.489+0000] {processor.py:830} INFO - Processing file /home/airflow/.local/lib/python3.8/site-packages/airflow/example_dags/example_external_task_marker_dag.py for tasks to queue
[2025-11-28T07:13:43.492+0000] {logging_mixin.py:188} INFO - [2025-11-28T07:13:43.491+0000] {dagbag.py:538} INFO - Filling up the DagBag from /home/airflow/.local/lib/python3.8/site-packages/airflow/example_dags/example_external_task_marker_dag.py
[2025-11-28T07:13:43.499+0000] {processor.py:840} INFO - DAG(s) 'example_external_task_marker_parent', 'example_external_task_marker_child' retrieved from /home/airflow/.local/lib/python3.8/site-packages/airflow/example_dags/example_external_task_marker_dag.py
[2025-11-28T07:13:43.525+0000] {logging_mixin.py:188} INFO - [2025-11-28T07:13:43.525+0000] {dag.py:3036} INFO - Sync 2 DAGs
[2025-11-28T07:13:43.542+0000] {logging_mixin.py:188} INFO - [2025-11-28T07:13:43.541+0000] {dag.py:3823} INFO - Setting next_dagrun for example_external_task_marker_child to None, run_after=None
[2025-11-28T07:13:43.549+0000] {logging_mixin.py:188} INFO - [2025-11-28T07:13:43.549+0000] {dag.py:3823} INFO - Setting next_dagrun for example_external_task_marker_parent to None, run_after=None
[2025-11-28T07:13:43.580+0000] {processor.py:183} INFO - Processing /home/airflow/.local/lib/python3.8/site-packages/airflow/example_dags/example_external_task_marker_dag.py took 0.095 seconds
[2025-11-28T07:14:13.969+0000] {processor.py:161} INFO - Started process (PID=2442) to work on /home/airflow/.local/lib/python3.8/site-packages/airflow/example_dags/example_external_task_marker_dag.py
[2025-11-28T07:14:13.971+0000] {processor.py:830} INFO - Processing file /home/airflow/.local/lib/python3.8/site-packages/airflow/example_dags/example_external_task_marker_dag.py for tasks to queue
[2025-11-28T07:14:13.973+0000] {logging_mixin.py:188} INFO - [2025-11-28T07:14:13.973+0000] {dagbag.py:538} INFO - Filling up the DagBag from /home/airflow/.local/lib/python3.8/site-packages/airflow/example_dags/example_external_task_marker_dag.py
[2025-11-28T07:14:13.980+0000] {processor.py:840} INFO - DAG(s) 'example_external_task_marker_parent', 'example_external_task_marker_child' retrieved from /home/airflow/.local/lib/python3.8/site-packages/airflow/example_dags/example_external_task_marker_dag.py
[2025-11-28T07:14:14.000+0000] {logging_mixin.py:188} INFO - [2025-11-28T07:14:14.000+0000] {dag.py:3036} INFO - Sync 2 DAGs
[2025-11-28T07:14:14.012+0000] {logging_mixin.py:188} INFO - [2025-11-28T07:14:14.012+0000] {dag.py:3823} INFO - Setting next_dagrun for example_external_task_marker_child to None, run_after=None
[2025-11-28T07:14:14.016+0000] {logging_mixin.py:188} INFO - [2025-11-28T07:14:14.016+0000] {dag.py:3823} INFO - Setting next_dagrun for example_external_task_marker_parent to None, run_after=None
[2025-11-28T07:14:14.032+0000] {processor.py:183} INFO - Processing /home/airflow/.local/lib/python3.8/site-packages/airflow/example_dags/example_external_task_marker_dag.py took 0.065 seconds
[2025-11-28T07:14:44.219+0000] {processor.py:161} INFO - Started process (PID=2497) to work on /home/airflow/.local/lib/python3.8/site-packages/airflow/example_dags/example_external_task_marker_dag.py
[2025-11-28T07:14:44.220+0000] {processor.py:830} INFO - Processing file /home/airflow/.local/lib/python3.8/site-packages/airflow/example_dags/example_external_task_marker_dag.py for tasks to queue
[2025-11-28T07:14:44.221+0000] {logging_mixin.py:188} INFO - [2025-11-28T07:14:44.221+0000] {dagbag.py:538} INFO - Filling up the DagBag from /home/airflow/.local/lib/python3.8/site-packages/airflow/example_dags/example_external_task_marker_dag.py
[2025-11-28T07:14:44.227+0000] {processor.py:840} INFO - DAG(s) 'example_external_task_marker_child', 'example_external_task_marker_parent' retrieved from /home/airflow/.local/lib/python3.8/site-packages/airflow/example_dags/example_external_task_marker_dag.py
[2025-11-28T07:14:44.244+0000] {logging_mixin.py:188} INFO - [2025-11-28T07:14:44.244+0000] {dag.py:3036} INFO - Sync 2 DAGs
[2025-11-28T07:14:44.255+0000] {logging_mixin.py:188} INFO - [2025-11-28T07:14:44.255+0000] {dag.py:3823} INFO - Setting next_dagrun for example_external_task_marker_child to None, run_after=None
[2025-11-28T07:14:44.260+0000] {logging_mixin.py:188} INFO - [2025-11-28T07:14:44.259+0000] {dag.py:3823} INFO - Setting next_dagrun for example_external_task_marker_parent to None, run_after=None
[2025-11-28T07:14:44.282+0000] {processor.py:183} INFO - Processing /home/airflow/.local/lib/python3.8/site-packages/airflow/example_dags/example_external_task_marker_dag.py took 0.066 seconds
[2025-11-28T07:15:14.881+0000] {processor.py:161} INFO - Started process (PID=2551) to work on /home/airflow/.local/lib/python3.8/site-packages/airflow/example_dags/example_external_task_marker_dag.py
[2025-11-28T07:15:14.883+0000] {processor.py:830} INFO - Processing file /home/airflow/.local/lib/python3.8/site-packages/airflow/example_dags/example_external_task_marker_dag.py for tasks to queue
[2025-11-28T07:15:14.886+0000] {logging_mixin.py:188} INFO - [2025-11-28T07:15:14.885+0000] {dagbag.py:538} INFO - Filling up the DagBag from /home/airflow/.local/lib/python3.8/site-packages/airflow/example_dags/example_external_task_marker_dag.py
[2025-11-28T07:15:14.891+0000] {processor.py:840} INFO - DAG(s) 'example_external_task_marker_parent', 'example_external_task_marker_child' retrieved from /home/airflow/.local/lib/python3.8/site-packages/airflow/example_dags/example_external_task_marker_dag.py
[2025-11-28T07:15:14.913+0000] {logging_mixin.py:188} INFO - [2025-11-28T07:15:14.913+0000] {dag.py:3036} INFO - Sync 2 DAGs
[2025-11-28T07:15:14.925+0000] {logging_mixin.py:188} INFO - [2025-11-28T07:15:14.925+0000] {dag.py:3823} INFO - Setting next_dagrun for example_external_task_marker_child to None, run_after=None
[2025-11-28T07:15:14.929+0000] {logging_mixin.py:188} INFO - [2025-11-28T07:15:14.929+0000] {dag.py:3823} INFO - Setting next_dagrun for example_external_task_marker_parent to None, run_after=None
[2025-11-28T07:15:15.046+0000] {processor.py:183} INFO - Processing /home/airflow/.local/lib/python3.8/site-packages/airflow/example_dags/example_external_task_marker_dag.py took 0.167 seconds
[2025-11-28T07:15:45.745+0000] {processor.py:161} INFO - Started process (PID=2605) to work on /home/airflow/.local/lib/python3.8/site-packages/airflow/example_dags/example_external_task_marker_dag.py
[2025-11-28T07:15:45.747+0000] {processor.py:830} INFO - Processing file /home/airflow/.local/lib/python3.8/site-packages/airflow/example_dags/example_external_task_marker_dag.py for tasks to queue
[2025-11-28T07:15:45.750+0000] {logging_mixin.py:188} INFO - [2025-11-28T07:15:45.750+0000] {dagbag.py:538} INFO - Filling up the DagBag from /home/airflow/.local/lib/python3.8/site-packages/airflow/example_dags/example_external_task_marker_dag.py
[2025-11-28T07:15:45.757+0000] {processor.py:840} INFO - DAG(s) 'example_external_task_marker_parent', 'example_external_task_marker_child' retrieved from /home/airflow/.local/lib/python3.8/site-packages/airflow/example_dags/example_external_task_marker_dag.py
[2025-11-28T07:15:45.788+0000] {logging_mixin.py:188} INFO - [2025-11-28T07:15:45.788+0000] {dag.py:3036} INFO - Sync 2 DAGs
[2025-11-28T07:15:45.802+0000] {logging_mixin.py:188} INFO - [2025-11-28T07:15:45.802+0000] {dag.py:3823} INFO - Setting next_dagrun for example_external_task_marker_child to None, run_after=None
[2025-11-28T07:15:45.806+0000] {logging_mixin.py:188} INFO - [2025-11-28T07:15:45.806+0000] {dag.py:3823} INFO - Setting next_dagrun for example_external_task_marker_parent to None, run_after=None
[2025-11-28T07:15:45.821+0000] {processor.py:183} INFO - Processing /home/airflow/.local/lib/python3.8/site-packages/airflow/example_dags/example_external_task_marker_dag.py took 0.080 seconds
[2025-11-28T07:16:16.012+0000] {processor.py:161} INFO - Started process (PID=2660) to work on /home/airflow/.local/lib/python3.8/site-packages/airflow/example_dags/example_external_task_marker_dag.py
[2025-11-28T07:16:16.014+0000] {processor.py:830} INFO - Processing file /home/airflow/.local/lib/python3.8/site-packages/airflow/example_dags/example_external_task_marker_dag.py for tasks to queue
[2025-11-28T07:16:16.017+0000] {logging_mixin.py:188} INFO - [2025-11-28T07:16:16.016+0000] {dagbag.py:538} INFO - Filling up the DagBag from /home/airflow/.local/lib/python3.8/site-packages/airflow/example_dags/example_external_task_marker_dag.py
[2025-11-28T07:16:16.033+0000] {processor.py:840} INFO - DAG(s) 'example_external_task_marker_parent', 'example_external_task_marker_child' retrieved from /home/airflow/.local/lib/python3.8/site-packages/airflow/example_dags/example_external_task_marker_dag.py
[2025-11-28T07:16:16.064+0000] {logging_mixin.py:188} INFO - [2025-11-28T07:16:16.064+0000] {dag.py:3036} INFO - Sync 2 DAGs
[2025-11-28T07:16:16.075+0000] {logging_mixin.py:188} INFO - [2025-11-28T07:16:16.075+0000] {dag.py:3823} INFO - Setting next_dagrun for example_external_task_marker_child to None, run_after=None
[2025-11-28T07:16:16.079+0000] {logging_mixin.py:188} INFO - [2025-11-28T07:16:16.079+0000] {dag.py:3823} INFO - Setting next_dagrun for example_external_task_marker_parent to None, run_after=None
[2025-11-28T07:16:16.098+0000] {processor.py:183} INFO - Processing /home/airflow/.local/lib/python3.8/site-packages/airflow/example_dags/example_external_task_marker_dag.py took 0.091 seconds
[2025-11-28T07:16:46.857+0000] {processor.py:161} INFO - Started process (PID=2715) to work on /home/airflow/.local/lib/python3.8/site-packages/airflow/example_dags/example_external_task_marker_dag.py
[2025-11-28T07:16:46.859+0000] {processor.py:830} INFO - Processing file /home/airflow/.local/lib/python3.8/site-packages/airflow/example_dags/example_external_task_marker_dag.py for tasks to queue
[2025-11-28T07:16:46.862+0000] {logging_mixin.py:188} INFO - [2025-11-28T07:16:46.862+0000] {dagbag.py:538} INFO - Filling up the DagBag from /home/airflow/.local/lib/python3.8/site-packages/airflow/example_dags/example_external_task_marker_dag.py
[2025-11-28T07:16:46.872+0000] {processor.py:840} INFO - DAG(s) 'example_external_task_marker_child', 'example_external_task_marker_parent' retrieved from /home/airflow/.local/lib/python3.8/site-packages/airflow/example_dags/example_external_task_marker_dag.py
[2025-11-28T07:16:46.898+0000] {logging_mixin.py:188} INFO - [2025-11-28T07:16:46.898+0000] {dag.py:3036} INFO - Sync 2 DAGs
[2025-11-28T07:16:46.911+0000] {logging_mixin.py:188} INFO - [2025-11-28T07:16:46.911+0000] {dag.py:3823} INFO - Setting next_dagrun for example_external_task_marker_child to None, run_after=None
[2025-11-28T07:16:46.915+0000] {logging_mixin.py:188} INFO - [2025-11-28T07:16:46.914+0000] {dag.py:3823} INFO - Setting next_dagrun for example_external_task_marker_parent to None, run_after=None
[2025-11-28T07:16:46.929+0000] {processor.py:183} INFO - Processing /home/airflow/.local/lib/python3.8/site-packages/airflow/example_dags/example_external_task_marker_dag.py took 0.076 seconds
[2025-11-28T07:17:17.639+0000] {processor.py:161} INFO - Started process (PID=2770) to work on /home/airflow/.local/lib/python3.8/site-packages/airflow/example_dags/example_external_task_marker_dag.py
[2025-11-28T07:17:17.640+0000] {processor.py:830} INFO - Processing file /home/airflow/.local/lib/python3.8/site-packages/airflow/example_dags/example_external_task_marker_dag.py for tasks to queue
[2025-11-28T07:17:17.642+0000] {logging_mixin.py:188} INFO - [2025-11-28T07:17:17.642+0000] {dagbag.py:538} INFO - Filling up the DagBag from /home/airflow/.local/lib/python3.8/site-packages/airflow/example_dags/example_external_task_marker_dag.py
[2025-11-28T07:17:17.647+0000] {processor.py:840} INFO - DAG(s) 'example_external_task_marker_parent', 'example_external_task_marker_child' retrieved from /home/airflow/.local/lib/python3.8/site-packages/airflow/example_dags/example_external_task_marker_dag.py
[2025-11-28T07:17:17.668+0000] {logging_mixin.py:188} INFO - [2025-11-28T07:17:17.668+0000] {dag.py:3036} INFO - Sync 2 DAGs
[2025-11-28T07:17:17.679+0000] {logging_mixin.py:188} INFO - [2025-11-28T07:17:17.679+0000] {dag.py:3823} INFO - Setting next_dagrun for example_external_task_marker_child to None, run_after=None
[2025-11-28T07:17:17.684+0000] {logging_mixin.py:188} INFO - [2025-11-28T07:17:17.684+0000] {dag.py:3823} INFO - Setting next_dagrun for example_external_task_marker_parent to None, run_after=None
[2025-11-28T07:17:17.710+0000] {processor.py:183} INFO - Processing /home/airflow/.local/lib/python3.8/site-packages/airflow/example_dags/example_external_task_marker_dag.py took 0.073 seconds
[2025-11-28T07:17:48.109+0000] {processor.py:161} INFO - Started process (PID=2825) to work on /home/airflow/.local/lib/python3.8/site-packages/airflow/example_dags/example_external_task_marker_dag.py
[2025-11-28T07:17:48.110+0000] {processor.py:830} INFO - Processing file /home/airflow/.local/lib/python3.8/site-packages/airflow/example_dags/example_external_task_marker_dag.py for tasks to queue
[2025-11-28T07:17:48.112+0000] {logging_mixin.py:188} INFO - [2025-11-28T07:17:48.111+0000] {dagbag.py:538} INFO - Filling up the DagBag from /home/airflow/.local/lib/python3.8/site-packages/airflow/example_dags/example_external_task_marker_dag.py
[2025-11-28T07:17:48.117+0000] {processor.py:840} INFO - DAG(s) 'example_external_task_marker_child', 'example_external_task_marker_parent' retrieved from /home/airflow/.local/lib/python3.8/site-packages/airflow/example_dags/example_external_task_marker_dag.py
[2025-11-28T07:17:48.139+0000] {logging_mixin.py:188} INFO - [2025-11-28T07:17:48.138+0000] {dag.py:3036} INFO - Sync 2 DAGs
[2025-11-28T07:17:48.150+0000] {logging_mixin.py:188} INFO - [2025-11-28T07:17:48.150+0000] {dag.py:3823} INFO - Setting next_dagrun for example_external_task_marker_child to None, run_after=None
[2025-11-28T07:17:48.154+0000] {logging_mixin.py:188} INFO - [2025-11-28T07:17:48.154+0000] {dag.py:3823} INFO - Setting next_dagrun for example_external_task_marker_parent to None, run_after=None
[2025-11-28T07:17:48.168+0000] {processor.py:183} INFO - Processing /home/airflow/.local/lib/python3.8/site-packages/airflow/example_dags/example_external_task_marker_dag.py took 0.061 seconds
[2025-11-28T07:18:18.678+0000] {processor.py:161} INFO - Started process (PID=2880) to work on /home/airflow/.local/lib/python3.8/site-packages/airflow/example_dags/example_external_task_marker_dag.py
[2025-11-28T07:18:18.684+0000] {processor.py:830} INFO - Processing file /home/airflow/.local/lib/python3.8/site-packages/airflow/example_dags/example_external_task_marker_dag.py for tasks to queue
[2025-11-28T07:18:18.689+0000] {logging_mixin.py:188} INFO - [2025-11-28T07:18:18.689+0000] {dagbag.py:538} INFO - Filling up the DagBag from /home/airflow/.local/lib/python3.8/site-packages/airflow/example_dags/example_external_task_marker_dag.py
[2025-11-28T07:18:18.698+0000] {processor.py:840} INFO - DAG(s) 'example_external_task_marker_child', 'example_external_task_marker_parent' retrieved from /home/airflow/.local/lib/python3.8/site-packages/airflow/example_dags/example_external_task_marker_dag.py
[2025-11-28T07:18:18.735+0000] {logging_mixin.py:188} INFO - [2025-11-28T07:18:18.735+0000] {dag.py:3036} INFO - Sync 2 DAGs
[2025-11-28T07:18:18.745+0000] {logging_mixin.py:188} INFO - [2025-11-28T07:18:18.745+0000] {dag.py:3823} INFO - Setting next_dagrun for example_external_task_marker_child to None, run_after=None
[2025-11-28T07:18:18.749+0000] {logging_mixin.py:188} INFO - [2025-11-28T07:18:18.749+0000] {dag.py:3823} INFO - Setting next_dagrun for example_external_task_marker_parent to None, run_after=None
[2025-11-28T07:18:18.768+0000] {processor.py:183} INFO - Processing /home/airflow/.local/lib/python3.8/site-packages/airflow/example_dags/example_external_task_marker_dag.py took 0.094 seconds
[2025-11-28T07:18:49.576+0000] {processor.py:161} INFO - Started process (PID=2935) to work on /home/airflow/.local/lib/python3.8/site-packages/airflow/example_dags/example_external_task_marker_dag.py
[2025-11-28T07:18:49.580+0000] {processor.py:830} INFO - Processing file /home/airflow/.local/lib/python3.8/site-packages/airflow/example_dags/example_external_task_marker_dag.py for tasks to queue
[2025-11-28T07:18:49.583+0000] {logging_mixin.py:188} INFO - [2025-11-28T07:18:49.582+0000] {dagbag.py:538} INFO - Filling up the DagBag from /home/airflow/.local/lib/python3.8/site-packages/airflow/example_dags/example_external_task_marker_dag.py
[2025-11-28T07:18:49.588+0000] {processor.py:840} INFO - DAG(s) 'example_external_task_marker_parent', 'example_external_task_marker_child' retrieved from /home/airflow/.local/lib/python3.8/site-packages/airflow/example_dags/example_external_task_marker_dag.py
[2025-11-28T07:18:49.617+0000] {logging_mixin.py:188} INFO - [2025-11-28T07:18:49.617+0000] {dag.py:3036} INFO - Sync 2 DAGs
[2025-11-28T07:18:49.628+0000] {logging_mixin.py:188} INFO - [2025-11-28T07:18:49.628+0000] {dag.py:3823} INFO - Setting next_dagrun for example_external_task_marker_child to None, run_after=None
[2025-11-28T07:18:49.634+0000] {logging_mixin.py:188} INFO - [2025-11-28T07:18:49.633+0000] {dag.py:3823} INFO - Setting next_dagrun for example_external_task_marker_parent to None, run_after=None
[2025-11-28T07:18:49.653+0000] {processor.py:183} INFO - Processing /home/airflow/.local/lib/python3.8/site-packages/airflow/example_dags/example_external_task_marker_dag.py took 0.084 seconds
[2025-11-28T07:19:20.223+0000] {processor.py:161} INFO - Started process (PID=2989) to work on /home/airflow/.local/lib/python3.8/site-packages/airflow/example_dags/example_external_task_marker_dag.py
[2025-11-28T07:19:20.225+0000] {processor.py:830} INFO - Processing file /home/airflow/.local/lib/python3.8/site-packages/airflow/example_dags/example_external_task_marker_dag.py for tasks to queue
[2025-11-28T07:19:20.228+0000] {logging_mixin.py:188} INFO - [2025-11-28T07:19:20.228+0000] {dagbag.py:538} INFO - Filling up the DagBag from /home/airflow/.local/lib/python3.8/site-packages/airflow/example_dags/example_external_task_marker_dag.py
[2025-11-28T07:19:20.237+0000] {processor.py:840} INFO - DAG(s) 'example_external_task_marker_child', 'example_external_task_marker_parent' retrieved from /home/airflow/.local/lib/python3.8/site-packages/airflow/example_dags/example_external_task_marker_dag.py
[2025-11-28T07:19:20.264+0000] {logging_mixin.py:188} INFO - [2025-11-28T07:19:20.264+0000] {dag.py:3036} INFO - Sync 2 DAGs
[2025-11-28T07:19:20.278+0000] {logging_mixin.py:188} INFO - [2025-11-28T07:19:20.278+0000] {dag.py:3823} INFO - Setting next_dagrun for example_external_task_marker_child to None, run_after=None
[2025-11-28T07:19:20.285+0000] {logging_mixin.py:188} INFO - [2025-11-28T07:19:20.285+0000] {dag.py:3823} INFO - Setting next_dagrun for example_external_task_marker_parent to None, run_after=None
[2025-11-28T07:19:20.307+0000] {processor.py:183} INFO - Processing /home/airflow/.local/lib/python3.8/site-packages/airflow/example_dags/example_external_task_marker_dag.py took 0.087 seconds
