[2025-11-28T06:52:29.492+0000] {processor.py:161} INFO - Started process (PID=113) to work on /home/airflow/.local/lib/python3.8/site-packages/airflow/example_dags/example_branch_operator.py
[2025-11-28T06:52:29.494+0000] {processor.py:830} INFO - Processing file /home/airflow/.local/lib/python3.8/site-packages/airflow/example_dags/example_branch_operator.py for tasks to queue
[2025-11-28T06:52:29.498+0000] {logging_mixin.py:188} INFO - [2025-11-28T06:52:29.498+0000] {dagbag.py:538} INFO - Filling up the DagBag from /home/airflow/.local/lib/python3.8/site-packages/airflow/example_dags/example_branch_operator.py
[2025-11-28T06:52:29.532+0000] {processor.py:840} INFO - DAG(s) 'example_branch_operator' retrieved from /home/airflow/.local/lib/python3.8/site-packages/airflow/example_dags/example_branch_operator.py
[2025-11-28T06:52:29.650+0000] {logging_mixin.py:188} INFO - [2025-11-28T06:52:29.650+0000] {override.py:1769} INFO - Created Permission View: can edit on DAG:example_branch_operator
[2025-11-28T06:52:29.661+0000] {logging_mixin.py:188} INFO - [2025-11-28T06:52:29.661+0000] {override.py:1769} INFO - Created Permission View: can delete on DAG:example_branch_operator
[2025-11-28T06:52:29.669+0000] {logging_mixin.py:188} INFO - [2025-11-28T06:52:29.669+0000] {override.py:1769} INFO - Created Permission View: can read on DAG:example_branch_operator
[2025-11-28T06:52:29.671+0000] {logging_mixin.py:188} INFO - [2025-11-28T06:52:29.671+0000] {dag.py:3036} INFO - Sync 1 DAGs
[2025-11-28T06:52:29.682+0000] {logging_mixin.py:188} INFO - [2025-11-28T06:52:29.682+0000] {dag.py:3058} INFO - Creating ORM DAG for example_branch_operator
[2025-11-28T06:52:29.694+0000] {logging_mixin.py:188} INFO - [2025-11-28T06:52:29.693+0000] {dag.py:3823} INFO - Setting next_dagrun for example_branch_operator to 2025-11-27 00:00:00+00:00, run_after=2025-11-28 00:00:00+00:00
[2025-11-28T06:52:29.714+0000] {processor.py:183} INFO - Processing /home/airflow/.local/lib/python3.8/site-packages/airflow/example_dags/example_branch_operator.py took 0.226 seconds
[2025-11-28T06:52:59.986+0000] {processor.py:161} INFO - Started process (PID=168) to work on /home/airflow/.local/lib/python3.8/site-packages/airflow/example_dags/example_branch_operator.py
[2025-11-28T06:52:59.989+0000] {processor.py:830} INFO - Processing file /home/airflow/.local/lib/python3.8/site-packages/airflow/example_dags/example_branch_operator.py for tasks to queue
[2025-11-28T06:52:59.992+0000] {logging_mixin.py:188} INFO - [2025-11-28T06:52:59.992+0000] {dagbag.py:538} INFO - Filling up the DagBag from /home/airflow/.local/lib/python3.8/site-packages/airflow/example_dags/example_branch_operator.py
[2025-11-28T06:53:00.010+0000] {processor.py:840} INFO - DAG(s) 'example_branch_operator' retrieved from /home/airflow/.local/lib/python3.8/site-packages/airflow/example_dags/example_branch_operator.py
[2025-11-28T06:53:00.036+0000] {logging_mixin.py:188} INFO - [2025-11-28T06:53:00.036+0000] {dag.py:3036} INFO - Sync 1 DAGs
[2025-11-28T06:53:00.054+0000] {logging_mixin.py:188} INFO - [2025-11-28T06:53:00.054+0000] {dag.py:3823} INFO - Setting next_dagrun for example_branch_operator to 2025-11-27 00:00:00+00:00, run_after=2025-11-28 00:00:00+00:00
[2025-11-28T06:53:00.070+0000] {processor.py:183} INFO - Processing /home/airflow/.local/lib/python3.8/site-packages/airflow/example_dags/example_branch_operator.py took 0.091 seconds
[2025-11-28T06:53:30.207+0000] {processor.py:161} INFO - Started process (PID=223) to work on /home/airflow/.local/lib/python3.8/site-packages/airflow/example_dags/example_branch_operator.py
[2025-11-28T06:53:30.209+0000] {processor.py:830} INFO - Processing file /home/airflow/.local/lib/python3.8/site-packages/airflow/example_dags/example_branch_operator.py for tasks to queue
[2025-11-28T06:53:30.211+0000] {logging_mixin.py:188} INFO - [2025-11-28T06:53:30.211+0000] {dagbag.py:538} INFO - Filling up the DagBag from /home/airflow/.local/lib/python3.8/site-packages/airflow/example_dags/example_branch_operator.py
[2025-11-28T06:53:30.242+0000] {processor.py:840} INFO - DAG(s) 'example_branch_operator' retrieved from /home/airflow/.local/lib/python3.8/site-packages/airflow/example_dags/example_branch_operator.py
[2025-11-28T06:53:30.280+0000] {logging_mixin.py:188} INFO - [2025-11-28T06:53:30.280+0000] {dag.py:3036} INFO - Sync 1 DAGs
[2025-11-28T06:53:30.304+0000] {logging_mixin.py:188} INFO - [2025-11-28T06:53:30.303+0000] {dag.py:3823} INFO - Setting next_dagrun for example_branch_operator to 2025-11-27 00:00:00+00:00, run_after=2025-11-28 00:00:00+00:00
[2025-11-28T06:53:30.320+0000] {processor.py:183} INFO - Processing /home/airflow/.local/lib/python3.8/site-packages/airflow/example_dags/example_branch_operator.py took 0.116 seconds
[2025-11-28T06:54:00.478+0000] {processor.py:161} INFO - Started process (PID=278) to work on /home/airflow/.local/lib/python3.8/site-packages/airflow/example_dags/example_branch_operator.py
[2025-11-28T06:54:00.479+0000] {processor.py:830} INFO - Processing file /home/airflow/.local/lib/python3.8/site-packages/airflow/example_dags/example_branch_operator.py for tasks to queue
[2025-11-28T06:54:00.482+0000] {logging_mixin.py:188} INFO - [2025-11-28T06:54:00.482+0000] {dagbag.py:538} INFO - Filling up the DagBag from /home/airflow/.local/lib/python3.8/site-packages/airflow/example_dags/example_branch_operator.py
[2025-11-28T06:54:00.500+0000] {processor.py:840} INFO - DAG(s) 'example_branch_operator' retrieved from /home/airflow/.local/lib/python3.8/site-packages/airflow/example_dags/example_branch_operator.py
[2025-11-28T06:54:00.523+0000] {logging_mixin.py:188} INFO - [2025-11-28T06:54:00.523+0000] {dag.py:3036} INFO - Sync 1 DAGs
[2025-11-28T06:54:00.538+0000] {logging_mixin.py:188} INFO - [2025-11-28T06:54:00.538+0000] {dag.py:3823} INFO - Setting next_dagrun for example_branch_operator to 2025-11-27 00:00:00+00:00, run_after=2025-11-28 00:00:00+00:00
[2025-11-28T06:54:00.560+0000] {processor.py:183} INFO - Processing /home/airflow/.local/lib/python3.8/site-packages/airflow/example_dags/example_branch_operator.py took 0.085 seconds
[2025-11-28T06:54:31.600+0000] {processor.py:161} INFO - Started process (PID=333) to work on /home/airflow/.local/lib/python3.8/site-packages/airflow/example_dags/example_branch_operator.py
[2025-11-28T06:54:31.602+0000] {processor.py:830} INFO - Processing file /home/airflow/.local/lib/python3.8/site-packages/airflow/example_dags/example_branch_operator.py for tasks to queue
[2025-11-28T06:54:31.604+0000] {logging_mixin.py:188} INFO - [2025-11-28T06:54:31.604+0000] {dagbag.py:538} INFO - Filling up the DagBag from /home/airflow/.local/lib/python3.8/site-packages/airflow/example_dags/example_branch_operator.py
[2025-11-28T06:54:31.620+0000] {processor.py:840} INFO - DAG(s) 'example_branch_operator' retrieved from /home/airflow/.local/lib/python3.8/site-packages/airflow/example_dags/example_branch_operator.py
[2025-11-28T06:54:31.650+0000] {logging_mixin.py:188} INFO - [2025-11-28T06:54:31.650+0000] {dag.py:3036} INFO - Sync 1 DAGs
[2025-11-28T06:54:31.676+0000] {logging_mixin.py:188} INFO - [2025-11-28T06:54:31.676+0000] {dag.py:3823} INFO - Setting next_dagrun for example_branch_operator to 2025-11-27 00:00:00+00:00, run_after=2025-11-28 00:00:00+00:00
[2025-11-28T06:54:31.697+0000] {processor.py:183} INFO - Processing /home/airflow/.local/lib/python3.8/site-packages/airflow/example_dags/example_branch_operator.py took 0.100 seconds
[2025-11-28T06:55:02.250+0000] {processor.py:161} INFO - Started process (PID=388) to work on /home/airflow/.local/lib/python3.8/site-packages/airflow/example_dags/example_branch_operator.py
[2025-11-28T06:55:02.252+0000] {processor.py:830} INFO - Processing file /home/airflow/.local/lib/python3.8/site-packages/airflow/example_dags/example_branch_operator.py for tasks to queue
[2025-11-28T06:55:02.254+0000] {logging_mixin.py:188} INFO - [2025-11-28T06:55:02.253+0000] {dagbag.py:538} INFO - Filling up the DagBag from /home/airflow/.local/lib/python3.8/site-packages/airflow/example_dags/example_branch_operator.py
[2025-11-28T06:55:02.272+0000] {processor.py:840} INFO - DAG(s) 'example_branch_operator' retrieved from /home/airflow/.local/lib/python3.8/site-packages/airflow/example_dags/example_branch_operator.py
[2025-11-28T06:55:02.285+0000] {logging_mixin.py:188} INFO - [2025-11-28T06:55:02.284+0000] {dag.py:3036} INFO - Sync 1 DAGs
[2025-11-28T06:55:02.308+0000] {logging_mixin.py:188} INFO - [2025-11-28T06:55:02.307+0000] {dag.py:3823} INFO - Setting next_dagrun for example_branch_operator to 2025-11-27 00:00:00+00:00, run_after=2025-11-28 00:00:00+00:00
[2025-11-28T06:55:02.328+0000] {processor.py:183} INFO - Processing /home/airflow/.local/lib/python3.8/site-packages/airflow/example_dags/example_branch_operator.py took 0.081 seconds
[2025-11-28T06:55:33.305+0000] {processor.py:161} INFO - Started process (PID=443) to work on /home/airflow/.local/lib/python3.8/site-packages/airflow/example_dags/example_branch_operator.py
[2025-11-28T06:55:33.307+0000] {processor.py:830} INFO - Processing file /home/airflow/.local/lib/python3.8/site-packages/airflow/example_dags/example_branch_operator.py for tasks to queue
[2025-11-28T06:55:33.309+0000] {logging_mixin.py:188} INFO - [2025-11-28T06:55:33.308+0000] {dagbag.py:538} INFO - Filling up the DagBag from /home/airflow/.local/lib/python3.8/site-packages/airflow/example_dags/example_branch_operator.py
[2025-11-28T06:55:33.323+0000] {processor.py:840} INFO - DAG(s) 'example_branch_operator' retrieved from /home/airflow/.local/lib/python3.8/site-packages/airflow/example_dags/example_branch_operator.py
[2025-11-28T06:55:33.404+0000] {logging_mixin.py:188} INFO - [2025-11-28T06:55:33.404+0000] {dag.py:3036} INFO - Sync 1 DAGs
[2025-11-28T06:55:33.425+0000] {logging_mixin.py:188} INFO - [2025-11-28T06:55:33.424+0000] {dag.py:3823} INFO - Setting next_dagrun for example_branch_operator to 2025-11-27 00:00:00+00:00, run_after=2025-11-28 00:00:00+00:00
[2025-11-28T06:55:33.446+0000] {processor.py:183} INFO - Processing /home/airflow/.local/lib/python3.8/site-packages/airflow/example_dags/example_branch_operator.py took 0.144 seconds
[2025-11-28T06:56:03.822+0000] {processor.py:161} INFO - Started process (PID=498) to work on /home/airflow/.local/lib/python3.8/site-packages/airflow/example_dags/example_branch_operator.py
[2025-11-28T06:56:03.823+0000] {processor.py:830} INFO - Processing file /home/airflow/.local/lib/python3.8/site-packages/airflow/example_dags/example_branch_operator.py for tasks to queue
[2025-11-28T06:56:03.825+0000] {logging_mixin.py:188} INFO - [2025-11-28T06:56:03.825+0000] {dagbag.py:538} INFO - Filling up the DagBag from /home/airflow/.local/lib/python3.8/site-packages/airflow/example_dags/example_branch_operator.py
[2025-11-28T06:56:03.839+0000] {processor.py:840} INFO - DAG(s) 'example_branch_operator' retrieved from /home/airflow/.local/lib/python3.8/site-packages/airflow/example_dags/example_branch_operator.py
[2025-11-28T06:56:03.866+0000] {logging_mixin.py:188} INFO - [2025-11-28T06:56:03.866+0000] {dag.py:3036} INFO - Sync 1 DAGs
[2025-11-28T06:56:03.887+0000] {logging_mixin.py:188} INFO - [2025-11-28T06:56:03.887+0000] {dag.py:3823} INFO - Setting next_dagrun for example_branch_operator to 2025-11-27 00:00:00+00:00, run_after=2025-11-28 00:00:00+00:00
[2025-11-28T06:56:03.903+0000] {processor.py:183} INFO - Processing /home/airflow/.local/lib/python3.8/site-packages/airflow/example_dags/example_branch_operator.py took 0.083 seconds
[2025-11-28T06:56:34.133+0000] {processor.py:161} INFO - Started process (PID=553) to work on /home/airflow/.local/lib/python3.8/site-packages/airflow/example_dags/example_branch_operator.py
[2025-11-28T06:56:34.134+0000] {processor.py:830} INFO - Processing file /home/airflow/.local/lib/python3.8/site-packages/airflow/example_dags/example_branch_operator.py for tasks to queue
[2025-11-28T06:56:34.137+0000] {logging_mixin.py:188} INFO - [2025-11-28T06:56:34.136+0000] {dagbag.py:538} INFO - Filling up the DagBag from /home/airflow/.local/lib/python3.8/site-packages/airflow/example_dags/example_branch_operator.py
[2025-11-28T06:56:34.150+0000] {processor.py:840} INFO - DAG(s) 'example_branch_operator' retrieved from /home/airflow/.local/lib/python3.8/site-packages/airflow/example_dags/example_branch_operator.py
[2025-11-28T06:56:34.170+0000] {logging_mixin.py:188} INFO - [2025-11-28T06:56:34.169+0000] {dag.py:3036} INFO - Sync 1 DAGs
[2025-11-28T06:56:34.185+0000] {logging_mixin.py:188} INFO - [2025-11-28T06:56:34.185+0000] {dag.py:3823} INFO - Setting next_dagrun for example_branch_operator to 2025-11-27 00:00:00+00:00, run_after=2025-11-28 00:00:00+00:00
[2025-11-28T06:56:34.204+0000] {processor.py:183} INFO - Processing /home/airflow/.local/lib/python3.8/site-packages/airflow/example_dags/example_branch_operator.py took 0.074 seconds
[2025-11-28T06:57:04.646+0000] {processor.py:161} INFO - Started process (PID=608) to work on /home/airflow/.local/lib/python3.8/site-packages/airflow/example_dags/example_branch_operator.py
[2025-11-28T06:57:04.648+0000] {processor.py:830} INFO - Processing file /home/airflow/.local/lib/python3.8/site-packages/airflow/example_dags/example_branch_operator.py for tasks to queue
[2025-11-28T06:57:04.651+0000] {logging_mixin.py:188} INFO - [2025-11-28T06:57:04.650+0000] {dagbag.py:538} INFO - Filling up the DagBag from /home/airflow/.local/lib/python3.8/site-packages/airflow/example_dags/example_branch_operator.py
[2025-11-28T06:57:04.669+0000] {processor.py:840} INFO - DAG(s) 'example_branch_operator' retrieved from /home/airflow/.local/lib/python3.8/site-packages/airflow/example_dags/example_branch_operator.py
[2025-11-28T06:57:04.693+0000] {logging_mixin.py:188} INFO - [2025-11-28T06:57:04.693+0000] {dag.py:3036} INFO - Sync 1 DAGs
[2025-11-28T06:57:04.709+0000] {logging_mixin.py:188} INFO - [2025-11-28T06:57:04.708+0000] {dag.py:3823} INFO - Setting next_dagrun for example_branch_operator to 2025-11-27 00:00:00+00:00, run_after=2025-11-28 00:00:00+00:00
[2025-11-28T06:57:04.732+0000] {processor.py:183} INFO - Processing /home/airflow/.local/lib/python3.8/site-packages/airflow/example_dags/example_branch_operator.py took 0.091 seconds
[2025-11-28T06:57:35.221+0000] {processor.py:161} INFO - Started process (PID=663) to work on /home/airflow/.local/lib/python3.8/site-packages/airflow/example_dags/example_branch_operator.py
[2025-11-28T06:57:35.224+0000] {processor.py:830} INFO - Processing file /home/airflow/.local/lib/python3.8/site-packages/airflow/example_dags/example_branch_operator.py for tasks to queue
[2025-11-28T06:57:35.228+0000] {logging_mixin.py:188} INFO - [2025-11-28T06:57:35.227+0000] {dagbag.py:538} INFO - Filling up the DagBag from /home/airflow/.local/lib/python3.8/site-packages/airflow/example_dags/example_branch_operator.py
[2025-11-28T06:57:35.243+0000] {processor.py:840} INFO - DAG(s) 'example_branch_operator' retrieved from /home/airflow/.local/lib/python3.8/site-packages/airflow/example_dags/example_branch_operator.py
[2025-11-28T06:57:35.262+0000] {logging_mixin.py:188} INFO - [2025-11-28T06:57:35.262+0000] {dag.py:3036} INFO - Sync 1 DAGs
[2025-11-28T06:57:35.276+0000] {logging_mixin.py:188} INFO - [2025-11-28T06:57:35.276+0000] {dag.py:3823} INFO - Setting next_dagrun for example_branch_operator to 2025-11-27 00:00:00+00:00, run_after=2025-11-28 00:00:00+00:00
[2025-11-28T06:57:35.291+0000] {processor.py:183} INFO - Processing /home/airflow/.local/lib/python3.8/site-packages/airflow/example_dags/example_branch_operator.py took 0.078 seconds
[2025-11-28T06:58:06.282+0000] {processor.py:161} INFO - Started process (PID=718) to work on /home/airflow/.local/lib/python3.8/site-packages/airflow/example_dags/example_branch_operator.py
[2025-11-28T06:58:06.284+0000] {processor.py:830} INFO - Processing file /home/airflow/.local/lib/python3.8/site-packages/airflow/example_dags/example_branch_operator.py for tasks to queue
[2025-11-28T06:58:06.286+0000] {logging_mixin.py:188} INFO - [2025-11-28T06:58:06.285+0000] {dagbag.py:538} INFO - Filling up the DagBag from /home/airflow/.local/lib/python3.8/site-packages/airflow/example_dags/example_branch_operator.py
[2025-11-28T06:58:06.301+0000] {processor.py:840} INFO - DAG(s) 'example_branch_operator' retrieved from /home/airflow/.local/lib/python3.8/site-packages/airflow/example_dags/example_branch_operator.py
[2025-11-28T06:58:06.328+0000] {logging_mixin.py:188} INFO - [2025-11-28T06:58:06.328+0000] {dag.py:3036} INFO - Sync 1 DAGs
[2025-11-28T06:58:06.357+0000] {logging_mixin.py:188} INFO - [2025-11-28T06:58:06.356+0000] {dag.py:3823} INFO - Setting next_dagrun for example_branch_operator to 2025-11-27 00:00:00+00:00, run_after=2025-11-28 00:00:00+00:00
[2025-11-28T06:58:06.377+0000] {processor.py:183} INFO - Processing /home/airflow/.local/lib/python3.8/site-packages/airflow/example_dags/example_branch_operator.py took 0.098 seconds
[2025-11-28T06:58:36.459+0000] {processor.py:161} INFO - Started process (PID=773) to work on /home/airflow/.local/lib/python3.8/site-packages/airflow/example_dags/example_branch_operator.py
[2025-11-28T06:58:36.460+0000] {processor.py:830} INFO - Processing file /home/airflow/.local/lib/python3.8/site-packages/airflow/example_dags/example_branch_operator.py for tasks to queue
[2025-11-28T06:58:36.462+0000] {logging_mixin.py:188} INFO - [2025-11-28T06:58:36.462+0000] {dagbag.py:538} INFO - Filling up the DagBag from /home/airflow/.local/lib/python3.8/site-packages/airflow/example_dags/example_branch_operator.py
[2025-11-28T06:58:36.479+0000] {processor.py:840} INFO - DAG(s) 'example_branch_operator' retrieved from /home/airflow/.local/lib/python3.8/site-packages/airflow/example_dags/example_branch_operator.py
[2025-11-28T06:58:36.499+0000] {logging_mixin.py:188} INFO - [2025-11-28T06:58:36.499+0000] {dag.py:3036} INFO - Sync 1 DAGs
[2025-11-28T06:58:36.517+0000] {logging_mixin.py:188} INFO - [2025-11-28T06:58:36.517+0000] {dag.py:3823} INFO - Setting next_dagrun for example_branch_operator to 2025-11-27 00:00:00+00:00, run_after=2025-11-28 00:00:00+00:00
[2025-11-28T06:58:36.539+0000] {processor.py:183} INFO - Processing /home/airflow/.local/lib/python3.8/site-packages/airflow/example_dags/example_branch_operator.py took 0.082 seconds
[2025-11-28T06:59:07.270+0000] {processor.py:161} INFO - Started process (PID=828) to work on /home/airflow/.local/lib/python3.8/site-packages/airflow/example_dags/example_branch_operator.py
[2025-11-28T06:59:07.272+0000] {processor.py:830} INFO - Processing file /home/airflow/.local/lib/python3.8/site-packages/airflow/example_dags/example_branch_operator.py for tasks to queue
[2025-11-28T06:59:07.274+0000] {logging_mixin.py:188} INFO - [2025-11-28T06:59:07.274+0000] {dagbag.py:538} INFO - Filling up the DagBag from /home/airflow/.local/lib/python3.8/site-packages/airflow/example_dags/example_branch_operator.py
[2025-11-28T06:59:07.288+0000] {processor.py:840} INFO - DAG(s) 'example_branch_operator' retrieved from /home/airflow/.local/lib/python3.8/site-packages/airflow/example_dags/example_branch_operator.py
[2025-11-28T06:59:07.318+0000] {logging_mixin.py:188} INFO - [2025-11-28T06:59:07.318+0000] {dag.py:3036} INFO - Sync 1 DAGs
[2025-11-28T06:59:07.335+0000] {logging_mixin.py:188} INFO - [2025-11-28T06:59:07.335+0000] {dag.py:3823} INFO - Setting next_dagrun for example_branch_operator to 2025-11-27 00:00:00+00:00, run_after=2025-11-28 00:00:00+00:00
[2025-11-28T06:59:07.353+0000] {processor.py:183} INFO - Processing /home/airflow/.local/lib/python3.8/site-packages/airflow/example_dags/example_branch_operator.py took 0.086 seconds
[2025-11-28T06:59:37.783+0000] {processor.py:161} INFO - Started process (PID=883) to work on /home/airflow/.local/lib/python3.8/site-packages/airflow/example_dags/example_branch_operator.py
[2025-11-28T06:59:37.784+0000] {processor.py:830} INFO - Processing file /home/airflow/.local/lib/python3.8/site-packages/airflow/example_dags/example_branch_operator.py for tasks to queue
[2025-11-28T06:59:37.787+0000] {logging_mixin.py:188} INFO - [2025-11-28T06:59:37.786+0000] {dagbag.py:538} INFO - Filling up the DagBag from /home/airflow/.local/lib/python3.8/site-packages/airflow/example_dags/example_branch_operator.py
[2025-11-28T06:59:37.802+0000] {processor.py:840} INFO - DAG(s) 'example_branch_operator' retrieved from /home/airflow/.local/lib/python3.8/site-packages/airflow/example_dags/example_branch_operator.py
[2025-11-28T06:59:37.833+0000] {logging_mixin.py:188} INFO - [2025-11-28T06:59:37.832+0000] {dag.py:3036} INFO - Sync 1 DAGs
[2025-11-28T06:59:37.860+0000] {logging_mixin.py:188} INFO - [2025-11-28T06:59:37.859+0000] {dag.py:3823} INFO - Setting next_dagrun for example_branch_operator to 2025-11-27 00:00:00+00:00, run_after=2025-11-28 00:00:00+00:00
[2025-11-28T06:59:37.907+0000] {processor.py:183} INFO - Processing /home/airflow/.local/lib/python3.8/site-packages/airflow/example_dags/example_branch_operator.py took 0.128 seconds
[2025-11-28T07:00:09.807+0000] {processor.py:161} INFO - Started process (PID=938) to work on /home/airflow/.local/lib/python3.8/site-packages/airflow/example_dags/example_branch_operator.py
[2025-11-28T07:00:09.809+0000] {processor.py:830} INFO - Processing file /home/airflow/.local/lib/python3.8/site-packages/airflow/example_dags/example_branch_operator.py for tasks to queue
[2025-11-28T07:00:09.821+0000] {logging_mixin.py:188} INFO - [2025-11-28T07:00:09.820+0000] {dagbag.py:538} INFO - Filling up the DagBag from /home/airflow/.local/lib/python3.8/site-packages/airflow/example_dags/example_branch_operator.py
[2025-11-28T07:00:09.843+0000] {processor.py:840} INFO - DAG(s) 'example_branch_operator' retrieved from /home/airflow/.local/lib/python3.8/site-packages/airflow/example_dags/example_branch_operator.py
[2025-11-28T07:00:09.894+0000] {logging_mixin.py:188} INFO - [2025-11-28T07:00:09.894+0000] {dag.py:3036} INFO - Sync 1 DAGs
[2025-11-28T07:00:09.948+0000] {logging_mixin.py:188} INFO - [2025-11-28T07:00:09.947+0000] {dag.py:3823} INFO - Setting next_dagrun for example_branch_operator to 2025-11-27 00:00:00+00:00, run_after=2025-11-28 00:00:00+00:00
[2025-11-28T07:00:09.977+0000] {processor.py:183} INFO - Processing /home/airflow/.local/lib/python3.8/site-packages/airflow/example_dags/example_branch_operator.py took 0.176 seconds
[2025-11-28T07:00:42.152+0000] {processor.py:161} INFO - Started process (PID=993) to work on /home/airflow/.local/lib/python3.8/site-packages/airflow/example_dags/example_branch_operator.py
[2025-11-28T07:00:42.161+0000] {processor.py:830} INFO - Processing file /home/airflow/.local/lib/python3.8/site-packages/airflow/example_dags/example_branch_operator.py for tasks to queue
[2025-11-28T07:00:42.164+0000] {logging_mixin.py:188} INFO - [2025-11-28T07:00:42.164+0000] {dagbag.py:538} INFO - Filling up the DagBag from /home/airflow/.local/lib/python3.8/site-packages/airflow/example_dags/example_branch_operator.py
[2025-11-28T07:00:42.195+0000] {processor.py:840} INFO - DAG(s) 'example_branch_operator' retrieved from /home/airflow/.local/lib/python3.8/site-packages/airflow/example_dags/example_branch_operator.py
[2025-11-28T07:00:42.275+0000] {logging_mixin.py:188} INFO - [2025-11-28T07:00:42.274+0000] {dag.py:3036} INFO - Sync 1 DAGs
[2025-11-28T07:00:42.308+0000] {logging_mixin.py:188} INFO - [2025-11-28T07:00:42.308+0000] {dag.py:3823} INFO - Setting next_dagrun for example_branch_operator to 2025-11-27 00:00:00+00:00, run_after=2025-11-28 00:00:00+00:00
[2025-11-28T07:00:42.339+0000] {processor.py:183} INFO - Processing /home/airflow/.local/lib/python3.8/site-packages/airflow/example_dags/example_branch_operator.py took 0.191 seconds
[2025-11-28T07:01:12.486+0000] {processor.py:161} INFO - Started process (PID=1049) to work on /home/airflow/.local/lib/python3.8/site-packages/airflow/example_dags/example_branch_operator.py
[2025-11-28T07:01:12.487+0000] {processor.py:830} INFO - Processing file /home/airflow/.local/lib/python3.8/site-packages/airflow/example_dags/example_branch_operator.py for tasks to queue
[2025-11-28T07:01:12.489+0000] {logging_mixin.py:188} INFO - [2025-11-28T07:01:12.489+0000] {dagbag.py:538} INFO - Filling up the DagBag from /home/airflow/.local/lib/python3.8/site-packages/airflow/example_dags/example_branch_operator.py
[2025-11-28T07:01:12.512+0000] {processor.py:840} INFO - DAG(s) 'example_branch_operator' retrieved from /home/airflow/.local/lib/python3.8/site-packages/airflow/example_dags/example_branch_operator.py
[2025-11-28T07:01:12.551+0000] {logging_mixin.py:188} INFO - [2025-11-28T07:01:12.550+0000] {dag.py:3036} INFO - Sync 1 DAGs
[2025-11-28T07:01:12.587+0000] {logging_mixin.py:188} INFO - [2025-11-28T07:01:12.587+0000] {dag.py:3823} INFO - Setting next_dagrun for example_branch_operator to 2025-11-27 00:00:00+00:00, run_after=2025-11-28 00:00:00+00:00
[2025-11-28T07:01:12.632+0000] {processor.py:183} INFO - Processing /home/airflow/.local/lib/python3.8/site-packages/airflow/example_dags/example_branch_operator.py took 0.149 seconds
[2025-11-28T07:01:42.838+0000] {processor.py:161} INFO - Started process (PID=1102) to work on /home/airflow/.local/lib/python3.8/site-packages/airflow/example_dags/example_branch_operator.py
[2025-11-28T07:01:42.842+0000] {processor.py:830} INFO - Processing file /home/airflow/.local/lib/python3.8/site-packages/airflow/example_dags/example_branch_operator.py for tasks to queue
[2025-11-28T07:01:42.844+0000] {logging_mixin.py:188} INFO - [2025-11-28T07:01:42.844+0000] {dagbag.py:538} INFO - Filling up the DagBag from /home/airflow/.local/lib/python3.8/site-packages/airflow/example_dags/example_branch_operator.py
[2025-11-28T07:01:42.862+0000] {processor.py:840} INFO - DAG(s) 'example_branch_operator' retrieved from /home/airflow/.local/lib/python3.8/site-packages/airflow/example_dags/example_branch_operator.py
[2025-11-28T07:01:42.898+0000] {logging_mixin.py:188} INFO - [2025-11-28T07:01:42.898+0000] {dag.py:3036} INFO - Sync 1 DAGs
[2025-11-28T07:01:42.930+0000] {logging_mixin.py:188} INFO - [2025-11-28T07:01:42.930+0000] {dag.py:3823} INFO - Setting next_dagrun for example_branch_operator to 2025-11-27 00:00:00+00:00, run_after=2025-11-28 00:00:00+00:00
[2025-11-28T07:01:42.960+0000] {processor.py:183} INFO - Processing /home/airflow/.local/lib/python3.8/site-packages/airflow/example_dags/example_branch_operator.py took 0.128 seconds
[2025-11-28T07:02:13.189+0000] {processor.py:161} INFO - Started process (PID=1157) to work on /home/airflow/.local/lib/python3.8/site-packages/airflow/example_dags/example_branch_operator.py
[2025-11-28T07:02:13.190+0000] {processor.py:830} INFO - Processing file /home/airflow/.local/lib/python3.8/site-packages/airflow/example_dags/example_branch_operator.py for tasks to queue
[2025-11-28T07:02:13.193+0000] {logging_mixin.py:188} INFO - [2025-11-28T07:02:13.192+0000] {dagbag.py:538} INFO - Filling up the DagBag from /home/airflow/.local/lib/python3.8/site-packages/airflow/example_dags/example_branch_operator.py
[2025-11-28T07:02:13.212+0000] {processor.py:840} INFO - DAG(s) 'example_branch_operator' retrieved from /home/airflow/.local/lib/python3.8/site-packages/airflow/example_dags/example_branch_operator.py
[2025-11-28T07:02:13.237+0000] {logging_mixin.py:188} INFO - [2025-11-28T07:02:13.237+0000] {dag.py:3036} INFO - Sync 1 DAGs
[2025-11-28T07:02:13.257+0000] {logging_mixin.py:188} INFO - [2025-11-28T07:02:13.256+0000] {dag.py:3823} INFO - Setting next_dagrun for example_branch_operator to 2025-11-27 00:00:00+00:00, run_after=2025-11-28 00:00:00+00:00
[2025-11-28T07:02:13.282+0000] {processor.py:183} INFO - Processing /home/airflow/.local/lib/python3.8/site-packages/airflow/example_dags/example_branch_operator.py took 0.096 seconds
[2025-11-28T07:02:43.418+0000] {processor.py:161} INFO - Started process (PID=1211) to work on /home/airflow/.local/lib/python3.8/site-packages/airflow/example_dags/example_branch_operator.py
[2025-11-28T07:02:43.419+0000] {processor.py:830} INFO - Processing file /home/airflow/.local/lib/python3.8/site-packages/airflow/example_dags/example_branch_operator.py for tasks to queue
[2025-11-28T07:02:43.421+0000] {logging_mixin.py:188} INFO - [2025-11-28T07:02:43.421+0000] {dagbag.py:538} INFO - Filling up the DagBag from /home/airflow/.local/lib/python3.8/site-packages/airflow/example_dags/example_branch_operator.py
[2025-11-28T07:02:43.436+0000] {processor.py:840} INFO - DAG(s) 'example_branch_operator' retrieved from /home/airflow/.local/lib/python3.8/site-packages/airflow/example_dags/example_branch_operator.py
[2025-11-28T07:02:43.459+0000] {logging_mixin.py:188} INFO - [2025-11-28T07:02:43.459+0000] {dag.py:3036} INFO - Sync 1 DAGs
[2025-11-28T07:02:43.480+0000] {logging_mixin.py:188} INFO - [2025-11-28T07:02:43.479+0000] {dag.py:3823} INFO - Setting next_dagrun for example_branch_operator to 2025-11-27 00:00:00+00:00, run_after=2025-11-28 00:00:00+00:00
[2025-11-28T07:02:43.495+0000] {processor.py:183} INFO - Processing /home/airflow/.local/lib/python3.8/site-packages/airflow/example_dags/example_branch_operator.py took 0.080 seconds
[2025-11-28T07:03:14.479+0000] {processor.py:161} INFO - Started process (PID=1267) to work on /home/airflow/.local/lib/python3.8/site-packages/airflow/example_dags/example_branch_operator.py
[2025-11-28T07:03:14.482+0000] {processor.py:830} INFO - Processing file /home/airflow/.local/lib/python3.8/site-packages/airflow/example_dags/example_branch_operator.py for tasks to queue
[2025-11-28T07:03:14.488+0000] {logging_mixin.py:188} INFO - [2025-11-28T07:03:14.487+0000] {dagbag.py:538} INFO - Filling up the DagBag from /home/airflow/.local/lib/python3.8/site-packages/airflow/example_dags/example_branch_operator.py
[2025-11-28T07:03:14.517+0000] {processor.py:840} INFO - DAG(s) 'example_branch_operator' retrieved from /home/airflow/.local/lib/python3.8/site-packages/airflow/example_dags/example_branch_operator.py
[2025-11-28T07:03:14.575+0000] {logging_mixin.py:188} INFO - [2025-11-28T07:03:14.574+0000] {dag.py:3036} INFO - Sync 1 DAGs
[2025-11-28T07:03:14.632+0000] {logging_mixin.py:188} INFO - [2025-11-28T07:03:14.632+0000] {dag.py:3823} INFO - Setting next_dagrun for example_branch_operator to 2025-11-27 00:00:00+00:00, run_after=2025-11-28 00:00:00+00:00
[2025-11-28T07:03:14.672+0000] {processor.py:183} INFO - Processing /home/airflow/.local/lib/python3.8/site-packages/airflow/example_dags/example_branch_operator.py took 0.203 seconds
[2025-11-28T07:03:45.044+0000] {processor.py:161} INFO - Started process (PID=1322) to work on /home/airflow/.local/lib/python3.8/site-packages/airflow/example_dags/example_branch_operator.py
[2025-11-28T07:03:45.046+0000] {processor.py:830} INFO - Processing file /home/airflow/.local/lib/python3.8/site-packages/airflow/example_dags/example_branch_operator.py for tasks to queue
[2025-11-28T07:03:45.054+0000] {logging_mixin.py:188} INFO - [2025-11-28T07:03:45.053+0000] {dagbag.py:538} INFO - Filling up the DagBag from /home/airflow/.local/lib/python3.8/site-packages/airflow/example_dags/example_branch_operator.py
[2025-11-28T07:03:45.073+0000] {processor.py:840} INFO - DAG(s) 'example_branch_operator' retrieved from /home/airflow/.local/lib/python3.8/site-packages/airflow/example_dags/example_branch_operator.py
[2025-11-28T07:03:45.115+0000] {logging_mixin.py:188} INFO - [2025-11-28T07:03:45.115+0000] {dag.py:3036} INFO - Sync 1 DAGs
[2025-11-28T07:03:45.153+0000] {logging_mixin.py:188} INFO - [2025-11-28T07:03:45.152+0000] {dag.py:3823} INFO - Setting next_dagrun for example_branch_operator to 2025-11-27 00:00:00+00:00, run_after=2025-11-28 00:00:00+00:00
[2025-11-28T07:03:45.199+0000] {processor.py:183} INFO - Processing /home/airflow/.local/lib/python3.8/site-packages/airflow/example_dags/example_branch_operator.py took 0.158 seconds
[2025-11-28T07:04:15.255+0000] {processor.py:161} INFO - Started process (PID=1377) to work on /home/airflow/.local/lib/python3.8/site-packages/airflow/example_dags/example_branch_operator.py
[2025-11-28T07:04:15.257+0000] {processor.py:830} INFO - Processing file /home/airflow/.local/lib/python3.8/site-packages/airflow/example_dags/example_branch_operator.py for tasks to queue
[2025-11-28T07:04:15.259+0000] {logging_mixin.py:188} INFO - [2025-11-28T07:04:15.259+0000] {dagbag.py:538} INFO - Filling up the DagBag from /home/airflow/.local/lib/python3.8/site-packages/airflow/example_dags/example_branch_operator.py
[2025-11-28T07:04:15.276+0000] {processor.py:840} INFO - DAG(s) 'example_branch_operator' retrieved from /home/airflow/.local/lib/python3.8/site-packages/airflow/example_dags/example_branch_operator.py
[2025-11-28T07:04:15.304+0000] {logging_mixin.py:188} INFO - [2025-11-28T07:04:15.304+0000] {dag.py:3036} INFO - Sync 1 DAGs
[2025-11-28T07:04:15.326+0000] {logging_mixin.py:188} INFO - [2025-11-28T07:04:15.325+0000] {dag.py:3823} INFO - Setting next_dagrun for example_branch_operator to 2025-11-27 00:00:00+00:00, run_after=2025-11-28 00:00:00+00:00
[2025-11-28T07:04:15.345+0000] {processor.py:183} INFO - Processing /home/airflow/.local/lib/python3.8/site-packages/airflow/example_dags/example_branch_operator.py took 0.094 seconds
[2025-11-28T07:04:45.473+0000] {processor.py:161} INFO - Started process (PID=1433) to work on /home/airflow/.local/lib/python3.8/site-packages/airflow/example_dags/example_branch_operator.py
[2025-11-28T07:04:45.474+0000] {processor.py:830} INFO - Processing file /home/airflow/.local/lib/python3.8/site-packages/airflow/example_dags/example_branch_operator.py for tasks to queue
[2025-11-28T07:04:45.477+0000] {logging_mixin.py:188} INFO - [2025-11-28T07:04:45.476+0000] {dagbag.py:538} INFO - Filling up the DagBag from /home/airflow/.local/lib/python3.8/site-packages/airflow/example_dags/example_branch_operator.py
[2025-11-28T07:04:45.490+0000] {processor.py:840} INFO - DAG(s) 'example_branch_operator' retrieved from /home/airflow/.local/lib/python3.8/site-packages/airflow/example_dags/example_branch_operator.py
[2025-11-28T07:04:45.512+0000] {logging_mixin.py:188} INFO - [2025-11-28T07:04:45.512+0000] {dag.py:3036} INFO - Sync 1 DAGs
[2025-11-28T07:04:45.534+0000] {logging_mixin.py:188} INFO - [2025-11-28T07:04:45.533+0000] {dag.py:3823} INFO - Setting next_dagrun for example_branch_operator to 2025-11-27 00:00:00+00:00, run_after=2025-11-28 00:00:00+00:00
[2025-11-28T07:04:45.554+0000] {processor.py:183} INFO - Processing /home/airflow/.local/lib/python3.8/site-packages/airflow/example_dags/example_branch_operator.py took 0.084 seconds
[2025-11-28T07:05:15.977+0000] {processor.py:161} INFO - Started process (PID=1488) to work on /home/airflow/.local/lib/python3.8/site-packages/airflow/example_dags/example_branch_operator.py
[2025-11-28T07:05:15.978+0000] {processor.py:830} INFO - Processing file /home/airflow/.local/lib/python3.8/site-packages/airflow/example_dags/example_branch_operator.py for tasks to queue
[2025-11-28T07:05:15.980+0000] {logging_mixin.py:188} INFO - [2025-11-28T07:05:15.980+0000] {dagbag.py:538} INFO - Filling up the DagBag from /home/airflow/.local/lib/python3.8/site-packages/airflow/example_dags/example_branch_operator.py
[2025-11-28T07:05:15.995+0000] {processor.py:840} INFO - DAG(s) 'example_branch_operator' retrieved from /home/airflow/.local/lib/python3.8/site-packages/airflow/example_dags/example_branch_operator.py
[2025-11-28T07:05:16.025+0000] {logging_mixin.py:188} INFO - [2025-11-28T07:05:16.025+0000] {dag.py:3036} INFO - Sync 1 DAGs
[2025-11-28T07:05:16.056+0000] {logging_mixin.py:188} INFO - [2025-11-28T07:05:16.055+0000] {dag.py:3823} INFO - Setting next_dagrun for example_branch_operator to 2025-11-27 00:00:00+00:00, run_after=2025-11-28 00:00:00+00:00
[2025-11-28T07:05:16.070+0000] {processor.py:183} INFO - Processing /home/airflow/.local/lib/python3.8/site-packages/airflow/example_dags/example_branch_operator.py took 0.095 seconds
[2025-11-28T07:05:46.383+0000] {processor.py:161} INFO - Started process (PID=1543) to work on /home/airflow/.local/lib/python3.8/site-packages/airflow/example_dags/example_branch_operator.py
[2025-11-28T07:05:46.384+0000] {processor.py:830} INFO - Processing file /home/airflow/.local/lib/python3.8/site-packages/airflow/example_dags/example_branch_operator.py for tasks to queue
[2025-11-28T07:05:46.387+0000] {logging_mixin.py:188} INFO - [2025-11-28T07:05:46.386+0000] {dagbag.py:538} INFO - Filling up the DagBag from /home/airflow/.local/lib/python3.8/site-packages/airflow/example_dags/example_branch_operator.py
[2025-11-28T07:05:46.400+0000] {processor.py:840} INFO - DAG(s) 'example_branch_operator' retrieved from /home/airflow/.local/lib/python3.8/site-packages/airflow/example_dags/example_branch_operator.py
[2025-11-28T07:05:46.426+0000] {logging_mixin.py:188} INFO - [2025-11-28T07:05:46.425+0000] {dag.py:3036} INFO - Sync 1 DAGs
[2025-11-28T07:05:46.447+0000] {logging_mixin.py:188} INFO - [2025-11-28T07:05:46.447+0000] {dag.py:3823} INFO - Setting next_dagrun for example_branch_operator to 2025-11-27 00:00:00+00:00, run_after=2025-11-28 00:00:00+00:00
[2025-11-28T07:05:46.466+0000] {processor.py:183} INFO - Processing /home/airflow/.local/lib/python3.8/site-packages/airflow/example_dags/example_branch_operator.py took 0.087 seconds
[2025-11-28T07:06:17.389+0000] {processor.py:161} INFO - Started process (PID=1598) to work on /home/airflow/.local/lib/python3.8/site-packages/airflow/example_dags/example_branch_operator.py
[2025-11-28T07:06:17.390+0000] {processor.py:830} INFO - Processing file /home/airflow/.local/lib/python3.8/site-packages/airflow/example_dags/example_branch_operator.py for tasks to queue
[2025-11-28T07:06:17.393+0000] {logging_mixin.py:188} INFO - [2025-11-28T07:06:17.392+0000] {dagbag.py:538} INFO - Filling up the DagBag from /home/airflow/.local/lib/python3.8/site-packages/airflow/example_dags/example_branch_operator.py
[2025-11-28T07:06:17.418+0000] {processor.py:840} INFO - DAG(s) 'example_branch_operator' retrieved from /home/airflow/.local/lib/python3.8/site-packages/airflow/example_dags/example_branch_operator.py
[2025-11-28T07:06:17.452+0000] {logging_mixin.py:188} INFO - [2025-11-28T07:06:17.452+0000] {dag.py:3036} INFO - Sync 1 DAGs
[2025-11-28T07:06:17.474+0000] {logging_mixin.py:188} INFO - [2025-11-28T07:06:17.474+0000] {dag.py:3823} INFO - Setting next_dagrun for example_branch_operator to 2025-11-27 00:00:00+00:00, run_after=2025-11-28 00:00:00+00:00
[2025-11-28T07:06:17.493+0000] {processor.py:183} INFO - Processing /home/airflow/.local/lib/python3.8/site-packages/airflow/example_dags/example_branch_operator.py took 0.107 seconds
[2025-11-28T07:06:47.648+0000] {processor.py:161} INFO - Started process (PID=1653) to work on /home/airflow/.local/lib/python3.8/site-packages/airflow/example_dags/example_branch_operator.py
[2025-11-28T07:06:47.650+0000] {processor.py:830} INFO - Processing file /home/airflow/.local/lib/python3.8/site-packages/airflow/example_dags/example_branch_operator.py for tasks to queue
[2025-11-28T07:06:47.652+0000] {logging_mixin.py:188} INFO - [2025-11-28T07:06:47.652+0000] {dagbag.py:538} INFO - Filling up the DagBag from /home/airflow/.local/lib/python3.8/site-packages/airflow/example_dags/example_branch_operator.py
[2025-11-28T07:06:47.668+0000] {processor.py:840} INFO - DAG(s) 'example_branch_operator' retrieved from /home/airflow/.local/lib/python3.8/site-packages/airflow/example_dags/example_branch_operator.py
[2025-11-28T07:06:47.703+0000] {logging_mixin.py:188} INFO - [2025-11-28T07:06:47.702+0000] {dag.py:3036} INFO - Sync 1 DAGs
[2025-11-28T07:06:47.720+0000] {logging_mixin.py:188} INFO - [2025-11-28T07:06:47.720+0000] {dag.py:3823} INFO - Setting next_dagrun for example_branch_operator to 2025-11-27 00:00:00+00:00, run_after=2025-11-28 00:00:00+00:00
[2025-11-28T07:06:47.735+0000] {processor.py:183} INFO - Processing /home/airflow/.local/lib/python3.8/site-packages/airflow/example_dags/example_branch_operator.py took 0.090 seconds
[2025-11-28T07:07:18.287+0000] {processor.py:161} INFO - Started process (PID=1708) to work on /home/airflow/.local/lib/python3.8/site-packages/airflow/example_dags/example_branch_operator.py
[2025-11-28T07:07:18.289+0000] {processor.py:830} INFO - Processing file /home/airflow/.local/lib/python3.8/site-packages/airflow/example_dags/example_branch_operator.py for tasks to queue
[2025-11-28T07:07:18.290+0000] {logging_mixin.py:188} INFO - [2025-11-28T07:07:18.290+0000] {dagbag.py:538} INFO - Filling up the DagBag from /home/airflow/.local/lib/python3.8/site-packages/airflow/example_dags/example_branch_operator.py
[2025-11-28T07:07:18.304+0000] {processor.py:840} INFO - DAG(s) 'example_branch_operator' retrieved from /home/airflow/.local/lib/python3.8/site-packages/airflow/example_dags/example_branch_operator.py
[2025-11-28T07:07:18.341+0000] {logging_mixin.py:188} INFO - [2025-11-28T07:07:18.340+0000] {dag.py:3036} INFO - Sync 1 DAGs
[2025-11-28T07:07:18.372+0000] {logging_mixin.py:188} INFO - [2025-11-28T07:07:18.371+0000] {dag.py:3823} INFO - Setting next_dagrun for example_branch_operator to 2025-11-27 00:00:00+00:00, run_after=2025-11-28 00:00:00+00:00
[2025-11-28T07:07:18.398+0000] {processor.py:183} INFO - Processing /home/airflow/.local/lib/python3.8/site-packages/airflow/example_dags/example_branch_operator.py took 0.114 seconds
[2025-11-28T07:07:48.934+0000] {processor.py:161} INFO - Started process (PID=1763) to work on /home/airflow/.local/lib/python3.8/site-packages/airflow/example_dags/example_branch_operator.py
[2025-11-28T07:07:48.937+0000] {processor.py:830} INFO - Processing file /home/airflow/.local/lib/python3.8/site-packages/airflow/example_dags/example_branch_operator.py for tasks to queue
[2025-11-28T07:07:48.944+0000] {logging_mixin.py:188} INFO - [2025-11-28T07:07:48.943+0000] {dagbag.py:538} INFO - Filling up the DagBag from /home/airflow/.local/lib/python3.8/site-packages/airflow/example_dags/example_branch_operator.py
[2025-11-28T07:07:48.971+0000] {processor.py:840} INFO - DAG(s) 'example_branch_operator' retrieved from /home/airflow/.local/lib/python3.8/site-packages/airflow/example_dags/example_branch_operator.py
[2025-11-28T07:07:49.001+0000] {logging_mixin.py:188} INFO - [2025-11-28T07:07:49.001+0000] {dag.py:3036} INFO - Sync 1 DAGs
[2025-11-28T07:07:49.028+0000] {logging_mixin.py:188} INFO - [2025-11-28T07:07:49.028+0000] {dag.py:3823} INFO - Setting next_dagrun for example_branch_operator to 2025-11-27 00:00:00+00:00, run_after=2025-11-28 00:00:00+00:00
[2025-11-28T07:07:49.048+0000] {processor.py:183} INFO - Processing /home/airflow/.local/lib/python3.8/site-packages/airflow/example_dags/example_branch_operator.py took 0.122 seconds
[2025-11-28T07:08:19.254+0000] {processor.py:161} INFO - Started process (PID=1819) to work on /home/airflow/.local/lib/python3.8/site-packages/airflow/example_dags/example_branch_operator.py
[2025-11-28T07:08:19.256+0000] {processor.py:830} INFO - Processing file /home/airflow/.local/lib/python3.8/site-packages/airflow/example_dags/example_branch_operator.py for tasks to queue
[2025-11-28T07:08:19.258+0000] {logging_mixin.py:188} INFO - [2025-11-28T07:08:19.258+0000] {dagbag.py:538} INFO - Filling up the DagBag from /home/airflow/.local/lib/python3.8/site-packages/airflow/example_dags/example_branch_operator.py
[2025-11-28T07:08:19.285+0000] {processor.py:840} INFO - DAG(s) 'example_branch_operator' retrieved from /home/airflow/.local/lib/python3.8/site-packages/airflow/example_dags/example_branch_operator.py
[2025-11-28T07:08:19.319+0000] {logging_mixin.py:188} INFO - [2025-11-28T07:08:19.319+0000] {dag.py:3036} INFO - Sync 1 DAGs
[2025-11-28T07:08:19.355+0000] {logging_mixin.py:188} INFO - [2025-11-28T07:08:19.355+0000] {dag.py:3823} INFO - Setting next_dagrun for example_branch_operator to 2025-11-27 00:00:00+00:00, run_after=2025-11-28 00:00:00+00:00
[2025-11-28T07:08:19.381+0000] {processor.py:183} INFO - Processing /home/airflow/.local/lib/python3.8/site-packages/airflow/example_dags/example_branch_operator.py took 0.130 seconds
[2025-11-28T07:08:50.025+0000] {processor.py:161} INFO - Started process (PID=1873) to work on /home/airflow/.local/lib/python3.8/site-packages/airflow/example_dags/example_branch_operator.py
[2025-11-28T07:08:50.026+0000] {processor.py:830} INFO - Processing file /home/airflow/.local/lib/python3.8/site-packages/airflow/example_dags/example_branch_operator.py for tasks to queue
[2025-11-28T07:08:50.029+0000] {logging_mixin.py:188} INFO - [2025-11-28T07:08:50.028+0000] {dagbag.py:538} INFO - Filling up the DagBag from /home/airflow/.local/lib/python3.8/site-packages/airflow/example_dags/example_branch_operator.py
[2025-11-28T07:08:50.043+0000] {processor.py:840} INFO - DAG(s) 'example_branch_operator' retrieved from /home/airflow/.local/lib/python3.8/site-packages/airflow/example_dags/example_branch_operator.py
[2025-11-28T07:08:50.066+0000] {logging_mixin.py:188} INFO - [2025-11-28T07:08:50.066+0000] {dag.py:3036} INFO - Sync 1 DAGs
[2025-11-28T07:08:50.089+0000] {logging_mixin.py:188} INFO - [2025-11-28T07:08:50.089+0000] {dag.py:3823} INFO - Setting next_dagrun for example_branch_operator to 2025-11-27 00:00:00+00:00, run_after=2025-11-28 00:00:00+00:00
[2025-11-28T07:08:50.103+0000] {processor.py:183} INFO - Processing /home/airflow/.local/lib/python3.8/site-packages/airflow/example_dags/example_branch_operator.py took 0.082 seconds
[2025-11-28T07:09:21.277+0000] {processor.py:161} INFO - Started process (PID=1928) to work on /home/airflow/.local/lib/python3.8/site-packages/airflow/example_dags/example_branch_operator.py
[2025-11-28T07:09:21.278+0000] {processor.py:830} INFO - Processing file /home/airflow/.local/lib/python3.8/site-packages/airflow/example_dags/example_branch_operator.py for tasks to queue
[2025-11-28T07:09:21.281+0000] {logging_mixin.py:188} INFO - [2025-11-28T07:09:21.280+0000] {dagbag.py:538} INFO - Filling up the DagBag from /home/airflow/.local/lib/python3.8/site-packages/airflow/example_dags/example_branch_operator.py
[2025-11-28T07:09:21.307+0000] {processor.py:840} INFO - DAG(s) 'example_branch_operator' retrieved from /home/airflow/.local/lib/python3.8/site-packages/airflow/example_dags/example_branch_operator.py
[2025-11-28T07:09:21.335+0000] {logging_mixin.py:188} INFO - [2025-11-28T07:09:21.335+0000] {dag.py:3036} INFO - Sync 1 DAGs
[2025-11-28T07:09:21.354+0000] {logging_mixin.py:188} INFO - [2025-11-28T07:09:21.354+0000] {dag.py:3823} INFO - Setting next_dagrun for example_branch_operator to 2025-11-27 00:00:00+00:00, run_after=2025-11-28 00:00:00+00:00
[2025-11-28T07:09:21.371+0000] {processor.py:183} INFO - Processing /home/airflow/.local/lib/python3.8/site-packages/airflow/example_dags/example_branch_operator.py took 0.097 seconds
[2025-11-28T07:09:51.912+0000] {processor.py:161} INFO - Started process (PID=1983) to work on /home/airflow/.local/lib/python3.8/site-packages/airflow/example_dags/example_branch_operator.py
[2025-11-28T07:09:51.913+0000] {processor.py:830} INFO - Processing file /home/airflow/.local/lib/python3.8/site-packages/airflow/example_dags/example_branch_operator.py for tasks to queue
[2025-11-28T07:09:51.915+0000] {logging_mixin.py:188} INFO - [2025-11-28T07:09:51.915+0000] {dagbag.py:538} INFO - Filling up the DagBag from /home/airflow/.local/lib/python3.8/site-packages/airflow/example_dags/example_branch_operator.py
[2025-11-28T07:09:51.934+0000] {processor.py:840} INFO - DAG(s) 'example_branch_operator' retrieved from /home/airflow/.local/lib/python3.8/site-packages/airflow/example_dags/example_branch_operator.py
[2025-11-28T07:09:51.965+0000] {logging_mixin.py:188} INFO - [2025-11-28T07:09:51.965+0000] {dag.py:3036} INFO - Sync 1 DAGs
[2025-11-28T07:09:51.994+0000] {logging_mixin.py:188} INFO - [2025-11-28T07:09:51.993+0000] {dag.py:3823} INFO - Setting next_dagrun for example_branch_operator to 2025-11-27 00:00:00+00:00, run_after=2025-11-28 00:00:00+00:00
[2025-11-28T07:09:52.016+0000] {processor.py:183} INFO - Processing /home/airflow/.local/lib/python3.8/site-packages/airflow/example_dags/example_branch_operator.py took 0.108 seconds
[2025-11-28T07:10:22.171+0000] {processor.py:161} INFO - Started process (PID=2039) to work on /home/airflow/.local/lib/python3.8/site-packages/airflow/example_dags/example_branch_operator.py
[2025-11-28T07:10:22.173+0000] {processor.py:830} INFO - Processing file /home/airflow/.local/lib/python3.8/site-packages/airflow/example_dags/example_branch_operator.py for tasks to queue
[2025-11-28T07:10:22.177+0000] {logging_mixin.py:188} INFO - [2025-11-28T07:10:22.177+0000] {dagbag.py:538} INFO - Filling up the DagBag from /home/airflow/.local/lib/python3.8/site-packages/airflow/example_dags/example_branch_operator.py
[2025-11-28T07:10:22.195+0000] {processor.py:840} INFO - DAG(s) 'example_branch_operator' retrieved from /home/airflow/.local/lib/python3.8/site-packages/airflow/example_dags/example_branch_operator.py
[2025-11-28T07:10:22.219+0000] {logging_mixin.py:188} INFO - [2025-11-28T07:10:22.219+0000] {dag.py:3036} INFO - Sync 1 DAGs
[2025-11-28T07:10:22.235+0000] {logging_mixin.py:188} INFO - [2025-11-28T07:10:22.235+0000] {dag.py:3823} INFO - Setting next_dagrun for example_branch_operator to 2025-11-27 00:00:00+00:00, run_after=2025-11-28 00:00:00+00:00
[2025-11-28T07:10:22.252+0000] {processor.py:183} INFO - Processing /home/airflow/.local/lib/python3.8/site-packages/airflow/example_dags/example_branch_operator.py took 0.086 seconds
[2025-11-28T07:10:52.445+0000] {processor.py:161} INFO - Started process (PID=2094) to work on /home/airflow/.local/lib/python3.8/site-packages/airflow/example_dags/example_branch_operator.py
[2025-11-28T07:10:52.446+0000] {processor.py:830} INFO - Processing file /home/airflow/.local/lib/python3.8/site-packages/airflow/example_dags/example_branch_operator.py for tasks to queue
[2025-11-28T07:10:52.448+0000] {logging_mixin.py:188} INFO - [2025-11-28T07:10:52.447+0000] {dagbag.py:538} INFO - Filling up the DagBag from /home/airflow/.local/lib/python3.8/site-packages/airflow/example_dags/example_branch_operator.py
[2025-11-28T07:10:52.464+0000] {processor.py:840} INFO - DAG(s) 'example_branch_operator' retrieved from /home/airflow/.local/lib/python3.8/site-packages/airflow/example_dags/example_branch_operator.py
[2025-11-28T07:10:52.490+0000] {logging_mixin.py:188} INFO - [2025-11-28T07:10:52.489+0000] {dag.py:3036} INFO - Sync 1 DAGs
[2025-11-28T07:10:52.508+0000] {logging_mixin.py:188} INFO - [2025-11-28T07:10:52.508+0000] {dag.py:3823} INFO - Setting next_dagrun for example_branch_operator to 2025-11-27 00:00:00+00:00, run_after=2025-11-28 00:00:00+00:00
[2025-11-28T07:10:52.542+0000] {processor.py:183} INFO - Processing /home/airflow/.local/lib/python3.8/site-packages/airflow/example_dags/example_branch_operator.py took 0.104 seconds
[2025-11-28T07:11:23.376+0000] {processor.py:161} INFO - Started process (PID=2149) to work on /home/airflow/.local/lib/python3.8/site-packages/airflow/example_dags/example_branch_operator.py
[2025-11-28T07:11:23.378+0000] {processor.py:830} INFO - Processing file /home/airflow/.local/lib/python3.8/site-packages/airflow/example_dags/example_branch_operator.py for tasks to queue
[2025-11-28T07:11:23.382+0000] {logging_mixin.py:188} INFO - [2025-11-28T07:11:23.381+0000] {dagbag.py:538} INFO - Filling up the DagBag from /home/airflow/.local/lib/python3.8/site-packages/airflow/example_dags/example_branch_operator.py
[2025-11-28T07:11:23.404+0000] {processor.py:840} INFO - DAG(s) 'example_branch_operator' retrieved from /home/airflow/.local/lib/python3.8/site-packages/airflow/example_dags/example_branch_operator.py
[2025-11-28T07:11:23.428+0000] {logging_mixin.py:188} INFO - [2025-11-28T07:11:23.428+0000] {dag.py:3036} INFO - Sync 1 DAGs
[2025-11-28T07:11:23.446+0000] {logging_mixin.py:188} INFO - [2025-11-28T07:11:23.446+0000] {dag.py:3823} INFO - Setting next_dagrun for example_branch_operator to 2025-11-27 00:00:00+00:00, run_after=2025-11-28 00:00:00+00:00
[2025-11-28T07:11:23.463+0000] {processor.py:183} INFO - Processing /home/airflow/.local/lib/python3.8/site-packages/airflow/example_dags/example_branch_operator.py took 0.092 seconds
[2025-11-28T07:11:53.596+0000] {processor.py:161} INFO - Started process (PID=2204) to work on /home/airflow/.local/lib/python3.8/site-packages/airflow/example_dags/example_branch_operator.py
[2025-11-28T07:11:53.597+0000] {processor.py:830} INFO - Processing file /home/airflow/.local/lib/python3.8/site-packages/airflow/example_dags/example_branch_operator.py for tasks to queue
[2025-11-28T07:11:53.599+0000] {logging_mixin.py:188} INFO - [2025-11-28T07:11:53.599+0000] {dagbag.py:538} INFO - Filling up the DagBag from /home/airflow/.local/lib/python3.8/site-packages/airflow/example_dags/example_branch_operator.py
[2025-11-28T07:11:53.611+0000] {processor.py:840} INFO - DAG(s) 'example_branch_operator' retrieved from /home/airflow/.local/lib/python3.8/site-packages/airflow/example_dags/example_branch_operator.py
[2025-11-28T07:11:53.636+0000] {logging_mixin.py:188} INFO - [2025-11-28T07:11:53.636+0000] {dag.py:3036} INFO - Sync 1 DAGs
[2025-11-28T07:11:53.654+0000] {logging_mixin.py:188} INFO - [2025-11-28T07:11:53.653+0000] {dag.py:3823} INFO - Setting next_dagrun for example_branch_operator to 2025-11-27 00:00:00+00:00, run_after=2025-11-28 00:00:00+00:00
[2025-11-28T07:11:53.671+0000] {processor.py:183} INFO - Processing /home/airflow/.local/lib/python3.8/site-packages/airflow/example_dags/example_branch_operator.py took 0.077 seconds
[2025-11-28T07:12:24.055+0000] {processor.py:161} INFO - Started process (PID=2258) to work on /home/airflow/.local/lib/python3.8/site-packages/airflow/example_dags/example_branch_operator.py
[2025-11-28T07:12:24.056+0000] {processor.py:830} INFO - Processing file /home/airflow/.local/lib/python3.8/site-packages/airflow/example_dags/example_branch_operator.py for tasks to queue
[2025-11-28T07:12:24.058+0000] {logging_mixin.py:188} INFO - [2025-11-28T07:12:24.058+0000] {dagbag.py:538} INFO - Filling up the DagBag from /home/airflow/.local/lib/python3.8/site-packages/airflow/example_dags/example_branch_operator.py
[2025-11-28T07:12:24.071+0000] {processor.py:840} INFO - DAG(s) 'example_branch_operator' retrieved from /home/airflow/.local/lib/python3.8/site-packages/airflow/example_dags/example_branch_operator.py
[2025-11-28T07:12:24.094+0000] {logging_mixin.py:188} INFO - [2025-11-28T07:12:24.093+0000] {dag.py:3036} INFO - Sync 1 DAGs
[2025-11-28T07:12:24.111+0000] {logging_mixin.py:188} INFO - [2025-11-28T07:12:24.111+0000] {dag.py:3823} INFO - Setting next_dagrun for example_branch_operator to 2025-11-27 00:00:00+00:00, run_after=2025-11-28 00:00:00+00:00
[2025-11-28T07:12:24.127+0000] {processor.py:183} INFO - Processing /home/airflow/.local/lib/python3.8/site-packages/airflow/example_dags/example_branch_operator.py took 0.075 seconds
[2025-11-28T07:12:54.673+0000] {processor.py:161} INFO - Started process (PID=2313) to work on /home/airflow/.local/lib/python3.8/site-packages/airflow/example_dags/example_branch_operator.py
[2025-11-28T07:12:54.674+0000] {processor.py:830} INFO - Processing file /home/airflow/.local/lib/python3.8/site-packages/airflow/example_dags/example_branch_operator.py for tasks to queue
[2025-11-28T07:12:54.676+0000] {logging_mixin.py:188} INFO - [2025-11-28T07:12:54.676+0000] {dagbag.py:538} INFO - Filling up the DagBag from /home/airflow/.local/lib/python3.8/site-packages/airflow/example_dags/example_branch_operator.py
[2025-11-28T07:12:54.694+0000] {processor.py:840} INFO - DAG(s) 'example_branch_operator' retrieved from /home/airflow/.local/lib/python3.8/site-packages/airflow/example_dags/example_branch_operator.py
[2025-11-28T07:12:54.718+0000] {logging_mixin.py:188} INFO - [2025-11-28T07:12:54.718+0000] {dag.py:3036} INFO - Sync 1 DAGs
[2025-11-28T07:12:54.740+0000] {logging_mixin.py:188} INFO - [2025-11-28T07:12:54.740+0000] {dag.py:3823} INFO - Setting next_dagrun for example_branch_operator to 2025-11-27 00:00:00+00:00, run_after=2025-11-28 00:00:00+00:00
[2025-11-28T07:12:54.755+0000] {processor.py:183} INFO - Processing /home/airflow/.local/lib/python3.8/site-packages/airflow/example_dags/example_branch_operator.py took 0.085 seconds
[2025-11-28T07:13:25.757+0000] {processor.py:161} INFO - Started process (PID=2368) to work on /home/airflow/.local/lib/python3.8/site-packages/airflow/example_dags/example_branch_operator.py
[2025-11-28T07:13:25.759+0000] {processor.py:830} INFO - Processing file /home/airflow/.local/lib/python3.8/site-packages/airflow/example_dags/example_branch_operator.py for tasks to queue
[2025-11-28T07:13:25.762+0000] {logging_mixin.py:188} INFO - [2025-11-28T07:13:25.761+0000] {dagbag.py:538} INFO - Filling up the DagBag from /home/airflow/.local/lib/python3.8/site-packages/airflow/example_dags/example_branch_operator.py
[2025-11-28T07:13:25.778+0000] {processor.py:840} INFO - DAG(s) 'example_branch_operator' retrieved from /home/airflow/.local/lib/python3.8/site-packages/airflow/example_dags/example_branch_operator.py
[2025-11-28T07:13:25.802+0000] {logging_mixin.py:188} INFO - [2025-11-28T07:13:25.802+0000] {dag.py:3036} INFO - Sync 1 DAGs
[2025-11-28T07:13:25.822+0000] {logging_mixin.py:188} INFO - [2025-11-28T07:13:25.822+0000] {dag.py:3823} INFO - Setting next_dagrun for example_branch_operator to 2025-11-27 00:00:00+00:00, run_after=2025-11-28 00:00:00+00:00
[2025-11-28T07:13:25.840+0000] {processor.py:183} INFO - Processing /home/airflow/.local/lib/python3.8/site-packages/airflow/example_dags/example_branch_operator.py took 0.086 seconds
[2025-11-28T07:13:56.280+0000] {processor.py:161} INFO - Started process (PID=2423) to work on /home/airflow/.local/lib/python3.8/site-packages/airflow/example_dags/example_branch_operator.py
[2025-11-28T07:13:56.281+0000] {processor.py:830} INFO - Processing file /home/airflow/.local/lib/python3.8/site-packages/airflow/example_dags/example_branch_operator.py for tasks to queue
[2025-11-28T07:13:56.283+0000] {logging_mixin.py:188} INFO - [2025-11-28T07:13:56.283+0000] {dagbag.py:538} INFO - Filling up the DagBag from /home/airflow/.local/lib/python3.8/site-packages/airflow/example_dags/example_branch_operator.py
[2025-11-28T07:13:56.300+0000] {processor.py:840} INFO - DAG(s) 'example_branch_operator' retrieved from /home/airflow/.local/lib/python3.8/site-packages/airflow/example_dags/example_branch_operator.py
[2025-11-28T07:13:56.327+0000] {logging_mixin.py:188} INFO - [2025-11-28T07:13:56.326+0000] {dag.py:3036} INFO - Sync 1 DAGs
[2025-11-28T07:13:56.468+0000] {logging_mixin.py:188} INFO - [2025-11-28T07:13:56.468+0000] {dag.py:3823} INFO - Setting next_dagrun for example_branch_operator to 2025-11-27 00:00:00+00:00, run_after=2025-11-28 00:00:00+00:00
[2025-11-28T07:13:56.487+0000] {processor.py:183} INFO - Processing /home/airflow/.local/lib/python3.8/site-packages/airflow/example_dags/example_branch_operator.py took 0.210 seconds
[2025-11-28T07:14:26.593+0000] {processor.py:161} INFO - Started process (PID=2479) to work on /home/airflow/.local/lib/python3.8/site-packages/airflow/example_dags/example_branch_operator.py
[2025-11-28T07:14:26.595+0000] {processor.py:830} INFO - Processing file /home/airflow/.local/lib/python3.8/site-packages/airflow/example_dags/example_branch_operator.py for tasks to queue
[2025-11-28T07:14:26.597+0000] {logging_mixin.py:188} INFO - [2025-11-28T07:14:26.597+0000] {dagbag.py:538} INFO - Filling up the DagBag from /home/airflow/.local/lib/python3.8/site-packages/airflow/example_dags/example_branch_operator.py
[2025-11-28T07:14:26.610+0000] {processor.py:840} INFO - DAG(s) 'example_branch_operator' retrieved from /home/airflow/.local/lib/python3.8/site-packages/airflow/example_dags/example_branch_operator.py
[2025-11-28T07:14:26.629+0000] {logging_mixin.py:188} INFO - [2025-11-28T07:14:26.629+0000] {dag.py:3036} INFO - Sync 1 DAGs
[2025-11-28T07:14:26.646+0000] {logging_mixin.py:188} INFO - [2025-11-28T07:14:26.646+0000] {dag.py:3823} INFO - Setting next_dagrun for example_branch_operator to 2025-11-27 00:00:00+00:00, run_after=2025-11-28 00:00:00+00:00
[2025-11-28T07:14:26.786+0000] {processor.py:183} INFO - Processing /home/airflow/.local/lib/python3.8/site-packages/airflow/example_dags/example_branch_operator.py took 0.196 seconds
[2025-11-28T07:14:56.860+0000] {processor.py:161} INFO - Started process (PID=2534) to work on /home/airflow/.local/lib/python3.8/site-packages/airflow/example_dags/example_branch_operator.py
[2025-11-28T07:14:56.861+0000] {processor.py:830} INFO - Processing file /home/airflow/.local/lib/python3.8/site-packages/airflow/example_dags/example_branch_operator.py for tasks to queue
[2025-11-28T07:14:56.864+0000] {logging_mixin.py:188} INFO - [2025-11-28T07:14:56.863+0000] {dagbag.py:538} INFO - Filling up the DagBag from /home/airflow/.local/lib/python3.8/site-packages/airflow/example_dags/example_branch_operator.py
[2025-11-28T07:14:56.895+0000] {processor.py:840} INFO - DAG(s) 'example_branch_operator' retrieved from /home/airflow/.local/lib/python3.8/site-packages/airflow/example_dags/example_branch_operator.py
[2025-11-28T07:14:56.923+0000] {logging_mixin.py:188} INFO - [2025-11-28T07:14:56.923+0000] {dag.py:3036} INFO - Sync 1 DAGs
[2025-11-28T07:14:56.945+0000] {logging_mixin.py:188} INFO - [2025-11-28T07:14:56.945+0000] {dag.py:3823} INFO - Setting next_dagrun for example_branch_operator to 2025-11-27 00:00:00+00:00, run_after=2025-11-28 00:00:00+00:00
[2025-11-28T07:14:56.966+0000] {processor.py:183} INFO - Processing /home/airflow/.local/lib/python3.8/site-packages/airflow/example_dags/example_branch_operator.py took 0.109 seconds
[2025-11-28T07:15:27.955+0000] {processor.py:161} INFO - Started process (PID=2589) to work on /home/airflow/.local/lib/python3.8/site-packages/airflow/example_dags/example_branch_operator.py
[2025-11-28T07:15:27.957+0000] {processor.py:830} INFO - Processing file /home/airflow/.local/lib/python3.8/site-packages/airflow/example_dags/example_branch_operator.py for tasks to queue
[2025-11-28T07:15:27.959+0000] {logging_mixin.py:188} INFO - [2025-11-28T07:15:27.958+0000] {dagbag.py:538} INFO - Filling up the DagBag from /home/airflow/.local/lib/python3.8/site-packages/airflow/example_dags/example_branch_operator.py
[2025-11-28T07:15:27.976+0000] {processor.py:840} INFO - DAG(s) 'example_branch_operator' retrieved from /home/airflow/.local/lib/python3.8/site-packages/airflow/example_dags/example_branch_operator.py
[2025-11-28T07:15:28.000+0000] {logging_mixin.py:188} INFO - [2025-11-28T07:15:28.000+0000] {dag.py:3036} INFO - Sync 1 DAGs
[2025-11-28T07:15:28.018+0000] {logging_mixin.py:188} INFO - [2025-11-28T07:15:28.018+0000] {dag.py:3823} INFO - Setting next_dagrun for example_branch_operator to 2025-11-27 00:00:00+00:00, run_after=2025-11-28 00:00:00+00:00
[2025-11-28T07:15:28.034+0000] {processor.py:183} INFO - Processing /home/airflow/.local/lib/python3.8/site-packages/airflow/example_dags/example_branch_operator.py took 0.082 seconds
[2025-11-28T07:15:58.799+0000] {processor.py:161} INFO - Started process (PID=2644) to work on /home/airflow/.local/lib/python3.8/site-packages/airflow/example_dags/example_branch_operator.py
[2025-11-28T07:15:58.801+0000] {processor.py:830} INFO - Processing file /home/airflow/.local/lib/python3.8/site-packages/airflow/example_dags/example_branch_operator.py for tasks to queue
[2025-11-28T07:15:58.802+0000] {logging_mixin.py:188} INFO - [2025-11-28T07:15:58.802+0000] {dagbag.py:538} INFO - Filling up the DagBag from /home/airflow/.local/lib/python3.8/site-packages/airflow/example_dags/example_branch_operator.py
[2025-11-28T07:15:58.815+0000] {processor.py:840} INFO - DAG(s) 'example_branch_operator' retrieved from /home/airflow/.local/lib/python3.8/site-packages/airflow/example_dags/example_branch_operator.py
[2025-11-28T07:15:58.837+0000] {logging_mixin.py:188} INFO - [2025-11-28T07:15:58.837+0000] {dag.py:3036} INFO - Sync 1 DAGs
[2025-11-28T07:15:58.856+0000] {logging_mixin.py:188} INFO - [2025-11-28T07:15:58.856+0000] {dag.py:3823} INFO - Setting next_dagrun for example_branch_operator to 2025-11-27 00:00:00+00:00, run_after=2025-11-28 00:00:00+00:00
[2025-11-28T07:15:58.876+0000] {processor.py:183} INFO - Processing /home/airflow/.local/lib/python3.8/site-packages/airflow/example_dags/example_branch_operator.py took 0.079 seconds
[2025-11-28T07:16:30.280+0000] {processor.py:161} INFO - Started process (PID=2699) to work on /home/airflow/.local/lib/python3.8/site-packages/airflow/example_dags/example_branch_operator.py
[2025-11-28T07:16:30.283+0000] {processor.py:830} INFO - Processing file /home/airflow/.local/lib/python3.8/site-packages/airflow/example_dags/example_branch_operator.py for tasks to queue
[2025-11-28T07:16:30.288+0000] {logging_mixin.py:188} INFO - [2025-11-28T07:16:30.287+0000] {dagbag.py:538} INFO - Filling up the DagBag from /home/airflow/.local/lib/python3.8/site-packages/airflow/example_dags/example_branch_operator.py
[2025-11-28T07:16:30.404+0000] {processor.py:840} INFO - DAG(s) 'example_branch_operator' retrieved from /home/airflow/.local/lib/python3.8/site-packages/airflow/example_dags/example_branch_operator.py
[2025-11-28T07:16:30.434+0000] {logging_mixin.py:188} INFO - [2025-11-28T07:16:30.434+0000] {dag.py:3036} INFO - Sync 1 DAGs
[2025-11-28T07:16:30.457+0000] {logging_mixin.py:188} INFO - [2025-11-28T07:16:30.457+0000] {dag.py:3823} INFO - Setting next_dagrun for example_branch_operator to 2025-11-27 00:00:00+00:00, run_after=2025-11-28 00:00:00+00:00
[2025-11-28T07:16:30.481+0000] {processor.py:183} INFO - Processing /home/airflow/.local/lib/python3.8/site-packages/airflow/example_dags/example_branch_operator.py took 0.209 seconds
[2025-11-28T07:17:00.751+0000] {processor.py:161} INFO - Started process (PID=2754) to work on /home/airflow/.local/lib/python3.8/site-packages/airflow/example_dags/example_branch_operator.py
[2025-11-28T07:17:00.752+0000] {processor.py:830} INFO - Processing file /home/airflow/.local/lib/python3.8/site-packages/airflow/example_dags/example_branch_operator.py for tasks to queue
[2025-11-28T07:17:00.754+0000] {logging_mixin.py:188} INFO - [2025-11-28T07:17:00.754+0000] {dagbag.py:538} INFO - Filling up the DagBag from /home/airflow/.local/lib/python3.8/site-packages/airflow/example_dags/example_branch_operator.py
[2025-11-28T07:17:00.772+0000] {processor.py:840} INFO - DAG(s) 'example_branch_operator' retrieved from /home/airflow/.local/lib/python3.8/site-packages/airflow/example_dags/example_branch_operator.py
[2025-11-28T07:17:00.792+0000] {logging_mixin.py:188} INFO - [2025-11-28T07:17:00.792+0000] {dag.py:3036} INFO - Sync 1 DAGs
[2025-11-28T07:17:00.810+0000] {logging_mixin.py:188} INFO - [2025-11-28T07:17:00.810+0000] {dag.py:3823} INFO - Setting next_dagrun for example_branch_operator to 2025-11-27 00:00:00+00:00, run_after=2025-11-28 00:00:00+00:00
[2025-11-28T07:17:00.824+0000] {processor.py:183} INFO - Processing /home/airflow/.local/lib/python3.8/site-packages/airflow/example_dags/example_branch_operator.py took 0.076 seconds
[2025-11-28T07:17:31.035+0000] {processor.py:161} INFO - Started process (PID=2809) to work on /home/airflow/.local/lib/python3.8/site-packages/airflow/example_dags/example_branch_operator.py
[2025-11-28T07:17:31.036+0000] {processor.py:830} INFO - Processing file /home/airflow/.local/lib/python3.8/site-packages/airflow/example_dags/example_branch_operator.py for tasks to queue
[2025-11-28T07:17:31.038+0000] {logging_mixin.py:188} INFO - [2025-11-28T07:17:31.037+0000] {dagbag.py:538} INFO - Filling up the DagBag from /home/airflow/.local/lib/python3.8/site-packages/airflow/example_dags/example_branch_operator.py
[2025-11-28T07:17:31.051+0000] {processor.py:840} INFO - DAG(s) 'example_branch_operator' retrieved from /home/airflow/.local/lib/python3.8/site-packages/airflow/example_dags/example_branch_operator.py
[2025-11-28T07:17:31.076+0000] {logging_mixin.py:188} INFO - [2025-11-28T07:17:31.076+0000] {dag.py:3036} INFO - Sync 1 DAGs
[2025-11-28T07:17:31.094+0000] {logging_mixin.py:188} INFO - [2025-11-28T07:17:31.093+0000] {dag.py:3823} INFO - Setting next_dagrun for example_branch_operator to 2025-11-27 00:00:00+00:00, run_after=2025-11-28 00:00:00+00:00
[2025-11-28T07:17:31.111+0000] {processor.py:183} INFO - Processing /home/airflow/.local/lib/python3.8/site-packages/airflow/example_dags/example_branch_operator.py took 0.079 seconds
[2025-11-28T07:18:01.539+0000] {processor.py:161} INFO - Started process (PID=2864) to work on /home/airflow/.local/lib/python3.8/site-packages/airflow/example_dags/example_branch_operator.py
[2025-11-28T07:18:01.540+0000] {processor.py:830} INFO - Processing file /home/airflow/.local/lib/python3.8/site-packages/airflow/example_dags/example_branch_operator.py for tasks to queue
[2025-11-28T07:18:01.542+0000] {logging_mixin.py:188} INFO - [2025-11-28T07:18:01.542+0000] {dagbag.py:538} INFO - Filling up the DagBag from /home/airflow/.local/lib/python3.8/site-packages/airflow/example_dags/example_branch_operator.py
[2025-11-28T07:18:01.562+0000] {processor.py:840} INFO - DAG(s) 'example_branch_operator' retrieved from /home/airflow/.local/lib/python3.8/site-packages/airflow/example_dags/example_branch_operator.py
[2025-11-28T07:18:01.589+0000] {logging_mixin.py:188} INFO - [2025-11-28T07:18:01.589+0000] {dag.py:3036} INFO - Sync 1 DAGs
[2025-11-28T07:18:01.610+0000] {logging_mixin.py:188} INFO - [2025-11-28T07:18:01.610+0000] {dag.py:3823} INFO - Setting next_dagrun for example_branch_operator to 2025-11-27 00:00:00+00:00, run_after=2025-11-28 00:00:00+00:00
[2025-11-28T07:18:01.625+0000] {processor.py:183} INFO - Processing /home/airflow/.local/lib/python3.8/site-packages/airflow/example_dags/example_branch_operator.py took 0.089 seconds
[2025-11-28T07:18:32.495+0000] {processor.py:161} INFO - Started process (PID=2919) to work on /home/airflow/.local/lib/python3.8/site-packages/airflow/example_dags/example_branch_operator.py
[2025-11-28T07:18:32.498+0000] {processor.py:830} INFO - Processing file /home/airflow/.local/lib/python3.8/site-packages/airflow/example_dags/example_branch_operator.py for tasks to queue
[2025-11-28T07:18:32.503+0000] {logging_mixin.py:188} INFO - [2025-11-28T07:18:32.502+0000] {dagbag.py:538} INFO - Filling up the DagBag from /home/airflow/.local/lib/python3.8/site-packages/airflow/example_dags/example_branch_operator.py
[2025-11-28T07:18:32.531+0000] {processor.py:840} INFO - DAG(s) 'example_branch_operator' retrieved from /home/airflow/.local/lib/python3.8/site-packages/airflow/example_dags/example_branch_operator.py
[2025-11-28T07:18:32.577+0000] {logging_mixin.py:188} INFO - [2025-11-28T07:18:32.577+0000] {dag.py:3036} INFO - Sync 1 DAGs
[2025-11-28T07:18:32.593+0000] {logging_mixin.py:188} INFO - [2025-11-28T07:18:32.593+0000] {dag.py:3823} INFO - Setting next_dagrun for example_branch_operator to 2025-11-27 00:00:00+00:00, run_after=2025-11-28 00:00:00+00:00
[2025-11-28T07:18:32.621+0000] {processor.py:183} INFO - Processing /home/airflow/.local/lib/python3.8/site-packages/airflow/example_dags/example_branch_operator.py took 0.129 seconds
[2025-11-28T07:19:03.141+0000] {processor.py:161} INFO - Started process (PID=2974) to work on /home/airflow/.local/lib/python3.8/site-packages/airflow/example_dags/example_branch_operator.py
[2025-11-28T07:19:03.143+0000] {processor.py:830} INFO - Processing file /home/airflow/.local/lib/python3.8/site-packages/airflow/example_dags/example_branch_operator.py for tasks to queue
[2025-11-28T07:19:03.145+0000] {logging_mixin.py:188} INFO - [2025-11-28T07:19:03.145+0000] {dagbag.py:538} INFO - Filling up the DagBag from /home/airflow/.local/lib/python3.8/site-packages/airflow/example_dags/example_branch_operator.py
[2025-11-28T07:19:03.164+0000] {processor.py:840} INFO - DAG(s) 'example_branch_operator' retrieved from /home/airflow/.local/lib/python3.8/site-packages/airflow/example_dags/example_branch_operator.py
[2025-11-28T07:19:03.207+0000] {logging_mixin.py:188} INFO - [2025-11-28T07:19:03.206+0000] {dag.py:3036} INFO - Sync 1 DAGs
[2025-11-28T07:19:03.247+0000] {logging_mixin.py:188} INFO - [2025-11-28T07:19:03.247+0000] {dag.py:3823} INFO - Setting next_dagrun for example_branch_operator to 2025-11-27 00:00:00+00:00, run_after=2025-11-28 00:00:00+00:00
[2025-11-28T07:19:03.272+0000] {processor.py:183} INFO - Processing /home/airflow/.local/lib/python3.8/site-packages/airflow/example_dags/example_branch_operator.py took 0.135 seconds
[2025-11-28T07:19:33.621+0000] {processor.py:161} INFO - Started process (PID=3028) to work on /home/airflow/.local/lib/python3.8/site-packages/airflow/example_dags/example_branch_operator.py
[2025-11-28T07:19:33.623+0000] {processor.py:830} INFO - Processing file /home/airflow/.local/lib/python3.8/site-packages/airflow/example_dags/example_branch_operator.py for tasks to queue
[2025-11-28T07:19:33.626+0000] {logging_mixin.py:188} INFO - [2025-11-28T07:19:33.625+0000] {dagbag.py:538} INFO - Filling up the DagBag from /home/airflow/.local/lib/python3.8/site-packages/airflow/example_dags/example_branch_operator.py
[2025-11-28T07:19:33.644+0000] {processor.py:840} INFO - DAG(s) 'example_branch_operator' retrieved from /home/airflow/.local/lib/python3.8/site-packages/airflow/example_dags/example_branch_operator.py
[2025-11-28T07:19:33.666+0000] {logging_mixin.py:188} INFO - [2025-11-28T07:19:33.665+0000] {dag.py:3036} INFO - Sync 1 DAGs
[2025-11-28T07:19:33.684+0000] {logging_mixin.py:188} INFO - [2025-11-28T07:19:33.684+0000] {dag.py:3823} INFO - Setting next_dagrun for example_branch_operator to 2025-11-27 00:00:00+00:00, run_after=2025-11-28 00:00:00+00:00
[2025-11-28T07:19:33.701+0000] {processor.py:183} INFO - Processing /home/airflow/.local/lib/python3.8/site-packages/airflow/example_dags/example_branch_operator.py took 0.085 seconds
