[2025-11-28T06:52:25.691+0000] {processor.py:161} INFO - Started process (PID=86) to work on /home/airflow/.local/lib/python3.8/site-packages/airflow/example_dags/example_branch_python_dop_operator_3.py
[2025-11-28T06:52:25.693+0000] {processor.py:830} INFO - Processing file /home/airflow/.local/lib/python3.8/site-packages/airflow/example_dags/example_branch_python_dop_operator_3.py for tasks to queue
[2025-11-28T06:52:25.696+0000] {logging_mixin.py:188} INFO - [2025-11-28T06:52:25.695+0000] {dagbag.py:538} INFO - Filling up the DagBag from /home/airflow/.local/lib/python3.8/site-packages/airflow/example_dags/example_branch_python_dop_operator_3.py
[2025-11-28T06:52:25.710+0000] {processor.py:840} INFO - DAG(s) 'example_branch_dop_operator_v3' retrieved from /home/airflow/.local/lib/python3.8/site-packages/airflow/example_dags/example_branch_python_dop_operator_3.py
[2025-11-28T06:52:25.837+0000] {logging_mixin.py:188} INFO - [2025-11-28T06:52:25.836+0000] {override.py:1769} INFO - Created Permission View: can edit on DAG:example_branch_dop_operator_v3
[2025-11-28T06:52:25.855+0000] {logging_mixin.py:188} INFO - [2025-11-28T06:52:25.855+0000] {override.py:1769} INFO - Created Permission View: can delete on DAG:example_branch_dop_operator_v3
[2025-11-28T06:52:25.870+0000] {logging_mixin.py:188} INFO - [2025-11-28T06:52:25.870+0000] {override.py:1769} INFO - Created Permission View: can read on DAG:example_branch_dop_operator_v3
[2025-11-28T06:52:25.872+0000] {logging_mixin.py:188} INFO - [2025-11-28T06:52:25.871+0000] {dag.py:3036} INFO - Sync 1 DAGs
[2025-11-28T06:52:25.893+0000] {logging_mixin.py:188} INFO - [2025-11-28T06:52:25.893+0000] {dag.py:3058} INFO - Creating ORM DAG for example_branch_dop_operator_v3
[2025-11-28T06:52:25.913+0000] {logging_mixin.py:188} INFO - [2025-11-28T06:52:25.913+0000] {dag.py:3823} INFO - Setting next_dagrun for example_branch_dop_operator_v3 to 2025-11-28 06:51:00+00:00, run_after=2025-11-28 06:52:00+00:00
[2025-11-28T06:52:25.940+0000] {processor.py:183} INFO - Processing /home/airflow/.local/lib/python3.8/site-packages/airflow/example_dags/example_branch_python_dop_operator_3.py took 0.254 seconds
[2025-11-28T06:52:56.153+0000] {processor.py:161} INFO - Started process (PID=135) to work on /home/airflow/.local/lib/python3.8/site-packages/airflow/example_dags/example_branch_python_dop_operator_3.py
[2025-11-28T06:52:56.156+0000] {processor.py:830} INFO - Processing file /home/airflow/.local/lib/python3.8/site-packages/airflow/example_dags/example_branch_python_dop_operator_3.py for tasks to queue
[2025-11-28T06:52:56.158+0000] {logging_mixin.py:188} INFO - [2025-11-28T06:52:56.158+0000] {dagbag.py:538} INFO - Filling up the DagBag from /home/airflow/.local/lib/python3.8/site-packages/airflow/example_dags/example_branch_python_dop_operator_3.py
[2025-11-28T06:52:56.179+0000] {processor.py:840} INFO - DAG(s) 'example_branch_dop_operator_v3' retrieved from /home/airflow/.local/lib/python3.8/site-packages/airflow/example_dags/example_branch_python_dop_operator_3.py
[2025-11-28T06:52:56.199+0000] {logging_mixin.py:188} INFO - [2025-11-28T06:52:56.199+0000] {dag.py:3036} INFO - Sync 1 DAGs
[2025-11-28T06:52:56.228+0000] {logging_mixin.py:188} INFO - [2025-11-28T06:52:56.227+0000] {dag.py:3823} INFO - Setting next_dagrun for example_branch_dop_operator_v3 to 2025-11-28 06:51:00+00:00, run_after=2025-11-28 06:52:00+00:00
[2025-11-28T06:52:56.247+0000] {processor.py:183} INFO - Processing /home/airflow/.local/lib/python3.8/site-packages/airflow/example_dags/example_branch_python_dop_operator_3.py took 0.101 seconds
[2025-11-28T06:53:27.073+0000] {processor.py:161} INFO - Started process (PID=196) to work on /home/airflow/.local/lib/python3.8/site-packages/airflow/example_dags/example_branch_python_dop_operator_3.py
[2025-11-28T06:53:27.074+0000] {processor.py:830} INFO - Processing file /home/airflow/.local/lib/python3.8/site-packages/airflow/example_dags/example_branch_python_dop_operator_3.py for tasks to queue
[2025-11-28T06:53:27.076+0000] {logging_mixin.py:188} INFO - [2025-11-28T06:53:27.076+0000] {dagbag.py:538} INFO - Filling up the DagBag from /home/airflow/.local/lib/python3.8/site-packages/airflow/example_dags/example_branch_python_dop_operator_3.py
[2025-11-28T06:53:27.085+0000] {processor.py:840} INFO - DAG(s) 'example_branch_dop_operator_v3' retrieved from /home/airflow/.local/lib/python3.8/site-packages/airflow/example_dags/example_branch_python_dop_operator_3.py
[2025-11-28T06:53:27.108+0000] {logging_mixin.py:188} INFO - [2025-11-28T06:53:27.107+0000] {dag.py:3036} INFO - Sync 1 DAGs
[2025-11-28T06:53:27.133+0000] {logging_mixin.py:188} INFO - [2025-11-28T06:53:27.133+0000] {dag.py:3823} INFO - Setting next_dagrun for example_branch_dop_operator_v3 to 2025-11-28 06:52:00+00:00, run_after=2025-11-28 06:53:00+00:00
[2025-11-28T06:53:27.156+0000] {processor.py:183} INFO - Processing /home/airflow/.local/lib/python3.8/site-packages/airflow/example_dags/example_branch_python_dop_operator_3.py took 0.085 seconds
[2025-11-28T06:53:57.281+0000] {processor.py:161} INFO - Started process (PID=251) to work on /home/airflow/.local/lib/python3.8/site-packages/airflow/example_dags/example_branch_python_dop_operator_3.py
[2025-11-28T06:53:57.282+0000] {processor.py:830} INFO - Processing file /home/airflow/.local/lib/python3.8/site-packages/airflow/example_dags/example_branch_python_dop_operator_3.py for tasks to queue
[2025-11-28T06:53:57.285+0000] {logging_mixin.py:188} INFO - [2025-11-28T06:53:57.284+0000] {dagbag.py:538} INFO - Filling up the DagBag from /home/airflow/.local/lib/python3.8/site-packages/airflow/example_dags/example_branch_python_dop_operator_3.py
[2025-11-28T06:53:57.299+0000] {processor.py:840} INFO - DAG(s) 'example_branch_dop_operator_v3' retrieved from /home/airflow/.local/lib/python3.8/site-packages/airflow/example_dags/example_branch_python_dop_operator_3.py
[2025-11-28T06:53:57.328+0000] {logging_mixin.py:188} INFO - [2025-11-28T06:53:57.328+0000] {dag.py:3036} INFO - Sync 1 DAGs
[2025-11-28T06:53:57.357+0000] {logging_mixin.py:188} INFO - [2025-11-28T06:53:57.357+0000] {dag.py:3823} INFO - Setting next_dagrun for example_branch_dop_operator_v3 to 2025-11-28 06:52:00+00:00, run_after=2025-11-28 06:53:00+00:00
[2025-11-28T06:53:57.375+0000] {processor.py:183} INFO - Processing /home/airflow/.local/lib/python3.8/site-packages/airflow/example_dags/example_branch_python_dop_operator_3.py took 0.097 seconds
[2025-11-28T06:54:27.630+0000] {processor.py:161} INFO - Started process (PID=306) to work on /home/airflow/.local/lib/python3.8/site-packages/airflow/example_dags/example_branch_python_dop_operator_3.py
[2025-11-28T06:54:27.631+0000] {processor.py:830} INFO - Processing file /home/airflow/.local/lib/python3.8/site-packages/airflow/example_dags/example_branch_python_dop_operator_3.py for tasks to queue
[2025-11-28T06:54:27.633+0000] {logging_mixin.py:188} INFO - [2025-11-28T06:54:27.633+0000] {dagbag.py:538} INFO - Filling up the DagBag from /home/airflow/.local/lib/python3.8/site-packages/airflow/example_dags/example_branch_python_dop_operator_3.py
[2025-11-28T06:54:27.641+0000] {processor.py:840} INFO - DAG(s) 'example_branch_dop_operator_v3' retrieved from /home/airflow/.local/lib/python3.8/site-packages/airflow/example_dags/example_branch_python_dop_operator_3.py
[2025-11-28T06:54:27.657+0000] {logging_mixin.py:188} INFO - [2025-11-28T06:54:27.657+0000] {dag.py:3036} INFO - Sync 1 DAGs
[2025-11-28T06:54:27.682+0000] {logging_mixin.py:188} INFO - [2025-11-28T06:54:27.682+0000] {dag.py:3823} INFO - Setting next_dagrun for example_branch_dop_operator_v3 to 2025-11-28 06:53:00+00:00, run_after=2025-11-28 06:54:00+00:00
[2025-11-28T06:54:27.700+0000] {processor.py:183} INFO - Processing /home/airflow/.local/lib/python3.8/site-packages/airflow/example_dags/example_branch_python_dop_operator_3.py took 0.073 seconds
[2025-11-28T06:54:58.355+0000] {processor.py:161} INFO - Started process (PID=361) to work on /home/airflow/.local/lib/python3.8/site-packages/airflow/example_dags/example_branch_python_dop_operator_3.py
[2025-11-28T06:54:58.359+0000] {processor.py:830} INFO - Processing file /home/airflow/.local/lib/python3.8/site-packages/airflow/example_dags/example_branch_python_dop_operator_3.py for tasks to queue
[2025-11-28T06:54:58.374+0000] {logging_mixin.py:188} INFO - [2025-11-28T06:54:58.373+0000] {dagbag.py:538} INFO - Filling up the DagBag from /home/airflow/.local/lib/python3.8/site-packages/airflow/example_dags/example_branch_python_dop_operator_3.py
[2025-11-28T06:54:58.404+0000] {processor.py:840} INFO - DAG(s) 'example_branch_dop_operator_v3' retrieved from /home/airflow/.local/lib/python3.8/site-packages/airflow/example_dags/example_branch_python_dop_operator_3.py
[2025-11-28T06:54:58.420+0000] {logging_mixin.py:188} INFO - [2025-11-28T06:54:58.419+0000] {dag.py:3036} INFO - Sync 1 DAGs
[2025-11-28T06:54:58.459+0000] {logging_mixin.py:188} INFO - [2025-11-28T06:54:58.458+0000] {dag.py:3823} INFO - Setting next_dagrun for example_branch_dop_operator_v3 to 2025-11-28 06:53:00+00:00, run_after=2025-11-28 06:54:00+00:00
[2025-11-28T06:54:58.494+0000] {processor.py:183} INFO - Processing /home/airflow/.local/lib/python3.8/site-packages/airflow/example_dags/example_branch_python_dop_operator_3.py took 0.147 seconds
[2025-11-28T06:55:28.668+0000] {processor.py:161} INFO - Started process (PID=416) to work on /home/airflow/.local/lib/python3.8/site-packages/airflow/example_dags/example_branch_python_dop_operator_3.py
[2025-11-28T06:55:28.670+0000] {processor.py:830} INFO - Processing file /home/airflow/.local/lib/python3.8/site-packages/airflow/example_dags/example_branch_python_dop_operator_3.py for tasks to queue
[2025-11-28T06:55:28.671+0000] {logging_mixin.py:188} INFO - [2025-11-28T06:55:28.671+0000] {dagbag.py:538} INFO - Filling up the DagBag from /home/airflow/.local/lib/python3.8/site-packages/airflow/example_dags/example_branch_python_dop_operator_3.py
[2025-11-28T06:55:28.678+0000] {processor.py:840} INFO - DAG(s) 'example_branch_dop_operator_v3' retrieved from /home/airflow/.local/lib/python3.8/site-packages/airflow/example_dags/example_branch_python_dop_operator_3.py
[2025-11-28T06:55:28.763+0000] {logging_mixin.py:188} INFO - [2025-11-28T06:55:28.763+0000] {dag.py:3036} INFO - Sync 1 DAGs
[2025-11-28T06:55:28.785+0000] {logging_mixin.py:188} INFO - [2025-11-28T06:55:28.785+0000] {dag.py:3823} INFO - Setting next_dagrun for example_branch_dop_operator_v3 to 2025-11-28 06:54:00+00:00, run_after=2025-11-28 06:55:00+00:00
[2025-11-28T06:55:28.808+0000] {processor.py:183} INFO - Processing /home/airflow/.local/lib/python3.8/site-packages/airflow/example_dags/example_branch_python_dop_operator_3.py took 0.142 seconds
[2025-11-28T06:55:58.880+0000] {processor.py:161} INFO - Started process (PID=471) to work on /home/airflow/.local/lib/python3.8/site-packages/airflow/example_dags/example_branch_python_dop_operator_3.py
[2025-11-28T06:55:58.883+0000] {processor.py:830} INFO - Processing file /home/airflow/.local/lib/python3.8/site-packages/airflow/example_dags/example_branch_python_dop_operator_3.py for tasks to queue
[2025-11-28T06:55:58.884+0000] {logging_mixin.py:188} INFO - [2025-11-28T06:55:58.884+0000] {dagbag.py:538} INFO - Filling up the DagBag from /home/airflow/.local/lib/python3.8/site-packages/airflow/example_dags/example_branch_python_dop_operator_3.py
[2025-11-28T06:55:58.894+0000] {processor.py:840} INFO - DAG(s) 'example_branch_dop_operator_v3' retrieved from /home/airflow/.local/lib/python3.8/site-packages/airflow/example_dags/example_branch_python_dop_operator_3.py
[2025-11-28T06:55:58.912+0000] {logging_mixin.py:188} INFO - [2025-11-28T06:55:58.912+0000] {dag.py:3036} INFO - Sync 1 DAGs
[2025-11-28T06:55:58.939+0000] {logging_mixin.py:188} INFO - [2025-11-28T06:55:58.939+0000] {dag.py:3823} INFO - Setting next_dagrun for example_branch_dop_operator_v3 to 2025-11-28 06:54:00+00:00, run_after=2025-11-28 06:55:00+00:00
[2025-11-28T06:55:58.958+0000] {processor.py:183} INFO - Processing /home/airflow/.local/lib/python3.8/site-packages/airflow/example_dags/example_branch_python_dop_operator_3.py took 0.080 seconds
[2025-11-28T06:56:29.179+0000] {processor.py:161} INFO - Started process (PID=526) to work on /home/airflow/.local/lib/python3.8/site-packages/airflow/example_dags/example_branch_python_dop_operator_3.py
[2025-11-28T06:56:29.181+0000] {processor.py:830} INFO - Processing file /home/airflow/.local/lib/python3.8/site-packages/airflow/example_dags/example_branch_python_dop_operator_3.py for tasks to queue
[2025-11-28T06:56:29.183+0000] {logging_mixin.py:188} INFO - [2025-11-28T06:56:29.183+0000] {dagbag.py:538} INFO - Filling up the DagBag from /home/airflow/.local/lib/python3.8/site-packages/airflow/example_dags/example_branch_python_dop_operator_3.py
[2025-11-28T06:56:29.195+0000] {processor.py:840} INFO - DAG(s) 'example_branch_dop_operator_v3' retrieved from /home/airflow/.local/lib/python3.8/site-packages/airflow/example_dags/example_branch_python_dop_operator_3.py
[2025-11-28T06:56:29.211+0000] {logging_mixin.py:188} INFO - [2025-11-28T06:56:29.210+0000] {dag.py:3036} INFO - Sync 1 DAGs
[2025-11-28T06:56:29.231+0000] {logging_mixin.py:188} INFO - [2025-11-28T06:56:29.231+0000] {dag.py:3823} INFO - Setting next_dagrun for example_branch_dop_operator_v3 to 2025-11-28 06:55:00+00:00, run_after=2025-11-28 06:56:00+00:00
[2025-11-28T06:56:29.250+0000] {processor.py:183} INFO - Processing /home/airflow/.local/lib/python3.8/site-packages/airflow/example_dags/example_branch_python_dop_operator_3.py took 0.073 seconds
[2025-11-28T06:56:59.677+0000] {processor.py:161} INFO - Started process (PID=581) to work on /home/airflow/.local/lib/python3.8/site-packages/airflow/example_dags/example_branch_python_dop_operator_3.py
[2025-11-28T06:56:59.679+0000] {processor.py:830} INFO - Processing file /home/airflow/.local/lib/python3.8/site-packages/airflow/example_dags/example_branch_python_dop_operator_3.py for tasks to queue
[2025-11-28T06:56:59.683+0000] {logging_mixin.py:188} INFO - [2025-11-28T06:56:59.682+0000] {dagbag.py:538} INFO - Filling up the DagBag from /home/airflow/.local/lib/python3.8/site-packages/airflow/example_dags/example_branch_python_dop_operator_3.py
[2025-11-28T06:56:59.695+0000] {processor.py:840} INFO - DAG(s) 'example_branch_dop_operator_v3' retrieved from /home/airflow/.local/lib/python3.8/site-packages/airflow/example_dags/example_branch_python_dop_operator_3.py
[2025-11-28T06:56:59.721+0000] {logging_mixin.py:188} INFO - [2025-11-28T06:56:59.720+0000] {dag.py:3036} INFO - Sync 1 DAGs
[2025-11-28T06:56:59.756+0000] {logging_mixin.py:188} INFO - [2025-11-28T06:56:59.755+0000] {dag.py:3823} INFO - Setting next_dagrun for example_branch_dop_operator_v3 to 2025-11-28 06:55:00+00:00, run_after=2025-11-28 06:56:00+00:00
[2025-11-28T06:56:59.794+0000] {processor.py:183} INFO - Processing /home/airflow/.local/lib/python3.8/site-packages/airflow/example_dags/example_branch_python_dop_operator_3.py took 0.122 seconds
[2025-11-28T06:57:30.355+0000] {processor.py:161} INFO - Started process (PID=636) to work on /home/airflow/.local/lib/python3.8/site-packages/airflow/example_dags/example_branch_python_dop_operator_3.py
[2025-11-28T06:57:30.356+0000] {processor.py:830} INFO - Processing file /home/airflow/.local/lib/python3.8/site-packages/airflow/example_dags/example_branch_python_dop_operator_3.py for tasks to queue
[2025-11-28T06:57:30.358+0000] {logging_mixin.py:188} INFO - [2025-11-28T06:57:30.358+0000] {dagbag.py:538} INFO - Filling up the DagBag from /home/airflow/.local/lib/python3.8/site-packages/airflow/example_dags/example_branch_python_dop_operator_3.py
[2025-11-28T06:57:30.368+0000] {processor.py:840} INFO - DAG(s) 'example_branch_dop_operator_v3' retrieved from /home/airflow/.local/lib/python3.8/site-packages/airflow/example_dags/example_branch_python_dop_operator_3.py
[2025-11-28T06:57:30.390+0000] {logging_mixin.py:188} INFO - [2025-11-28T06:57:30.390+0000] {dag.py:3036} INFO - Sync 1 DAGs
[2025-11-28T06:57:30.423+0000] {logging_mixin.py:188} INFO - [2025-11-28T06:57:30.422+0000] {dag.py:3823} INFO - Setting next_dagrun for example_branch_dop_operator_v3 to 2025-11-28 06:56:00+00:00, run_after=2025-11-28 06:57:00+00:00
[2025-11-28T06:57:30.443+0000] {processor.py:183} INFO - Processing /home/airflow/.local/lib/python3.8/site-packages/airflow/example_dags/example_branch_python_dop_operator_3.py took 0.091 seconds
[2025-11-28T06:58:00.994+0000] {processor.py:161} INFO - Started process (PID=691) to work on /home/airflow/.local/lib/python3.8/site-packages/airflow/example_dags/example_branch_python_dop_operator_3.py
[2025-11-28T06:58:00.997+0000] {processor.py:830} INFO - Processing file /home/airflow/.local/lib/python3.8/site-packages/airflow/example_dags/example_branch_python_dop_operator_3.py for tasks to queue
[2025-11-28T06:58:01.001+0000] {logging_mixin.py:188} INFO - [2025-11-28T06:58:01.001+0000] {dagbag.py:538} INFO - Filling up the DagBag from /home/airflow/.local/lib/python3.8/site-packages/airflow/example_dags/example_branch_python_dop_operator_3.py
[2025-11-28T06:58:01.008+0000] {processor.py:840} INFO - DAG(s) 'example_branch_dop_operator_v3' retrieved from /home/airflow/.local/lib/python3.8/site-packages/airflow/example_dags/example_branch_python_dop_operator_3.py
[2025-11-28T06:58:01.032+0000] {logging_mixin.py:188} INFO - [2025-11-28T06:58:01.032+0000] {dag.py:3036} INFO - Sync 1 DAGs
[2025-11-28T06:58:01.062+0000] {logging_mixin.py:188} INFO - [2025-11-28T06:58:01.061+0000] {dag.py:3823} INFO - Setting next_dagrun for example_branch_dop_operator_v3 to 2025-11-28 06:57:00+00:00, run_after=2025-11-28 06:58:00+00:00
[2025-11-28T06:58:01.092+0000] {processor.py:183} INFO - Processing /home/airflow/.local/lib/python3.8/site-packages/airflow/example_dags/example_branch_python_dop_operator_3.py took 0.101 seconds
[2025-11-28T06:58:31.617+0000] {processor.py:161} INFO - Started process (PID=746) to work on /home/airflow/.local/lib/python3.8/site-packages/airflow/example_dags/example_branch_python_dop_operator_3.py
[2025-11-28T06:58:31.619+0000] {processor.py:830} INFO - Processing file /home/airflow/.local/lib/python3.8/site-packages/airflow/example_dags/example_branch_python_dop_operator_3.py for tasks to queue
[2025-11-28T06:58:31.622+0000] {logging_mixin.py:188} INFO - [2025-11-28T06:58:31.621+0000] {dagbag.py:538} INFO - Filling up the DagBag from /home/airflow/.local/lib/python3.8/site-packages/airflow/example_dags/example_branch_python_dop_operator_3.py
[2025-11-28T06:58:31.636+0000] {processor.py:840} INFO - DAG(s) 'example_branch_dop_operator_v3' retrieved from /home/airflow/.local/lib/python3.8/site-packages/airflow/example_dags/example_branch_python_dop_operator_3.py
[2025-11-28T06:58:31.669+0000] {logging_mixin.py:188} INFO - [2025-11-28T06:58:31.668+0000] {dag.py:3036} INFO - Sync 1 DAGs
[2025-11-28T06:58:31.691+0000] {logging_mixin.py:188} INFO - [2025-11-28T06:58:31.691+0000] {dag.py:3823} INFO - Setting next_dagrun for example_branch_dop_operator_v3 to 2025-11-28 06:57:00+00:00, run_after=2025-11-28 06:58:00+00:00
[2025-11-28T06:58:31.708+0000] {processor.py:183} INFO - Processing /home/airflow/.local/lib/python3.8/site-packages/airflow/example_dags/example_branch_python_dop_operator_3.py took 0.095 seconds
[2025-11-28T06:59:02.051+0000] {processor.py:161} INFO - Started process (PID=801) to work on /home/airflow/.local/lib/python3.8/site-packages/airflow/example_dags/example_branch_python_dop_operator_3.py
[2025-11-28T06:59:02.052+0000] {processor.py:830} INFO - Processing file /home/airflow/.local/lib/python3.8/site-packages/airflow/example_dags/example_branch_python_dop_operator_3.py for tasks to queue
[2025-11-28T06:59:02.054+0000] {logging_mixin.py:188} INFO - [2025-11-28T06:59:02.053+0000] {dagbag.py:538} INFO - Filling up the DagBag from /home/airflow/.local/lib/python3.8/site-packages/airflow/example_dags/example_branch_python_dop_operator_3.py
[2025-11-28T06:59:02.060+0000] {processor.py:840} INFO - DAG(s) 'example_branch_dop_operator_v3' retrieved from /home/airflow/.local/lib/python3.8/site-packages/airflow/example_dags/example_branch_python_dop_operator_3.py
[2025-11-28T06:59:02.077+0000] {logging_mixin.py:188} INFO - [2025-11-28T06:59:02.077+0000] {dag.py:3036} INFO - Sync 1 DAGs
[2025-11-28T06:59:02.093+0000] {logging_mixin.py:188} INFO - [2025-11-28T06:59:02.093+0000] {dag.py:3823} INFO - Setting next_dagrun for example_branch_dop_operator_v3 to 2025-11-28 06:58:00+00:00, run_after=2025-11-28 06:59:00+00:00
[2025-11-28T06:59:02.108+0000] {processor.py:183} INFO - Processing /home/airflow/.local/lib/python3.8/site-packages/airflow/example_dags/example_branch_python_dop_operator_3.py took 0.060 seconds
[2025-11-28T06:59:32.527+0000] {processor.py:161} INFO - Started process (PID=856) to work on /home/airflow/.local/lib/python3.8/site-packages/airflow/example_dags/example_branch_python_dop_operator_3.py
[2025-11-28T06:59:32.532+0000] {processor.py:830} INFO - Processing file /home/airflow/.local/lib/python3.8/site-packages/airflow/example_dags/example_branch_python_dop_operator_3.py for tasks to queue
[2025-11-28T06:59:32.534+0000] {logging_mixin.py:188} INFO - [2025-11-28T06:59:32.534+0000] {dagbag.py:538} INFO - Filling up the DagBag from /home/airflow/.local/lib/python3.8/site-packages/airflow/example_dags/example_branch_python_dop_operator_3.py
[2025-11-28T06:59:32.544+0000] {processor.py:840} INFO - DAG(s) 'example_branch_dop_operator_v3' retrieved from /home/airflow/.local/lib/python3.8/site-packages/airflow/example_dags/example_branch_python_dop_operator_3.py
[2025-11-28T06:59:32.561+0000] {logging_mixin.py:188} INFO - [2025-11-28T06:59:32.560+0000] {dag.py:3036} INFO - Sync 1 DAGs
[2025-11-28T06:59:32.588+0000] {logging_mixin.py:188} INFO - [2025-11-28T06:59:32.588+0000] {dag.py:3823} INFO - Setting next_dagrun for example_branch_dop_operator_v3 to 2025-11-28 06:58:00+00:00, run_after=2025-11-28 06:59:00+00:00
[2025-11-28T06:59:32.604+0000] {processor.py:183} INFO - Processing /home/airflow/.local/lib/python3.8/site-packages/airflow/example_dags/example_branch_python_dop_operator_3.py took 0.081 seconds
[2025-11-28T07:00:02.761+0000] {processor.py:161} INFO - Started process (PID=911) to work on /home/airflow/.local/lib/python3.8/site-packages/airflow/example_dags/example_branch_python_dop_operator_3.py
[2025-11-28T07:00:02.763+0000] {processor.py:830} INFO - Processing file /home/airflow/.local/lib/python3.8/site-packages/airflow/example_dags/example_branch_python_dop_operator_3.py for tasks to queue
[2025-11-28T07:00:02.766+0000] {logging_mixin.py:188} INFO - [2025-11-28T07:00:02.766+0000] {dagbag.py:538} INFO - Filling up the DagBag from /home/airflow/.local/lib/python3.8/site-packages/airflow/example_dags/example_branch_python_dop_operator_3.py
[2025-11-28T07:00:02.774+0000] {processor.py:840} INFO - DAG(s) 'example_branch_dop_operator_v3' retrieved from /home/airflow/.local/lib/python3.8/site-packages/airflow/example_dags/example_branch_python_dop_operator_3.py
[2025-11-28T07:00:02.791+0000] {logging_mixin.py:188} INFO - [2025-11-28T07:00:02.790+0000] {dag.py:3036} INFO - Sync 1 DAGs
[2025-11-28T07:00:02.809+0000] {logging_mixin.py:188} INFO - [2025-11-28T07:00:02.809+0000] {dag.py:3823} INFO - Setting next_dagrun for example_branch_dop_operator_v3 to 2025-11-28 06:59:00+00:00, run_after=2025-11-28 07:00:00+00:00
[2025-11-28T07:00:02.828+0000] {processor.py:183} INFO - Processing /home/airflow/.local/lib/python3.8/site-packages/airflow/example_dags/example_branch_python_dop_operator_3.py took 0.069 seconds
[2025-11-28T07:00:33.462+0000] {processor.py:161} INFO - Started process (PID=966) to work on /home/airflow/.local/lib/python3.8/site-packages/airflow/example_dags/example_branch_python_dop_operator_3.py
[2025-11-28T07:00:33.467+0000] {processor.py:830} INFO - Processing file /home/airflow/.local/lib/python3.8/site-packages/airflow/example_dags/example_branch_python_dop_operator_3.py for tasks to queue
[2025-11-28T07:00:33.471+0000] {logging_mixin.py:188} INFO - [2025-11-28T07:00:33.471+0000] {dagbag.py:538} INFO - Filling up the DagBag from /home/airflow/.local/lib/python3.8/site-packages/airflow/example_dags/example_branch_python_dop_operator_3.py
[2025-11-28T07:00:33.495+0000] {processor.py:840} INFO - DAG(s) 'example_branch_dop_operator_v3' retrieved from /home/airflow/.local/lib/python3.8/site-packages/airflow/example_dags/example_branch_python_dop_operator_3.py
[2025-11-28T07:00:33.531+0000] {logging_mixin.py:188} INFO - [2025-11-28T07:00:33.530+0000] {dag.py:3036} INFO - Sync 1 DAGs
[2025-11-28T07:00:33.561+0000] {logging_mixin.py:188} INFO - [2025-11-28T07:00:33.560+0000] {dag.py:3823} INFO - Setting next_dagrun for example_branch_dop_operator_v3 to 2025-11-28 06:59:00+00:00, run_after=2025-11-28 07:00:00+00:00
[2025-11-28T07:00:33.585+0000] {processor.py:183} INFO - Processing /home/airflow/.local/lib/python3.8/site-packages/airflow/example_dags/example_branch_python_dop_operator_3.py took 0.130 seconds
[2025-11-28T07:01:03.741+0000] {processor.py:161} INFO - Started process (PID=1021) to work on /home/airflow/.local/lib/python3.8/site-packages/airflow/example_dags/example_branch_python_dop_operator_3.py
[2025-11-28T07:01:03.743+0000] {processor.py:830} INFO - Processing file /home/airflow/.local/lib/python3.8/site-packages/airflow/example_dags/example_branch_python_dop_operator_3.py for tasks to queue
[2025-11-28T07:01:03.746+0000] {logging_mixin.py:188} INFO - [2025-11-28T07:01:03.746+0000] {dagbag.py:538} INFO - Filling up the DagBag from /home/airflow/.local/lib/python3.8/site-packages/airflow/example_dags/example_branch_python_dop_operator_3.py
[2025-11-28T07:01:03.762+0000] {processor.py:840} INFO - DAG(s) 'example_branch_dop_operator_v3' retrieved from /home/airflow/.local/lib/python3.8/site-packages/airflow/example_dags/example_branch_python_dop_operator_3.py
[2025-11-28T07:01:03.793+0000] {logging_mixin.py:188} INFO - [2025-11-28T07:01:03.793+0000] {dag.py:3036} INFO - Sync 1 DAGs
[2025-11-28T07:01:03.821+0000] {logging_mixin.py:188} INFO - [2025-11-28T07:01:03.821+0000] {dag.py:3823} INFO - Setting next_dagrun for example_branch_dop_operator_v3 to 2025-11-28 07:00:00+00:00, run_after=2025-11-28 07:01:00+00:00
[2025-11-28T07:01:03.844+0000] {processor.py:183} INFO - Processing /home/airflow/.local/lib/python3.8/site-packages/airflow/example_dags/example_branch_python_dop_operator_3.py took 0.110 seconds
[2025-11-28T07:01:34.104+0000] {processor.py:161} INFO - Started process (PID=1075) to work on /home/airflow/.local/lib/python3.8/site-packages/airflow/example_dags/example_branch_python_dop_operator_3.py
[2025-11-28T07:01:34.110+0000] {processor.py:830} INFO - Processing file /home/airflow/.local/lib/python3.8/site-packages/airflow/example_dags/example_branch_python_dop_operator_3.py for tasks to queue
[2025-11-28T07:01:34.115+0000] {logging_mixin.py:188} INFO - [2025-11-28T07:01:34.115+0000] {dagbag.py:538} INFO - Filling up the DagBag from /home/airflow/.local/lib/python3.8/site-packages/airflow/example_dags/example_branch_python_dop_operator_3.py
[2025-11-28T07:01:34.125+0000] {processor.py:840} INFO - DAG(s) 'example_branch_dop_operator_v3' retrieved from /home/airflow/.local/lib/python3.8/site-packages/airflow/example_dags/example_branch_python_dop_operator_3.py
[2025-11-28T07:01:34.153+0000] {logging_mixin.py:188} INFO - [2025-11-28T07:01:34.153+0000] {dag.py:3036} INFO - Sync 1 DAGs
[2025-11-28T07:01:34.180+0000] {logging_mixin.py:188} INFO - [2025-11-28T07:01:34.180+0000] {dag.py:3823} INFO - Setting next_dagrun for example_branch_dop_operator_v3 to 2025-11-28 07:00:00+00:00, run_after=2025-11-28 07:01:00+00:00
[2025-11-28T07:01:34.213+0000] {processor.py:183} INFO - Processing /home/airflow/.local/lib/python3.8/site-packages/airflow/example_dags/example_branch_python_dop_operator_3.py took 0.116 seconds
[2025-11-28T07:02:04.328+0000] {processor.py:161} INFO - Started process (PID=1130) to work on /home/airflow/.local/lib/python3.8/site-packages/airflow/example_dags/example_branch_python_dop_operator_3.py
[2025-11-28T07:02:04.329+0000] {processor.py:830} INFO - Processing file /home/airflow/.local/lib/python3.8/site-packages/airflow/example_dags/example_branch_python_dop_operator_3.py for tasks to queue
[2025-11-28T07:02:04.331+0000] {logging_mixin.py:188} INFO - [2025-11-28T07:02:04.331+0000] {dagbag.py:538} INFO - Filling up the DagBag from /home/airflow/.local/lib/python3.8/site-packages/airflow/example_dags/example_branch_python_dop_operator_3.py
[2025-11-28T07:02:04.337+0000] {processor.py:840} INFO - DAG(s) 'example_branch_dop_operator_v3' retrieved from /home/airflow/.local/lib/python3.8/site-packages/airflow/example_dags/example_branch_python_dop_operator_3.py
[2025-11-28T07:02:04.353+0000] {logging_mixin.py:188} INFO - [2025-11-28T07:02:04.352+0000] {dag.py:3036} INFO - Sync 1 DAGs
[2025-11-28T07:02:04.376+0000] {logging_mixin.py:188} INFO - [2025-11-28T07:02:04.375+0000] {dag.py:3823} INFO - Setting next_dagrun for example_branch_dop_operator_v3 to 2025-11-28 07:01:00+00:00, run_after=2025-11-28 07:02:00+00:00
[2025-11-28T07:02:04.392+0000] {processor.py:183} INFO - Processing /home/airflow/.local/lib/python3.8/site-packages/airflow/example_dags/example_branch_python_dop_operator_3.py took 0.068 seconds
[2025-11-28T07:02:34.693+0000] {processor.py:161} INFO - Started process (PID=1184) to work on /home/airflow/.local/lib/python3.8/site-packages/airflow/example_dags/example_branch_python_dop_operator_3.py
[2025-11-28T07:02:34.695+0000] {processor.py:830} INFO - Processing file /home/airflow/.local/lib/python3.8/site-packages/airflow/example_dags/example_branch_python_dop_operator_3.py for tasks to queue
[2025-11-28T07:02:34.699+0000] {logging_mixin.py:188} INFO - [2025-11-28T07:02:34.698+0000] {dagbag.py:538} INFO - Filling up the DagBag from /home/airflow/.local/lib/python3.8/site-packages/airflow/example_dags/example_branch_python_dop_operator_3.py
[2025-11-28T07:02:34.708+0000] {processor.py:840} INFO - DAG(s) 'example_branch_dop_operator_v3' retrieved from /home/airflow/.local/lib/python3.8/site-packages/airflow/example_dags/example_branch_python_dop_operator_3.py
[2025-11-28T07:02:34.731+0000] {logging_mixin.py:188} INFO - [2025-11-28T07:02:34.729+0000] {dag.py:3036} INFO - Sync 1 DAGs
[2025-11-28T07:02:34.751+0000] {logging_mixin.py:188} INFO - [2025-11-28T07:02:34.751+0000] {dag.py:3823} INFO - Setting next_dagrun for example_branch_dop_operator_v3 to 2025-11-28 07:01:00+00:00, run_after=2025-11-28 07:02:00+00:00
[2025-11-28T07:02:34.769+0000] {processor.py:183} INFO - Processing /home/airflow/.local/lib/python3.8/site-packages/airflow/example_dags/example_branch_python_dop_operator_3.py took 0.080 seconds
[2025-11-28T07:03:05.505+0000] {processor.py:161} INFO - Started process (PID=1240) to work on /home/airflow/.local/lib/python3.8/site-packages/airflow/example_dags/example_branch_python_dop_operator_3.py
[2025-11-28T07:03:05.507+0000] {processor.py:830} INFO - Processing file /home/airflow/.local/lib/python3.8/site-packages/airflow/example_dags/example_branch_python_dop_operator_3.py for tasks to queue
[2025-11-28T07:03:05.509+0000] {logging_mixin.py:188} INFO - [2025-11-28T07:03:05.508+0000] {dagbag.py:538} INFO - Filling up the DagBag from /home/airflow/.local/lib/python3.8/site-packages/airflow/example_dags/example_branch_python_dop_operator_3.py
[2025-11-28T07:03:05.516+0000] {processor.py:840} INFO - DAG(s) 'example_branch_dop_operator_v3' retrieved from /home/airflow/.local/lib/python3.8/site-packages/airflow/example_dags/example_branch_python_dop_operator_3.py
[2025-11-28T07:03:05.535+0000] {logging_mixin.py:188} INFO - [2025-11-28T07:03:05.535+0000] {dag.py:3036} INFO - Sync 1 DAGs
[2025-11-28T07:03:05.553+0000] {logging_mixin.py:188} INFO - [2025-11-28T07:03:05.552+0000] {dag.py:3823} INFO - Setting next_dagrun for example_branch_dop_operator_v3 to 2025-11-28 07:02:00+00:00, run_after=2025-11-28 07:03:00+00:00
[2025-11-28T07:03:05.572+0000] {processor.py:183} INFO - Processing /home/airflow/.local/lib/python3.8/site-packages/airflow/example_dags/example_branch_python_dop_operator_3.py took 0.069 seconds
[2025-11-28T07:03:36.108+0000] {processor.py:161} INFO - Started process (PID=1295) to work on /home/airflow/.local/lib/python3.8/site-packages/airflow/example_dags/example_branch_python_dop_operator_3.py
[2025-11-28T07:03:36.110+0000] {processor.py:830} INFO - Processing file /home/airflow/.local/lib/python3.8/site-packages/airflow/example_dags/example_branch_python_dop_operator_3.py for tasks to queue
[2025-11-28T07:03:36.112+0000] {logging_mixin.py:188} INFO - [2025-11-28T07:03:36.111+0000] {dagbag.py:538} INFO - Filling up the DagBag from /home/airflow/.local/lib/python3.8/site-packages/airflow/example_dags/example_branch_python_dop_operator_3.py
[2025-11-28T07:03:36.125+0000] {processor.py:840} INFO - DAG(s) 'example_branch_dop_operator_v3' retrieved from /home/airflow/.local/lib/python3.8/site-packages/airflow/example_dags/example_branch_python_dop_operator_3.py
[2025-11-28T07:03:36.151+0000] {logging_mixin.py:188} INFO - [2025-11-28T07:03:36.151+0000] {dag.py:3036} INFO - Sync 1 DAGs
[2025-11-28T07:03:36.180+0000] {logging_mixin.py:188} INFO - [2025-11-28T07:03:36.180+0000] {dag.py:3823} INFO - Setting next_dagrun for example_branch_dop_operator_v3 to 2025-11-28 07:02:00+00:00, run_after=2025-11-28 07:03:00+00:00
[2025-11-28T07:03:36.201+0000] {processor.py:183} INFO - Processing /home/airflow/.local/lib/python3.8/site-packages/airflow/example_dags/example_branch_python_dop_operator_3.py took 0.097 seconds
[2025-11-28T07:04:06.950+0000] {processor.py:161} INFO - Started process (PID=1350) to work on /home/airflow/.local/lib/python3.8/site-packages/airflow/example_dags/example_branch_python_dop_operator_3.py
[2025-11-28T07:04:06.951+0000] {processor.py:830} INFO - Processing file /home/airflow/.local/lib/python3.8/site-packages/airflow/example_dags/example_branch_python_dop_operator_3.py for tasks to queue
[2025-11-28T07:04:06.953+0000] {logging_mixin.py:188} INFO - [2025-11-28T07:04:06.953+0000] {dagbag.py:538} INFO - Filling up the DagBag from /home/airflow/.local/lib/python3.8/site-packages/airflow/example_dags/example_branch_python_dop_operator_3.py
[2025-11-28T07:04:06.964+0000] {processor.py:840} INFO - DAG(s) 'example_branch_dop_operator_v3' retrieved from /home/airflow/.local/lib/python3.8/site-packages/airflow/example_dags/example_branch_python_dop_operator_3.py
[2025-11-28T07:04:06.993+0000] {logging_mixin.py:188} INFO - [2025-11-28T07:04:06.993+0000] {dag.py:3036} INFO - Sync 1 DAGs
[2025-11-28T07:04:07.024+0000] {logging_mixin.py:188} INFO - [2025-11-28T07:04:07.024+0000] {dag.py:3823} INFO - Setting next_dagrun for example_branch_dop_operator_v3 to 2025-11-28 07:03:00+00:00, run_after=2025-11-28 07:04:00+00:00
[2025-11-28T07:04:07.046+0000] {processor.py:183} INFO - Processing /home/airflow/.local/lib/python3.8/site-packages/airflow/example_dags/example_branch_python_dop_operator_3.py took 0.101 seconds
[2025-11-28T07:04:37.498+0000] {processor.py:161} INFO - Started process (PID=1405) to work on /home/airflow/.local/lib/python3.8/site-packages/airflow/example_dags/example_branch_python_dop_operator_3.py
[2025-11-28T07:04:37.499+0000] {processor.py:830} INFO - Processing file /home/airflow/.local/lib/python3.8/site-packages/airflow/example_dags/example_branch_python_dop_operator_3.py for tasks to queue
[2025-11-28T07:04:37.500+0000] {logging_mixin.py:188} INFO - [2025-11-28T07:04:37.500+0000] {dagbag.py:538} INFO - Filling up the DagBag from /home/airflow/.local/lib/python3.8/site-packages/airflow/example_dags/example_branch_python_dop_operator_3.py
[2025-11-28T07:04:37.509+0000] {processor.py:840} INFO - DAG(s) 'example_branch_dop_operator_v3' retrieved from /home/airflow/.local/lib/python3.8/site-packages/airflow/example_dags/example_branch_python_dop_operator_3.py
[2025-11-28T07:04:37.531+0000] {logging_mixin.py:188} INFO - [2025-11-28T07:04:37.530+0000] {dag.py:3036} INFO - Sync 1 DAGs
[2025-11-28T07:04:37.558+0000] {logging_mixin.py:188} INFO - [2025-11-28T07:04:37.558+0000] {dag.py:3823} INFO - Setting next_dagrun for example_branch_dop_operator_v3 to 2025-11-28 07:03:00+00:00, run_after=2025-11-28 07:04:00+00:00
[2025-11-28T07:04:37.593+0000] {processor.py:183} INFO - Processing /home/airflow/.local/lib/python3.8/site-packages/airflow/example_dags/example_branch_python_dop_operator_3.py took 0.098 seconds
[2025-11-28T07:05:07.935+0000] {processor.py:161} INFO - Started process (PID=1461) to work on /home/airflow/.local/lib/python3.8/site-packages/airflow/example_dags/example_branch_python_dop_operator_3.py
[2025-11-28T07:05:07.937+0000] {processor.py:830} INFO - Processing file /home/airflow/.local/lib/python3.8/site-packages/airflow/example_dags/example_branch_python_dop_operator_3.py for tasks to queue
[2025-11-28T07:05:07.939+0000] {logging_mixin.py:188} INFO - [2025-11-28T07:05:07.939+0000] {dagbag.py:538} INFO - Filling up the DagBag from /home/airflow/.local/lib/python3.8/site-packages/airflow/example_dags/example_branch_python_dop_operator_3.py
[2025-11-28T07:05:07.949+0000] {processor.py:840} INFO - DAG(s) 'example_branch_dop_operator_v3' retrieved from /home/airflow/.local/lib/python3.8/site-packages/airflow/example_dags/example_branch_python_dop_operator_3.py
[2025-11-28T07:05:07.971+0000] {logging_mixin.py:188} INFO - [2025-11-28T07:05:07.971+0000] {dag.py:3036} INFO - Sync 1 DAGs
[2025-11-28T07:05:07.990+0000] {logging_mixin.py:188} INFO - [2025-11-28T07:05:07.990+0000] {dag.py:3823} INFO - Setting next_dagrun for example_branch_dop_operator_v3 to 2025-11-28 07:04:00+00:00, run_after=2025-11-28 07:05:00+00:00
[2025-11-28T07:05:08.008+0000] {processor.py:183} INFO - Processing /home/airflow/.local/lib/python3.8/site-packages/airflow/example_dags/example_branch_python_dop_operator_3.py took 0.076 seconds
[2025-11-28T07:05:38.542+0000] {processor.py:161} INFO - Started process (PID=1516) to work on /home/airflow/.local/lib/python3.8/site-packages/airflow/example_dags/example_branch_python_dop_operator_3.py
[2025-11-28T07:05:38.544+0000] {processor.py:830} INFO - Processing file /home/airflow/.local/lib/python3.8/site-packages/airflow/example_dags/example_branch_python_dop_operator_3.py for tasks to queue
[2025-11-28T07:05:38.545+0000] {logging_mixin.py:188} INFO - [2025-11-28T07:05:38.545+0000] {dagbag.py:538} INFO - Filling up the DagBag from /home/airflow/.local/lib/python3.8/site-packages/airflow/example_dags/example_branch_python_dop_operator_3.py
[2025-11-28T07:05:38.553+0000] {processor.py:840} INFO - DAG(s) 'example_branch_dop_operator_v3' retrieved from /home/airflow/.local/lib/python3.8/site-packages/airflow/example_dags/example_branch_python_dop_operator_3.py
[2025-11-28T07:05:38.571+0000] {logging_mixin.py:188} INFO - [2025-11-28T07:05:38.571+0000] {dag.py:3036} INFO - Sync 1 DAGs
[2025-11-28T07:05:38.593+0000] {logging_mixin.py:188} INFO - [2025-11-28T07:05:38.593+0000] {dag.py:3823} INFO - Setting next_dagrun for example_branch_dop_operator_v3 to 2025-11-28 07:04:00+00:00, run_after=2025-11-28 07:05:00+00:00
[2025-11-28T07:05:38.608+0000] {processor.py:183} INFO - Processing /home/airflow/.local/lib/python3.8/site-packages/airflow/example_dags/example_branch_python_dop_operator_3.py took 0.068 seconds
[2025-11-28T07:06:09.224+0000] {processor.py:161} INFO - Started process (PID=1571) to work on /home/airflow/.local/lib/python3.8/site-packages/airflow/example_dags/example_branch_python_dop_operator_3.py
[2025-11-28T07:06:09.225+0000] {processor.py:830} INFO - Processing file /home/airflow/.local/lib/python3.8/site-packages/airflow/example_dags/example_branch_python_dop_operator_3.py for tasks to queue
[2025-11-28T07:06:09.227+0000] {logging_mixin.py:188} INFO - [2025-11-28T07:06:09.226+0000] {dagbag.py:538} INFO - Filling up the DagBag from /home/airflow/.local/lib/python3.8/site-packages/airflow/example_dags/example_branch_python_dop_operator_3.py
[2025-11-28T07:06:09.233+0000] {processor.py:840} INFO - DAG(s) 'example_branch_dop_operator_v3' retrieved from /home/airflow/.local/lib/python3.8/site-packages/airflow/example_dags/example_branch_python_dop_operator_3.py
[2025-11-28T07:06:09.249+0000] {logging_mixin.py:188} INFO - [2025-11-28T07:06:09.249+0000] {dag.py:3036} INFO - Sync 1 DAGs
[2025-11-28T07:06:09.272+0000] {logging_mixin.py:188} INFO - [2025-11-28T07:06:09.272+0000] {dag.py:3823} INFO - Setting next_dagrun for example_branch_dop_operator_v3 to 2025-11-28 07:05:00+00:00, run_after=2025-11-28 07:06:00+00:00
[2025-11-28T07:06:09.294+0000] {processor.py:183} INFO - Processing /home/airflow/.local/lib/python3.8/site-packages/airflow/example_dags/example_branch_python_dop_operator_3.py took 0.073 seconds
[2025-11-28T07:06:39.854+0000] {processor.py:161} INFO - Started process (PID=1626) to work on /home/airflow/.local/lib/python3.8/site-packages/airflow/example_dags/example_branch_python_dop_operator_3.py
[2025-11-28T07:06:39.856+0000] {processor.py:830} INFO - Processing file /home/airflow/.local/lib/python3.8/site-packages/airflow/example_dags/example_branch_python_dop_operator_3.py for tasks to queue
[2025-11-28T07:06:39.858+0000] {logging_mixin.py:188} INFO - [2025-11-28T07:06:39.858+0000] {dagbag.py:538} INFO - Filling up the DagBag from /home/airflow/.local/lib/python3.8/site-packages/airflow/example_dags/example_branch_python_dop_operator_3.py
[2025-11-28T07:06:39.868+0000] {processor.py:840} INFO - DAG(s) 'example_branch_dop_operator_v3' retrieved from /home/airflow/.local/lib/python3.8/site-packages/airflow/example_dags/example_branch_python_dop_operator_3.py
[2025-11-28T07:06:39.886+0000] {logging_mixin.py:188} INFO - [2025-11-28T07:06:39.886+0000] {dag.py:3036} INFO - Sync 1 DAGs
[2025-11-28T07:06:39.904+0000] {logging_mixin.py:188} INFO - [2025-11-28T07:06:39.904+0000] {dag.py:3823} INFO - Setting next_dagrun for example_branch_dop_operator_v3 to 2025-11-28 07:05:00+00:00, run_after=2025-11-28 07:06:00+00:00
[2025-11-28T07:06:39.917+0000] {processor.py:183} INFO - Processing /home/airflow/.local/lib/python3.8/site-packages/airflow/example_dags/example_branch_python_dop_operator_3.py took 0.067 seconds
[2025-11-28T07:07:10.024+0000] {processor.py:161} INFO - Started process (PID=1681) to work on /home/airflow/.local/lib/python3.8/site-packages/airflow/example_dags/example_branch_python_dop_operator_3.py
[2025-11-28T07:07:10.025+0000] {processor.py:830} INFO - Processing file /home/airflow/.local/lib/python3.8/site-packages/airflow/example_dags/example_branch_python_dop_operator_3.py for tasks to queue
[2025-11-28T07:07:10.028+0000] {logging_mixin.py:188} INFO - [2025-11-28T07:07:10.028+0000] {dagbag.py:538} INFO - Filling up the DagBag from /home/airflow/.local/lib/python3.8/site-packages/airflow/example_dags/example_branch_python_dop_operator_3.py
[2025-11-28T07:07:10.034+0000] {processor.py:840} INFO - DAG(s) 'example_branch_dop_operator_v3' retrieved from /home/airflow/.local/lib/python3.8/site-packages/airflow/example_dags/example_branch_python_dop_operator_3.py
[2025-11-28T07:07:10.052+0000] {logging_mixin.py:188} INFO - [2025-11-28T07:07:10.051+0000] {dag.py:3036} INFO - Sync 1 DAGs
[2025-11-28T07:07:10.078+0000] {logging_mixin.py:188} INFO - [2025-11-28T07:07:10.078+0000] {dag.py:3823} INFO - Setting next_dagrun for example_branch_dop_operator_v3 to 2025-11-28 07:06:00+00:00, run_after=2025-11-28 07:07:00+00:00
[2025-11-28T07:07:10.096+0000] {processor.py:183} INFO - Processing /home/airflow/.local/lib/python3.8/site-packages/airflow/example_dags/example_branch_python_dop_operator_3.py took 0.075 seconds
[2025-11-28T07:07:40.564+0000] {processor.py:161} INFO - Started process (PID=1736) to work on /home/airflow/.local/lib/python3.8/site-packages/airflow/example_dags/example_branch_python_dop_operator_3.py
[2025-11-28T07:07:40.566+0000] {processor.py:830} INFO - Processing file /home/airflow/.local/lib/python3.8/site-packages/airflow/example_dags/example_branch_python_dop_operator_3.py for tasks to queue
[2025-11-28T07:07:40.568+0000] {logging_mixin.py:188} INFO - [2025-11-28T07:07:40.568+0000] {dagbag.py:538} INFO - Filling up the DagBag from /home/airflow/.local/lib/python3.8/site-packages/airflow/example_dags/example_branch_python_dop_operator_3.py
[2025-11-28T07:07:40.578+0000] {processor.py:840} INFO - DAG(s) 'example_branch_dop_operator_v3' retrieved from /home/airflow/.local/lib/python3.8/site-packages/airflow/example_dags/example_branch_python_dop_operator_3.py
[2025-11-28T07:07:40.605+0000] {logging_mixin.py:188} INFO - [2025-11-28T07:07:40.605+0000] {dag.py:3036} INFO - Sync 1 DAGs
[2025-11-28T07:07:40.622+0000] {logging_mixin.py:188} INFO - [2025-11-28T07:07:40.622+0000] {dag.py:3823} INFO - Setting next_dagrun for example_branch_dop_operator_v3 to 2025-11-28 07:06:00+00:00, run_after=2025-11-28 07:07:00+00:00
[2025-11-28T07:07:40.647+0000] {processor.py:183} INFO - Processing /home/airflow/.local/lib/python3.8/site-packages/airflow/example_dags/example_branch_python_dop_operator_3.py took 0.086 seconds
[2025-11-28T07:08:11.548+0000] {processor.py:161} INFO - Started process (PID=1791) to work on /home/airflow/.local/lib/python3.8/site-packages/airflow/example_dags/example_branch_python_dop_operator_3.py
[2025-11-28T07:08:11.551+0000] {processor.py:830} INFO - Processing file /home/airflow/.local/lib/python3.8/site-packages/airflow/example_dags/example_branch_python_dop_operator_3.py for tasks to queue
[2025-11-28T07:08:11.557+0000] {logging_mixin.py:188} INFO - [2025-11-28T07:08:11.556+0000] {dagbag.py:538} INFO - Filling up the DagBag from /home/airflow/.local/lib/python3.8/site-packages/airflow/example_dags/example_branch_python_dop_operator_3.py
[2025-11-28T07:08:11.579+0000] {processor.py:840} INFO - DAG(s) 'example_branch_dop_operator_v3' retrieved from /home/airflow/.local/lib/python3.8/site-packages/airflow/example_dags/example_branch_python_dop_operator_3.py
[2025-11-28T07:08:11.612+0000] {logging_mixin.py:188} INFO - [2025-11-28T07:08:11.612+0000] {dag.py:3036} INFO - Sync 1 DAGs
[2025-11-28T07:08:11.645+0000] {logging_mixin.py:188} INFO - [2025-11-28T07:08:11.645+0000] {dag.py:3823} INFO - Setting next_dagrun for example_branch_dop_operator_v3 to 2025-11-28 07:07:00+00:00, run_after=2025-11-28 07:08:00+00:00
[2025-11-28T07:08:11.671+0000] {processor.py:183} INFO - Processing /home/airflow/.local/lib/python3.8/site-packages/airflow/example_dags/example_branch_python_dop_operator_3.py took 0.128 seconds
[2025-11-28T07:08:41.750+0000] {processor.py:161} INFO - Started process (PID=1846) to work on /home/airflow/.local/lib/python3.8/site-packages/airflow/example_dags/example_branch_python_dop_operator_3.py
[2025-11-28T07:08:41.752+0000] {processor.py:830} INFO - Processing file /home/airflow/.local/lib/python3.8/site-packages/airflow/example_dags/example_branch_python_dop_operator_3.py for tasks to queue
[2025-11-28T07:08:41.756+0000] {logging_mixin.py:188} INFO - [2025-11-28T07:08:41.755+0000] {dagbag.py:538} INFO - Filling up the DagBag from /home/airflow/.local/lib/python3.8/site-packages/airflow/example_dags/example_branch_python_dop_operator_3.py
[2025-11-28T07:08:41.773+0000] {processor.py:840} INFO - DAG(s) 'example_branch_dop_operator_v3' retrieved from /home/airflow/.local/lib/python3.8/site-packages/airflow/example_dags/example_branch_python_dop_operator_3.py
[2025-11-28T07:08:41.799+0000] {logging_mixin.py:188} INFO - [2025-11-28T07:08:41.799+0000] {dag.py:3036} INFO - Sync 1 DAGs
[2025-11-28T07:08:41.825+0000] {logging_mixin.py:188} INFO - [2025-11-28T07:08:41.825+0000] {dag.py:3823} INFO - Setting next_dagrun for example_branch_dop_operator_v3 to 2025-11-28 07:07:00+00:00, run_after=2025-11-28 07:08:00+00:00
[2025-11-28T07:08:41.846+0000] {processor.py:183} INFO - Processing /home/airflow/.local/lib/python3.8/site-packages/airflow/example_dags/example_branch_python_dop_operator_3.py took 0.101 seconds
[2025-11-28T07:09:12.718+0000] {processor.py:161} INFO - Started process (PID=1901) to work on /home/airflow/.local/lib/python3.8/site-packages/airflow/example_dags/example_branch_python_dop_operator_3.py
[2025-11-28T07:09:12.719+0000] {processor.py:830} INFO - Processing file /home/airflow/.local/lib/python3.8/site-packages/airflow/example_dags/example_branch_python_dop_operator_3.py for tasks to queue
[2025-11-28T07:09:12.721+0000] {logging_mixin.py:188} INFO - [2025-11-28T07:09:12.720+0000] {dagbag.py:538} INFO - Filling up the DagBag from /home/airflow/.local/lib/python3.8/site-packages/airflow/example_dags/example_branch_python_dop_operator_3.py
[2025-11-28T07:09:12.727+0000] {processor.py:840} INFO - DAG(s) 'example_branch_dop_operator_v3' retrieved from /home/airflow/.local/lib/python3.8/site-packages/airflow/example_dags/example_branch_python_dop_operator_3.py
[2025-11-28T07:09:12.744+0000] {logging_mixin.py:188} INFO - [2025-11-28T07:09:12.744+0000] {dag.py:3036} INFO - Sync 1 DAGs
[2025-11-28T07:09:12.763+0000] {logging_mixin.py:188} INFO - [2025-11-28T07:09:12.763+0000] {dag.py:3823} INFO - Setting next_dagrun for example_branch_dop_operator_v3 to 2025-11-28 07:08:00+00:00, run_after=2025-11-28 07:09:00+00:00
[2025-11-28T07:09:12.781+0000] {processor.py:183} INFO - Processing /home/airflow/.local/lib/python3.8/site-packages/airflow/example_dags/example_branch_python_dop_operator_3.py took 0.066 seconds
[2025-11-28T07:09:43.008+0000] {processor.py:161} INFO - Started process (PID=1956) to work on /home/airflow/.local/lib/python3.8/site-packages/airflow/example_dags/example_branch_python_dop_operator_3.py
[2025-11-28T07:09:43.010+0000] {processor.py:830} INFO - Processing file /home/airflow/.local/lib/python3.8/site-packages/airflow/example_dags/example_branch_python_dop_operator_3.py for tasks to queue
[2025-11-28T07:09:43.013+0000] {logging_mixin.py:188} INFO - [2025-11-28T07:09:43.013+0000] {dagbag.py:538} INFO - Filling up the DagBag from /home/airflow/.local/lib/python3.8/site-packages/airflow/example_dags/example_branch_python_dop_operator_3.py
[2025-11-28T07:09:43.024+0000] {processor.py:840} INFO - DAG(s) 'example_branch_dop_operator_v3' retrieved from /home/airflow/.local/lib/python3.8/site-packages/airflow/example_dags/example_branch_python_dop_operator_3.py
[2025-11-28T07:09:43.045+0000] {logging_mixin.py:188} INFO - [2025-11-28T07:09:43.044+0000] {dag.py:3036} INFO - Sync 1 DAGs
[2025-11-28T07:09:43.070+0000] {logging_mixin.py:188} INFO - [2025-11-28T07:09:43.070+0000] {dag.py:3823} INFO - Setting next_dagrun for example_branch_dop_operator_v3 to 2025-11-28 07:08:00+00:00, run_after=2025-11-28 07:09:00+00:00
[2025-11-28T07:09:43.088+0000] {processor.py:183} INFO - Processing /home/airflow/.local/lib/python3.8/site-packages/airflow/example_dags/example_branch_python_dop_operator_3.py took 0.086 seconds
[2025-11-28T07:10:13.876+0000] {processor.py:161} INFO - Started process (PID=2011) to work on /home/airflow/.local/lib/python3.8/site-packages/airflow/example_dags/example_branch_python_dop_operator_3.py
[2025-11-28T07:10:13.877+0000] {processor.py:830} INFO - Processing file /home/airflow/.local/lib/python3.8/site-packages/airflow/example_dags/example_branch_python_dop_operator_3.py for tasks to queue
[2025-11-28T07:10:13.880+0000] {logging_mixin.py:188} INFO - [2025-11-28T07:10:13.880+0000] {dagbag.py:538} INFO - Filling up the DagBag from /home/airflow/.local/lib/python3.8/site-packages/airflow/example_dags/example_branch_python_dop_operator_3.py
[2025-11-28T07:10:13.901+0000] {processor.py:840} INFO - DAG(s) 'example_branch_dop_operator_v3' retrieved from /home/airflow/.local/lib/python3.8/site-packages/airflow/example_dags/example_branch_python_dop_operator_3.py
[2025-11-28T07:10:13.925+0000] {logging_mixin.py:188} INFO - [2025-11-28T07:10:13.925+0000] {dag.py:3036} INFO - Sync 1 DAGs
[2025-11-28T07:10:13.980+0000] {logging_mixin.py:188} INFO - [2025-11-28T07:10:13.980+0000] {dag.py:3823} INFO - Setting next_dagrun for example_branch_dop_operator_v3 to 2025-11-28 07:09:00+00:00, run_after=2025-11-28 07:10:00+00:00
[2025-11-28T07:10:14.004+0000] {processor.py:183} INFO - Processing /home/airflow/.local/lib/python3.8/site-packages/airflow/example_dags/example_branch_python_dop_operator_3.py took 0.132 seconds
[2025-11-28T07:10:44.138+0000] {processor.py:161} INFO - Started process (PID=2066) to work on /home/airflow/.local/lib/python3.8/site-packages/airflow/example_dags/example_branch_python_dop_operator_3.py
[2025-11-28T07:10:44.139+0000] {processor.py:830} INFO - Processing file /home/airflow/.local/lib/python3.8/site-packages/airflow/example_dags/example_branch_python_dop_operator_3.py for tasks to queue
[2025-11-28T07:10:44.142+0000] {logging_mixin.py:188} INFO - [2025-11-28T07:10:44.142+0000] {dagbag.py:538} INFO - Filling up the DagBag from /home/airflow/.local/lib/python3.8/site-packages/airflow/example_dags/example_branch_python_dop_operator_3.py
[2025-11-28T07:10:44.152+0000] {processor.py:840} INFO - DAG(s) 'example_branch_dop_operator_v3' retrieved from /home/airflow/.local/lib/python3.8/site-packages/airflow/example_dags/example_branch_python_dop_operator_3.py
[2025-11-28T07:10:44.215+0000] {logging_mixin.py:188} INFO - [2025-11-28T07:10:44.215+0000] {dag.py:3036} INFO - Sync 1 DAGs
[2025-11-28T07:10:44.243+0000] {logging_mixin.py:188} INFO - [2025-11-28T07:10:44.243+0000] {dag.py:3823} INFO - Setting next_dagrun for example_branch_dop_operator_v3 to 2025-11-28 07:09:00+00:00, run_after=2025-11-28 07:10:00+00:00
[2025-11-28T07:10:44.271+0000] {processor.py:183} INFO - Processing /home/airflow/.local/lib/python3.8/site-packages/airflow/example_dags/example_branch_python_dop_operator_3.py took 0.137 seconds
[2025-11-28T07:11:14.463+0000] {processor.py:161} INFO - Started process (PID=2121) to work on /home/airflow/.local/lib/python3.8/site-packages/airflow/example_dags/example_branch_python_dop_operator_3.py
[2025-11-28T07:11:14.467+0000] {processor.py:830} INFO - Processing file /home/airflow/.local/lib/python3.8/site-packages/airflow/example_dags/example_branch_python_dop_operator_3.py for tasks to queue
[2025-11-28T07:11:14.474+0000] {logging_mixin.py:188} INFO - [2025-11-28T07:11:14.473+0000] {dagbag.py:538} INFO - Filling up the DagBag from /home/airflow/.local/lib/python3.8/site-packages/airflow/example_dags/example_branch_python_dop_operator_3.py
[2025-11-28T07:11:14.488+0000] {processor.py:840} INFO - DAG(s) 'example_branch_dop_operator_v3' retrieved from /home/airflow/.local/lib/python3.8/site-packages/airflow/example_dags/example_branch_python_dop_operator_3.py
[2025-11-28T07:11:14.521+0000] {logging_mixin.py:188} INFO - [2025-11-28T07:11:14.520+0000] {dag.py:3036} INFO - Sync 1 DAGs
[2025-11-28T07:11:14.562+0000] {logging_mixin.py:188} INFO - [2025-11-28T07:11:14.561+0000] {dag.py:3823} INFO - Setting next_dagrun for example_branch_dop_operator_v3 to 2025-11-28 07:10:00+00:00, run_after=2025-11-28 07:11:00+00:00
[2025-11-28T07:11:14.602+0000] {processor.py:183} INFO - Processing /home/airflow/.local/lib/python3.8/site-packages/airflow/example_dags/example_branch_python_dop_operator_3.py took 0.142 seconds
[2025-11-28T07:11:44.785+0000] {processor.py:161} INFO - Started process (PID=2176) to work on /home/airflow/.local/lib/python3.8/site-packages/airflow/example_dags/example_branch_python_dop_operator_3.py
[2025-11-28T07:11:44.788+0000] {processor.py:830} INFO - Processing file /home/airflow/.local/lib/python3.8/site-packages/airflow/example_dags/example_branch_python_dop_operator_3.py for tasks to queue
[2025-11-28T07:11:44.793+0000] {logging_mixin.py:188} INFO - [2025-11-28T07:11:44.792+0000] {dagbag.py:538} INFO - Filling up the DagBag from /home/airflow/.local/lib/python3.8/site-packages/airflow/example_dags/example_branch_python_dop_operator_3.py
[2025-11-28T07:11:44.809+0000] {processor.py:840} INFO - DAG(s) 'example_branch_dop_operator_v3' retrieved from /home/airflow/.local/lib/python3.8/site-packages/airflow/example_dags/example_branch_python_dop_operator_3.py
[2025-11-28T07:11:44.846+0000] {logging_mixin.py:188} INFO - [2025-11-28T07:11:44.845+0000] {dag.py:3036} INFO - Sync 1 DAGs
[2025-11-28T07:11:44.882+0000] {logging_mixin.py:188} INFO - [2025-11-28T07:11:44.882+0000] {dag.py:3823} INFO - Setting next_dagrun for example_branch_dop_operator_v3 to 2025-11-28 07:10:00+00:00, run_after=2025-11-28 07:11:00+00:00
[2025-11-28T07:11:44.921+0000] {processor.py:183} INFO - Processing /home/airflow/.local/lib/python3.8/site-packages/airflow/example_dags/example_branch_python_dop_operator_3.py took 0.143 seconds
[2025-11-28T07:12:15.076+0000] {processor.py:161} INFO - Started process (PID=2231) to work on /home/airflow/.local/lib/python3.8/site-packages/airflow/example_dags/example_branch_python_dop_operator_3.py
[2025-11-28T07:12:15.078+0000] {processor.py:830} INFO - Processing file /home/airflow/.local/lib/python3.8/site-packages/airflow/example_dags/example_branch_python_dop_operator_3.py for tasks to queue
[2025-11-28T07:12:15.080+0000] {logging_mixin.py:188} INFO - [2025-11-28T07:12:15.080+0000] {dagbag.py:538} INFO - Filling up the DagBag from /home/airflow/.local/lib/python3.8/site-packages/airflow/example_dags/example_branch_python_dop_operator_3.py
[2025-11-28T07:12:15.092+0000] {processor.py:840} INFO - DAG(s) 'example_branch_dop_operator_v3' retrieved from /home/airflow/.local/lib/python3.8/site-packages/airflow/example_dags/example_branch_python_dop_operator_3.py
[2025-11-28T07:12:15.112+0000] {logging_mixin.py:188} INFO - [2025-11-28T07:12:15.112+0000] {dag.py:3036} INFO - Sync 1 DAGs
[2025-11-28T07:12:15.135+0000] {logging_mixin.py:188} INFO - [2025-11-28T07:12:15.135+0000] {dag.py:3823} INFO - Setting next_dagrun for example_branch_dop_operator_v3 to 2025-11-28 07:11:00+00:00, run_after=2025-11-28 07:12:00+00:00
[2025-11-28T07:12:15.150+0000] {processor.py:183} INFO - Processing /home/airflow/.local/lib/python3.8/site-packages/airflow/example_dags/example_branch_python_dop_operator_3.py took 0.078 seconds
[2025-11-28T07:12:45.689+0000] {processor.py:161} INFO - Started process (PID=2286) to work on /home/airflow/.local/lib/python3.8/site-packages/airflow/example_dags/example_branch_python_dop_operator_3.py
[2025-11-28T07:12:45.691+0000] {processor.py:830} INFO - Processing file /home/airflow/.local/lib/python3.8/site-packages/airflow/example_dags/example_branch_python_dop_operator_3.py for tasks to queue
[2025-11-28T07:12:45.694+0000] {logging_mixin.py:188} INFO - [2025-11-28T07:12:45.693+0000] {dagbag.py:538} INFO - Filling up the DagBag from /home/airflow/.local/lib/python3.8/site-packages/airflow/example_dags/example_branch_python_dop_operator_3.py
[2025-11-28T07:12:45.707+0000] {processor.py:840} INFO - DAG(s) 'example_branch_dop_operator_v3' retrieved from /home/airflow/.local/lib/python3.8/site-packages/airflow/example_dags/example_branch_python_dop_operator_3.py
[2025-11-28T07:12:45.727+0000] {logging_mixin.py:188} INFO - [2025-11-28T07:12:45.727+0000] {dag.py:3036} INFO - Sync 1 DAGs
[2025-11-28T07:12:45.747+0000] {logging_mixin.py:188} INFO - [2025-11-28T07:12:45.746+0000] {dag.py:3823} INFO - Setting next_dagrun for example_branch_dop_operator_v3 to 2025-11-28 07:11:00+00:00, run_after=2025-11-28 07:12:00+00:00
[2025-11-28T07:12:45.765+0000] {processor.py:183} INFO - Processing /home/airflow/.local/lib/python3.8/site-packages/airflow/example_dags/example_branch_python_dop_operator_3.py took 0.079 seconds
[2025-11-28T07:13:16.678+0000] {processor.py:161} INFO - Started process (PID=2341) to work on /home/airflow/.local/lib/python3.8/site-packages/airflow/example_dags/example_branch_python_dop_operator_3.py
[2025-11-28T07:13:16.680+0000] {processor.py:830} INFO - Processing file /home/airflow/.local/lib/python3.8/site-packages/airflow/example_dags/example_branch_python_dop_operator_3.py for tasks to queue
[2025-11-28T07:13:16.683+0000] {logging_mixin.py:188} INFO - [2025-11-28T07:13:16.682+0000] {dagbag.py:538} INFO - Filling up the DagBag from /home/airflow/.local/lib/python3.8/site-packages/airflow/example_dags/example_branch_python_dop_operator_3.py
[2025-11-28T07:13:16.691+0000] {processor.py:840} INFO - DAG(s) 'example_branch_dop_operator_v3' retrieved from /home/airflow/.local/lib/python3.8/site-packages/airflow/example_dags/example_branch_python_dop_operator_3.py
[2025-11-28T07:13:16.708+0000] {logging_mixin.py:188} INFO - [2025-11-28T07:13:16.708+0000] {dag.py:3036} INFO - Sync 1 DAGs
[2025-11-28T07:13:16.730+0000] {logging_mixin.py:188} INFO - [2025-11-28T07:13:16.729+0000] {dag.py:3823} INFO - Setting next_dagrun for example_branch_dop_operator_v3 to 2025-11-28 07:12:00+00:00, run_after=2025-11-28 07:13:00+00:00
[2025-11-28T07:13:16.749+0000] {processor.py:183} INFO - Processing /home/airflow/.local/lib/python3.8/site-packages/airflow/example_dags/example_branch_python_dop_operator_3.py took 0.076 seconds
[2025-11-28T07:13:47.213+0000] {processor.py:161} INFO - Started process (PID=2396) to work on /home/airflow/.local/lib/python3.8/site-packages/airflow/example_dags/example_branch_python_dop_operator_3.py
[2025-11-28T07:13:47.216+0000] {processor.py:830} INFO - Processing file /home/airflow/.local/lib/python3.8/site-packages/airflow/example_dags/example_branch_python_dop_operator_3.py for tasks to queue
[2025-11-28T07:13:47.218+0000] {logging_mixin.py:188} INFO - [2025-11-28T07:13:47.218+0000] {dagbag.py:538} INFO - Filling up the DagBag from /home/airflow/.local/lib/python3.8/site-packages/airflow/example_dags/example_branch_python_dop_operator_3.py
[2025-11-28T07:13:47.227+0000] {processor.py:840} INFO - DAG(s) 'example_branch_dop_operator_v3' retrieved from /home/airflow/.local/lib/python3.8/site-packages/airflow/example_dags/example_branch_python_dop_operator_3.py
[2025-11-28T07:13:47.249+0000] {logging_mixin.py:188} INFO - [2025-11-28T07:13:47.249+0000] {dag.py:3036} INFO - Sync 1 DAGs
[2025-11-28T07:13:47.269+0000] {logging_mixin.py:188} INFO - [2025-11-28T07:13:47.269+0000] {dag.py:3823} INFO - Setting next_dagrun for example_branch_dop_operator_v3 to 2025-11-28 07:12:00+00:00, run_after=2025-11-28 07:13:00+00:00
[2025-11-28T07:13:47.290+0000] {processor.py:183} INFO - Processing /home/airflow/.local/lib/python3.8/site-packages/airflow/example_dags/example_branch_python_dop_operator_3.py took 0.080 seconds
[2025-11-28T07:14:17.818+0000] {processor.py:161} INFO - Started process (PID=2452) to work on /home/airflow/.local/lib/python3.8/site-packages/airflow/example_dags/example_branch_python_dop_operator_3.py
[2025-11-28T07:14:17.819+0000] {processor.py:830} INFO - Processing file /home/airflow/.local/lib/python3.8/site-packages/airflow/example_dags/example_branch_python_dop_operator_3.py for tasks to queue
[2025-11-28T07:14:17.820+0000] {logging_mixin.py:188} INFO - [2025-11-28T07:14:17.820+0000] {dagbag.py:538} INFO - Filling up the DagBag from /home/airflow/.local/lib/python3.8/site-packages/airflow/example_dags/example_branch_python_dop_operator_3.py
[2025-11-28T07:14:17.828+0000] {processor.py:840} INFO - DAG(s) 'example_branch_dop_operator_v3' retrieved from /home/airflow/.local/lib/python3.8/site-packages/airflow/example_dags/example_branch_python_dop_operator_3.py
[2025-11-28T07:14:17.848+0000] {logging_mixin.py:188} INFO - [2025-11-28T07:14:17.848+0000] {dag.py:3036} INFO - Sync 1 DAGs
[2025-11-28T07:14:17.867+0000] {logging_mixin.py:188} INFO - [2025-11-28T07:14:17.867+0000] {dag.py:3823} INFO - Setting next_dagrun for example_branch_dop_operator_v3 to 2025-11-28 07:13:00+00:00, run_after=2025-11-28 07:14:00+00:00
[2025-11-28T07:14:17.884+0000] {processor.py:183} INFO - Processing /home/airflow/.local/lib/python3.8/site-packages/airflow/example_dags/example_branch_python_dop_operator_3.py took 0.069 seconds
[2025-11-28T07:14:48.087+0000] {processor.py:161} INFO - Started process (PID=2507) to work on /home/airflow/.local/lib/python3.8/site-packages/airflow/example_dags/example_branch_python_dop_operator_3.py
[2025-11-28T07:14:48.089+0000] {processor.py:830} INFO - Processing file /home/airflow/.local/lib/python3.8/site-packages/airflow/example_dags/example_branch_python_dop_operator_3.py for tasks to queue
[2025-11-28T07:14:48.092+0000] {logging_mixin.py:188} INFO - [2025-11-28T07:14:48.092+0000] {dagbag.py:538} INFO - Filling up the DagBag from /home/airflow/.local/lib/python3.8/site-packages/airflow/example_dags/example_branch_python_dop_operator_3.py
[2025-11-28T07:14:48.107+0000] {processor.py:840} INFO - DAG(s) 'example_branch_dop_operator_v3' retrieved from /home/airflow/.local/lib/python3.8/site-packages/airflow/example_dags/example_branch_python_dop_operator_3.py
[2025-11-28T07:14:48.127+0000] {logging_mixin.py:188} INFO - [2025-11-28T07:14:48.126+0000] {dag.py:3036} INFO - Sync 1 DAGs
[2025-11-28T07:14:48.145+0000] {logging_mixin.py:188} INFO - [2025-11-28T07:14:48.145+0000] {dag.py:3823} INFO - Setting next_dagrun for example_branch_dop_operator_v3 to 2025-11-28 07:13:00+00:00, run_after=2025-11-28 07:14:00+00:00
[2025-11-28T07:14:48.163+0000] {processor.py:183} INFO - Processing /home/airflow/.local/lib/python3.8/site-packages/airflow/example_dags/example_branch_python_dop_operator_3.py took 0.083 seconds
[2025-11-28T07:15:18.419+0000] {processor.py:161} INFO - Started process (PID=2562) to work on /home/airflow/.local/lib/python3.8/site-packages/airflow/example_dags/example_branch_python_dop_operator_3.py
[2025-11-28T07:15:18.422+0000] {processor.py:830} INFO - Processing file /home/airflow/.local/lib/python3.8/site-packages/airflow/example_dags/example_branch_python_dop_operator_3.py for tasks to queue
[2025-11-28T07:15:18.427+0000] {logging_mixin.py:188} INFO - [2025-11-28T07:15:18.426+0000] {dagbag.py:538} INFO - Filling up the DagBag from /home/airflow/.local/lib/python3.8/site-packages/airflow/example_dags/example_branch_python_dop_operator_3.py
[2025-11-28T07:15:18.441+0000] {processor.py:840} INFO - DAG(s) 'example_branch_dop_operator_v3' retrieved from /home/airflow/.local/lib/python3.8/site-packages/airflow/example_dags/example_branch_python_dop_operator_3.py
[2025-11-28T07:15:18.474+0000] {logging_mixin.py:188} INFO - [2025-11-28T07:15:18.474+0000] {dag.py:3036} INFO - Sync 1 DAGs
[2025-11-28T07:15:18.600+0000] {logging_mixin.py:188} INFO - [2025-11-28T07:15:18.600+0000] {dag.py:3823} INFO - Setting next_dagrun for example_branch_dop_operator_v3 to 2025-11-28 07:14:00+00:00, run_after=2025-11-28 07:15:00+00:00
[2025-11-28T07:15:18.618+0000] {processor.py:183} INFO - Processing /home/airflow/.local/lib/python3.8/site-packages/airflow/example_dags/example_branch_python_dop_operator_3.py took 0.204 seconds
[2025-11-28T07:15:49.020+0000] {processor.py:161} INFO - Started process (PID=2617) to work on /home/airflow/.local/lib/python3.8/site-packages/airflow/example_dags/example_branch_python_dop_operator_3.py
[2025-11-28T07:15:49.024+0000] {processor.py:830} INFO - Processing file /home/airflow/.local/lib/python3.8/site-packages/airflow/example_dags/example_branch_python_dop_operator_3.py for tasks to queue
[2025-11-28T07:15:49.028+0000] {logging_mixin.py:188} INFO - [2025-11-28T07:15:49.028+0000] {dagbag.py:538} INFO - Filling up the DagBag from /home/airflow/.local/lib/python3.8/site-packages/airflow/example_dags/example_branch_python_dop_operator_3.py
[2025-11-28T07:15:49.037+0000] {processor.py:840} INFO - DAG(s) 'example_branch_dop_operator_v3' retrieved from /home/airflow/.local/lib/python3.8/site-packages/airflow/example_dags/example_branch_python_dop_operator_3.py
[2025-11-28T07:15:49.057+0000] {logging_mixin.py:188} INFO - [2025-11-28T07:15:49.057+0000] {dag.py:3036} INFO - Sync 1 DAGs
[2025-11-28T07:15:49.211+0000] {logging_mixin.py:188} INFO - [2025-11-28T07:15:49.211+0000] {dag.py:3823} INFO - Setting next_dagrun for example_branch_dop_operator_v3 to 2025-11-28 07:14:00+00:00, run_after=2025-11-28 07:15:00+00:00
[2025-11-28T07:15:49.232+0000] {processor.py:183} INFO - Processing /home/airflow/.local/lib/python3.8/site-packages/airflow/example_dags/example_branch_python_dop_operator_3.py took 0.216 seconds
[2025-11-28T07:16:19.690+0000] {processor.py:161} INFO - Started process (PID=2672) to work on /home/airflow/.local/lib/python3.8/site-packages/airflow/example_dags/example_branch_python_dop_operator_3.py
[2025-11-28T07:16:19.691+0000] {processor.py:830} INFO - Processing file /home/airflow/.local/lib/python3.8/site-packages/airflow/example_dags/example_branch_python_dop_operator_3.py for tasks to queue
[2025-11-28T07:16:19.693+0000] {logging_mixin.py:188} INFO - [2025-11-28T07:16:19.693+0000] {dagbag.py:538} INFO - Filling up the DagBag from /home/airflow/.local/lib/python3.8/site-packages/airflow/example_dags/example_branch_python_dop_operator_3.py
[2025-11-28T07:16:19.701+0000] {processor.py:840} INFO - DAG(s) 'example_branch_dop_operator_v3' retrieved from /home/airflow/.local/lib/python3.8/site-packages/airflow/example_dags/example_branch_python_dop_operator_3.py
[2025-11-28T07:16:19.719+0000] {logging_mixin.py:188} INFO - [2025-11-28T07:16:19.719+0000] {dag.py:3036} INFO - Sync 1 DAGs
[2025-11-28T07:16:19.843+0000] {logging_mixin.py:188} INFO - [2025-11-28T07:16:19.843+0000] {dag.py:3823} INFO - Setting next_dagrun for example_branch_dop_operator_v3 to 2025-11-28 07:15:00+00:00, run_after=2025-11-28 07:16:00+00:00
[2025-11-28T07:16:19.863+0000] {processor.py:183} INFO - Processing /home/airflow/.local/lib/python3.8/site-packages/airflow/example_dags/example_branch_python_dop_operator_3.py took 0.176 seconds
[2025-11-28T07:16:50.382+0000] {processor.py:161} INFO - Started process (PID=2727) to work on /home/airflow/.local/lib/python3.8/site-packages/airflow/example_dags/example_branch_python_dop_operator_3.py
[2025-11-28T07:16:50.384+0000] {processor.py:830} INFO - Processing file /home/airflow/.local/lib/python3.8/site-packages/airflow/example_dags/example_branch_python_dop_operator_3.py for tasks to queue
[2025-11-28T07:16:50.386+0000] {logging_mixin.py:188} INFO - [2025-11-28T07:16:50.386+0000] {dagbag.py:538} INFO - Filling up the DagBag from /home/airflow/.local/lib/python3.8/site-packages/airflow/example_dags/example_branch_python_dop_operator_3.py
[2025-11-28T07:16:50.397+0000] {processor.py:840} INFO - DAG(s) 'example_branch_dop_operator_v3' retrieved from /home/airflow/.local/lib/python3.8/site-packages/airflow/example_dags/example_branch_python_dop_operator_3.py
[2025-11-28T07:16:50.418+0000] {logging_mixin.py:188} INFO - [2025-11-28T07:16:50.418+0000] {dag.py:3036} INFO - Sync 1 DAGs
[2025-11-28T07:16:50.444+0000] {logging_mixin.py:188} INFO - [2025-11-28T07:16:50.443+0000] {dag.py:3823} INFO - Setting next_dagrun for example_branch_dop_operator_v3 to 2025-11-28 07:15:00+00:00, run_after=2025-11-28 07:16:00+00:00
[2025-11-28T07:16:50.464+0000] {processor.py:183} INFO - Processing /home/airflow/.local/lib/python3.8/site-packages/airflow/example_dags/example_branch_python_dop_operator_3.py took 0.085 seconds
[2025-11-28T07:17:21.466+0000] {processor.py:161} INFO - Started process (PID=2782) to work on /home/airflow/.local/lib/python3.8/site-packages/airflow/example_dags/example_branch_python_dop_operator_3.py
[2025-11-28T07:17:21.471+0000] {processor.py:830} INFO - Processing file /home/airflow/.local/lib/python3.8/site-packages/airflow/example_dags/example_branch_python_dop_operator_3.py for tasks to queue
[2025-11-28T07:17:21.480+0000] {logging_mixin.py:188} INFO - [2025-11-28T07:17:21.478+0000] {dagbag.py:538} INFO - Filling up the DagBag from /home/airflow/.local/lib/python3.8/site-packages/airflow/example_dags/example_branch_python_dop_operator_3.py
[2025-11-28T07:17:21.493+0000] {processor.py:840} INFO - DAG(s) 'example_branch_dop_operator_v3' retrieved from /home/airflow/.local/lib/python3.8/site-packages/airflow/example_dags/example_branch_python_dop_operator_3.py
[2025-11-28T07:17:21.533+0000] {logging_mixin.py:188} INFO - [2025-11-28T07:17:21.533+0000] {dag.py:3036} INFO - Sync 1 DAGs
[2025-11-28T07:17:21.562+0000] {logging_mixin.py:188} INFO - [2025-11-28T07:17:21.561+0000] {dag.py:3823} INFO - Setting next_dagrun for example_branch_dop_operator_v3 to 2025-11-28 07:16:00+00:00, run_after=2025-11-28 07:17:00+00:00
[2025-11-28T07:17:21.590+0000] {processor.py:183} INFO - Processing /home/airflow/.local/lib/python3.8/site-packages/airflow/example_dags/example_branch_python_dop_operator_3.py took 0.132 seconds
[2025-11-28T07:17:51.653+0000] {processor.py:161} INFO - Started process (PID=2837) to work on /home/airflow/.local/lib/python3.8/site-packages/airflow/example_dags/example_branch_python_dop_operator_3.py
[2025-11-28T07:17:51.654+0000] {processor.py:830} INFO - Processing file /home/airflow/.local/lib/python3.8/site-packages/airflow/example_dags/example_branch_python_dop_operator_3.py for tasks to queue
[2025-11-28T07:17:51.657+0000] {logging_mixin.py:188} INFO - [2025-11-28T07:17:51.656+0000] {dagbag.py:538} INFO - Filling up the DagBag from /home/airflow/.local/lib/python3.8/site-packages/airflow/example_dags/example_branch_python_dop_operator_3.py
[2025-11-28T07:17:51.674+0000] {processor.py:840} INFO - DAG(s) 'example_branch_dop_operator_v3' retrieved from /home/airflow/.local/lib/python3.8/site-packages/airflow/example_dags/example_branch_python_dop_operator_3.py
[2025-11-28T07:17:51.696+0000] {logging_mixin.py:188} INFO - [2025-11-28T07:17:51.696+0000] {dag.py:3036} INFO - Sync 1 DAGs
[2025-11-28T07:17:51.731+0000] {logging_mixin.py:188} INFO - [2025-11-28T07:17:51.730+0000] {dag.py:3823} INFO - Setting next_dagrun for example_branch_dop_operator_v3 to 2025-11-28 07:16:00+00:00, run_after=2025-11-28 07:17:00+00:00
[2025-11-28T07:17:51.752+0000] {processor.py:183} INFO - Processing /home/airflow/.local/lib/python3.8/site-packages/airflow/example_dags/example_branch_python_dop_operator_3.py took 0.102 seconds
[2025-11-28T07:18:22.421+0000] {processor.py:161} INFO - Started process (PID=2892) to work on /home/airflow/.local/lib/python3.8/site-packages/airflow/example_dags/example_branch_python_dop_operator_3.py
[2025-11-28T07:18:22.423+0000] {processor.py:830} INFO - Processing file /home/airflow/.local/lib/python3.8/site-packages/airflow/example_dags/example_branch_python_dop_operator_3.py for tasks to queue
[2025-11-28T07:18:22.426+0000] {logging_mixin.py:188} INFO - [2025-11-28T07:18:22.426+0000] {dagbag.py:538} INFO - Filling up the DagBag from /home/airflow/.local/lib/python3.8/site-packages/airflow/example_dags/example_branch_python_dop_operator_3.py
[2025-11-28T07:18:22.435+0000] {processor.py:840} INFO - DAG(s) 'example_branch_dop_operator_v3' retrieved from /home/airflow/.local/lib/python3.8/site-packages/airflow/example_dags/example_branch_python_dop_operator_3.py
[2025-11-28T07:18:22.458+0000] {logging_mixin.py:188} INFO - [2025-11-28T07:18:22.458+0000] {dag.py:3036} INFO - Sync 1 DAGs
[2025-11-28T07:18:22.481+0000] {logging_mixin.py:188} INFO - [2025-11-28T07:18:22.481+0000] {dag.py:3823} INFO - Setting next_dagrun for example_branch_dop_operator_v3 to 2025-11-28 07:17:00+00:00, run_after=2025-11-28 07:18:00+00:00
[2025-11-28T07:18:22.503+0000] {processor.py:183} INFO - Processing /home/airflow/.local/lib/python3.8/site-packages/airflow/example_dags/example_branch_python_dop_operator_3.py took 0.086 seconds
[2025-11-28T07:18:52.632+0000] {processor.py:161} INFO - Started process (PID=2947) to work on /home/airflow/.local/lib/python3.8/site-packages/airflow/example_dags/example_branch_python_dop_operator_3.py
[2025-11-28T07:18:52.634+0000] {processor.py:830} INFO - Processing file /home/airflow/.local/lib/python3.8/site-packages/airflow/example_dags/example_branch_python_dop_operator_3.py for tasks to queue
[2025-11-28T07:18:52.636+0000] {logging_mixin.py:188} INFO - [2025-11-28T07:18:52.636+0000] {dagbag.py:538} INFO - Filling up the DagBag from /home/airflow/.local/lib/python3.8/site-packages/airflow/example_dags/example_branch_python_dop_operator_3.py
[2025-11-28T07:18:52.651+0000] {processor.py:840} INFO - DAG(s) 'example_branch_dop_operator_v3' retrieved from /home/airflow/.local/lib/python3.8/site-packages/airflow/example_dags/example_branch_python_dop_operator_3.py
[2025-11-28T07:18:52.684+0000] {logging_mixin.py:188} INFO - [2025-11-28T07:18:52.684+0000] {dag.py:3036} INFO - Sync 1 DAGs
[2025-11-28T07:18:52.702+0000] {logging_mixin.py:188} INFO - [2025-11-28T07:18:52.702+0000] {dag.py:3823} INFO - Setting next_dagrun for example_branch_dop_operator_v3 to 2025-11-28 07:17:00+00:00, run_after=2025-11-28 07:18:00+00:00
[2025-11-28T07:18:52.718+0000] {processor.py:183} INFO - Processing /home/airflow/.local/lib/python3.8/site-packages/airflow/example_dags/example_branch_python_dop_operator_3.py took 0.092 seconds
[2025-11-28T07:19:23.020+0000] {processor.py:161} INFO - Started process (PID=3001) to work on /home/airflow/.local/lib/python3.8/site-packages/airflow/example_dags/example_branch_python_dop_operator_3.py
[2025-11-28T07:19:23.022+0000] {processor.py:830} INFO - Processing file /home/airflow/.local/lib/python3.8/site-packages/airflow/example_dags/example_branch_python_dop_operator_3.py for tasks to queue
[2025-11-28T07:19:23.025+0000] {logging_mixin.py:188} INFO - [2025-11-28T07:19:23.024+0000] {dagbag.py:538} INFO - Filling up the DagBag from /home/airflow/.local/lib/python3.8/site-packages/airflow/example_dags/example_branch_python_dop_operator_3.py
[2025-11-28T07:19:23.034+0000] {processor.py:840} INFO - DAG(s) 'example_branch_dop_operator_v3' retrieved from /home/airflow/.local/lib/python3.8/site-packages/airflow/example_dags/example_branch_python_dop_operator_3.py
[2025-11-28T07:19:23.057+0000] {logging_mixin.py:188} INFO - [2025-11-28T07:19:23.057+0000] {dag.py:3036} INFO - Sync 1 DAGs
[2025-11-28T07:19:23.085+0000] {logging_mixin.py:188} INFO - [2025-11-28T07:19:23.085+0000] {dag.py:3823} INFO - Setting next_dagrun for example_branch_dop_operator_v3 to 2025-11-28 07:18:00+00:00, run_after=2025-11-28 07:19:00+00:00
[2025-11-28T07:19:23.106+0000] {processor.py:183} INFO - Processing /home/airflow/.local/lib/python3.8/site-packages/airflow/example_dags/example_branch_python_dop_operator_3.py took 0.089 seconds
