[2025-11-28T06:52:28.930+0000] {processor.py:161} INFO - Started process (PID=109) to work on /home/airflow/.local/lib/python3.8/site-packages/airflow/example_dags/example_python_decorator.py
[2025-11-28T06:52:28.932+0000] {processor.py:830} INFO - Processing file /home/airflow/.local/lib/python3.8/site-packages/airflow/example_dags/example_python_decorator.py for tasks to queue
[2025-11-28T06:52:28.937+0000] {logging_mixin.py:188} INFO - [2025-11-28T06:52:28.936+0000] {dagbag.py:538} INFO - Filling up the DagBag from /home/airflow/.local/lib/python3.8/site-packages/airflow/example_dags/example_python_decorator.py
[2025-11-28T06:52:28.954+0000] {processor.py:840} INFO - DAG(s) 'example_python_decorator' retrieved from /home/airflow/.local/lib/python3.8/site-packages/airflow/example_dags/example_python_decorator.py
[2025-11-28T06:52:29.078+0000] {logging_mixin.py:188} INFO - [2025-11-28T06:52:29.076+0000] {override.py:1769} INFO - Created Permission View: can edit on DAG:example_python_decorator
[2025-11-28T06:52:29.090+0000] {logging_mixin.py:188} INFO - [2025-11-28T06:52:29.089+0000] {override.py:1769} INFO - Created Permission View: can delete on DAG:example_python_decorator
[2025-11-28T06:52:29.100+0000] {logging_mixin.py:188} INFO - [2025-11-28T06:52:29.100+0000] {override.py:1769} INFO - Created Permission View: can read on DAG:example_python_decorator
[2025-11-28T06:52:29.103+0000] {logging_mixin.py:188} INFO - [2025-11-28T06:52:29.102+0000] {dag.py:3036} INFO - Sync 1 DAGs
[2025-11-28T06:52:29.124+0000] {logging_mixin.py:188} INFO - [2025-11-28T06:52:29.124+0000] {dag.py:3058} INFO - Creating ORM DAG for example_python_decorator
[2025-11-28T06:52:29.127+0000] {logging_mixin.py:188} INFO - [2025-11-28T06:52:29.127+0000] {dag.py:3823} INFO - Setting next_dagrun for example_python_decorator to None, run_after=None
[2025-11-28T06:52:29.152+0000] {processor.py:183} INFO - Processing /home/airflow/.local/lib/python3.8/site-packages/airflow/example_dags/example_python_decorator.py took 0.231 seconds
[2025-11-28T06:52:59.502+0000] {processor.py:161} INFO - Started process (PID=164) to work on /home/airflow/.local/lib/python3.8/site-packages/airflow/example_dags/example_python_decorator.py
[2025-11-28T06:52:59.503+0000] {processor.py:830} INFO - Processing file /home/airflow/.local/lib/python3.8/site-packages/airflow/example_dags/example_python_decorator.py for tasks to queue
[2025-11-28T06:52:59.505+0000] {logging_mixin.py:188} INFO - [2025-11-28T06:52:59.505+0000] {dagbag.py:538} INFO - Filling up the DagBag from /home/airflow/.local/lib/python3.8/site-packages/airflow/example_dags/example_python_decorator.py
[2025-11-28T06:52:59.520+0000] {processor.py:840} INFO - DAG(s) 'example_python_decorator' retrieved from /home/airflow/.local/lib/python3.8/site-packages/airflow/example_dags/example_python_decorator.py
[2025-11-28T06:52:59.542+0000] {logging_mixin.py:188} INFO - [2025-11-28T06:52:59.542+0000] {dag.py:3036} INFO - Sync 1 DAGs
[2025-11-28T06:52:59.552+0000] {logging_mixin.py:188} INFO - [2025-11-28T06:52:59.552+0000] {dag.py:3823} INFO - Setting next_dagrun for example_python_decorator to None, run_after=None
[2025-11-28T06:52:59.571+0000] {processor.py:183} INFO - Processing /home/airflow/.local/lib/python3.8/site-packages/airflow/example_dags/example_python_decorator.py took 0.073 seconds
[2025-11-28T06:53:29.879+0000] {processor.py:161} INFO - Started process (PID=219) to work on /home/airflow/.local/lib/python3.8/site-packages/airflow/example_dags/example_python_decorator.py
[2025-11-28T06:53:29.881+0000] {processor.py:830} INFO - Processing file /home/airflow/.local/lib/python3.8/site-packages/airflow/example_dags/example_python_decorator.py for tasks to queue
[2025-11-28T06:53:29.885+0000] {logging_mixin.py:188} INFO - [2025-11-28T06:53:29.885+0000] {dagbag.py:538} INFO - Filling up the DagBag from /home/airflow/.local/lib/python3.8/site-packages/airflow/example_dags/example_python_decorator.py
[2025-11-28T06:53:29.904+0000] {processor.py:840} INFO - DAG(s) 'example_python_decorator' retrieved from /home/airflow/.local/lib/python3.8/site-packages/airflow/example_dags/example_python_decorator.py
[2025-11-28T06:53:29.925+0000] {logging_mixin.py:188} INFO - [2025-11-28T06:53:29.925+0000] {dag.py:3036} INFO - Sync 1 DAGs
[2025-11-28T06:53:29.936+0000] {logging_mixin.py:188} INFO - [2025-11-28T06:53:29.936+0000] {dag.py:3823} INFO - Setting next_dagrun for example_python_decorator to None, run_after=None
[2025-11-28T06:53:29.954+0000] {processor.py:183} INFO - Processing /home/airflow/.local/lib/python3.8/site-packages/airflow/example_dags/example_python_decorator.py took 0.079 seconds
[2025-11-28T06:54:00.250+0000] {processor.py:161} INFO - Started process (PID=274) to work on /home/airflow/.local/lib/python3.8/site-packages/airflow/example_dags/example_python_decorator.py
[2025-11-28T06:54:00.252+0000] {processor.py:830} INFO - Processing file /home/airflow/.local/lib/python3.8/site-packages/airflow/example_dags/example_python_decorator.py for tasks to queue
[2025-11-28T06:54:00.254+0000] {logging_mixin.py:188} INFO - [2025-11-28T06:54:00.253+0000] {dagbag.py:538} INFO - Filling up the DagBag from /home/airflow/.local/lib/python3.8/site-packages/airflow/example_dags/example_python_decorator.py
[2025-11-28T06:54:00.264+0000] {processor.py:840} INFO - DAG(s) 'example_python_decorator' retrieved from /home/airflow/.local/lib/python3.8/site-packages/airflow/example_dags/example_python_decorator.py
[2025-11-28T06:54:00.283+0000] {logging_mixin.py:188} INFO - [2025-11-28T06:54:00.283+0000] {dag.py:3036} INFO - Sync 1 DAGs
[2025-11-28T06:54:00.292+0000] {logging_mixin.py:188} INFO - [2025-11-28T06:54:00.292+0000] {dag.py:3823} INFO - Setting next_dagrun for example_python_decorator to None, run_after=None
[2025-11-28T06:54:00.307+0000] {processor.py:183} INFO - Processing /home/airflow/.local/lib/python3.8/site-packages/airflow/example_dags/example_python_decorator.py took 0.060 seconds
[2025-11-28T06:54:31.332+0000] {processor.py:161} INFO - Started process (PID=329) to work on /home/airflow/.local/lib/python3.8/site-packages/airflow/example_dags/example_python_decorator.py
[2025-11-28T06:54:31.337+0000] {processor.py:830} INFO - Processing file /home/airflow/.local/lib/python3.8/site-packages/airflow/example_dags/example_python_decorator.py for tasks to queue
[2025-11-28T06:54:31.339+0000] {logging_mixin.py:188} INFO - [2025-11-28T06:54:31.339+0000] {dagbag.py:538} INFO - Filling up the DagBag from /home/airflow/.local/lib/python3.8/site-packages/airflow/example_dags/example_python_decorator.py
[2025-11-28T06:54:31.351+0000] {processor.py:840} INFO - DAG(s) 'example_python_decorator' retrieved from /home/airflow/.local/lib/python3.8/site-packages/airflow/example_dags/example_python_decorator.py
[2025-11-28T06:54:31.372+0000] {logging_mixin.py:188} INFO - [2025-11-28T06:54:31.372+0000] {dag.py:3036} INFO - Sync 1 DAGs
[2025-11-28T06:54:31.386+0000] {logging_mixin.py:188} INFO - [2025-11-28T06:54:31.385+0000] {dag.py:3823} INFO - Setting next_dagrun for example_python_decorator to None, run_after=None
[2025-11-28T06:54:31.404+0000] {processor.py:183} INFO - Processing /home/airflow/.local/lib/python3.8/site-packages/airflow/example_dags/example_python_decorator.py took 0.075 seconds
[2025-11-28T06:55:02.010+0000] {processor.py:161} INFO - Started process (PID=384) to work on /home/airflow/.local/lib/python3.8/site-packages/airflow/example_dags/example_python_decorator.py
[2025-11-28T06:55:02.011+0000] {processor.py:830} INFO - Processing file /home/airflow/.local/lib/python3.8/site-packages/airflow/example_dags/example_python_decorator.py for tasks to queue
[2025-11-28T06:55:02.013+0000] {logging_mixin.py:188} INFO - [2025-11-28T06:55:02.013+0000] {dagbag.py:538} INFO - Filling up the DagBag from /home/airflow/.local/lib/python3.8/site-packages/airflow/example_dags/example_python_decorator.py
[2025-11-28T06:55:02.029+0000] {processor.py:840} INFO - DAG(s) 'example_python_decorator' retrieved from /home/airflow/.local/lib/python3.8/site-packages/airflow/example_dags/example_python_decorator.py
[2025-11-28T06:55:02.046+0000] {logging_mixin.py:188} INFO - [2025-11-28T06:55:02.046+0000] {dag.py:3036} INFO - Sync 1 DAGs
[2025-11-28T06:55:02.059+0000] {logging_mixin.py:188} INFO - [2025-11-28T06:55:02.059+0000] {dag.py:3823} INFO - Setting next_dagrun for example_python_decorator to None, run_after=None
[2025-11-28T06:55:02.077+0000] {processor.py:183} INFO - Processing /home/airflow/.local/lib/python3.8/site-packages/airflow/example_dags/example_python_decorator.py took 0.070 seconds
[2025-11-28T06:55:32.929+0000] {processor.py:161} INFO - Started process (PID=439) to work on /home/airflow/.local/lib/python3.8/site-packages/airflow/example_dags/example_python_decorator.py
[2025-11-28T06:55:32.930+0000] {processor.py:830} INFO - Processing file /home/airflow/.local/lib/python3.8/site-packages/airflow/example_dags/example_python_decorator.py for tasks to queue
[2025-11-28T06:55:32.932+0000] {logging_mixin.py:188} INFO - [2025-11-28T06:55:32.932+0000] {dagbag.py:538} INFO - Filling up the DagBag from /home/airflow/.local/lib/python3.8/site-packages/airflow/example_dags/example_python_decorator.py
[2025-11-28T06:55:32.945+0000] {processor.py:840} INFO - DAG(s) 'example_python_decorator' retrieved from /home/airflow/.local/lib/python3.8/site-packages/airflow/example_dags/example_python_decorator.py
[2025-11-28T06:55:33.052+0000] {logging_mixin.py:188} INFO - [2025-11-28T06:55:33.052+0000] {dag.py:3036} INFO - Sync 1 DAGs
[2025-11-28T06:55:33.066+0000] {logging_mixin.py:188} INFO - [2025-11-28T06:55:33.066+0000] {dag.py:3823} INFO - Setting next_dagrun for example_python_decorator to None, run_after=None
[2025-11-28T06:55:33.088+0000] {processor.py:183} INFO - Processing /home/airflow/.local/lib/python3.8/site-packages/airflow/example_dags/example_python_decorator.py took 0.162 seconds
[2025-11-28T06:56:03.575+0000] {processor.py:161} INFO - Started process (PID=494) to work on /home/airflow/.local/lib/python3.8/site-packages/airflow/example_dags/example_python_decorator.py
[2025-11-28T06:56:03.576+0000] {processor.py:830} INFO - Processing file /home/airflow/.local/lib/python3.8/site-packages/airflow/example_dags/example_python_decorator.py for tasks to queue
[2025-11-28T06:56:03.577+0000] {logging_mixin.py:188} INFO - [2025-11-28T06:56:03.577+0000] {dagbag.py:538} INFO - Filling up the DagBag from /home/airflow/.local/lib/python3.8/site-packages/airflow/example_dags/example_python_decorator.py
[2025-11-28T06:56:03.589+0000] {processor.py:840} INFO - DAG(s) 'example_python_decorator' retrieved from /home/airflow/.local/lib/python3.8/site-packages/airflow/example_dags/example_python_decorator.py
[2025-11-28T06:56:03.610+0000] {logging_mixin.py:188} INFO - [2025-11-28T06:56:03.609+0000] {dag.py:3036} INFO - Sync 1 DAGs
[2025-11-28T06:56:03.620+0000] {logging_mixin.py:188} INFO - [2025-11-28T06:56:03.620+0000] {dag.py:3823} INFO - Setting next_dagrun for example_python_decorator to None, run_after=None
[2025-11-28T06:56:03.647+0000] {processor.py:183} INFO - Processing /home/airflow/.local/lib/python3.8/site-packages/airflow/example_dags/example_python_decorator.py took 0.077 seconds
[2025-11-28T06:56:33.860+0000] {processor.py:161} INFO - Started process (PID=549) to work on /home/airflow/.local/lib/python3.8/site-packages/airflow/example_dags/example_python_decorator.py
[2025-11-28T06:56:33.862+0000] {processor.py:830} INFO - Processing file /home/airflow/.local/lib/python3.8/site-packages/airflow/example_dags/example_python_decorator.py for tasks to queue
[2025-11-28T06:56:33.865+0000] {logging_mixin.py:188} INFO - [2025-11-28T06:56:33.864+0000] {dagbag.py:538} INFO - Filling up the DagBag from /home/airflow/.local/lib/python3.8/site-packages/airflow/example_dags/example_python_decorator.py
[2025-11-28T06:56:33.878+0000] {processor.py:840} INFO - DAG(s) 'example_python_decorator' retrieved from /home/airflow/.local/lib/python3.8/site-packages/airflow/example_dags/example_python_decorator.py
[2025-11-28T06:56:33.898+0000] {logging_mixin.py:188} INFO - [2025-11-28T06:56:33.898+0000] {dag.py:3036} INFO - Sync 1 DAGs
[2025-11-28T06:56:33.909+0000] {logging_mixin.py:188} INFO - [2025-11-28T06:56:33.909+0000] {dag.py:3823} INFO - Setting next_dagrun for example_python_decorator to None, run_after=None
[2025-11-28T06:56:33.929+0000] {processor.py:183} INFO - Processing /home/airflow/.local/lib/python3.8/site-packages/airflow/example_dags/example_python_decorator.py took 0.075 seconds
[2025-11-28T06:57:04.400+0000] {processor.py:161} INFO - Started process (PID=604) to work on /home/airflow/.local/lib/python3.8/site-packages/airflow/example_dags/example_python_decorator.py
[2025-11-28T06:57:04.401+0000] {processor.py:830} INFO - Processing file /home/airflow/.local/lib/python3.8/site-packages/airflow/example_dags/example_python_decorator.py for tasks to queue
[2025-11-28T06:57:04.402+0000] {logging_mixin.py:188} INFO - [2025-11-28T06:57:04.402+0000] {dagbag.py:538} INFO - Filling up the DagBag from /home/airflow/.local/lib/python3.8/site-packages/airflow/example_dags/example_python_decorator.py
[2025-11-28T06:57:04.411+0000] {processor.py:840} INFO - DAG(s) 'example_python_decorator' retrieved from /home/airflow/.local/lib/python3.8/site-packages/airflow/example_dags/example_python_decorator.py
[2025-11-28T06:57:04.433+0000] {logging_mixin.py:188} INFO - [2025-11-28T06:57:04.433+0000] {dag.py:3036} INFO - Sync 1 DAGs
[2025-11-28T06:57:04.442+0000] {logging_mixin.py:188} INFO - [2025-11-28T06:57:04.442+0000] {dag.py:3823} INFO - Setting next_dagrun for example_python_decorator to None, run_after=None
[2025-11-28T06:57:04.462+0000] {processor.py:183} INFO - Processing /home/airflow/.local/lib/python3.8/site-packages/airflow/example_dags/example_python_decorator.py took 0.064 seconds
[2025-11-28T06:57:34.964+0000] {processor.py:161} INFO - Started process (PID=659) to work on /home/airflow/.local/lib/python3.8/site-packages/airflow/example_dags/example_python_decorator.py
[2025-11-28T06:57:34.965+0000] {processor.py:830} INFO - Processing file /home/airflow/.local/lib/python3.8/site-packages/airflow/example_dags/example_python_decorator.py for tasks to queue
[2025-11-28T06:57:34.967+0000] {logging_mixin.py:188} INFO - [2025-11-28T06:57:34.967+0000] {dagbag.py:538} INFO - Filling up the DagBag from /home/airflow/.local/lib/python3.8/site-packages/airflow/example_dags/example_python_decorator.py
[2025-11-28T06:57:34.977+0000] {processor.py:840} INFO - DAG(s) 'example_python_decorator' retrieved from /home/airflow/.local/lib/python3.8/site-packages/airflow/example_dags/example_python_decorator.py
[2025-11-28T06:57:35.000+0000] {logging_mixin.py:188} INFO - [2025-11-28T06:57:35.000+0000] {dag.py:3036} INFO - Sync 1 DAGs
[2025-11-28T06:57:35.011+0000] {logging_mixin.py:188} INFO - [2025-11-28T06:57:35.011+0000] {dag.py:3823} INFO - Setting next_dagrun for example_python_decorator to None, run_after=None
[2025-11-28T06:57:35.027+0000] {processor.py:183} INFO - Processing /home/airflow/.local/lib/python3.8/site-packages/airflow/example_dags/example_python_decorator.py took 0.066 seconds
[2025-11-28T06:58:05.805+0000] {processor.py:161} INFO - Started process (PID=714) to work on /home/airflow/.local/lib/python3.8/site-packages/airflow/example_dags/example_python_decorator.py
[2025-11-28T06:58:05.807+0000] {processor.py:830} INFO - Processing file /home/airflow/.local/lib/python3.8/site-packages/airflow/example_dags/example_python_decorator.py for tasks to queue
[2025-11-28T06:58:05.809+0000] {logging_mixin.py:188} INFO - [2025-11-28T06:58:05.808+0000] {dagbag.py:538} INFO - Filling up the DagBag from /home/airflow/.local/lib/python3.8/site-packages/airflow/example_dags/example_python_decorator.py
[2025-11-28T06:58:05.819+0000] {processor.py:840} INFO - DAG(s) 'example_python_decorator' retrieved from /home/airflow/.local/lib/python3.8/site-packages/airflow/example_dags/example_python_decorator.py
[2025-11-28T06:58:05.837+0000] {logging_mixin.py:188} INFO - [2025-11-28T06:58:05.836+0000] {dag.py:3036} INFO - Sync 1 DAGs
[2025-11-28T06:58:05.848+0000] {logging_mixin.py:188} INFO - [2025-11-28T06:58:05.847+0000] {dag.py:3823} INFO - Setting next_dagrun for example_python_decorator to None, run_after=None
[2025-11-28T06:58:05.862+0000] {processor.py:183} INFO - Processing /home/airflow/.local/lib/python3.8/site-packages/airflow/example_dags/example_python_decorator.py took 0.061 seconds
[2025-11-28T06:58:36.161+0000] {processor.py:161} INFO - Started process (PID=769) to work on /home/airflow/.local/lib/python3.8/site-packages/airflow/example_dags/example_python_decorator.py
[2025-11-28T06:58:36.166+0000] {processor.py:830} INFO - Processing file /home/airflow/.local/lib/python3.8/site-packages/airflow/example_dags/example_python_decorator.py for tasks to queue
[2025-11-28T06:58:36.170+0000] {logging_mixin.py:188} INFO - [2025-11-28T06:58:36.169+0000] {dagbag.py:538} INFO - Filling up the DagBag from /home/airflow/.local/lib/python3.8/site-packages/airflow/example_dags/example_python_decorator.py
[2025-11-28T06:58:36.181+0000] {processor.py:840} INFO - DAG(s) 'example_python_decorator' retrieved from /home/airflow/.local/lib/python3.8/site-packages/airflow/example_dags/example_python_decorator.py
[2025-11-28T06:58:36.200+0000] {logging_mixin.py:188} INFO - [2025-11-28T06:58:36.199+0000] {dag.py:3036} INFO - Sync 1 DAGs
[2025-11-28T06:58:36.213+0000] {logging_mixin.py:188} INFO - [2025-11-28T06:58:36.213+0000] {dag.py:3823} INFO - Setting next_dagrun for example_python_decorator to None, run_after=None
[2025-11-28T06:58:36.230+0000] {processor.py:183} INFO - Processing /home/airflow/.local/lib/python3.8/site-packages/airflow/example_dags/example_python_decorator.py took 0.072 seconds
[2025-11-28T06:59:06.988+0000] {processor.py:161} INFO - Started process (PID=824) to work on /home/airflow/.local/lib/python3.8/site-packages/airflow/example_dags/example_python_decorator.py
[2025-11-28T06:59:06.991+0000] {processor.py:830} INFO - Processing file /home/airflow/.local/lib/python3.8/site-packages/airflow/example_dags/example_python_decorator.py for tasks to queue
[2025-11-28T06:59:06.995+0000] {logging_mixin.py:188} INFO - [2025-11-28T06:59:06.993+0000] {dagbag.py:538} INFO - Filling up the DagBag from /home/airflow/.local/lib/python3.8/site-packages/airflow/example_dags/example_python_decorator.py
[2025-11-28T06:59:07.011+0000] {processor.py:840} INFO - DAG(s) 'example_python_decorator' retrieved from /home/airflow/.local/lib/python3.8/site-packages/airflow/example_dags/example_python_decorator.py
[2025-11-28T06:59:07.049+0000] {logging_mixin.py:188} INFO - [2025-11-28T06:59:07.049+0000] {dag.py:3036} INFO - Sync 1 DAGs
[2025-11-28T06:59:07.067+0000] {logging_mixin.py:188} INFO - [2025-11-28T06:59:07.067+0000] {dag.py:3823} INFO - Setting next_dagrun for example_python_decorator to None, run_after=None
[2025-11-28T06:59:07.102+0000] {processor.py:183} INFO - Processing /home/airflow/.local/lib/python3.8/site-packages/airflow/example_dags/example_python_decorator.py took 0.121 seconds
[2025-11-28T06:59:37.550+0000] {processor.py:161} INFO - Started process (PID=879) to work on /home/airflow/.local/lib/python3.8/site-packages/airflow/example_dags/example_python_decorator.py
[2025-11-28T06:59:37.551+0000] {processor.py:830} INFO - Processing file /home/airflow/.local/lib/python3.8/site-packages/airflow/example_dags/example_python_decorator.py for tasks to queue
[2025-11-28T06:59:37.554+0000] {logging_mixin.py:188} INFO - [2025-11-28T06:59:37.553+0000] {dagbag.py:538} INFO - Filling up the DagBag from /home/airflow/.local/lib/python3.8/site-packages/airflow/example_dags/example_python_decorator.py
[2025-11-28T06:59:37.566+0000] {processor.py:840} INFO - DAG(s) 'example_python_decorator' retrieved from /home/airflow/.local/lib/python3.8/site-packages/airflow/example_dags/example_python_decorator.py
[2025-11-28T06:59:37.588+0000] {logging_mixin.py:188} INFO - [2025-11-28T06:59:37.588+0000] {dag.py:3036} INFO - Sync 1 DAGs
[2025-11-28T06:59:37.601+0000] {logging_mixin.py:188} INFO - [2025-11-28T06:59:37.601+0000] {dag.py:3823} INFO - Setting next_dagrun for example_python_decorator to None, run_after=None
[2025-11-28T06:59:37.625+0000] {processor.py:183} INFO - Processing /home/airflow/.local/lib/python3.8/site-packages/airflow/example_dags/example_python_decorator.py took 0.078 seconds
[2025-11-28T07:00:09.250+0000] {processor.py:161} INFO - Started process (PID=934) to work on /home/airflow/.local/lib/python3.8/site-packages/airflow/example_dags/example_python_decorator.py
[2025-11-28T07:00:09.251+0000] {processor.py:830} INFO - Processing file /home/airflow/.local/lib/python3.8/site-packages/airflow/example_dags/example_python_decorator.py for tasks to queue
[2025-11-28T07:00:09.255+0000] {logging_mixin.py:188} INFO - [2025-11-28T07:00:09.255+0000] {dagbag.py:538} INFO - Filling up the DagBag from /home/airflow/.local/lib/python3.8/site-packages/airflow/example_dags/example_python_decorator.py
[2025-11-28T07:00:09.285+0000] {processor.py:840} INFO - DAG(s) 'example_python_decorator' retrieved from /home/airflow/.local/lib/python3.8/site-packages/airflow/example_dags/example_python_decorator.py
[2025-11-28T07:00:09.337+0000] {logging_mixin.py:188} INFO - [2025-11-28T07:00:09.337+0000] {dag.py:3036} INFO - Sync 1 DAGs
[2025-11-28T07:00:09.363+0000] {logging_mixin.py:188} INFO - [2025-11-28T07:00:09.363+0000] {dag.py:3823} INFO - Setting next_dagrun for example_python_decorator to None, run_after=None
[2025-11-28T07:00:09.405+0000] {processor.py:183} INFO - Processing /home/airflow/.local/lib/python3.8/site-packages/airflow/example_dags/example_python_decorator.py took 0.160 seconds
[2025-11-28T07:00:39.560+0000] {processor.py:161} INFO - Started process (PID=989) to work on /home/airflow/.local/lib/python3.8/site-packages/airflow/example_dags/example_python_decorator.py
[2025-11-28T07:00:39.562+0000] {processor.py:830} INFO - Processing file /home/airflow/.local/lib/python3.8/site-packages/airflow/example_dags/example_python_decorator.py for tasks to queue
[2025-11-28T07:00:39.564+0000] {logging_mixin.py:188} INFO - [2025-11-28T07:00:39.563+0000] {dagbag.py:538} INFO - Filling up the DagBag from /home/airflow/.local/lib/python3.8/site-packages/airflow/example_dags/example_python_decorator.py
[2025-11-28T07:00:39.584+0000] {processor.py:840} INFO - DAG(s) 'example_python_decorator' retrieved from /home/airflow/.local/lib/python3.8/site-packages/airflow/example_dags/example_python_decorator.py
[2025-11-28T07:00:39.610+0000] {logging_mixin.py:188} INFO - [2025-11-28T07:00:39.610+0000] {dag.py:3036} INFO - Sync 1 DAGs
[2025-11-28T07:00:39.628+0000] {logging_mixin.py:188} INFO - [2025-11-28T07:00:39.628+0000] {dag.py:3823} INFO - Setting next_dagrun for example_python_decorator to None, run_after=None
[2025-11-28T07:00:39.645+0000] {processor.py:183} INFO - Processing /home/airflow/.local/lib/python3.8/site-packages/airflow/example_dags/example_python_decorator.py took 0.089 seconds
[2025-11-28T07:01:09.919+0000] {processor.py:161} INFO - Started process (PID=1044) to work on /home/airflow/.local/lib/python3.8/site-packages/airflow/example_dags/example_python_decorator.py
[2025-11-28T07:01:09.921+0000] {processor.py:830} INFO - Processing file /home/airflow/.local/lib/python3.8/site-packages/airflow/example_dags/example_python_decorator.py for tasks to queue
[2025-11-28T07:01:09.925+0000] {logging_mixin.py:188} INFO - [2025-11-28T07:01:09.925+0000] {dagbag.py:538} INFO - Filling up the DagBag from /home/airflow/.local/lib/python3.8/site-packages/airflow/example_dags/example_python_decorator.py
[2025-11-28T07:01:09.941+0000] {processor.py:840} INFO - DAG(s) 'example_python_decorator' retrieved from /home/airflow/.local/lib/python3.8/site-packages/airflow/example_dags/example_python_decorator.py
[2025-11-28T07:01:09.968+0000] {logging_mixin.py:188} INFO - [2025-11-28T07:01:09.967+0000] {dag.py:3036} INFO - Sync 1 DAGs
[2025-11-28T07:01:09.980+0000] {logging_mixin.py:188} INFO - [2025-11-28T07:01:09.979+0000] {dag.py:3823} INFO - Setting next_dagrun for example_python_decorator to None, run_after=None
[2025-11-28T07:01:10.001+0000] {processor.py:183} INFO - Processing /home/airflow/.local/lib/python3.8/site-packages/airflow/example_dags/example_python_decorator.py took 0.086 seconds
[2025-11-28T07:01:40.450+0000] {processor.py:161} INFO - Started process (PID=1098) to work on /home/airflow/.local/lib/python3.8/site-packages/airflow/example_dags/example_python_decorator.py
[2025-11-28T07:01:40.453+0000] {processor.py:830} INFO - Processing file /home/airflow/.local/lib/python3.8/site-packages/airflow/example_dags/example_python_decorator.py for tasks to queue
[2025-11-28T07:01:40.458+0000] {logging_mixin.py:188} INFO - [2025-11-28T07:01:40.457+0000] {dagbag.py:538} INFO - Filling up the DagBag from /home/airflow/.local/lib/python3.8/site-packages/airflow/example_dags/example_python_decorator.py
[2025-11-28T07:01:40.475+0000] {processor.py:840} INFO - DAG(s) 'example_python_decorator' retrieved from /home/airflow/.local/lib/python3.8/site-packages/airflow/example_dags/example_python_decorator.py
[2025-11-28T07:01:40.501+0000] {logging_mixin.py:188} INFO - [2025-11-28T07:01:40.501+0000] {dag.py:3036} INFO - Sync 1 DAGs
[2025-11-28T07:01:40.513+0000] {logging_mixin.py:188} INFO - [2025-11-28T07:01:40.512+0000] {dag.py:3823} INFO - Setting next_dagrun for example_python_decorator to None, run_after=None
[2025-11-28T07:01:40.535+0000] {processor.py:183} INFO - Processing /home/airflow/.local/lib/python3.8/site-packages/airflow/example_dags/example_python_decorator.py took 0.088 seconds
[2025-11-28T07:02:10.920+0000] {processor.py:161} INFO - Started process (PID=1153) to work on /home/airflow/.local/lib/python3.8/site-packages/airflow/example_dags/example_python_decorator.py
[2025-11-28T07:02:10.922+0000] {processor.py:830} INFO - Processing file /home/airflow/.local/lib/python3.8/site-packages/airflow/example_dags/example_python_decorator.py for tasks to queue
[2025-11-28T07:02:10.924+0000] {logging_mixin.py:188} INFO - [2025-11-28T07:02:10.924+0000] {dagbag.py:538} INFO - Filling up the DagBag from /home/airflow/.local/lib/python3.8/site-packages/airflow/example_dags/example_python_decorator.py
[2025-11-28T07:02:10.935+0000] {processor.py:840} INFO - DAG(s) 'example_python_decorator' retrieved from /home/airflow/.local/lib/python3.8/site-packages/airflow/example_dags/example_python_decorator.py
[2025-11-28T07:02:10.952+0000] {logging_mixin.py:188} INFO - [2025-11-28T07:02:10.952+0000] {dag.py:3036} INFO - Sync 1 DAGs
[2025-11-28T07:02:10.962+0000] {logging_mixin.py:188} INFO - [2025-11-28T07:02:10.962+0000] {dag.py:3823} INFO - Setting next_dagrun for example_python_decorator to None, run_after=None
[2025-11-28T07:02:10.983+0000] {processor.py:183} INFO - Processing /home/airflow/.local/lib/python3.8/site-packages/airflow/example_dags/example_python_decorator.py took 0.066 seconds
[2025-11-28T07:02:42.237+0000] {processor.py:161} INFO - Started process (PID=1207) to work on /home/airflow/.local/lib/python3.8/site-packages/airflow/example_dags/example_python_decorator.py
[2025-11-28T07:02:42.238+0000] {processor.py:830} INFO - Processing file /home/airflow/.local/lib/python3.8/site-packages/airflow/example_dags/example_python_decorator.py for tasks to queue
[2025-11-28T07:02:42.240+0000] {logging_mixin.py:188} INFO - [2025-11-28T07:02:42.240+0000] {dagbag.py:538} INFO - Filling up the DagBag from /home/airflow/.local/lib/python3.8/site-packages/airflow/example_dags/example_python_decorator.py
[2025-11-28T07:02:42.252+0000] {processor.py:840} INFO - DAG(s) 'example_python_decorator' retrieved from /home/airflow/.local/lib/python3.8/site-packages/airflow/example_dags/example_python_decorator.py
[2025-11-28T07:02:42.271+0000] {logging_mixin.py:188} INFO - [2025-11-28T07:02:42.271+0000] {dag.py:3036} INFO - Sync 1 DAGs
[2025-11-28T07:02:42.281+0000] {logging_mixin.py:188} INFO - [2025-11-28T07:02:42.281+0000] {dag.py:3823} INFO - Setting next_dagrun for example_python_decorator to None, run_after=None
[2025-11-28T07:02:42.299+0000] {processor.py:183} INFO - Processing /home/airflow/.local/lib/python3.8/site-packages/airflow/example_dags/example_python_decorator.py took 0.066 seconds
[2025-11-28T07:03:14.012+0000] {processor.py:161} INFO - Started process (PID=1263) to work on /home/airflow/.local/lib/python3.8/site-packages/airflow/example_dags/example_python_decorator.py
[2025-11-28T07:03:14.014+0000] {processor.py:830} INFO - Processing file /home/airflow/.local/lib/python3.8/site-packages/airflow/example_dags/example_python_decorator.py for tasks to queue
[2025-11-28T07:03:14.017+0000] {logging_mixin.py:188} INFO - [2025-11-28T07:03:14.016+0000] {dagbag.py:538} INFO - Filling up the DagBag from /home/airflow/.local/lib/python3.8/site-packages/airflow/example_dags/example_python_decorator.py
[2025-11-28T07:03:14.037+0000] {processor.py:840} INFO - DAG(s) 'example_python_decorator' retrieved from /home/airflow/.local/lib/python3.8/site-packages/airflow/example_dags/example_python_decorator.py
[2025-11-28T07:03:14.070+0000] {logging_mixin.py:188} INFO - [2025-11-28T07:03:14.070+0000] {dag.py:3036} INFO - Sync 1 DAGs
[2025-11-28T07:03:14.086+0000] {logging_mixin.py:188} INFO - [2025-11-28T07:03:14.085+0000] {dag.py:3823} INFO - Setting next_dagrun for example_python_decorator to None, run_after=None
[2025-11-28T07:03:14.116+0000] {processor.py:183} INFO - Processing /home/airflow/.local/lib/python3.8/site-packages/airflow/example_dags/example_python_decorator.py took 0.110 seconds
[2025-11-28T07:03:44.221+0000] {processor.py:161} INFO - Started process (PID=1318) to work on /home/airflow/.local/lib/python3.8/site-packages/airflow/example_dags/example_python_decorator.py
[2025-11-28T07:03:44.228+0000] {processor.py:830} INFO - Processing file /home/airflow/.local/lib/python3.8/site-packages/airflow/example_dags/example_python_decorator.py for tasks to queue
[2025-11-28T07:03:44.236+0000] {logging_mixin.py:188} INFO - [2025-11-28T07:03:44.236+0000] {dagbag.py:538} INFO - Filling up the DagBag from /home/airflow/.local/lib/python3.8/site-packages/airflow/example_dags/example_python_decorator.py
[2025-11-28T07:03:44.256+0000] {processor.py:840} INFO - DAG(s) 'example_python_decorator' retrieved from /home/airflow/.local/lib/python3.8/site-packages/airflow/example_dags/example_python_decorator.py
[2025-11-28T07:03:44.306+0000] {logging_mixin.py:188} INFO - [2025-11-28T07:03:44.304+0000] {dag.py:3036} INFO - Sync 1 DAGs
[2025-11-28T07:03:44.338+0000] {logging_mixin.py:188} INFO - [2025-11-28T07:03:44.338+0000] {dag.py:3823} INFO - Setting next_dagrun for example_python_decorator to None, run_after=None
[2025-11-28T07:03:44.390+0000] {processor.py:183} INFO - Processing /home/airflow/.local/lib/python3.8/site-packages/airflow/example_dags/example_python_decorator.py took 0.174 seconds
[2025-11-28T07:04:14.794+0000] {processor.py:161} INFO - Started process (PID=1373) to work on /home/airflow/.local/lib/python3.8/site-packages/airflow/example_dags/example_python_decorator.py
[2025-11-28T07:04:14.796+0000] {processor.py:830} INFO - Processing file /home/airflow/.local/lib/python3.8/site-packages/airflow/example_dags/example_python_decorator.py for tasks to queue
[2025-11-28T07:04:14.798+0000] {logging_mixin.py:188} INFO - [2025-11-28T07:04:14.798+0000] {dagbag.py:538} INFO - Filling up the DagBag from /home/airflow/.local/lib/python3.8/site-packages/airflow/example_dags/example_python_decorator.py
[2025-11-28T07:04:14.808+0000] {processor.py:840} INFO - DAG(s) 'example_python_decorator' retrieved from /home/airflow/.local/lib/python3.8/site-packages/airflow/example_dags/example_python_decorator.py
[2025-11-28T07:04:14.829+0000] {logging_mixin.py:188} INFO - [2025-11-28T07:04:14.829+0000] {dag.py:3036} INFO - Sync 1 DAGs
[2025-11-28T07:04:14.844+0000] {logging_mixin.py:188} INFO - [2025-11-28T07:04:14.844+0000] {dag.py:3823} INFO - Setting next_dagrun for example_python_decorator to None, run_after=None
[2025-11-28T07:04:14.880+0000] {processor.py:183} INFO - Processing /home/airflow/.local/lib/python3.8/site-packages/airflow/example_dags/example_python_decorator.py took 0.089 seconds
[2025-11-28T07:04:45.039+0000] {processor.py:161} INFO - Started process (PID=1428) to work on /home/airflow/.local/lib/python3.8/site-packages/airflow/example_dags/example_python_decorator.py
[2025-11-28T07:04:45.040+0000] {processor.py:830} INFO - Processing file /home/airflow/.local/lib/python3.8/site-packages/airflow/example_dags/example_python_decorator.py for tasks to queue
[2025-11-28T07:04:45.042+0000] {logging_mixin.py:188} INFO - [2025-11-28T07:04:45.042+0000] {dagbag.py:538} INFO - Filling up the DagBag from /home/airflow/.local/lib/python3.8/site-packages/airflow/example_dags/example_python_decorator.py
[2025-11-28T07:04:45.056+0000] {processor.py:840} INFO - DAG(s) 'example_python_decorator' retrieved from /home/airflow/.local/lib/python3.8/site-packages/airflow/example_dags/example_python_decorator.py
[2025-11-28T07:04:45.076+0000] {logging_mixin.py:188} INFO - [2025-11-28T07:04:45.076+0000] {dag.py:3036} INFO - Sync 1 DAGs
[2025-11-28T07:04:45.086+0000] {logging_mixin.py:188} INFO - [2025-11-28T07:04:45.086+0000] {dag.py:3823} INFO - Setting next_dagrun for example_python_decorator to None, run_after=None
[2025-11-28T07:04:45.103+0000] {processor.py:183} INFO - Processing /home/airflow/.local/lib/python3.8/site-packages/airflow/example_dags/example_python_decorator.py took 0.067 seconds
[2025-11-28T07:05:15.703+0000] {processor.py:161} INFO - Started process (PID=1484) to work on /home/airflow/.local/lib/python3.8/site-packages/airflow/example_dags/example_python_decorator.py
[2025-11-28T07:05:15.706+0000] {processor.py:830} INFO - Processing file /home/airflow/.local/lib/python3.8/site-packages/airflow/example_dags/example_python_decorator.py for tasks to queue
[2025-11-28T07:05:15.708+0000] {logging_mixin.py:188} INFO - [2025-11-28T07:05:15.707+0000] {dagbag.py:538} INFO - Filling up the DagBag from /home/airflow/.local/lib/python3.8/site-packages/airflow/example_dags/example_python_decorator.py
[2025-11-28T07:05:15.719+0000] {processor.py:840} INFO - DAG(s) 'example_python_decorator' retrieved from /home/airflow/.local/lib/python3.8/site-packages/airflow/example_dags/example_python_decorator.py
[2025-11-28T07:05:15.741+0000] {logging_mixin.py:188} INFO - [2025-11-28T07:05:15.741+0000] {dag.py:3036} INFO - Sync 1 DAGs
[2025-11-28T07:05:15.755+0000] {logging_mixin.py:188} INFO - [2025-11-28T07:05:15.755+0000] {dag.py:3823} INFO - Setting next_dagrun for example_python_decorator to None, run_after=None
[2025-11-28T07:05:15.771+0000] {processor.py:183} INFO - Processing /home/airflow/.local/lib/python3.8/site-packages/airflow/example_dags/example_python_decorator.py took 0.071 seconds
[2025-11-28T07:05:46.157+0000] {processor.py:161} INFO - Started process (PID=1539) to work on /home/airflow/.local/lib/python3.8/site-packages/airflow/example_dags/example_python_decorator.py
[2025-11-28T07:05:46.158+0000] {processor.py:830} INFO - Processing file /home/airflow/.local/lib/python3.8/site-packages/airflow/example_dags/example_python_decorator.py for tasks to queue
[2025-11-28T07:05:46.160+0000] {logging_mixin.py:188} INFO - [2025-11-28T07:05:46.159+0000] {dagbag.py:538} INFO - Filling up the DagBag from /home/airflow/.local/lib/python3.8/site-packages/airflow/example_dags/example_python_decorator.py
[2025-11-28T07:05:46.173+0000] {processor.py:840} INFO - DAG(s) 'example_python_decorator' retrieved from /home/airflow/.local/lib/python3.8/site-packages/airflow/example_dags/example_python_decorator.py
[2025-11-28T07:05:46.192+0000] {logging_mixin.py:188} INFO - [2025-11-28T07:05:46.192+0000] {dag.py:3036} INFO - Sync 1 DAGs
[2025-11-28T07:05:46.204+0000] {logging_mixin.py:188} INFO - [2025-11-28T07:05:46.204+0000] {dag.py:3823} INFO - Setting next_dagrun for example_python_decorator to None, run_after=None
[2025-11-28T07:05:46.221+0000] {processor.py:183} INFO - Processing /home/airflow/.local/lib/python3.8/site-packages/airflow/example_dags/example_python_decorator.py took 0.067 seconds
[2025-11-28T07:06:16.908+0000] {processor.py:161} INFO - Started process (PID=1594) to work on /home/airflow/.local/lib/python3.8/site-packages/airflow/example_dags/example_python_decorator.py
[2025-11-28T07:06:16.910+0000] {processor.py:830} INFO - Processing file /home/airflow/.local/lib/python3.8/site-packages/airflow/example_dags/example_python_decorator.py for tasks to queue
[2025-11-28T07:06:16.913+0000] {logging_mixin.py:188} INFO - [2025-11-28T07:06:16.912+0000] {dagbag.py:538} INFO - Filling up the DagBag from /home/airflow/.local/lib/python3.8/site-packages/airflow/example_dags/example_python_decorator.py
[2025-11-28T07:06:16.930+0000] {processor.py:840} INFO - DAG(s) 'example_python_decorator' retrieved from /home/airflow/.local/lib/python3.8/site-packages/airflow/example_dags/example_python_decorator.py
[2025-11-28T07:06:16.958+0000] {logging_mixin.py:188} INFO - [2025-11-28T07:06:16.957+0000] {dag.py:3036} INFO - Sync 1 DAGs
[2025-11-28T07:06:16.971+0000] {logging_mixin.py:188} INFO - [2025-11-28T07:06:16.970+0000] {dag.py:3823} INFO - Setting next_dagrun for example_python_decorator to None, run_after=None
[2025-11-28T07:06:16.988+0000] {processor.py:183} INFO - Processing /home/airflow/.local/lib/python3.8/site-packages/airflow/example_dags/example_python_decorator.py took 0.084 seconds
[2025-11-28T07:06:47.207+0000] {processor.py:161} INFO - Started process (PID=1649) to work on /home/airflow/.local/lib/python3.8/site-packages/airflow/example_dags/example_python_decorator.py
[2025-11-28T07:06:47.210+0000] {processor.py:830} INFO - Processing file /home/airflow/.local/lib/python3.8/site-packages/airflow/example_dags/example_python_decorator.py for tasks to queue
[2025-11-28T07:06:47.214+0000] {logging_mixin.py:188} INFO - [2025-11-28T07:06:47.214+0000] {dagbag.py:538} INFO - Filling up the DagBag from /home/airflow/.local/lib/python3.8/site-packages/airflow/example_dags/example_python_decorator.py
[2025-11-28T07:06:47.226+0000] {processor.py:840} INFO - DAG(s) 'example_python_decorator' retrieved from /home/airflow/.local/lib/python3.8/site-packages/airflow/example_dags/example_python_decorator.py
[2025-11-28T07:06:47.245+0000] {logging_mixin.py:188} INFO - [2025-11-28T07:06:47.245+0000] {dag.py:3036} INFO - Sync 1 DAGs
[2025-11-28T07:06:47.256+0000] {logging_mixin.py:188} INFO - [2025-11-28T07:06:47.256+0000] {dag.py:3823} INFO - Setting next_dagrun for example_python_decorator to None, run_after=None
[2025-11-28T07:06:47.274+0000] {processor.py:183} INFO - Processing /home/airflow/.local/lib/python3.8/site-packages/airflow/example_dags/example_python_decorator.py took 0.070 seconds
[2025-11-28T07:07:17.999+0000] {processor.py:161} INFO - Started process (PID=1704) to work on /home/airflow/.local/lib/python3.8/site-packages/airflow/example_dags/example_python_decorator.py
[2025-11-28T07:07:18.000+0000] {processor.py:830} INFO - Processing file /home/airflow/.local/lib/python3.8/site-packages/airflow/example_dags/example_python_decorator.py for tasks to queue
[2025-11-28T07:07:18.005+0000] {logging_mixin.py:188} INFO - [2025-11-28T07:07:18.005+0000] {dagbag.py:538} INFO - Filling up the DagBag from /home/airflow/.local/lib/python3.8/site-packages/airflow/example_dags/example_python_decorator.py
[2025-11-28T07:07:18.020+0000] {processor.py:840} INFO - DAG(s) 'example_python_decorator' retrieved from /home/airflow/.local/lib/python3.8/site-packages/airflow/example_dags/example_python_decorator.py
[2025-11-28T07:07:18.048+0000] {logging_mixin.py:188} INFO - [2025-11-28T07:07:18.048+0000] {dag.py:3036} INFO - Sync 1 DAGs
[2025-11-28T07:07:18.059+0000] {logging_mixin.py:188} INFO - [2025-11-28T07:07:18.058+0000] {dag.py:3823} INFO - Setting next_dagrun for example_python_decorator to None, run_after=None
[2025-11-28T07:07:18.074+0000] {processor.py:183} INFO - Processing /home/airflow/.local/lib/python3.8/site-packages/airflow/example_dags/example_python_decorator.py took 0.079 seconds
[2025-11-28T07:07:48.424+0000] {processor.py:161} INFO - Started process (PID=1759) to work on /home/airflow/.local/lib/python3.8/site-packages/airflow/example_dags/example_python_decorator.py
[2025-11-28T07:07:48.426+0000] {processor.py:830} INFO - Processing file /home/airflow/.local/lib/python3.8/site-packages/airflow/example_dags/example_python_decorator.py for tasks to queue
[2025-11-28T07:07:48.428+0000] {logging_mixin.py:188} INFO - [2025-11-28T07:07:48.428+0000] {dagbag.py:538} INFO - Filling up the DagBag from /home/airflow/.local/lib/python3.8/site-packages/airflow/example_dags/example_python_decorator.py
[2025-11-28T07:07:48.439+0000] {processor.py:840} INFO - DAG(s) 'example_python_decorator' retrieved from /home/airflow/.local/lib/python3.8/site-packages/airflow/example_dags/example_python_decorator.py
[2025-11-28T07:07:48.468+0000] {logging_mixin.py:188} INFO - [2025-11-28T07:07:48.468+0000] {dag.py:3036} INFO - Sync 1 DAGs
[2025-11-28T07:07:48.480+0000] {logging_mixin.py:188} INFO - [2025-11-28T07:07:48.480+0000] {dag.py:3823} INFO - Setting next_dagrun for example_python_decorator to None, run_after=None
[2025-11-28T07:07:48.499+0000] {processor.py:183} INFO - Processing /home/airflow/.local/lib/python3.8/site-packages/airflow/example_dags/example_python_decorator.py took 0.079 seconds
[2025-11-28T07:08:18.906+0000] {processor.py:161} INFO - Started process (PID=1814) to work on /home/airflow/.local/lib/python3.8/site-packages/airflow/example_dags/example_python_decorator.py
[2025-11-28T07:08:18.908+0000] {processor.py:830} INFO - Processing file /home/airflow/.local/lib/python3.8/site-packages/airflow/example_dags/example_python_decorator.py for tasks to queue
[2025-11-28T07:08:18.910+0000] {logging_mixin.py:188} INFO - [2025-11-28T07:08:18.910+0000] {dagbag.py:538} INFO - Filling up the DagBag from /home/airflow/.local/lib/python3.8/site-packages/airflow/example_dags/example_python_decorator.py
[2025-11-28T07:08:18.939+0000] {processor.py:840} INFO - DAG(s) 'example_python_decorator' retrieved from /home/airflow/.local/lib/python3.8/site-packages/airflow/example_dags/example_python_decorator.py
[2025-11-28T07:08:18.967+0000] {logging_mixin.py:188} INFO - [2025-11-28T07:08:18.967+0000] {dag.py:3036} INFO - Sync 1 DAGs
[2025-11-28T07:08:18.979+0000] {logging_mixin.py:188} INFO - [2025-11-28T07:08:18.979+0000] {dag.py:3823} INFO - Setting next_dagrun for example_python_decorator to None, run_after=None
[2025-11-28T07:08:19.000+0000] {processor.py:183} INFO - Processing /home/airflow/.local/lib/python3.8/site-packages/airflow/example_dags/example_python_decorator.py took 0.097 seconds
[2025-11-28T07:08:49.785+0000] {processor.py:161} INFO - Started process (PID=1869) to work on /home/airflow/.local/lib/python3.8/site-packages/airflow/example_dags/example_python_decorator.py
[2025-11-28T07:08:49.786+0000] {processor.py:830} INFO - Processing file /home/airflow/.local/lib/python3.8/site-packages/airflow/example_dags/example_python_decorator.py for tasks to queue
[2025-11-28T07:08:49.789+0000] {logging_mixin.py:188} INFO - [2025-11-28T07:08:49.788+0000] {dagbag.py:538} INFO - Filling up the DagBag from /home/airflow/.local/lib/python3.8/site-packages/airflow/example_dags/example_python_decorator.py
[2025-11-28T07:08:49.802+0000] {processor.py:840} INFO - DAG(s) 'example_python_decorator' retrieved from /home/airflow/.local/lib/python3.8/site-packages/airflow/example_dags/example_python_decorator.py
[2025-11-28T07:08:49.825+0000] {logging_mixin.py:188} INFO - [2025-11-28T07:08:49.824+0000] {dag.py:3036} INFO - Sync 1 DAGs
[2025-11-28T07:08:49.838+0000] {logging_mixin.py:188} INFO - [2025-11-28T07:08:49.837+0000] {dag.py:3823} INFO - Setting next_dagrun for example_python_decorator to None, run_after=None
[2025-11-28T07:08:49.858+0000] {processor.py:183} INFO - Processing /home/airflow/.local/lib/python3.8/site-packages/airflow/example_dags/example_python_decorator.py took 0.076 seconds
[2025-11-28T07:09:20.997+0000] {processor.py:161} INFO - Started process (PID=1924) to work on /home/airflow/.local/lib/python3.8/site-packages/airflow/example_dags/example_python_decorator.py
[2025-11-28T07:09:20.999+0000] {processor.py:830} INFO - Processing file /home/airflow/.local/lib/python3.8/site-packages/airflow/example_dags/example_python_decorator.py for tasks to queue
[2025-11-28T07:09:21.001+0000] {logging_mixin.py:188} INFO - [2025-11-28T07:09:21.001+0000] {dagbag.py:538} INFO - Filling up the DagBag from /home/airflow/.local/lib/python3.8/site-packages/airflow/example_dags/example_python_decorator.py
[2025-11-28T07:09:21.016+0000] {processor.py:840} INFO - DAG(s) 'example_python_decorator' retrieved from /home/airflow/.local/lib/python3.8/site-packages/airflow/example_dags/example_python_decorator.py
[2025-11-28T07:09:21.077+0000] {logging_mixin.py:188} INFO - [2025-11-28T07:09:21.077+0000] {dag.py:3036} INFO - Sync 1 DAGs
[2025-11-28T07:09:21.088+0000] {logging_mixin.py:188} INFO - [2025-11-28T07:09:21.088+0000] {dag.py:3823} INFO - Setting next_dagrun for example_python_decorator to None, run_after=None
[2025-11-28T07:09:21.107+0000] {processor.py:183} INFO - Processing /home/airflow/.local/lib/python3.8/site-packages/airflow/example_dags/example_python_decorator.py took 0.114 seconds
[2025-11-28T07:09:51.585+0000] {processor.py:161} INFO - Started process (PID=1979) to work on /home/airflow/.local/lib/python3.8/site-packages/airflow/example_dags/example_python_decorator.py
[2025-11-28T07:09:51.586+0000] {processor.py:830} INFO - Processing file /home/airflow/.local/lib/python3.8/site-packages/airflow/example_dags/example_python_decorator.py for tasks to queue
[2025-11-28T07:09:51.589+0000] {logging_mixin.py:188} INFO - [2025-11-28T07:09:51.588+0000] {dagbag.py:538} INFO - Filling up the DagBag from /home/airflow/.local/lib/python3.8/site-packages/airflow/example_dags/example_python_decorator.py
[2025-11-28T07:09:51.611+0000] {processor.py:840} INFO - DAG(s) 'example_python_decorator' retrieved from /home/airflow/.local/lib/python3.8/site-packages/airflow/example_dags/example_python_decorator.py
[2025-11-28T07:09:51.645+0000] {logging_mixin.py:188} INFO - [2025-11-28T07:09:51.645+0000] {dag.py:3036} INFO - Sync 1 DAGs
[2025-11-28T07:09:51.668+0000] {logging_mixin.py:188} INFO - [2025-11-28T07:09:51.667+0000] {dag.py:3823} INFO - Setting next_dagrun for example_python_decorator to None, run_after=None
[2025-11-28T07:09:51.721+0000] {processor.py:183} INFO - Processing /home/airflow/.local/lib/python3.8/site-packages/airflow/example_dags/example_python_decorator.py took 0.139 seconds
[2025-11-28T07:10:21.801+0000] {processor.py:161} INFO - Started process (PID=2034) to work on /home/airflow/.local/lib/python3.8/site-packages/airflow/example_dags/example_python_decorator.py
[2025-11-28T07:10:21.802+0000] {processor.py:830} INFO - Processing file /home/airflow/.local/lib/python3.8/site-packages/airflow/example_dags/example_python_decorator.py for tasks to queue
[2025-11-28T07:10:21.805+0000] {logging_mixin.py:188} INFO - [2025-11-28T07:10:21.804+0000] {dagbag.py:538} INFO - Filling up the DagBag from /home/airflow/.local/lib/python3.8/site-packages/airflow/example_dags/example_python_decorator.py
[2025-11-28T07:10:21.819+0000] {processor.py:840} INFO - DAG(s) 'example_python_decorator' retrieved from /home/airflow/.local/lib/python3.8/site-packages/airflow/example_dags/example_python_decorator.py
[2025-11-28T07:10:21.841+0000] {logging_mixin.py:188} INFO - [2025-11-28T07:10:21.841+0000] {dag.py:3036} INFO - Sync 1 DAGs
[2025-11-28T07:10:21.852+0000] {logging_mixin.py:188} INFO - [2025-11-28T07:10:21.851+0000] {dag.py:3823} INFO - Setting next_dagrun for example_python_decorator to None, run_after=None
[2025-11-28T07:10:21.869+0000] {processor.py:183} INFO - Processing /home/airflow/.local/lib/python3.8/site-packages/airflow/example_dags/example_python_decorator.py took 0.071 seconds
[2025-11-28T07:10:52.149+0000] {processor.py:161} INFO - Started process (PID=2089) to work on /home/airflow/.local/lib/python3.8/site-packages/airflow/example_dags/example_python_decorator.py
[2025-11-28T07:10:52.150+0000] {processor.py:830} INFO - Processing file /home/airflow/.local/lib/python3.8/site-packages/airflow/example_dags/example_python_decorator.py for tasks to queue
[2025-11-28T07:10:52.153+0000] {logging_mixin.py:188} INFO - [2025-11-28T07:10:52.152+0000] {dagbag.py:538} INFO - Filling up the DagBag from /home/airflow/.local/lib/python3.8/site-packages/airflow/example_dags/example_python_decorator.py
[2025-11-28T07:10:52.164+0000] {processor.py:840} INFO - DAG(s) 'example_python_decorator' retrieved from /home/airflow/.local/lib/python3.8/site-packages/airflow/example_dags/example_python_decorator.py
[2025-11-28T07:10:52.183+0000] {logging_mixin.py:188} INFO - [2025-11-28T07:10:52.183+0000] {dag.py:3036} INFO - Sync 1 DAGs
[2025-11-28T07:10:52.193+0000] {logging_mixin.py:188} INFO - [2025-11-28T07:10:52.193+0000] {dag.py:3823} INFO - Setting next_dagrun for example_python_decorator to None, run_after=None
[2025-11-28T07:10:52.210+0000] {processor.py:183} INFO - Processing /home/airflow/.local/lib/python3.8/site-packages/airflow/example_dags/example_python_decorator.py took 0.064 seconds
[2025-11-28T07:11:23.034+0000] {processor.py:161} INFO - Started process (PID=2144) to work on /home/airflow/.local/lib/python3.8/site-packages/airflow/example_dags/example_python_decorator.py
[2025-11-28T07:11:23.036+0000] {processor.py:830} INFO - Processing file /home/airflow/.local/lib/python3.8/site-packages/airflow/example_dags/example_python_decorator.py for tasks to queue
[2025-11-28T07:11:23.038+0000] {logging_mixin.py:188} INFO - [2025-11-28T07:11:23.038+0000] {dagbag.py:538} INFO - Filling up the DagBag from /home/airflow/.local/lib/python3.8/site-packages/airflow/example_dags/example_python_decorator.py
[2025-11-28T07:11:23.051+0000] {processor.py:840} INFO - DAG(s) 'example_python_decorator' retrieved from /home/airflow/.local/lib/python3.8/site-packages/airflow/example_dags/example_python_decorator.py
[2025-11-28T07:11:23.070+0000] {logging_mixin.py:188} INFO - [2025-11-28T07:11:23.070+0000] {dag.py:3036} INFO - Sync 1 DAGs
[2025-11-28T07:11:23.081+0000] {logging_mixin.py:188} INFO - [2025-11-28T07:11:23.081+0000] {dag.py:3823} INFO - Setting next_dagrun for example_python_decorator to None, run_after=None
[2025-11-28T07:11:23.100+0000] {processor.py:183} INFO - Processing /home/airflow/.local/lib/python3.8/site-packages/airflow/example_dags/example_python_decorator.py took 0.068 seconds
[2025-11-28T07:11:53.296+0000] {processor.py:161} INFO - Started process (PID=2199) to work on /home/airflow/.local/lib/python3.8/site-packages/airflow/example_dags/example_python_decorator.py
[2025-11-28T07:11:53.298+0000] {processor.py:830} INFO - Processing file /home/airflow/.local/lib/python3.8/site-packages/airflow/example_dags/example_python_decorator.py for tasks to queue
[2025-11-28T07:11:53.300+0000] {logging_mixin.py:188} INFO - [2025-11-28T07:11:53.299+0000] {dagbag.py:538} INFO - Filling up the DagBag from /home/airflow/.local/lib/python3.8/site-packages/airflow/example_dags/example_python_decorator.py
[2025-11-28T07:11:53.313+0000] {processor.py:840} INFO - DAG(s) 'example_python_decorator' retrieved from /home/airflow/.local/lib/python3.8/site-packages/airflow/example_dags/example_python_decorator.py
[2025-11-28T07:11:53.336+0000] {logging_mixin.py:188} INFO - [2025-11-28T07:11:53.336+0000] {dag.py:3036} INFO - Sync 1 DAGs
[2025-11-28T07:11:53.348+0000] {logging_mixin.py:188} INFO - [2025-11-28T07:11:53.348+0000] {dag.py:3823} INFO - Setting next_dagrun for example_python_decorator to None, run_after=None
[2025-11-28T07:11:53.371+0000] {processor.py:183} INFO - Processing /home/airflow/.local/lib/python3.8/site-packages/airflow/example_dags/example_python_decorator.py took 0.078 seconds
[2025-11-28T07:12:23.809+0000] {processor.py:161} INFO - Started process (PID=2254) to work on /home/airflow/.local/lib/python3.8/site-packages/airflow/example_dags/example_python_decorator.py
[2025-11-28T07:12:23.810+0000] {processor.py:830} INFO - Processing file /home/airflow/.local/lib/python3.8/site-packages/airflow/example_dags/example_python_decorator.py for tasks to queue
[2025-11-28T07:12:23.812+0000] {logging_mixin.py:188} INFO - [2025-11-28T07:12:23.812+0000] {dagbag.py:538} INFO - Filling up the DagBag from /home/airflow/.local/lib/python3.8/site-packages/airflow/example_dags/example_python_decorator.py
[2025-11-28T07:12:23.825+0000] {processor.py:840} INFO - DAG(s) 'example_python_decorator' retrieved from /home/airflow/.local/lib/python3.8/site-packages/airflow/example_dags/example_python_decorator.py
[2025-11-28T07:12:23.847+0000] {logging_mixin.py:188} INFO - [2025-11-28T07:12:23.847+0000] {dag.py:3036} INFO - Sync 1 DAGs
[2025-11-28T07:12:23.859+0000] {logging_mixin.py:188} INFO - [2025-11-28T07:12:23.859+0000] {dag.py:3823} INFO - Setting next_dagrun for example_python_decorator to None, run_after=None
[2025-11-28T07:12:23.881+0000] {processor.py:183} INFO - Processing /home/airflow/.local/lib/python3.8/site-packages/airflow/example_dags/example_python_decorator.py took 0.075 seconds
[2025-11-28T07:12:54.441+0000] {processor.py:161} INFO - Started process (PID=2309) to work on /home/airflow/.local/lib/python3.8/site-packages/airflow/example_dags/example_python_decorator.py
[2025-11-28T07:12:54.442+0000] {processor.py:830} INFO - Processing file /home/airflow/.local/lib/python3.8/site-packages/airflow/example_dags/example_python_decorator.py for tasks to queue
[2025-11-28T07:12:54.444+0000] {logging_mixin.py:188} INFO - [2025-11-28T07:12:54.444+0000] {dagbag.py:538} INFO - Filling up the DagBag from /home/airflow/.local/lib/python3.8/site-packages/airflow/example_dags/example_python_decorator.py
[2025-11-28T07:12:54.455+0000] {processor.py:840} INFO - DAG(s) 'example_python_decorator' retrieved from /home/airflow/.local/lib/python3.8/site-packages/airflow/example_dags/example_python_decorator.py
[2025-11-28T07:12:54.477+0000] {logging_mixin.py:188} INFO - [2025-11-28T07:12:54.477+0000] {dag.py:3036} INFO - Sync 1 DAGs
[2025-11-28T07:12:54.487+0000] {logging_mixin.py:188} INFO - [2025-11-28T07:12:54.487+0000] {dag.py:3823} INFO - Setting next_dagrun for example_python_decorator to None, run_after=None
[2025-11-28T07:12:54.504+0000] {processor.py:183} INFO - Processing /home/airflow/.local/lib/python3.8/site-packages/airflow/example_dags/example_python_decorator.py took 0.066 seconds
[2025-11-28T07:13:25.376+0000] {processor.py:161} INFO - Started process (PID=2364) to work on /home/airflow/.local/lib/python3.8/site-packages/airflow/example_dags/example_python_decorator.py
[2025-11-28T07:13:25.377+0000] {processor.py:830} INFO - Processing file /home/airflow/.local/lib/python3.8/site-packages/airflow/example_dags/example_python_decorator.py for tasks to queue
[2025-11-28T07:13:25.379+0000] {logging_mixin.py:188} INFO - [2025-11-28T07:13:25.379+0000] {dagbag.py:538} INFO - Filling up the DagBag from /home/airflow/.local/lib/python3.8/site-packages/airflow/example_dags/example_python_decorator.py
[2025-11-28T07:13:25.393+0000] {processor.py:840} INFO - DAG(s) 'example_python_decorator' retrieved from /home/airflow/.local/lib/python3.8/site-packages/airflow/example_dags/example_python_decorator.py
[2025-11-28T07:13:25.417+0000] {logging_mixin.py:188} INFO - [2025-11-28T07:13:25.417+0000] {dag.py:3036} INFO - Sync 1 DAGs
[2025-11-28T07:13:25.430+0000] {logging_mixin.py:188} INFO - [2025-11-28T07:13:25.429+0000] {dag.py:3823} INFO - Setting next_dagrun for example_python_decorator to None, run_after=None
[2025-11-28T07:13:25.450+0000] {processor.py:183} INFO - Processing /home/airflow/.local/lib/python3.8/site-packages/airflow/example_dags/example_python_decorator.py took 0.078 seconds
[2025-11-28T07:13:55.946+0000] {processor.py:161} INFO - Started process (PID=2419) to work on /home/airflow/.local/lib/python3.8/site-packages/airflow/example_dags/example_python_decorator.py
[2025-11-28T07:13:55.948+0000] {processor.py:830} INFO - Processing file /home/airflow/.local/lib/python3.8/site-packages/airflow/example_dags/example_python_decorator.py for tasks to queue
[2025-11-28T07:13:55.951+0000] {logging_mixin.py:188} INFO - [2025-11-28T07:13:55.950+0000] {dagbag.py:538} INFO - Filling up the DagBag from /home/airflow/.local/lib/python3.8/site-packages/airflow/example_dags/example_python_decorator.py
[2025-11-28T07:13:55.963+0000] {processor.py:840} INFO - DAG(s) 'example_python_decorator' retrieved from /home/airflow/.local/lib/python3.8/site-packages/airflow/example_dags/example_python_decorator.py
[2025-11-28T07:13:55.990+0000] {logging_mixin.py:188} INFO - [2025-11-28T07:13:55.989+0000] {dag.py:3036} INFO - Sync 1 DAGs
[2025-11-28T07:13:56.015+0000] {logging_mixin.py:188} INFO - [2025-11-28T07:13:56.015+0000] {dag.py:3823} INFO - Setting next_dagrun for example_python_decorator to None, run_after=None
[2025-11-28T07:13:56.044+0000] {processor.py:183} INFO - Processing /home/airflow/.local/lib/python3.8/site-packages/airflow/example_dags/example_python_decorator.py took 0.102 seconds
[2025-11-28T07:14:26.360+0000] {processor.py:161} INFO - Started process (PID=2475) to work on /home/airflow/.local/lib/python3.8/site-packages/airflow/example_dags/example_python_decorator.py
[2025-11-28T07:14:26.363+0000] {processor.py:830} INFO - Processing file /home/airflow/.local/lib/python3.8/site-packages/airflow/example_dags/example_python_decorator.py for tasks to queue
[2025-11-28T07:14:26.370+0000] {logging_mixin.py:188} INFO - [2025-11-28T07:14:26.369+0000] {dagbag.py:538} INFO - Filling up the DagBag from /home/airflow/.local/lib/python3.8/site-packages/airflow/example_dags/example_python_decorator.py
[2025-11-28T07:14:26.391+0000] {processor.py:840} INFO - DAG(s) 'example_python_decorator' retrieved from /home/airflow/.local/lib/python3.8/site-packages/airflow/example_dags/example_python_decorator.py
[2025-11-28T07:14:26.411+0000] {logging_mixin.py:188} INFO - [2025-11-28T07:14:26.410+0000] {dag.py:3036} INFO - Sync 1 DAGs
[2025-11-28T07:14:26.424+0000] {logging_mixin.py:188} INFO - [2025-11-28T07:14:26.423+0000] {dag.py:3823} INFO - Setting next_dagrun for example_python_decorator to None, run_after=None
[2025-11-28T07:14:26.438+0000] {processor.py:183} INFO - Processing /home/airflow/.local/lib/python3.8/site-packages/airflow/example_dags/example_python_decorator.py took 0.085 seconds
[2025-11-28T07:14:56.622+0000] {processor.py:161} INFO - Started process (PID=2530) to work on /home/airflow/.local/lib/python3.8/site-packages/airflow/example_dags/example_python_decorator.py
[2025-11-28T07:14:56.623+0000] {processor.py:830} INFO - Processing file /home/airflow/.local/lib/python3.8/site-packages/airflow/example_dags/example_python_decorator.py for tasks to queue
[2025-11-28T07:14:56.625+0000] {logging_mixin.py:188} INFO - [2025-11-28T07:14:56.625+0000] {dagbag.py:538} INFO - Filling up the DagBag from /home/airflow/.local/lib/python3.8/site-packages/airflow/example_dags/example_python_decorator.py
[2025-11-28T07:14:56.637+0000] {processor.py:840} INFO - DAG(s) 'example_python_decorator' retrieved from /home/airflow/.local/lib/python3.8/site-packages/airflow/example_dags/example_python_decorator.py
[2025-11-28T07:14:56.658+0000] {logging_mixin.py:188} INFO - [2025-11-28T07:14:56.657+0000] {dag.py:3036} INFO - Sync 1 DAGs
[2025-11-28T07:14:56.670+0000] {logging_mixin.py:188} INFO - [2025-11-28T07:14:56.670+0000] {dag.py:3823} INFO - Setting next_dagrun for example_python_decorator to None, run_after=None
[2025-11-28T07:14:56.692+0000] {processor.py:183} INFO - Processing /home/airflow/.local/lib/python3.8/site-packages/airflow/example_dags/example_python_decorator.py took 0.073 seconds
[2025-11-28T07:15:27.581+0000] {processor.py:161} INFO - Started process (PID=2585) to work on /home/airflow/.local/lib/python3.8/site-packages/airflow/example_dags/example_python_decorator.py
[2025-11-28T07:15:27.582+0000] {processor.py:830} INFO - Processing file /home/airflow/.local/lib/python3.8/site-packages/airflow/example_dags/example_python_decorator.py for tasks to queue
[2025-11-28T07:15:27.584+0000] {logging_mixin.py:188} INFO - [2025-11-28T07:15:27.584+0000] {dagbag.py:538} INFO - Filling up the DagBag from /home/airflow/.local/lib/python3.8/site-packages/airflow/example_dags/example_python_decorator.py
[2025-11-28T07:15:27.595+0000] {processor.py:840} INFO - DAG(s) 'example_python_decorator' retrieved from /home/airflow/.local/lib/python3.8/site-packages/airflow/example_dags/example_python_decorator.py
[2025-11-28T07:15:27.616+0000] {logging_mixin.py:188} INFO - [2025-11-28T07:15:27.615+0000] {dag.py:3036} INFO - Sync 1 DAGs
[2025-11-28T07:15:27.627+0000] {logging_mixin.py:188} INFO - [2025-11-28T07:15:27.626+0000] {dag.py:3823} INFO - Setting next_dagrun for example_python_decorator to None, run_after=None
[2025-11-28T07:15:27.642+0000] {processor.py:183} INFO - Processing /home/airflow/.local/lib/python3.8/site-packages/airflow/example_dags/example_python_decorator.py took 0.064 seconds
[2025-11-28T07:15:58.545+0000] {processor.py:161} INFO - Started process (PID=2640) to work on /home/airflow/.local/lib/python3.8/site-packages/airflow/example_dags/example_python_decorator.py
[2025-11-28T07:15:58.548+0000] {processor.py:830} INFO - Processing file /home/airflow/.local/lib/python3.8/site-packages/airflow/example_dags/example_python_decorator.py for tasks to queue
[2025-11-28T07:15:58.551+0000] {logging_mixin.py:188} INFO - [2025-11-28T07:15:58.550+0000] {dagbag.py:538} INFO - Filling up the DagBag from /home/airflow/.local/lib/python3.8/site-packages/airflow/example_dags/example_python_decorator.py
[2025-11-28T07:15:58.565+0000] {processor.py:840} INFO - DAG(s) 'example_python_decorator' retrieved from /home/airflow/.local/lib/python3.8/site-packages/airflow/example_dags/example_python_decorator.py
[2025-11-28T07:15:58.601+0000] {logging_mixin.py:188} INFO - [2025-11-28T07:15:58.600+0000] {dag.py:3036} INFO - Sync 1 DAGs
[2025-11-28T07:15:58.615+0000] {logging_mixin.py:188} INFO - [2025-11-28T07:15:58.614+0000] {dag.py:3823} INFO - Setting next_dagrun for example_python_decorator to None, run_after=None
[2025-11-28T07:15:58.635+0000] {processor.py:183} INFO - Processing /home/airflow/.local/lib/python3.8/site-packages/airflow/example_dags/example_python_decorator.py took 0.095 seconds
[2025-11-28T07:16:29.488+0000] {processor.py:161} INFO - Started process (PID=2695) to work on /home/airflow/.local/lib/python3.8/site-packages/airflow/example_dags/example_python_decorator.py
[2025-11-28T07:16:29.490+0000] {processor.py:830} INFO - Processing file /home/airflow/.local/lib/python3.8/site-packages/airflow/example_dags/example_python_decorator.py for tasks to queue
[2025-11-28T07:16:29.493+0000] {logging_mixin.py:188} INFO - [2025-11-28T07:16:29.493+0000] {dagbag.py:538} INFO - Filling up the DagBag from /home/airflow/.local/lib/python3.8/site-packages/airflow/example_dags/example_python_decorator.py
[2025-11-28T07:16:29.510+0000] {processor.py:840} INFO - DAG(s) 'example_python_decorator' retrieved from /home/airflow/.local/lib/python3.8/site-packages/airflow/example_dags/example_python_decorator.py
[2025-11-28T07:16:29.550+0000] {logging_mixin.py:188} INFO - [2025-11-28T07:16:29.549+0000] {dag.py:3036} INFO - Sync 1 DAGs
[2025-11-28T07:16:29.566+0000] {logging_mixin.py:188} INFO - [2025-11-28T07:16:29.566+0000] {dag.py:3823} INFO - Setting next_dagrun for example_python_decorator to None, run_after=None
[2025-11-28T07:16:29.598+0000] {processor.py:183} INFO - Processing /home/airflow/.local/lib/python3.8/site-packages/airflow/example_dags/example_python_decorator.py took 0.119 seconds
[2025-11-28T07:17:00.439+0000] {processor.py:161} INFO - Started process (PID=2750) to work on /home/airflow/.local/lib/python3.8/site-packages/airflow/example_dags/example_python_decorator.py
[2025-11-28T07:17:00.442+0000] {processor.py:830} INFO - Processing file /home/airflow/.local/lib/python3.8/site-packages/airflow/example_dags/example_python_decorator.py for tasks to queue
[2025-11-28T07:17:00.444+0000] {logging_mixin.py:188} INFO - [2025-11-28T07:17:00.444+0000] {dagbag.py:538} INFO - Filling up the DagBag from /home/airflow/.local/lib/python3.8/site-packages/airflow/example_dags/example_python_decorator.py
[2025-11-28T07:17:00.461+0000] {processor.py:840} INFO - DAG(s) 'example_python_decorator' retrieved from /home/airflow/.local/lib/python3.8/site-packages/airflow/example_dags/example_python_decorator.py
[2025-11-28T07:17:00.482+0000] {logging_mixin.py:188} INFO - [2025-11-28T07:17:00.482+0000] {dag.py:3036} INFO - Sync 1 DAGs
[2025-11-28T07:17:00.494+0000] {logging_mixin.py:188} INFO - [2025-11-28T07:17:00.494+0000] {dag.py:3823} INFO - Setting next_dagrun for example_python_decorator to None, run_after=None
[2025-11-28T07:17:00.517+0000] {processor.py:183} INFO - Processing /home/airflow/.local/lib/python3.8/site-packages/airflow/example_dags/example_python_decorator.py took 0.081 seconds
[2025-11-28T07:17:30.805+0000] {processor.py:161} INFO - Started process (PID=2805) to work on /home/airflow/.local/lib/python3.8/site-packages/airflow/example_dags/example_python_decorator.py
[2025-11-28T07:17:30.806+0000] {processor.py:830} INFO - Processing file /home/airflow/.local/lib/python3.8/site-packages/airflow/example_dags/example_python_decorator.py for tasks to queue
[2025-11-28T07:17:30.808+0000] {logging_mixin.py:188} INFO - [2025-11-28T07:17:30.808+0000] {dagbag.py:538} INFO - Filling up the DagBag from /home/airflow/.local/lib/python3.8/site-packages/airflow/example_dags/example_python_decorator.py
[2025-11-28T07:17:30.819+0000] {processor.py:840} INFO - DAG(s) 'example_python_decorator' retrieved from /home/airflow/.local/lib/python3.8/site-packages/airflow/example_dags/example_python_decorator.py
[2025-11-28T07:17:30.843+0000] {logging_mixin.py:188} INFO - [2025-11-28T07:17:30.843+0000] {dag.py:3036} INFO - Sync 1 DAGs
[2025-11-28T07:17:30.857+0000] {logging_mixin.py:188} INFO - [2025-11-28T07:17:30.857+0000] {dag.py:3823} INFO - Setting next_dagrun for example_python_decorator to None, run_after=None
[2025-11-28T07:17:30.879+0000] {processor.py:183} INFO - Processing /home/airflow/.local/lib/python3.8/site-packages/airflow/example_dags/example_python_decorator.py took 0.077 seconds
[2025-11-28T07:18:01.077+0000] {processor.py:161} INFO - Started process (PID=2860) to work on /home/airflow/.local/lib/python3.8/site-packages/airflow/example_dags/example_python_decorator.py
[2025-11-28T07:18:01.079+0000] {processor.py:830} INFO - Processing file /home/airflow/.local/lib/python3.8/site-packages/airflow/example_dags/example_python_decorator.py for tasks to queue
[2025-11-28T07:18:01.082+0000] {logging_mixin.py:188} INFO - [2025-11-28T07:18:01.081+0000] {dagbag.py:538} INFO - Filling up the DagBag from /home/airflow/.local/lib/python3.8/site-packages/airflow/example_dags/example_python_decorator.py
[2025-11-28T07:18:01.094+0000] {processor.py:840} INFO - DAG(s) 'example_python_decorator' retrieved from /home/airflow/.local/lib/python3.8/site-packages/airflow/example_dags/example_python_decorator.py
[2025-11-28T07:18:01.118+0000] {logging_mixin.py:188} INFO - [2025-11-28T07:18:01.118+0000] {dag.py:3036} INFO - Sync 1 DAGs
[2025-11-28T07:18:01.129+0000] {logging_mixin.py:188} INFO - [2025-11-28T07:18:01.129+0000] {dag.py:3823} INFO - Setting next_dagrun for example_python_decorator to None, run_after=None
[2025-11-28T07:18:01.154+0000] {processor.py:183} INFO - Processing /home/airflow/.local/lib/python3.8/site-packages/airflow/example_dags/example_python_decorator.py took 0.080 seconds
[2025-11-28T07:18:32.087+0000] {processor.py:161} INFO - Started process (PID=2915) to work on /home/airflow/.local/lib/python3.8/site-packages/airflow/example_dags/example_python_decorator.py
[2025-11-28T07:18:32.088+0000] {processor.py:830} INFO - Processing file /home/airflow/.local/lib/python3.8/site-packages/airflow/example_dags/example_python_decorator.py for tasks to queue
[2025-11-28T07:18:32.089+0000] {logging_mixin.py:188} INFO - [2025-11-28T07:18:32.089+0000] {dagbag.py:538} INFO - Filling up the DagBag from /home/airflow/.local/lib/python3.8/site-packages/airflow/example_dags/example_python_decorator.py
[2025-11-28T07:18:32.101+0000] {processor.py:840} INFO - DAG(s) 'example_python_decorator' retrieved from /home/airflow/.local/lib/python3.8/site-packages/airflow/example_dags/example_python_decorator.py
[2025-11-28T07:18:32.120+0000] {logging_mixin.py:188} INFO - [2025-11-28T07:18:32.120+0000] {dag.py:3036} INFO - Sync 1 DAGs
[2025-11-28T07:18:32.129+0000] {logging_mixin.py:188} INFO - [2025-11-28T07:18:32.129+0000] {dag.py:3823} INFO - Setting next_dagrun for example_python_decorator to None, run_after=None
[2025-11-28T07:18:32.147+0000] {processor.py:183} INFO - Processing /home/airflow/.local/lib/python3.8/site-packages/airflow/example_dags/example_python_decorator.py took 0.067 seconds
[2025-11-28T07:19:02.781+0000] {processor.py:161} INFO - Started process (PID=2970) to work on /home/airflow/.local/lib/python3.8/site-packages/airflow/example_dags/example_python_decorator.py
[2025-11-28T07:19:02.783+0000] {processor.py:830} INFO - Processing file /home/airflow/.local/lib/python3.8/site-packages/airflow/example_dags/example_python_decorator.py for tasks to queue
[2025-11-28T07:19:02.785+0000] {logging_mixin.py:188} INFO - [2025-11-28T07:19:02.785+0000] {dagbag.py:538} INFO - Filling up the DagBag from /home/airflow/.local/lib/python3.8/site-packages/airflow/example_dags/example_python_decorator.py
[2025-11-28T07:19:02.799+0000] {processor.py:840} INFO - DAG(s) 'example_python_decorator' retrieved from /home/airflow/.local/lib/python3.8/site-packages/airflow/example_dags/example_python_decorator.py
[2025-11-28T07:19:02.825+0000] {logging_mixin.py:188} INFO - [2025-11-28T07:19:02.824+0000] {dag.py:3036} INFO - Sync 1 DAGs
[2025-11-28T07:19:02.836+0000] {logging_mixin.py:188} INFO - [2025-11-28T07:19:02.836+0000] {dag.py:3823} INFO - Setting next_dagrun for example_python_decorator to None, run_after=None
[2025-11-28T07:19:02.883+0000] {processor.py:183} INFO - Processing /home/airflow/.local/lib/python3.8/site-packages/airflow/example_dags/example_python_decorator.py took 0.105 seconds
[2025-11-28T07:19:33.049+0000] {processor.py:161} INFO - Started process (PID=3024) to work on /home/airflow/.local/lib/python3.8/site-packages/airflow/example_dags/example_python_decorator.py
[2025-11-28T07:19:33.053+0000] {processor.py:830} INFO - Processing file /home/airflow/.local/lib/python3.8/site-packages/airflow/example_dags/example_python_decorator.py for tasks to queue
[2025-11-28T07:19:33.060+0000] {logging_mixin.py:188} INFO - [2025-11-28T07:19:33.059+0000] {dagbag.py:538} INFO - Filling up the DagBag from /home/airflow/.local/lib/python3.8/site-packages/airflow/example_dags/example_python_decorator.py
[2025-11-28T07:19:33.076+0000] {processor.py:840} INFO - DAG(s) 'example_python_decorator' retrieved from /home/airflow/.local/lib/python3.8/site-packages/airflow/example_dags/example_python_decorator.py
[2025-11-28T07:19:33.112+0000] {logging_mixin.py:188} INFO - [2025-11-28T07:19:33.112+0000] {dag.py:3036} INFO - Sync 1 DAGs
[2025-11-28T07:19:33.158+0000] {logging_mixin.py:188} INFO - [2025-11-28T07:19:33.157+0000] {dag.py:3823} INFO - Setting next_dagrun for example_python_decorator to None, run_after=None
[2025-11-28T07:19:33.209+0000] {processor.py:183} INFO - Processing /home/airflow/.local/lib/python3.8/site-packages/airflow/example_dags/example_python_decorator.py took 0.165 seconds
