[2025-11-28T06:52:22.874+0000] {processor.py:161} INFO - Started process (PID=65) to work on /home/airflow/.local/lib/python3.8/site-packages/airflow/example_dags/example_xcomargs.py
[2025-11-28T06:52:22.876+0000] {processor.py:830} INFO - Processing file /home/airflow/.local/lib/python3.8/site-packages/airflow/example_dags/example_xcomargs.py for tasks to queue
[2025-11-28T06:52:22.880+0000] {logging_mixin.py:188} INFO - [2025-11-28T06:52:22.879+0000] {dagbag.py:538} INFO - Filling up the DagBag from /home/airflow/.local/lib/python3.8/site-packages/airflow/example_dags/example_xcomargs.py
[2025-11-28T06:52:22.902+0000] {processor.py:840} INFO - DAG(s) 'example_xcom_args_with_operators', 'example_xcom_args' retrieved from /home/airflow/.local/lib/python3.8/site-packages/airflow/example_dags/example_xcomargs.py
[2025-11-28T06:52:23.261+0000] {logging_mixin.py:188} INFO - [2025-11-28T06:52:23.260+0000] {override.py:1769} INFO - Created Permission View: can edit on DAG:example_xcom_args_with_operators
[2025-11-28T06:52:23.281+0000] {logging_mixin.py:188} INFO - [2025-11-28T06:52:23.281+0000] {override.py:1769} INFO - Created Permission View: can delete on DAG:example_xcom_args_with_operators
[2025-11-28T06:52:23.304+0000] {logging_mixin.py:188} INFO - [2025-11-28T06:52:23.303+0000] {override.py:1769} INFO - Created Permission View: can read on DAG:example_xcom_args_with_operators
[2025-11-28T06:52:23.328+0000] {logging_mixin.py:188} INFO - [2025-11-28T06:52:23.327+0000] {override.py:1769} INFO - Created Permission View: can edit on DAG:example_xcom_args
[2025-11-28T06:52:23.345+0000] {logging_mixin.py:188} INFO - [2025-11-28T06:52:23.344+0000] {override.py:1769} INFO - Created Permission View: can delete on DAG:example_xcom_args
[2025-11-28T06:52:23.358+0000] {logging_mixin.py:188} INFO - [2025-11-28T06:52:23.358+0000] {override.py:1769} INFO - Created Permission View: can read on DAG:example_xcom_args
[2025-11-28T06:52:23.361+0000] {logging_mixin.py:188} INFO - [2025-11-28T06:52:23.360+0000] {dag.py:3036} INFO - Sync 2 DAGs
[2025-11-28T06:52:23.376+0000] {logging_mixin.py:188} INFO - [2025-11-28T06:52:23.376+0000] {dag.py:3058} INFO - Creating ORM DAG for example_xcom_args
[2025-11-28T06:52:23.377+0000] {logging_mixin.py:188} INFO - [2025-11-28T06:52:23.377+0000] {dag.py:3058} INFO - Creating ORM DAG for example_xcom_args_with_operators
[2025-11-28T06:52:23.378+0000] {logging_mixin.py:188} INFO - [2025-11-28T06:52:23.378+0000] {dag.py:3823} INFO - Setting next_dagrun for example_xcom_args to None, run_after=None
[2025-11-28T06:52:23.379+0000] {logging_mixin.py:188} INFO - [2025-11-28T06:52:23.379+0000] {dag.py:3823} INFO - Setting next_dagrun for example_xcom_args_with_operators to None, run_after=None
[2025-11-28T06:52:23.403+0000] {processor.py:183} INFO - Processing /home/airflow/.local/lib/python3.8/site-packages/airflow/example_dags/example_xcomargs.py took 0.532 seconds
[2025-11-28T06:52:53.562+0000] {processor.py:161} INFO - Started process (PID=120) to work on /home/airflow/.local/lib/python3.8/site-packages/airflow/example_dags/example_xcomargs.py
[2025-11-28T06:52:53.564+0000] {processor.py:830} INFO - Processing file /home/airflow/.local/lib/python3.8/site-packages/airflow/example_dags/example_xcomargs.py for tasks to queue
[2025-11-28T06:52:53.567+0000] {logging_mixin.py:188} INFO - [2025-11-28T06:52:53.566+0000] {dagbag.py:538} INFO - Filling up the DagBag from /home/airflow/.local/lib/python3.8/site-packages/airflow/example_dags/example_xcomargs.py
[2025-11-28T06:52:53.575+0000] {processor.py:840} INFO - DAG(s) 'example_xcom_args', 'example_xcom_args_with_operators' retrieved from /home/airflow/.local/lib/python3.8/site-packages/airflow/example_dags/example_xcomargs.py
[2025-11-28T06:52:53.601+0000] {logging_mixin.py:188} INFO - [2025-11-28T06:52:53.600+0000] {dag.py:3036} INFO - Sync 2 DAGs
[2025-11-28T06:52:53.617+0000] {logging_mixin.py:188} INFO - [2025-11-28T06:52:53.617+0000] {dag.py:3823} INFO - Setting next_dagrun for example_xcom_args to None, run_after=None
[2025-11-28T06:52:53.621+0000] {logging_mixin.py:188} INFO - [2025-11-28T06:52:53.621+0000] {dag.py:3823} INFO - Setting next_dagrun for example_xcom_args_with_operators to None, run_after=None
[2025-11-28T06:52:53.642+0000] {processor.py:183} INFO - Processing /home/airflow/.local/lib/python3.8/site-packages/airflow/example_dags/example_xcomargs.py took 0.082 seconds
[2025-11-28T06:53:23.848+0000] {processor.py:161} INFO - Started process (PID=175) to work on /home/airflow/.local/lib/python3.8/site-packages/airflow/example_dags/example_xcomargs.py
[2025-11-28T06:53:23.850+0000] {processor.py:830} INFO - Processing file /home/airflow/.local/lib/python3.8/site-packages/airflow/example_dags/example_xcomargs.py for tasks to queue
[2025-11-28T06:53:23.856+0000] {logging_mixin.py:188} INFO - [2025-11-28T06:53:23.855+0000] {dagbag.py:538} INFO - Filling up the DagBag from /home/airflow/.local/lib/python3.8/site-packages/airflow/example_dags/example_xcomargs.py
[2025-11-28T06:53:23.870+0000] {processor.py:840} INFO - DAG(s) 'example_xcom_args_with_operators', 'example_xcom_args' retrieved from /home/airflow/.local/lib/python3.8/site-packages/airflow/example_dags/example_xcomargs.py
[2025-11-28T06:53:23.900+0000] {logging_mixin.py:188} INFO - [2025-11-28T06:53:23.900+0000] {dag.py:3036} INFO - Sync 2 DAGs
[2025-11-28T06:53:23.912+0000] {logging_mixin.py:188} INFO - [2025-11-28T06:53:23.911+0000] {dag.py:3823} INFO - Setting next_dagrun for example_xcom_args to None, run_after=None
[2025-11-28T06:53:23.916+0000] {logging_mixin.py:188} INFO - [2025-11-28T06:53:23.916+0000] {dag.py:3823} INFO - Setting next_dagrun for example_xcom_args_with_operators to None, run_after=None
[2025-11-28T06:53:23.931+0000] {processor.py:183} INFO - Processing /home/airflow/.local/lib/python3.8/site-packages/airflow/example_dags/example_xcomargs.py took 0.090 seconds
[2025-11-28T06:53:54.185+0000] {processor.py:161} INFO - Started process (PID=230) to work on /home/airflow/.local/lib/python3.8/site-packages/airflow/example_dags/example_xcomargs.py
[2025-11-28T06:53:54.190+0000] {processor.py:830} INFO - Processing file /home/airflow/.local/lib/python3.8/site-packages/airflow/example_dags/example_xcomargs.py for tasks to queue
[2025-11-28T06:53:54.197+0000] {logging_mixin.py:188} INFO - [2025-11-28T06:53:54.196+0000] {dagbag.py:538} INFO - Filling up the DagBag from /home/airflow/.local/lib/python3.8/site-packages/airflow/example_dags/example_xcomargs.py
[2025-11-28T06:53:54.208+0000] {processor.py:840} INFO - DAG(s) 'example_xcom_args_with_operators', 'example_xcom_args' retrieved from /home/airflow/.local/lib/python3.8/site-packages/airflow/example_dags/example_xcomargs.py
[2025-11-28T06:53:54.232+0000] {logging_mixin.py:188} INFO - [2025-11-28T06:53:54.232+0000] {dag.py:3036} INFO - Sync 2 DAGs
[2025-11-28T06:53:54.247+0000] {logging_mixin.py:188} INFO - [2025-11-28T06:53:54.246+0000] {dag.py:3823} INFO - Setting next_dagrun for example_xcom_args to None, run_after=None
[2025-11-28T06:53:54.250+0000] {logging_mixin.py:188} INFO - [2025-11-28T06:53:54.250+0000] {dag.py:3823} INFO - Setting next_dagrun for example_xcom_args_with_operators to None, run_after=None
[2025-11-28T06:53:54.274+0000] {processor.py:183} INFO - Processing /home/airflow/.local/lib/python3.8/site-packages/airflow/example_dags/example_xcomargs.py took 0.101 seconds
[2025-11-28T06:54:24.530+0000] {processor.py:161} INFO - Started process (PID=285) to work on /home/airflow/.local/lib/python3.8/site-packages/airflow/example_dags/example_xcomargs.py
[2025-11-28T06:54:24.532+0000] {processor.py:830} INFO - Processing file /home/airflow/.local/lib/python3.8/site-packages/airflow/example_dags/example_xcomargs.py for tasks to queue
[2025-11-28T06:54:24.537+0000] {logging_mixin.py:188} INFO - [2025-11-28T06:54:24.536+0000] {dagbag.py:538} INFO - Filling up the DagBag from /home/airflow/.local/lib/python3.8/site-packages/airflow/example_dags/example_xcomargs.py
[2025-11-28T06:54:24.549+0000] {processor.py:840} INFO - DAG(s) 'example_xcom_args', 'example_xcom_args_with_operators' retrieved from /home/airflow/.local/lib/python3.8/site-packages/airflow/example_dags/example_xcomargs.py
[2025-11-28T06:54:24.573+0000] {logging_mixin.py:188} INFO - [2025-11-28T06:54:24.573+0000] {dag.py:3036} INFO - Sync 2 DAGs
[2025-11-28T06:54:24.585+0000] {logging_mixin.py:188} INFO - [2025-11-28T06:54:24.585+0000] {dag.py:3823} INFO - Setting next_dagrun for example_xcom_args to None, run_after=None
[2025-11-28T06:54:24.590+0000] {logging_mixin.py:188} INFO - [2025-11-28T06:54:24.590+0000] {dag.py:3823} INFO - Setting next_dagrun for example_xcom_args_with_operators to None, run_after=None
[2025-11-28T06:54:24.611+0000] {processor.py:183} INFO - Processing /home/airflow/.local/lib/python3.8/site-packages/airflow/example_dags/example_xcomargs.py took 0.089 seconds
[2025-11-28T06:54:55.072+0000] {processor.py:161} INFO - Started process (PID=340) to work on /home/airflow/.local/lib/python3.8/site-packages/airflow/example_dags/example_xcomargs.py
[2025-11-28T06:54:55.074+0000] {processor.py:830} INFO - Processing file /home/airflow/.local/lib/python3.8/site-packages/airflow/example_dags/example_xcomargs.py for tasks to queue
[2025-11-28T06:54:55.076+0000] {logging_mixin.py:188} INFO - [2025-11-28T06:54:55.076+0000] {dagbag.py:538} INFO - Filling up the DagBag from /home/airflow/.local/lib/python3.8/site-packages/airflow/example_dags/example_xcomargs.py
[2025-11-28T06:54:55.082+0000] {processor.py:840} INFO - DAG(s) 'example_xcom_args_with_operators', 'example_xcom_args' retrieved from /home/airflow/.local/lib/python3.8/site-packages/airflow/example_dags/example_xcomargs.py
[2025-11-28T06:54:55.094+0000] {logging_mixin.py:188} INFO - [2025-11-28T06:54:55.094+0000] {dag.py:3036} INFO - Sync 2 DAGs
[2025-11-28T06:54:55.104+0000] {logging_mixin.py:188} INFO - [2025-11-28T06:54:55.104+0000] {dag.py:3823} INFO - Setting next_dagrun for example_xcom_args to None, run_after=None
[2025-11-28T06:54:55.107+0000] {logging_mixin.py:188} INFO - [2025-11-28T06:54:55.106+0000] {dag.py:3823} INFO - Setting next_dagrun for example_xcom_args_with_operators to None, run_after=None
[2025-11-28T06:54:55.121+0000] {processor.py:183} INFO - Processing /home/airflow/.local/lib/python3.8/site-packages/airflow/example_dags/example_xcomargs.py took 0.051 seconds
[2025-11-28T06:55:25.213+0000] {processor.py:161} INFO - Started process (PID=395) to work on /home/airflow/.local/lib/python3.8/site-packages/airflow/example_dags/example_xcomargs.py
[2025-11-28T06:55:25.215+0000] {processor.py:830} INFO - Processing file /home/airflow/.local/lib/python3.8/site-packages/airflow/example_dags/example_xcomargs.py for tasks to queue
[2025-11-28T06:55:25.218+0000] {logging_mixin.py:188} INFO - [2025-11-28T06:55:25.217+0000] {dagbag.py:538} INFO - Filling up the DagBag from /home/airflow/.local/lib/python3.8/site-packages/airflow/example_dags/example_xcomargs.py
[2025-11-28T06:55:25.226+0000] {processor.py:840} INFO - DAG(s) 'example_xcom_args_with_operators', 'example_xcom_args' retrieved from /home/airflow/.local/lib/python3.8/site-packages/airflow/example_dags/example_xcomargs.py
[2025-11-28T06:55:25.332+0000] {logging_mixin.py:188} INFO - [2025-11-28T06:55:25.332+0000] {dag.py:3036} INFO - Sync 2 DAGs
[2025-11-28T06:55:25.340+0000] {logging_mixin.py:188} INFO - [2025-11-28T06:55:25.340+0000] {dag.py:3823} INFO - Setting next_dagrun for example_xcom_args to None, run_after=None
[2025-11-28T06:55:25.343+0000] {logging_mixin.py:188} INFO - [2025-11-28T06:55:25.343+0000] {dag.py:3823} INFO - Setting next_dagrun for example_xcom_args_with_operators to None, run_after=None
[2025-11-28T06:55:25.361+0000] {processor.py:183} INFO - Processing /home/airflow/.local/lib/python3.8/site-packages/airflow/example_dags/example_xcomargs.py took 0.152 seconds
[2025-11-28T06:55:55.836+0000] {processor.py:161} INFO - Started process (PID=450) to work on /home/airflow/.local/lib/python3.8/site-packages/airflow/example_dags/example_xcomargs.py
[2025-11-28T06:55:55.837+0000] {processor.py:830} INFO - Processing file /home/airflow/.local/lib/python3.8/site-packages/airflow/example_dags/example_xcomargs.py for tasks to queue
[2025-11-28T06:55:55.839+0000] {logging_mixin.py:188} INFO - [2025-11-28T06:55:55.839+0000] {dagbag.py:538} INFO - Filling up the DagBag from /home/airflow/.local/lib/python3.8/site-packages/airflow/example_dags/example_xcomargs.py
[2025-11-28T06:55:55.848+0000] {processor.py:840} INFO - DAG(s) 'example_xcom_args_with_operators', 'example_xcom_args' retrieved from /home/airflow/.local/lib/python3.8/site-packages/airflow/example_dags/example_xcomargs.py
[2025-11-28T06:55:55.871+0000] {logging_mixin.py:188} INFO - [2025-11-28T06:55:55.871+0000] {dag.py:3036} INFO - Sync 2 DAGs
[2025-11-28T06:55:55.882+0000] {logging_mixin.py:188} INFO - [2025-11-28T06:55:55.882+0000] {dag.py:3823} INFO - Setting next_dagrun for example_xcom_args to None, run_after=None
[2025-11-28T06:55:55.885+0000] {logging_mixin.py:188} INFO - [2025-11-28T06:55:55.885+0000] {dag.py:3823} INFO - Setting next_dagrun for example_xcom_args_with_operators to None, run_after=None
[2025-11-28T06:55:55.899+0000] {processor.py:183} INFO - Processing /home/airflow/.local/lib/python3.8/site-packages/airflow/example_dags/example_xcomargs.py took 0.066 seconds
[2025-11-28T06:56:26.284+0000] {processor.py:161} INFO - Started process (PID=505) to work on /home/airflow/.local/lib/python3.8/site-packages/airflow/example_dags/example_xcomargs.py
[2025-11-28T06:56:26.285+0000] {processor.py:830} INFO - Processing file /home/airflow/.local/lib/python3.8/site-packages/airflow/example_dags/example_xcomargs.py for tasks to queue
[2025-11-28T06:56:26.288+0000] {logging_mixin.py:188} INFO - [2025-11-28T06:56:26.287+0000] {dagbag.py:538} INFO - Filling up the DagBag from /home/airflow/.local/lib/python3.8/site-packages/airflow/example_dags/example_xcomargs.py
[2025-11-28T06:56:26.296+0000] {processor.py:840} INFO - DAG(s) 'example_xcom_args_with_operators', 'example_xcom_args' retrieved from /home/airflow/.local/lib/python3.8/site-packages/airflow/example_dags/example_xcomargs.py
[2025-11-28T06:56:26.316+0000] {logging_mixin.py:188} INFO - [2025-11-28T06:56:26.316+0000] {dag.py:3036} INFO - Sync 2 DAGs
[2025-11-28T06:56:26.325+0000] {logging_mixin.py:188} INFO - [2025-11-28T06:56:26.325+0000] {dag.py:3823} INFO - Setting next_dagrun for example_xcom_args to None, run_after=None
[2025-11-28T06:56:26.329+0000] {logging_mixin.py:188} INFO - [2025-11-28T06:56:26.329+0000] {dag.py:3823} INFO - Setting next_dagrun for example_xcom_args_with_operators to None, run_after=None
[2025-11-28T06:56:26.347+0000] {processor.py:183} INFO - Processing /home/airflow/.local/lib/python3.8/site-packages/airflow/example_dags/example_xcomargs.py took 0.067 seconds
[2025-11-28T06:56:56.658+0000] {processor.py:161} INFO - Started process (PID=560) to work on /home/airflow/.local/lib/python3.8/site-packages/airflow/example_dags/example_xcomargs.py
[2025-11-28T06:56:56.660+0000] {processor.py:830} INFO - Processing file /home/airflow/.local/lib/python3.8/site-packages/airflow/example_dags/example_xcomargs.py for tasks to queue
[2025-11-28T06:56:56.662+0000] {logging_mixin.py:188} INFO - [2025-11-28T06:56:56.662+0000] {dagbag.py:538} INFO - Filling up the DagBag from /home/airflow/.local/lib/python3.8/site-packages/airflow/example_dags/example_xcomargs.py
[2025-11-28T06:56:56.671+0000] {processor.py:840} INFO - DAG(s) 'example_xcom_args', 'example_xcom_args_with_operators' retrieved from /home/airflow/.local/lib/python3.8/site-packages/airflow/example_dags/example_xcomargs.py
[2025-11-28T06:56:56.704+0000] {logging_mixin.py:188} INFO - [2025-11-28T06:56:56.703+0000] {dag.py:3036} INFO - Sync 2 DAGs
[2025-11-28T06:56:56.714+0000] {logging_mixin.py:188} INFO - [2025-11-28T06:56:56.714+0000] {dag.py:3823} INFO - Setting next_dagrun for example_xcom_args to None, run_after=None
[2025-11-28T06:56:56.716+0000] {logging_mixin.py:188} INFO - [2025-11-28T06:56:56.716+0000] {dag.py:3823} INFO - Setting next_dagrun for example_xcom_args_with_operators to None, run_after=None
[2025-11-28T06:56:56.730+0000] {processor.py:183} INFO - Processing /home/airflow/.local/lib/python3.8/site-packages/airflow/example_dags/example_xcomargs.py took 0.078 seconds
[2025-11-28T06:57:27.322+0000] {processor.py:161} INFO - Started process (PID=615) to work on /home/airflow/.local/lib/python3.8/site-packages/airflow/example_dags/example_xcomargs.py
[2025-11-28T06:57:27.324+0000] {processor.py:830} INFO - Processing file /home/airflow/.local/lib/python3.8/site-packages/airflow/example_dags/example_xcomargs.py for tasks to queue
[2025-11-28T06:57:27.327+0000] {logging_mixin.py:188} INFO - [2025-11-28T06:57:27.327+0000] {dagbag.py:538} INFO - Filling up the DagBag from /home/airflow/.local/lib/python3.8/site-packages/airflow/example_dags/example_xcomargs.py
[2025-11-28T06:57:27.336+0000] {processor.py:840} INFO - DAG(s) 'example_xcom_args', 'example_xcom_args_with_operators' retrieved from /home/airflow/.local/lib/python3.8/site-packages/airflow/example_dags/example_xcomargs.py
[2025-11-28T06:57:27.356+0000] {logging_mixin.py:188} INFO - [2025-11-28T06:57:27.356+0000] {dag.py:3036} INFO - Sync 2 DAGs
[2025-11-28T06:57:27.365+0000] {logging_mixin.py:188} INFO - [2025-11-28T06:57:27.365+0000] {dag.py:3823} INFO - Setting next_dagrun for example_xcom_args to None, run_after=None
[2025-11-28T06:57:27.368+0000] {logging_mixin.py:188} INFO - [2025-11-28T06:57:27.368+0000] {dag.py:3823} INFO - Setting next_dagrun for example_xcom_args_with_operators to None, run_after=None
[2025-11-28T06:57:27.384+0000] {processor.py:183} INFO - Processing /home/airflow/.local/lib/python3.8/site-packages/airflow/example_dags/example_xcomargs.py took 0.065 seconds
[2025-11-28T06:57:57.823+0000] {processor.py:161} INFO - Started process (PID=670) to work on /home/airflow/.local/lib/python3.8/site-packages/airflow/example_dags/example_xcomargs.py
[2025-11-28T06:57:57.826+0000] {processor.py:830} INFO - Processing file /home/airflow/.local/lib/python3.8/site-packages/airflow/example_dags/example_xcomargs.py for tasks to queue
[2025-11-28T06:57:57.831+0000] {logging_mixin.py:188} INFO - [2025-11-28T06:57:57.830+0000] {dagbag.py:538} INFO - Filling up the DagBag from /home/airflow/.local/lib/python3.8/site-packages/airflow/example_dags/example_xcomargs.py
[2025-11-28T06:57:57.844+0000] {processor.py:840} INFO - DAG(s) 'example_xcom_args_with_operators', 'example_xcom_args' retrieved from /home/airflow/.local/lib/python3.8/site-packages/airflow/example_dags/example_xcomargs.py
[2025-11-28T06:57:57.869+0000] {logging_mixin.py:188} INFO - [2025-11-28T06:57:57.868+0000] {dag.py:3036} INFO - Sync 2 DAGs
[2025-11-28T06:57:57.878+0000] {logging_mixin.py:188} INFO - [2025-11-28T06:57:57.878+0000] {dag.py:3823} INFO - Setting next_dagrun for example_xcom_args to None, run_after=None
[2025-11-28T06:57:57.884+0000] {logging_mixin.py:188} INFO - [2025-11-28T06:57:57.883+0000] {dag.py:3823} INFO - Setting next_dagrun for example_xcom_args_with_operators to None, run_after=None
[2025-11-28T06:57:57.902+0000] {processor.py:183} INFO - Processing /home/airflow/.local/lib/python3.8/site-packages/airflow/example_dags/example_xcomargs.py took 0.085 seconds
[2025-11-28T06:58:28.306+0000] {processor.py:161} INFO - Started process (PID=731) to work on /home/airflow/.local/lib/python3.8/site-packages/airflow/example_dags/example_xcomargs.py
[2025-11-28T06:58:28.309+0000] {processor.py:830} INFO - Processing file /home/airflow/.local/lib/python3.8/site-packages/airflow/example_dags/example_xcomargs.py for tasks to queue
[2025-11-28T06:58:28.314+0000] {logging_mixin.py:188} INFO - [2025-11-28T06:58:28.313+0000] {dagbag.py:538} INFO - Filling up the DagBag from /home/airflow/.local/lib/python3.8/site-packages/airflow/example_dags/example_xcomargs.py
[2025-11-28T06:58:28.329+0000] {processor.py:840} INFO - DAG(s) 'example_xcom_args_with_operators', 'example_xcom_args' retrieved from /home/airflow/.local/lib/python3.8/site-packages/airflow/example_dags/example_xcomargs.py
[2025-11-28T06:58:28.353+0000] {logging_mixin.py:188} INFO - [2025-11-28T06:58:28.353+0000] {dag.py:3036} INFO - Sync 2 DAGs
[2025-11-28T06:58:28.364+0000] {logging_mixin.py:188} INFO - [2025-11-28T06:58:28.362+0000] {dag.py:3823} INFO - Setting next_dagrun for example_xcom_args to None, run_after=None
[2025-11-28T06:58:28.367+0000] {logging_mixin.py:188} INFO - [2025-11-28T06:58:28.367+0000] {dag.py:3823} INFO - Setting next_dagrun for example_xcom_args_with_operators to None, run_after=None
[2025-11-28T06:58:28.382+0000] {processor.py:183} INFO - Processing /home/airflow/.local/lib/python3.8/site-packages/airflow/example_dags/example_xcomargs.py took 0.085 seconds
[2025-11-28T06:58:59.009+0000] {processor.py:161} INFO - Started process (PID=786) to work on /home/airflow/.local/lib/python3.8/site-packages/airflow/example_dags/example_xcomargs.py
[2025-11-28T06:58:59.011+0000] {processor.py:830} INFO - Processing file /home/airflow/.local/lib/python3.8/site-packages/airflow/example_dags/example_xcomargs.py for tasks to queue
[2025-11-28T06:58:59.013+0000] {logging_mixin.py:188} INFO - [2025-11-28T06:58:59.013+0000] {dagbag.py:538} INFO - Filling up the DagBag from /home/airflow/.local/lib/python3.8/site-packages/airflow/example_dags/example_xcomargs.py
[2025-11-28T06:58:59.020+0000] {processor.py:840} INFO - DAG(s) 'example_xcom_args_with_operators', 'example_xcom_args' retrieved from /home/airflow/.local/lib/python3.8/site-packages/airflow/example_dags/example_xcomargs.py
[2025-11-28T06:58:59.037+0000] {logging_mixin.py:188} INFO - [2025-11-28T06:58:59.037+0000] {dag.py:3036} INFO - Sync 2 DAGs
[2025-11-28T06:58:59.046+0000] {logging_mixin.py:188} INFO - [2025-11-28T06:58:59.046+0000] {dag.py:3823} INFO - Setting next_dagrun for example_xcom_args to None, run_after=None
[2025-11-28T06:58:59.050+0000] {logging_mixin.py:188} INFO - [2025-11-28T06:58:59.050+0000] {dag.py:3823} INFO - Setting next_dagrun for example_xcom_args_with_operators to None, run_after=None
[2025-11-28T06:58:59.064+0000] {processor.py:183} INFO - Processing /home/airflow/.local/lib/python3.8/site-packages/airflow/example_dags/example_xcomargs.py took 0.060 seconds
[2025-11-28T06:59:29.229+0000] {processor.py:161} INFO - Started process (PID=841) to work on /home/airflow/.local/lib/python3.8/site-packages/airflow/example_dags/example_xcomargs.py
[2025-11-28T06:59:29.230+0000] {processor.py:830} INFO - Processing file /home/airflow/.local/lib/python3.8/site-packages/airflow/example_dags/example_xcomargs.py for tasks to queue
[2025-11-28T06:59:29.232+0000] {logging_mixin.py:188} INFO - [2025-11-28T06:59:29.231+0000] {dagbag.py:538} INFO - Filling up the DagBag from /home/airflow/.local/lib/python3.8/site-packages/airflow/example_dags/example_xcomargs.py
[2025-11-28T06:59:29.249+0000] {processor.py:840} INFO - DAG(s) 'example_xcom_args', 'example_xcom_args_with_operators' retrieved from /home/airflow/.local/lib/python3.8/site-packages/airflow/example_dags/example_xcomargs.py
[2025-11-28T06:59:29.269+0000] {logging_mixin.py:188} INFO - [2025-11-28T06:59:29.269+0000] {dag.py:3036} INFO - Sync 2 DAGs
[2025-11-28T06:59:29.283+0000] {logging_mixin.py:188} INFO - [2025-11-28T06:59:29.283+0000] {dag.py:3823} INFO - Setting next_dagrun for example_xcom_args to None, run_after=None
[2025-11-28T06:59:29.286+0000] {logging_mixin.py:188} INFO - [2025-11-28T06:59:29.286+0000] {dag.py:3823} INFO - Setting next_dagrun for example_xcom_args_with_operators to None, run_after=None
[2025-11-28T06:59:29.306+0000] {processor.py:183} INFO - Processing /home/airflow/.local/lib/python3.8/site-packages/airflow/example_dags/example_xcomargs.py took 0.080 seconds
[2025-11-28T06:59:59.728+0000] {processor.py:161} INFO - Started process (PID=896) to work on /home/airflow/.local/lib/python3.8/site-packages/airflow/example_dags/example_xcomargs.py
[2025-11-28T06:59:59.729+0000] {processor.py:830} INFO - Processing file /home/airflow/.local/lib/python3.8/site-packages/airflow/example_dags/example_xcomargs.py for tasks to queue
[2025-11-28T06:59:59.730+0000] {logging_mixin.py:188} INFO - [2025-11-28T06:59:59.730+0000] {dagbag.py:538} INFO - Filling up the DagBag from /home/airflow/.local/lib/python3.8/site-packages/airflow/example_dags/example_xcomargs.py
[2025-11-28T06:59:59.736+0000] {processor.py:840} INFO - DAG(s) 'example_xcom_args', 'example_xcom_args_with_operators' retrieved from /home/airflow/.local/lib/python3.8/site-packages/airflow/example_dags/example_xcomargs.py
[2025-11-28T06:59:59.755+0000] {logging_mixin.py:188} INFO - [2025-11-28T06:59:59.754+0000] {dag.py:3036} INFO - Sync 2 DAGs
[2025-11-28T06:59:59.765+0000] {logging_mixin.py:188} INFO - [2025-11-28T06:59:59.765+0000] {dag.py:3823} INFO - Setting next_dagrun for example_xcom_args to None, run_after=None
[2025-11-28T06:59:59.768+0000] {logging_mixin.py:188} INFO - [2025-11-28T06:59:59.768+0000] {dag.py:3823} INFO - Setting next_dagrun for example_xcom_args_with_operators to None, run_after=None
[2025-11-28T06:59:59.784+0000] {processor.py:183} INFO - Processing /home/airflow/.local/lib/python3.8/site-packages/airflow/example_dags/example_xcomargs.py took 0.059 seconds
[2025-11-28T07:00:30.079+0000] {processor.py:161} INFO - Started process (PID=951) to work on /home/airflow/.local/lib/python3.8/site-packages/airflow/example_dags/example_xcomargs.py
[2025-11-28T07:00:30.086+0000] {processor.py:830} INFO - Processing file /home/airflow/.local/lib/python3.8/site-packages/airflow/example_dags/example_xcomargs.py for tasks to queue
[2025-11-28T07:00:30.098+0000] {logging_mixin.py:188} INFO - [2025-11-28T07:00:30.097+0000] {dagbag.py:538} INFO - Filling up the DagBag from /home/airflow/.local/lib/python3.8/site-packages/airflow/example_dags/example_xcomargs.py
[2025-11-28T07:00:30.115+0000] {processor.py:840} INFO - DAG(s) 'example_xcom_args', 'example_xcom_args_with_operators' retrieved from /home/airflow/.local/lib/python3.8/site-packages/airflow/example_dags/example_xcomargs.py
[2025-11-28T07:00:30.195+0000] {logging_mixin.py:188} INFO - [2025-11-28T07:00:30.195+0000] {dag.py:3036} INFO - Sync 2 DAGs
[2025-11-28T07:00:30.225+0000] {logging_mixin.py:188} INFO - [2025-11-28T07:00:30.225+0000] {dag.py:3823} INFO - Setting next_dagrun for example_xcom_args to None, run_after=None
[2025-11-28T07:00:30.231+0000] {logging_mixin.py:188} INFO - [2025-11-28T07:00:30.231+0000] {dag.py:3823} INFO - Setting next_dagrun for example_xcom_args_with_operators to None, run_after=None
[2025-11-28T07:00:30.270+0000] {processor.py:183} INFO - Processing /home/airflow/.local/lib/python3.8/site-packages/airflow/example_dags/example_xcomargs.py took 0.196 seconds
[2025-11-28T07:01:00.417+0000] {processor.py:161} INFO - Started process (PID=1006) to work on /home/airflow/.local/lib/python3.8/site-packages/airflow/example_dags/example_xcomargs.py
[2025-11-28T07:01:00.420+0000] {processor.py:830} INFO - Processing file /home/airflow/.local/lib/python3.8/site-packages/airflow/example_dags/example_xcomargs.py for tasks to queue
[2025-11-28T07:01:00.421+0000] {logging_mixin.py:188} INFO - [2025-11-28T07:01:00.421+0000] {dagbag.py:538} INFO - Filling up the DagBag from /home/airflow/.local/lib/python3.8/site-packages/airflow/example_dags/example_xcomargs.py
[2025-11-28T07:01:00.432+0000] {processor.py:840} INFO - DAG(s) 'example_xcom_args_with_operators', 'example_xcom_args' retrieved from /home/airflow/.local/lib/python3.8/site-packages/airflow/example_dags/example_xcomargs.py
[2025-11-28T07:01:00.467+0000] {logging_mixin.py:188} INFO - [2025-11-28T07:01:00.467+0000] {dag.py:3036} INFO - Sync 2 DAGs
[2025-11-28T07:01:00.489+0000] {logging_mixin.py:188} INFO - [2025-11-28T07:01:00.489+0000] {dag.py:3823} INFO - Setting next_dagrun for example_xcom_args to None, run_after=None
[2025-11-28T07:01:00.505+0000] {logging_mixin.py:188} INFO - [2025-11-28T07:01:00.505+0000] {dag.py:3823} INFO - Setting next_dagrun for example_xcom_args_with_operators to None, run_after=None
[2025-11-28T07:01:00.537+0000] {processor.py:183} INFO - Processing /home/airflow/.local/lib/python3.8/site-packages/airflow/example_dags/example_xcomargs.py took 0.122 seconds
[2025-11-28T07:01:30.819+0000] {processor.py:161} INFO - Started process (PID=1060) to work on /home/airflow/.local/lib/python3.8/site-packages/airflow/example_dags/example_xcomargs.py
[2025-11-28T07:01:30.823+0000] {processor.py:830} INFO - Processing file /home/airflow/.local/lib/python3.8/site-packages/airflow/example_dags/example_xcomargs.py for tasks to queue
[2025-11-28T07:01:30.826+0000] {logging_mixin.py:188} INFO - [2025-11-28T07:01:30.825+0000] {dagbag.py:538} INFO - Filling up the DagBag from /home/airflow/.local/lib/python3.8/site-packages/airflow/example_dags/example_xcomargs.py
[2025-11-28T07:01:30.841+0000] {processor.py:840} INFO - DAG(s) 'example_xcom_args', 'example_xcom_args_with_operators' retrieved from /home/airflow/.local/lib/python3.8/site-packages/airflow/example_dags/example_xcomargs.py
[2025-11-28T07:01:30.898+0000] {logging_mixin.py:188} INFO - [2025-11-28T07:01:30.897+0000] {dag.py:3036} INFO - Sync 2 DAGs
[2025-11-28T07:01:30.915+0000] {logging_mixin.py:188} INFO - [2025-11-28T07:01:30.915+0000] {dag.py:3823} INFO - Setting next_dagrun for example_xcom_args to None, run_after=None
[2025-11-28T07:01:30.920+0000] {logging_mixin.py:188} INFO - [2025-11-28T07:01:30.920+0000] {dag.py:3823} INFO - Setting next_dagrun for example_xcom_args_with_operators to None, run_after=None
[2025-11-28T07:01:30.941+0000] {processor.py:183} INFO - Processing /home/airflow/.local/lib/python3.8/site-packages/airflow/example_dags/example_xcomargs.py took 0.129 seconds
[2025-11-28T07:02:01.368+0000] {processor.py:161} INFO - Started process (PID=1115) to work on /home/airflow/.local/lib/python3.8/site-packages/airflow/example_dags/example_xcomargs.py
[2025-11-28T07:02:01.369+0000] {processor.py:830} INFO - Processing file /home/airflow/.local/lib/python3.8/site-packages/airflow/example_dags/example_xcomargs.py for tasks to queue
[2025-11-28T07:02:01.371+0000] {logging_mixin.py:188} INFO - [2025-11-28T07:02:01.371+0000] {dagbag.py:538} INFO - Filling up the DagBag from /home/airflow/.local/lib/python3.8/site-packages/airflow/example_dags/example_xcomargs.py
[2025-11-28T07:02:01.378+0000] {processor.py:840} INFO - DAG(s) 'example_xcom_args_with_operators', 'example_xcom_args' retrieved from /home/airflow/.local/lib/python3.8/site-packages/airflow/example_dags/example_xcomargs.py
[2025-11-28T07:02:01.400+0000] {logging_mixin.py:188} INFO - [2025-11-28T07:02:01.399+0000] {dag.py:3036} INFO - Sync 2 DAGs
[2025-11-28T07:02:01.410+0000] {logging_mixin.py:188} INFO - [2025-11-28T07:02:01.410+0000] {dag.py:3823} INFO - Setting next_dagrun for example_xcom_args to None, run_after=None
[2025-11-28T07:02:01.415+0000] {logging_mixin.py:188} INFO - [2025-11-28T07:02:01.415+0000] {dag.py:3823} INFO - Setting next_dagrun for example_xcom_args_with_operators to None, run_after=None
[2025-11-28T07:02:01.436+0000] {processor.py:183} INFO - Processing /home/airflow/.local/lib/python3.8/site-packages/airflow/example_dags/example_xcomargs.py took 0.071 seconds
[2025-11-28T07:02:31.641+0000] {processor.py:161} INFO - Started process (PID=1169) to work on /home/airflow/.local/lib/python3.8/site-packages/airflow/example_dags/example_xcomargs.py
[2025-11-28T07:02:31.643+0000] {processor.py:830} INFO - Processing file /home/airflow/.local/lib/python3.8/site-packages/airflow/example_dags/example_xcomargs.py for tasks to queue
[2025-11-28T07:02:31.646+0000] {logging_mixin.py:188} INFO - [2025-11-28T07:02:31.646+0000] {dagbag.py:538} INFO - Filling up the DagBag from /home/airflow/.local/lib/python3.8/site-packages/airflow/example_dags/example_xcomargs.py
[2025-11-28T07:02:31.655+0000] {processor.py:840} INFO - DAG(s) 'example_xcom_args_with_operators', 'example_xcom_args' retrieved from /home/airflow/.local/lib/python3.8/site-packages/airflow/example_dags/example_xcomargs.py
[2025-11-28T07:02:31.680+0000] {logging_mixin.py:188} INFO - [2025-11-28T07:02:31.679+0000] {dag.py:3036} INFO - Sync 2 DAGs
[2025-11-28T07:02:31.701+0000] {logging_mixin.py:188} INFO - [2025-11-28T07:02:31.700+0000] {dag.py:3823} INFO - Setting next_dagrun for example_xcom_args to None, run_after=None
[2025-11-28T07:02:31.704+0000] {logging_mixin.py:188} INFO - [2025-11-28T07:02:31.704+0000] {dag.py:3823} INFO - Setting next_dagrun for example_xcom_args_with_operators to None, run_after=None
[2025-11-28T07:02:31.724+0000] {processor.py:183} INFO - Processing /home/airflow/.local/lib/python3.8/site-packages/airflow/example_dags/example_xcomargs.py took 0.090 seconds
[2025-11-28T07:03:02.281+0000] {processor.py:161} INFO - Started process (PID=1225) to work on /home/airflow/.local/lib/python3.8/site-packages/airflow/example_dags/example_xcomargs.py
[2025-11-28T07:03:02.283+0000] {processor.py:830} INFO - Processing file /home/airflow/.local/lib/python3.8/site-packages/airflow/example_dags/example_xcomargs.py for tasks to queue
[2025-11-28T07:03:02.285+0000] {logging_mixin.py:188} INFO - [2025-11-28T07:03:02.285+0000] {dagbag.py:538} INFO - Filling up the DagBag from /home/airflow/.local/lib/python3.8/site-packages/airflow/example_dags/example_xcomargs.py
[2025-11-28T07:03:02.294+0000] {processor.py:840} INFO - DAG(s) 'example_xcom_args_with_operators', 'example_xcom_args' retrieved from /home/airflow/.local/lib/python3.8/site-packages/airflow/example_dags/example_xcomargs.py
[2025-11-28T07:03:02.316+0000] {logging_mixin.py:188} INFO - [2025-11-28T07:03:02.315+0000] {dag.py:3036} INFO - Sync 2 DAGs
[2025-11-28T07:03:02.325+0000] {logging_mixin.py:188} INFO - [2025-11-28T07:03:02.325+0000] {dag.py:3823} INFO - Setting next_dagrun for example_xcom_args to None, run_after=None
[2025-11-28T07:03:02.330+0000] {logging_mixin.py:188} INFO - [2025-11-28T07:03:02.329+0000] {dag.py:3823} INFO - Setting next_dagrun for example_xcom_args_with_operators to None, run_after=None
[2025-11-28T07:03:02.345+0000] {processor.py:183} INFO - Processing /home/airflow/.local/lib/python3.8/site-packages/airflow/example_dags/example_xcomargs.py took 0.067 seconds
[2025-11-28T07:03:32.667+0000] {processor.py:161} INFO - Started process (PID=1280) to work on /home/airflow/.local/lib/python3.8/site-packages/airflow/example_dags/example_xcomargs.py
[2025-11-28T07:03:32.668+0000] {processor.py:830} INFO - Processing file /home/airflow/.local/lib/python3.8/site-packages/airflow/example_dags/example_xcomargs.py for tasks to queue
[2025-11-28T07:03:32.673+0000] {logging_mixin.py:188} INFO - [2025-11-28T07:03:32.673+0000] {dagbag.py:538} INFO - Filling up the DagBag from /home/airflow/.local/lib/python3.8/site-packages/airflow/example_dags/example_xcomargs.py
[2025-11-28T07:03:32.690+0000] {processor.py:840} INFO - DAG(s) 'example_xcom_args_with_operators', 'example_xcom_args' retrieved from /home/airflow/.local/lib/python3.8/site-packages/airflow/example_dags/example_xcomargs.py
[2025-11-28T07:03:32.716+0000] {logging_mixin.py:188} INFO - [2025-11-28T07:03:32.716+0000] {dag.py:3036} INFO - Sync 2 DAGs
[2025-11-28T07:03:32.730+0000] {logging_mixin.py:188} INFO - [2025-11-28T07:03:32.730+0000] {dag.py:3823} INFO - Setting next_dagrun for example_xcom_args to None, run_after=None
[2025-11-28T07:03:32.734+0000] {logging_mixin.py:188} INFO - [2025-11-28T07:03:32.734+0000] {dag.py:3823} INFO - Setting next_dagrun for example_xcom_args_with_operators to None, run_after=None
[2025-11-28T07:03:32.758+0000] {processor.py:183} INFO - Processing /home/airflow/.local/lib/python3.8/site-packages/airflow/example_dags/example_xcomargs.py took 0.101 seconds
[2025-11-28T07:04:03.161+0000] {processor.py:161} INFO - Started process (PID=1335) to work on /home/airflow/.local/lib/python3.8/site-packages/airflow/example_dags/example_xcomargs.py
[2025-11-28T07:04:03.163+0000] {processor.py:830} INFO - Processing file /home/airflow/.local/lib/python3.8/site-packages/airflow/example_dags/example_xcomargs.py for tasks to queue
[2025-11-28T07:04:03.165+0000] {logging_mixin.py:188} INFO - [2025-11-28T07:04:03.165+0000] {dagbag.py:538} INFO - Filling up the DagBag from /home/airflow/.local/lib/python3.8/site-packages/airflow/example_dags/example_xcomargs.py
[2025-11-28T07:04:03.175+0000] {processor.py:840} INFO - DAG(s) 'example_xcom_args', 'example_xcom_args_with_operators' retrieved from /home/airflow/.local/lib/python3.8/site-packages/airflow/example_dags/example_xcomargs.py
[2025-11-28T07:04:03.203+0000] {logging_mixin.py:188} INFO - [2025-11-28T07:04:03.203+0000] {dag.py:3036} INFO - Sync 2 DAGs
[2025-11-28T07:04:03.233+0000] {logging_mixin.py:188} INFO - [2025-11-28T07:04:03.233+0000] {dag.py:3823} INFO - Setting next_dagrun for example_xcom_args to None, run_after=None
[2025-11-28T07:04:03.257+0000] {logging_mixin.py:188} INFO - [2025-11-28T07:04:03.257+0000] {dag.py:3823} INFO - Setting next_dagrun for example_xcom_args_with_operators to None, run_after=None
[2025-11-28T07:04:03.290+0000] {processor.py:183} INFO - Processing /home/airflow/.local/lib/python3.8/site-packages/airflow/example_dags/example_xcomargs.py took 0.134 seconds
[2025-11-28T07:04:33.623+0000] {processor.py:161} INFO - Started process (PID=1390) to work on /home/airflow/.local/lib/python3.8/site-packages/airflow/example_dags/example_xcomargs.py
[2025-11-28T07:04:33.624+0000] {processor.py:830} INFO - Processing file /home/airflow/.local/lib/python3.8/site-packages/airflow/example_dags/example_xcomargs.py for tasks to queue
[2025-11-28T07:04:33.629+0000] {logging_mixin.py:188} INFO - [2025-11-28T07:04:33.628+0000] {dagbag.py:538} INFO - Filling up the DagBag from /home/airflow/.local/lib/python3.8/site-packages/airflow/example_dags/example_xcomargs.py
[2025-11-28T07:04:33.637+0000] {processor.py:840} INFO - DAG(s) 'example_xcom_args', 'example_xcom_args_with_operators' retrieved from /home/airflow/.local/lib/python3.8/site-packages/airflow/example_dags/example_xcomargs.py
[2025-11-28T07:04:33.663+0000] {logging_mixin.py:188} INFO - [2025-11-28T07:04:33.662+0000] {dag.py:3036} INFO - Sync 2 DAGs
[2025-11-28T07:04:33.672+0000] {logging_mixin.py:188} INFO - [2025-11-28T07:04:33.671+0000] {dag.py:3823} INFO - Setting next_dagrun for example_xcom_args to None, run_after=None
[2025-11-28T07:04:33.675+0000] {logging_mixin.py:188} INFO - [2025-11-28T07:04:33.675+0000] {dag.py:3823} INFO - Setting next_dagrun for example_xcom_args_with_operators to None, run_after=None
[2025-11-28T07:04:33.690+0000] {processor.py:183} INFO - Processing /home/airflow/.local/lib/python3.8/site-packages/airflow/example_dags/example_xcomargs.py took 0.071 seconds
[2025-11-28T07:05:04.224+0000] {processor.py:161} INFO - Started process (PID=1446) to work on /home/airflow/.local/lib/python3.8/site-packages/airflow/example_dags/example_xcomargs.py
[2025-11-28T07:05:04.229+0000] {processor.py:830} INFO - Processing file /home/airflow/.local/lib/python3.8/site-packages/airflow/example_dags/example_xcomargs.py for tasks to queue
[2025-11-28T07:05:04.242+0000] {logging_mixin.py:188} INFO - [2025-11-28T07:05:04.241+0000] {dagbag.py:538} INFO - Filling up the DagBag from /home/airflow/.local/lib/python3.8/site-packages/airflow/example_dags/example_xcomargs.py
[2025-11-28T07:05:04.258+0000] {processor.py:840} INFO - DAG(s) 'example_xcom_args', 'example_xcom_args_with_operators' retrieved from /home/airflow/.local/lib/python3.8/site-packages/airflow/example_dags/example_xcomargs.py
[2025-11-28T07:05:04.292+0000] {logging_mixin.py:188} INFO - [2025-11-28T07:05:04.291+0000] {dag.py:3036} INFO - Sync 2 DAGs
[2025-11-28T07:05:04.307+0000] {logging_mixin.py:188} INFO - [2025-11-28T07:05:04.306+0000] {dag.py:3823} INFO - Setting next_dagrun for example_xcom_args to None, run_after=None
[2025-11-28T07:05:04.344+0000] {logging_mixin.py:188} INFO - [2025-11-28T07:05:04.344+0000] {dag.py:3823} INFO - Setting next_dagrun for example_xcom_args_with_operators to None, run_after=None
[2025-11-28T07:05:04.376+0000] {processor.py:183} INFO - Processing /home/airflow/.local/lib/python3.8/site-packages/airflow/example_dags/example_xcomargs.py took 0.157 seconds
[2025-11-28T07:05:34.909+0000] {processor.py:161} INFO - Started process (PID=1501) to work on /home/airflow/.local/lib/python3.8/site-packages/airflow/example_dags/example_xcomargs.py
[2025-11-28T07:05:34.912+0000] {processor.py:830} INFO - Processing file /home/airflow/.local/lib/python3.8/site-packages/airflow/example_dags/example_xcomargs.py for tasks to queue
[2025-11-28T07:05:34.919+0000] {logging_mixin.py:188} INFO - [2025-11-28T07:05:34.918+0000] {dagbag.py:538} INFO - Filling up the DagBag from /home/airflow/.local/lib/python3.8/site-packages/airflow/example_dags/example_xcomargs.py
[2025-11-28T07:05:34.932+0000] {processor.py:840} INFO - DAG(s) 'example_xcom_args_with_operators', 'example_xcom_args' retrieved from /home/airflow/.local/lib/python3.8/site-packages/airflow/example_dags/example_xcomargs.py
[2025-11-28T07:05:34.952+0000] {logging_mixin.py:188} INFO - [2025-11-28T07:05:34.952+0000] {dag.py:3036} INFO - Sync 2 DAGs
[2025-11-28T07:05:34.961+0000] {logging_mixin.py:188} INFO - [2025-11-28T07:05:34.961+0000] {dag.py:3823} INFO - Setting next_dagrun for example_xcom_args to None, run_after=None
[2025-11-28T07:05:34.965+0000] {logging_mixin.py:188} INFO - [2025-11-28T07:05:34.964+0000] {dag.py:3823} INFO - Setting next_dagrun for example_xcom_args_with_operators to None, run_after=None
[2025-11-28T07:05:34.980+0000] {processor.py:183} INFO - Processing /home/airflow/.local/lib/python3.8/site-packages/airflow/example_dags/example_xcomargs.py took 0.079 seconds
[2025-11-28T07:06:05.387+0000] {processor.py:161} INFO - Started process (PID=1556) to work on /home/airflow/.local/lib/python3.8/site-packages/airflow/example_dags/example_xcomargs.py
[2025-11-28T07:06:05.389+0000] {processor.py:830} INFO - Processing file /home/airflow/.local/lib/python3.8/site-packages/airflow/example_dags/example_xcomargs.py for tasks to queue
[2025-11-28T07:06:05.391+0000] {logging_mixin.py:188} INFO - [2025-11-28T07:06:05.391+0000] {dagbag.py:538} INFO - Filling up the DagBag from /home/airflow/.local/lib/python3.8/site-packages/airflow/example_dags/example_xcomargs.py
[2025-11-28T07:06:05.400+0000] {processor.py:840} INFO - DAG(s) 'example_xcom_args_with_operators', 'example_xcom_args' retrieved from /home/airflow/.local/lib/python3.8/site-packages/airflow/example_dags/example_xcomargs.py
[2025-11-28T07:06:05.426+0000] {logging_mixin.py:188} INFO - [2025-11-28T07:06:05.426+0000] {dag.py:3036} INFO - Sync 2 DAGs
[2025-11-28T07:06:05.438+0000] {logging_mixin.py:188} INFO - [2025-11-28T07:06:05.438+0000] {dag.py:3823} INFO - Setting next_dagrun for example_xcom_args to None, run_after=None
[2025-11-28T07:06:05.441+0000] {logging_mixin.py:188} INFO - [2025-11-28T07:06:05.441+0000] {dag.py:3823} INFO - Setting next_dagrun for example_xcom_args_with_operators to None, run_after=None
[2025-11-28T07:06:05.457+0000] {processor.py:183} INFO - Processing /home/airflow/.local/lib/python3.8/site-packages/airflow/example_dags/example_xcomargs.py took 0.073 seconds
[2025-11-28T07:06:35.816+0000] {processor.py:161} INFO - Started process (PID=1611) to work on /home/airflow/.local/lib/python3.8/site-packages/airflow/example_dags/example_xcomargs.py
[2025-11-28T07:06:35.817+0000] {processor.py:830} INFO - Processing file /home/airflow/.local/lib/python3.8/site-packages/airflow/example_dags/example_xcomargs.py for tasks to queue
[2025-11-28T07:06:35.819+0000] {logging_mixin.py:188} INFO - [2025-11-28T07:06:35.819+0000] {dagbag.py:538} INFO - Filling up the DagBag from /home/airflow/.local/lib/python3.8/site-packages/airflow/example_dags/example_xcomargs.py
[2025-11-28T07:06:35.826+0000] {processor.py:840} INFO - DAG(s) 'example_xcom_args_with_operators', 'example_xcom_args' retrieved from /home/airflow/.local/lib/python3.8/site-packages/airflow/example_dags/example_xcomargs.py
[2025-11-28T07:06:35.857+0000] {logging_mixin.py:188} INFO - [2025-11-28T07:06:35.857+0000] {dag.py:3036} INFO - Sync 2 DAGs
[2025-11-28T07:06:35.870+0000] {logging_mixin.py:188} INFO - [2025-11-28T07:06:35.869+0000] {dag.py:3823} INFO - Setting next_dagrun for example_xcom_args to None, run_after=None
[2025-11-28T07:06:35.874+0000] {logging_mixin.py:188} INFO - [2025-11-28T07:06:35.874+0000] {dag.py:3823} INFO - Setting next_dagrun for example_xcom_args_with_operators to None, run_after=None
[2025-11-28T07:06:35.894+0000] {processor.py:183} INFO - Processing /home/airflow/.local/lib/python3.8/site-packages/airflow/example_dags/example_xcomargs.py took 0.081 seconds
[2025-11-28T07:07:05.989+0000] {processor.py:161} INFO - Started process (PID=1666) to work on /home/airflow/.local/lib/python3.8/site-packages/airflow/example_dags/example_xcomargs.py
[2025-11-28T07:07:05.991+0000] {processor.py:830} INFO - Processing file /home/airflow/.local/lib/python3.8/site-packages/airflow/example_dags/example_xcomargs.py for tasks to queue
[2025-11-28T07:07:05.996+0000] {logging_mixin.py:188} INFO - [2025-11-28T07:07:05.995+0000] {dagbag.py:538} INFO - Filling up the DagBag from /home/airflow/.local/lib/python3.8/site-packages/airflow/example_dags/example_xcomargs.py
[2025-11-28T07:07:06.009+0000] {processor.py:840} INFO - DAG(s) 'example_xcom_args_with_operators', 'example_xcom_args' retrieved from /home/airflow/.local/lib/python3.8/site-packages/airflow/example_dags/example_xcomargs.py
[2025-11-28T07:07:06.040+0000] {logging_mixin.py:188} INFO - [2025-11-28T07:07:06.040+0000] {dag.py:3036} INFO - Sync 2 DAGs
[2025-11-28T07:07:06.052+0000] {logging_mixin.py:188} INFO - [2025-11-28T07:07:06.051+0000] {dag.py:3823} INFO - Setting next_dagrun for example_xcom_args to None, run_after=None
[2025-11-28T07:07:06.055+0000] {logging_mixin.py:188} INFO - [2025-11-28T07:07:06.055+0000] {dag.py:3823} INFO - Setting next_dagrun for example_xcom_args_with_operators to None, run_after=None
[2025-11-28T07:07:06.079+0000] {processor.py:183} INFO - Processing /home/airflow/.local/lib/python3.8/site-packages/airflow/example_dags/example_xcomargs.py took 0.093 seconds
[2025-11-28T07:07:36.684+0000] {processor.py:161} INFO - Started process (PID=1721) to work on /home/airflow/.local/lib/python3.8/site-packages/airflow/example_dags/example_xcomargs.py
[2025-11-28T07:07:36.687+0000] {processor.py:830} INFO - Processing file /home/airflow/.local/lib/python3.8/site-packages/airflow/example_dags/example_xcomargs.py for tasks to queue
[2025-11-28T07:07:36.690+0000] {logging_mixin.py:188} INFO - [2025-11-28T07:07:36.690+0000] {dagbag.py:538} INFO - Filling up the DagBag from /home/airflow/.local/lib/python3.8/site-packages/airflow/example_dags/example_xcomargs.py
[2025-11-28T07:07:36.702+0000] {processor.py:840} INFO - DAG(s) 'example_xcom_args_with_operators', 'example_xcom_args' retrieved from /home/airflow/.local/lib/python3.8/site-packages/airflow/example_dags/example_xcomargs.py
[2025-11-28T07:07:36.738+0000] {logging_mixin.py:188} INFO - [2025-11-28T07:07:36.738+0000] {dag.py:3036} INFO - Sync 2 DAGs
[2025-11-28T07:07:36.752+0000] {logging_mixin.py:188} INFO - [2025-11-28T07:07:36.752+0000] {dag.py:3823} INFO - Setting next_dagrun for example_xcom_args to None, run_after=None
[2025-11-28T07:07:36.755+0000] {logging_mixin.py:188} INFO - [2025-11-28T07:07:36.755+0000] {dag.py:3823} INFO - Setting next_dagrun for example_xcom_args_with_operators to None, run_after=None
[2025-11-28T07:07:36.772+0000] {processor.py:183} INFO - Processing /home/airflow/.local/lib/python3.8/site-packages/airflow/example_dags/example_xcomargs.py took 0.094 seconds
[2025-11-28T07:08:07.332+0000] {processor.py:161} INFO - Started process (PID=1776) to work on /home/airflow/.local/lib/python3.8/site-packages/airflow/example_dags/example_xcomargs.py
[2025-11-28T07:08:07.336+0000] {processor.py:830} INFO - Processing file /home/airflow/.local/lib/python3.8/site-packages/airflow/example_dags/example_xcomargs.py for tasks to queue
[2025-11-28T07:08:07.338+0000] {logging_mixin.py:188} INFO - [2025-11-28T07:08:07.338+0000] {dagbag.py:538} INFO - Filling up the DagBag from /home/airflow/.local/lib/python3.8/site-packages/airflow/example_dags/example_xcomargs.py
[2025-11-28T07:08:07.356+0000] {processor.py:840} INFO - DAG(s) 'example_xcom_args', 'example_xcom_args_with_operators' retrieved from /home/airflow/.local/lib/python3.8/site-packages/airflow/example_dags/example_xcomargs.py
[2025-11-28T07:08:07.396+0000] {logging_mixin.py:188} INFO - [2025-11-28T07:08:07.393+0000] {dag.py:3036} INFO - Sync 2 DAGs
[2025-11-28T07:08:07.414+0000] {logging_mixin.py:188} INFO - [2025-11-28T07:08:07.414+0000] {dag.py:3823} INFO - Setting next_dagrun for example_xcom_args to None, run_after=None
[2025-11-28T07:08:07.417+0000] {logging_mixin.py:188} INFO - [2025-11-28T07:08:07.417+0000] {dag.py:3823} INFO - Setting next_dagrun for example_xcom_args_with_operators to None, run_after=None
[2025-11-28T07:08:07.440+0000] {processor.py:183} INFO - Processing /home/airflow/.local/lib/python3.8/site-packages/airflow/example_dags/example_xcomargs.py took 0.113 seconds
[2025-11-28T07:08:37.547+0000] {processor.py:161} INFO - Started process (PID=1831) to work on /home/airflow/.local/lib/python3.8/site-packages/airflow/example_dags/example_xcomargs.py
[2025-11-28T07:08:37.549+0000] {processor.py:830} INFO - Processing file /home/airflow/.local/lib/python3.8/site-packages/airflow/example_dags/example_xcomargs.py for tasks to queue
[2025-11-28T07:08:37.551+0000] {logging_mixin.py:188} INFO - [2025-11-28T07:08:37.550+0000] {dagbag.py:538} INFO - Filling up the DagBag from /home/airflow/.local/lib/python3.8/site-packages/airflow/example_dags/example_xcomargs.py
[2025-11-28T07:08:37.559+0000] {processor.py:840} INFO - DAG(s) 'example_xcom_args_with_operators', 'example_xcom_args' retrieved from /home/airflow/.local/lib/python3.8/site-packages/airflow/example_dags/example_xcomargs.py
[2025-11-28T07:08:37.586+0000] {logging_mixin.py:188} INFO - [2025-11-28T07:08:37.586+0000] {dag.py:3036} INFO - Sync 2 DAGs
[2025-11-28T07:08:37.599+0000] {logging_mixin.py:188} INFO - [2025-11-28T07:08:37.599+0000] {dag.py:3823} INFO - Setting next_dagrun for example_xcom_args to None, run_after=None
[2025-11-28T07:08:37.603+0000] {logging_mixin.py:188} INFO - [2025-11-28T07:08:37.603+0000] {dag.py:3823} INFO - Setting next_dagrun for example_xcom_args_with_operators to None, run_after=None
[2025-11-28T07:08:37.623+0000] {processor.py:183} INFO - Processing /home/airflow/.local/lib/python3.8/site-packages/airflow/example_dags/example_xcomargs.py took 0.079 seconds
[2025-11-28T07:09:07.935+0000] {processor.py:161} INFO - Started process (PID=1886) to work on /home/airflow/.local/lib/python3.8/site-packages/airflow/example_dags/example_xcomargs.py
[2025-11-28T07:09:07.936+0000] {processor.py:830} INFO - Processing file /home/airflow/.local/lib/python3.8/site-packages/airflow/example_dags/example_xcomargs.py for tasks to queue
[2025-11-28T07:09:07.938+0000] {logging_mixin.py:188} INFO - [2025-11-28T07:09:07.938+0000] {dagbag.py:538} INFO - Filling up the DagBag from /home/airflow/.local/lib/python3.8/site-packages/airflow/example_dags/example_xcomargs.py
[2025-11-28T07:09:07.945+0000] {processor.py:840} INFO - DAG(s) 'example_xcom_args_with_operators', 'example_xcom_args' retrieved from /home/airflow/.local/lib/python3.8/site-packages/airflow/example_dags/example_xcomargs.py
[2025-11-28T07:09:07.968+0000] {logging_mixin.py:188} INFO - [2025-11-28T07:09:07.968+0000] {dag.py:3036} INFO - Sync 2 DAGs
[2025-11-28T07:09:07.986+0000] {logging_mixin.py:188} INFO - [2025-11-28T07:09:07.985+0000] {dag.py:3823} INFO - Setting next_dagrun for example_xcom_args to None, run_after=None
[2025-11-28T07:09:07.989+0000] {logging_mixin.py:188} INFO - [2025-11-28T07:09:07.989+0000] {dag.py:3823} INFO - Setting next_dagrun for example_xcom_args_with_operators to None, run_after=None
[2025-11-28T07:09:08.004+0000] {processor.py:183} INFO - Processing /home/airflow/.local/lib/python3.8/site-packages/airflow/example_dags/example_xcomargs.py took 0.071 seconds
[2025-11-28T07:09:38.068+0000] {processor.py:161} INFO - Started process (PID=1941) to work on /home/airflow/.local/lib/python3.8/site-packages/airflow/example_dags/example_xcomargs.py
[2025-11-28T07:09:38.070+0000] {processor.py:830} INFO - Processing file /home/airflow/.local/lib/python3.8/site-packages/airflow/example_dags/example_xcomargs.py for tasks to queue
[2025-11-28T07:09:38.077+0000] {logging_mixin.py:188} INFO - [2025-11-28T07:09:38.073+0000] {dagbag.py:538} INFO - Filling up the DagBag from /home/airflow/.local/lib/python3.8/site-packages/airflow/example_dags/example_xcomargs.py
[2025-11-28T07:09:38.089+0000] {processor.py:840} INFO - DAG(s) 'example_xcom_args', 'example_xcom_args_with_operators' retrieved from /home/airflow/.local/lib/python3.8/site-packages/airflow/example_dags/example_xcomargs.py
[2025-11-28T07:09:38.125+0000] {logging_mixin.py:188} INFO - [2025-11-28T07:09:38.125+0000] {dag.py:3036} INFO - Sync 2 DAGs
[2025-11-28T07:09:38.140+0000] {logging_mixin.py:188} INFO - [2025-11-28T07:09:38.140+0000] {dag.py:3823} INFO - Setting next_dagrun for example_xcom_args to None, run_after=None
[2025-11-28T07:09:38.145+0000] {logging_mixin.py:188} INFO - [2025-11-28T07:09:38.145+0000] {dag.py:3823} INFO - Setting next_dagrun for example_xcom_args_with_operators to None, run_after=None
[2025-11-28T07:09:38.181+0000] {processor.py:183} INFO - Processing /home/airflow/.local/lib/python3.8/site-packages/airflow/example_dags/example_xcomargs.py took 0.118 seconds
[2025-11-28T07:10:08.514+0000] {processor.py:161} INFO - Started process (PID=1996) to work on /home/airflow/.local/lib/python3.8/site-packages/airflow/example_dags/example_xcomargs.py
[2025-11-28T07:10:08.516+0000] {processor.py:830} INFO - Processing file /home/airflow/.local/lib/python3.8/site-packages/airflow/example_dags/example_xcomargs.py for tasks to queue
[2025-11-28T07:10:08.518+0000] {logging_mixin.py:188} INFO - [2025-11-28T07:10:08.517+0000] {dagbag.py:538} INFO - Filling up the DagBag from /home/airflow/.local/lib/python3.8/site-packages/airflow/example_dags/example_xcomargs.py
[2025-11-28T07:10:08.526+0000] {processor.py:840} INFO - DAG(s) 'example_xcom_args', 'example_xcom_args_with_operators' retrieved from /home/airflow/.local/lib/python3.8/site-packages/airflow/example_dags/example_xcomargs.py
[2025-11-28T07:10:08.551+0000] {logging_mixin.py:188} INFO - [2025-11-28T07:10:08.551+0000] {dag.py:3036} INFO - Sync 2 DAGs
[2025-11-28T07:10:08.566+0000] {logging_mixin.py:188} INFO - [2025-11-28T07:10:08.565+0000] {dag.py:3823} INFO - Setting next_dagrun for example_xcom_args to None, run_after=None
[2025-11-28T07:10:08.570+0000] {logging_mixin.py:188} INFO - [2025-11-28T07:10:08.570+0000] {dag.py:3823} INFO - Setting next_dagrun for example_xcom_args_with_operators to None, run_after=None
[2025-11-28T07:10:08.590+0000] {processor.py:183} INFO - Processing /home/airflow/.local/lib/python3.8/site-packages/airflow/example_dags/example_xcomargs.py took 0.078 seconds
[2025-11-28T07:10:38.746+0000] {processor.py:161} INFO - Started process (PID=2051) to work on /home/airflow/.local/lib/python3.8/site-packages/airflow/example_dags/example_xcomargs.py
[2025-11-28T07:10:38.747+0000] {processor.py:830} INFO - Processing file /home/airflow/.local/lib/python3.8/site-packages/airflow/example_dags/example_xcomargs.py for tasks to queue
[2025-11-28T07:10:38.749+0000] {logging_mixin.py:188} INFO - [2025-11-28T07:10:38.749+0000] {dagbag.py:538} INFO - Filling up the DagBag from /home/airflow/.local/lib/python3.8/site-packages/airflow/example_dags/example_xcomargs.py
[2025-11-28T07:10:38.757+0000] {processor.py:840} INFO - DAG(s) 'example_xcom_args', 'example_xcom_args_with_operators' retrieved from /home/airflow/.local/lib/python3.8/site-packages/airflow/example_dags/example_xcomargs.py
[2025-11-28T07:10:38.787+0000] {logging_mixin.py:188} INFO - [2025-11-28T07:10:38.787+0000] {dag.py:3036} INFO - Sync 2 DAGs
[2025-11-28T07:10:38.800+0000] {logging_mixin.py:188} INFO - [2025-11-28T07:10:38.800+0000] {dag.py:3823} INFO - Setting next_dagrun for example_xcom_args to None, run_after=None
[2025-11-28T07:10:38.804+0000] {logging_mixin.py:188} INFO - [2025-11-28T07:10:38.803+0000] {dag.py:3823} INFO - Setting next_dagrun for example_xcom_args_with_operators to None, run_after=None
[2025-11-28T07:10:38.819+0000] {processor.py:183} INFO - Processing /home/airflow/.local/lib/python3.8/site-packages/airflow/example_dags/example_xcomargs.py took 0.077 seconds
[2025-11-28T07:11:09.263+0000] {processor.py:161} INFO - Started process (PID=2106) to work on /home/airflow/.local/lib/python3.8/site-packages/airflow/example_dags/example_xcomargs.py
[2025-11-28T07:11:09.264+0000] {processor.py:830} INFO - Processing file /home/airflow/.local/lib/python3.8/site-packages/airflow/example_dags/example_xcomargs.py for tasks to queue
[2025-11-28T07:11:09.267+0000] {logging_mixin.py:188} INFO - [2025-11-28T07:11:09.266+0000] {dagbag.py:538} INFO - Filling up the DagBag from /home/airflow/.local/lib/python3.8/site-packages/airflow/example_dags/example_xcomargs.py
[2025-11-28T07:11:09.275+0000] {processor.py:840} INFO - DAG(s) 'example_xcom_args_with_operators', 'example_xcom_args' retrieved from /home/airflow/.local/lib/python3.8/site-packages/airflow/example_dags/example_xcomargs.py
[2025-11-28T07:11:09.296+0000] {logging_mixin.py:188} INFO - [2025-11-28T07:11:09.296+0000] {dag.py:3036} INFO - Sync 2 DAGs
[2025-11-28T07:11:09.305+0000] {logging_mixin.py:188} INFO - [2025-11-28T07:11:09.305+0000] {dag.py:3823} INFO - Setting next_dagrun for example_xcom_args to None, run_after=None
[2025-11-28T07:11:09.308+0000] {logging_mixin.py:188} INFO - [2025-11-28T07:11:09.308+0000] {dag.py:3823} INFO - Setting next_dagrun for example_xcom_args_with_operators to None, run_after=None
[2025-11-28T07:11:09.323+0000] {processor.py:183} INFO - Processing /home/airflow/.local/lib/python3.8/site-packages/airflow/example_dags/example_xcomargs.py took 0.064 seconds
[2025-11-28T07:11:39.547+0000] {processor.py:161} INFO - Started process (PID=2161) to work on /home/airflow/.local/lib/python3.8/site-packages/airflow/example_dags/example_xcomargs.py
[2025-11-28T07:11:39.549+0000] {processor.py:830} INFO - Processing file /home/airflow/.local/lib/python3.8/site-packages/airflow/example_dags/example_xcomargs.py for tasks to queue
[2025-11-28T07:11:39.551+0000] {logging_mixin.py:188} INFO - [2025-11-28T07:11:39.551+0000] {dagbag.py:538} INFO - Filling up the DagBag from /home/airflow/.local/lib/python3.8/site-packages/airflow/example_dags/example_xcomargs.py
[2025-11-28T07:11:39.558+0000] {processor.py:840} INFO - DAG(s) 'example_xcom_args_with_operators', 'example_xcom_args' retrieved from /home/airflow/.local/lib/python3.8/site-packages/airflow/example_dags/example_xcomargs.py
[2025-11-28T07:11:39.580+0000] {logging_mixin.py:188} INFO - [2025-11-28T07:11:39.579+0000] {dag.py:3036} INFO - Sync 2 DAGs
[2025-11-28T07:11:39.589+0000] {logging_mixin.py:188} INFO - [2025-11-28T07:11:39.589+0000] {dag.py:3823} INFO - Setting next_dagrun for example_xcom_args to None, run_after=None
[2025-11-28T07:11:39.593+0000] {logging_mixin.py:188} INFO - [2025-11-28T07:11:39.593+0000] {dag.py:3823} INFO - Setting next_dagrun for example_xcom_args_with_operators to None, run_after=None
[2025-11-28T07:11:39.606+0000] {processor.py:183} INFO - Processing /home/airflow/.local/lib/python3.8/site-packages/airflow/example_dags/example_xcomargs.py took 0.062 seconds
[2025-11-28T07:12:09.860+0000] {processor.py:161} INFO - Started process (PID=2214) to work on /home/airflow/.local/lib/python3.8/site-packages/airflow/example_dags/example_xcomargs.py
[2025-11-28T07:12:09.863+0000] {processor.py:830} INFO - Processing file /home/airflow/.local/lib/python3.8/site-packages/airflow/example_dags/example_xcomargs.py for tasks to queue
[2025-11-28T07:12:09.865+0000] {logging_mixin.py:188} INFO - [2025-11-28T07:12:09.865+0000] {dagbag.py:538} INFO - Filling up the DagBag from /home/airflow/.local/lib/python3.8/site-packages/airflow/example_dags/example_xcomargs.py
[2025-11-28T07:12:09.871+0000] {processor.py:840} INFO - DAG(s) 'example_xcom_args_with_operators', 'example_xcom_args' retrieved from /home/airflow/.local/lib/python3.8/site-packages/airflow/example_dags/example_xcomargs.py
[2025-11-28T07:12:09.896+0000] {logging_mixin.py:188} INFO - [2025-11-28T07:12:09.895+0000] {dag.py:3036} INFO - Sync 2 DAGs
[2025-11-28T07:12:09.910+0000] {logging_mixin.py:188} INFO - [2025-11-28T07:12:09.910+0000] {dag.py:3823} INFO - Setting next_dagrun for example_xcom_args to None, run_after=None
[2025-11-28T07:12:09.913+0000] {logging_mixin.py:188} INFO - [2025-11-28T07:12:09.912+0000] {dag.py:3823} INFO - Setting next_dagrun for example_xcom_args_with_operators to None, run_after=None
[2025-11-28T07:12:09.927+0000] {processor.py:183} INFO - Processing /home/airflow/.local/lib/python3.8/site-packages/airflow/example_dags/example_xcomargs.py took 0.069 seconds
[2025-11-28T07:12:40.336+0000] {processor.py:161} INFO - Started process (PID=2269) to work on /home/airflow/.local/lib/python3.8/site-packages/airflow/example_dags/example_xcomargs.py
[2025-11-28T07:12:40.338+0000] {processor.py:830} INFO - Processing file /home/airflow/.local/lib/python3.8/site-packages/airflow/example_dags/example_xcomargs.py for tasks to queue
[2025-11-28T07:12:40.340+0000] {logging_mixin.py:188} INFO - [2025-11-28T07:12:40.340+0000] {dagbag.py:538} INFO - Filling up the DagBag from /home/airflow/.local/lib/python3.8/site-packages/airflow/example_dags/example_xcomargs.py
[2025-11-28T07:12:40.347+0000] {processor.py:840} INFO - DAG(s) 'example_xcom_args_with_operators', 'example_xcom_args' retrieved from /home/airflow/.local/lib/python3.8/site-packages/airflow/example_dags/example_xcomargs.py
[2025-11-28T07:12:40.384+0000] {logging_mixin.py:188} INFO - [2025-11-28T07:12:40.381+0000] {dag.py:3036} INFO - Sync 2 DAGs
[2025-11-28T07:12:40.400+0000] {logging_mixin.py:188} INFO - [2025-11-28T07:12:40.400+0000] {dag.py:3823} INFO - Setting next_dagrun for example_xcom_args to None, run_after=None
[2025-11-28T07:12:40.404+0000] {logging_mixin.py:188} INFO - [2025-11-28T07:12:40.404+0000] {dag.py:3823} INFO - Setting next_dagrun for example_xcom_args_with_operators to None, run_after=None
[2025-11-28T07:12:40.419+0000] {processor.py:183} INFO - Processing /home/airflow/.local/lib/python3.8/site-packages/airflow/example_dags/example_xcomargs.py took 0.086 seconds
[2025-11-28T07:13:10.986+0000] {processor.py:161} INFO - Started process (PID=2324) to work on /home/airflow/.local/lib/python3.8/site-packages/airflow/example_dags/example_xcomargs.py
[2025-11-28T07:13:10.989+0000] {processor.py:830} INFO - Processing file /home/airflow/.local/lib/python3.8/site-packages/airflow/example_dags/example_xcomargs.py for tasks to queue
[2025-11-28T07:13:10.991+0000] {logging_mixin.py:188} INFO - [2025-11-28T07:13:10.990+0000] {dagbag.py:538} INFO - Filling up the DagBag from /home/airflow/.local/lib/python3.8/site-packages/airflow/example_dags/example_xcomargs.py
[2025-11-28T07:13:11.002+0000] {processor.py:840} INFO - DAG(s) 'example_xcom_args', 'example_xcom_args_with_operators' retrieved from /home/airflow/.local/lib/python3.8/site-packages/airflow/example_dags/example_xcomargs.py
[2025-11-28T07:13:11.030+0000] {logging_mixin.py:188} INFO - [2025-11-28T07:13:11.030+0000] {dag.py:3036} INFO - Sync 2 DAGs
[2025-11-28T07:13:11.043+0000] {logging_mixin.py:188} INFO - [2025-11-28T07:13:11.043+0000] {dag.py:3823} INFO - Setting next_dagrun for example_xcom_args to None, run_after=None
[2025-11-28T07:13:11.047+0000] {logging_mixin.py:188} INFO - [2025-11-28T07:13:11.047+0000] {dag.py:3823} INFO - Setting next_dagrun for example_xcom_args_with_operators to None, run_after=None
[2025-11-28T07:13:11.081+0000] {processor.py:183} INFO - Processing /home/airflow/.local/lib/python3.8/site-packages/airflow/example_dags/example_xcomargs.py took 0.098 seconds
[2025-11-28T07:13:41.143+0000] {processor.py:161} INFO - Started process (PID=2379) to work on /home/airflow/.local/lib/python3.8/site-packages/airflow/example_dags/example_xcomargs.py
[2025-11-28T07:13:41.145+0000] {processor.py:830} INFO - Processing file /home/airflow/.local/lib/python3.8/site-packages/airflow/example_dags/example_xcomargs.py for tasks to queue
[2025-11-28T07:13:41.147+0000] {logging_mixin.py:188} INFO - [2025-11-28T07:13:41.146+0000] {dagbag.py:538} INFO - Filling up the DagBag from /home/airflow/.local/lib/python3.8/site-packages/airflow/example_dags/example_xcomargs.py
[2025-11-28T07:13:41.154+0000] {processor.py:840} INFO - DAG(s) 'example_xcom_args_with_operators', 'example_xcom_args' retrieved from /home/airflow/.local/lib/python3.8/site-packages/airflow/example_dags/example_xcomargs.py
[2025-11-28T07:13:41.174+0000] {logging_mixin.py:188} INFO - [2025-11-28T07:13:41.174+0000] {dag.py:3036} INFO - Sync 2 DAGs
[2025-11-28T07:13:41.183+0000] {logging_mixin.py:188} INFO - [2025-11-28T07:13:41.183+0000] {dag.py:3823} INFO - Setting next_dagrun for example_xcom_args to None, run_after=None
[2025-11-28T07:13:41.186+0000] {logging_mixin.py:188} INFO - [2025-11-28T07:13:41.186+0000] {dag.py:3823} INFO - Setting next_dagrun for example_xcom_args_with_operators to None, run_after=None
[2025-11-28T07:13:41.202+0000] {processor.py:183} INFO - Processing /home/airflow/.local/lib/python3.8/site-packages/airflow/example_dags/example_xcomargs.py took 0.062 seconds
[2025-11-28T07:14:11.651+0000] {processor.py:161} INFO - Started process (PID=2435) to work on /home/airflow/.local/lib/python3.8/site-packages/airflow/example_dags/example_xcomargs.py
[2025-11-28T07:14:11.655+0000] {processor.py:830} INFO - Processing file /home/airflow/.local/lib/python3.8/site-packages/airflow/example_dags/example_xcomargs.py for tasks to queue
[2025-11-28T07:14:11.656+0000] {logging_mixin.py:188} INFO - [2025-11-28T07:14:11.656+0000] {dagbag.py:538} INFO - Filling up the DagBag from /home/airflow/.local/lib/python3.8/site-packages/airflow/example_dags/example_xcomargs.py
[2025-11-28T07:14:11.664+0000] {processor.py:840} INFO - DAG(s) 'example_xcom_args', 'example_xcom_args_with_operators' retrieved from /home/airflow/.local/lib/python3.8/site-packages/airflow/example_dags/example_xcomargs.py
[2025-11-28T07:14:11.683+0000] {logging_mixin.py:188} INFO - [2025-11-28T07:14:11.683+0000] {dag.py:3036} INFO - Sync 2 DAGs
[2025-11-28T07:14:11.692+0000] {logging_mixin.py:188} INFO - [2025-11-28T07:14:11.692+0000] {dag.py:3823} INFO - Setting next_dagrun for example_xcom_args to None, run_after=None
[2025-11-28T07:14:11.696+0000] {logging_mixin.py:188} INFO - [2025-11-28T07:14:11.696+0000] {dag.py:3823} INFO - Setting next_dagrun for example_xcom_args_with_operators to None, run_after=None
[2025-11-28T07:14:11.712+0000] {processor.py:183} INFO - Processing /home/airflow/.local/lib/python3.8/site-packages/airflow/example_dags/example_xcomargs.py took 0.063 seconds
[2025-11-28T07:14:41.930+0000] {processor.py:161} INFO - Started process (PID=2490) to work on /home/airflow/.local/lib/python3.8/site-packages/airflow/example_dags/example_xcomargs.py
[2025-11-28T07:14:41.937+0000] {processor.py:830} INFO - Processing file /home/airflow/.local/lib/python3.8/site-packages/airflow/example_dags/example_xcomargs.py for tasks to queue
[2025-11-28T07:14:41.954+0000] {logging_mixin.py:188} INFO - [2025-11-28T07:14:41.953+0000] {dagbag.py:538} INFO - Filling up the DagBag from /home/airflow/.local/lib/python3.8/site-packages/airflow/example_dags/example_xcomargs.py
[2025-11-28T07:14:41.983+0000] {processor.py:840} INFO - DAG(s) 'example_xcom_args', 'example_xcom_args_with_operators' retrieved from /home/airflow/.local/lib/python3.8/site-packages/airflow/example_dags/example_xcomargs.py
[2025-11-28T07:14:42.022+0000] {logging_mixin.py:188} INFO - [2025-11-28T07:14:42.022+0000] {dag.py:3036} INFO - Sync 2 DAGs
[2025-11-28T07:14:42.039+0000] {logging_mixin.py:188} INFO - [2025-11-28T07:14:42.039+0000] {dag.py:3823} INFO - Setting next_dagrun for example_xcom_args to None, run_after=None
[2025-11-28T07:14:42.047+0000] {logging_mixin.py:188} INFO - [2025-11-28T07:14:42.047+0000] {dag.py:3823} INFO - Setting next_dagrun for example_xcom_args_with_operators to None, run_after=None
[2025-11-28T07:14:42.193+0000] {processor.py:183} INFO - Processing /home/airflow/.local/lib/python3.8/site-packages/airflow/example_dags/example_xcomargs.py took 0.269 seconds
[2025-11-28T07:15:13.119+0000] {processor.py:161} INFO - Started process (PID=2545) to work on /home/airflow/.local/lib/python3.8/site-packages/airflow/example_dags/example_xcomargs.py
[2025-11-28T07:15:13.120+0000] {processor.py:830} INFO - Processing file /home/airflow/.local/lib/python3.8/site-packages/airflow/example_dags/example_xcomargs.py for tasks to queue
[2025-11-28T07:15:13.122+0000] {logging_mixin.py:188} INFO - [2025-11-28T07:15:13.122+0000] {dagbag.py:538} INFO - Filling up the DagBag from /home/airflow/.local/lib/python3.8/site-packages/airflow/example_dags/example_xcomargs.py
[2025-11-28T07:15:13.128+0000] {processor.py:840} INFO - DAG(s) 'example_xcom_args', 'example_xcom_args_with_operators' retrieved from /home/airflow/.local/lib/python3.8/site-packages/airflow/example_dags/example_xcomargs.py
[2025-11-28T07:15:13.149+0000] {logging_mixin.py:188} INFO - [2025-11-28T07:15:13.149+0000] {dag.py:3036} INFO - Sync 2 DAGs
[2025-11-28T07:15:13.159+0000] {logging_mixin.py:188} INFO - [2025-11-28T07:15:13.159+0000] {dag.py:3823} INFO - Setting next_dagrun for example_xcom_args to None, run_after=None
[2025-11-28T07:15:13.163+0000] {logging_mixin.py:188} INFO - [2025-11-28T07:15:13.163+0000] {dag.py:3823} INFO - Setting next_dagrun for example_xcom_args_with_operators to None, run_after=None
[2025-11-28T07:15:13.181+0000] {processor.py:183} INFO - Processing /home/airflow/.local/lib/python3.8/site-packages/airflow/example_dags/example_xcomargs.py took 0.064 seconds
[2025-11-28T07:15:44.238+0000] {processor.py:161} INFO - Started process (PID=2600) to work on /home/airflow/.local/lib/python3.8/site-packages/airflow/example_dags/example_xcomargs.py
[2025-11-28T07:15:44.243+0000] {processor.py:830} INFO - Processing file /home/airflow/.local/lib/python3.8/site-packages/airflow/example_dags/example_xcomargs.py for tasks to queue
[2025-11-28T07:15:44.245+0000] {logging_mixin.py:188} INFO - [2025-11-28T07:15:44.245+0000] {dagbag.py:538} INFO - Filling up the DagBag from /home/airflow/.local/lib/python3.8/site-packages/airflow/example_dags/example_xcomargs.py
[2025-11-28T07:15:44.255+0000] {processor.py:840} INFO - DAG(s) 'example_xcom_args_with_operators', 'example_xcom_args' retrieved from /home/airflow/.local/lib/python3.8/site-packages/airflow/example_dags/example_xcomargs.py
[2025-11-28T07:15:44.283+0000] {logging_mixin.py:188} INFO - [2025-11-28T07:15:44.283+0000] {dag.py:3036} INFO - Sync 2 DAGs
[2025-11-28T07:15:44.302+0000] {logging_mixin.py:188} INFO - [2025-11-28T07:15:44.302+0000] {dag.py:3823} INFO - Setting next_dagrun for example_xcom_args to None, run_after=None
[2025-11-28T07:15:44.309+0000] {logging_mixin.py:188} INFO - [2025-11-28T07:15:44.309+0000] {dag.py:3823} INFO - Setting next_dagrun for example_xcom_args_with_operators to None, run_after=None
[2025-11-28T07:15:44.328+0000] {processor.py:183} INFO - Processing /home/airflow/.local/lib/python3.8/site-packages/airflow/example_dags/example_xcomargs.py took 0.097 seconds
[2025-11-28T07:16:15.262+0000] {processor.py:161} INFO - Started process (PID=2655) to work on /home/airflow/.local/lib/python3.8/site-packages/airflow/example_dags/example_xcomargs.py
[2025-11-28T07:16:15.265+0000] {processor.py:830} INFO - Processing file /home/airflow/.local/lib/python3.8/site-packages/airflow/example_dags/example_xcomargs.py for tasks to queue
[2025-11-28T07:16:15.266+0000] {logging_mixin.py:188} INFO - [2025-11-28T07:16:15.266+0000] {dagbag.py:538} INFO - Filling up the DagBag from /home/airflow/.local/lib/python3.8/site-packages/airflow/example_dags/example_xcomargs.py
[2025-11-28T07:16:15.274+0000] {processor.py:840} INFO - DAG(s) 'example_xcom_args_with_operators', 'example_xcom_args' retrieved from /home/airflow/.local/lib/python3.8/site-packages/airflow/example_dags/example_xcomargs.py
[2025-11-28T07:16:15.299+0000] {logging_mixin.py:188} INFO - [2025-11-28T07:16:15.299+0000] {dag.py:3036} INFO - Sync 2 DAGs
[2025-11-28T07:16:15.312+0000] {logging_mixin.py:188} INFO - [2025-11-28T07:16:15.311+0000] {dag.py:3823} INFO - Setting next_dagrun for example_xcom_args to None, run_after=None
[2025-11-28T07:16:15.315+0000] {logging_mixin.py:188} INFO - [2025-11-28T07:16:15.315+0000] {dag.py:3823} INFO - Setting next_dagrun for example_xcom_args_with_operators to None, run_after=None
[2025-11-28T07:16:15.336+0000] {processor.py:183} INFO - Processing /home/airflow/.local/lib/python3.8/site-packages/airflow/example_dags/example_xcomargs.py took 0.078 seconds
[2025-11-28T07:16:46.119+0000] {processor.py:161} INFO - Started process (PID=2710) to work on /home/airflow/.local/lib/python3.8/site-packages/airflow/example_dags/example_xcomargs.py
[2025-11-28T07:16:46.122+0000] {processor.py:830} INFO - Processing file /home/airflow/.local/lib/python3.8/site-packages/airflow/example_dags/example_xcomargs.py for tasks to queue
[2025-11-28T07:16:46.127+0000] {logging_mixin.py:188} INFO - [2025-11-28T07:16:46.126+0000] {dagbag.py:538} INFO - Filling up the DagBag from /home/airflow/.local/lib/python3.8/site-packages/airflow/example_dags/example_xcomargs.py
[2025-11-28T07:16:46.147+0000] {processor.py:840} INFO - DAG(s) 'example_xcom_args', 'example_xcom_args_with_operators' retrieved from /home/airflow/.local/lib/python3.8/site-packages/airflow/example_dags/example_xcomargs.py
[2025-11-28T07:16:46.194+0000] {logging_mixin.py:188} INFO - [2025-11-28T07:16:46.193+0000] {dag.py:3036} INFO - Sync 2 DAGs
[2025-11-28T07:16:46.214+0000] {logging_mixin.py:188} INFO - [2025-11-28T07:16:46.213+0000] {dag.py:3823} INFO - Setting next_dagrun for example_xcom_args to None, run_after=None
[2025-11-28T07:16:46.217+0000] {logging_mixin.py:188} INFO - [2025-11-28T07:16:46.217+0000] {dag.py:3823} INFO - Setting next_dagrun for example_xcom_args_with_operators to None, run_after=None
[2025-11-28T07:16:46.233+0000] {processor.py:183} INFO - Processing /home/airflow/.local/lib/python3.8/site-packages/airflow/example_dags/example_xcomargs.py took 0.121 seconds
[2025-11-28T07:17:17.218+0000] {processor.py:161} INFO - Started process (PID=2765) to work on /home/airflow/.local/lib/python3.8/site-packages/airflow/example_dags/example_xcomargs.py
[2025-11-28T07:17:17.219+0000] {processor.py:830} INFO - Processing file /home/airflow/.local/lib/python3.8/site-packages/airflow/example_dags/example_xcomargs.py for tasks to queue
[2025-11-28T07:17:17.221+0000] {logging_mixin.py:188} INFO - [2025-11-28T07:17:17.221+0000] {dagbag.py:538} INFO - Filling up the DagBag from /home/airflow/.local/lib/python3.8/site-packages/airflow/example_dags/example_xcomargs.py
[2025-11-28T07:17:17.228+0000] {processor.py:840} INFO - DAG(s) 'example_xcom_args', 'example_xcom_args_with_operators' retrieved from /home/airflow/.local/lib/python3.8/site-packages/airflow/example_dags/example_xcomargs.py
[2025-11-28T07:17:17.253+0000] {logging_mixin.py:188} INFO - [2025-11-28T07:17:17.253+0000] {dag.py:3036} INFO - Sync 2 DAGs
[2025-11-28T07:17:17.266+0000] {logging_mixin.py:188} INFO - [2025-11-28T07:17:17.266+0000] {dag.py:3823} INFO - Setting next_dagrun for example_xcom_args to None, run_after=None
[2025-11-28T07:17:17.269+0000] {logging_mixin.py:188} INFO - [2025-11-28T07:17:17.269+0000] {dag.py:3823} INFO - Setting next_dagrun for example_xcom_args_with_operators to None, run_after=None
[2025-11-28T07:17:17.289+0000] {processor.py:183} INFO - Processing /home/airflow/.local/lib/python3.8/site-packages/airflow/example_dags/example_xcomargs.py took 0.074 seconds
[2025-11-28T07:17:47.502+0000] {processor.py:161} INFO - Started process (PID=2820) to work on /home/airflow/.local/lib/python3.8/site-packages/airflow/example_dags/example_xcomargs.py
[2025-11-28T07:17:47.504+0000] {processor.py:830} INFO - Processing file /home/airflow/.local/lib/python3.8/site-packages/airflow/example_dags/example_xcomargs.py for tasks to queue
[2025-11-28T07:17:47.506+0000] {logging_mixin.py:188} INFO - [2025-11-28T07:17:47.506+0000] {dagbag.py:538} INFO - Filling up the DagBag from /home/airflow/.local/lib/python3.8/site-packages/airflow/example_dags/example_xcomargs.py
[2025-11-28T07:17:47.514+0000] {processor.py:840} INFO - DAG(s) 'example_xcom_args_with_operators', 'example_xcom_args' retrieved from /home/airflow/.local/lib/python3.8/site-packages/airflow/example_dags/example_xcomargs.py
[2025-11-28T07:17:47.534+0000] {logging_mixin.py:188} INFO - [2025-11-28T07:17:47.534+0000] {dag.py:3036} INFO - Sync 2 DAGs
[2025-11-28T07:17:47.545+0000] {logging_mixin.py:188} INFO - [2025-11-28T07:17:47.545+0000] {dag.py:3823} INFO - Setting next_dagrun for example_xcom_args to None, run_after=None
[2025-11-28T07:17:47.548+0000] {logging_mixin.py:188} INFO - [2025-11-28T07:17:47.548+0000] {dag.py:3823} INFO - Setting next_dagrun for example_xcom_args_with_operators to None, run_after=None
[2025-11-28T07:17:47.566+0000] {processor.py:183} INFO - Processing /home/airflow/.local/lib/python3.8/site-packages/airflow/example_dags/example_xcomargs.py took 0.069 seconds
[2025-11-28T07:18:17.943+0000] {processor.py:161} INFO - Started process (PID=2875) to work on /home/airflow/.local/lib/python3.8/site-packages/airflow/example_dags/example_xcomargs.py
[2025-11-28T07:18:17.945+0000] {processor.py:830} INFO - Processing file /home/airflow/.local/lib/python3.8/site-packages/airflow/example_dags/example_xcomargs.py for tasks to queue
[2025-11-28T07:18:17.949+0000] {logging_mixin.py:188} INFO - [2025-11-28T07:18:17.948+0000] {dagbag.py:538} INFO - Filling up the DagBag from /home/airflow/.local/lib/python3.8/site-packages/airflow/example_dags/example_xcomargs.py
[2025-11-28T07:18:17.962+0000] {processor.py:840} INFO - DAG(s) 'example_xcom_args', 'example_xcom_args_with_operators' retrieved from /home/airflow/.local/lib/python3.8/site-packages/airflow/example_dags/example_xcomargs.py
[2025-11-28T07:18:17.984+0000] {logging_mixin.py:188} INFO - [2025-11-28T07:18:17.983+0000] {dag.py:3036} INFO - Sync 2 DAGs
[2025-11-28T07:18:18.000+0000] {logging_mixin.py:188} INFO - [2025-11-28T07:18:18.000+0000] {dag.py:3823} INFO - Setting next_dagrun for example_xcom_args to None, run_after=None
[2025-11-28T07:18:18.006+0000] {logging_mixin.py:188} INFO - [2025-11-28T07:18:18.006+0000] {dag.py:3823} INFO - Setting next_dagrun for example_xcom_args_with_operators to None, run_after=None
[2025-11-28T07:18:18.021+0000] {processor.py:183} INFO - Processing /home/airflow/.local/lib/python3.8/site-packages/airflow/example_dags/example_xcomargs.py took 0.083 seconds
[2025-11-28T07:18:48.970+0000] {processor.py:161} INFO - Started process (PID=2930) to work on /home/airflow/.local/lib/python3.8/site-packages/airflow/example_dags/example_xcomargs.py
[2025-11-28T07:18:48.973+0000] {processor.py:830} INFO - Processing file /home/airflow/.local/lib/python3.8/site-packages/airflow/example_dags/example_xcomargs.py for tasks to queue
[2025-11-28T07:18:48.976+0000] {logging_mixin.py:188} INFO - [2025-11-28T07:18:48.975+0000] {dagbag.py:538} INFO - Filling up the DagBag from /home/airflow/.local/lib/python3.8/site-packages/airflow/example_dags/example_xcomargs.py
[2025-11-28T07:18:48.986+0000] {processor.py:840} INFO - DAG(s) 'example_xcom_args', 'example_xcom_args_with_operators' retrieved from /home/airflow/.local/lib/python3.8/site-packages/airflow/example_dags/example_xcomargs.py
[2025-11-28T07:18:49.017+0000] {logging_mixin.py:188} INFO - [2025-11-28T07:18:49.016+0000] {dag.py:3036} INFO - Sync 2 DAGs
[2025-11-28T07:18:49.036+0000] {logging_mixin.py:188} INFO - [2025-11-28T07:18:49.035+0000] {dag.py:3823} INFO - Setting next_dagrun for example_xcom_args to None, run_after=None
[2025-11-28T07:18:49.041+0000] {logging_mixin.py:188} INFO - [2025-11-28T07:18:49.040+0000] {dag.py:3823} INFO - Setting next_dagrun for example_xcom_args_with_operators to None, run_after=None
[2025-11-28T07:18:49.072+0000] {processor.py:183} INFO - Processing /home/airflow/.local/lib/python3.8/site-packages/airflow/example_dags/example_xcomargs.py took 0.107 seconds
[2025-11-28T07:19:19.623+0000] {processor.py:161} INFO - Started process (PID=2984) to work on /home/airflow/.local/lib/python3.8/site-packages/airflow/example_dags/example_xcomargs.py
[2025-11-28T07:19:19.625+0000] {processor.py:830} INFO - Processing file /home/airflow/.local/lib/python3.8/site-packages/airflow/example_dags/example_xcomargs.py for tasks to queue
[2025-11-28T07:19:19.627+0000] {logging_mixin.py:188} INFO - [2025-11-28T07:19:19.627+0000] {dagbag.py:538} INFO - Filling up the DagBag from /home/airflow/.local/lib/python3.8/site-packages/airflow/example_dags/example_xcomargs.py
[2025-11-28T07:19:19.642+0000] {processor.py:840} INFO - DAG(s) 'example_xcom_args', 'example_xcom_args_with_operators' retrieved from /home/airflow/.local/lib/python3.8/site-packages/airflow/example_dags/example_xcomargs.py
[2025-11-28T07:19:19.686+0000] {logging_mixin.py:188} INFO - [2025-11-28T07:19:19.686+0000] {dag.py:3036} INFO - Sync 2 DAGs
[2025-11-28T07:19:19.705+0000] {logging_mixin.py:188} INFO - [2025-11-28T07:19:19.705+0000] {dag.py:3823} INFO - Setting next_dagrun for example_xcom_args to None, run_after=None
[2025-11-28T07:19:19.711+0000] {logging_mixin.py:188} INFO - [2025-11-28T07:19:19.710+0000] {dag.py:3823} INFO - Setting next_dagrun for example_xcom_args_with_operators to None, run_after=None
[2025-11-28T07:19:19.747+0000] {processor.py:183} INFO - Processing /home/airflow/.local/lib/python3.8/site-packages/airflow/example_dags/example_xcomargs.py took 0.127 seconds
