[2025-11-28T06:52:26.153+0000] {processor.py:161} INFO - Started process (PID=89) to work on /home/airflow/.local/lib/python3.8/site-packages/airflow/example_dags/example_dag_decorator.py
[2025-11-28T06:52:26.155+0000] {processor.py:830} INFO - Processing file /home/airflow/.local/lib/python3.8/site-packages/airflow/example_dags/example_dag_decorator.py for tasks to queue
[2025-11-28T06:52:26.158+0000] {logging_mixin.py:188} INFO - [2025-11-28T06:52:26.158+0000] {dagbag.py:538} INFO - Filling up the DagBag from /home/airflow/.local/lib/python3.8/site-packages/airflow/example_dags/example_dag_decorator.py
[2025-11-28T06:52:26.397+0000] {processor.py:840} INFO - DAG(s) 'example_dag_decorator' retrieved from /home/airflow/.local/lib/python3.8/site-packages/airflow/example_dags/example_dag_decorator.py
[2025-11-28T06:52:26.506+0000] {logging_mixin.py:188} INFO - [2025-11-28T06:52:26.505+0000] {override.py:1769} INFO - Created Permission View: can edit on DAG:example_dag_decorator
[2025-11-28T06:52:26.517+0000] {logging_mixin.py:188} INFO - [2025-11-28T06:52:26.517+0000] {override.py:1769} INFO - Created Permission View: can delete on DAG:example_dag_decorator
[2025-11-28T06:52:26.524+0000] {logging_mixin.py:188} INFO - [2025-11-28T06:52:26.524+0000] {override.py:1769} INFO - Created Permission View: can read on DAG:example_dag_decorator
[2025-11-28T06:52:26.525+0000] {logging_mixin.py:188} INFO - [2025-11-28T06:52:26.525+0000] {dag.py:3036} INFO - Sync 1 DAGs
[2025-11-28T06:52:26.536+0000] {logging_mixin.py:188} INFO - [2025-11-28T06:52:26.536+0000] {dag.py:3058} INFO - Creating ORM DAG for example_dag_decorator
[2025-11-28T06:52:26.538+0000] {logging_mixin.py:188} INFO - [2025-11-28T06:52:26.537+0000] {dag.py:3823} INFO - Setting next_dagrun for example_dag_decorator to None, run_after=None
[2025-11-28T06:52:26.558+0000] {processor.py:183} INFO - Processing /home/airflow/.local/lib/python3.8/site-packages/airflow/example_dags/example_dag_decorator.py took 0.410 seconds
[2025-11-28T06:52:56.773+0000] {processor.py:161} INFO - Started process (PID=144) to work on /home/airflow/.local/lib/python3.8/site-packages/airflow/example_dags/example_dag_decorator.py
[2025-11-28T06:52:56.776+0000] {processor.py:830} INFO - Processing file /home/airflow/.local/lib/python3.8/site-packages/airflow/example_dags/example_dag_decorator.py for tasks to queue
[2025-11-28T06:52:56.780+0000] {logging_mixin.py:188} INFO - [2025-11-28T06:52:56.779+0000] {dagbag.py:538} INFO - Filling up the DagBag from /home/airflow/.local/lib/python3.8/site-packages/airflow/example_dags/example_dag_decorator.py
[2025-11-28T06:52:56.860+0000] {processor.py:840} INFO - DAG(s) 'example_dag_decorator' retrieved from /home/airflow/.local/lib/python3.8/site-packages/airflow/example_dags/example_dag_decorator.py
[2025-11-28T06:52:56.967+0000] {logging_mixin.py:188} INFO - [2025-11-28T06:52:56.966+0000] {dag.py:3036} INFO - Sync 1 DAGs
[2025-11-28T06:52:56.975+0000] {logging_mixin.py:188} INFO - [2025-11-28T06:52:56.975+0000] {dag.py:3823} INFO - Setting next_dagrun for example_dag_decorator to None, run_after=None
[2025-11-28T06:52:56.992+0000] {processor.py:183} INFO - Processing /home/airflow/.local/lib/python3.8/site-packages/airflow/example_dags/example_dag_decorator.py took 0.224 seconds
[2025-11-28T06:53:27.425+0000] {processor.py:161} INFO - Started process (PID=199) to work on /home/airflow/.local/lib/python3.8/site-packages/airflow/example_dags/example_dag_decorator.py
[2025-11-28T06:53:27.427+0000] {processor.py:830} INFO - Processing file /home/airflow/.local/lib/python3.8/site-packages/airflow/example_dags/example_dag_decorator.py for tasks to queue
[2025-11-28T06:53:27.430+0000] {logging_mixin.py:188} INFO - [2025-11-28T06:53:27.430+0000] {dagbag.py:538} INFO - Filling up the DagBag from /home/airflow/.local/lib/python3.8/site-packages/airflow/example_dags/example_dag_decorator.py
[2025-11-28T06:53:27.532+0000] {processor.py:840} INFO - DAG(s) 'example_dag_decorator' retrieved from /home/airflow/.local/lib/python3.8/site-packages/airflow/example_dags/example_dag_decorator.py
[2025-11-28T06:53:27.608+0000] {logging_mixin.py:188} INFO - [2025-11-28T06:53:27.608+0000] {dag.py:3036} INFO - Sync 1 DAGs
[2025-11-28T06:53:27.616+0000] {logging_mixin.py:188} INFO - [2025-11-28T06:53:27.616+0000] {dag.py:3823} INFO - Setting next_dagrun for example_dag_decorator to None, run_after=None
[2025-11-28T06:53:27.640+0000] {processor.py:183} INFO - Processing /home/airflow/.local/lib/python3.8/site-packages/airflow/example_dags/example_dag_decorator.py took 0.219 seconds
[2025-11-28T06:53:57.694+0000] {processor.py:161} INFO - Started process (PID=255) to work on /home/airflow/.local/lib/python3.8/site-packages/airflow/example_dags/example_dag_decorator.py
[2025-11-28T06:53:57.696+0000] {processor.py:830} INFO - Processing file /home/airflow/.local/lib/python3.8/site-packages/airflow/example_dags/example_dag_decorator.py for tasks to queue
[2025-11-28T06:53:57.698+0000] {logging_mixin.py:188} INFO - [2025-11-28T06:53:57.698+0000] {dagbag.py:538} INFO - Filling up the DagBag from /home/airflow/.local/lib/python3.8/site-packages/airflow/example_dags/example_dag_decorator.py
[2025-11-28T06:53:57.786+0000] {processor.py:840} INFO - DAG(s) 'example_dag_decorator' retrieved from /home/airflow/.local/lib/python3.8/site-packages/airflow/example_dags/example_dag_decorator.py
[2025-11-28T06:53:57.882+0000] {logging_mixin.py:188} INFO - [2025-11-28T06:53:57.882+0000] {dag.py:3036} INFO - Sync 1 DAGs
[2025-11-28T06:53:57.891+0000] {logging_mixin.py:188} INFO - [2025-11-28T06:53:57.890+0000] {dag.py:3823} INFO - Setting next_dagrun for example_dag_decorator to None, run_after=None
[2025-11-28T06:53:57.905+0000] {processor.py:183} INFO - Processing /home/airflow/.local/lib/python3.8/site-packages/airflow/example_dags/example_dag_decorator.py took 0.213 seconds
[2025-11-28T06:54:28.142+0000] {processor.py:161} INFO - Started process (PID=310) to work on /home/airflow/.local/lib/python3.8/site-packages/airflow/example_dags/example_dag_decorator.py
[2025-11-28T06:54:28.144+0000] {processor.py:830} INFO - Processing file /home/airflow/.local/lib/python3.8/site-packages/airflow/example_dags/example_dag_decorator.py for tasks to queue
[2025-11-28T06:54:28.145+0000] {logging_mixin.py:188} INFO - [2025-11-28T06:54:28.145+0000] {dagbag.py:538} INFO - Filling up the DagBag from /home/airflow/.local/lib/python3.8/site-packages/airflow/example_dags/example_dag_decorator.py
[2025-11-28T06:54:28.226+0000] {processor.py:840} INFO - DAG(s) 'example_dag_decorator' retrieved from /home/airflow/.local/lib/python3.8/site-packages/airflow/example_dags/example_dag_decorator.py
[2025-11-28T06:54:28.330+0000] {logging_mixin.py:188} INFO - [2025-11-28T06:54:28.330+0000] {dag.py:3036} INFO - Sync 1 DAGs
[2025-11-28T06:54:28.342+0000] {logging_mixin.py:188} INFO - [2025-11-28T06:54:28.342+0000] {dag.py:3823} INFO - Setting next_dagrun for example_dag_decorator to None, run_after=None
[2025-11-28T06:54:28.359+0000] {processor.py:183} INFO - Processing /home/airflow/.local/lib/python3.8/site-packages/airflow/example_dags/example_dag_decorator.py took 0.220 seconds
[2025-11-28T06:54:58.869+0000] {processor.py:161} INFO - Started process (PID=365) to work on /home/airflow/.local/lib/python3.8/site-packages/airflow/example_dags/example_dag_decorator.py
[2025-11-28T06:54:58.871+0000] {processor.py:830} INFO - Processing file /home/airflow/.local/lib/python3.8/site-packages/airflow/example_dags/example_dag_decorator.py for tasks to queue
[2025-11-28T06:54:58.873+0000] {logging_mixin.py:188} INFO - [2025-11-28T06:54:58.873+0000] {dagbag.py:538} INFO - Filling up the DagBag from /home/airflow/.local/lib/python3.8/site-packages/airflow/example_dags/example_dag_decorator.py
[2025-11-28T06:54:58.957+0000] {processor.py:840} INFO - DAG(s) 'example_dag_decorator' retrieved from /home/airflow/.local/lib/python3.8/site-packages/airflow/example_dags/example_dag_decorator.py
[2025-11-28T06:54:58.970+0000] {logging_mixin.py:188} INFO - [2025-11-28T06:54:58.970+0000] {dag.py:3036} INFO - Sync 1 DAGs
[2025-11-28T06:54:58.982+0000] {logging_mixin.py:188} INFO - [2025-11-28T06:54:58.982+0000] {dag.py:3823} INFO - Setting next_dagrun for example_dag_decorator to None, run_after=None
[2025-11-28T06:54:59.004+0000] {processor.py:183} INFO - Processing /home/airflow/.local/lib/python3.8/site-packages/airflow/example_dags/example_dag_decorator.py took 0.138 seconds
[2025-11-28T06:55:29.300+0000] {processor.py:161} INFO - Started process (PID=421) to work on /home/airflow/.local/lib/python3.8/site-packages/airflow/example_dags/example_dag_decorator.py
[2025-11-28T06:55:29.301+0000] {processor.py:830} INFO - Processing file /home/airflow/.local/lib/python3.8/site-packages/airflow/example_dags/example_dag_decorator.py for tasks to queue
[2025-11-28T06:55:29.303+0000] {logging_mixin.py:188} INFO - [2025-11-28T06:55:29.303+0000] {dagbag.py:538} INFO - Filling up the DagBag from /home/airflow/.local/lib/python3.8/site-packages/airflow/example_dags/example_dag_decorator.py
[2025-11-28T06:55:29.391+0000] {processor.py:840} INFO - DAG(s) 'example_dag_decorator' retrieved from /home/airflow/.local/lib/python3.8/site-packages/airflow/example_dags/example_dag_decorator.py
[2025-11-28T06:55:29.482+0000] {logging_mixin.py:188} INFO - [2025-11-28T06:55:29.482+0000] {dag.py:3036} INFO - Sync 1 DAGs
[2025-11-28T06:55:29.490+0000] {logging_mixin.py:188} INFO - [2025-11-28T06:55:29.490+0000] {dag.py:3823} INFO - Setting next_dagrun for example_dag_decorator to None, run_after=None
[2025-11-28T06:55:29.507+0000] {processor.py:183} INFO - Processing /home/airflow/.local/lib/python3.8/site-packages/airflow/example_dags/example_dag_decorator.py took 0.210 seconds
[2025-11-28T06:56:00.196+0000] {processor.py:161} INFO - Started process (PID=475) to work on /home/airflow/.local/lib/python3.8/site-packages/airflow/example_dags/example_dag_decorator.py
[2025-11-28T06:56:00.202+0000] {processor.py:830} INFO - Processing file /home/airflow/.local/lib/python3.8/site-packages/airflow/example_dags/example_dag_decorator.py for tasks to queue
[2025-11-28T06:56:00.219+0000] {logging_mixin.py:188} INFO - [2025-11-28T06:56:00.219+0000] {dagbag.py:538} INFO - Filling up the DagBag from /home/airflow/.local/lib/python3.8/site-packages/airflow/example_dags/example_dag_decorator.py
[2025-11-28T06:56:00.314+0000] {processor.py:840} INFO - DAG(s) 'example_dag_decorator' retrieved from /home/airflow/.local/lib/python3.8/site-packages/airflow/example_dags/example_dag_decorator.py
[2025-11-28T06:56:00.419+0000] {logging_mixin.py:188} INFO - [2025-11-28T06:56:00.419+0000] {dag.py:3036} INFO - Sync 1 DAGs
[2025-11-28T06:56:00.430+0000] {logging_mixin.py:188} INFO - [2025-11-28T06:56:00.430+0000] {dag.py:3823} INFO - Setting next_dagrun for example_dag_decorator to None, run_after=None
[2025-11-28T06:56:00.466+0000] {processor.py:183} INFO - Processing /home/airflow/.local/lib/python3.8/site-packages/airflow/example_dags/example_dag_decorator.py took 0.280 seconds
[2025-11-28T06:56:30.667+0000] {processor.py:161} INFO - Started process (PID=531) to work on /home/airflow/.local/lib/python3.8/site-packages/airflow/example_dags/example_dag_decorator.py
[2025-11-28T06:56:30.670+0000] {processor.py:830} INFO - Processing file /home/airflow/.local/lib/python3.8/site-packages/airflow/example_dags/example_dag_decorator.py for tasks to queue
[2025-11-28T06:56:30.673+0000] {logging_mixin.py:188} INFO - [2025-11-28T06:56:30.672+0000] {dagbag.py:538} INFO - Filling up the DagBag from /home/airflow/.local/lib/python3.8/site-packages/airflow/example_dags/example_dag_decorator.py
[2025-11-28T06:56:30.766+0000] {processor.py:840} INFO - DAG(s) 'example_dag_decorator' retrieved from /home/airflow/.local/lib/python3.8/site-packages/airflow/example_dags/example_dag_decorator.py
[2025-11-28T06:56:30.789+0000] {logging_mixin.py:188} INFO - [2025-11-28T06:56:30.789+0000] {dag.py:3036} INFO - Sync 1 DAGs
[2025-11-28T06:56:30.800+0000] {logging_mixin.py:188} INFO - [2025-11-28T06:56:30.799+0000] {dag.py:3823} INFO - Setting next_dagrun for example_dag_decorator to None, run_after=None
[2025-11-28T06:56:30.822+0000] {processor.py:183} INFO - Processing /home/airflow/.local/lib/python3.8/site-packages/airflow/example_dags/example_dag_decorator.py took 0.160 seconds
[2025-11-28T06:57:00.970+0000] {processor.py:161} INFO - Started process (PID=585) to work on /home/airflow/.local/lib/python3.8/site-packages/airflow/example_dags/example_dag_decorator.py
[2025-11-28T06:57:00.971+0000] {processor.py:830} INFO - Processing file /home/airflow/.local/lib/python3.8/site-packages/airflow/example_dags/example_dag_decorator.py for tasks to queue
[2025-11-28T06:57:00.974+0000] {logging_mixin.py:188} INFO - [2025-11-28T06:57:00.974+0000] {dagbag.py:538} INFO - Filling up the DagBag from /home/airflow/.local/lib/python3.8/site-packages/airflow/example_dags/example_dag_decorator.py
[2025-11-28T06:57:01.053+0000] {processor.py:840} INFO - DAG(s) 'example_dag_decorator' retrieved from /home/airflow/.local/lib/python3.8/site-packages/airflow/example_dags/example_dag_decorator.py
[2025-11-28T06:57:01.129+0000] {logging_mixin.py:188} INFO - [2025-11-28T06:57:01.128+0000] {dag.py:3036} INFO - Sync 1 DAGs
[2025-11-28T06:57:01.145+0000] {logging_mixin.py:188} INFO - [2025-11-28T06:57:01.145+0000] {dag.py:3823} INFO - Setting next_dagrun for example_dag_decorator to None, run_after=None
[2025-11-28T06:57:01.162+0000] {processor.py:183} INFO - Processing /home/airflow/.local/lib/python3.8/site-packages/airflow/example_dags/example_dag_decorator.py took 0.194 seconds
[2025-11-28T06:57:31.627+0000] {processor.py:161} INFO - Started process (PID=640) to work on /home/airflow/.local/lib/python3.8/site-packages/airflow/example_dags/example_dag_decorator.py
[2025-11-28T06:57:31.628+0000] {processor.py:830} INFO - Processing file /home/airflow/.local/lib/python3.8/site-packages/airflow/example_dags/example_dag_decorator.py for tasks to queue
[2025-11-28T06:57:31.658+0000] {logging_mixin.py:188} INFO - [2025-11-28T06:57:31.658+0000] {dagbag.py:538} INFO - Filling up the DagBag from /home/airflow/.local/lib/python3.8/site-packages/airflow/example_dags/example_dag_decorator.py
[2025-11-28T06:57:31.752+0000] {processor.py:840} INFO - DAG(s) 'example_dag_decorator' retrieved from /home/airflow/.local/lib/python3.8/site-packages/airflow/example_dags/example_dag_decorator.py
[2025-11-28T06:57:31.837+0000] {logging_mixin.py:188} INFO - [2025-11-28T06:57:31.837+0000] {dag.py:3036} INFO - Sync 1 DAGs
[2025-11-28T06:57:31.845+0000] {logging_mixin.py:188} INFO - [2025-11-28T06:57:31.844+0000] {dag.py:3823} INFO - Setting next_dagrun for example_dag_decorator to None, run_after=None
[2025-11-28T06:57:31.865+0000] {processor.py:183} INFO - Processing /home/airflow/.local/lib/python3.8/site-packages/airflow/example_dags/example_dag_decorator.py took 0.242 seconds
[2025-11-28T06:58:02.366+0000] {processor.py:161} INFO - Started process (PID=695) to work on /home/airflow/.local/lib/python3.8/site-packages/airflow/example_dags/example_dag_decorator.py
[2025-11-28T06:58:02.369+0000] {processor.py:830} INFO - Processing file /home/airflow/.local/lib/python3.8/site-packages/airflow/example_dags/example_dag_decorator.py for tasks to queue
[2025-11-28T06:58:02.376+0000] {logging_mixin.py:188} INFO - [2025-11-28T06:58:02.376+0000] {dagbag.py:538} INFO - Filling up the DagBag from /home/airflow/.local/lib/python3.8/site-packages/airflow/example_dags/example_dag_decorator.py
[2025-11-28T06:58:02.460+0000] {processor.py:840} INFO - DAG(s) 'example_dag_decorator' retrieved from /home/airflow/.local/lib/python3.8/site-packages/airflow/example_dags/example_dag_decorator.py
[2025-11-28T06:58:02.535+0000] {logging_mixin.py:188} INFO - [2025-11-28T06:58:02.534+0000] {dag.py:3036} INFO - Sync 1 DAGs
[2025-11-28T06:58:02.542+0000] {logging_mixin.py:188} INFO - [2025-11-28T06:58:02.542+0000] {dag.py:3823} INFO - Setting next_dagrun for example_dag_decorator to None, run_after=None
[2025-11-28T06:58:02.557+0000] {processor.py:183} INFO - Processing /home/airflow/.local/lib/python3.8/site-packages/airflow/example_dags/example_dag_decorator.py took 0.199 seconds
[2025-11-28T06:58:32.882+0000] {processor.py:161} INFO - Started process (PID=750) to work on /home/airflow/.local/lib/python3.8/site-packages/airflow/example_dags/example_dag_decorator.py
[2025-11-28T06:58:32.883+0000] {processor.py:830} INFO - Processing file /home/airflow/.local/lib/python3.8/site-packages/airflow/example_dags/example_dag_decorator.py for tasks to queue
[2025-11-28T06:58:32.886+0000] {logging_mixin.py:188} INFO - [2025-11-28T06:58:32.886+0000] {dagbag.py:538} INFO - Filling up the DagBag from /home/airflow/.local/lib/python3.8/site-packages/airflow/example_dags/example_dag_decorator.py
[2025-11-28T06:58:32.968+0000] {processor.py:840} INFO - DAG(s) 'example_dag_decorator' retrieved from /home/airflow/.local/lib/python3.8/site-packages/airflow/example_dags/example_dag_decorator.py
[2025-11-28T06:58:33.042+0000] {logging_mixin.py:188} INFO - [2025-11-28T06:58:33.042+0000] {dag.py:3036} INFO - Sync 1 DAGs
[2025-11-28T06:58:33.050+0000] {logging_mixin.py:188} INFO - [2025-11-28T06:58:33.050+0000] {dag.py:3823} INFO - Setting next_dagrun for example_dag_decorator to None, run_after=None
[2025-11-28T06:58:33.070+0000] {processor.py:183} INFO - Processing /home/airflow/.local/lib/python3.8/site-packages/airflow/example_dags/example_dag_decorator.py took 0.190 seconds
[2025-11-28T06:59:03.358+0000] {processor.py:161} INFO - Started process (PID=805) to work on /home/airflow/.local/lib/python3.8/site-packages/airflow/example_dags/example_dag_decorator.py
[2025-11-28T06:59:03.360+0000] {processor.py:830} INFO - Processing file /home/airflow/.local/lib/python3.8/site-packages/airflow/example_dags/example_dag_decorator.py for tasks to queue
[2025-11-28T06:59:03.362+0000] {logging_mixin.py:188} INFO - [2025-11-28T06:59:03.362+0000] {dagbag.py:538} INFO - Filling up the DagBag from /home/airflow/.local/lib/python3.8/site-packages/airflow/example_dags/example_dag_decorator.py
[2025-11-28T06:59:03.436+0000] {processor.py:840} INFO - DAG(s) 'example_dag_decorator' retrieved from /home/airflow/.local/lib/python3.8/site-packages/airflow/example_dags/example_dag_decorator.py
[2025-11-28T06:59:03.509+0000] {logging_mixin.py:188} INFO - [2025-11-28T06:59:03.509+0000] {dag.py:3036} INFO - Sync 1 DAGs
[2025-11-28T06:59:03.516+0000] {logging_mixin.py:188} INFO - [2025-11-28T06:59:03.516+0000] {dag.py:3823} INFO - Setting next_dagrun for example_dag_decorator to None, run_after=None
[2025-11-28T06:59:03.534+0000] {processor.py:183} INFO - Processing /home/airflow/.local/lib/python3.8/site-packages/airflow/example_dags/example_dag_decorator.py took 0.179 seconds
[2025-11-28T06:59:33.899+0000] {processor.py:161} INFO - Started process (PID=860) to work on /home/airflow/.local/lib/python3.8/site-packages/airflow/example_dags/example_dag_decorator.py
[2025-11-28T06:59:33.901+0000] {processor.py:830} INFO - Processing file /home/airflow/.local/lib/python3.8/site-packages/airflow/example_dags/example_dag_decorator.py for tasks to queue
[2025-11-28T06:59:33.903+0000] {logging_mixin.py:188} INFO - [2025-11-28T06:59:33.903+0000] {dagbag.py:538} INFO - Filling up the DagBag from /home/airflow/.local/lib/python3.8/site-packages/airflow/example_dags/example_dag_decorator.py
[2025-11-28T06:59:33.968+0000] {processor.py:840} INFO - DAG(s) 'example_dag_decorator' retrieved from /home/airflow/.local/lib/python3.8/site-packages/airflow/example_dags/example_dag_decorator.py
[2025-11-28T06:59:34.048+0000] {logging_mixin.py:188} INFO - [2025-11-28T06:59:34.047+0000] {dag.py:3036} INFO - Sync 1 DAGs
[2025-11-28T06:59:34.057+0000] {logging_mixin.py:188} INFO - [2025-11-28T06:59:34.056+0000] {dag.py:3823} INFO - Setting next_dagrun for example_dag_decorator to None, run_after=None
[2025-11-28T06:59:34.074+0000] {processor.py:183} INFO - Processing /home/airflow/.local/lib/python3.8/site-packages/airflow/example_dags/example_dag_decorator.py took 0.178 seconds
[2025-11-28T07:00:04.209+0000] {processor.py:161} INFO - Started process (PID=916) to work on /home/airflow/.local/lib/python3.8/site-packages/airflow/example_dags/example_dag_decorator.py
[2025-11-28T07:00:04.215+0000] {processor.py:830} INFO - Processing file /home/airflow/.local/lib/python3.8/site-packages/airflow/example_dags/example_dag_decorator.py for tasks to queue
[2025-11-28T07:00:04.218+0000] {logging_mixin.py:188} INFO - [2025-11-28T07:00:04.218+0000] {dagbag.py:538} INFO - Filling up the DagBag from /home/airflow/.local/lib/python3.8/site-packages/airflow/example_dags/example_dag_decorator.py
[2025-11-28T07:00:04.308+0000] {processor.py:840} INFO - DAG(s) 'example_dag_decorator' retrieved from /home/airflow/.local/lib/python3.8/site-packages/airflow/example_dags/example_dag_decorator.py
[2025-11-28T07:00:04.391+0000] {logging_mixin.py:188} INFO - [2025-11-28T07:00:04.391+0000] {dag.py:3036} INFO - Sync 1 DAGs
[2025-11-28T07:00:04.398+0000] {logging_mixin.py:188} INFO - [2025-11-28T07:00:04.398+0000] {dag.py:3823} INFO - Setting next_dagrun for example_dag_decorator to None, run_after=None
[2025-11-28T07:00:04.418+0000] {processor.py:183} INFO - Processing /home/airflow/.local/lib/python3.8/site-packages/airflow/example_dags/example_dag_decorator.py took 0.212 seconds
[2025-11-28T07:00:34.669+0000] {processor.py:161} INFO - Started process (PID=969) to work on /home/airflow/.local/lib/python3.8/site-packages/airflow/example_dags/example_dag_decorator.py
[2025-11-28T07:00:34.670+0000] {processor.py:830} INFO - Processing file /home/airflow/.local/lib/python3.8/site-packages/airflow/example_dags/example_dag_decorator.py for tasks to queue
[2025-11-28T07:00:34.675+0000] {logging_mixin.py:188} INFO - [2025-11-28T07:00:34.675+0000] {dagbag.py:538} INFO - Filling up the DagBag from /home/airflow/.local/lib/python3.8/site-packages/airflow/example_dags/example_dag_decorator.py
[2025-11-28T07:00:34.832+0000] {processor.py:840} INFO - DAG(s) 'example_dag_decorator' retrieved from /home/airflow/.local/lib/python3.8/site-packages/airflow/example_dags/example_dag_decorator.py
[2025-11-28T07:00:34.973+0000] {logging_mixin.py:188} INFO - [2025-11-28T07:00:34.972+0000] {dag.py:3036} INFO - Sync 1 DAGs
[2025-11-28T07:00:34.987+0000] {logging_mixin.py:188} INFO - [2025-11-28T07:00:34.987+0000] {dag.py:3823} INFO - Setting next_dagrun for example_dag_decorator to None, run_after=None
[2025-11-28T07:00:35.014+0000] {processor.py:183} INFO - Processing /home/airflow/.local/lib/python3.8/site-packages/airflow/example_dags/example_dag_decorator.py took 0.351 seconds
[2025-11-28T07:01:05.326+0000] {processor.py:161} INFO - Started process (PID=1025) to work on /home/airflow/.local/lib/python3.8/site-packages/airflow/example_dags/example_dag_decorator.py
[2025-11-28T07:01:05.329+0000] {processor.py:830} INFO - Processing file /home/airflow/.local/lib/python3.8/site-packages/airflow/example_dags/example_dag_decorator.py for tasks to queue
[2025-11-28T07:01:05.334+0000] {logging_mixin.py:188} INFO - [2025-11-28T07:01:05.334+0000] {dagbag.py:538} INFO - Filling up the DagBag from /home/airflow/.local/lib/python3.8/site-packages/airflow/example_dags/example_dag_decorator.py
[2025-11-28T07:01:05.461+0000] {processor.py:840} INFO - DAG(s) 'example_dag_decorator' retrieved from /home/airflow/.local/lib/python3.8/site-packages/airflow/example_dags/example_dag_decorator.py
[2025-11-28T07:01:05.597+0000] {logging_mixin.py:188} INFO - [2025-11-28T07:01:05.595+0000] {dag.py:3036} INFO - Sync 1 DAGs
[2025-11-28T07:01:05.606+0000] {logging_mixin.py:188} INFO - [2025-11-28T07:01:05.606+0000] {dag.py:3823} INFO - Setting next_dagrun for example_dag_decorator to None, run_after=None
[2025-11-28T07:01:05.628+0000] {processor.py:183} INFO - Processing /home/airflow/.local/lib/python3.8/site-packages/airflow/example_dags/example_dag_decorator.py took 0.305 seconds
[2025-11-28T07:01:35.672+0000] {processor.py:161} INFO - Started process (PID=1080) to work on /home/airflow/.local/lib/python3.8/site-packages/airflow/example_dags/example_dag_decorator.py
[2025-11-28T07:01:35.675+0000] {processor.py:830} INFO - Processing file /home/airflow/.local/lib/python3.8/site-packages/airflow/example_dags/example_dag_decorator.py for tasks to queue
[2025-11-28T07:01:35.677+0000] {logging_mixin.py:188} INFO - [2025-11-28T07:01:35.676+0000] {dagbag.py:538} INFO - Filling up the DagBag from /home/airflow/.local/lib/python3.8/site-packages/airflow/example_dags/example_dag_decorator.py
[2025-11-28T07:01:35.860+0000] {processor.py:840} INFO - DAG(s) 'example_dag_decorator' retrieved from /home/airflow/.local/lib/python3.8/site-packages/airflow/example_dags/example_dag_decorator.py
[2025-11-28T07:01:36.022+0000] {logging_mixin.py:188} INFO - [2025-11-28T07:01:36.022+0000] {dag.py:3036} INFO - Sync 1 DAGs
[2025-11-28T07:01:36.033+0000] {logging_mixin.py:188} INFO - [2025-11-28T07:01:36.033+0000] {dag.py:3823} INFO - Setting next_dagrun for example_dag_decorator to None, run_after=None
[2025-11-28T07:01:36.055+0000] {processor.py:183} INFO - Processing /home/airflow/.local/lib/python3.8/site-packages/airflow/example_dags/example_dag_decorator.py took 0.388 seconds
[2025-11-28T07:02:06.761+0000] {processor.py:161} INFO - Started process (PID=1135) to work on /home/airflow/.local/lib/python3.8/site-packages/airflow/example_dags/example_dag_decorator.py
[2025-11-28T07:02:06.762+0000] {processor.py:830} INFO - Processing file /home/airflow/.local/lib/python3.8/site-packages/airflow/example_dags/example_dag_decorator.py for tasks to queue
[2025-11-28T07:02:06.764+0000] {logging_mixin.py:188} INFO - [2025-11-28T07:02:06.764+0000] {dagbag.py:538} INFO - Filling up the DagBag from /home/airflow/.local/lib/python3.8/site-packages/airflow/example_dags/example_dag_decorator.py
[2025-11-28T07:02:06.841+0000] {processor.py:840} INFO - DAG(s) 'example_dag_decorator' retrieved from /home/airflow/.local/lib/python3.8/site-packages/airflow/example_dags/example_dag_decorator.py
[2025-11-28T07:02:06.916+0000] {logging_mixin.py:188} INFO - [2025-11-28T07:02:06.915+0000] {dag.py:3036} INFO - Sync 1 DAGs
[2025-11-28T07:02:06.926+0000] {logging_mixin.py:188} INFO - [2025-11-28T07:02:06.926+0000] {dag.py:3823} INFO - Setting next_dagrun for example_dag_decorator to None, run_after=None
[2025-11-28T07:02:06.945+0000] {processor.py:183} INFO - Processing /home/airflow/.local/lib/python3.8/site-packages/airflow/example_dags/example_dag_decorator.py took 0.186 seconds
[2025-11-28T07:02:36.989+0000] {processor.py:161} INFO - Started process (PID=1189) to work on /home/airflow/.local/lib/python3.8/site-packages/airflow/example_dags/example_dag_decorator.py
[2025-11-28T07:02:36.991+0000] {processor.py:830} INFO - Processing file /home/airflow/.local/lib/python3.8/site-packages/airflow/example_dags/example_dag_decorator.py for tasks to queue
[2025-11-28T07:02:36.993+0000] {logging_mixin.py:188} INFO - [2025-11-28T07:02:36.993+0000] {dagbag.py:538} INFO - Filling up the DagBag from /home/airflow/.local/lib/python3.8/site-packages/airflow/example_dags/example_dag_decorator.py
[2025-11-28T07:02:37.074+0000] {processor.py:840} INFO - DAG(s) 'example_dag_decorator' retrieved from /home/airflow/.local/lib/python3.8/site-packages/airflow/example_dags/example_dag_decorator.py
[2025-11-28T07:02:37.145+0000] {logging_mixin.py:188} INFO - [2025-11-28T07:02:37.145+0000] {dag.py:3036} INFO - Sync 1 DAGs
[2025-11-28T07:02:37.154+0000] {logging_mixin.py:188} INFO - [2025-11-28T07:02:37.154+0000] {dag.py:3823} INFO - Setting next_dagrun for example_dag_decorator to None, run_after=None
[2025-11-28T07:02:37.170+0000] {processor.py:183} INFO - Processing /home/airflow/.local/lib/python3.8/site-packages/airflow/example_dags/example_dag_decorator.py took 0.184 seconds
[2025-11-28T07:03:07.740+0000] {processor.py:161} INFO - Started process (PID=1245) to work on /home/airflow/.local/lib/python3.8/site-packages/airflow/example_dags/example_dag_decorator.py
[2025-11-28T07:03:07.741+0000] {processor.py:830} INFO - Processing file /home/airflow/.local/lib/python3.8/site-packages/airflow/example_dags/example_dag_decorator.py for tasks to queue
[2025-11-28T07:03:07.743+0000] {logging_mixin.py:188} INFO - [2025-11-28T07:03:07.743+0000] {dagbag.py:538} INFO - Filling up the DagBag from /home/airflow/.local/lib/python3.8/site-packages/airflow/example_dags/example_dag_decorator.py
[2025-11-28T07:03:07.813+0000] {processor.py:840} INFO - DAG(s) 'example_dag_decorator' retrieved from /home/airflow/.local/lib/python3.8/site-packages/airflow/example_dags/example_dag_decorator.py
[2025-11-28T07:03:07.897+0000] {logging_mixin.py:188} INFO - [2025-11-28T07:03:07.897+0000] {dag.py:3036} INFO - Sync 1 DAGs
[2025-11-28T07:03:07.908+0000] {logging_mixin.py:188} INFO - [2025-11-28T07:03:07.908+0000] {dag.py:3823} INFO - Setting next_dagrun for example_dag_decorator to None, run_after=None
[2025-11-28T07:03:08.036+0000] {processor.py:183} INFO - Processing /home/airflow/.local/lib/python3.8/site-packages/airflow/example_dags/example_dag_decorator.py took 0.300 seconds
[2025-11-28T07:03:38.473+0000] {processor.py:161} INFO - Started process (PID=1300) to work on /home/airflow/.local/lib/python3.8/site-packages/airflow/example_dags/example_dag_decorator.py
[2025-11-28T07:03:38.474+0000] {processor.py:830} INFO - Processing file /home/airflow/.local/lib/python3.8/site-packages/airflow/example_dags/example_dag_decorator.py for tasks to queue
[2025-11-28T07:03:38.476+0000] {logging_mixin.py:188} INFO - [2025-11-28T07:03:38.476+0000] {dagbag.py:538} INFO - Filling up the DagBag from /home/airflow/.local/lib/python3.8/site-packages/airflow/example_dags/example_dag_decorator.py
[2025-11-28T07:03:38.616+0000] {processor.py:840} INFO - DAG(s) 'example_dag_decorator' retrieved from /home/airflow/.local/lib/python3.8/site-packages/airflow/example_dags/example_dag_decorator.py
[2025-11-28T07:03:38.759+0000] {logging_mixin.py:188} INFO - [2025-11-28T07:03:38.759+0000] {dag.py:3036} INFO - Sync 1 DAGs
[2025-11-28T07:03:38.794+0000] {logging_mixin.py:188} INFO - [2025-11-28T07:03:38.793+0000] {dag.py:3823} INFO - Setting next_dagrun for example_dag_decorator to None, run_after=None
[2025-11-28T07:03:39.002+0000] {processor.py:183} INFO - Processing /home/airflow/.local/lib/python3.8/site-packages/airflow/example_dags/example_dag_decorator.py took 0.534 seconds
[2025-11-28T07:04:09.391+0000] {processor.py:161} INFO - Started process (PID=1355) to work on /home/airflow/.local/lib/python3.8/site-packages/airflow/example_dags/example_dag_decorator.py
[2025-11-28T07:04:09.392+0000] {processor.py:830} INFO - Processing file /home/airflow/.local/lib/python3.8/site-packages/airflow/example_dags/example_dag_decorator.py for tasks to queue
[2025-11-28T07:04:09.396+0000] {logging_mixin.py:188} INFO - [2025-11-28T07:04:09.396+0000] {dagbag.py:538} INFO - Filling up the DagBag from /home/airflow/.local/lib/python3.8/site-packages/airflow/example_dags/example_dag_decorator.py
[2025-11-28T07:04:09.545+0000] {processor.py:840} INFO - DAG(s) 'example_dag_decorator' retrieved from /home/airflow/.local/lib/python3.8/site-packages/airflow/example_dags/example_dag_decorator.py
[2025-11-28T07:04:09.647+0000] {logging_mixin.py:188} INFO - [2025-11-28T07:04:09.647+0000] {dag.py:3036} INFO - Sync 1 DAGs
[2025-11-28T07:04:09.657+0000] {logging_mixin.py:188} INFO - [2025-11-28T07:04:09.657+0000] {dag.py:3823} INFO - Setting next_dagrun for example_dag_decorator to None, run_after=None
[2025-11-28T07:04:09.704+0000] {processor.py:183} INFO - Processing /home/airflow/.local/lib/python3.8/site-packages/airflow/example_dags/example_dag_decorator.py took 0.317 seconds
[2025-11-28T07:04:39.795+0000] {processor.py:161} INFO - Started process (PID=1410) to work on /home/airflow/.local/lib/python3.8/site-packages/airflow/example_dags/example_dag_decorator.py
[2025-11-28T07:04:39.798+0000] {processor.py:830} INFO - Processing file /home/airflow/.local/lib/python3.8/site-packages/airflow/example_dags/example_dag_decorator.py for tasks to queue
[2025-11-28T07:04:39.800+0000] {logging_mixin.py:188} INFO - [2025-11-28T07:04:39.800+0000] {dagbag.py:538} INFO - Filling up the DagBag from /home/airflow/.local/lib/python3.8/site-packages/airflow/example_dags/example_dag_decorator.py
[2025-11-28T07:04:39.898+0000] {processor.py:840} INFO - DAG(s) 'example_dag_decorator' retrieved from /home/airflow/.local/lib/python3.8/site-packages/airflow/example_dags/example_dag_decorator.py
[2025-11-28T07:04:39.967+0000] {logging_mixin.py:188} INFO - [2025-11-28T07:04:39.967+0000] {dag.py:3036} INFO - Sync 1 DAGs
[2025-11-28T07:04:39.977+0000] {logging_mixin.py:188} INFO - [2025-11-28T07:04:39.977+0000] {dag.py:3823} INFO - Setting next_dagrun for example_dag_decorator to None, run_after=None
[2025-11-28T07:04:40.007+0000] {processor.py:183} INFO - Processing /home/airflow/.local/lib/python3.8/site-packages/airflow/example_dags/example_dag_decorator.py took 0.215 seconds
[2025-11-28T07:05:10.096+0000] {processor.py:161} INFO - Started process (PID=1466) to work on /home/airflow/.local/lib/python3.8/site-packages/airflow/example_dags/example_dag_decorator.py
[2025-11-28T07:05:10.098+0000] {processor.py:830} INFO - Processing file /home/airflow/.local/lib/python3.8/site-packages/airflow/example_dags/example_dag_decorator.py for tasks to queue
[2025-11-28T07:05:10.100+0000] {logging_mixin.py:188} INFO - [2025-11-28T07:05:10.100+0000] {dagbag.py:538} INFO - Filling up the DagBag from /home/airflow/.local/lib/python3.8/site-packages/airflow/example_dags/example_dag_decorator.py
[2025-11-28T07:05:10.173+0000] {processor.py:840} INFO - DAG(s) 'example_dag_decorator' retrieved from /home/airflow/.local/lib/python3.8/site-packages/airflow/example_dags/example_dag_decorator.py
[2025-11-28T07:05:10.356+0000] {logging_mixin.py:188} INFO - [2025-11-28T07:05:10.356+0000] {dag.py:3036} INFO - Sync 1 DAGs
[2025-11-28T07:05:10.365+0000] {logging_mixin.py:188} INFO - [2025-11-28T07:05:10.364+0000] {dag.py:3823} INFO - Setting next_dagrun for example_dag_decorator to None, run_after=None
[2025-11-28T07:05:10.383+0000] {processor.py:183} INFO - Processing /home/airflow/.local/lib/python3.8/site-packages/airflow/example_dags/example_dag_decorator.py took 0.290 seconds
[2025-11-28T07:05:40.710+0000] {processor.py:161} INFO - Started process (PID=1521) to work on /home/airflow/.local/lib/python3.8/site-packages/airflow/example_dags/example_dag_decorator.py
[2025-11-28T07:05:40.713+0000] {processor.py:830} INFO - Processing file /home/airflow/.local/lib/python3.8/site-packages/airflow/example_dags/example_dag_decorator.py for tasks to queue
[2025-11-28T07:05:40.716+0000] {logging_mixin.py:188} INFO - [2025-11-28T07:05:40.715+0000] {dagbag.py:538} INFO - Filling up the DagBag from /home/airflow/.local/lib/python3.8/site-packages/airflow/example_dags/example_dag_decorator.py
[2025-11-28T07:05:40.783+0000] {processor.py:840} INFO - DAG(s) 'example_dag_decorator' retrieved from /home/airflow/.local/lib/python3.8/site-packages/airflow/example_dags/example_dag_decorator.py
[2025-11-28T07:05:40.805+0000] {logging_mixin.py:188} INFO - [2025-11-28T07:05:40.804+0000] {dag.py:3036} INFO - Sync 1 DAGs
[2025-11-28T07:05:40.819+0000] {logging_mixin.py:188} INFO - [2025-11-28T07:05:40.818+0000] {dag.py:3823} INFO - Setting next_dagrun for example_dag_decorator to None, run_after=None
[2025-11-28T07:05:40.854+0000] {processor.py:183} INFO - Processing /home/airflow/.local/lib/python3.8/site-packages/airflow/example_dags/example_dag_decorator.py took 0.149 seconds
[2025-11-28T07:06:11.514+0000] {processor.py:161} INFO - Started process (PID=1576) to work on /home/airflow/.local/lib/python3.8/site-packages/airflow/example_dags/example_dag_decorator.py
[2025-11-28T07:06:11.516+0000] {processor.py:830} INFO - Processing file /home/airflow/.local/lib/python3.8/site-packages/airflow/example_dags/example_dag_decorator.py for tasks to queue
[2025-11-28T07:06:11.521+0000] {logging_mixin.py:188} INFO - [2025-11-28T07:06:11.520+0000] {dagbag.py:538} INFO - Filling up the DagBag from /home/airflow/.local/lib/python3.8/site-packages/airflow/example_dags/example_dag_decorator.py
[2025-11-28T07:06:11.610+0000] {processor.py:840} INFO - DAG(s) 'example_dag_decorator' retrieved from /home/airflow/.local/lib/python3.8/site-packages/airflow/example_dags/example_dag_decorator.py
[2025-11-28T07:06:11.680+0000] {logging_mixin.py:188} INFO - [2025-11-28T07:06:11.679+0000] {dag.py:3036} INFO - Sync 1 DAGs
[2025-11-28T07:06:11.858+0000] {logging_mixin.py:188} INFO - [2025-11-28T07:06:11.858+0000] {dag.py:3823} INFO - Setting next_dagrun for example_dag_decorator to None, run_after=None
[2025-11-28T07:06:11.876+0000] {processor.py:183} INFO - Processing /home/airflow/.local/lib/python3.8/site-packages/airflow/example_dags/example_dag_decorator.py took 0.369 seconds
[2025-11-28T07:06:42.004+0000] {processor.py:161} INFO - Started process (PID=1631) to work on /home/airflow/.local/lib/python3.8/site-packages/airflow/example_dags/example_dag_decorator.py
[2025-11-28T07:06:42.005+0000] {processor.py:830} INFO - Processing file /home/airflow/.local/lib/python3.8/site-packages/airflow/example_dags/example_dag_decorator.py for tasks to queue
[2025-11-28T07:06:42.007+0000] {logging_mixin.py:188} INFO - [2025-11-28T07:06:42.007+0000] {dagbag.py:538} INFO - Filling up the DagBag from /home/airflow/.local/lib/python3.8/site-packages/airflow/example_dags/example_dag_decorator.py
[2025-11-28T07:06:42.071+0000] {processor.py:840} INFO - DAG(s) 'example_dag_decorator' retrieved from /home/airflow/.local/lib/python3.8/site-packages/airflow/example_dags/example_dag_decorator.py
[2025-11-28T07:06:42.165+0000] {logging_mixin.py:188} INFO - [2025-11-28T07:06:42.165+0000] {dag.py:3036} INFO - Sync 1 DAGs
[2025-11-28T07:06:42.176+0000] {logging_mixin.py:188} INFO - [2025-11-28T07:06:42.176+0000] {dag.py:3823} INFO - Setting next_dagrun for example_dag_decorator to None, run_after=None
[2025-11-28T07:06:42.434+0000] {processor.py:183} INFO - Processing /home/airflow/.local/lib/python3.8/site-packages/airflow/example_dags/example_dag_decorator.py took 0.302 seconds
[2025-11-28T07:07:13.493+0000] {processor.py:161} INFO - Started process (PID=1687) to work on /home/airflow/.local/lib/python3.8/site-packages/airflow/example_dags/example_dag_decorator.py
[2025-11-28T07:07:13.495+0000] {processor.py:830} INFO - Processing file /home/airflow/.local/lib/python3.8/site-packages/airflow/example_dags/example_dag_decorator.py for tasks to queue
[2025-11-28T07:07:13.502+0000] {logging_mixin.py:188} INFO - [2025-11-28T07:07:13.500+0000] {dagbag.py:538} INFO - Filling up the DagBag from /home/airflow/.local/lib/python3.8/site-packages/airflow/example_dags/example_dag_decorator.py
[2025-11-28T07:07:13.611+0000] {processor.py:840} INFO - DAG(s) 'example_dag_decorator' retrieved from /home/airflow/.local/lib/python3.8/site-packages/airflow/example_dags/example_dag_decorator.py
[2025-11-28T07:07:13.866+0000] {logging_mixin.py:188} INFO - [2025-11-28T07:07:13.866+0000] {dag.py:3036} INFO - Sync 1 DAGs
[2025-11-28T07:07:13.874+0000] {logging_mixin.py:188} INFO - [2025-11-28T07:07:13.873+0000] {dag.py:3823} INFO - Setting next_dagrun for example_dag_decorator to None, run_after=None
[2025-11-28T07:07:13.890+0000] {processor.py:183} INFO - Processing /home/airflow/.local/lib/python3.8/site-packages/airflow/example_dags/example_dag_decorator.py took 0.403 seconds
[2025-11-28T07:07:44.089+0000] {processor.py:161} INFO - Started process (PID=1742) to work on /home/airflow/.local/lib/python3.8/site-packages/airflow/example_dags/example_dag_decorator.py
[2025-11-28T07:07:44.091+0000] {processor.py:830} INFO - Processing file /home/airflow/.local/lib/python3.8/site-packages/airflow/example_dags/example_dag_decorator.py for tasks to queue
[2025-11-28T07:07:44.093+0000] {logging_mixin.py:188} INFO - [2025-11-28T07:07:44.093+0000] {dagbag.py:538} INFO - Filling up the DagBag from /home/airflow/.local/lib/python3.8/site-packages/airflow/example_dags/example_dag_decorator.py
[2025-11-28T07:07:44.176+0000] {processor.py:840} INFO - DAG(s) 'example_dag_decorator' retrieved from /home/airflow/.local/lib/python3.8/site-packages/airflow/example_dags/example_dag_decorator.py
[2025-11-28T07:07:44.375+0000] {logging_mixin.py:188} INFO - [2025-11-28T07:07:44.374+0000] {dag.py:3036} INFO - Sync 1 DAGs
[2025-11-28T07:07:44.384+0000] {logging_mixin.py:188} INFO - [2025-11-28T07:07:44.383+0000] {dag.py:3823} INFO - Setting next_dagrun for example_dag_decorator to None, run_after=None
[2025-11-28T07:07:44.405+0000] {processor.py:183} INFO - Processing /home/airflow/.local/lib/python3.8/site-packages/airflow/example_dags/example_dag_decorator.py took 0.318 seconds
[2025-11-28T07:08:14.524+0000] {processor.py:161} INFO - Started process (PID=1797) to work on /home/airflow/.local/lib/python3.8/site-packages/airflow/example_dags/example_dag_decorator.py
[2025-11-28T07:08:14.528+0000] {processor.py:830} INFO - Processing file /home/airflow/.local/lib/python3.8/site-packages/airflow/example_dags/example_dag_decorator.py for tasks to queue
[2025-11-28T07:08:14.534+0000] {logging_mixin.py:188} INFO - [2025-11-28T07:08:14.533+0000] {dagbag.py:538} INFO - Filling up the DagBag from /home/airflow/.local/lib/python3.8/site-packages/airflow/example_dags/example_dag_decorator.py
[2025-11-28T07:08:14.693+0000] {processor.py:840} INFO - DAG(s) 'example_dag_decorator' retrieved from /home/airflow/.local/lib/python3.8/site-packages/airflow/example_dags/example_dag_decorator.py
[2025-11-28T07:08:14.731+0000] {logging_mixin.py:188} INFO - [2025-11-28T07:08:14.731+0000] {dag.py:3036} INFO - Sync 1 DAGs
[2025-11-28T07:08:14.754+0000] {logging_mixin.py:188} INFO - [2025-11-28T07:08:14.753+0000] {dag.py:3823} INFO - Setting next_dagrun for example_dag_decorator to None, run_after=None
[2025-11-28T07:08:14.777+0000] {processor.py:183} INFO - Processing /home/airflow/.local/lib/python3.8/site-packages/airflow/example_dags/example_dag_decorator.py took 0.261 seconds
[2025-11-28T07:08:45.493+0000] {processor.py:161} INFO - Started process (PID=1852) to work on /home/airflow/.local/lib/python3.8/site-packages/airflow/example_dags/example_dag_decorator.py
[2025-11-28T07:08:45.496+0000] {processor.py:830} INFO - Processing file /home/airflow/.local/lib/python3.8/site-packages/airflow/example_dags/example_dag_decorator.py for tasks to queue
[2025-11-28T07:08:45.500+0000] {logging_mixin.py:188} INFO - [2025-11-28T07:08:45.499+0000] {dagbag.py:538} INFO - Filling up the DagBag from /home/airflow/.local/lib/python3.8/site-packages/airflow/example_dags/example_dag_decorator.py
[2025-11-28T07:08:45.596+0000] {processor.py:840} INFO - DAG(s) 'example_dag_decorator' retrieved from /home/airflow/.local/lib/python3.8/site-packages/airflow/example_dags/example_dag_decorator.py
[2025-11-28T07:08:45.867+0000] {logging_mixin.py:188} INFO - [2025-11-28T07:08:45.867+0000] {dag.py:3036} INFO - Sync 1 DAGs
[2025-11-28T07:08:45.878+0000] {logging_mixin.py:188} INFO - [2025-11-28T07:08:45.877+0000] {dag.py:3823} INFO - Setting next_dagrun for example_dag_decorator to None, run_after=None
[2025-11-28T07:08:45.898+0000] {processor.py:183} INFO - Processing /home/airflow/.local/lib/python3.8/site-packages/airflow/example_dags/example_dag_decorator.py took 0.411 seconds
[2025-11-28T07:09:16.303+0000] {processor.py:161} INFO - Started process (PID=1907) to work on /home/airflow/.local/lib/python3.8/site-packages/airflow/example_dags/example_dag_decorator.py
[2025-11-28T07:09:16.305+0000] {processor.py:830} INFO - Processing file /home/airflow/.local/lib/python3.8/site-packages/airflow/example_dags/example_dag_decorator.py for tasks to queue
[2025-11-28T07:09:16.310+0000] {logging_mixin.py:188} INFO - [2025-11-28T07:09:16.309+0000] {dagbag.py:538} INFO - Filling up the DagBag from /home/airflow/.local/lib/python3.8/site-packages/airflow/example_dags/example_dag_decorator.py
[2025-11-28T07:09:16.432+0000] {processor.py:840} INFO - DAG(s) 'example_dag_decorator' retrieved from /home/airflow/.local/lib/python3.8/site-packages/airflow/example_dags/example_dag_decorator.py
[2025-11-28T07:09:16.812+0000] {logging_mixin.py:188} INFO - [2025-11-28T07:09:16.812+0000] {dag.py:3036} INFO - Sync 1 DAGs
[2025-11-28T07:09:16.824+0000] {logging_mixin.py:188} INFO - [2025-11-28T07:09:16.824+0000] {dag.py:3823} INFO - Setting next_dagrun for example_dag_decorator to None, run_after=None
[2025-11-28T07:09:16.861+0000] {processor.py:183} INFO - Processing /home/airflow/.local/lib/python3.8/site-packages/airflow/example_dags/example_dag_decorator.py took 0.564 seconds
[2025-11-28T07:09:47.065+0000] {processor.py:161} INFO - Started process (PID=1965) to work on /home/airflow/.local/lib/python3.8/site-packages/airflow/example_dags/example_dag_decorator.py
[2025-11-28T07:09:47.067+0000] {processor.py:830} INFO - Processing file /home/airflow/.local/lib/python3.8/site-packages/airflow/example_dags/example_dag_decorator.py for tasks to queue
[2025-11-28T07:09:47.069+0000] {logging_mixin.py:188} INFO - [2025-11-28T07:09:47.068+0000] {dagbag.py:538} INFO - Filling up the DagBag from /home/airflow/.local/lib/python3.8/site-packages/airflow/example_dags/example_dag_decorator.py
[2025-11-28T07:09:47.174+0000] {processor.py:840} INFO - DAG(s) 'example_dag_decorator' retrieved from /home/airflow/.local/lib/python3.8/site-packages/airflow/example_dags/example_dag_decorator.py
[2025-11-28T07:09:47.574+0000] {logging_mixin.py:188} INFO - [2025-11-28T07:09:47.574+0000] {dag.py:3036} INFO - Sync 1 DAGs
[2025-11-28T07:09:47.587+0000] {logging_mixin.py:188} INFO - [2025-11-28T07:09:47.586+0000] {dag.py:3823} INFO - Setting next_dagrun for example_dag_decorator to None, run_after=None
[2025-11-28T07:09:47.625+0000] {processor.py:183} INFO - Processing /home/airflow/.local/lib/python3.8/site-packages/airflow/example_dags/example_dag_decorator.py took 0.564 seconds
[2025-11-28T07:10:18.456+0000] {processor.py:161} INFO - Started process (PID=2020) to work on /home/airflow/.local/lib/python3.8/site-packages/airflow/example_dags/example_dag_decorator.py
[2025-11-28T07:10:18.458+0000] {processor.py:830} INFO - Processing file /home/airflow/.local/lib/python3.8/site-packages/airflow/example_dags/example_dag_decorator.py for tasks to queue
[2025-11-28T07:10:18.461+0000] {logging_mixin.py:188} INFO - [2025-11-28T07:10:18.461+0000] {dagbag.py:538} INFO - Filling up the DagBag from /home/airflow/.local/lib/python3.8/site-packages/airflow/example_dags/example_dag_decorator.py
[2025-11-28T07:10:18.577+0000] {processor.py:840} INFO - DAG(s) 'example_dag_decorator' retrieved from /home/airflow/.local/lib/python3.8/site-packages/airflow/example_dags/example_dag_decorator.py
[2025-11-28T07:10:18.814+0000] {logging_mixin.py:188} INFO - [2025-11-28T07:10:18.813+0000] {dag.py:3036} INFO - Sync 1 DAGs
[2025-11-28T07:10:18.824+0000] {logging_mixin.py:188} INFO - [2025-11-28T07:10:18.823+0000] {dag.py:3823} INFO - Setting next_dagrun for example_dag_decorator to None, run_after=None
[2025-11-28T07:10:18.844+0000] {processor.py:183} INFO - Processing /home/airflow/.local/lib/python3.8/site-packages/airflow/example_dags/example_dag_decorator.py took 0.391 seconds
[2025-11-28T07:10:49.028+0000] {processor.py:161} INFO - Started process (PID=2076) to work on /home/airflow/.local/lib/python3.8/site-packages/airflow/example_dags/example_dag_decorator.py
[2025-11-28T07:10:49.036+0000] {processor.py:830} INFO - Processing file /home/airflow/.local/lib/python3.8/site-packages/airflow/example_dags/example_dag_decorator.py for tasks to queue
[2025-11-28T07:10:49.039+0000] {logging_mixin.py:188} INFO - [2025-11-28T07:10:49.039+0000] {dagbag.py:538} INFO - Filling up the DagBag from /home/airflow/.local/lib/python3.8/site-packages/airflow/example_dags/example_dag_decorator.py
[2025-11-28T07:10:49.132+0000] {processor.py:840} INFO - DAG(s) 'example_dag_decorator' retrieved from /home/airflow/.local/lib/python3.8/site-packages/airflow/example_dags/example_dag_decorator.py
[2025-11-28T07:10:49.336+0000] {logging_mixin.py:188} INFO - [2025-11-28T07:10:49.335+0000] {dag.py:3036} INFO - Sync 1 DAGs
[2025-11-28T07:10:49.343+0000] {logging_mixin.py:188} INFO - [2025-11-28T07:10:49.343+0000] {dag.py:3823} INFO - Setting next_dagrun for example_dag_decorator to None, run_after=None
[2025-11-28T07:10:49.377+0000] {processor.py:183} INFO - Processing /home/airflow/.local/lib/python3.8/site-packages/airflow/example_dags/example_dag_decorator.py took 0.353 seconds
[2025-11-28T07:11:20.082+0000] {processor.py:161} INFO - Started process (PID=2131) to work on /home/airflow/.local/lib/python3.8/site-packages/airflow/example_dags/example_dag_decorator.py
[2025-11-28T07:11:20.085+0000] {processor.py:830} INFO - Processing file /home/airflow/.local/lib/python3.8/site-packages/airflow/example_dags/example_dag_decorator.py for tasks to queue
[2025-11-28T07:11:20.088+0000] {logging_mixin.py:188} INFO - [2025-11-28T07:11:20.088+0000] {dagbag.py:538} INFO - Filling up the DagBag from /home/airflow/.local/lib/python3.8/site-packages/airflow/example_dags/example_dag_decorator.py
[2025-11-28T07:11:20.167+0000] {processor.py:840} INFO - DAG(s) 'example_dag_decorator' retrieved from /home/airflow/.local/lib/python3.8/site-packages/airflow/example_dags/example_dag_decorator.py
[2025-11-28T07:11:20.405+0000] {logging_mixin.py:188} INFO - [2025-11-28T07:11:20.404+0000] {dag.py:3036} INFO - Sync 1 DAGs
[2025-11-28T07:11:20.419+0000] {logging_mixin.py:188} INFO - [2025-11-28T07:11:20.419+0000] {dag.py:3823} INFO - Setting next_dagrun for example_dag_decorator to None, run_after=None
[2025-11-28T07:11:20.440+0000] {processor.py:183} INFO - Processing /home/airflow/.local/lib/python3.8/site-packages/airflow/example_dags/example_dag_decorator.py took 0.363 seconds
[2025-11-28T07:11:50.535+0000] {processor.py:161} INFO - Started process (PID=2188) to work on /home/airflow/.local/lib/python3.8/site-packages/airflow/example_dags/example_dag_decorator.py
[2025-11-28T07:11:50.538+0000] {processor.py:830} INFO - Processing file /home/airflow/.local/lib/python3.8/site-packages/airflow/example_dags/example_dag_decorator.py for tasks to queue
[2025-11-28T07:11:50.541+0000] {logging_mixin.py:188} INFO - [2025-11-28T07:11:50.541+0000] {dagbag.py:538} INFO - Filling up the DagBag from /home/airflow/.local/lib/python3.8/site-packages/airflow/example_dags/example_dag_decorator.py
[2025-11-28T07:11:50.628+0000] {processor.py:840} INFO - DAG(s) 'example_dag_decorator' retrieved from /home/airflow/.local/lib/python3.8/site-packages/airflow/example_dags/example_dag_decorator.py
[2025-11-28T07:11:50.801+0000] {logging_mixin.py:188} INFO - [2025-11-28T07:11:50.801+0000] {dag.py:3036} INFO - Sync 1 DAGs
[2025-11-28T07:11:50.808+0000] {logging_mixin.py:188} INFO - [2025-11-28T07:11:50.808+0000] {dag.py:3823} INFO - Setting next_dagrun for example_dag_decorator to None, run_after=None
[2025-11-28T07:11:50.822+0000] {processor.py:183} INFO - Processing /home/airflow/.local/lib/python3.8/site-packages/airflow/example_dags/example_dag_decorator.py took 0.295 seconds
[2025-11-28T07:12:21.352+0000] {processor.py:161} INFO - Started process (PID=2245) to work on /home/airflow/.local/lib/python3.8/site-packages/airflow/example_dags/example_dag_decorator.py
[2025-11-28T07:12:21.353+0000] {processor.py:830} INFO - Processing file /home/airflow/.local/lib/python3.8/site-packages/airflow/example_dags/example_dag_decorator.py for tasks to queue
[2025-11-28T07:12:21.356+0000] {logging_mixin.py:188} INFO - [2025-11-28T07:12:21.355+0000] {dagbag.py:538} INFO - Filling up the DagBag from /home/airflow/.local/lib/python3.8/site-packages/airflow/example_dags/example_dag_decorator.py
[2025-11-28T07:12:21.449+0000] {processor.py:840} INFO - DAG(s) 'example_dag_decorator' retrieved from /home/airflow/.local/lib/python3.8/site-packages/airflow/example_dags/example_dag_decorator.py
[2025-11-28T07:12:21.651+0000] {logging_mixin.py:188} INFO - [2025-11-28T07:12:21.650+0000] {dag.py:3036} INFO - Sync 1 DAGs
[2025-11-28T07:12:21.658+0000] {logging_mixin.py:188} INFO - [2025-11-28T07:12:21.658+0000] {dag.py:3823} INFO - Setting next_dagrun for example_dag_decorator to None, run_after=None
[2025-11-28T07:12:21.675+0000] {processor.py:183} INFO - Processing /home/airflow/.local/lib/python3.8/site-packages/airflow/example_dags/example_dag_decorator.py took 0.327 seconds
[2025-11-28T07:12:51.846+0000] {processor.py:161} INFO - Started process (PID=2300) to work on /home/airflow/.local/lib/python3.8/site-packages/airflow/example_dags/example_dag_decorator.py
[2025-11-28T07:12:51.849+0000] {processor.py:830} INFO - Processing file /home/airflow/.local/lib/python3.8/site-packages/airflow/example_dags/example_dag_decorator.py for tasks to queue
[2025-11-28T07:12:51.851+0000] {logging_mixin.py:188} INFO - [2025-11-28T07:12:51.851+0000] {dagbag.py:538} INFO - Filling up the DagBag from /home/airflow/.local/lib/python3.8/site-packages/airflow/example_dags/example_dag_decorator.py
[2025-11-28T07:12:52.065+0000] {processor.py:840} INFO - DAG(s) 'example_dag_decorator' retrieved from /home/airflow/.local/lib/python3.8/site-packages/airflow/example_dags/example_dag_decorator.py
[2025-11-28T07:12:52.153+0000] {logging_mixin.py:188} INFO - [2025-11-28T07:12:52.153+0000] {dag.py:3036} INFO - Sync 1 DAGs
[2025-11-28T07:12:52.163+0000] {logging_mixin.py:188} INFO - [2025-11-28T07:12:52.162+0000] {dag.py:3823} INFO - Setting next_dagrun for example_dag_decorator to None, run_after=None
[2025-11-28T07:12:52.180+0000] {processor.py:183} INFO - Processing /home/airflow/.local/lib/python3.8/site-packages/airflow/example_dags/example_dag_decorator.py took 0.337 seconds
[2025-11-28T07:13:22.275+0000] {processor.py:161} INFO - Started process (PID=2351) to work on /home/airflow/.local/lib/python3.8/site-packages/airflow/example_dags/example_dag_decorator.py
[2025-11-28T07:13:22.277+0000] {processor.py:830} INFO - Processing file /home/airflow/.local/lib/python3.8/site-packages/airflow/example_dags/example_dag_decorator.py for tasks to queue
[2025-11-28T07:13:22.281+0000] {logging_mixin.py:188} INFO - [2025-11-28T07:13:22.281+0000] {dagbag.py:538} INFO - Filling up the DagBag from /home/airflow/.local/lib/python3.8/site-packages/airflow/example_dags/example_dag_decorator.py
[2025-11-28T07:13:22.492+0000] {processor.py:840} INFO - DAG(s) 'example_dag_decorator' retrieved from /home/airflow/.local/lib/python3.8/site-packages/airflow/example_dags/example_dag_decorator.py
[2025-11-28T07:13:22.561+0000] {logging_mixin.py:188} INFO - [2025-11-28T07:13:22.560+0000] {dag.py:3036} INFO - Sync 1 DAGs
[2025-11-28T07:13:22.569+0000] {logging_mixin.py:188} INFO - [2025-11-28T07:13:22.568+0000] {dag.py:3823} INFO - Setting next_dagrun for example_dag_decorator to None, run_after=None
[2025-11-28T07:13:22.590+0000] {processor.py:183} INFO - Processing /home/airflow/.local/lib/python3.8/site-packages/airflow/example_dags/example_dag_decorator.py took 0.318 seconds
[2025-11-28T07:13:53.041+0000] {processor.py:161} INFO - Started process (PID=2406) to work on /home/airflow/.local/lib/python3.8/site-packages/airflow/example_dags/example_dag_decorator.py
[2025-11-28T07:13:53.044+0000] {processor.py:830} INFO - Processing file /home/airflow/.local/lib/python3.8/site-packages/airflow/example_dags/example_dag_decorator.py for tasks to queue
[2025-11-28T07:13:53.048+0000] {logging_mixin.py:188} INFO - [2025-11-28T07:13:53.047+0000] {dagbag.py:538} INFO - Filling up the DagBag from /home/airflow/.local/lib/python3.8/site-packages/airflow/example_dags/example_dag_decorator.py
[2025-11-28T07:13:53.262+0000] {processor.py:840} INFO - DAG(s) 'example_dag_decorator' retrieved from /home/airflow/.local/lib/python3.8/site-packages/airflow/example_dags/example_dag_decorator.py
[2025-11-28T07:13:53.331+0000] {logging_mixin.py:188} INFO - [2025-11-28T07:13:53.331+0000] {dag.py:3036} INFO - Sync 1 DAGs
[2025-11-28T07:13:53.339+0000] {logging_mixin.py:188} INFO - [2025-11-28T07:13:53.339+0000] {dag.py:3823} INFO - Setting next_dagrun for example_dag_decorator to None, run_after=None
[2025-11-28T07:13:53.358+0000] {processor.py:183} INFO - Processing /home/airflow/.local/lib/python3.8/site-packages/airflow/example_dags/example_dag_decorator.py took 0.323 seconds
[2025-11-28T07:14:23.408+0000] {processor.py:161} INFO - Started process (PID=2462) to work on /home/airflow/.local/lib/python3.8/site-packages/airflow/example_dags/example_dag_decorator.py
[2025-11-28T07:14:23.411+0000] {processor.py:830} INFO - Processing file /home/airflow/.local/lib/python3.8/site-packages/airflow/example_dags/example_dag_decorator.py for tasks to queue
[2025-11-28T07:14:23.415+0000] {logging_mixin.py:188} INFO - [2025-11-28T07:14:23.415+0000] {dagbag.py:538} INFO - Filling up the DagBag from /home/airflow/.local/lib/python3.8/site-packages/airflow/example_dags/example_dag_decorator.py
[2025-11-28T07:14:23.491+0000] {processor.py:840} INFO - DAG(s) 'example_dag_decorator' retrieved from /home/airflow/.local/lib/python3.8/site-packages/airflow/example_dags/example_dag_decorator.py
[2025-11-28T07:14:23.687+0000] {logging_mixin.py:188} INFO - [2025-11-28T07:14:23.686+0000] {dag.py:3036} INFO - Sync 1 DAGs
[2025-11-28T07:14:23.696+0000] {logging_mixin.py:188} INFO - [2025-11-28T07:14:23.696+0000] {dag.py:3823} INFO - Setting next_dagrun for example_dag_decorator to None, run_after=None
[2025-11-28T07:14:23.715+0000] {processor.py:183} INFO - Processing /home/airflow/.local/lib/python3.8/site-packages/airflow/example_dags/example_dag_decorator.py took 0.310 seconds
[2025-11-28T07:14:53.784+0000] {processor.py:161} INFO - Started process (PID=2519) to work on /home/airflow/.local/lib/python3.8/site-packages/airflow/example_dags/example_dag_decorator.py
[2025-11-28T07:14:53.785+0000] {processor.py:830} INFO - Processing file /home/airflow/.local/lib/python3.8/site-packages/airflow/example_dags/example_dag_decorator.py for tasks to queue
[2025-11-28T07:14:53.786+0000] {logging_mixin.py:188} INFO - [2025-11-28T07:14:53.786+0000] {dagbag.py:538} INFO - Filling up the DagBag from /home/airflow/.local/lib/python3.8/site-packages/airflow/example_dags/example_dag_decorator.py
[2025-11-28T07:14:53.867+0000] {processor.py:840} INFO - DAG(s) 'example_dag_decorator' retrieved from /home/airflow/.local/lib/python3.8/site-packages/airflow/example_dags/example_dag_decorator.py
[2025-11-28T07:14:54.093+0000] {logging_mixin.py:188} INFO - [2025-11-28T07:14:54.093+0000] {dag.py:3036} INFO - Sync 1 DAGs
[2025-11-28T07:14:54.103+0000] {logging_mixin.py:188} INFO - [2025-11-28T07:14:54.103+0000] {dag.py:3823} INFO - Setting next_dagrun for example_dag_decorator to None, run_after=None
[2025-11-28T07:14:54.123+0000] {processor.py:183} INFO - Processing /home/airflow/.local/lib/python3.8/site-packages/airflow/example_dags/example_dag_decorator.py took 0.342 seconds
[2025-11-28T07:15:24.585+0000] {processor.py:161} INFO - Started process (PID=2572) to work on /home/airflow/.local/lib/python3.8/site-packages/airflow/example_dags/example_dag_decorator.py
[2025-11-28T07:15:24.587+0000] {processor.py:830} INFO - Processing file /home/airflow/.local/lib/python3.8/site-packages/airflow/example_dags/example_dag_decorator.py for tasks to queue
[2025-11-28T07:15:24.591+0000] {logging_mixin.py:188} INFO - [2025-11-28T07:15:24.590+0000] {dagbag.py:538} INFO - Filling up the DagBag from /home/airflow/.local/lib/python3.8/site-packages/airflow/example_dags/example_dag_decorator.py
[2025-11-28T07:15:24.678+0000] {processor.py:840} INFO - DAG(s) 'example_dag_decorator' retrieved from /home/airflow/.local/lib/python3.8/site-packages/airflow/example_dags/example_dag_decorator.py
[2025-11-28T07:15:24.866+0000] {logging_mixin.py:188} INFO - [2025-11-28T07:15:24.866+0000] {dag.py:3036} INFO - Sync 1 DAGs
[2025-11-28T07:15:24.876+0000] {logging_mixin.py:188} INFO - [2025-11-28T07:15:24.875+0000] {dag.py:3823} INFO - Setting next_dagrun for example_dag_decorator to None, run_after=None
[2025-11-28T07:15:24.896+0000] {processor.py:183} INFO - Processing /home/airflow/.local/lib/python3.8/site-packages/airflow/example_dags/example_dag_decorator.py took 0.318 seconds
[2025-11-28T07:15:55.226+0000] {processor.py:161} INFO - Started process (PID=2627) to work on /home/airflow/.local/lib/python3.8/site-packages/airflow/example_dags/example_dag_decorator.py
[2025-11-28T07:15:55.227+0000] {processor.py:830} INFO - Processing file /home/airflow/.local/lib/python3.8/site-packages/airflow/example_dags/example_dag_decorator.py for tasks to queue
[2025-11-28T07:15:55.229+0000] {logging_mixin.py:188} INFO - [2025-11-28T07:15:55.229+0000] {dagbag.py:538} INFO - Filling up the DagBag from /home/airflow/.local/lib/python3.8/site-packages/airflow/example_dags/example_dag_decorator.py
[2025-11-28T07:15:55.455+0000] {processor.py:840} INFO - DAG(s) 'example_dag_decorator' retrieved from /home/airflow/.local/lib/python3.8/site-packages/airflow/example_dags/example_dag_decorator.py
[2025-11-28T07:15:55.531+0000] {logging_mixin.py:188} INFO - [2025-11-28T07:15:55.531+0000] {dag.py:3036} INFO - Sync 1 DAGs
[2025-11-28T07:15:55.540+0000] {logging_mixin.py:188} INFO - [2025-11-28T07:15:55.539+0000] {dag.py:3823} INFO - Setting next_dagrun for example_dag_decorator to None, run_after=None
[2025-11-28T07:15:55.557+0000] {processor.py:183} INFO - Processing /home/airflow/.local/lib/python3.8/site-packages/airflow/example_dags/example_dag_decorator.py took 0.334 seconds
[2025-11-28T07:16:25.813+0000] {processor.py:161} INFO - Started process (PID=2682) to work on /home/airflow/.local/lib/python3.8/site-packages/airflow/example_dags/example_dag_decorator.py
[2025-11-28T07:16:25.815+0000] {processor.py:830} INFO - Processing file /home/airflow/.local/lib/python3.8/site-packages/airflow/example_dags/example_dag_decorator.py for tasks to queue
[2025-11-28T07:16:25.820+0000] {logging_mixin.py:188} INFO - [2025-11-28T07:16:25.819+0000] {dagbag.py:538} INFO - Filling up the DagBag from /home/airflow/.local/lib/python3.8/site-packages/airflow/example_dags/example_dag_decorator.py
[2025-11-28T07:16:26.026+0000] {processor.py:840} INFO - DAG(s) 'example_dag_decorator' retrieved from /home/airflow/.local/lib/python3.8/site-packages/airflow/example_dags/example_dag_decorator.py
[2025-11-28T07:16:26.046+0000] {logging_mixin.py:188} INFO - [2025-11-28T07:16:26.046+0000] {dag.py:3036} INFO - Sync 1 DAGs
[2025-11-28T07:16:26.055+0000] {logging_mixin.py:188} INFO - [2025-11-28T07:16:26.055+0000] {dag.py:3823} INFO - Setting next_dagrun for example_dag_decorator to None, run_after=None
[2025-11-28T07:16:26.070+0000] {processor.py:183} INFO - Processing /home/airflow/.local/lib/python3.8/site-packages/airflow/example_dags/example_dag_decorator.py took 0.264 seconds
[2025-11-28T07:16:56.200+0000] {processor.py:161} INFO - Started process (PID=2737) to work on /home/airflow/.local/lib/python3.8/site-packages/airflow/example_dags/example_dag_decorator.py
[2025-11-28T07:16:56.201+0000] {processor.py:830} INFO - Processing file /home/airflow/.local/lib/python3.8/site-packages/airflow/example_dags/example_dag_decorator.py for tasks to queue
[2025-11-28T07:16:56.204+0000] {logging_mixin.py:188} INFO - [2025-11-28T07:16:56.203+0000] {dagbag.py:538} INFO - Filling up the DagBag from /home/airflow/.local/lib/python3.8/site-packages/airflow/example_dags/example_dag_decorator.py
[2025-11-28T07:16:56.317+0000] {processor.py:840} INFO - DAG(s) 'example_dag_decorator' retrieved from /home/airflow/.local/lib/python3.8/site-packages/airflow/example_dags/example_dag_decorator.py
[2025-11-28T07:16:56.422+0000] {logging_mixin.py:188} INFO - [2025-11-28T07:16:56.422+0000] {dag.py:3036} INFO - Sync 1 DAGs
[2025-11-28T07:16:56.432+0000] {logging_mixin.py:188} INFO - [2025-11-28T07:16:56.432+0000] {dag.py:3823} INFO - Setting next_dagrun for example_dag_decorator to None, run_after=None
[2025-11-28T07:16:56.450+0000] {processor.py:183} INFO - Processing /home/airflow/.local/lib/python3.8/site-packages/airflow/example_dags/example_dag_decorator.py took 0.254 seconds
[2025-11-28T07:17:26.556+0000] {processor.py:161} INFO - Started process (PID=2793) to work on /home/airflow/.local/lib/python3.8/site-packages/airflow/example_dags/example_dag_decorator.py
[2025-11-28T07:17:26.557+0000] {processor.py:830} INFO - Processing file /home/airflow/.local/lib/python3.8/site-packages/airflow/example_dags/example_dag_decorator.py for tasks to queue
[2025-11-28T07:17:26.558+0000] {logging_mixin.py:188} INFO - [2025-11-28T07:17:26.558+0000] {dagbag.py:538} INFO - Filling up the DagBag from /home/airflow/.local/lib/python3.8/site-packages/airflow/example_dags/example_dag_decorator.py
[2025-11-28T07:17:26.628+0000] {processor.py:840} INFO - DAG(s) 'example_dag_decorator' retrieved from /home/airflow/.local/lib/python3.8/site-packages/airflow/example_dags/example_dag_decorator.py
[2025-11-28T07:17:26.651+0000] {logging_mixin.py:188} INFO - [2025-11-28T07:17:26.651+0000] {dag.py:3036} INFO - Sync 1 DAGs
[2025-11-28T07:17:26.660+0000] {logging_mixin.py:188} INFO - [2025-11-28T07:17:26.660+0000] {dag.py:3823} INFO - Setting next_dagrun for example_dag_decorator to None, run_after=None
[2025-11-28T07:17:26.674+0000] {processor.py:183} INFO - Processing /home/airflow/.local/lib/python3.8/site-packages/airflow/example_dags/example_dag_decorator.py took 0.121 seconds
[2025-11-28T07:17:57.110+0000] {processor.py:161} INFO - Started process (PID=2847) to work on /home/airflow/.local/lib/python3.8/site-packages/airflow/example_dags/example_dag_decorator.py
[2025-11-28T07:17:57.112+0000] {processor.py:830} INFO - Processing file /home/airflow/.local/lib/python3.8/site-packages/airflow/example_dags/example_dag_decorator.py for tasks to queue
[2025-11-28T07:17:57.114+0000] {logging_mixin.py:188} INFO - [2025-11-28T07:17:57.114+0000] {dagbag.py:538} INFO - Filling up the DagBag from /home/airflow/.local/lib/python3.8/site-packages/airflow/example_dags/example_dag_decorator.py
[2025-11-28T07:17:57.208+0000] {processor.py:840} INFO - DAG(s) 'example_dag_decorator' retrieved from /home/airflow/.local/lib/python3.8/site-packages/airflow/example_dags/example_dag_decorator.py
[2025-11-28T07:17:57.228+0000] {logging_mixin.py:188} INFO - [2025-11-28T07:17:57.228+0000] {dag.py:3036} INFO - Sync 1 DAGs
[2025-11-28T07:17:57.241+0000] {logging_mixin.py:188} INFO - [2025-11-28T07:17:57.241+0000] {dag.py:3823} INFO - Setting next_dagrun for example_dag_decorator to None, run_after=None
[2025-11-28T07:17:57.260+0000] {processor.py:183} INFO - Processing /home/airflow/.local/lib/python3.8/site-packages/airflow/example_dags/example_dag_decorator.py took 0.153 seconds
[2025-11-28T07:18:28.140+0000] {processor.py:161} INFO - Started process (PID=2902) to work on /home/airflow/.local/lib/python3.8/site-packages/airflow/example_dags/example_dag_decorator.py
[2025-11-28T07:18:28.142+0000] {processor.py:830} INFO - Processing file /home/airflow/.local/lib/python3.8/site-packages/airflow/example_dags/example_dag_decorator.py for tasks to queue
[2025-11-28T07:18:28.145+0000] {logging_mixin.py:188} INFO - [2025-11-28T07:18:28.145+0000] {dagbag.py:538} INFO - Filling up the DagBag from /home/airflow/.local/lib/python3.8/site-packages/airflow/example_dags/example_dag_decorator.py
[2025-11-28T07:18:28.234+0000] {processor.py:840} INFO - DAG(s) 'example_dag_decorator' retrieved from /home/airflow/.local/lib/python3.8/site-packages/airflow/example_dags/example_dag_decorator.py
[2025-11-28T07:18:28.309+0000] {logging_mixin.py:188} INFO - [2025-11-28T07:18:28.309+0000] {dag.py:3036} INFO - Sync 1 DAGs
[2025-11-28T07:18:28.317+0000] {logging_mixin.py:188} INFO - [2025-11-28T07:18:28.317+0000] {dag.py:3823} INFO - Setting next_dagrun for example_dag_decorator to None, run_after=None
[2025-11-28T07:18:28.334+0000] {processor.py:183} INFO - Processing /home/airflow/.local/lib/python3.8/site-packages/airflow/example_dags/example_dag_decorator.py took 0.198 seconds
[2025-11-28T07:18:58.582+0000] {processor.py:161} INFO - Started process (PID=2957) to work on /home/airflow/.local/lib/python3.8/site-packages/airflow/example_dags/example_dag_decorator.py
[2025-11-28T07:18:58.586+0000] {processor.py:830} INFO - Processing file /home/airflow/.local/lib/python3.8/site-packages/airflow/example_dags/example_dag_decorator.py for tasks to queue
[2025-11-28T07:18:58.593+0000] {logging_mixin.py:188} INFO - [2025-11-28T07:18:58.592+0000] {dagbag.py:538} INFO - Filling up the DagBag from /home/airflow/.local/lib/python3.8/site-packages/airflow/example_dags/example_dag_decorator.py
[2025-11-28T07:18:58.699+0000] {processor.py:840} INFO - DAG(s) 'example_dag_decorator' retrieved from /home/airflow/.local/lib/python3.8/site-packages/airflow/example_dags/example_dag_decorator.py
[2025-11-28T07:18:58.786+0000] {logging_mixin.py:188} INFO - [2025-11-28T07:18:58.785+0000] {dag.py:3036} INFO - Sync 1 DAGs
[2025-11-28T07:18:58.796+0000] {logging_mixin.py:188} INFO - [2025-11-28T07:18:58.796+0000] {dag.py:3823} INFO - Setting next_dagrun for example_dag_decorator to None, run_after=None
[2025-11-28T07:18:58.816+0000] {processor.py:183} INFO - Processing /home/airflow/.local/lib/python3.8/site-packages/airflow/example_dags/example_dag_decorator.py took 0.242 seconds
[2025-11-28T07:19:29.001+0000] {processor.py:161} INFO - Started process (PID=3011) to work on /home/airflow/.local/lib/python3.8/site-packages/airflow/example_dags/example_dag_decorator.py
[2025-11-28T07:19:29.003+0000] {processor.py:830} INFO - Processing file /home/airflow/.local/lib/python3.8/site-packages/airflow/example_dags/example_dag_decorator.py for tasks to queue
[2025-11-28T07:19:29.005+0000] {logging_mixin.py:188} INFO - [2025-11-28T07:19:29.005+0000] {dagbag.py:538} INFO - Filling up the DagBag from /home/airflow/.local/lib/python3.8/site-packages/airflow/example_dags/example_dag_decorator.py
[2025-11-28T07:19:29.107+0000] {processor.py:840} INFO - DAG(s) 'example_dag_decorator' retrieved from /home/airflow/.local/lib/python3.8/site-packages/airflow/example_dags/example_dag_decorator.py
[2025-11-28T07:19:29.135+0000] {logging_mixin.py:188} INFO - [2025-11-28T07:19:29.135+0000] {dag.py:3036} INFO - Sync 1 DAGs
[2025-11-28T07:19:29.154+0000] {logging_mixin.py:188} INFO - [2025-11-28T07:19:29.153+0000] {dag.py:3823} INFO - Setting next_dagrun for example_dag_decorator to None, run_after=None
[2025-11-28T07:19:29.184+0000] {processor.py:183} INFO - Processing /home/airflow/.local/lib/python3.8/site-packages/airflow/example_dags/example_dag_decorator.py took 0.186 seconds
