[2025-11-28T06:52:26.935+0000] {processor.py:161} INFO - Started process (PID=95) to work on /home/airflow/.local/lib/python3.8/site-packages/airflow/example_dags/example_short_circuit_operator.py
[2025-11-28T06:52:26.937+0000] {processor.py:830} INFO - Processing file /home/airflow/.local/lib/python3.8/site-packages/airflow/example_dags/example_short_circuit_operator.py for tasks to queue
[2025-11-28T06:52:26.939+0000] {logging_mixin.py:188} INFO - [2025-11-28T06:52:26.939+0000] {dagbag.py:538} INFO - Filling up the DagBag from /home/airflow/.local/lib/python3.8/site-packages/airflow/example_dags/example_short_circuit_operator.py
[2025-11-28T06:52:26.952+0000] {processor.py:840} INFO - DAG(s) 'example_short_circuit_operator' retrieved from /home/airflow/.local/lib/python3.8/site-packages/airflow/example_dags/example_short_circuit_operator.py
[2025-11-28T06:52:27.074+0000] {logging_mixin.py:188} INFO - [2025-11-28T06:52:27.074+0000] {override.py:1769} INFO - Created Permission View: can edit on DAG:example_short_circuit_operator
[2025-11-28T06:52:27.085+0000] {logging_mixin.py:188} INFO - [2025-11-28T06:52:27.085+0000] {override.py:1769} INFO - Created Permission View: can delete on DAG:example_short_circuit_operator
[2025-11-28T06:52:27.092+0000] {logging_mixin.py:188} INFO - [2025-11-28T06:52:27.091+0000] {override.py:1769} INFO - Created Permission View: can read on DAG:example_short_circuit_operator
[2025-11-28T06:52:27.092+0000] {logging_mixin.py:188} INFO - [2025-11-28T06:52:27.092+0000] {dag.py:3036} INFO - Sync 1 DAGs
[2025-11-28T06:52:27.103+0000] {logging_mixin.py:188} INFO - [2025-11-28T06:52:27.102+0000] {dag.py:3058} INFO - Creating ORM DAG for example_short_circuit_operator
[2025-11-28T06:52:27.113+0000] {logging_mixin.py:188} INFO - [2025-11-28T06:52:27.113+0000] {dag.py:3823} INFO - Setting next_dagrun for example_short_circuit_operator to 2025-11-27 00:00:00+00:00, run_after=2025-11-28 00:00:00+00:00
[2025-11-28T06:52:27.134+0000] {processor.py:183} INFO - Processing /home/airflow/.local/lib/python3.8/site-packages/airflow/example_dags/example_short_circuit_operator.py took 0.203 seconds
[2025-11-28T06:52:57.241+0000] {processor.py:161} INFO - Started process (PID=150) to work on /home/airflow/.local/lib/python3.8/site-packages/airflow/example_dags/example_short_circuit_operator.py
[2025-11-28T06:52:57.243+0000] {processor.py:830} INFO - Processing file /home/airflow/.local/lib/python3.8/site-packages/airflow/example_dags/example_short_circuit_operator.py for tasks to queue
[2025-11-28T06:52:57.246+0000] {logging_mixin.py:188} INFO - [2025-11-28T06:52:57.245+0000] {dagbag.py:538} INFO - Filling up the DagBag from /home/airflow/.local/lib/python3.8/site-packages/airflow/example_dags/example_short_circuit_operator.py
[2025-11-28T06:52:57.255+0000] {processor.py:840} INFO - DAG(s) 'example_short_circuit_operator' retrieved from /home/airflow/.local/lib/python3.8/site-packages/airflow/example_dags/example_short_circuit_operator.py
[2025-11-28T06:52:57.280+0000] {logging_mixin.py:188} INFO - [2025-11-28T06:52:57.277+0000] {dag.py:3036} INFO - Sync 1 DAGs
[2025-11-28T06:52:57.306+0000] {logging_mixin.py:188} INFO - [2025-11-28T06:52:57.306+0000] {dag.py:3823} INFO - Setting next_dagrun for example_short_circuit_operator to 2025-11-27 00:00:00+00:00, run_after=2025-11-28 00:00:00+00:00
[2025-11-28T06:52:57.345+0000] {processor.py:183} INFO - Processing /home/airflow/.local/lib/python3.8/site-packages/airflow/example_dags/example_short_circuit_operator.py took 0.108 seconds
[2025-11-28T06:53:27.866+0000] {processor.py:161} INFO - Started process (PID=205) to work on /home/airflow/.local/lib/python3.8/site-packages/airflow/example_dags/example_short_circuit_operator.py
[2025-11-28T06:53:27.867+0000] {processor.py:830} INFO - Processing file /home/airflow/.local/lib/python3.8/site-packages/airflow/example_dags/example_short_circuit_operator.py for tasks to queue
[2025-11-28T06:53:27.871+0000] {logging_mixin.py:188} INFO - [2025-11-28T06:53:27.871+0000] {dagbag.py:538} INFO - Filling up the DagBag from /home/airflow/.local/lib/python3.8/site-packages/airflow/example_dags/example_short_circuit_operator.py
[2025-11-28T06:53:27.877+0000] {processor.py:840} INFO - DAG(s) 'example_short_circuit_operator' retrieved from /home/airflow/.local/lib/python3.8/site-packages/airflow/example_dags/example_short_circuit_operator.py
[2025-11-28T06:53:27.900+0000] {logging_mixin.py:188} INFO - [2025-11-28T06:53:27.900+0000] {dag.py:3036} INFO - Sync 1 DAGs
[2025-11-28T06:53:27.925+0000] {logging_mixin.py:188} INFO - [2025-11-28T06:53:27.925+0000] {dag.py:3823} INFO - Setting next_dagrun for example_short_circuit_operator to 2025-11-27 00:00:00+00:00, run_after=2025-11-28 00:00:00+00:00
[2025-11-28T06:53:27.946+0000] {processor.py:183} INFO - Processing /home/airflow/.local/lib/python3.8/site-packages/airflow/example_dags/example_short_circuit_operator.py took 0.084 seconds
[2025-11-28T06:53:58.344+0000] {processor.py:161} INFO - Started process (PID=260) to work on /home/airflow/.local/lib/python3.8/site-packages/airflow/example_dags/example_short_circuit_operator.py
[2025-11-28T06:53:58.346+0000] {processor.py:830} INFO - Processing file /home/airflow/.local/lib/python3.8/site-packages/airflow/example_dags/example_short_circuit_operator.py for tasks to queue
[2025-11-28T06:53:58.348+0000] {logging_mixin.py:188} INFO - [2025-11-28T06:53:58.348+0000] {dagbag.py:538} INFO - Filling up the DagBag from /home/airflow/.local/lib/python3.8/site-packages/airflow/example_dags/example_short_circuit_operator.py
[2025-11-28T06:53:58.356+0000] {processor.py:840} INFO - DAG(s) 'example_short_circuit_operator' retrieved from /home/airflow/.local/lib/python3.8/site-packages/airflow/example_dags/example_short_circuit_operator.py
[2025-11-28T06:53:58.382+0000] {logging_mixin.py:188} INFO - [2025-11-28T06:53:58.381+0000] {dag.py:3036} INFO - Sync 1 DAGs
[2025-11-28T06:53:58.402+0000] {logging_mixin.py:188} INFO - [2025-11-28T06:53:58.402+0000] {dag.py:3823} INFO - Setting next_dagrun for example_short_circuit_operator to 2025-11-27 00:00:00+00:00, run_after=2025-11-28 00:00:00+00:00
[2025-11-28T06:53:58.422+0000] {processor.py:183} INFO - Processing /home/airflow/.local/lib/python3.8/site-packages/airflow/example_dags/example_short_circuit_operator.py took 0.080 seconds
[2025-11-28T06:54:28.490+0000] {processor.py:161} INFO - Started process (PID=315) to work on /home/airflow/.local/lib/python3.8/site-packages/airflow/example_dags/example_short_circuit_operator.py
[2025-11-28T06:54:28.491+0000] {processor.py:830} INFO - Processing file /home/airflow/.local/lib/python3.8/site-packages/airflow/example_dags/example_short_circuit_operator.py for tasks to queue
[2025-11-28T06:54:28.493+0000] {logging_mixin.py:188} INFO - [2025-11-28T06:54:28.493+0000] {dagbag.py:538} INFO - Filling up the DagBag from /home/airflow/.local/lib/python3.8/site-packages/airflow/example_dags/example_short_circuit_operator.py
[2025-11-28T06:54:28.499+0000] {processor.py:840} INFO - DAG(s) 'example_short_circuit_operator' retrieved from /home/airflow/.local/lib/python3.8/site-packages/airflow/example_dags/example_short_circuit_operator.py
[2025-11-28T06:54:28.517+0000] {logging_mixin.py:188} INFO - [2025-11-28T06:54:28.517+0000] {dag.py:3036} INFO - Sync 1 DAGs
[2025-11-28T06:54:28.536+0000] {logging_mixin.py:188} INFO - [2025-11-28T06:54:28.536+0000] {dag.py:3823} INFO - Setting next_dagrun for example_short_circuit_operator to 2025-11-27 00:00:00+00:00, run_after=2025-11-28 00:00:00+00:00
[2025-11-28T06:54:28.550+0000] {processor.py:183} INFO - Processing /home/airflow/.local/lib/python3.8/site-packages/airflow/example_dags/example_short_circuit_operator.py took 0.063 seconds
[2025-11-28T06:54:59.162+0000] {processor.py:161} INFO - Started process (PID=370) to work on /home/airflow/.local/lib/python3.8/site-packages/airflow/example_dags/example_short_circuit_operator.py
[2025-11-28T06:54:59.163+0000] {processor.py:830} INFO - Processing file /home/airflow/.local/lib/python3.8/site-packages/airflow/example_dags/example_short_circuit_operator.py for tasks to queue
[2025-11-28T06:54:59.165+0000] {logging_mixin.py:188} INFO - [2025-11-28T06:54:59.165+0000] {dagbag.py:538} INFO - Filling up the DagBag from /home/airflow/.local/lib/python3.8/site-packages/airflow/example_dags/example_short_circuit_operator.py
[2025-11-28T06:54:59.172+0000] {processor.py:840} INFO - DAG(s) 'example_short_circuit_operator' retrieved from /home/airflow/.local/lib/python3.8/site-packages/airflow/example_dags/example_short_circuit_operator.py
[2025-11-28T06:54:59.185+0000] {logging_mixin.py:188} INFO - [2025-11-28T06:54:59.185+0000] {dag.py:3036} INFO - Sync 1 DAGs
[2025-11-28T06:54:59.205+0000] {logging_mixin.py:188} INFO - [2025-11-28T06:54:59.205+0000] {dag.py:3823} INFO - Setting next_dagrun for example_short_circuit_operator to 2025-11-27 00:00:00+00:00, run_after=2025-11-28 00:00:00+00:00
[2025-11-28T06:54:59.224+0000] {processor.py:183} INFO - Processing /home/airflow/.local/lib/python3.8/site-packages/airflow/example_dags/example_short_circuit_operator.py took 0.064 seconds
[2025-11-28T06:55:29.651+0000] {processor.py:161} INFO - Started process (PID=425) to work on /home/airflow/.local/lib/python3.8/site-packages/airflow/example_dags/example_short_circuit_operator.py
[2025-11-28T06:55:29.652+0000] {processor.py:830} INFO - Processing file /home/airflow/.local/lib/python3.8/site-packages/airflow/example_dags/example_short_circuit_operator.py for tasks to queue
[2025-11-28T06:55:29.654+0000] {logging_mixin.py:188} INFO - [2025-11-28T06:55:29.654+0000] {dagbag.py:538} INFO - Filling up the DagBag from /home/airflow/.local/lib/python3.8/site-packages/airflow/example_dags/example_short_circuit_operator.py
[2025-11-28T06:55:29.661+0000] {processor.py:840} INFO - DAG(s) 'example_short_circuit_operator' retrieved from /home/airflow/.local/lib/python3.8/site-packages/airflow/example_dags/example_short_circuit_operator.py
[2025-11-28T06:55:29.755+0000] {logging_mixin.py:188} INFO - [2025-11-28T06:55:29.755+0000] {dag.py:3036} INFO - Sync 1 DAGs
[2025-11-28T06:55:29.774+0000] {logging_mixin.py:188} INFO - [2025-11-28T06:55:29.774+0000] {dag.py:3823} INFO - Setting next_dagrun for example_short_circuit_operator to 2025-11-27 00:00:00+00:00, run_after=2025-11-28 00:00:00+00:00
[2025-11-28T06:55:29.793+0000] {processor.py:183} INFO - Processing /home/airflow/.local/lib/python3.8/site-packages/airflow/example_dags/example_short_circuit_operator.py took 0.145 seconds
[2025-11-28T06:56:00.580+0000] {processor.py:161} INFO - Started process (PID=480) to work on /home/airflow/.local/lib/python3.8/site-packages/airflow/example_dags/example_short_circuit_operator.py
[2025-11-28T06:56:00.581+0000] {processor.py:830} INFO - Processing file /home/airflow/.local/lib/python3.8/site-packages/airflow/example_dags/example_short_circuit_operator.py for tasks to queue
[2025-11-28T06:56:00.583+0000] {logging_mixin.py:188} INFO - [2025-11-28T06:56:00.583+0000] {dagbag.py:538} INFO - Filling up the DagBag from /home/airflow/.local/lib/python3.8/site-packages/airflow/example_dags/example_short_circuit_operator.py
[2025-11-28T06:56:00.590+0000] {processor.py:840} INFO - DAG(s) 'example_short_circuit_operator' retrieved from /home/airflow/.local/lib/python3.8/site-packages/airflow/example_dags/example_short_circuit_operator.py
[2025-11-28T06:56:00.617+0000] {logging_mixin.py:188} INFO - [2025-11-28T06:56:00.616+0000] {dag.py:3036} INFO - Sync 1 DAGs
[2025-11-28T06:56:00.635+0000] {logging_mixin.py:188} INFO - [2025-11-28T06:56:00.635+0000] {dag.py:3823} INFO - Setting next_dagrun for example_short_circuit_operator to 2025-11-27 00:00:00+00:00, run_after=2025-11-28 00:00:00+00:00
[2025-11-28T06:56:00.656+0000] {processor.py:183} INFO - Processing /home/airflow/.local/lib/python3.8/site-packages/airflow/example_dags/example_short_circuit_operator.py took 0.078 seconds
[2025-11-28T06:56:30.940+0000] {processor.py:161} INFO - Started process (PID=535) to work on /home/airflow/.local/lib/python3.8/site-packages/airflow/example_dags/example_short_circuit_operator.py
[2025-11-28T06:56:30.941+0000] {processor.py:830} INFO - Processing file /home/airflow/.local/lib/python3.8/site-packages/airflow/example_dags/example_short_circuit_operator.py for tasks to queue
[2025-11-28T06:56:30.945+0000] {logging_mixin.py:188} INFO - [2025-11-28T06:56:30.944+0000] {dagbag.py:538} INFO - Filling up the DagBag from /home/airflow/.local/lib/python3.8/site-packages/airflow/example_dags/example_short_circuit_operator.py
[2025-11-28T06:56:30.954+0000] {processor.py:840} INFO - DAG(s) 'example_short_circuit_operator' retrieved from /home/airflow/.local/lib/python3.8/site-packages/airflow/example_dags/example_short_circuit_operator.py
[2025-11-28T06:56:30.983+0000] {logging_mixin.py:188} INFO - [2025-11-28T06:56:30.982+0000] {dag.py:3036} INFO - Sync 1 DAGs
[2025-11-28T06:56:31.007+0000] {logging_mixin.py:188} INFO - [2025-11-28T06:56:31.007+0000] {dag.py:3823} INFO - Setting next_dagrun for example_short_circuit_operator to 2025-11-27 00:00:00+00:00, run_after=2025-11-28 00:00:00+00:00
[2025-11-28T06:56:31.026+0000] {processor.py:183} INFO - Processing /home/airflow/.local/lib/python3.8/site-packages/airflow/example_dags/example_short_circuit_operator.py took 0.090 seconds
[2025-11-28T06:57:01.363+0000] {processor.py:161} INFO - Started process (PID=590) to work on /home/airflow/.local/lib/python3.8/site-packages/airflow/example_dags/example_short_circuit_operator.py
[2025-11-28T06:57:01.364+0000] {processor.py:830} INFO - Processing file /home/airflow/.local/lib/python3.8/site-packages/airflow/example_dags/example_short_circuit_operator.py for tasks to queue
[2025-11-28T06:57:01.366+0000] {logging_mixin.py:188} INFO - [2025-11-28T06:57:01.366+0000] {dagbag.py:538} INFO - Filling up the DagBag from /home/airflow/.local/lib/python3.8/site-packages/airflow/example_dags/example_short_circuit_operator.py
[2025-11-28T06:57:01.374+0000] {processor.py:840} INFO - DAG(s) 'example_short_circuit_operator' retrieved from /home/airflow/.local/lib/python3.8/site-packages/airflow/example_dags/example_short_circuit_operator.py
[2025-11-28T06:57:01.394+0000] {logging_mixin.py:188} INFO - [2025-11-28T06:57:01.393+0000] {dag.py:3036} INFO - Sync 1 DAGs
[2025-11-28T06:57:01.414+0000] {logging_mixin.py:188} INFO - [2025-11-28T06:57:01.413+0000] {dag.py:3823} INFO - Setting next_dagrun for example_short_circuit_operator to 2025-11-27 00:00:00+00:00, run_after=2025-11-28 00:00:00+00:00
[2025-11-28T06:57:01.433+0000] {processor.py:183} INFO - Processing /home/airflow/.local/lib/python3.8/site-packages/airflow/example_dags/example_short_circuit_operator.py took 0.072 seconds
[2025-11-28T06:57:31.926+0000] {processor.py:161} INFO - Started process (PID=645) to work on /home/airflow/.local/lib/python3.8/site-packages/airflow/example_dags/example_short_circuit_operator.py
[2025-11-28T06:57:31.927+0000] {processor.py:830} INFO - Processing file /home/airflow/.local/lib/python3.8/site-packages/airflow/example_dags/example_short_circuit_operator.py for tasks to queue
[2025-11-28T06:57:31.929+0000] {logging_mixin.py:188} INFO - [2025-11-28T06:57:31.928+0000] {dagbag.py:538} INFO - Filling up the DagBag from /home/airflow/.local/lib/python3.8/site-packages/airflow/example_dags/example_short_circuit_operator.py
[2025-11-28T06:57:31.936+0000] {processor.py:840} INFO - DAG(s) 'example_short_circuit_operator' retrieved from /home/airflow/.local/lib/python3.8/site-packages/airflow/example_dags/example_short_circuit_operator.py
[2025-11-28T06:57:31.958+0000] {logging_mixin.py:188} INFO - [2025-11-28T06:57:31.958+0000] {dag.py:3036} INFO - Sync 1 DAGs
[2025-11-28T06:57:31.977+0000] {logging_mixin.py:188} INFO - [2025-11-28T06:57:31.977+0000] {dag.py:3823} INFO - Setting next_dagrun for example_short_circuit_operator to 2025-11-27 00:00:00+00:00, run_after=2025-11-28 00:00:00+00:00
[2025-11-28T06:57:31.993+0000] {processor.py:183} INFO - Processing /home/airflow/.local/lib/python3.8/site-packages/airflow/example_dags/example_short_circuit_operator.py took 0.069 seconds
[2025-11-28T06:58:02.776+0000] {processor.py:161} INFO - Started process (PID=700) to work on /home/airflow/.local/lib/python3.8/site-packages/airflow/example_dags/example_short_circuit_operator.py
[2025-11-28T06:58:02.778+0000] {processor.py:830} INFO - Processing file /home/airflow/.local/lib/python3.8/site-packages/airflow/example_dags/example_short_circuit_operator.py for tasks to queue
[2025-11-28T06:58:02.781+0000] {logging_mixin.py:188} INFO - [2025-11-28T06:58:02.780+0000] {dagbag.py:538} INFO - Filling up the DagBag from /home/airflow/.local/lib/python3.8/site-packages/airflow/example_dags/example_short_circuit_operator.py
[2025-11-28T06:58:02.790+0000] {processor.py:840} INFO - DAG(s) 'example_short_circuit_operator' retrieved from /home/airflow/.local/lib/python3.8/site-packages/airflow/example_dags/example_short_circuit_operator.py
[2025-11-28T06:58:02.817+0000] {logging_mixin.py:188} INFO - [2025-11-28T06:58:02.817+0000] {dag.py:3036} INFO - Sync 1 DAGs
[2025-11-28T06:58:02.842+0000] {logging_mixin.py:188} INFO - [2025-11-28T06:58:02.842+0000] {dag.py:3823} INFO - Setting next_dagrun for example_short_circuit_operator to 2025-11-27 00:00:00+00:00, run_after=2025-11-28 00:00:00+00:00
[2025-11-28T06:58:02.867+0000] {processor.py:183} INFO - Processing /home/airflow/.local/lib/python3.8/site-packages/airflow/example_dags/example_short_circuit_operator.py took 0.095 seconds
[2025-11-28T06:58:33.198+0000] {processor.py:161} INFO - Started process (PID=755) to work on /home/airflow/.local/lib/python3.8/site-packages/airflow/example_dags/example_short_circuit_operator.py
[2025-11-28T06:58:33.199+0000] {processor.py:830} INFO - Processing file /home/airflow/.local/lib/python3.8/site-packages/airflow/example_dags/example_short_circuit_operator.py for tasks to queue
[2025-11-28T06:58:33.201+0000] {logging_mixin.py:188} INFO - [2025-11-28T06:58:33.201+0000] {dagbag.py:538} INFO - Filling up the DagBag from /home/airflow/.local/lib/python3.8/site-packages/airflow/example_dags/example_short_circuit_operator.py
[2025-11-28T06:58:33.208+0000] {processor.py:840} INFO - DAG(s) 'example_short_circuit_operator' retrieved from /home/airflow/.local/lib/python3.8/site-packages/airflow/example_dags/example_short_circuit_operator.py
[2025-11-28T06:58:33.227+0000] {logging_mixin.py:188} INFO - [2025-11-28T06:58:33.227+0000] {dag.py:3036} INFO - Sync 1 DAGs
[2025-11-28T06:58:33.245+0000] {logging_mixin.py:188} INFO - [2025-11-28T06:58:33.245+0000] {dag.py:3823} INFO - Setting next_dagrun for example_short_circuit_operator to 2025-11-27 00:00:00+00:00, run_after=2025-11-28 00:00:00+00:00
[2025-11-28T06:58:33.263+0000] {processor.py:183} INFO - Processing /home/airflow/.local/lib/python3.8/site-packages/airflow/example_dags/example_short_circuit_operator.py took 0.069 seconds
[2025-11-28T06:59:03.753+0000] {processor.py:161} INFO - Started process (PID=810) to work on /home/airflow/.local/lib/python3.8/site-packages/airflow/example_dags/example_short_circuit_operator.py
[2025-11-28T06:59:03.758+0000] {processor.py:830} INFO - Processing file /home/airflow/.local/lib/python3.8/site-packages/airflow/example_dags/example_short_circuit_operator.py for tasks to queue
[2025-11-28T06:59:03.761+0000] {logging_mixin.py:188} INFO - [2025-11-28T06:59:03.760+0000] {dagbag.py:538} INFO - Filling up the DagBag from /home/airflow/.local/lib/python3.8/site-packages/airflow/example_dags/example_short_circuit_operator.py
[2025-11-28T06:59:03.770+0000] {processor.py:840} INFO - DAG(s) 'example_short_circuit_operator' retrieved from /home/airflow/.local/lib/python3.8/site-packages/airflow/example_dags/example_short_circuit_operator.py
[2025-11-28T06:59:03.802+0000] {logging_mixin.py:188} INFO - [2025-11-28T06:59:03.802+0000] {dag.py:3036} INFO - Sync 1 DAGs
[2025-11-28T06:59:03.826+0000] {logging_mixin.py:188} INFO - [2025-11-28T06:59:03.825+0000] {dag.py:3823} INFO - Setting next_dagrun for example_short_circuit_operator to 2025-11-27 00:00:00+00:00, run_after=2025-11-28 00:00:00+00:00
[2025-11-28T06:59:03.856+0000] {processor.py:183} INFO - Processing /home/airflow/.local/lib/python3.8/site-packages/airflow/example_dags/example_short_circuit_operator.py took 0.113 seconds
[2025-11-28T06:59:34.265+0000] {processor.py:161} INFO - Started process (PID=865) to work on /home/airflow/.local/lib/python3.8/site-packages/airflow/example_dags/example_short_circuit_operator.py
[2025-11-28T06:59:34.266+0000] {processor.py:830} INFO - Processing file /home/airflow/.local/lib/python3.8/site-packages/airflow/example_dags/example_short_circuit_operator.py for tasks to queue
[2025-11-28T06:59:34.268+0000] {logging_mixin.py:188} INFO - [2025-11-28T06:59:34.268+0000] {dagbag.py:538} INFO - Filling up the DagBag from /home/airflow/.local/lib/python3.8/site-packages/airflow/example_dags/example_short_circuit_operator.py
[2025-11-28T06:59:34.275+0000] {processor.py:840} INFO - DAG(s) 'example_short_circuit_operator' retrieved from /home/airflow/.local/lib/python3.8/site-packages/airflow/example_dags/example_short_circuit_operator.py
[2025-11-28T06:59:34.295+0000] {logging_mixin.py:188} INFO - [2025-11-28T06:59:34.295+0000] {dag.py:3036} INFO - Sync 1 DAGs
[2025-11-28T06:59:34.311+0000] {logging_mixin.py:188} INFO - [2025-11-28T06:59:34.311+0000] {dag.py:3823} INFO - Setting next_dagrun for example_short_circuit_operator to 2025-11-27 00:00:00+00:00, run_after=2025-11-28 00:00:00+00:00
[2025-11-28T06:59:34.324+0000] {processor.py:183} INFO - Processing /home/airflow/.local/lib/python3.8/site-packages/airflow/example_dags/example_short_circuit_operator.py took 0.062 seconds
[2025-11-28T07:00:04.463+0000] {processor.py:161} INFO - Started process (PID=920) to work on /home/airflow/.local/lib/python3.8/site-packages/airflow/example_dags/example_short_circuit_operator.py
[2025-11-28T07:00:04.464+0000] {processor.py:830} INFO - Processing file /home/airflow/.local/lib/python3.8/site-packages/airflow/example_dags/example_short_circuit_operator.py for tasks to queue
[2025-11-28T07:00:04.466+0000] {logging_mixin.py:188} INFO - [2025-11-28T07:00:04.466+0000] {dagbag.py:538} INFO - Filling up the DagBag from /home/airflow/.local/lib/python3.8/site-packages/airflow/example_dags/example_short_circuit_operator.py
[2025-11-28T07:00:04.472+0000] {processor.py:840} INFO - DAG(s) 'example_short_circuit_operator' retrieved from /home/airflow/.local/lib/python3.8/site-packages/airflow/example_dags/example_short_circuit_operator.py
[2025-11-28T07:00:04.492+0000] {logging_mixin.py:188} INFO - [2025-11-28T07:00:04.492+0000] {dag.py:3036} INFO - Sync 1 DAGs
[2025-11-28T07:00:04.508+0000] {logging_mixin.py:188} INFO - [2025-11-28T07:00:04.508+0000] {dag.py:3823} INFO - Setting next_dagrun for example_short_circuit_operator to 2025-11-27 00:00:00+00:00, run_after=2025-11-28 00:00:00+00:00
[2025-11-28T07:00:04.521+0000] {processor.py:183} INFO - Processing /home/airflow/.local/lib/python3.8/site-packages/airflow/example_dags/example_short_circuit_operator.py took 0.061 seconds
[2025-11-28T07:00:35.218+0000] {processor.py:161} INFO - Started process (PID=975) to work on /home/airflow/.local/lib/python3.8/site-packages/airflow/example_dags/example_short_circuit_operator.py
[2025-11-28T07:00:35.219+0000] {processor.py:830} INFO - Processing file /home/airflow/.local/lib/python3.8/site-packages/airflow/example_dags/example_short_circuit_operator.py for tasks to queue
[2025-11-28T07:00:35.223+0000] {logging_mixin.py:188} INFO - [2025-11-28T07:00:35.223+0000] {dagbag.py:538} INFO - Filling up the DagBag from /home/airflow/.local/lib/python3.8/site-packages/airflow/example_dags/example_short_circuit_operator.py
[2025-11-28T07:00:35.230+0000] {processor.py:840} INFO - DAG(s) 'example_short_circuit_operator' retrieved from /home/airflow/.local/lib/python3.8/site-packages/airflow/example_dags/example_short_circuit_operator.py
[2025-11-28T07:00:35.262+0000] {logging_mixin.py:188} INFO - [2025-11-28T07:00:35.262+0000] {dag.py:3036} INFO - Sync 1 DAGs
[2025-11-28T07:00:35.295+0000] {logging_mixin.py:188} INFO - [2025-11-28T07:00:35.295+0000] {dag.py:3823} INFO - Setting next_dagrun for example_short_circuit_operator to 2025-11-27 00:00:00+00:00, run_after=2025-11-28 00:00:00+00:00
[2025-11-28T07:00:35.319+0000] {processor.py:183} INFO - Processing /home/airflow/.local/lib/python3.8/site-packages/airflow/example_dags/example_short_circuit_operator.py took 0.106 seconds
[2025-11-28T07:01:05.754+0000] {processor.py:161} INFO - Started process (PID=1030) to work on /home/airflow/.local/lib/python3.8/site-packages/airflow/example_dags/example_short_circuit_operator.py
[2025-11-28T07:01:05.755+0000] {processor.py:830} INFO - Processing file /home/airflow/.local/lib/python3.8/site-packages/airflow/example_dags/example_short_circuit_operator.py for tasks to queue
[2025-11-28T07:01:05.758+0000] {logging_mixin.py:188} INFO - [2025-11-28T07:01:05.758+0000] {dagbag.py:538} INFO - Filling up the DagBag from /home/airflow/.local/lib/python3.8/site-packages/airflow/example_dags/example_short_circuit_operator.py
[2025-11-28T07:01:05.772+0000] {processor.py:840} INFO - DAG(s) 'example_short_circuit_operator' retrieved from /home/airflow/.local/lib/python3.8/site-packages/airflow/example_dags/example_short_circuit_operator.py
[2025-11-28T07:01:05.800+0000] {logging_mixin.py:188} INFO - [2025-11-28T07:01:05.799+0000] {dag.py:3036} INFO - Sync 1 DAGs
[2025-11-28T07:01:05.828+0000] {logging_mixin.py:188} INFO - [2025-11-28T07:01:05.828+0000] {dag.py:3823} INFO - Setting next_dagrun for example_short_circuit_operator to 2025-11-27 00:00:00+00:00, run_after=2025-11-28 00:00:00+00:00
[2025-11-28T07:01:05.847+0000] {processor.py:183} INFO - Processing /home/airflow/.local/lib/python3.8/site-packages/airflow/example_dags/example_short_circuit_operator.py took 0.099 seconds
[2025-11-28T07:01:36.107+0000] {processor.py:161} INFO - Started process (PID=1084) to work on /home/airflow/.local/lib/python3.8/site-packages/airflow/example_dags/example_short_circuit_operator.py
[2025-11-28T07:01:36.108+0000] {processor.py:830} INFO - Processing file /home/airflow/.local/lib/python3.8/site-packages/airflow/example_dags/example_short_circuit_operator.py for tasks to queue
[2025-11-28T07:01:36.112+0000] {logging_mixin.py:188} INFO - [2025-11-28T07:01:36.112+0000] {dagbag.py:538} INFO - Filling up the DagBag from /home/airflow/.local/lib/python3.8/site-packages/airflow/example_dags/example_short_circuit_operator.py
[2025-11-28T07:01:36.120+0000] {processor.py:840} INFO - DAG(s) 'example_short_circuit_operator' retrieved from /home/airflow/.local/lib/python3.8/site-packages/airflow/example_dags/example_short_circuit_operator.py
[2025-11-28T07:01:36.148+0000] {logging_mixin.py:188} INFO - [2025-11-28T07:01:36.148+0000] {dag.py:3036} INFO - Sync 1 DAGs
[2025-11-28T07:01:36.169+0000] {logging_mixin.py:188} INFO - [2025-11-28T07:01:36.169+0000] {dag.py:3823} INFO - Setting next_dagrun for example_short_circuit_operator to 2025-11-27 00:00:00+00:00, run_after=2025-11-28 00:00:00+00:00
[2025-11-28T07:01:36.190+0000] {processor.py:183} INFO - Processing /home/airflow/.local/lib/python3.8/site-packages/airflow/example_dags/example_short_circuit_operator.py took 0.086 seconds
[2025-11-28T07:02:07.021+0000] {processor.py:161} INFO - Started process (PID=1139) to work on /home/airflow/.local/lib/python3.8/site-packages/airflow/example_dags/example_short_circuit_operator.py
[2025-11-28T07:02:07.023+0000] {processor.py:830} INFO - Processing file /home/airflow/.local/lib/python3.8/site-packages/airflow/example_dags/example_short_circuit_operator.py for tasks to queue
[2025-11-28T07:02:07.026+0000] {logging_mixin.py:188} INFO - [2025-11-28T07:02:07.025+0000] {dagbag.py:538} INFO - Filling up the DagBag from /home/airflow/.local/lib/python3.8/site-packages/airflow/example_dags/example_short_circuit_operator.py
[2025-11-28T07:02:07.036+0000] {processor.py:840} INFO - DAG(s) 'example_short_circuit_operator' retrieved from /home/airflow/.local/lib/python3.8/site-packages/airflow/example_dags/example_short_circuit_operator.py
[2025-11-28T07:02:07.057+0000] {logging_mixin.py:188} INFO - [2025-11-28T07:02:07.057+0000] {dag.py:3036} INFO - Sync 1 DAGs
[2025-11-28T07:02:07.075+0000] {logging_mixin.py:188} INFO - [2025-11-28T07:02:07.075+0000] {dag.py:3823} INFO - Setting next_dagrun for example_short_circuit_operator to 2025-11-27 00:00:00+00:00, run_after=2025-11-28 00:00:00+00:00
[2025-11-28T07:02:07.092+0000] {processor.py:183} INFO - Processing /home/airflow/.local/lib/python3.8/site-packages/airflow/example_dags/example_short_circuit_operator.py took 0.073 seconds
[2025-11-28T07:02:37.235+0000] {processor.py:161} INFO - Started process (PID=1193) to work on /home/airflow/.local/lib/python3.8/site-packages/airflow/example_dags/example_short_circuit_operator.py
[2025-11-28T07:02:37.236+0000] {processor.py:830} INFO - Processing file /home/airflow/.local/lib/python3.8/site-packages/airflow/example_dags/example_short_circuit_operator.py for tasks to queue
[2025-11-28T07:02:37.238+0000] {logging_mixin.py:188} INFO - [2025-11-28T07:02:37.238+0000] {dagbag.py:538} INFO - Filling up the DagBag from /home/airflow/.local/lib/python3.8/site-packages/airflow/example_dags/example_short_circuit_operator.py
[2025-11-28T07:02:37.244+0000] {processor.py:840} INFO - DAG(s) 'example_short_circuit_operator' retrieved from /home/airflow/.local/lib/python3.8/site-packages/airflow/example_dags/example_short_circuit_operator.py
[2025-11-28T07:02:37.264+0000] {logging_mixin.py:188} INFO - [2025-11-28T07:02:37.264+0000] {dag.py:3036} INFO - Sync 1 DAGs
[2025-11-28T07:02:37.279+0000] {logging_mixin.py:188} INFO - [2025-11-28T07:02:37.279+0000] {dag.py:3823} INFO - Setting next_dagrun for example_short_circuit_operator to 2025-11-27 00:00:00+00:00, run_after=2025-11-28 00:00:00+00:00
[2025-11-28T07:02:37.294+0000] {processor.py:183} INFO - Processing /home/airflow/.local/lib/python3.8/site-packages/airflow/example_dags/example_short_circuit_operator.py took 0.062 seconds
[2025-11-28T07:03:08.097+0000] {processor.py:161} INFO - Started process (PID=1249) to work on /home/airflow/.local/lib/python3.8/site-packages/airflow/example_dags/example_short_circuit_operator.py
[2025-11-28T07:03:08.099+0000] {processor.py:830} INFO - Processing file /home/airflow/.local/lib/python3.8/site-packages/airflow/example_dags/example_short_circuit_operator.py for tasks to queue
[2025-11-28T07:03:08.101+0000] {logging_mixin.py:188} INFO - [2025-11-28T07:03:08.101+0000] {dagbag.py:538} INFO - Filling up the DagBag from /home/airflow/.local/lib/python3.8/site-packages/airflow/example_dags/example_short_circuit_operator.py
[2025-11-28T07:03:08.108+0000] {processor.py:840} INFO - DAG(s) 'example_short_circuit_operator' retrieved from /home/airflow/.local/lib/python3.8/site-packages/airflow/example_dags/example_short_circuit_operator.py
[2025-11-28T07:03:08.126+0000] {logging_mixin.py:188} INFO - [2025-11-28T07:03:08.125+0000] {dag.py:3036} INFO - Sync 1 DAGs
[2025-11-28T07:03:08.143+0000] {logging_mixin.py:188} INFO - [2025-11-28T07:03:08.143+0000] {dag.py:3823} INFO - Setting next_dagrun for example_short_circuit_operator to 2025-11-27 00:00:00+00:00, run_after=2025-11-28 00:00:00+00:00
[2025-11-28T07:03:08.166+0000] {processor.py:183} INFO - Processing /home/airflow/.local/lib/python3.8/site-packages/airflow/example_dags/example_short_circuit_operator.py took 0.071 seconds
[2025-11-28T07:03:39.246+0000] {processor.py:161} INFO - Started process (PID=1304) to work on /home/airflow/.local/lib/python3.8/site-packages/airflow/example_dags/example_short_circuit_operator.py
[2025-11-28T07:03:39.254+0000] {processor.py:830} INFO - Processing file /home/airflow/.local/lib/python3.8/site-packages/airflow/example_dags/example_short_circuit_operator.py for tasks to queue
[2025-11-28T07:03:39.257+0000] {logging_mixin.py:188} INFO - [2025-11-28T07:03:39.257+0000] {dagbag.py:538} INFO - Filling up the DagBag from /home/airflow/.local/lib/python3.8/site-packages/airflow/example_dags/example_short_circuit_operator.py
[2025-11-28T07:03:39.271+0000] {processor.py:840} INFO - DAG(s) 'example_short_circuit_operator' retrieved from /home/airflow/.local/lib/python3.8/site-packages/airflow/example_dags/example_short_circuit_operator.py
[2025-11-28T07:03:39.310+0000] {logging_mixin.py:188} INFO - [2025-11-28T07:03:39.310+0000] {dag.py:3036} INFO - Sync 1 DAGs
[2025-11-28T07:03:39.337+0000] {logging_mixin.py:188} INFO - [2025-11-28T07:03:39.336+0000] {dag.py:3823} INFO - Setting next_dagrun for example_short_circuit_operator to 2025-11-27 00:00:00+00:00, run_after=2025-11-28 00:00:00+00:00
[2025-11-28T07:03:39.376+0000] {processor.py:183} INFO - Processing /home/airflow/.local/lib/python3.8/site-packages/airflow/example_dags/example_short_circuit_operator.py took 0.134 seconds
[2025-11-28T07:04:10.065+0000] {processor.py:161} INFO - Started process (PID=1359) to work on /home/airflow/.local/lib/python3.8/site-packages/airflow/example_dags/example_short_circuit_operator.py
[2025-11-28T07:04:10.067+0000] {processor.py:830} INFO - Processing file /home/airflow/.local/lib/python3.8/site-packages/airflow/example_dags/example_short_circuit_operator.py for tasks to queue
[2025-11-28T07:04:10.072+0000] {logging_mixin.py:188} INFO - [2025-11-28T07:04:10.072+0000] {dagbag.py:538} INFO - Filling up the DagBag from /home/airflow/.local/lib/python3.8/site-packages/airflow/example_dags/example_short_circuit_operator.py
[2025-11-28T07:04:10.082+0000] {processor.py:840} INFO - DAG(s) 'example_short_circuit_operator' retrieved from /home/airflow/.local/lib/python3.8/site-packages/airflow/example_dags/example_short_circuit_operator.py
[2025-11-28T07:04:10.110+0000] {logging_mixin.py:188} INFO - [2025-11-28T07:04:10.110+0000] {dag.py:3036} INFO - Sync 1 DAGs
[2025-11-28T07:04:10.137+0000] {logging_mixin.py:188} INFO - [2025-11-28T07:04:10.137+0000] {dag.py:3823} INFO - Setting next_dagrun for example_short_circuit_operator to 2025-11-27 00:00:00+00:00, run_after=2025-11-28 00:00:00+00:00
[2025-11-28T07:04:10.162+0000] {processor.py:183} INFO - Processing /home/airflow/.local/lib/python3.8/site-packages/airflow/example_dags/example_short_circuit_operator.py took 0.100 seconds
[2025-11-28T07:04:41.016+0000] {processor.py:161} INFO - Started process (PID=1414) to work on /home/airflow/.local/lib/python3.8/site-packages/airflow/example_dags/example_short_circuit_operator.py
[2025-11-28T07:04:41.017+0000] {processor.py:830} INFO - Processing file /home/airflow/.local/lib/python3.8/site-packages/airflow/example_dags/example_short_circuit_operator.py for tasks to queue
[2025-11-28T07:04:41.019+0000] {logging_mixin.py:188} INFO - [2025-11-28T07:04:41.019+0000] {dagbag.py:538} INFO - Filling up the DagBag from /home/airflow/.local/lib/python3.8/site-packages/airflow/example_dags/example_short_circuit_operator.py
[2025-11-28T07:04:41.028+0000] {processor.py:840} INFO - DAG(s) 'example_short_circuit_operator' retrieved from /home/airflow/.local/lib/python3.8/site-packages/airflow/example_dags/example_short_circuit_operator.py
[2025-11-28T07:04:41.051+0000] {logging_mixin.py:188} INFO - [2025-11-28T07:04:41.049+0000] {dag.py:3036} INFO - Sync 1 DAGs
[2025-11-28T07:04:41.068+0000] {logging_mixin.py:188} INFO - [2025-11-28T07:04:41.068+0000] {dag.py:3823} INFO - Setting next_dagrun for example_short_circuit_operator to 2025-11-27 00:00:00+00:00, run_after=2025-11-28 00:00:00+00:00
[2025-11-28T07:04:41.082+0000] {processor.py:183} INFO - Processing /home/airflow/.local/lib/python3.8/site-packages/airflow/example_dags/example_short_circuit_operator.py took 0.069 seconds
[2025-11-28T07:05:11.387+0000] {processor.py:161} INFO - Started process (PID=1470) to work on /home/airflow/.local/lib/python3.8/site-packages/airflow/example_dags/example_short_circuit_operator.py
[2025-11-28T07:05:11.389+0000] {processor.py:830} INFO - Processing file /home/airflow/.local/lib/python3.8/site-packages/airflow/example_dags/example_short_circuit_operator.py for tasks to queue
[2025-11-28T07:05:11.393+0000] {logging_mixin.py:188} INFO - [2025-11-28T07:05:11.393+0000] {dagbag.py:538} INFO - Filling up the DagBag from /home/airflow/.local/lib/python3.8/site-packages/airflow/example_dags/example_short_circuit_operator.py
[2025-11-28T07:05:11.422+0000] {processor.py:840} INFO - DAG(s) 'example_short_circuit_operator' retrieved from /home/airflow/.local/lib/python3.8/site-packages/airflow/example_dags/example_short_circuit_operator.py
[2025-11-28T07:05:11.449+0000] {logging_mixin.py:188} INFO - [2025-11-28T07:05:11.449+0000] {dag.py:3036} INFO - Sync 1 DAGs
[2025-11-28T07:05:11.473+0000] {logging_mixin.py:188} INFO - [2025-11-28T07:05:11.473+0000] {dag.py:3823} INFO - Setting next_dagrun for example_short_circuit_operator to 2025-11-27 00:00:00+00:00, run_after=2025-11-28 00:00:00+00:00
[2025-11-28T07:05:11.493+0000] {processor.py:183} INFO - Processing /home/airflow/.local/lib/python3.8/site-packages/airflow/example_dags/example_short_circuit_operator.py took 0.111 seconds
[2025-11-28T07:05:41.974+0000] {processor.py:161} INFO - Started process (PID=1525) to work on /home/airflow/.local/lib/python3.8/site-packages/airflow/example_dags/example_short_circuit_operator.py
[2025-11-28T07:05:41.975+0000] {processor.py:830} INFO - Processing file /home/airflow/.local/lib/python3.8/site-packages/airflow/example_dags/example_short_circuit_operator.py for tasks to queue
[2025-11-28T07:05:41.978+0000] {logging_mixin.py:188} INFO - [2025-11-28T07:05:41.978+0000] {dagbag.py:538} INFO - Filling up the DagBag from /home/airflow/.local/lib/python3.8/site-packages/airflow/example_dags/example_short_circuit_operator.py
[2025-11-28T07:05:41.989+0000] {processor.py:840} INFO - DAG(s) 'example_short_circuit_operator' retrieved from /home/airflow/.local/lib/python3.8/site-packages/airflow/example_dags/example_short_circuit_operator.py
[2025-11-28T07:05:42.162+0000] {logging_mixin.py:188} INFO - [2025-11-28T07:05:42.162+0000] {dag.py:3036} INFO - Sync 1 DAGs
[2025-11-28T07:05:42.206+0000] {logging_mixin.py:188} INFO - [2025-11-28T07:05:42.206+0000] {dag.py:3823} INFO - Setting next_dagrun for example_short_circuit_operator to 2025-11-27 00:00:00+00:00, run_after=2025-11-28 00:00:00+00:00
[2025-11-28T07:05:42.243+0000] {processor.py:183} INFO - Processing /home/airflow/.local/lib/python3.8/site-packages/airflow/example_dags/example_short_circuit_operator.py took 0.141 seconds
[2025-11-28T07:06:12.953+0000] {processor.py:161} INFO - Started process (PID=1580) to work on /home/airflow/.local/lib/python3.8/site-packages/airflow/example_dags/example_short_circuit_operator.py
[2025-11-28T07:06:12.956+0000] {processor.py:830} INFO - Processing file /home/airflow/.local/lib/python3.8/site-packages/airflow/example_dags/example_short_circuit_operator.py for tasks to queue
[2025-11-28T07:06:12.961+0000] {logging_mixin.py:188} INFO - [2025-11-28T07:06:12.960+0000] {dagbag.py:538} INFO - Filling up the DagBag from /home/airflow/.local/lib/python3.8/site-packages/airflow/example_dags/example_short_circuit_operator.py
[2025-11-28T07:06:12.977+0000] {processor.py:840} INFO - DAG(s) 'example_short_circuit_operator' retrieved from /home/airflow/.local/lib/python3.8/site-packages/airflow/example_dags/example_short_circuit_operator.py
[2025-11-28T07:06:13.005+0000] {logging_mixin.py:188} INFO - [2025-11-28T07:06:13.005+0000] {dag.py:3036} INFO - Sync 1 DAGs
[2025-11-28T07:06:13.029+0000] {logging_mixin.py:188} INFO - [2025-11-28T07:06:13.029+0000] {dag.py:3823} INFO - Setting next_dagrun for example_short_circuit_operator to 2025-11-27 00:00:00+00:00, run_after=2025-11-28 00:00:00+00:00
[2025-11-28T07:06:13.051+0000] {processor.py:183} INFO - Processing /home/airflow/.local/lib/python3.8/site-packages/airflow/example_dags/example_short_circuit_operator.py took 0.105 seconds
[2025-11-28T07:06:43.382+0000] {processor.py:161} INFO - Started process (PID=1635) to work on /home/airflow/.local/lib/python3.8/site-packages/airflow/example_dags/example_short_circuit_operator.py
[2025-11-28T07:06:43.385+0000] {processor.py:830} INFO - Processing file /home/airflow/.local/lib/python3.8/site-packages/airflow/example_dags/example_short_circuit_operator.py for tasks to queue
[2025-11-28T07:06:43.389+0000] {logging_mixin.py:188} INFO - [2025-11-28T07:06:43.388+0000] {dagbag.py:538} INFO - Filling up the DagBag from /home/airflow/.local/lib/python3.8/site-packages/airflow/example_dags/example_short_circuit_operator.py
[2025-11-28T07:06:43.404+0000] {processor.py:840} INFO - DAG(s) 'example_short_circuit_operator' retrieved from /home/airflow/.local/lib/python3.8/site-packages/airflow/example_dags/example_short_circuit_operator.py
[2025-11-28T07:06:43.451+0000] {logging_mixin.py:188} INFO - [2025-11-28T07:06:43.451+0000] {dag.py:3036} INFO - Sync 1 DAGs
[2025-11-28T07:06:43.469+0000] {logging_mixin.py:188} INFO - [2025-11-28T07:06:43.469+0000] {dag.py:3823} INFO - Setting next_dagrun for example_short_circuit_operator to 2025-11-27 00:00:00+00:00, run_after=2025-11-28 00:00:00+00:00
[2025-11-28T07:06:43.488+0000] {processor.py:183} INFO - Processing /home/airflow/.local/lib/python3.8/site-packages/airflow/example_dags/example_short_circuit_operator.py took 0.112 seconds
[2025-11-28T07:07:13.797+0000] {processor.py:161} INFO - Started process (PID=1690) to work on /home/airflow/.local/lib/python3.8/site-packages/airflow/example_dags/example_short_circuit_operator.py
[2025-11-28T07:07:13.799+0000] {processor.py:830} INFO - Processing file /home/airflow/.local/lib/python3.8/site-packages/airflow/example_dags/example_short_circuit_operator.py for tasks to queue
[2025-11-28T07:07:13.801+0000] {logging_mixin.py:188} INFO - [2025-11-28T07:07:13.801+0000] {dagbag.py:538} INFO - Filling up the DagBag from /home/airflow/.local/lib/python3.8/site-packages/airflow/example_dags/example_short_circuit_operator.py
[2025-11-28T07:07:13.809+0000] {processor.py:840} INFO - DAG(s) 'example_short_circuit_operator' retrieved from /home/airflow/.local/lib/python3.8/site-packages/airflow/example_dags/example_short_circuit_operator.py
[2025-11-28T07:07:13.832+0000] {logging_mixin.py:188} INFO - [2025-11-28T07:07:13.832+0000] {dag.py:3036} INFO - Sync 1 DAGs
[2025-11-28T07:07:13.850+0000] {logging_mixin.py:188} INFO - [2025-11-28T07:07:13.850+0000] {dag.py:3823} INFO - Setting next_dagrun for example_short_circuit_operator to 2025-11-27 00:00:00+00:00, run_after=2025-11-28 00:00:00+00:00
[2025-11-28T07:07:13.868+0000] {processor.py:183} INFO - Processing /home/airflow/.local/lib/python3.8/site-packages/airflow/example_dags/example_short_circuit_operator.py took 0.074 seconds
[2025-11-28T07:07:44.332+0000] {processor.py:161} INFO - Started process (PID=1745) to work on /home/airflow/.local/lib/python3.8/site-packages/airflow/example_dags/example_short_circuit_operator.py
[2025-11-28T07:07:44.333+0000] {processor.py:830} INFO - Processing file /home/airflow/.local/lib/python3.8/site-packages/airflow/example_dags/example_short_circuit_operator.py for tasks to queue
[2025-11-28T07:07:44.335+0000] {logging_mixin.py:188} INFO - [2025-11-28T07:07:44.334+0000] {dagbag.py:538} INFO - Filling up the DagBag from /home/airflow/.local/lib/python3.8/site-packages/airflow/example_dags/example_short_circuit_operator.py
[2025-11-28T07:07:44.340+0000] {processor.py:840} INFO - DAG(s) 'example_short_circuit_operator' retrieved from /home/airflow/.local/lib/python3.8/site-packages/airflow/example_dags/example_short_circuit_operator.py
[2025-11-28T07:07:44.363+0000] {logging_mixin.py:188} INFO - [2025-11-28T07:07:44.363+0000] {dag.py:3036} INFO - Sync 1 DAGs
[2025-11-28T07:07:44.384+0000] {logging_mixin.py:188} INFO - [2025-11-28T07:07:44.384+0000] {dag.py:3823} INFO - Setting next_dagrun for example_short_circuit_operator to 2025-11-27 00:00:00+00:00, run_after=2025-11-28 00:00:00+00:00
[2025-11-28T07:07:44.402+0000] {processor.py:183} INFO - Processing /home/airflow/.local/lib/python3.8/site-packages/airflow/example_dags/example_short_circuit_operator.py took 0.073 seconds
[2025-11-28T07:08:14.847+0000] {processor.py:161} INFO - Started process (PID=1800) to work on /home/airflow/.local/lib/python3.8/site-packages/airflow/example_dags/example_short_circuit_operator.py
[2025-11-28T07:08:14.849+0000] {processor.py:830} INFO - Processing file /home/airflow/.local/lib/python3.8/site-packages/airflow/example_dags/example_short_circuit_operator.py for tasks to queue
[2025-11-28T07:08:14.853+0000] {logging_mixin.py:188} INFO - [2025-11-28T07:08:14.853+0000] {dagbag.py:538} INFO - Filling up the DagBag from /home/airflow/.local/lib/python3.8/site-packages/airflow/example_dags/example_short_circuit_operator.py
[2025-11-28T07:08:14.862+0000] {processor.py:840} INFO - DAG(s) 'example_short_circuit_operator' retrieved from /home/airflow/.local/lib/python3.8/site-packages/airflow/example_dags/example_short_circuit_operator.py
[2025-11-28T07:08:14.891+0000] {logging_mixin.py:188} INFO - [2025-11-28T07:08:14.891+0000] {dag.py:3036} INFO - Sync 1 DAGs
[2025-11-28T07:08:14.916+0000] {logging_mixin.py:188} INFO - [2025-11-28T07:08:14.916+0000] {dag.py:3823} INFO - Setting next_dagrun for example_short_circuit_operator to 2025-11-27 00:00:00+00:00, run_after=2025-11-28 00:00:00+00:00
[2025-11-28T07:08:14.940+0000] {processor.py:183} INFO - Processing /home/airflow/.local/lib/python3.8/site-packages/airflow/example_dags/example_short_circuit_operator.py took 0.102 seconds
[2025-11-28T07:08:45.799+0000] {processor.py:161} INFO - Started process (PID=1855) to work on /home/airflow/.local/lib/python3.8/site-packages/airflow/example_dags/example_short_circuit_operator.py
[2025-11-28T07:08:45.800+0000] {processor.py:830} INFO - Processing file /home/airflow/.local/lib/python3.8/site-packages/airflow/example_dags/example_short_circuit_operator.py for tasks to queue
[2025-11-28T07:08:45.804+0000] {logging_mixin.py:188} INFO - [2025-11-28T07:08:45.803+0000] {dagbag.py:538} INFO - Filling up the DagBag from /home/airflow/.local/lib/python3.8/site-packages/airflow/example_dags/example_short_circuit_operator.py
[2025-11-28T07:08:45.813+0000] {processor.py:840} INFO - DAG(s) 'example_short_circuit_operator' retrieved from /home/airflow/.local/lib/python3.8/site-packages/airflow/example_dags/example_short_circuit_operator.py
[2025-11-28T07:08:45.841+0000] {logging_mixin.py:188} INFO - [2025-11-28T07:08:45.841+0000] {dag.py:3036} INFO - Sync 1 DAGs
[2025-11-28T07:08:45.868+0000] {logging_mixin.py:188} INFO - [2025-11-28T07:08:45.868+0000] {dag.py:3823} INFO - Setting next_dagrun for example_short_circuit_operator to 2025-11-27 00:00:00+00:00, run_after=2025-11-28 00:00:00+00:00
[2025-11-28T07:08:45.892+0000] {processor.py:183} INFO - Processing /home/airflow/.local/lib/python3.8/site-packages/airflow/example_dags/example_short_circuit_operator.py took 0.099 seconds
[2025-11-28T07:09:16.688+0000] {processor.py:161} INFO - Started process (PID=1910) to work on /home/airflow/.local/lib/python3.8/site-packages/airflow/example_dags/example_short_circuit_operator.py
[2025-11-28T07:09:16.692+0000] {processor.py:830} INFO - Processing file /home/airflow/.local/lib/python3.8/site-packages/airflow/example_dags/example_short_circuit_operator.py for tasks to queue
[2025-11-28T07:09:16.699+0000] {logging_mixin.py:188} INFO - [2025-11-28T07:09:16.698+0000] {dagbag.py:538} INFO - Filling up the DagBag from /home/airflow/.local/lib/python3.8/site-packages/airflow/example_dags/example_short_circuit_operator.py
[2025-11-28T07:09:16.717+0000] {processor.py:840} INFO - DAG(s) 'example_short_circuit_operator' retrieved from /home/airflow/.local/lib/python3.8/site-packages/airflow/example_dags/example_short_circuit_operator.py
[2025-11-28T07:09:16.764+0000] {logging_mixin.py:188} INFO - [2025-11-28T07:09:16.763+0000] {dag.py:3036} INFO - Sync 1 DAGs
[2025-11-28T07:09:16.793+0000] {logging_mixin.py:188} INFO - [2025-11-28T07:09:16.793+0000] {dag.py:3823} INFO - Setting next_dagrun for example_short_circuit_operator to 2025-11-27 00:00:00+00:00, run_after=2025-11-28 00:00:00+00:00
[2025-11-28T07:09:16.823+0000] {processor.py:183} INFO - Processing /home/airflow/.local/lib/python3.8/site-packages/airflow/example_dags/example_short_circuit_operator.py took 0.145 seconds
[2025-11-28T07:09:46.916+0000] {processor.py:161} INFO - Started process (PID=1964) to work on /home/airflow/.local/lib/python3.8/site-packages/airflow/example_dags/example_short_circuit_operator.py
[2025-11-28T07:09:46.918+0000] {processor.py:830} INFO - Processing file /home/airflow/.local/lib/python3.8/site-packages/airflow/example_dags/example_short_circuit_operator.py for tasks to queue
[2025-11-28T07:09:46.921+0000] {logging_mixin.py:188} INFO - [2025-11-28T07:09:46.921+0000] {dagbag.py:538} INFO - Filling up the DagBag from /home/airflow/.local/lib/python3.8/site-packages/airflow/example_dags/example_short_circuit_operator.py
[2025-11-28T07:09:46.931+0000] {processor.py:840} INFO - DAG(s) 'example_short_circuit_operator' retrieved from /home/airflow/.local/lib/python3.8/site-packages/airflow/example_dags/example_short_circuit_operator.py
[2025-11-28T07:09:46.963+0000] {logging_mixin.py:188} INFO - [2025-11-28T07:09:46.963+0000] {dag.py:3036} INFO - Sync 1 DAGs
[2025-11-28T07:09:46.989+0000] {logging_mixin.py:188} INFO - [2025-11-28T07:09:46.989+0000] {dag.py:3823} INFO - Setting next_dagrun for example_short_circuit_operator to 2025-11-27 00:00:00+00:00, run_after=2025-11-28 00:00:00+00:00
[2025-11-28T07:09:47.009+0000] {processor.py:183} INFO - Processing /home/airflow/.local/lib/python3.8/site-packages/airflow/example_dags/example_short_circuit_operator.py took 0.096 seconds
[2025-11-28T07:10:17.459+0000] {processor.py:161} INFO - Started process (PID=2019) to work on /home/airflow/.local/lib/python3.8/site-packages/airflow/example_dags/example_short_circuit_operator.py
[2025-11-28T07:10:17.461+0000] {processor.py:830} INFO - Processing file /home/airflow/.local/lib/python3.8/site-packages/airflow/example_dags/example_short_circuit_operator.py for tasks to queue
[2025-11-28T07:10:17.463+0000] {logging_mixin.py:188} INFO - [2025-11-28T07:10:17.463+0000] {dagbag.py:538} INFO - Filling up the DagBag from /home/airflow/.local/lib/python3.8/site-packages/airflow/example_dags/example_short_circuit_operator.py
[2025-11-28T07:10:17.472+0000] {processor.py:840} INFO - DAG(s) 'example_short_circuit_operator' retrieved from /home/airflow/.local/lib/python3.8/site-packages/airflow/example_dags/example_short_circuit_operator.py
[2025-11-28T07:10:17.499+0000] {logging_mixin.py:188} INFO - [2025-11-28T07:10:17.498+0000] {dag.py:3036} INFO - Sync 1 DAGs
[2025-11-28T07:10:17.519+0000] {logging_mixin.py:188} INFO - [2025-11-28T07:10:17.519+0000] {dag.py:3823} INFO - Setting next_dagrun for example_short_circuit_operator to 2025-11-27 00:00:00+00:00, run_after=2025-11-28 00:00:00+00:00
[2025-11-28T07:10:17.536+0000] {processor.py:183} INFO - Processing /home/airflow/.local/lib/python3.8/site-packages/airflow/example_dags/example_short_circuit_operator.py took 0.083 seconds
[2025-11-28T07:10:47.614+0000] {processor.py:161} INFO - Started process (PID=2074) to work on /home/airflow/.local/lib/python3.8/site-packages/airflow/example_dags/example_short_circuit_operator.py
[2025-11-28T07:10:47.616+0000] {processor.py:830} INFO - Processing file /home/airflow/.local/lib/python3.8/site-packages/airflow/example_dags/example_short_circuit_operator.py for tasks to queue
[2025-11-28T07:10:47.625+0000] {logging_mixin.py:188} INFO - [2025-11-28T07:10:47.625+0000] {dagbag.py:538} INFO - Filling up the DagBag from /home/airflow/.local/lib/python3.8/site-packages/airflow/example_dags/example_short_circuit_operator.py
[2025-11-28T07:10:47.632+0000] {processor.py:840} INFO - DAG(s) 'example_short_circuit_operator' retrieved from /home/airflow/.local/lib/python3.8/site-packages/airflow/example_dags/example_short_circuit_operator.py
[2025-11-28T07:10:47.654+0000] {logging_mixin.py:188} INFO - [2025-11-28T07:10:47.654+0000] {dag.py:3036} INFO - Sync 1 DAGs
[2025-11-28T07:10:47.676+0000] {logging_mixin.py:188} INFO - [2025-11-28T07:10:47.676+0000] {dag.py:3823} INFO - Setting next_dagrun for example_short_circuit_operator to 2025-11-27 00:00:00+00:00, run_after=2025-11-28 00:00:00+00:00
[2025-11-28T07:10:47.694+0000] {processor.py:183} INFO - Processing /home/airflow/.local/lib/python3.8/site-packages/airflow/example_dags/example_short_circuit_operator.py took 0.083 seconds
[2025-11-28T07:11:17.877+0000] {processor.py:161} INFO - Started process (PID=2129) to work on /home/airflow/.local/lib/python3.8/site-packages/airflow/example_dags/example_short_circuit_operator.py
[2025-11-28T07:11:17.879+0000] {processor.py:830} INFO - Processing file /home/airflow/.local/lib/python3.8/site-packages/airflow/example_dags/example_short_circuit_operator.py for tasks to queue
[2025-11-28T07:11:17.881+0000] {logging_mixin.py:188} INFO - [2025-11-28T07:11:17.880+0000] {dagbag.py:538} INFO - Filling up the DagBag from /home/airflow/.local/lib/python3.8/site-packages/airflow/example_dags/example_short_circuit_operator.py
[2025-11-28T07:11:17.888+0000] {processor.py:840} INFO - DAG(s) 'example_short_circuit_operator' retrieved from /home/airflow/.local/lib/python3.8/site-packages/airflow/example_dags/example_short_circuit_operator.py
[2025-11-28T07:11:17.916+0000] {logging_mixin.py:188} INFO - [2025-11-28T07:11:17.916+0000] {dag.py:3036} INFO - Sync 1 DAGs
[2025-11-28T07:11:17.944+0000] {logging_mixin.py:188} INFO - [2025-11-28T07:11:17.944+0000] {dag.py:3823} INFO - Setting next_dagrun for example_short_circuit_operator to 2025-11-27 00:00:00+00:00, run_after=2025-11-28 00:00:00+00:00
[2025-11-28T07:11:17.976+0000] {processor.py:183} INFO - Processing /home/airflow/.local/lib/python3.8/site-packages/airflow/example_dags/example_short_circuit_operator.py took 0.102 seconds
[2025-11-28T07:11:48.227+0000] {processor.py:161} INFO - Started process (PID=2184) to work on /home/airflow/.local/lib/python3.8/site-packages/airflow/example_dags/example_short_circuit_operator.py
[2025-11-28T07:11:48.229+0000] {processor.py:830} INFO - Processing file /home/airflow/.local/lib/python3.8/site-packages/airflow/example_dags/example_short_circuit_operator.py for tasks to queue
[2025-11-28T07:11:48.231+0000] {logging_mixin.py:188} INFO - [2025-11-28T07:11:48.231+0000] {dagbag.py:538} INFO - Filling up the DagBag from /home/airflow/.local/lib/python3.8/site-packages/airflow/example_dags/example_short_circuit_operator.py
[2025-11-28T07:11:48.239+0000] {processor.py:840} INFO - DAG(s) 'example_short_circuit_operator' retrieved from /home/airflow/.local/lib/python3.8/site-packages/airflow/example_dags/example_short_circuit_operator.py
[2025-11-28T07:11:48.263+0000] {logging_mixin.py:188} INFO - [2025-11-28T07:11:48.262+0000] {dag.py:3036} INFO - Sync 1 DAGs
[2025-11-28T07:11:48.283+0000] {logging_mixin.py:188} INFO - [2025-11-28T07:11:48.283+0000] {dag.py:3823} INFO - Setting next_dagrun for example_short_circuit_operator to 2025-11-27 00:00:00+00:00, run_after=2025-11-28 00:00:00+00:00
[2025-11-28T07:11:48.298+0000] {processor.py:183} INFO - Processing /home/airflow/.local/lib/python3.8/site-packages/airflow/example_dags/example_short_circuit_operator.py took 0.074 seconds
[2025-11-28T07:12:18.871+0000] {processor.py:161} INFO - Started process (PID=2239) to work on /home/airflow/.local/lib/python3.8/site-packages/airflow/example_dags/example_short_circuit_operator.py
[2025-11-28T07:12:18.875+0000] {processor.py:830} INFO - Processing file /home/airflow/.local/lib/python3.8/site-packages/airflow/example_dags/example_short_circuit_operator.py for tasks to queue
[2025-11-28T07:12:18.881+0000] {logging_mixin.py:188} INFO - [2025-11-28T07:12:18.880+0000] {dagbag.py:538} INFO - Filling up the DagBag from /home/airflow/.local/lib/python3.8/site-packages/airflow/example_dags/example_short_circuit_operator.py
[2025-11-28T07:12:18.892+0000] {processor.py:840} INFO - DAG(s) 'example_short_circuit_operator' retrieved from /home/airflow/.local/lib/python3.8/site-packages/airflow/example_dags/example_short_circuit_operator.py
[2025-11-28T07:12:18.919+0000] {logging_mixin.py:188} INFO - [2025-11-28T07:12:18.918+0000] {dag.py:3036} INFO - Sync 1 DAGs
[2025-11-28T07:12:18.937+0000] {logging_mixin.py:188} INFO - [2025-11-28T07:12:18.937+0000] {dag.py:3823} INFO - Setting next_dagrun for example_short_circuit_operator to 2025-11-27 00:00:00+00:00, run_after=2025-11-28 00:00:00+00:00
[2025-11-28T07:12:18.959+0000] {processor.py:183} INFO - Processing /home/airflow/.local/lib/python3.8/site-packages/airflow/example_dags/example_short_circuit_operator.py took 0.094 seconds
[2025-11-28T07:12:49.361+0000] {processor.py:161} INFO - Started process (PID=2294) to work on /home/airflow/.local/lib/python3.8/site-packages/airflow/example_dags/example_short_circuit_operator.py
[2025-11-28T07:12:49.362+0000] {processor.py:830} INFO - Processing file /home/airflow/.local/lib/python3.8/site-packages/airflow/example_dags/example_short_circuit_operator.py for tasks to queue
[2025-11-28T07:12:49.364+0000] {logging_mixin.py:188} INFO - [2025-11-28T07:12:49.364+0000] {dagbag.py:538} INFO - Filling up the DagBag from /home/airflow/.local/lib/python3.8/site-packages/airflow/example_dags/example_short_circuit_operator.py
[2025-11-28T07:12:49.371+0000] {processor.py:840} INFO - DAG(s) 'example_short_circuit_operator' retrieved from /home/airflow/.local/lib/python3.8/site-packages/airflow/example_dags/example_short_circuit_operator.py
[2025-11-28T07:12:49.390+0000] {logging_mixin.py:188} INFO - [2025-11-28T07:12:49.390+0000] {dag.py:3036} INFO - Sync 1 DAGs
[2025-11-28T07:12:49.409+0000] {logging_mixin.py:188} INFO - [2025-11-28T07:12:49.409+0000] {dag.py:3823} INFO - Setting next_dagrun for example_short_circuit_operator to 2025-11-27 00:00:00+00:00, run_after=2025-11-28 00:00:00+00:00
[2025-11-28T07:12:49.429+0000] {processor.py:183} INFO - Processing /home/airflow/.local/lib/python3.8/site-packages/airflow/example_dags/example_short_circuit_operator.py took 0.070 seconds
[2025-11-28T07:13:20.267+0000] {processor.py:161} INFO - Started process (PID=2349) to work on /home/airflow/.local/lib/python3.8/site-packages/airflow/example_dags/example_short_circuit_operator.py
[2025-11-28T07:13:20.268+0000] {processor.py:830} INFO - Processing file /home/airflow/.local/lib/python3.8/site-packages/airflow/example_dags/example_short_circuit_operator.py for tasks to queue
[2025-11-28T07:13:20.271+0000] {logging_mixin.py:188} INFO - [2025-11-28T07:13:20.270+0000] {dagbag.py:538} INFO - Filling up the DagBag from /home/airflow/.local/lib/python3.8/site-packages/airflow/example_dags/example_short_circuit_operator.py
[2025-11-28T07:13:20.277+0000] {processor.py:840} INFO - DAG(s) 'example_short_circuit_operator' retrieved from /home/airflow/.local/lib/python3.8/site-packages/airflow/example_dags/example_short_circuit_operator.py
[2025-11-28T07:13:20.303+0000] {logging_mixin.py:188} INFO - [2025-11-28T07:13:20.303+0000] {dag.py:3036} INFO - Sync 1 DAGs
[2025-11-28T07:13:20.319+0000] {logging_mixin.py:188} INFO - [2025-11-28T07:13:20.319+0000] {dag.py:3823} INFO - Setting next_dagrun for example_short_circuit_operator to 2025-11-27 00:00:00+00:00, run_after=2025-11-28 00:00:00+00:00
[2025-11-28T07:13:20.339+0000] {processor.py:183} INFO - Processing /home/airflow/.local/lib/python3.8/site-packages/airflow/example_dags/example_short_circuit_operator.py took 0.076 seconds
[2025-11-28T07:13:50.884+0000] {processor.py:161} INFO - Started process (PID=2404) to work on /home/airflow/.local/lib/python3.8/site-packages/airflow/example_dags/example_short_circuit_operator.py
[2025-11-28T07:13:50.887+0000] {processor.py:830} INFO - Processing file /home/airflow/.local/lib/python3.8/site-packages/airflow/example_dags/example_short_circuit_operator.py for tasks to queue
[2025-11-28T07:13:50.890+0000] {logging_mixin.py:188} INFO - [2025-11-28T07:13:50.890+0000] {dagbag.py:538} INFO - Filling up the DagBag from /home/airflow/.local/lib/python3.8/site-packages/airflow/example_dags/example_short_circuit_operator.py
[2025-11-28T07:13:50.903+0000] {processor.py:840} INFO - DAG(s) 'example_short_circuit_operator' retrieved from /home/airflow/.local/lib/python3.8/site-packages/airflow/example_dags/example_short_circuit_operator.py
[2025-11-28T07:13:50.930+0000] {logging_mixin.py:188} INFO - [2025-11-28T07:13:50.930+0000] {dag.py:3036} INFO - Sync 1 DAGs
[2025-11-28T07:13:50.948+0000] {logging_mixin.py:188} INFO - [2025-11-28T07:13:50.948+0000] {dag.py:3823} INFO - Setting next_dagrun for example_short_circuit_operator to 2025-11-27 00:00:00+00:00, run_after=2025-11-28 00:00:00+00:00
[2025-11-28T07:13:50.965+0000] {processor.py:183} INFO - Processing /home/airflow/.local/lib/python3.8/site-packages/airflow/example_dags/example_short_circuit_operator.py took 0.086 seconds
[2025-11-28T07:14:21.276+0000] {processor.py:161} INFO - Started process (PID=2460) to work on /home/airflow/.local/lib/python3.8/site-packages/airflow/example_dags/example_short_circuit_operator.py
[2025-11-28T07:14:21.277+0000] {processor.py:830} INFO - Processing file /home/airflow/.local/lib/python3.8/site-packages/airflow/example_dags/example_short_circuit_operator.py for tasks to queue
[2025-11-28T07:14:21.279+0000] {logging_mixin.py:188} INFO - [2025-11-28T07:14:21.279+0000] {dagbag.py:538} INFO - Filling up the DagBag from /home/airflow/.local/lib/python3.8/site-packages/airflow/example_dags/example_short_circuit_operator.py
[2025-11-28T07:14:21.288+0000] {processor.py:840} INFO - DAG(s) 'example_short_circuit_operator' retrieved from /home/airflow/.local/lib/python3.8/site-packages/airflow/example_dags/example_short_circuit_operator.py
[2025-11-28T07:14:21.315+0000] {logging_mixin.py:188} INFO - [2025-11-28T07:14:21.315+0000] {dag.py:3036} INFO - Sync 1 DAGs
[2025-11-28T07:14:21.335+0000] {logging_mixin.py:188} INFO - [2025-11-28T07:14:21.334+0000] {dag.py:3823} INFO - Setting next_dagrun for example_short_circuit_operator to 2025-11-27 00:00:00+00:00, run_after=2025-11-28 00:00:00+00:00
[2025-11-28T07:14:21.354+0000] {processor.py:183} INFO - Processing /home/airflow/.local/lib/python3.8/site-packages/airflow/example_dags/example_short_circuit_operator.py took 0.081 seconds
[2025-11-28T07:14:51.508+0000] {processor.py:161} INFO - Started process (PID=2515) to work on /home/airflow/.local/lib/python3.8/site-packages/airflow/example_dags/example_short_circuit_operator.py
[2025-11-28T07:14:51.509+0000] {processor.py:830} INFO - Processing file /home/airflow/.local/lib/python3.8/site-packages/airflow/example_dags/example_short_circuit_operator.py for tasks to queue
[2025-11-28T07:14:51.512+0000] {logging_mixin.py:188} INFO - [2025-11-28T07:14:51.511+0000] {dagbag.py:538} INFO - Filling up the DagBag from /home/airflow/.local/lib/python3.8/site-packages/airflow/example_dags/example_short_circuit_operator.py
[2025-11-28T07:14:51.518+0000] {processor.py:840} INFO - DAG(s) 'example_short_circuit_operator' retrieved from /home/airflow/.local/lib/python3.8/site-packages/airflow/example_dags/example_short_circuit_operator.py
[2025-11-28T07:14:51.536+0000] {logging_mixin.py:188} INFO - [2025-11-28T07:14:51.536+0000] {dag.py:3036} INFO - Sync 1 DAGs
[2025-11-28T07:14:51.551+0000] {logging_mixin.py:188} INFO - [2025-11-28T07:14:51.551+0000] {dag.py:3823} INFO - Setting next_dagrun for example_short_circuit_operator to 2025-11-27 00:00:00+00:00, run_after=2025-11-28 00:00:00+00:00
[2025-11-28T07:14:51.565+0000] {processor.py:183} INFO - Processing /home/airflow/.local/lib/python3.8/site-packages/airflow/example_dags/example_short_circuit_operator.py took 0.061 seconds
[2025-11-28T07:15:22.414+0000] {processor.py:161} INFO - Started process (PID=2570) to work on /home/airflow/.local/lib/python3.8/site-packages/airflow/example_dags/example_short_circuit_operator.py
[2025-11-28T07:15:22.415+0000] {processor.py:830} INFO - Processing file /home/airflow/.local/lib/python3.8/site-packages/airflow/example_dags/example_short_circuit_operator.py for tasks to queue
[2025-11-28T07:15:22.417+0000] {logging_mixin.py:188} INFO - [2025-11-28T07:15:22.417+0000] {dagbag.py:538} INFO - Filling up the DagBag from /home/airflow/.local/lib/python3.8/site-packages/airflow/example_dags/example_short_circuit_operator.py
[2025-11-28T07:15:22.425+0000] {processor.py:840} INFO - DAG(s) 'example_short_circuit_operator' retrieved from /home/airflow/.local/lib/python3.8/site-packages/airflow/example_dags/example_short_circuit_operator.py
[2025-11-28T07:15:22.449+0000] {logging_mixin.py:188} INFO - [2025-11-28T07:15:22.449+0000] {dag.py:3036} INFO - Sync 1 DAGs
[2025-11-28T07:15:22.473+0000] {logging_mixin.py:188} INFO - [2025-11-28T07:15:22.473+0000] {dag.py:3823} INFO - Setting next_dagrun for example_short_circuit_operator to 2025-11-27 00:00:00+00:00, run_after=2025-11-28 00:00:00+00:00
[2025-11-28T07:15:22.494+0000] {processor.py:183} INFO - Processing /home/airflow/.local/lib/python3.8/site-packages/airflow/example_dags/example_short_circuit_operator.py took 0.083 seconds
[2025-11-28T07:15:52.967+0000] {processor.py:161} INFO - Started process (PID=2625) to work on /home/airflow/.local/lib/python3.8/site-packages/airflow/example_dags/example_short_circuit_operator.py
[2025-11-28T07:15:52.968+0000] {processor.py:830} INFO - Processing file /home/airflow/.local/lib/python3.8/site-packages/airflow/example_dags/example_short_circuit_operator.py for tasks to queue
[2025-11-28T07:15:52.970+0000] {logging_mixin.py:188} INFO - [2025-11-28T07:15:52.970+0000] {dagbag.py:538} INFO - Filling up the DagBag from /home/airflow/.local/lib/python3.8/site-packages/airflow/example_dags/example_short_circuit_operator.py
[2025-11-28T07:15:52.977+0000] {processor.py:840} INFO - DAG(s) 'example_short_circuit_operator' retrieved from /home/airflow/.local/lib/python3.8/site-packages/airflow/example_dags/example_short_circuit_operator.py
[2025-11-28T07:15:52.997+0000] {logging_mixin.py:188} INFO - [2025-11-28T07:15:52.997+0000] {dag.py:3036} INFO - Sync 1 DAGs
[2025-11-28T07:15:53.136+0000] {logging_mixin.py:188} INFO - [2025-11-28T07:15:53.136+0000] {dag.py:3823} INFO - Setting next_dagrun for example_short_circuit_operator to 2025-11-27 00:00:00+00:00, run_after=2025-11-28 00:00:00+00:00
[2025-11-28T07:15:53.155+0000] {processor.py:183} INFO - Processing /home/airflow/.local/lib/python3.8/site-packages/airflow/example_dags/example_short_circuit_operator.py took 0.191 seconds
[2025-11-28T07:16:23.514+0000] {processor.py:161} INFO - Started process (PID=2680) to work on /home/airflow/.local/lib/python3.8/site-packages/airflow/example_dags/example_short_circuit_operator.py
[2025-11-28T07:16:23.515+0000] {processor.py:830} INFO - Processing file /home/airflow/.local/lib/python3.8/site-packages/airflow/example_dags/example_short_circuit_operator.py for tasks to queue
[2025-11-28T07:16:23.517+0000] {logging_mixin.py:188} INFO - [2025-11-28T07:16:23.517+0000] {dagbag.py:538} INFO - Filling up the DagBag from /home/airflow/.local/lib/python3.8/site-packages/airflow/example_dags/example_short_circuit_operator.py
[2025-11-28T07:16:23.524+0000] {processor.py:840} INFO - DAG(s) 'example_short_circuit_operator' retrieved from /home/airflow/.local/lib/python3.8/site-packages/airflow/example_dags/example_short_circuit_operator.py
[2025-11-28T07:16:23.546+0000] {logging_mixin.py:188} INFO - [2025-11-28T07:16:23.546+0000] {dag.py:3036} INFO - Sync 1 DAGs
[2025-11-28T07:16:23.694+0000] {logging_mixin.py:188} INFO - [2025-11-28T07:16:23.694+0000] {dag.py:3823} INFO - Setting next_dagrun for example_short_circuit_operator to 2025-11-27 00:00:00+00:00, run_after=2025-11-28 00:00:00+00:00
[2025-11-28T07:16:23.714+0000] {processor.py:183} INFO - Processing /home/airflow/.local/lib/python3.8/site-packages/airflow/example_dags/example_short_circuit_operator.py took 0.204 seconds
[2025-11-28T07:16:54.054+0000] {processor.py:161} INFO - Started process (PID=2735) to work on /home/airflow/.local/lib/python3.8/site-packages/airflow/example_dags/example_short_circuit_operator.py
[2025-11-28T07:16:54.056+0000] {processor.py:830} INFO - Processing file /home/airflow/.local/lib/python3.8/site-packages/airflow/example_dags/example_short_circuit_operator.py for tasks to queue
[2025-11-28T07:16:54.060+0000] {logging_mixin.py:188} INFO - [2025-11-28T07:16:54.060+0000] {dagbag.py:538} INFO - Filling up the DagBag from /home/airflow/.local/lib/python3.8/site-packages/airflow/example_dags/example_short_circuit_operator.py
[2025-11-28T07:16:54.072+0000] {processor.py:840} INFO - DAG(s) 'example_short_circuit_operator' retrieved from /home/airflow/.local/lib/python3.8/site-packages/airflow/example_dags/example_short_circuit_operator.py
[2025-11-28T07:16:54.094+0000] {logging_mixin.py:188} INFO - [2025-11-28T07:16:54.094+0000] {dag.py:3036} INFO - Sync 1 DAGs
[2025-11-28T07:16:54.124+0000] {logging_mixin.py:188} INFO - [2025-11-28T07:16:54.124+0000] {dag.py:3823} INFO - Setting next_dagrun for example_short_circuit_operator to 2025-11-27 00:00:00+00:00, run_after=2025-11-28 00:00:00+00:00
[2025-11-28T07:16:54.145+0000] {processor.py:183} INFO - Processing /home/airflow/.local/lib/python3.8/site-packages/airflow/example_dags/example_short_circuit_operator.py took 0.094 seconds
[2025-11-28T07:17:24.265+0000] {processor.py:161} INFO - Started process (PID=2790) to work on /home/airflow/.local/lib/python3.8/site-packages/airflow/example_dags/example_short_circuit_operator.py
[2025-11-28T07:17:24.266+0000] {processor.py:830} INFO - Processing file /home/airflow/.local/lib/python3.8/site-packages/airflow/example_dags/example_short_circuit_operator.py for tasks to queue
[2025-11-28T07:17:24.268+0000] {logging_mixin.py:188} INFO - [2025-11-28T07:17:24.268+0000] {dagbag.py:538} INFO - Filling up the DagBag from /home/airflow/.local/lib/python3.8/site-packages/airflow/example_dags/example_short_circuit_operator.py
[2025-11-28T07:17:24.275+0000] {processor.py:840} INFO - DAG(s) 'example_short_circuit_operator' retrieved from /home/airflow/.local/lib/python3.8/site-packages/airflow/example_dags/example_short_circuit_operator.py
[2025-11-28T07:17:24.292+0000] {logging_mixin.py:188} INFO - [2025-11-28T07:17:24.292+0000] {dag.py:3036} INFO - Sync 1 DAGs
[2025-11-28T07:17:24.308+0000] {logging_mixin.py:188} INFO - [2025-11-28T07:17:24.308+0000] {dag.py:3823} INFO - Setting next_dagrun for example_short_circuit_operator to 2025-11-27 00:00:00+00:00, run_after=2025-11-28 00:00:00+00:00
[2025-11-28T07:17:24.323+0000] {processor.py:183} INFO - Processing /home/airflow/.local/lib/python3.8/site-packages/airflow/example_dags/example_short_circuit_operator.py took 0.060 seconds
[2025-11-28T07:17:55.129+0000] {processor.py:161} INFO - Started process (PID=2845) to work on /home/airflow/.local/lib/python3.8/site-packages/airflow/example_dags/example_short_circuit_operator.py
[2025-11-28T07:17:55.132+0000] {processor.py:830} INFO - Processing file /home/airflow/.local/lib/python3.8/site-packages/airflow/example_dags/example_short_circuit_operator.py for tasks to queue
[2025-11-28T07:17:55.137+0000] {logging_mixin.py:188} INFO - [2025-11-28T07:17:55.137+0000] {dagbag.py:538} INFO - Filling up the DagBag from /home/airflow/.local/lib/python3.8/site-packages/airflow/example_dags/example_short_circuit_operator.py
[2025-11-28T07:17:55.151+0000] {processor.py:840} INFO - DAG(s) 'example_short_circuit_operator' retrieved from /home/airflow/.local/lib/python3.8/site-packages/airflow/example_dags/example_short_circuit_operator.py
[2025-11-28T07:17:55.174+0000] {logging_mixin.py:188} INFO - [2025-11-28T07:17:55.174+0000] {dag.py:3036} INFO - Sync 1 DAGs
[2025-11-28T07:17:55.197+0000] {logging_mixin.py:188} INFO - [2025-11-28T07:17:55.197+0000] {dag.py:3823} INFO - Setting next_dagrun for example_short_circuit_operator to 2025-11-27 00:00:00+00:00, run_after=2025-11-28 00:00:00+00:00
[2025-11-28T07:17:55.221+0000] {processor.py:183} INFO - Processing /home/airflow/.local/lib/python3.8/site-packages/airflow/example_dags/example_short_circuit_operator.py took 0.100 seconds
[2025-11-28T07:18:26.002+0000] {processor.py:161} INFO - Started process (PID=2900) to work on /home/airflow/.local/lib/python3.8/site-packages/airflow/example_dags/example_short_circuit_operator.py
[2025-11-28T07:18:26.004+0000] {processor.py:830} INFO - Processing file /home/airflow/.local/lib/python3.8/site-packages/airflow/example_dags/example_short_circuit_operator.py for tasks to queue
[2025-11-28T07:18:26.006+0000] {logging_mixin.py:188} INFO - [2025-11-28T07:18:26.006+0000] {dagbag.py:538} INFO - Filling up the DagBag from /home/airflow/.local/lib/python3.8/site-packages/airflow/example_dags/example_short_circuit_operator.py
[2025-11-28T07:18:26.012+0000] {processor.py:840} INFO - DAG(s) 'example_short_circuit_operator' retrieved from /home/airflow/.local/lib/python3.8/site-packages/airflow/example_dags/example_short_circuit_operator.py
[2025-11-28T07:18:26.035+0000] {logging_mixin.py:188} INFO - [2025-11-28T07:18:26.035+0000] {dag.py:3036} INFO - Sync 1 DAGs
[2025-11-28T07:18:26.055+0000] {logging_mixin.py:188} INFO - [2025-11-28T07:18:26.055+0000] {dag.py:3823} INFO - Setting next_dagrun for example_short_circuit_operator to 2025-11-27 00:00:00+00:00, run_after=2025-11-28 00:00:00+00:00
[2025-11-28T07:18:26.069+0000] {processor.py:183} INFO - Processing /home/airflow/.local/lib/python3.8/site-packages/airflow/example_dags/example_short_circuit_operator.py took 0.069 seconds
[2025-11-28T07:18:56.439+0000] {processor.py:161} INFO - Started process (PID=2955) to work on /home/airflow/.local/lib/python3.8/site-packages/airflow/example_dags/example_short_circuit_operator.py
[2025-11-28T07:18:56.440+0000] {processor.py:830} INFO - Processing file /home/airflow/.local/lib/python3.8/site-packages/airflow/example_dags/example_short_circuit_operator.py for tasks to queue
[2025-11-28T07:18:56.442+0000] {logging_mixin.py:188} INFO - [2025-11-28T07:18:56.442+0000] {dagbag.py:538} INFO - Filling up the DagBag from /home/airflow/.local/lib/python3.8/site-packages/airflow/example_dags/example_short_circuit_operator.py
[2025-11-28T07:18:56.450+0000] {processor.py:840} INFO - DAG(s) 'example_short_circuit_operator' retrieved from /home/airflow/.local/lib/python3.8/site-packages/airflow/example_dags/example_short_circuit_operator.py
[2025-11-28T07:18:56.479+0000] {logging_mixin.py:188} INFO - [2025-11-28T07:18:56.479+0000] {dag.py:3036} INFO - Sync 1 DAGs
[2025-11-28T07:18:56.503+0000] {logging_mixin.py:188} INFO - [2025-11-28T07:18:56.503+0000] {dag.py:3823} INFO - Setting next_dagrun for example_short_circuit_operator to 2025-11-27 00:00:00+00:00, run_after=2025-11-28 00:00:00+00:00
[2025-11-28T07:18:56.521+0000] {processor.py:183} INFO - Processing /home/airflow/.local/lib/python3.8/site-packages/airflow/example_dags/example_short_circuit_operator.py took 0.086 seconds
[2025-11-28T07:19:26.985+0000] {processor.py:161} INFO - Started process (PID=3009) to work on /home/airflow/.local/lib/python3.8/site-packages/airflow/example_dags/example_short_circuit_operator.py
[2025-11-28T07:19:26.987+0000] {processor.py:830} INFO - Processing file /home/airflow/.local/lib/python3.8/site-packages/airflow/example_dags/example_short_circuit_operator.py for tasks to queue
[2025-11-28T07:19:26.990+0000] {logging_mixin.py:188} INFO - [2025-11-28T07:19:26.989+0000] {dagbag.py:538} INFO - Filling up the DagBag from /home/airflow/.local/lib/python3.8/site-packages/airflow/example_dags/example_short_circuit_operator.py
[2025-11-28T07:19:27.003+0000] {processor.py:840} INFO - DAG(s) 'example_short_circuit_operator' retrieved from /home/airflow/.local/lib/python3.8/site-packages/airflow/example_dags/example_short_circuit_operator.py
[2025-11-28T07:19:27.051+0000] {logging_mixin.py:188} INFO - [2025-11-28T07:19:27.050+0000] {dag.py:3036} INFO - Sync 1 DAGs
[2025-11-28T07:19:27.084+0000] {logging_mixin.py:188} INFO - [2025-11-28T07:19:27.084+0000] {dag.py:3823} INFO - Setting next_dagrun for example_short_circuit_operator to 2025-11-27 00:00:00+00:00, run_after=2025-11-28 00:00:00+00:00
[2025-11-28T07:19:27.118+0000] {processor.py:183} INFO - Processing /home/airflow/.local/lib/python3.8/site-packages/airflow/example_dags/example_short_circuit_operator.py took 0.136 seconds
