[2025-11-28T06:52:27.089+0000] {processor.py:161} INFO - Started process (PID=96) to work on /home/airflow/.local/lib/python3.8/site-packages/airflow/example_dags/example_short_circuit_decorator.py
[2025-11-28T06:52:27.091+0000] {processor.py:830} INFO - Processing file /home/airflow/.local/lib/python3.8/site-packages/airflow/example_dags/example_short_circuit_decorator.py for tasks to queue
[2025-11-28T06:52:27.093+0000] {logging_mixin.py:188} INFO - [2025-11-28T06:52:27.092+0000] {dagbag.py:538} INFO - Filling up the DagBag from /home/airflow/.local/lib/python3.8/site-packages/airflow/example_dags/example_short_circuit_decorator.py
[2025-11-28T06:52:27.105+0000] {processor.py:840} INFO - DAG(s) 'example_short_circuit_decorator' retrieved from /home/airflow/.local/lib/python3.8/site-packages/airflow/example_dags/example_short_circuit_decorator.py
[2025-11-28T06:52:27.209+0000] {logging_mixin.py:188} INFO - [2025-11-28T06:52:27.208+0000] {override.py:1769} INFO - Created Permission View: can edit on DAG:example_short_circuit_decorator
[2025-11-28T06:52:27.219+0000] {logging_mixin.py:188} INFO - [2025-11-28T06:52:27.218+0000] {override.py:1769} INFO - Created Permission View: can delete on DAG:example_short_circuit_decorator
[2025-11-28T06:52:27.226+0000] {logging_mixin.py:188} INFO - [2025-11-28T06:52:27.226+0000] {override.py:1769} INFO - Created Permission View: can read on DAG:example_short_circuit_decorator
[2025-11-28T06:52:27.227+0000] {logging_mixin.py:188} INFO - [2025-11-28T06:52:27.227+0000] {dag.py:3036} INFO - Sync 1 DAGs
[2025-11-28T06:52:27.238+0000] {logging_mixin.py:188} INFO - [2025-11-28T06:52:27.237+0000] {dag.py:3058} INFO - Creating ORM DAG for example_short_circuit_decorator
[2025-11-28T06:52:27.250+0000] {logging_mixin.py:188} INFO - [2025-11-28T06:52:27.249+0000] {dag.py:3823} INFO - Setting next_dagrun for example_short_circuit_decorator to 2025-11-27 00:00:00+00:00, run_after=2025-11-28 00:00:00+00:00
[2025-11-28T06:52:27.271+0000] {processor.py:183} INFO - Processing /home/airflow/.local/lib/python3.8/site-packages/airflow/example_dags/example_short_circuit_decorator.py took 0.186 seconds
[2025-11-28T06:52:57.412+0000] {processor.py:161} INFO - Started process (PID=151) to work on /home/airflow/.local/lib/python3.8/site-packages/airflow/example_dags/example_short_circuit_decorator.py
[2025-11-28T06:52:57.414+0000] {processor.py:830} INFO - Processing file /home/airflow/.local/lib/python3.8/site-packages/airflow/example_dags/example_short_circuit_decorator.py for tasks to queue
[2025-11-28T06:52:57.417+0000] {logging_mixin.py:188} INFO - [2025-11-28T06:52:57.417+0000] {dagbag.py:538} INFO - Filling up the DagBag from /home/airflow/.local/lib/python3.8/site-packages/airflow/example_dags/example_short_circuit_decorator.py
[2025-11-28T06:52:57.428+0000] {processor.py:840} INFO - DAG(s) 'example_short_circuit_decorator' retrieved from /home/airflow/.local/lib/python3.8/site-packages/airflow/example_dags/example_short_circuit_decorator.py
[2025-11-28T06:52:57.453+0000] {logging_mixin.py:188} INFO - [2025-11-28T06:52:57.452+0000] {dag.py:3036} INFO - Sync 1 DAGs
[2025-11-28T06:52:57.471+0000] {logging_mixin.py:188} INFO - [2025-11-28T06:52:57.471+0000] {dag.py:3823} INFO - Setting next_dagrun for example_short_circuit_decorator to 2025-11-27 00:00:00+00:00, run_after=2025-11-28 00:00:00+00:00
[2025-11-28T06:52:57.489+0000] {processor.py:183} INFO - Processing /home/airflow/.local/lib/python3.8/site-packages/airflow/example_dags/example_short_circuit_decorator.py took 0.081 seconds
[2025-11-28T06:53:27.952+0000] {processor.py:161} INFO - Started process (PID=206) to work on /home/airflow/.local/lib/python3.8/site-packages/airflow/example_dags/example_short_circuit_decorator.py
[2025-11-28T06:53:27.953+0000] {processor.py:830} INFO - Processing file /home/airflow/.local/lib/python3.8/site-packages/airflow/example_dags/example_short_circuit_decorator.py for tasks to queue
[2025-11-28T06:53:27.956+0000] {logging_mixin.py:188} INFO - [2025-11-28T06:53:27.955+0000] {dagbag.py:538} INFO - Filling up the DagBag from /home/airflow/.local/lib/python3.8/site-packages/airflow/example_dags/example_short_circuit_decorator.py
[2025-11-28T06:53:27.965+0000] {processor.py:840} INFO - DAG(s) 'example_short_circuit_decorator' retrieved from /home/airflow/.local/lib/python3.8/site-packages/airflow/example_dags/example_short_circuit_decorator.py
[2025-11-28T06:53:27.987+0000] {logging_mixin.py:188} INFO - [2025-11-28T06:53:27.986+0000] {dag.py:3036} INFO - Sync 1 DAGs
[2025-11-28T06:53:28.006+0000] {logging_mixin.py:188} INFO - [2025-11-28T06:53:28.006+0000] {dag.py:3823} INFO - Setting next_dagrun for example_short_circuit_decorator to 2025-11-27 00:00:00+00:00, run_after=2025-11-28 00:00:00+00:00
[2025-11-28T06:53:28.025+0000] {processor.py:183} INFO - Processing /home/airflow/.local/lib/python3.8/site-packages/airflow/example_dags/example_short_circuit_decorator.py took 0.077 seconds
[2025-11-28T06:53:58.345+0000] {processor.py:161} INFO - Started process (PID=261) to work on /home/airflow/.local/lib/python3.8/site-packages/airflow/example_dags/example_short_circuit_decorator.py
[2025-11-28T06:53:58.347+0000] {processor.py:830} INFO - Processing file /home/airflow/.local/lib/python3.8/site-packages/airflow/example_dags/example_short_circuit_decorator.py for tasks to queue
[2025-11-28T06:53:58.349+0000] {logging_mixin.py:188} INFO - [2025-11-28T06:53:58.348+0000] {dagbag.py:538} INFO - Filling up the DagBag from /home/airflow/.local/lib/python3.8/site-packages/airflow/example_dags/example_short_circuit_decorator.py
[2025-11-28T06:53:58.359+0000] {processor.py:840} INFO - DAG(s) 'example_short_circuit_decorator' retrieved from /home/airflow/.local/lib/python3.8/site-packages/airflow/example_dags/example_short_circuit_decorator.py
[2025-11-28T06:53:58.384+0000] {logging_mixin.py:188} INFO - [2025-11-28T06:53:58.383+0000] {dag.py:3036} INFO - Sync 1 DAGs
[2025-11-28T06:53:58.403+0000] {logging_mixin.py:188} INFO - [2025-11-28T06:53:58.403+0000] {dag.py:3823} INFO - Setting next_dagrun for example_short_circuit_decorator to 2025-11-27 00:00:00+00:00, run_after=2025-11-28 00:00:00+00:00
[2025-11-28T06:53:58.425+0000] {processor.py:183} INFO - Processing /home/airflow/.local/lib/python3.8/site-packages/airflow/example_dags/example_short_circuit_decorator.py took 0.082 seconds
[2025-11-28T06:54:28.503+0000] {processor.py:161} INFO - Started process (PID=316) to work on /home/airflow/.local/lib/python3.8/site-packages/airflow/example_dags/example_short_circuit_decorator.py
[2025-11-28T06:54:28.504+0000] {processor.py:830} INFO - Processing file /home/airflow/.local/lib/python3.8/site-packages/airflow/example_dags/example_short_circuit_decorator.py for tasks to queue
[2025-11-28T06:54:28.506+0000] {logging_mixin.py:188} INFO - [2025-11-28T06:54:28.506+0000] {dagbag.py:538} INFO - Filling up the DagBag from /home/airflow/.local/lib/python3.8/site-packages/airflow/example_dags/example_short_circuit_decorator.py
[2025-11-28T06:54:28.516+0000] {processor.py:840} INFO - DAG(s) 'example_short_circuit_decorator' retrieved from /home/airflow/.local/lib/python3.8/site-packages/airflow/example_dags/example_short_circuit_decorator.py
[2025-11-28T06:54:28.536+0000] {logging_mixin.py:188} INFO - [2025-11-28T06:54:28.536+0000] {dag.py:3036} INFO - Sync 1 DAGs
[2025-11-28T06:54:28.557+0000] {logging_mixin.py:188} INFO - [2025-11-28T06:54:28.557+0000] {dag.py:3823} INFO - Setting next_dagrun for example_short_circuit_decorator to 2025-11-27 00:00:00+00:00, run_after=2025-11-28 00:00:00+00:00
[2025-11-28T06:54:28.576+0000] {processor.py:183} INFO - Processing /home/airflow/.local/lib/python3.8/site-packages/airflow/example_dags/example_short_circuit_decorator.py took 0.076 seconds
[2025-11-28T06:54:59.176+0000] {processor.py:161} INFO - Started process (PID=371) to work on /home/airflow/.local/lib/python3.8/site-packages/airflow/example_dags/example_short_circuit_decorator.py
[2025-11-28T06:54:59.177+0000] {processor.py:830} INFO - Processing file /home/airflow/.local/lib/python3.8/site-packages/airflow/example_dags/example_short_circuit_decorator.py for tasks to queue
[2025-11-28T06:54:59.179+0000] {logging_mixin.py:188} INFO - [2025-11-28T06:54:59.179+0000] {dagbag.py:538} INFO - Filling up the DagBag from /home/airflow/.local/lib/python3.8/site-packages/airflow/example_dags/example_short_circuit_decorator.py
[2025-11-28T06:54:59.188+0000] {processor.py:840} INFO - DAG(s) 'example_short_circuit_decorator' retrieved from /home/airflow/.local/lib/python3.8/site-packages/airflow/example_dags/example_short_circuit_decorator.py
[2025-11-28T06:54:59.201+0000] {logging_mixin.py:188} INFO - [2025-11-28T06:54:59.200+0000] {dag.py:3036} INFO - Sync 1 DAGs
[2025-11-28T06:54:59.224+0000] {logging_mixin.py:188} INFO - [2025-11-28T06:54:59.224+0000] {dag.py:3823} INFO - Setting next_dagrun for example_short_circuit_decorator to 2025-11-27 00:00:00+00:00, run_after=2025-11-28 00:00:00+00:00
[2025-11-28T06:54:59.247+0000] {processor.py:183} INFO - Processing /home/airflow/.local/lib/python3.8/site-packages/airflow/example_dags/example_short_circuit_decorator.py took 0.074 seconds
[2025-11-28T06:55:29.723+0000] {processor.py:161} INFO - Started process (PID=426) to work on /home/airflow/.local/lib/python3.8/site-packages/airflow/example_dags/example_short_circuit_decorator.py
[2025-11-28T06:55:29.725+0000] {processor.py:830} INFO - Processing file /home/airflow/.local/lib/python3.8/site-packages/airflow/example_dags/example_short_circuit_decorator.py for tasks to queue
[2025-11-28T06:55:29.727+0000] {logging_mixin.py:188} INFO - [2025-11-28T06:55:29.727+0000] {dagbag.py:538} INFO - Filling up the DagBag from /home/airflow/.local/lib/python3.8/site-packages/airflow/example_dags/example_short_circuit_decorator.py
[2025-11-28T06:55:29.734+0000] {processor.py:840} INFO - DAG(s) 'example_short_circuit_decorator' retrieved from /home/airflow/.local/lib/python3.8/site-packages/airflow/example_dags/example_short_circuit_decorator.py
[2025-11-28T06:55:29.833+0000] {logging_mixin.py:188} INFO - [2025-11-28T06:55:29.833+0000] {dag.py:3036} INFO - Sync 1 DAGs
[2025-11-28T06:55:29.848+0000] {logging_mixin.py:188} INFO - [2025-11-28T06:55:29.848+0000] {dag.py:3823} INFO - Setting next_dagrun for example_short_circuit_decorator to 2025-11-27 00:00:00+00:00, run_after=2025-11-28 00:00:00+00:00
[2025-11-28T06:55:29.871+0000] {processor.py:183} INFO - Processing /home/airflow/.local/lib/python3.8/site-packages/airflow/example_dags/example_short_circuit_decorator.py took 0.151 seconds
[2025-11-28T06:56:00.612+0000] {processor.py:161} INFO - Started process (PID=481) to work on /home/airflow/.local/lib/python3.8/site-packages/airflow/example_dags/example_short_circuit_decorator.py
[2025-11-28T06:56:00.614+0000] {processor.py:830} INFO - Processing file /home/airflow/.local/lib/python3.8/site-packages/airflow/example_dags/example_short_circuit_decorator.py for tasks to queue
[2025-11-28T06:56:00.615+0000] {logging_mixin.py:188} INFO - [2025-11-28T06:56:00.615+0000] {dagbag.py:538} INFO - Filling up the DagBag from /home/airflow/.local/lib/python3.8/site-packages/airflow/example_dags/example_short_circuit_decorator.py
[2025-11-28T06:56:00.624+0000] {processor.py:840} INFO - DAG(s) 'example_short_circuit_decorator' retrieved from /home/airflow/.local/lib/python3.8/site-packages/airflow/example_dags/example_short_circuit_decorator.py
[2025-11-28T06:56:00.651+0000] {logging_mixin.py:188} INFO - [2025-11-28T06:56:00.651+0000] {dag.py:3036} INFO - Sync 1 DAGs
[2025-11-28T06:56:00.669+0000] {logging_mixin.py:188} INFO - [2025-11-28T06:56:00.669+0000] {dag.py:3823} INFO - Setting next_dagrun for example_short_circuit_decorator to 2025-11-27 00:00:00+00:00, run_after=2025-11-28 00:00:00+00:00
[2025-11-28T06:56:00.687+0000] {processor.py:183} INFO - Processing /home/airflow/.local/lib/python3.8/site-packages/airflow/example_dags/example_short_circuit_decorator.py took 0.078 seconds
[2025-11-28T06:56:30.997+0000] {processor.py:161} INFO - Started process (PID=536) to work on /home/airflow/.local/lib/python3.8/site-packages/airflow/example_dags/example_short_circuit_decorator.py
[2025-11-28T06:56:30.998+0000] {processor.py:830} INFO - Processing file /home/airflow/.local/lib/python3.8/site-packages/airflow/example_dags/example_short_circuit_decorator.py for tasks to queue
[2025-11-28T06:56:31.001+0000] {logging_mixin.py:188} INFO - [2025-11-28T06:56:31.000+0000] {dagbag.py:538} INFO - Filling up the DagBag from /home/airflow/.local/lib/python3.8/site-packages/airflow/example_dags/example_short_circuit_decorator.py
[2025-11-28T06:56:31.010+0000] {processor.py:840} INFO - DAG(s) 'example_short_circuit_decorator' retrieved from /home/airflow/.local/lib/python3.8/site-packages/airflow/example_dags/example_short_circuit_decorator.py
[2025-11-28T06:56:31.030+0000] {logging_mixin.py:188} INFO - [2025-11-28T06:56:31.030+0000] {dag.py:3036} INFO - Sync 1 DAGs
[2025-11-28T06:56:31.049+0000] {logging_mixin.py:188} INFO - [2025-11-28T06:56:31.049+0000] {dag.py:3823} INFO - Setting next_dagrun for example_short_circuit_decorator to 2025-11-27 00:00:00+00:00, run_after=2025-11-28 00:00:00+00:00
[2025-11-28T06:56:31.079+0000] {processor.py:183} INFO - Processing /home/airflow/.local/lib/python3.8/site-packages/airflow/example_dags/example_short_circuit_decorator.py took 0.085 seconds
[2025-11-28T06:57:01.364+0000] {processor.py:161} INFO - Started process (PID=591) to work on /home/airflow/.local/lib/python3.8/site-packages/airflow/example_dags/example_short_circuit_decorator.py
[2025-11-28T06:57:01.366+0000] {processor.py:830} INFO - Processing file /home/airflow/.local/lib/python3.8/site-packages/airflow/example_dags/example_short_circuit_decorator.py for tasks to queue
[2025-11-28T06:57:01.368+0000] {logging_mixin.py:188} INFO - [2025-11-28T06:57:01.367+0000] {dagbag.py:538} INFO - Filling up the DagBag from /home/airflow/.local/lib/python3.8/site-packages/airflow/example_dags/example_short_circuit_decorator.py
[2025-11-28T06:57:01.377+0000] {processor.py:840} INFO - DAG(s) 'example_short_circuit_decorator' retrieved from /home/airflow/.local/lib/python3.8/site-packages/airflow/example_dags/example_short_circuit_decorator.py
[2025-11-28T06:57:01.399+0000] {logging_mixin.py:188} INFO - [2025-11-28T06:57:01.398+0000] {dag.py:3036} INFO - Sync 1 DAGs
[2025-11-28T06:57:01.418+0000] {logging_mixin.py:188} INFO - [2025-11-28T06:57:01.418+0000] {dag.py:3823} INFO - Setting next_dagrun for example_short_circuit_decorator to 2025-11-27 00:00:00+00:00, run_after=2025-11-28 00:00:00+00:00
[2025-11-28T06:57:01.438+0000] {processor.py:183} INFO - Processing /home/airflow/.local/lib/python3.8/site-packages/airflow/example_dags/example_short_circuit_decorator.py took 0.077 seconds
[2025-11-28T06:57:32.034+0000] {processor.py:161} INFO - Started process (PID=646) to work on /home/airflow/.local/lib/python3.8/site-packages/airflow/example_dags/example_short_circuit_decorator.py
[2025-11-28T06:57:32.035+0000] {processor.py:830} INFO - Processing file /home/airflow/.local/lib/python3.8/site-packages/airflow/example_dags/example_short_circuit_decorator.py for tasks to queue
[2025-11-28T06:57:32.038+0000] {logging_mixin.py:188} INFO - [2025-11-28T06:57:32.037+0000] {dagbag.py:538} INFO - Filling up the DagBag from /home/airflow/.local/lib/python3.8/site-packages/airflow/example_dags/example_short_circuit_decorator.py
[2025-11-28T06:57:32.045+0000] {processor.py:840} INFO - DAG(s) 'example_short_circuit_decorator' retrieved from /home/airflow/.local/lib/python3.8/site-packages/airflow/example_dags/example_short_circuit_decorator.py
[2025-11-28T06:57:32.064+0000] {logging_mixin.py:188} INFO - [2025-11-28T06:57:32.064+0000] {dag.py:3036} INFO - Sync 1 DAGs
[2025-11-28T06:57:32.081+0000] {logging_mixin.py:188} INFO - [2025-11-28T06:57:32.081+0000] {dag.py:3823} INFO - Setting next_dagrun for example_short_circuit_decorator to 2025-11-27 00:00:00+00:00, run_after=2025-11-28 00:00:00+00:00
[2025-11-28T06:57:32.100+0000] {processor.py:183} INFO - Processing /home/airflow/.local/lib/python3.8/site-packages/airflow/example_dags/example_short_circuit_decorator.py took 0.071 seconds
[2025-11-28T06:58:02.960+0000] {processor.py:161} INFO - Started process (PID=701) to work on /home/airflow/.local/lib/python3.8/site-packages/airflow/example_dags/example_short_circuit_decorator.py
[2025-11-28T06:58:02.964+0000] {processor.py:830} INFO - Processing file /home/airflow/.local/lib/python3.8/site-packages/airflow/example_dags/example_short_circuit_decorator.py for tasks to queue
[2025-11-28T06:58:02.967+0000] {logging_mixin.py:188} INFO - [2025-11-28T06:58:02.966+0000] {dagbag.py:538} INFO - Filling up the DagBag from /home/airflow/.local/lib/python3.8/site-packages/airflow/example_dags/example_short_circuit_decorator.py
[2025-11-28T06:58:02.981+0000] {processor.py:840} INFO - DAG(s) 'example_short_circuit_decorator' retrieved from /home/airflow/.local/lib/python3.8/site-packages/airflow/example_dags/example_short_circuit_decorator.py
[2025-11-28T06:58:03.025+0000] {logging_mixin.py:188} INFO - [2025-11-28T06:58:03.024+0000] {dag.py:3036} INFO - Sync 1 DAGs
[2025-11-28T06:58:03.043+0000] {logging_mixin.py:188} INFO - [2025-11-28T06:58:03.043+0000] {dag.py:3823} INFO - Setting next_dagrun for example_short_circuit_decorator to 2025-11-27 00:00:00+00:00, run_after=2025-11-28 00:00:00+00:00
[2025-11-28T06:58:03.064+0000] {processor.py:183} INFO - Processing /home/airflow/.local/lib/python3.8/site-packages/airflow/example_dags/example_short_circuit_decorator.py took 0.109 seconds
[2025-11-28T06:58:33.230+0000] {processor.py:161} INFO - Started process (PID=756) to work on /home/airflow/.local/lib/python3.8/site-packages/airflow/example_dags/example_short_circuit_decorator.py
[2025-11-28T06:58:33.232+0000] {processor.py:830} INFO - Processing file /home/airflow/.local/lib/python3.8/site-packages/airflow/example_dags/example_short_circuit_decorator.py for tasks to queue
[2025-11-28T06:58:33.234+0000] {logging_mixin.py:188} INFO - [2025-11-28T06:58:33.234+0000] {dagbag.py:538} INFO - Filling up the DagBag from /home/airflow/.local/lib/python3.8/site-packages/airflow/example_dags/example_short_circuit_decorator.py
[2025-11-28T06:58:33.241+0000] {processor.py:840} INFO - DAG(s) 'example_short_circuit_decorator' retrieved from /home/airflow/.local/lib/python3.8/site-packages/airflow/example_dags/example_short_circuit_decorator.py
[2025-11-28T06:58:33.257+0000] {logging_mixin.py:188} INFO - [2025-11-28T06:58:33.257+0000] {dag.py:3036} INFO - Sync 1 DAGs
[2025-11-28T06:58:33.278+0000] {logging_mixin.py:188} INFO - [2025-11-28T06:58:33.278+0000] {dag.py:3823} INFO - Setting next_dagrun for example_short_circuit_decorator to 2025-11-27 00:00:00+00:00, run_after=2025-11-28 00:00:00+00:00
[2025-11-28T06:58:33.294+0000] {processor.py:183} INFO - Processing /home/airflow/.local/lib/python3.8/site-packages/airflow/example_dags/example_short_circuit_decorator.py took 0.066 seconds
[2025-11-28T06:59:04.058+0000] {processor.py:161} INFO - Started process (PID=811) to work on /home/airflow/.local/lib/python3.8/site-packages/airflow/example_dags/example_short_circuit_decorator.py
[2025-11-28T06:59:04.064+0000] {processor.py:830} INFO - Processing file /home/airflow/.local/lib/python3.8/site-packages/airflow/example_dags/example_short_circuit_decorator.py for tasks to queue
[2025-11-28T06:59:04.069+0000] {logging_mixin.py:188} INFO - [2025-11-28T06:59:04.068+0000] {dagbag.py:538} INFO - Filling up the DagBag from /home/airflow/.local/lib/python3.8/site-packages/airflow/example_dags/example_short_circuit_decorator.py
[2025-11-28T06:59:04.083+0000] {processor.py:840} INFO - DAG(s) 'example_short_circuit_decorator' retrieved from /home/airflow/.local/lib/python3.8/site-packages/airflow/example_dags/example_short_circuit_decorator.py
[2025-11-28T06:59:04.118+0000] {logging_mixin.py:188} INFO - [2025-11-28T06:59:04.117+0000] {dag.py:3036} INFO - Sync 1 DAGs
[2025-11-28T06:59:04.140+0000] {logging_mixin.py:188} INFO - [2025-11-28T06:59:04.140+0000] {dag.py:3823} INFO - Setting next_dagrun for example_short_circuit_decorator to 2025-11-27 00:00:00+00:00, run_after=2025-11-28 00:00:00+00:00
[2025-11-28T06:59:04.163+0000] {processor.py:183} INFO - Processing /home/airflow/.local/lib/python3.8/site-packages/airflow/example_dags/example_short_circuit_decorator.py took 0.111 seconds
[2025-11-28T06:59:34.375+0000] {processor.py:161} INFO - Started process (PID=866) to work on /home/airflow/.local/lib/python3.8/site-packages/airflow/example_dags/example_short_circuit_decorator.py
[2025-11-28T06:59:34.376+0000] {processor.py:830} INFO - Processing file /home/airflow/.local/lib/python3.8/site-packages/airflow/example_dags/example_short_circuit_decorator.py for tasks to queue
[2025-11-28T06:59:34.380+0000] {logging_mixin.py:188} INFO - [2025-11-28T06:59:34.380+0000] {dagbag.py:538} INFO - Filling up the DagBag from /home/airflow/.local/lib/python3.8/site-packages/airflow/example_dags/example_short_circuit_decorator.py
[2025-11-28T06:59:34.386+0000] {processor.py:840} INFO - DAG(s) 'example_short_circuit_decorator' retrieved from /home/airflow/.local/lib/python3.8/site-packages/airflow/example_dags/example_short_circuit_decorator.py
[2025-11-28T06:59:34.405+0000] {logging_mixin.py:188} INFO - [2025-11-28T06:59:34.405+0000] {dag.py:3036} INFO - Sync 1 DAGs
[2025-11-28T06:59:34.424+0000] {logging_mixin.py:188} INFO - [2025-11-28T06:59:34.424+0000] {dag.py:3823} INFO - Setting next_dagrun for example_short_circuit_decorator to 2025-11-27 00:00:00+00:00, run_after=2025-11-28 00:00:00+00:00
[2025-11-28T06:59:34.440+0000] {processor.py:183} INFO - Processing /home/airflow/.local/lib/python3.8/site-packages/airflow/example_dags/example_short_circuit_decorator.py took 0.068 seconds
[2025-11-28T07:00:04.552+0000] {processor.py:161} INFO - Started process (PID=921) to work on /home/airflow/.local/lib/python3.8/site-packages/airflow/example_dags/example_short_circuit_decorator.py
[2025-11-28T07:00:04.553+0000] {processor.py:830} INFO - Processing file /home/airflow/.local/lib/python3.8/site-packages/airflow/example_dags/example_short_circuit_decorator.py for tasks to queue
[2025-11-28T07:00:04.555+0000] {logging_mixin.py:188} INFO - [2025-11-28T07:00:04.555+0000] {dagbag.py:538} INFO - Filling up the DagBag from /home/airflow/.local/lib/python3.8/site-packages/airflow/example_dags/example_short_circuit_decorator.py
[2025-11-28T07:00:04.562+0000] {processor.py:840} INFO - DAG(s) 'example_short_circuit_decorator' retrieved from /home/airflow/.local/lib/python3.8/site-packages/airflow/example_dags/example_short_circuit_decorator.py
[2025-11-28T07:00:04.581+0000] {logging_mixin.py:188} INFO - [2025-11-28T07:00:04.581+0000] {dag.py:3036} INFO - Sync 1 DAGs
[2025-11-28T07:00:04.596+0000] {logging_mixin.py:188} INFO - [2025-11-28T07:00:04.595+0000] {dag.py:3823} INFO - Setting next_dagrun for example_short_circuit_decorator to 2025-11-27 00:00:00+00:00, run_after=2025-11-28 00:00:00+00:00
[2025-11-28T07:00:04.611+0000] {processor.py:183} INFO - Processing /home/airflow/.local/lib/python3.8/site-packages/airflow/example_dags/example_short_circuit_decorator.py took 0.062 seconds
[2025-11-28T07:00:35.308+0000] {processor.py:161} INFO - Started process (PID=976) to work on /home/airflow/.local/lib/python3.8/site-packages/airflow/example_dags/example_short_circuit_decorator.py
[2025-11-28T07:00:35.309+0000] {processor.py:830} INFO - Processing file /home/airflow/.local/lib/python3.8/site-packages/airflow/example_dags/example_short_circuit_decorator.py for tasks to queue
[2025-11-28T07:00:35.311+0000] {logging_mixin.py:188} INFO - [2025-11-28T07:00:35.310+0000] {dagbag.py:538} INFO - Filling up the DagBag from /home/airflow/.local/lib/python3.8/site-packages/airflow/example_dags/example_short_circuit_decorator.py
[2025-11-28T07:00:35.326+0000] {processor.py:840} INFO - DAG(s) 'example_short_circuit_decorator' retrieved from /home/airflow/.local/lib/python3.8/site-packages/airflow/example_dags/example_short_circuit_decorator.py
[2025-11-28T07:00:35.355+0000] {logging_mixin.py:188} INFO - [2025-11-28T07:00:35.355+0000] {dag.py:3036} INFO - Sync 1 DAGs
[2025-11-28T07:00:35.380+0000] {logging_mixin.py:188} INFO - [2025-11-28T07:00:35.380+0000] {dag.py:3823} INFO - Setting next_dagrun for example_short_circuit_decorator to 2025-11-27 00:00:00+00:00, run_after=2025-11-28 00:00:00+00:00
[2025-11-28T07:00:35.402+0000] {processor.py:183} INFO - Processing /home/airflow/.local/lib/python3.8/site-packages/airflow/example_dags/example_short_circuit_decorator.py took 0.097 seconds
[2025-11-28T07:01:05.789+0000] {processor.py:161} INFO - Started process (PID=1031) to work on /home/airflow/.local/lib/python3.8/site-packages/airflow/example_dags/example_short_circuit_decorator.py
[2025-11-28T07:01:05.790+0000] {processor.py:830} INFO - Processing file /home/airflow/.local/lib/python3.8/site-packages/airflow/example_dags/example_short_circuit_decorator.py for tasks to queue
[2025-11-28T07:01:05.793+0000] {logging_mixin.py:188} INFO - [2025-11-28T07:01:05.792+0000] {dagbag.py:538} INFO - Filling up the DagBag from /home/airflow/.local/lib/python3.8/site-packages/airflow/example_dags/example_short_circuit_decorator.py
[2025-11-28T07:01:05.803+0000] {processor.py:840} INFO - DAG(s) 'example_short_circuit_decorator' retrieved from /home/airflow/.local/lib/python3.8/site-packages/airflow/example_dags/example_short_circuit_decorator.py
[2025-11-28T07:01:05.828+0000] {logging_mixin.py:188} INFO - [2025-11-28T07:01:05.828+0000] {dag.py:3036} INFO - Sync 1 DAGs
[2025-11-28T07:01:05.847+0000] {logging_mixin.py:188} INFO - [2025-11-28T07:01:05.847+0000] {dag.py:3823} INFO - Setting next_dagrun for example_short_circuit_decorator to 2025-11-27 00:00:00+00:00, run_after=2025-11-28 00:00:00+00:00
[2025-11-28T07:01:05.871+0000] {processor.py:183} INFO - Processing /home/airflow/.local/lib/python3.8/site-packages/airflow/example_dags/example_short_circuit_decorator.py took 0.085 seconds
[2025-11-28T07:01:36.184+0000] {processor.py:161} INFO - Started process (PID=1085) to work on /home/airflow/.local/lib/python3.8/site-packages/airflow/example_dags/example_short_circuit_decorator.py
[2025-11-28T07:01:36.185+0000] {processor.py:830} INFO - Processing file /home/airflow/.local/lib/python3.8/site-packages/airflow/example_dags/example_short_circuit_decorator.py for tasks to queue
[2025-11-28T07:01:36.187+0000] {logging_mixin.py:188} INFO - [2025-11-28T07:01:36.187+0000] {dagbag.py:538} INFO - Filling up the DagBag from /home/airflow/.local/lib/python3.8/site-packages/airflow/example_dags/example_short_circuit_decorator.py
[2025-11-28T07:01:36.199+0000] {processor.py:840} INFO - DAG(s) 'example_short_circuit_decorator' retrieved from /home/airflow/.local/lib/python3.8/site-packages/airflow/example_dags/example_short_circuit_decorator.py
[2025-11-28T07:01:36.225+0000] {logging_mixin.py:188} INFO - [2025-11-28T07:01:36.225+0000] {dag.py:3036} INFO - Sync 1 DAGs
[2025-11-28T07:01:36.245+0000] {logging_mixin.py:188} INFO - [2025-11-28T07:01:36.245+0000] {dag.py:3823} INFO - Setting next_dagrun for example_short_circuit_decorator to 2025-11-27 00:00:00+00:00, run_after=2025-11-28 00:00:00+00:00
[2025-11-28T07:01:36.263+0000] {processor.py:183} INFO - Processing /home/airflow/.local/lib/python3.8/site-packages/airflow/example_dags/example_short_circuit_decorator.py took 0.083 seconds
[2025-11-28T07:02:07.141+0000] {processor.py:161} INFO - Started process (PID=1140) to work on /home/airflow/.local/lib/python3.8/site-packages/airflow/example_dags/example_short_circuit_decorator.py
[2025-11-28T07:02:07.143+0000] {processor.py:830} INFO - Processing file /home/airflow/.local/lib/python3.8/site-packages/airflow/example_dags/example_short_circuit_decorator.py for tasks to queue
[2025-11-28T07:02:07.145+0000] {logging_mixin.py:188} INFO - [2025-11-28T07:02:07.144+0000] {dagbag.py:538} INFO - Filling up the DagBag from /home/airflow/.local/lib/python3.8/site-packages/airflow/example_dags/example_short_circuit_decorator.py
[2025-11-28T07:02:07.153+0000] {processor.py:840} INFO - DAG(s) 'example_short_circuit_decorator' retrieved from /home/airflow/.local/lib/python3.8/site-packages/airflow/example_dags/example_short_circuit_decorator.py
[2025-11-28T07:02:07.175+0000] {logging_mixin.py:188} INFO - [2025-11-28T07:02:07.175+0000] {dag.py:3036} INFO - Sync 1 DAGs
[2025-11-28T07:02:07.191+0000] {logging_mixin.py:188} INFO - [2025-11-28T07:02:07.191+0000] {dag.py:3823} INFO - Setting next_dagrun for example_short_circuit_decorator to 2025-11-27 00:00:00+00:00, run_after=2025-11-28 00:00:00+00:00
[2025-11-28T07:02:07.209+0000] {processor.py:183} INFO - Processing /home/airflow/.local/lib/python3.8/site-packages/airflow/example_dags/example_short_circuit_decorator.py took 0.071 seconds
[2025-11-28T07:02:37.351+0000] {processor.py:161} INFO - Started process (PID=1194) to work on /home/airflow/.local/lib/python3.8/site-packages/airflow/example_dags/example_short_circuit_decorator.py
[2025-11-28T07:02:37.353+0000] {processor.py:830} INFO - Processing file /home/airflow/.local/lib/python3.8/site-packages/airflow/example_dags/example_short_circuit_decorator.py for tasks to queue
[2025-11-28T07:02:37.355+0000] {logging_mixin.py:188} INFO - [2025-11-28T07:02:37.355+0000] {dagbag.py:538} INFO - Filling up the DagBag from /home/airflow/.local/lib/python3.8/site-packages/airflow/example_dags/example_short_circuit_decorator.py
[2025-11-28T07:02:37.367+0000] {processor.py:840} INFO - DAG(s) 'example_short_circuit_decorator' retrieved from /home/airflow/.local/lib/python3.8/site-packages/airflow/example_dags/example_short_circuit_decorator.py
[2025-11-28T07:02:37.401+0000] {logging_mixin.py:188} INFO - [2025-11-28T07:02:37.400+0000] {dag.py:3036} INFO - Sync 1 DAGs
[2025-11-28T07:02:37.428+0000] {logging_mixin.py:188} INFO - [2025-11-28T07:02:37.427+0000] {dag.py:3823} INFO - Setting next_dagrun for example_short_circuit_decorator to 2025-11-27 00:00:00+00:00, run_after=2025-11-28 00:00:00+00:00
[2025-11-28T07:02:37.455+0000] {processor.py:183} INFO - Processing /home/airflow/.local/lib/python3.8/site-packages/airflow/example_dags/example_short_circuit_decorator.py took 0.107 seconds
[2025-11-28T07:03:08.103+0000] {processor.py:161} INFO - Started process (PID=1250) to work on /home/airflow/.local/lib/python3.8/site-packages/airflow/example_dags/example_short_circuit_decorator.py
[2025-11-28T07:03:08.104+0000] {processor.py:830} INFO - Processing file /home/airflow/.local/lib/python3.8/site-packages/airflow/example_dags/example_short_circuit_decorator.py for tasks to queue
[2025-11-28T07:03:08.106+0000] {logging_mixin.py:188} INFO - [2025-11-28T07:03:08.106+0000] {dagbag.py:538} INFO - Filling up the DagBag from /home/airflow/.local/lib/python3.8/site-packages/airflow/example_dags/example_short_circuit_decorator.py
[2025-11-28T07:03:08.114+0000] {processor.py:840} INFO - DAG(s) 'example_short_circuit_decorator' retrieved from /home/airflow/.local/lib/python3.8/site-packages/airflow/example_dags/example_short_circuit_decorator.py
[2025-11-28T07:03:08.132+0000] {logging_mixin.py:188} INFO - [2025-11-28T07:03:08.132+0000] {dag.py:3036} INFO - Sync 1 DAGs
[2025-11-28T07:03:08.150+0000] {logging_mixin.py:188} INFO - [2025-11-28T07:03:08.150+0000] {dag.py:3823} INFO - Setting next_dagrun for example_short_circuit_decorator to 2025-11-27 00:00:00+00:00, run_after=2025-11-28 00:00:00+00:00
[2025-11-28T07:03:08.166+0000] {processor.py:183} INFO - Processing /home/airflow/.local/lib/python3.8/site-packages/airflow/example_dags/example_short_circuit_decorator.py took 0.067 seconds
[2025-11-28T07:03:39.334+0000] {processor.py:161} INFO - Started process (PID=1305) to work on /home/airflow/.local/lib/python3.8/site-packages/airflow/example_dags/example_short_circuit_decorator.py
[2025-11-28T07:03:39.343+0000] {processor.py:830} INFO - Processing file /home/airflow/.local/lib/python3.8/site-packages/airflow/example_dags/example_short_circuit_decorator.py for tasks to queue
[2025-11-28T07:03:39.349+0000] {logging_mixin.py:188} INFO - [2025-11-28T07:03:39.349+0000] {dagbag.py:538} INFO - Filling up the DagBag from /home/airflow/.local/lib/python3.8/site-packages/airflow/example_dags/example_short_circuit_decorator.py
[2025-11-28T07:03:39.365+0000] {processor.py:840} INFO - DAG(s) 'example_short_circuit_decorator' retrieved from /home/airflow/.local/lib/python3.8/site-packages/airflow/example_dags/example_short_circuit_decorator.py
[2025-11-28T07:03:39.400+0000] {logging_mixin.py:188} INFO - [2025-11-28T07:03:39.400+0000] {dag.py:3036} INFO - Sync 1 DAGs
[2025-11-28T07:03:39.423+0000] {logging_mixin.py:188} INFO - [2025-11-28T07:03:39.423+0000] {dag.py:3823} INFO - Setting next_dagrun for example_short_circuit_decorator to 2025-11-27 00:00:00+00:00, run_after=2025-11-28 00:00:00+00:00
[2025-11-28T07:03:39.450+0000] {processor.py:183} INFO - Processing /home/airflow/.local/lib/python3.8/site-packages/airflow/example_dags/example_short_circuit_decorator.py took 0.122 seconds
[2025-11-28T07:04:10.105+0000] {processor.py:161} INFO - Started process (PID=1360) to work on /home/airflow/.local/lib/python3.8/site-packages/airflow/example_dags/example_short_circuit_decorator.py
[2025-11-28T07:04:10.107+0000] {processor.py:830} INFO - Processing file /home/airflow/.local/lib/python3.8/site-packages/airflow/example_dags/example_short_circuit_decorator.py for tasks to queue
[2025-11-28T07:04:10.109+0000] {logging_mixin.py:188} INFO - [2025-11-28T07:04:10.109+0000] {dagbag.py:538} INFO - Filling up the DagBag from /home/airflow/.local/lib/python3.8/site-packages/airflow/example_dags/example_short_circuit_decorator.py
[2025-11-28T07:04:10.120+0000] {processor.py:840} INFO - DAG(s) 'example_short_circuit_decorator' retrieved from /home/airflow/.local/lib/python3.8/site-packages/airflow/example_dags/example_short_circuit_decorator.py
[2025-11-28T07:04:10.141+0000] {logging_mixin.py:188} INFO - [2025-11-28T07:04:10.141+0000] {dag.py:3036} INFO - Sync 1 DAGs
[2025-11-28T07:04:10.160+0000] {logging_mixin.py:188} INFO - [2025-11-28T07:04:10.160+0000] {dag.py:3823} INFO - Setting next_dagrun for example_short_circuit_decorator to 2025-11-27 00:00:00+00:00, run_after=2025-11-28 00:00:00+00:00
[2025-11-28T07:04:10.187+0000] {processor.py:183} INFO - Processing /home/airflow/.local/lib/python3.8/site-packages/airflow/example_dags/example_short_circuit_decorator.py took 0.085 seconds
[2025-11-28T07:04:41.029+0000] {processor.py:161} INFO - Started process (PID=1415) to work on /home/airflow/.local/lib/python3.8/site-packages/airflow/example_dags/example_short_circuit_decorator.py
[2025-11-28T07:04:41.030+0000] {processor.py:830} INFO - Processing file /home/airflow/.local/lib/python3.8/site-packages/airflow/example_dags/example_short_circuit_decorator.py for tasks to queue
[2025-11-28T07:04:41.032+0000] {logging_mixin.py:188} INFO - [2025-11-28T07:04:41.032+0000] {dagbag.py:538} INFO - Filling up the DagBag from /home/airflow/.local/lib/python3.8/site-packages/airflow/example_dags/example_short_circuit_decorator.py
[2025-11-28T07:04:41.039+0000] {processor.py:840} INFO - DAG(s) 'example_short_circuit_decorator' retrieved from /home/airflow/.local/lib/python3.8/site-packages/airflow/example_dags/example_short_circuit_decorator.py
[2025-11-28T07:04:41.059+0000] {logging_mixin.py:188} INFO - [2025-11-28T07:04:41.059+0000] {dag.py:3036} INFO - Sync 1 DAGs
[2025-11-28T07:04:41.073+0000] {logging_mixin.py:188} INFO - [2025-11-28T07:04:41.073+0000] {dag.py:3823} INFO - Setting next_dagrun for example_short_circuit_decorator to 2025-11-27 00:00:00+00:00, run_after=2025-11-28 00:00:00+00:00
[2025-11-28T07:04:41.088+0000] {processor.py:183} INFO - Processing /home/airflow/.local/lib/python3.8/site-packages/airflow/example_dags/example_short_circuit_decorator.py took 0.062 seconds
[2025-11-28T07:05:11.567+0000] {processor.py:161} INFO - Started process (PID=1471) to work on /home/airflow/.local/lib/python3.8/site-packages/airflow/example_dags/example_short_circuit_decorator.py
[2025-11-28T07:05:11.569+0000] {processor.py:830} INFO - Processing file /home/airflow/.local/lib/python3.8/site-packages/airflow/example_dags/example_short_circuit_decorator.py for tasks to queue
[2025-11-28T07:05:11.572+0000] {logging_mixin.py:188} INFO - [2025-11-28T07:05:11.571+0000] {dagbag.py:538} INFO - Filling up the DagBag from /home/airflow/.local/lib/python3.8/site-packages/airflow/example_dags/example_short_circuit_decorator.py
[2025-11-28T07:05:11.586+0000] {processor.py:840} INFO - DAG(s) 'example_short_circuit_decorator' retrieved from /home/airflow/.local/lib/python3.8/site-packages/airflow/example_dags/example_short_circuit_decorator.py
[2025-11-28T07:05:11.618+0000] {logging_mixin.py:188} INFO - [2025-11-28T07:05:11.618+0000] {dag.py:3036} INFO - Sync 1 DAGs
[2025-11-28T07:05:11.644+0000] {logging_mixin.py:188} INFO - [2025-11-28T07:05:11.644+0000] {dag.py:3823} INFO - Setting next_dagrun for example_short_circuit_decorator to 2025-11-27 00:00:00+00:00, run_after=2025-11-28 00:00:00+00:00
[2025-11-28T07:05:11.671+0000] {processor.py:183} INFO - Processing /home/airflow/.local/lib/python3.8/site-packages/airflow/example_dags/example_short_circuit_decorator.py took 0.108 seconds
[2025-11-28T07:05:42.309+0000] {processor.py:161} INFO - Started process (PID=1526) to work on /home/airflow/.local/lib/python3.8/site-packages/airflow/example_dags/example_short_circuit_decorator.py
[2025-11-28T07:05:42.311+0000] {processor.py:830} INFO - Processing file /home/airflow/.local/lib/python3.8/site-packages/airflow/example_dags/example_short_circuit_decorator.py for tasks to queue
[2025-11-28T07:05:42.314+0000] {logging_mixin.py:188} INFO - [2025-11-28T07:05:42.313+0000] {dagbag.py:538} INFO - Filling up the DagBag from /home/airflow/.local/lib/python3.8/site-packages/airflow/example_dags/example_short_circuit_decorator.py
[2025-11-28T07:05:42.323+0000] {processor.py:840} INFO - DAG(s) 'example_short_circuit_decorator' retrieved from /home/airflow/.local/lib/python3.8/site-packages/airflow/example_dags/example_short_circuit_decorator.py
[2025-11-28T07:05:42.345+0000] {logging_mixin.py:188} INFO - [2025-11-28T07:05:42.345+0000] {dag.py:3036} INFO - Sync 1 DAGs
[2025-11-28T07:05:42.362+0000] {logging_mixin.py:188} INFO - [2025-11-28T07:05:42.362+0000] {dag.py:3823} INFO - Setting next_dagrun for example_short_circuit_decorator to 2025-11-27 00:00:00+00:00, run_after=2025-11-28 00:00:00+00:00
[2025-11-28T07:05:42.383+0000] {processor.py:183} INFO - Processing /home/airflow/.local/lib/python3.8/site-packages/airflow/example_dags/example_short_circuit_decorator.py took 0.078 seconds
[2025-11-28T07:06:13.136+0000] {processor.py:161} INFO - Started process (PID=1581) to work on /home/airflow/.local/lib/python3.8/site-packages/airflow/example_dags/example_short_circuit_decorator.py
[2025-11-28T07:06:13.138+0000] {processor.py:830} INFO - Processing file /home/airflow/.local/lib/python3.8/site-packages/airflow/example_dags/example_short_circuit_decorator.py for tasks to queue
[2025-11-28T07:06:13.141+0000] {logging_mixin.py:188} INFO - [2025-11-28T07:06:13.140+0000] {dagbag.py:538} INFO - Filling up the DagBag from /home/airflow/.local/lib/python3.8/site-packages/airflow/example_dags/example_short_circuit_decorator.py
[2025-11-28T07:06:13.156+0000] {processor.py:840} INFO - DAG(s) 'example_short_circuit_decorator' retrieved from /home/airflow/.local/lib/python3.8/site-packages/airflow/example_dags/example_short_circuit_decorator.py
[2025-11-28T07:06:13.181+0000] {logging_mixin.py:188} INFO - [2025-11-28T07:06:13.181+0000] {dag.py:3036} INFO - Sync 1 DAGs
[2025-11-28T07:06:13.206+0000] {logging_mixin.py:188} INFO - [2025-11-28T07:06:13.205+0000] {dag.py:3823} INFO - Setting next_dagrun for example_short_circuit_decorator to 2025-11-27 00:00:00+00:00, run_after=2025-11-28 00:00:00+00:00
[2025-11-28T07:06:13.224+0000] {processor.py:183} INFO - Processing /home/airflow/.local/lib/python3.8/site-packages/airflow/example_dags/example_short_circuit_decorator.py took 0.093 seconds
[2025-11-28T07:06:43.629+0000] {processor.py:161} INFO - Started process (PID=1636) to work on /home/airflow/.local/lib/python3.8/site-packages/airflow/example_dags/example_short_circuit_decorator.py
[2025-11-28T07:06:43.631+0000] {processor.py:830} INFO - Processing file /home/airflow/.local/lib/python3.8/site-packages/airflow/example_dags/example_short_circuit_decorator.py for tasks to queue
[2025-11-28T07:06:43.635+0000] {logging_mixin.py:188} INFO - [2025-11-28T07:06:43.634+0000] {dagbag.py:538} INFO - Filling up the DagBag from /home/airflow/.local/lib/python3.8/site-packages/airflow/example_dags/example_short_circuit_decorator.py
[2025-11-28T07:06:43.664+0000] {processor.py:840} INFO - DAG(s) 'example_short_circuit_decorator' retrieved from /home/airflow/.local/lib/python3.8/site-packages/airflow/example_dags/example_short_circuit_decorator.py
[2025-11-28T07:06:43.686+0000] {logging_mixin.py:188} INFO - [2025-11-28T07:06:43.686+0000] {dag.py:3036} INFO - Sync 1 DAGs
[2025-11-28T07:06:43.703+0000] {logging_mixin.py:188} INFO - [2025-11-28T07:06:43.703+0000] {dag.py:3823} INFO - Setting next_dagrun for example_short_circuit_decorator to 2025-11-27 00:00:00+00:00, run_after=2025-11-28 00:00:00+00:00
[2025-11-28T07:06:43.719+0000] {processor.py:183} INFO - Processing /home/airflow/.local/lib/python3.8/site-packages/airflow/example_dags/example_short_circuit_decorator.py took 0.094 seconds
[2025-11-28T07:07:13.935+0000] {processor.py:161} INFO - Started process (PID=1691) to work on /home/airflow/.local/lib/python3.8/site-packages/airflow/example_dags/example_short_circuit_decorator.py
[2025-11-28T07:07:13.936+0000] {processor.py:830} INFO - Processing file /home/airflow/.local/lib/python3.8/site-packages/airflow/example_dags/example_short_circuit_decorator.py for tasks to queue
[2025-11-28T07:07:13.939+0000] {logging_mixin.py:188} INFO - [2025-11-28T07:07:13.939+0000] {dagbag.py:538} INFO - Filling up the DagBag from /home/airflow/.local/lib/python3.8/site-packages/airflow/example_dags/example_short_circuit_decorator.py
[2025-11-28T07:07:13.956+0000] {processor.py:840} INFO - DAG(s) 'example_short_circuit_decorator' retrieved from /home/airflow/.local/lib/python3.8/site-packages/airflow/example_dags/example_short_circuit_decorator.py
[2025-11-28T07:07:13.983+0000] {logging_mixin.py:188} INFO - [2025-11-28T07:07:13.982+0000] {dag.py:3036} INFO - Sync 1 DAGs
[2025-11-28T07:07:14.001+0000] {logging_mixin.py:188} INFO - [2025-11-28T07:07:14.001+0000] {dag.py:3823} INFO - Setting next_dagrun for example_short_circuit_decorator to 2025-11-27 00:00:00+00:00, run_after=2025-11-28 00:00:00+00:00
[2025-11-28T07:07:14.038+0000] {processor.py:183} INFO - Processing /home/airflow/.local/lib/python3.8/site-packages/airflow/example_dags/example_short_circuit_decorator.py took 0.107 seconds
[2025-11-28T07:07:44.498+0000] {processor.py:161} INFO - Started process (PID=1746) to work on /home/airflow/.local/lib/python3.8/site-packages/airflow/example_dags/example_short_circuit_decorator.py
[2025-11-28T07:07:44.500+0000] {processor.py:830} INFO - Processing file /home/airflow/.local/lib/python3.8/site-packages/airflow/example_dags/example_short_circuit_decorator.py for tasks to queue
[2025-11-28T07:07:44.503+0000] {logging_mixin.py:188} INFO - [2025-11-28T07:07:44.502+0000] {dagbag.py:538} INFO - Filling up the DagBag from /home/airflow/.local/lib/python3.8/site-packages/airflow/example_dags/example_short_circuit_decorator.py
[2025-11-28T07:07:44.517+0000] {processor.py:840} INFO - DAG(s) 'example_short_circuit_decorator' retrieved from /home/airflow/.local/lib/python3.8/site-packages/airflow/example_dags/example_short_circuit_decorator.py
[2025-11-28T07:07:44.550+0000] {logging_mixin.py:188} INFO - [2025-11-28T07:07:44.550+0000] {dag.py:3036} INFO - Sync 1 DAGs
[2025-11-28T07:07:44.569+0000] {logging_mixin.py:188} INFO - [2025-11-28T07:07:44.569+0000] {dag.py:3823} INFO - Setting next_dagrun for example_short_circuit_decorator to 2025-11-27 00:00:00+00:00, run_after=2025-11-28 00:00:00+00:00
[2025-11-28T07:07:44.592+0000] {processor.py:183} INFO - Processing /home/airflow/.local/lib/python3.8/site-packages/airflow/example_dags/example_short_circuit_decorator.py took 0.098 seconds
[2025-11-28T07:08:14.903+0000] {processor.py:161} INFO - Started process (PID=1801) to work on /home/airflow/.local/lib/python3.8/site-packages/airflow/example_dags/example_short_circuit_decorator.py
[2025-11-28T07:08:14.905+0000] {processor.py:830} INFO - Processing file /home/airflow/.local/lib/python3.8/site-packages/airflow/example_dags/example_short_circuit_decorator.py for tasks to queue
[2025-11-28T07:08:14.908+0000] {logging_mixin.py:188} INFO - [2025-11-28T07:08:14.908+0000] {dagbag.py:538} INFO - Filling up the DagBag from /home/airflow/.local/lib/python3.8/site-packages/airflow/example_dags/example_short_circuit_decorator.py
[2025-11-28T07:08:14.922+0000] {processor.py:840} INFO - DAG(s) 'example_short_circuit_decorator' retrieved from /home/airflow/.local/lib/python3.8/site-packages/airflow/example_dags/example_short_circuit_decorator.py
[2025-11-28T07:08:14.951+0000] {logging_mixin.py:188} INFO - [2025-11-28T07:08:14.951+0000] {dag.py:3036} INFO - Sync 1 DAGs
[2025-11-28T07:08:14.981+0000] {logging_mixin.py:188} INFO - [2025-11-28T07:08:14.981+0000] {dag.py:3823} INFO - Setting next_dagrun for example_short_circuit_decorator to 2025-11-27 00:00:00+00:00, run_after=2025-11-28 00:00:00+00:00
[2025-11-28T07:08:15.002+0000] {processor.py:183} INFO - Processing /home/airflow/.local/lib/python3.8/site-packages/airflow/example_dags/example_short_circuit_decorator.py took 0.103 seconds
[2025-11-28T07:08:45.977+0000] {processor.py:161} INFO - Started process (PID=1856) to work on /home/airflow/.local/lib/python3.8/site-packages/airflow/example_dags/example_short_circuit_decorator.py
[2025-11-28T07:08:45.981+0000] {processor.py:830} INFO - Processing file /home/airflow/.local/lib/python3.8/site-packages/airflow/example_dags/example_short_circuit_decorator.py for tasks to queue
[2025-11-28T07:08:45.986+0000] {logging_mixin.py:188} INFO - [2025-11-28T07:08:45.985+0000] {dagbag.py:538} INFO - Filling up the DagBag from /home/airflow/.local/lib/python3.8/site-packages/airflow/example_dags/example_short_circuit_decorator.py
[2025-11-28T07:08:46.003+0000] {processor.py:840} INFO - DAG(s) 'example_short_circuit_decorator' retrieved from /home/airflow/.local/lib/python3.8/site-packages/airflow/example_dags/example_short_circuit_decorator.py
[2025-11-28T07:08:46.024+0000] {logging_mixin.py:188} INFO - [2025-11-28T07:08:46.024+0000] {dag.py:3036} INFO - Sync 1 DAGs
[2025-11-28T07:08:46.041+0000] {logging_mixin.py:188} INFO - [2025-11-28T07:08:46.041+0000] {dag.py:3823} INFO - Setting next_dagrun for example_short_circuit_decorator to 2025-11-27 00:00:00+00:00, run_after=2025-11-28 00:00:00+00:00
[2025-11-28T07:08:46.060+0000] {processor.py:183} INFO - Processing /home/airflow/.local/lib/python3.8/site-packages/airflow/example_dags/example_short_circuit_decorator.py took 0.092 seconds
[2025-11-28T07:09:16.880+0000] {processor.py:161} INFO - Started process (PID=1911) to work on /home/airflow/.local/lib/python3.8/site-packages/airflow/example_dags/example_short_circuit_decorator.py
[2025-11-28T07:09:16.884+0000] {processor.py:830} INFO - Processing file /home/airflow/.local/lib/python3.8/site-packages/airflow/example_dags/example_short_circuit_decorator.py for tasks to queue
[2025-11-28T07:09:16.889+0000] {logging_mixin.py:188} INFO - [2025-11-28T07:09:16.888+0000] {dagbag.py:538} INFO - Filling up the DagBag from /home/airflow/.local/lib/python3.8/site-packages/airflow/example_dags/example_short_circuit_decorator.py
[2025-11-28T07:09:16.913+0000] {processor.py:840} INFO - DAG(s) 'example_short_circuit_decorator' retrieved from /home/airflow/.local/lib/python3.8/site-packages/airflow/example_dags/example_short_circuit_decorator.py
[2025-11-28T07:09:16.950+0000] {logging_mixin.py:188} INFO - [2025-11-28T07:09:16.950+0000] {dag.py:3036} INFO - Sync 1 DAGs
[2025-11-28T07:09:16.982+0000] {logging_mixin.py:188} INFO - [2025-11-28T07:09:16.982+0000] {dag.py:3823} INFO - Setting next_dagrun for example_short_circuit_decorator to 2025-11-27 00:00:00+00:00, run_after=2025-11-28 00:00:00+00:00
[2025-11-28T07:09:17.029+0000] {processor.py:183} INFO - Processing /home/airflow/.local/lib/python3.8/site-packages/airflow/example_dags/example_short_circuit_decorator.py took 0.156 seconds
[2025-11-28T07:09:47.687+0000] {processor.py:161} INFO - Started process (PID=1966) to work on /home/airflow/.local/lib/python3.8/site-packages/airflow/example_dags/example_short_circuit_decorator.py
[2025-11-28T07:09:47.688+0000] {processor.py:830} INFO - Processing file /home/airflow/.local/lib/python3.8/site-packages/airflow/example_dags/example_short_circuit_decorator.py for tasks to queue
[2025-11-28T07:09:47.691+0000] {logging_mixin.py:188} INFO - [2025-11-28T07:09:47.691+0000] {dagbag.py:538} INFO - Filling up the DagBag from /home/airflow/.local/lib/python3.8/site-packages/airflow/example_dags/example_short_circuit_decorator.py
[2025-11-28T07:09:47.705+0000] {processor.py:840} INFO - DAG(s) 'example_short_circuit_decorator' retrieved from /home/airflow/.local/lib/python3.8/site-packages/airflow/example_dags/example_short_circuit_decorator.py
[2025-11-28T07:09:47.733+0000] {logging_mixin.py:188} INFO - [2025-11-28T07:09:47.732+0000] {dag.py:3036} INFO - Sync 1 DAGs
[2025-11-28T07:09:47.757+0000] {logging_mixin.py:188} INFO - [2025-11-28T07:09:47.757+0000] {dag.py:3823} INFO - Setting next_dagrun for example_short_circuit_decorator to 2025-11-27 00:00:00+00:00, run_after=2025-11-28 00:00:00+00:00
[2025-11-28T07:09:47.776+0000] {processor.py:183} INFO - Processing /home/airflow/.local/lib/python3.8/site-packages/airflow/example_dags/example_short_circuit_decorator.py took 0.094 seconds
[2025-11-28T07:10:18.456+0000] {processor.py:161} INFO - Started process (PID=2021) to work on /home/airflow/.local/lib/python3.8/site-packages/airflow/example_dags/example_short_circuit_decorator.py
[2025-11-28T07:10:18.458+0000] {processor.py:830} INFO - Processing file /home/airflow/.local/lib/python3.8/site-packages/airflow/example_dags/example_short_circuit_decorator.py for tasks to queue
[2025-11-28T07:10:18.461+0000] {logging_mixin.py:188} INFO - [2025-11-28T07:10:18.461+0000] {dagbag.py:538} INFO - Filling up the DagBag from /home/airflow/.local/lib/python3.8/site-packages/airflow/example_dags/example_short_circuit_decorator.py
[2025-11-28T07:10:18.474+0000] {processor.py:840} INFO - DAG(s) 'example_short_circuit_decorator' retrieved from /home/airflow/.local/lib/python3.8/site-packages/airflow/example_dags/example_short_circuit_decorator.py
[2025-11-28T07:10:18.497+0000] {logging_mixin.py:188} INFO - [2025-11-28T07:10:18.496+0000] {dag.py:3036} INFO - Sync 1 DAGs
[2025-11-28T07:10:18.525+0000] {logging_mixin.py:188} INFO - [2025-11-28T07:10:18.524+0000] {dag.py:3823} INFO - Setting next_dagrun for example_short_circuit_decorator to 2025-11-27 00:00:00+00:00, run_after=2025-11-28 00:00:00+00:00
[2025-11-28T07:10:18.553+0000] {processor.py:183} INFO - Processing /home/airflow/.local/lib/python3.8/site-packages/airflow/example_dags/example_short_circuit_decorator.py took 0.100 seconds
[2025-11-28T07:10:48.746+0000] {processor.py:161} INFO - Started process (PID=2075) to work on /home/airflow/.local/lib/python3.8/site-packages/airflow/example_dags/example_short_circuit_decorator.py
[2025-11-28T07:10:48.748+0000] {processor.py:830} INFO - Processing file /home/airflow/.local/lib/python3.8/site-packages/airflow/example_dags/example_short_circuit_decorator.py for tasks to queue
[2025-11-28T07:10:48.754+0000] {logging_mixin.py:188} INFO - [2025-11-28T07:10:48.753+0000] {dagbag.py:538} INFO - Filling up the DagBag from /home/airflow/.local/lib/python3.8/site-packages/airflow/example_dags/example_short_circuit_decorator.py
[2025-11-28T07:10:48.773+0000] {processor.py:840} INFO - DAG(s) 'example_short_circuit_decorator' retrieved from /home/airflow/.local/lib/python3.8/site-packages/airflow/example_dags/example_short_circuit_decorator.py
[2025-11-28T07:10:48.818+0000] {logging_mixin.py:188} INFO - [2025-11-28T07:10:48.817+0000] {dag.py:3036} INFO - Sync 1 DAGs
[2025-11-28T07:10:48.839+0000] {logging_mixin.py:188} INFO - [2025-11-28T07:10:48.839+0000] {dag.py:3823} INFO - Setting next_dagrun for example_short_circuit_decorator to 2025-11-27 00:00:00+00:00, run_after=2025-11-28 00:00:00+00:00
[2025-11-28T07:10:48.878+0000] {processor.py:183} INFO - Processing /home/airflow/.local/lib/python3.8/site-packages/airflow/example_dags/example_short_circuit_decorator.py took 0.135 seconds
[2025-11-28T07:11:19.113+0000] {processor.py:161} INFO - Started process (PID=2130) to work on /home/airflow/.local/lib/python3.8/site-packages/airflow/example_dags/example_short_circuit_decorator.py
[2025-11-28T07:11:19.115+0000] {processor.py:830} INFO - Processing file /home/airflow/.local/lib/python3.8/site-packages/airflow/example_dags/example_short_circuit_decorator.py for tasks to queue
[2025-11-28T07:11:19.123+0000] {logging_mixin.py:188} INFO - [2025-11-28T07:11:19.122+0000] {dagbag.py:538} INFO - Filling up the DagBag from /home/airflow/.local/lib/python3.8/site-packages/airflow/example_dags/example_short_circuit_decorator.py
[2025-11-28T07:11:19.139+0000] {processor.py:840} INFO - DAG(s) 'example_short_circuit_decorator' retrieved from /home/airflow/.local/lib/python3.8/site-packages/airflow/example_dags/example_short_circuit_decorator.py
[2025-11-28T07:11:19.174+0000] {logging_mixin.py:188} INFO - [2025-11-28T07:11:19.173+0000] {dag.py:3036} INFO - Sync 1 DAGs
[2025-11-28T07:11:19.190+0000] {logging_mixin.py:188} INFO - [2025-11-28T07:11:19.190+0000] {dag.py:3823} INFO - Setting next_dagrun for example_short_circuit_decorator to 2025-11-27 00:00:00+00:00, run_after=2025-11-28 00:00:00+00:00
[2025-11-28T07:11:19.210+0000] {processor.py:183} INFO - Processing /home/airflow/.local/lib/python3.8/site-packages/airflow/example_dags/example_short_circuit_decorator.py took 0.101 seconds
[2025-11-28T07:11:49.259+0000] {processor.py:161} INFO - Started process (PID=2185) to work on /home/airflow/.local/lib/python3.8/site-packages/airflow/example_dags/example_short_circuit_decorator.py
[2025-11-28T07:11:49.260+0000] {processor.py:830} INFO - Processing file /home/airflow/.local/lib/python3.8/site-packages/airflow/example_dags/example_short_circuit_decorator.py for tasks to queue
[2025-11-28T07:11:49.262+0000] {logging_mixin.py:188} INFO - [2025-11-28T07:11:49.262+0000] {dagbag.py:538} INFO - Filling up the DagBag from /home/airflow/.local/lib/python3.8/site-packages/airflow/example_dags/example_short_circuit_decorator.py
[2025-11-28T07:11:49.270+0000] {processor.py:840} INFO - DAG(s) 'example_short_circuit_decorator' retrieved from /home/airflow/.local/lib/python3.8/site-packages/airflow/example_dags/example_short_circuit_decorator.py
[2025-11-28T07:11:49.290+0000] {logging_mixin.py:188} INFO - [2025-11-28T07:11:49.290+0000] {dag.py:3036} INFO - Sync 1 DAGs
[2025-11-28T07:11:49.311+0000] {logging_mixin.py:188} INFO - [2025-11-28T07:11:49.311+0000] {dag.py:3823} INFO - Setting next_dagrun for example_short_circuit_decorator to 2025-11-27 00:00:00+00:00, run_after=2025-11-28 00:00:00+00:00
[2025-11-28T07:11:49.328+0000] {processor.py:183} INFO - Processing /home/airflow/.local/lib/python3.8/site-packages/airflow/example_dags/example_short_circuit_decorator.py took 0.072 seconds
[2025-11-28T07:12:19.866+0000] {processor.py:161} INFO - Started process (PID=2240) to work on /home/airflow/.local/lib/python3.8/site-packages/airflow/example_dags/example_short_circuit_decorator.py
[2025-11-28T07:12:19.868+0000] {processor.py:830} INFO - Processing file /home/airflow/.local/lib/python3.8/site-packages/airflow/example_dags/example_short_circuit_decorator.py for tasks to queue
[2025-11-28T07:12:19.872+0000] {logging_mixin.py:188} INFO - [2025-11-28T07:12:19.872+0000] {dagbag.py:538} INFO - Filling up the DagBag from /home/airflow/.local/lib/python3.8/site-packages/airflow/example_dags/example_short_circuit_decorator.py
[2025-11-28T07:12:19.882+0000] {processor.py:840} INFO - DAG(s) 'example_short_circuit_decorator' retrieved from /home/airflow/.local/lib/python3.8/site-packages/airflow/example_dags/example_short_circuit_decorator.py
[2025-11-28T07:12:19.907+0000] {logging_mixin.py:188} INFO - [2025-11-28T07:12:19.907+0000] {dag.py:3036} INFO - Sync 1 DAGs
[2025-11-28T07:12:19.925+0000] {logging_mixin.py:188} INFO - [2025-11-28T07:12:19.925+0000] {dag.py:3823} INFO - Setting next_dagrun for example_short_circuit_decorator to 2025-11-27 00:00:00+00:00, run_after=2025-11-28 00:00:00+00:00
[2025-11-28T07:12:19.951+0000] {processor.py:183} INFO - Processing /home/airflow/.local/lib/python3.8/site-packages/airflow/example_dags/example_short_circuit_decorator.py took 0.089 seconds
[2025-11-28T07:12:50.431+0000] {processor.py:161} INFO - Started process (PID=2295) to work on /home/airflow/.local/lib/python3.8/site-packages/airflow/example_dags/example_short_circuit_decorator.py
[2025-11-28T07:12:50.434+0000] {processor.py:830} INFO - Processing file /home/airflow/.local/lib/python3.8/site-packages/airflow/example_dags/example_short_circuit_decorator.py for tasks to queue
[2025-11-28T07:12:50.439+0000] {logging_mixin.py:188} INFO - [2025-11-28T07:12:50.438+0000] {dagbag.py:538} INFO - Filling up the DagBag from /home/airflow/.local/lib/python3.8/site-packages/airflow/example_dags/example_short_circuit_decorator.py
[2025-11-28T07:12:50.455+0000] {processor.py:840} INFO - DAG(s) 'example_short_circuit_decorator' retrieved from /home/airflow/.local/lib/python3.8/site-packages/airflow/example_dags/example_short_circuit_decorator.py
[2025-11-28T07:12:50.499+0000] {logging_mixin.py:188} INFO - [2025-11-28T07:12:50.498+0000] {dag.py:3036} INFO - Sync 1 DAGs
[2025-11-28T07:12:50.535+0000] {logging_mixin.py:188} INFO - [2025-11-28T07:12:50.535+0000] {dag.py:3823} INFO - Setting next_dagrun for example_short_circuit_decorator to 2025-11-27 00:00:00+00:00, run_after=2025-11-28 00:00:00+00:00
[2025-11-28T07:12:50.566+0000] {processor.py:183} INFO - Processing /home/airflow/.local/lib/python3.8/site-packages/airflow/example_dags/example_short_circuit_decorator.py took 0.141 seconds
[2025-11-28T07:13:21.251+0000] {processor.py:161} INFO - Started process (PID=2350) to work on /home/airflow/.local/lib/python3.8/site-packages/airflow/example_dags/example_short_circuit_decorator.py
[2025-11-28T07:13:21.252+0000] {processor.py:830} INFO - Processing file /home/airflow/.local/lib/python3.8/site-packages/airflow/example_dags/example_short_circuit_decorator.py for tasks to queue
[2025-11-28T07:13:21.254+0000] {logging_mixin.py:188} INFO - [2025-11-28T07:13:21.253+0000] {dagbag.py:538} INFO - Filling up the DagBag from /home/airflow/.local/lib/python3.8/site-packages/airflow/example_dags/example_short_circuit_decorator.py
[2025-11-28T07:13:21.261+0000] {processor.py:840} INFO - DAG(s) 'example_short_circuit_decorator' retrieved from /home/airflow/.local/lib/python3.8/site-packages/airflow/example_dags/example_short_circuit_decorator.py
[2025-11-28T07:13:21.284+0000] {logging_mixin.py:188} INFO - [2025-11-28T07:13:21.284+0000] {dag.py:3036} INFO - Sync 1 DAGs
[2025-11-28T07:13:21.301+0000] {logging_mixin.py:188} INFO - [2025-11-28T07:13:21.301+0000] {dag.py:3823} INFO - Setting next_dagrun for example_short_circuit_decorator to 2025-11-27 00:00:00+00:00, run_after=2025-11-28 00:00:00+00:00
[2025-11-28T07:13:21.322+0000] {processor.py:183} INFO - Processing /home/airflow/.local/lib/python3.8/site-packages/airflow/example_dags/example_short_circuit_decorator.py took 0.074 seconds
[2025-11-28T07:13:51.882+0000] {processor.py:161} INFO - Started process (PID=2405) to work on /home/airflow/.local/lib/python3.8/site-packages/airflow/example_dags/example_short_circuit_decorator.py
[2025-11-28T07:13:51.885+0000] {processor.py:830} INFO - Processing file /home/airflow/.local/lib/python3.8/site-packages/airflow/example_dags/example_short_circuit_decorator.py for tasks to queue
[2025-11-28T07:13:51.889+0000] {logging_mixin.py:188} INFO - [2025-11-28T07:13:51.889+0000] {dagbag.py:538} INFO - Filling up the DagBag from /home/airflow/.local/lib/python3.8/site-packages/airflow/example_dags/example_short_circuit_decorator.py
[2025-11-28T07:13:51.913+0000] {processor.py:840} INFO - DAG(s) 'example_short_circuit_decorator' retrieved from /home/airflow/.local/lib/python3.8/site-packages/airflow/example_dags/example_short_circuit_decorator.py
[2025-11-28T07:13:51.962+0000] {logging_mixin.py:188} INFO - [2025-11-28T07:13:51.962+0000] {dag.py:3036} INFO - Sync 1 DAGs
[2025-11-28T07:13:52.006+0000] {logging_mixin.py:188} INFO - [2025-11-28T07:13:52.006+0000] {dag.py:3823} INFO - Setting next_dagrun for example_short_circuit_decorator to 2025-11-27 00:00:00+00:00, run_after=2025-11-28 00:00:00+00:00
[2025-11-28T07:13:52.033+0000] {processor.py:183} INFO - Processing /home/airflow/.local/lib/python3.8/site-packages/airflow/example_dags/example_short_circuit_decorator.py took 0.157 seconds
[2025-11-28T07:14:22.344+0000] {processor.py:161} INFO - Started process (PID=2461) to work on /home/airflow/.local/lib/python3.8/site-packages/airflow/example_dags/example_short_circuit_decorator.py
[2025-11-28T07:14:22.345+0000] {processor.py:830} INFO - Processing file /home/airflow/.local/lib/python3.8/site-packages/airflow/example_dags/example_short_circuit_decorator.py for tasks to queue
[2025-11-28T07:14:22.347+0000] {logging_mixin.py:188} INFO - [2025-11-28T07:14:22.347+0000] {dagbag.py:538} INFO - Filling up the DagBag from /home/airflow/.local/lib/python3.8/site-packages/airflow/example_dags/example_short_circuit_decorator.py
[2025-11-28T07:14:22.355+0000] {processor.py:840} INFO - DAG(s) 'example_short_circuit_decorator' retrieved from /home/airflow/.local/lib/python3.8/site-packages/airflow/example_dags/example_short_circuit_decorator.py
[2025-11-28T07:14:22.373+0000] {logging_mixin.py:188} INFO - [2025-11-28T07:14:22.373+0000] {dag.py:3036} INFO - Sync 1 DAGs
[2025-11-28T07:14:22.390+0000] {logging_mixin.py:188} INFO - [2025-11-28T07:14:22.390+0000] {dag.py:3823} INFO - Setting next_dagrun for example_short_circuit_decorator to 2025-11-27 00:00:00+00:00, run_after=2025-11-28 00:00:00+00:00
[2025-11-28T07:14:22.407+0000] {processor.py:183} INFO - Processing /home/airflow/.local/lib/python3.8/site-packages/airflow/example_dags/example_short_circuit_decorator.py took 0.067 seconds
[2025-11-28T07:14:52.521+0000] {processor.py:161} INFO - Started process (PID=2516) to work on /home/airflow/.local/lib/python3.8/site-packages/airflow/example_dags/example_short_circuit_decorator.py
[2025-11-28T07:14:52.523+0000] {processor.py:830} INFO - Processing file /home/airflow/.local/lib/python3.8/site-packages/airflow/example_dags/example_short_circuit_decorator.py for tasks to queue
[2025-11-28T07:14:52.526+0000] {logging_mixin.py:188} INFO - [2025-11-28T07:14:52.525+0000] {dagbag.py:538} INFO - Filling up the DagBag from /home/airflow/.local/lib/python3.8/site-packages/airflow/example_dags/example_short_circuit_decorator.py
[2025-11-28T07:14:52.540+0000] {processor.py:840} INFO - DAG(s) 'example_short_circuit_decorator' retrieved from /home/airflow/.local/lib/python3.8/site-packages/airflow/example_dags/example_short_circuit_decorator.py
[2025-11-28T07:14:52.575+0000] {logging_mixin.py:188} INFO - [2025-11-28T07:14:52.575+0000] {dag.py:3036} INFO - Sync 1 DAGs
[2025-11-28T07:14:52.597+0000] {logging_mixin.py:188} INFO - [2025-11-28T07:14:52.597+0000] {dag.py:3823} INFO - Setting next_dagrun for example_short_circuit_decorator to 2025-11-27 00:00:00+00:00, run_after=2025-11-28 00:00:00+00:00
[2025-11-28T07:14:52.619+0000] {processor.py:183} INFO - Processing /home/airflow/.local/lib/python3.8/site-packages/airflow/example_dags/example_short_circuit_decorator.py took 0.104 seconds
[2025-11-28T07:15:23.482+0000] {processor.py:161} INFO - Started process (PID=2571) to work on /home/airflow/.local/lib/python3.8/site-packages/airflow/example_dags/example_short_circuit_decorator.py
[2025-11-28T07:15:23.483+0000] {processor.py:830} INFO - Processing file /home/airflow/.local/lib/python3.8/site-packages/airflow/example_dags/example_short_circuit_decorator.py for tasks to queue
[2025-11-28T07:15:23.485+0000] {logging_mixin.py:188} INFO - [2025-11-28T07:15:23.485+0000] {dagbag.py:538} INFO - Filling up the DagBag from /home/airflow/.local/lib/python3.8/site-packages/airflow/example_dags/example_short_circuit_decorator.py
[2025-11-28T07:15:23.492+0000] {processor.py:840} INFO - DAG(s) 'example_short_circuit_decorator' retrieved from /home/airflow/.local/lib/python3.8/site-packages/airflow/example_dags/example_short_circuit_decorator.py
[2025-11-28T07:15:23.514+0000] {logging_mixin.py:188} INFO - [2025-11-28T07:15:23.514+0000] {dag.py:3036} INFO - Sync 1 DAGs
[2025-11-28T07:15:23.534+0000] {logging_mixin.py:188} INFO - [2025-11-28T07:15:23.534+0000] {dag.py:3823} INFO - Setting next_dagrun for example_short_circuit_decorator to 2025-11-27 00:00:00+00:00, run_after=2025-11-28 00:00:00+00:00
[2025-11-28T07:15:23.551+0000] {processor.py:183} INFO - Processing /home/airflow/.local/lib/python3.8/site-packages/airflow/example_dags/example_short_circuit_decorator.py took 0.072 seconds
[2025-11-28T07:15:54.058+0000] {processor.py:161} INFO - Started process (PID=2626) to work on /home/airflow/.local/lib/python3.8/site-packages/airflow/example_dags/example_short_circuit_decorator.py
[2025-11-28T07:15:54.060+0000] {processor.py:830} INFO - Processing file /home/airflow/.local/lib/python3.8/site-packages/airflow/example_dags/example_short_circuit_decorator.py for tasks to queue
[2025-11-28T07:15:54.062+0000] {logging_mixin.py:188} INFO - [2025-11-28T07:15:54.062+0000] {dagbag.py:538} INFO - Filling up the DagBag from /home/airflow/.local/lib/python3.8/site-packages/airflow/example_dags/example_short_circuit_decorator.py
[2025-11-28T07:15:54.072+0000] {processor.py:840} INFO - DAG(s) 'example_short_circuit_decorator' retrieved from /home/airflow/.local/lib/python3.8/site-packages/airflow/example_dags/example_short_circuit_decorator.py
[2025-11-28T07:15:54.100+0000] {logging_mixin.py:188} INFO - [2025-11-28T07:15:54.100+0000] {dag.py:3036} INFO - Sync 1 DAGs
[2025-11-28T07:15:54.240+0000] {logging_mixin.py:188} INFO - [2025-11-28T07:15:54.240+0000] {dag.py:3823} INFO - Setting next_dagrun for example_short_circuit_decorator to 2025-11-27 00:00:00+00:00, run_after=2025-11-28 00:00:00+00:00
[2025-11-28T07:15:54.261+0000] {processor.py:183} INFO - Processing /home/airflow/.local/lib/python3.8/site-packages/airflow/example_dags/example_short_circuit_decorator.py took 0.206 seconds
[2025-11-28T07:16:24.567+0000] {processor.py:161} INFO - Started process (PID=2681) to work on /home/airflow/.local/lib/python3.8/site-packages/airflow/example_dags/example_short_circuit_decorator.py
[2025-11-28T07:16:24.570+0000] {processor.py:830} INFO - Processing file /home/airflow/.local/lib/python3.8/site-packages/airflow/example_dags/example_short_circuit_decorator.py for tasks to queue
[2025-11-28T07:16:24.573+0000] {logging_mixin.py:188} INFO - [2025-11-28T07:16:24.572+0000] {dagbag.py:538} INFO - Filling up the DagBag from /home/airflow/.local/lib/python3.8/site-packages/airflow/example_dags/example_short_circuit_decorator.py
[2025-11-28T07:16:24.587+0000] {processor.py:840} INFO - DAG(s) 'example_short_circuit_decorator' retrieved from /home/airflow/.local/lib/python3.8/site-packages/airflow/example_dags/example_short_circuit_decorator.py
[2025-11-28T07:16:24.612+0000] {logging_mixin.py:188} INFO - [2025-11-28T07:16:24.612+0000] {dag.py:3036} INFO - Sync 1 DAGs
[2025-11-28T07:16:24.744+0000] {logging_mixin.py:188} INFO - [2025-11-28T07:16:24.744+0000] {dag.py:3823} INFO - Setting next_dagrun for example_short_circuit_decorator to 2025-11-27 00:00:00+00:00, run_after=2025-11-28 00:00:00+00:00
[2025-11-28T07:16:24.762+0000] {processor.py:183} INFO - Processing /home/airflow/.local/lib/python3.8/site-packages/airflow/example_dags/example_short_circuit_decorator.py took 0.203 seconds
[2025-11-28T07:16:55.122+0000] {processor.py:161} INFO - Started process (PID=2736) to work on /home/airflow/.local/lib/python3.8/site-packages/airflow/example_dags/example_short_circuit_decorator.py
[2025-11-28T07:16:55.124+0000] {processor.py:830} INFO - Processing file /home/airflow/.local/lib/python3.8/site-packages/airflow/example_dags/example_short_circuit_decorator.py for tasks to queue
[2025-11-28T07:16:55.130+0000] {logging_mixin.py:188} INFO - [2025-11-28T07:16:55.129+0000] {dagbag.py:538} INFO - Filling up the DagBag from /home/airflow/.local/lib/python3.8/site-packages/airflow/example_dags/example_short_circuit_decorator.py
[2025-11-28T07:16:55.137+0000] {processor.py:840} INFO - DAG(s) 'example_short_circuit_decorator' retrieved from /home/airflow/.local/lib/python3.8/site-packages/airflow/example_dags/example_short_circuit_decorator.py
[2025-11-28T07:16:55.157+0000] {logging_mixin.py:188} INFO - [2025-11-28T07:16:55.157+0000] {dag.py:3036} INFO - Sync 1 DAGs
[2025-11-28T07:16:55.173+0000] {logging_mixin.py:188} INFO - [2025-11-28T07:16:55.173+0000] {dag.py:3823} INFO - Setting next_dagrun for example_short_circuit_decorator to 2025-11-27 00:00:00+00:00, run_after=2025-11-28 00:00:00+00:00
[2025-11-28T07:16:55.198+0000] {processor.py:183} INFO - Processing /home/airflow/.local/lib/python3.8/site-packages/airflow/example_dags/example_short_circuit_decorator.py took 0.080 seconds
[2025-11-28T07:17:25.297+0000] {processor.py:161} INFO - Started process (PID=2791) to work on /home/airflow/.local/lib/python3.8/site-packages/airflow/example_dags/example_short_circuit_decorator.py
[2025-11-28T07:17:25.298+0000] {processor.py:830} INFO - Processing file /home/airflow/.local/lib/python3.8/site-packages/airflow/example_dags/example_short_circuit_decorator.py for tasks to queue
[2025-11-28T07:17:25.302+0000] {logging_mixin.py:188} INFO - [2025-11-28T07:17:25.301+0000] {dagbag.py:538} INFO - Filling up the DagBag from /home/airflow/.local/lib/python3.8/site-packages/airflow/example_dags/example_short_circuit_decorator.py
[2025-11-28T07:17:25.312+0000] {processor.py:840} INFO - DAG(s) 'example_short_circuit_decorator' retrieved from /home/airflow/.local/lib/python3.8/site-packages/airflow/example_dags/example_short_circuit_decorator.py
[2025-11-28T07:17:25.335+0000] {logging_mixin.py:188} INFO - [2025-11-28T07:17:25.335+0000] {dag.py:3036} INFO - Sync 1 DAGs
[2025-11-28T07:17:25.353+0000] {logging_mixin.py:188} INFO - [2025-11-28T07:17:25.353+0000] {dag.py:3823} INFO - Setting next_dagrun for example_short_circuit_decorator to 2025-11-27 00:00:00+00:00, run_after=2025-11-28 00:00:00+00:00
[2025-11-28T07:17:25.371+0000] {processor.py:183} INFO - Processing /home/airflow/.local/lib/python3.8/site-packages/airflow/example_dags/example_short_circuit_decorator.py took 0.078 seconds
[2025-11-28T07:17:56.079+0000] {processor.py:161} INFO - Started process (PID=2846) to work on /home/airflow/.local/lib/python3.8/site-packages/airflow/example_dags/example_short_circuit_decorator.py
[2025-11-28T07:17:56.080+0000] {processor.py:830} INFO - Processing file /home/airflow/.local/lib/python3.8/site-packages/airflow/example_dags/example_short_circuit_decorator.py for tasks to queue
[2025-11-28T07:17:56.081+0000] {logging_mixin.py:188} INFO - [2025-11-28T07:17:56.081+0000] {dagbag.py:538} INFO - Filling up the DagBag from /home/airflow/.local/lib/python3.8/site-packages/airflow/example_dags/example_short_circuit_decorator.py
[2025-11-28T07:17:56.088+0000] {processor.py:840} INFO - DAG(s) 'example_short_circuit_decorator' retrieved from /home/airflow/.local/lib/python3.8/site-packages/airflow/example_dags/example_short_circuit_decorator.py
[2025-11-28T07:17:56.109+0000] {logging_mixin.py:188} INFO - [2025-11-28T07:17:56.109+0000] {dag.py:3036} INFO - Sync 1 DAGs
[2025-11-28T07:17:56.126+0000] {logging_mixin.py:188} INFO - [2025-11-28T07:17:56.126+0000] {dag.py:3823} INFO - Setting next_dagrun for example_short_circuit_decorator to 2025-11-27 00:00:00+00:00, run_after=2025-11-28 00:00:00+00:00
[2025-11-28T07:17:56.141+0000] {processor.py:183} INFO - Processing /home/airflow/.local/lib/python3.8/site-packages/airflow/example_dags/example_short_circuit_decorator.py took 0.065 seconds
[2025-11-28T07:18:27.024+0000] {processor.py:161} INFO - Started process (PID=2901) to work on /home/airflow/.local/lib/python3.8/site-packages/airflow/example_dags/example_short_circuit_decorator.py
[2025-11-28T07:18:27.026+0000] {processor.py:830} INFO - Processing file /home/airflow/.local/lib/python3.8/site-packages/airflow/example_dags/example_short_circuit_decorator.py for tasks to queue
[2025-11-28T07:18:27.029+0000] {logging_mixin.py:188} INFO - [2025-11-28T07:18:27.029+0000] {dagbag.py:538} INFO - Filling up the DagBag from /home/airflow/.local/lib/python3.8/site-packages/airflow/example_dags/example_short_circuit_decorator.py
[2025-11-28T07:18:27.039+0000] {processor.py:840} INFO - DAG(s) 'example_short_circuit_decorator' retrieved from /home/airflow/.local/lib/python3.8/site-packages/airflow/example_dags/example_short_circuit_decorator.py
[2025-11-28T07:18:27.066+0000] {logging_mixin.py:188} INFO - [2025-11-28T07:18:27.066+0000] {dag.py:3036} INFO - Sync 1 DAGs
[2025-11-28T07:18:27.088+0000] {logging_mixin.py:188} INFO - [2025-11-28T07:18:27.088+0000] {dag.py:3823} INFO - Setting next_dagrun for example_short_circuit_decorator to 2025-11-27 00:00:00+00:00, run_after=2025-11-28 00:00:00+00:00
[2025-11-28T07:18:27.108+0000] {processor.py:183} INFO - Processing /home/airflow/.local/lib/python3.8/site-packages/airflow/example_dags/example_short_circuit_decorator.py took 0.087 seconds
[2025-11-28T07:18:57.441+0000] {processor.py:161} INFO - Started process (PID=2956) to work on /home/airflow/.local/lib/python3.8/site-packages/airflow/example_dags/example_short_circuit_decorator.py
[2025-11-28T07:18:57.442+0000] {processor.py:830} INFO - Processing file /home/airflow/.local/lib/python3.8/site-packages/airflow/example_dags/example_short_circuit_decorator.py for tasks to queue
[2025-11-28T07:18:57.444+0000] {logging_mixin.py:188} INFO - [2025-11-28T07:18:57.443+0000] {dagbag.py:538} INFO - Filling up the DagBag from /home/airflow/.local/lib/python3.8/site-packages/airflow/example_dags/example_short_circuit_decorator.py
[2025-11-28T07:18:57.451+0000] {processor.py:840} INFO - DAG(s) 'example_short_circuit_decorator' retrieved from /home/airflow/.local/lib/python3.8/site-packages/airflow/example_dags/example_short_circuit_decorator.py
[2025-11-28T07:18:57.478+0000] {logging_mixin.py:188} INFO - [2025-11-28T07:18:57.478+0000] {dag.py:3036} INFO - Sync 1 DAGs
[2025-11-28T07:18:57.494+0000] {logging_mixin.py:188} INFO - [2025-11-28T07:18:57.494+0000] {dag.py:3823} INFO - Setting next_dagrun for example_short_circuit_decorator to 2025-11-27 00:00:00+00:00, run_after=2025-11-28 00:00:00+00:00
[2025-11-28T07:18:57.511+0000] {processor.py:183} INFO - Processing /home/airflow/.local/lib/python3.8/site-packages/airflow/example_dags/example_short_circuit_decorator.py took 0.073 seconds
[2025-11-28T07:19:28.014+0000] {processor.py:161} INFO - Started process (PID=3010) to work on /home/airflow/.local/lib/python3.8/site-packages/airflow/example_dags/example_short_circuit_decorator.py
[2025-11-28T07:19:28.016+0000] {processor.py:830} INFO - Processing file /home/airflow/.local/lib/python3.8/site-packages/airflow/example_dags/example_short_circuit_decorator.py for tasks to queue
[2025-11-28T07:19:28.019+0000] {logging_mixin.py:188} INFO - [2025-11-28T07:19:28.018+0000] {dagbag.py:538} INFO - Filling up the DagBag from /home/airflow/.local/lib/python3.8/site-packages/airflow/example_dags/example_short_circuit_decorator.py
[2025-11-28T07:19:28.027+0000] {processor.py:840} INFO - DAG(s) 'example_short_circuit_decorator' retrieved from /home/airflow/.local/lib/python3.8/site-packages/airflow/example_dags/example_short_circuit_decorator.py
[2025-11-28T07:19:28.051+0000] {logging_mixin.py:188} INFO - [2025-11-28T07:19:28.051+0000] {dag.py:3036} INFO - Sync 1 DAGs
[2025-11-28T07:19:28.072+0000] {logging_mixin.py:188} INFO - [2025-11-28T07:19:28.072+0000] {dag.py:3823} INFO - Setting next_dagrun for example_short_circuit_decorator to 2025-11-27 00:00:00+00:00, run_after=2025-11-28 00:00:00+00:00
[2025-11-28T07:19:28.090+0000] {processor.py:183} INFO - Processing /home/airflow/.local/lib/python3.8/site-packages/airflow/example_dags/example_short_circuit_decorator.py took 0.080 seconds
