[2025-11-28T06:52:24.645+0000] {processor.py:161} INFO - Started process (PID=73) to work on /home/airflow/.local/lib/python3.8/site-packages/airflow/example_dags/example_time_delta_sensor_async.py
[2025-11-28T06:52:24.647+0000] {processor.py:830} INFO - Processing file /home/airflow/.local/lib/python3.8/site-packages/airflow/example_dags/example_time_delta_sensor_async.py for tasks to queue
[2025-11-28T06:52:24.651+0000] {logging_mixin.py:188} INFO - [2025-11-28T06:52:24.650+0000] {dagbag.py:538} INFO - Filling up the DagBag from /home/airflow/.local/lib/python3.8/site-packages/airflow/example_dags/example_time_delta_sensor_async.py
[2025-11-28T06:52:24.666+0000] {processor.py:840} INFO - DAG(s) 'example_time_delta_sensor_async' retrieved from /home/airflow/.local/lib/python3.8/site-packages/airflow/example_dags/example_time_delta_sensor_async.py
[2025-11-28T06:52:24.820+0000] {logging_mixin.py:188} INFO - [2025-11-28T06:52:24.819+0000] {override.py:1769} INFO - Created Permission View: can edit on DAG:example_time_delta_sensor_async
[2025-11-28T06:52:24.840+0000] {logging_mixin.py:188} INFO - [2025-11-28T06:52:24.839+0000] {override.py:1769} INFO - Created Permission View: can delete on DAG:example_time_delta_sensor_async
[2025-11-28T06:52:24.858+0000] {logging_mixin.py:188} INFO - [2025-11-28T06:52:24.857+0000] {override.py:1769} INFO - Created Permission View: can read on DAG:example_time_delta_sensor_async
[2025-11-28T06:52:24.859+0000] {logging_mixin.py:188} INFO - [2025-11-28T06:52:24.859+0000] {dag.py:3036} INFO - Sync 1 DAGs
[2025-11-28T06:52:24.875+0000] {logging_mixin.py:188} INFO - [2025-11-28T06:52:24.875+0000] {dag.py:3058} INFO - Creating ORM DAG for example_time_delta_sensor_async
[2025-11-28T06:52:24.877+0000] {logging_mixin.py:188} INFO - [2025-11-28T06:52:24.876+0000] {dag.py:3823} INFO - Setting next_dagrun for example_time_delta_sensor_async to None, run_after=None
[2025-11-28T06:52:24.901+0000] {processor.py:183} INFO - Processing /home/airflow/.local/lib/python3.8/site-packages/airflow/example_dags/example_time_delta_sensor_async.py took 0.262 seconds
[2025-11-28T06:52:55.002+0000] {processor.py:161} INFO - Started process (PID=128) to work on /home/airflow/.local/lib/python3.8/site-packages/airflow/example_dags/example_time_delta_sensor_async.py
[2025-11-28T06:52:55.003+0000] {processor.py:830} INFO - Processing file /home/airflow/.local/lib/python3.8/site-packages/airflow/example_dags/example_time_delta_sensor_async.py for tasks to queue
[2025-11-28T06:52:55.006+0000] {logging_mixin.py:188} INFO - [2025-11-28T06:52:55.005+0000] {dagbag.py:538} INFO - Filling up the DagBag from /home/airflow/.local/lib/python3.8/site-packages/airflow/example_dags/example_time_delta_sensor_async.py
[2025-11-28T06:52:55.011+0000] {processor.py:840} INFO - DAG(s) 'example_time_delta_sensor_async' retrieved from /home/airflow/.local/lib/python3.8/site-packages/airflow/example_dags/example_time_delta_sensor_async.py
[2025-11-28T06:52:55.031+0000] {logging_mixin.py:188} INFO - [2025-11-28T06:52:55.031+0000] {dag.py:3036} INFO - Sync 1 DAGs
[2025-11-28T06:52:55.043+0000] {logging_mixin.py:188} INFO - [2025-11-28T06:52:55.042+0000] {dag.py:3823} INFO - Setting next_dagrun for example_time_delta_sensor_async to None, run_after=None
[2025-11-28T06:52:55.066+0000] {processor.py:183} INFO - Processing /home/airflow/.local/lib/python3.8/site-packages/airflow/example_dags/example_time_delta_sensor_async.py took 0.067 seconds
[2025-11-28T06:53:25.465+0000] {processor.py:161} INFO - Started process (PID=183) to work on /home/airflow/.local/lib/python3.8/site-packages/airflow/example_dags/example_time_delta_sensor_async.py
[2025-11-28T06:53:25.467+0000] {processor.py:830} INFO - Processing file /home/airflow/.local/lib/python3.8/site-packages/airflow/example_dags/example_time_delta_sensor_async.py for tasks to queue
[2025-11-28T06:53:25.471+0000] {logging_mixin.py:188} INFO - [2025-11-28T06:53:25.471+0000] {dagbag.py:538} INFO - Filling up the DagBag from /home/airflow/.local/lib/python3.8/site-packages/airflow/example_dags/example_time_delta_sensor_async.py
[2025-11-28T06:53:25.477+0000] {processor.py:840} INFO - DAG(s) 'example_time_delta_sensor_async' retrieved from /home/airflow/.local/lib/python3.8/site-packages/airflow/example_dags/example_time_delta_sensor_async.py
[2025-11-28T06:53:25.504+0000] {logging_mixin.py:188} INFO - [2025-11-28T06:53:25.504+0000] {dag.py:3036} INFO - Sync 1 DAGs
[2025-11-28T06:53:25.522+0000] {logging_mixin.py:188} INFO - [2025-11-28T06:53:25.521+0000] {dag.py:3823} INFO - Setting next_dagrun for example_time_delta_sensor_async to None, run_after=None
[2025-11-28T06:53:25.542+0000] {processor.py:183} INFO - Processing /home/airflow/.local/lib/python3.8/site-packages/airflow/example_dags/example_time_delta_sensor_async.py took 0.081 seconds
[2025-11-28T06:53:55.766+0000] {processor.py:161} INFO - Started process (PID=238) to work on /home/airflow/.local/lib/python3.8/site-packages/airflow/example_dags/example_time_delta_sensor_async.py
[2025-11-28T06:53:55.768+0000] {processor.py:830} INFO - Processing file /home/airflow/.local/lib/python3.8/site-packages/airflow/example_dags/example_time_delta_sensor_async.py for tasks to queue
[2025-11-28T06:53:55.770+0000] {logging_mixin.py:188} INFO - [2025-11-28T06:53:55.770+0000] {dagbag.py:538} INFO - Filling up the DagBag from /home/airflow/.local/lib/python3.8/site-packages/airflow/example_dags/example_time_delta_sensor_async.py
[2025-11-28T06:53:55.777+0000] {processor.py:840} INFO - DAG(s) 'example_time_delta_sensor_async' retrieved from /home/airflow/.local/lib/python3.8/site-packages/airflow/example_dags/example_time_delta_sensor_async.py
[2025-11-28T06:53:55.802+0000] {logging_mixin.py:188} INFO - [2025-11-28T06:53:55.802+0000] {dag.py:3036} INFO - Sync 1 DAGs
[2025-11-28T06:53:55.815+0000] {logging_mixin.py:188} INFO - [2025-11-28T06:53:55.814+0000] {dag.py:3823} INFO - Setting next_dagrun for example_time_delta_sensor_async to None, run_after=None
[2025-11-28T06:53:55.837+0000] {processor.py:183} INFO - Processing /home/airflow/.local/lib/python3.8/site-packages/airflow/example_dags/example_time_delta_sensor_async.py took 0.075 seconds
[2025-11-28T06:54:26.134+0000] {processor.py:161} INFO - Started process (PID=293) to work on /home/airflow/.local/lib/python3.8/site-packages/airflow/example_dags/example_time_delta_sensor_async.py
[2025-11-28T06:54:26.135+0000] {processor.py:830} INFO - Processing file /home/airflow/.local/lib/python3.8/site-packages/airflow/example_dags/example_time_delta_sensor_async.py for tasks to queue
[2025-11-28T06:54:26.137+0000] {logging_mixin.py:188} INFO - [2025-11-28T06:54:26.137+0000] {dagbag.py:538} INFO - Filling up the DagBag from /home/airflow/.local/lib/python3.8/site-packages/airflow/example_dags/example_time_delta_sensor_async.py
[2025-11-28T06:54:26.141+0000] {processor.py:840} INFO - DAG(s) 'example_time_delta_sensor_async' retrieved from /home/airflow/.local/lib/python3.8/site-packages/airflow/example_dags/example_time_delta_sensor_async.py
[2025-11-28T06:54:26.160+0000] {logging_mixin.py:188} INFO - [2025-11-28T06:54:26.160+0000] {dag.py:3036} INFO - Sync 1 DAGs
[2025-11-28T06:54:26.170+0000] {logging_mixin.py:188} INFO - [2025-11-28T06:54:26.169+0000] {dag.py:3823} INFO - Setting next_dagrun for example_time_delta_sensor_async to None, run_after=None
[2025-11-28T06:54:26.184+0000] {processor.py:183} INFO - Processing /home/airflow/.local/lib/python3.8/site-packages/airflow/example_dags/example_time_delta_sensor_async.py took 0.053 seconds
[2025-11-28T06:54:56.751+0000] {processor.py:161} INFO - Started process (PID=354) to work on /home/airflow/.local/lib/python3.8/site-packages/airflow/example_dags/example_time_delta_sensor_async.py
[2025-11-28T06:54:56.752+0000] {processor.py:830} INFO - Processing file /home/airflow/.local/lib/python3.8/site-packages/airflow/example_dags/example_time_delta_sensor_async.py for tasks to queue
[2025-11-28T06:54:56.765+0000] {logging_mixin.py:188} INFO - [2025-11-28T06:54:56.764+0000] {dagbag.py:538} INFO - Filling up the DagBag from /home/airflow/.local/lib/python3.8/site-packages/airflow/example_dags/example_time_delta_sensor_async.py
[2025-11-28T06:54:56.769+0000] {processor.py:840} INFO - DAG(s) 'example_time_delta_sensor_async' retrieved from /home/airflow/.local/lib/python3.8/site-packages/airflow/example_dags/example_time_delta_sensor_async.py
[2025-11-28T06:54:56.786+0000] {logging_mixin.py:188} INFO - [2025-11-28T06:54:56.786+0000] {dag.py:3036} INFO - Sync 1 DAGs
[2025-11-28T06:54:56.797+0000] {logging_mixin.py:188} INFO - [2025-11-28T06:54:56.796+0000] {dag.py:3823} INFO - Setting next_dagrun for example_time_delta_sensor_async to None, run_after=None
[2025-11-28T06:54:56.817+0000] {processor.py:183} INFO - Processing /home/airflow/.local/lib/python3.8/site-packages/airflow/example_dags/example_time_delta_sensor_async.py took 0.069 seconds
[2025-11-28T06:55:27.022+0000] {processor.py:161} INFO - Started process (PID=409) to work on /home/airflow/.local/lib/python3.8/site-packages/airflow/example_dags/example_time_delta_sensor_async.py
[2025-11-28T06:55:27.024+0000] {processor.py:830} INFO - Processing file /home/airflow/.local/lib/python3.8/site-packages/airflow/example_dags/example_time_delta_sensor_async.py for tasks to queue
[2025-11-28T06:55:27.027+0000] {logging_mixin.py:188} INFO - [2025-11-28T06:55:27.027+0000] {dagbag.py:538} INFO - Filling up the DagBag from /home/airflow/.local/lib/python3.8/site-packages/airflow/example_dags/example_time_delta_sensor_async.py
[2025-11-28T06:55:27.031+0000] {processor.py:840} INFO - DAG(s) 'example_time_delta_sensor_async' retrieved from /home/airflow/.local/lib/python3.8/site-packages/airflow/example_dags/example_time_delta_sensor_async.py
[2025-11-28T06:55:27.120+0000] {logging_mixin.py:188} INFO - [2025-11-28T06:55:27.120+0000] {dag.py:3036} INFO - Sync 1 DAGs
[2025-11-28T06:55:27.129+0000] {logging_mixin.py:188} INFO - [2025-11-28T06:55:27.129+0000] {dag.py:3823} INFO - Setting next_dagrun for example_time_delta_sensor_async to None, run_after=None
[2025-11-28T06:55:27.144+0000] {processor.py:183} INFO - Processing /home/airflow/.local/lib/python3.8/site-packages/airflow/example_dags/example_time_delta_sensor_async.py took 0.126 seconds
[2025-11-28T06:55:57.268+0000] {processor.py:161} INFO - Started process (PID=464) to work on /home/airflow/.local/lib/python3.8/site-packages/airflow/example_dags/example_time_delta_sensor_async.py
[2025-11-28T06:55:57.270+0000] {processor.py:830} INFO - Processing file /home/airflow/.local/lib/python3.8/site-packages/airflow/example_dags/example_time_delta_sensor_async.py for tasks to queue
[2025-11-28T06:55:57.272+0000] {logging_mixin.py:188} INFO - [2025-11-28T06:55:57.272+0000] {dagbag.py:538} INFO - Filling up the DagBag from /home/airflow/.local/lib/python3.8/site-packages/airflow/example_dags/example_time_delta_sensor_async.py
[2025-11-28T06:55:57.277+0000] {processor.py:840} INFO - DAG(s) 'example_time_delta_sensor_async' retrieved from /home/airflow/.local/lib/python3.8/site-packages/airflow/example_dags/example_time_delta_sensor_async.py
[2025-11-28T06:55:57.298+0000] {logging_mixin.py:188} INFO - [2025-11-28T06:55:57.298+0000] {dag.py:3036} INFO - Sync 1 DAGs
[2025-11-28T06:55:57.310+0000] {logging_mixin.py:188} INFO - [2025-11-28T06:55:57.310+0000] {dag.py:3823} INFO - Setting next_dagrun for example_time_delta_sensor_async to None, run_after=None
[2025-11-28T06:55:57.337+0000] {processor.py:183} INFO - Processing /home/airflow/.local/lib/python3.8/site-packages/airflow/example_dags/example_time_delta_sensor_async.py took 0.072 seconds
[2025-11-28T06:56:27.797+0000] {processor.py:161} INFO - Started process (PID=519) to work on /home/airflow/.local/lib/python3.8/site-packages/airflow/example_dags/example_time_delta_sensor_async.py
[2025-11-28T06:56:27.798+0000] {processor.py:830} INFO - Processing file /home/airflow/.local/lib/python3.8/site-packages/airflow/example_dags/example_time_delta_sensor_async.py for tasks to queue
[2025-11-28T06:56:27.800+0000] {logging_mixin.py:188} INFO - [2025-11-28T06:56:27.800+0000] {dagbag.py:538} INFO - Filling up the DagBag from /home/airflow/.local/lib/python3.8/site-packages/airflow/example_dags/example_time_delta_sensor_async.py
[2025-11-28T06:56:27.804+0000] {processor.py:840} INFO - DAG(s) 'example_time_delta_sensor_async' retrieved from /home/airflow/.local/lib/python3.8/site-packages/airflow/example_dags/example_time_delta_sensor_async.py
[2025-11-28T06:56:27.824+0000] {logging_mixin.py:188} INFO - [2025-11-28T06:56:27.824+0000] {dag.py:3036} INFO - Sync 1 DAGs
[2025-11-28T06:56:27.836+0000] {logging_mixin.py:188} INFO - [2025-11-28T06:56:27.835+0000] {dag.py:3823} INFO - Setting next_dagrun for example_time_delta_sensor_async to None, run_after=None
[2025-11-28T06:56:27.859+0000] {processor.py:183} INFO - Processing /home/airflow/.local/lib/python3.8/site-packages/airflow/example_dags/example_time_delta_sensor_async.py took 0.065 seconds
[2025-11-28T06:56:58.279+0000] {processor.py:161} INFO - Started process (PID=574) to work on /home/airflow/.local/lib/python3.8/site-packages/airflow/example_dags/example_time_delta_sensor_async.py
[2025-11-28T06:56:58.281+0000] {processor.py:830} INFO - Processing file /home/airflow/.local/lib/python3.8/site-packages/airflow/example_dags/example_time_delta_sensor_async.py for tasks to queue
[2025-11-28T06:56:58.283+0000] {logging_mixin.py:188} INFO - [2025-11-28T06:56:58.282+0000] {dagbag.py:538} INFO - Filling up the DagBag from /home/airflow/.local/lib/python3.8/site-packages/airflow/example_dags/example_time_delta_sensor_async.py
[2025-11-28T06:56:58.287+0000] {processor.py:840} INFO - DAG(s) 'example_time_delta_sensor_async' retrieved from /home/airflow/.local/lib/python3.8/site-packages/airflow/example_dags/example_time_delta_sensor_async.py
[2025-11-28T06:56:58.303+0000] {logging_mixin.py:188} INFO - [2025-11-28T06:56:58.302+0000] {dag.py:3036} INFO - Sync 1 DAGs
[2025-11-28T06:56:58.313+0000] {logging_mixin.py:188} INFO - [2025-11-28T06:56:58.313+0000] {dag.py:3823} INFO - Setting next_dagrun for example_time_delta_sensor_async to None, run_after=None
[2025-11-28T06:56:58.329+0000] {processor.py:183} INFO - Processing /home/airflow/.local/lib/python3.8/site-packages/airflow/example_dags/example_time_delta_sensor_async.py took 0.052 seconds
[2025-11-28T06:57:28.960+0000] {processor.py:161} INFO - Started process (PID=629) to work on /home/airflow/.local/lib/python3.8/site-packages/airflow/example_dags/example_time_delta_sensor_async.py
[2025-11-28T06:57:28.961+0000] {processor.py:830} INFO - Processing file /home/airflow/.local/lib/python3.8/site-packages/airflow/example_dags/example_time_delta_sensor_async.py for tasks to queue
[2025-11-28T06:57:28.963+0000] {logging_mixin.py:188} INFO - [2025-11-28T06:57:28.963+0000] {dagbag.py:538} INFO - Filling up the DagBag from /home/airflow/.local/lib/python3.8/site-packages/airflow/example_dags/example_time_delta_sensor_async.py
[2025-11-28T06:57:28.967+0000] {processor.py:840} INFO - DAG(s) 'example_time_delta_sensor_async' retrieved from /home/airflow/.local/lib/python3.8/site-packages/airflow/example_dags/example_time_delta_sensor_async.py
[2025-11-28T06:57:28.984+0000] {logging_mixin.py:188} INFO - [2025-11-28T06:57:28.984+0000] {dag.py:3036} INFO - Sync 1 DAGs
[2025-11-28T06:57:28.993+0000] {logging_mixin.py:188} INFO - [2025-11-28T06:57:28.992+0000] {dag.py:3823} INFO - Setting next_dagrun for example_time_delta_sensor_async to None, run_after=None
[2025-11-28T06:57:29.010+0000] {processor.py:183} INFO - Processing /home/airflow/.local/lib/python3.8/site-packages/airflow/example_dags/example_time_delta_sensor_async.py took 0.053 seconds
[2025-11-28T06:57:59.460+0000] {processor.py:161} INFO - Started process (PID=684) to work on /home/airflow/.local/lib/python3.8/site-packages/airflow/example_dags/example_time_delta_sensor_async.py
[2025-11-28T06:57:59.461+0000] {processor.py:830} INFO - Processing file /home/airflow/.local/lib/python3.8/site-packages/airflow/example_dags/example_time_delta_sensor_async.py for tasks to queue
[2025-11-28T06:57:59.463+0000] {logging_mixin.py:188} INFO - [2025-11-28T06:57:59.463+0000] {dagbag.py:538} INFO - Filling up the DagBag from /home/airflow/.local/lib/python3.8/site-packages/airflow/example_dags/example_time_delta_sensor_async.py
[2025-11-28T06:57:59.467+0000] {processor.py:840} INFO - DAG(s) 'example_time_delta_sensor_async' retrieved from /home/airflow/.local/lib/python3.8/site-packages/airflow/example_dags/example_time_delta_sensor_async.py
[2025-11-28T06:57:59.484+0000] {logging_mixin.py:188} INFO - [2025-11-28T06:57:59.484+0000] {dag.py:3036} INFO - Sync 1 DAGs
[2025-11-28T06:57:59.493+0000] {logging_mixin.py:188} INFO - [2025-11-28T06:57:59.493+0000] {dag.py:3823} INFO - Setting next_dagrun for example_time_delta_sensor_async to None, run_after=None
[2025-11-28T06:57:59.512+0000] {processor.py:183} INFO - Processing /home/airflow/.local/lib/python3.8/site-packages/airflow/example_dags/example_time_delta_sensor_async.py took 0.054 seconds
[2025-11-28T06:58:29.900+0000] {processor.py:161} INFO - Started process (PID=739) to work on /home/airflow/.local/lib/python3.8/site-packages/airflow/example_dags/example_time_delta_sensor_async.py
[2025-11-28T06:58:29.905+0000] {processor.py:830} INFO - Processing file /home/airflow/.local/lib/python3.8/site-packages/airflow/example_dags/example_time_delta_sensor_async.py for tasks to queue
[2025-11-28T06:58:29.910+0000] {logging_mixin.py:188} INFO - [2025-11-28T06:58:29.910+0000] {dagbag.py:538} INFO - Filling up the DagBag from /home/airflow/.local/lib/python3.8/site-packages/airflow/example_dags/example_time_delta_sensor_async.py
[2025-11-28T06:58:29.919+0000] {processor.py:840} INFO - DAG(s) 'example_time_delta_sensor_async' retrieved from /home/airflow/.local/lib/python3.8/site-packages/airflow/example_dags/example_time_delta_sensor_async.py
[2025-11-28T06:58:29.947+0000] {logging_mixin.py:188} INFO - [2025-11-28T06:58:29.947+0000] {dag.py:3036} INFO - Sync 1 DAGs
[2025-11-28T06:58:29.959+0000] {logging_mixin.py:188} INFO - [2025-11-28T06:58:29.959+0000] {dag.py:3823} INFO - Setting next_dagrun for example_time_delta_sensor_async to None, run_after=None
[2025-11-28T06:58:30.006+0000] {processor.py:183} INFO - Processing /home/airflow/.local/lib/python3.8/site-packages/airflow/example_dags/example_time_delta_sensor_async.py took 0.110 seconds
[2025-11-28T06:59:00.631+0000] {processor.py:161} INFO - Started process (PID=794) to work on /home/airflow/.local/lib/python3.8/site-packages/airflow/example_dags/example_time_delta_sensor_async.py
[2025-11-28T06:59:00.632+0000] {processor.py:830} INFO - Processing file /home/airflow/.local/lib/python3.8/site-packages/airflow/example_dags/example_time_delta_sensor_async.py for tasks to queue
[2025-11-28T06:59:00.635+0000] {logging_mixin.py:188} INFO - [2025-11-28T06:59:00.634+0000] {dagbag.py:538} INFO - Filling up the DagBag from /home/airflow/.local/lib/python3.8/site-packages/airflow/example_dags/example_time_delta_sensor_async.py
[2025-11-28T06:59:00.639+0000] {processor.py:840} INFO - DAG(s) 'example_time_delta_sensor_async' retrieved from /home/airflow/.local/lib/python3.8/site-packages/airflow/example_dags/example_time_delta_sensor_async.py
[2025-11-28T06:59:00.659+0000] {logging_mixin.py:188} INFO - [2025-11-28T06:59:00.659+0000] {dag.py:3036} INFO - Sync 1 DAGs
[2025-11-28T06:59:00.675+0000] {logging_mixin.py:188} INFO - [2025-11-28T06:59:00.674+0000] {dag.py:3823} INFO - Setting next_dagrun for example_time_delta_sensor_async to None, run_after=None
[2025-11-28T06:59:00.699+0000] {processor.py:183} INFO - Processing /home/airflow/.local/lib/python3.8/site-packages/airflow/example_dags/example_time_delta_sensor_async.py took 0.071 seconds
[2025-11-28T06:59:31.120+0000] {processor.py:161} INFO - Started process (PID=849) to work on /home/airflow/.local/lib/python3.8/site-packages/airflow/example_dags/example_time_delta_sensor_async.py
[2025-11-28T06:59:31.121+0000] {processor.py:830} INFO - Processing file /home/airflow/.local/lib/python3.8/site-packages/airflow/example_dags/example_time_delta_sensor_async.py for tasks to queue
[2025-11-28T06:59:31.123+0000] {logging_mixin.py:188} INFO - [2025-11-28T06:59:31.123+0000] {dagbag.py:538} INFO - Filling up the DagBag from /home/airflow/.local/lib/python3.8/site-packages/airflow/example_dags/example_time_delta_sensor_async.py
[2025-11-28T06:59:31.127+0000] {processor.py:840} INFO - DAG(s) 'example_time_delta_sensor_async' retrieved from /home/airflow/.local/lib/python3.8/site-packages/airflow/example_dags/example_time_delta_sensor_async.py
[2025-11-28T06:59:31.144+0000] {logging_mixin.py:188} INFO - [2025-11-28T06:59:31.144+0000] {dag.py:3036} INFO - Sync 1 DAGs
[2025-11-28T06:59:31.153+0000] {logging_mixin.py:188} INFO - [2025-11-28T06:59:31.153+0000] {dag.py:3823} INFO - Setting next_dagrun for example_time_delta_sensor_async to None, run_after=None
[2025-11-28T06:59:31.168+0000] {processor.py:183} INFO - Processing /home/airflow/.local/lib/python3.8/site-packages/airflow/example_dags/example_time_delta_sensor_async.py took 0.052 seconds
[2025-11-28T07:00:01.284+0000] {processor.py:161} INFO - Started process (PID=904) to work on /home/airflow/.local/lib/python3.8/site-packages/airflow/example_dags/example_time_delta_sensor_async.py
[2025-11-28T07:00:01.286+0000] {processor.py:830} INFO - Processing file /home/airflow/.local/lib/python3.8/site-packages/airflow/example_dags/example_time_delta_sensor_async.py for tasks to queue
[2025-11-28T07:00:01.288+0000] {logging_mixin.py:188} INFO - [2025-11-28T07:00:01.288+0000] {dagbag.py:538} INFO - Filling up the DagBag from /home/airflow/.local/lib/python3.8/site-packages/airflow/example_dags/example_time_delta_sensor_async.py
[2025-11-28T07:00:01.293+0000] {processor.py:840} INFO - DAG(s) 'example_time_delta_sensor_async' retrieved from /home/airflow/.local/lib/python3.8/site-packages/airflow/example_dags/example_time_delta_sensor_async.py
[2025-11-28T07:00:01.309+0000] {logging_mixin.py:188} INFO - [2025-11-28T07:00:01.309+0000] {dag.py:3036} INFO - Sync 1 DAGs
[2025-11-28T07:00:01.318+0000] {logging_mixin.py:188} INFO - [2025-11-28T07:00:01.318+0000] {dag.py:3823} INFO - Setting next_dagrun for example_time_delta_sensor_async to None, run_after=None
[2025-11-28T07:00:01.337+0000] {processor.py:183} INFO - Processing /home/airflow/.local/lib/python3.8/site-packages/airflow/example_dags/example_time_delta_sensor_async.py took 0.057 seconds
[2025-11-28T07:00:31.900+0000] {processor.py:161} INFO - Started process (PID=959) to work on /home/airflow/.local/lib/python3.8/site-packages/airflow/example_dags/example_time_delta_sensor_async.py
[2025-11-28T07:00:31.901+0000] {processor.py:830} INFO - Processing file /home/airflow/.local/lib/python3.8/site-packages/airflow/example_dags/example_time_delta_sensor_async.py for tasks to queue
[2025-11-28T07:00:31.905+0000] {logging_mixin.py:188} INFO - [2025-11-28T07:00:31.905+0000] {dagbag.py:538} INFO - Filling up the DagBag from /home/airflow/.local/lib/python3.8/site-packages/airflow/example_dags/example_time_delta_sensor_async.py
[2025-11-28T07:00:31.912+0000] {processor.py:840} INFO - DAG(s) 'example_time_delta_sensor_async' retrieved from /home/airflow/.local/lib/python3.8/site-packages/airflow/example_dags/example_time_delta_sensor_async.py
[2025-11-28T07:00:31.955+0000] {logging_mixin.py:188} INFO - [2025-11-28T07:00:31.954+0000] {dag.py:3036} INFO - Sync 1 DAGs
[2025-11-28T07:00:31.974+0000] {logging_mixin.py:188} INFO - [2025-11-28T07:00:31.974+0000] {dag.py:3823} INFO - Setting next_dagrun for example_time_delta_sensor_async to None, run_after=None
[2025-11-28T07:00:31.992+0000] {processor.py:183} INFO - Processing /home/airflow/.local/lib/python3.8/site-packages/airflow/example_dags/example_time_delta_sensor_async.py took 0.097 seconds
[2025-11-28T07:01:02.206+0000] {processor.py:161} INFO - Started process (PID=1014) to work on /home/airflow/.local/lib/python3.8/site-packages/airflow/example_dags/example_time_delta_sensor_async.py
[2025-11-28T07:01:02.207+0000] {processor.py:830} INFO - Processing file /home/airflow/.local/lib/python3.8/site-packages/airflow/example_dags/example_time_delta_sensor_async.py for tasks to queue
[2025-11-28T07:01:02.209+0000] {logging_mixin.py:188} INFO - [2025-11-28T07:01:02.209+0000] {dagbag.py:538} INFO - Filling up the DagBag from /home/airflow/.local/lib/python3.8/site-packages/airflow/example_dags/example_time_delta_sensor_async.py
[2025-11-28T07:01:02.215+0000] {processor.py:840} INFO - DAG(s) 'example_time_delta_sensor_async' retrieved from /home/airflow/.local/lib/python3.8/site-packages/airflow/example_dags/example_time_delta_sensor_async.py
[2025-11-28T07:01:02.239+0000] {logging_mixin.py:188} INFO - [2025-11-28T07:01:02.239+0000] {dag.py:3036} INFO - Sync 1 DAGs
[2025-11-28T07:01:02.264+0000] {logging_mixin.py:188} INFO - [2025-11-28T07:01:02.262+0000] {dag.py:3823} INFO - Setting next_dagrun for example_time_delta_sensor_async to None, run_after=None
[2025-11-28T07:01:02.285+0000] {processor.py:183} INFO - Processing /home/airflow/.local/lib/python3.8/site-packages/airflow/example_dags/example_time_delta_sensor_async.py took 0.083 seconds
[2025-11-28T07:01:32.561+0000] {processor.py:161} INFO - Started process (PID=1068) to work on /home/airflow/.local/lib/python3.8/site-packages/airflow/example_dags/example_time_delta_sensor_async.py
[2025-11-28T07:01:32.569+0000] {processor.py:830} INFO - Processing file /home/airflow/.local/lib/python3.8/site-packages/airflow/example_dags/example_time_delta_sensor_async.py for tasks to queue
[2025-11-28T07:01:32.574+0000] {logging_mixin.py:188} INFO - [2025-11-28T07:01:32.574+0000] {dagbag.py:538} INFO - Filling up the DagBag from /home/airflow/.local/lib/python3.8/site-packages/airflow/example_dags/example_time_delta_sensor_async.py
[2025-11-28T07:01:32.581+0000] {processor.py:840} INFO - DAG(s) 'example_time_delta_sensor_async' retrieved from /home/airflow/.local/lib/python3.8/site-packages/airflow/example_dags/example_time_delta_sensor_async.py
[2025-11-28T07:01:32.612+0000] {logging_mixin.py:188} INFO - [2025-11-28T07:01:32.611+0000] {dag.py:3036} INFO - Sync 1 DAGs
[2025-11-28T07:01:32.628+0000] {logging_mixin.py:188} INFO - [2025-11-28T07:01:32.628+0000] {dag.py:3823} INFO - Setting next_dagrun for example_time_delta_sensor_async to None, run_after=None
[2025-11-28T07:01:32.647+0000] {processor.py:183} INFO - Processing /home/airflow/.local/lib/python3.8/site-packages/airflow/example_dags/example_time_delta_sensor_async.py took 0.090 seconds
[2025-11-28T07:02:02.960+0000] {processor.py:161} INFO - Started process (PID=1123) to work on /home/airflow/.local/lib/python3.8/site-packages/airflow/example_dags/example_time_delta_sensor_async.py
[2025-11-28T07:02:02.962+0000] {processor.py:830} INFO - Processing file /home/airflow/.local/lib/python3.8/site-packages/airflow/example_dags/example_time_delta_sensor_async.py for tasks to queue
[2025-11-28T07:02:02.965+0000] {logging_mixin.py:188} INFO - [2025-11-28T07:02:02.965+0000] {dagbag.py:538} INFO - Filling up the DagBag from /home/airflow/.local/lib/python3.8/site-packages/airflow/example_dags/example_time_delta_sensor_async.py
[2025-11-28T07:02:02.970+0000] {processor.py:840} INFO - DAG(s) 'example_time_delta_sensor_async' retrieved from /home/airflow/.local/lib/python3.8/site-packages/airflow/example_dags/example_time_delta_sensor_async.py
[2025-11-28T07:02:02.987+0000] {logging_mixin.py:188} INFO - [2025-11-28T07:02:02.986+0000] {dag.py:3036} INFO - Sync 1 DAGs
[2025-11-28T07:02:02.996+0000] {logging_mixin.py:188} INFO - [2025-11-28T07:02:02.996+0000] {dag.py:3823} INFO - Setting next_dagrun for example_time_delta_sensor_async to None, run_after=None
[2025-11-28T07:02:03.011+0000] {processor.py:183} INFO - Processing /home/airflow/.local/lib/python3.8/site-packages/airflow/example_dags/example_time_delta_sensor_async.py took 0.054 seconds
[2025-11-28T07:02:33.151+0000] {processor.py:161} INFO - Started process (PID=1177) to work on /home/airflow/.local/lib/python3.8/site-packages/airflow/example_dags/example_time_delta_sensor_async.py
[2025-11-28T07:02:33.152+0000] {processor.py:830} INFO - Processing file /home/airflow/.local/lib/python3.8/site-packages/airflow/example_dags/example_time_delta_sensor_async.py for tasks to queue
[2025-11-28T07:02:33.154+0000] {logging_mixin.py:188} INFO - [2025-11-28T07:02:33.154+0000] {dagbag.py:538} INFO - Filling up the DagBag from /home/airflow/.local/lib/python3.8/site-packages/airflow/example_dags/example_time_delta_sensor_async.py
[2025-11-28T07:02:33.159+0000] {processor.py:840} INFO - DAG(s) 'example_time_delta_sensor_async' retrieved from /home/airflow/.local/lib/python3.8/site-packages/airflow/example_dags/example_time_delta_sensor_async.py
[2025-11-28T07:02:33.178+0000] {logging_mixin.py:188} INFO - [2025-11-28T07:02:33.178+0000] {dag.py:3036} INFO - Sync 1 DAGs
[2025-11-28T07:02:33.190+0000] {logging_mixin.py:188} INFO - [2025-11-28T07:02:33.190+0000] {dag.py:3823} INFO - Setting next_dagrun for example_time_delta_sensor_async to None, run_after=None
[2025-11-28T07:02:33.217+0000] {processor.py:183} INFO - Processing /home/airflow/.local/lib/python3.8/site-packages/airflow/example_dags/example_time_delta_sensor_async.py took 0.068 seconds
[2025-11-28T07:03:03.945+0000] {processor.py:161} INFO - Started process (PID=1233) to work on /home/airflow/.local/lib/python3.8/site-packages/airflow/example_dags/example_time_delta_sensor_async.py
[2025-11-28T07:03:03.947+0000] {processor.py:830} INFO - Processing file /home/airflow/.local/lib/python3.8/site-packages/airflow/example_dags/example_time_delta_sensor_async.py for tasks to queue
[2025-11-28T07:03:03.951+0000] {logging_mixin.py:188} INFO - [2025-11-28T07:03:03.951+0000] {dagbag.py:538} INFO - Filling up the DagBag from /home/airflow/.local/lib/python3.8/site-packages/airflow/example_dags/example_time_delta_sensor_async.py
[2025-11-28T07:03:03.958+0000] {processor.py:840} INFO - DAG(s) 'example_time_delta_sensor_async' retrieved from /home/airflow/.local/lib/python3.8/site-packages/airflow/example_dags/example_time_delta_sensor_async.py
[2025-11-28T07:03:03.998+0000] {logging_mixin.py:188} INFO - [2025-11-28T07:03:03.998+0000] {dag.py:3036} INFO - Sync 1 DAGs
[2025-11-28T07:03:04.016+0000] {logging_mixin.py:188} INFO - [2025-11-28T07:03:04.016+0000] {dag.py:3823} INFO - Setting next_dagrun for example_time_delta_sensor_async to None, run_after=None
[2025-11-28T07:03:04.045+0000] {processor.py:183} INFO - Processing /home/airflow/.local/lib/python3.8/site-packages/airflow/example_dags/example_time_delta_sensor_async.py took 0.103 seconds
[2025-11-28T07:03:34.524+0000] {processor.py:161} INFO - Started process (PID=1288) to work on /home/airflow/.local/lib/python3.8/site-packages/airflow/example_dags/example_time_delta_sensor_async.py
[2025-11-28T07:03:34.530+0000] {processor.py:830} INFO - Processing file /home/airflow/.local/lib/python3.8/site-packages/airflow/example_dags/example_time_delta_sensor_async.py for tasks to queue
[2025-11-28T07:03:34.534+0000] {logging_mixin.py:188} INFO - [2025-11-28T07:03:34.534+0000] {dagbag.py:538} INFO - Filling up the DagBag from /home/airflow/.local/lib/python3.8/site-packages/airflow/example_dags/example_time_delta_sensor_async.py
[2025-11-28T07:03:34.539+0000] {processor.py:840} INFO - DAG(s) 'example_time_delta_sensor_async' retrieved from /home/airflow/.local/lib/python3.8/site-packages/airflow/example_dags/example_time_delta_sensor_async.py
[2025-11-28T07:03:34.556+0000] {logging_mixin.py:188} INFO - [2025-11-28T07:03:34.555+0000] {dag.py:3036} INFO - Sync 1 DAGs
[2025-11-28T07:03:34.572+0000] {logging_mixin.py:188} INFO - [2025-11-28T07:03:34.571+0000] {dag.py:3823} INFO - Setting next_dagrun for example_time_delta_sensor_async to None, run_after=None
[2025-11-28T07:03:34.597+0000] {processor.py:183} INFO - Processing /home/airflow/.local/lib/python3.8/site-packages/airflow/example_dags/example_time_delta_sensor_async.py took 0.080 seconds
[2025-11-28T07:04:05.346+0000] {processor.py:161} INFO - Started process (PID=1343) to work on /home/airflow/.local/lib/python3.8/site-packages/airflow/example_dags/example_time_delta_sensor_async.py
[2025-11-28T07:04:05.348+0000] {processor.py:830} INFO - Processing file /home/airflow/.local/lib/python3.8/site-packages/airflow/example_dags/example_time_delta_sensor_async.py for tasks to queue
[2025-11-28T07:04:05.349+0000] {logging_mixin.py:188} INFO - [2025-11-28T07:04:05.349+0000] {dagbag.py:538} INFO - Filling up the DagBag from /home/airflow/.local/lib/python3.8/site-packages/airflow/example_dags/example_time_delta_sensor_async.py
[2025-11-28T07:04:05.356+0000] {processor.py:840} INFO - DAG(s) 'example_time_delta_sensor_async' retrieved from /home/airflow/.local/lib/python3.8/site-packages/airflow/example_dags/example_time_delta_sensor_async.py
[2025-11-28T07:04:05.381+0000] {logging_mixin.py:188} INFO - [2025-11-28T07:04:05.381+0000] {dag.py:3036} INFO - Sync 1 DAGs
[2025-11-28T07:04:05.401+0000] {logging_mixin.py:188} INFO - [2025-11-28T07:04:05.401+0000] {dag.py:3823} INFO - Setting next_dagrun for example_time_delta_sensor_async to None, run_after=None
[2025-11-28T07:04:05.422+0000] {processor.py:183} INFO - Processing /home/airflow/.local/lib/python3.8/site-packages/airflow/example_dags/example_time_delta_sensor_async.py took 0.078 seconds
[2025-11-28T07:04:35.933+0000] {processor.py:161} INFO - Started process (PID=1398) to work on /home/airflow/.local/lib/python3.8/site-packages/airflow/example_dags/example_time_delta_sensor_async.py
[2025-11-28T07:04:35.935+0000] {processor.py:830} INFO - Processing file /home/airflow/.local/lib/python3.8/site-packages/airflow/example_dags/example_time_delta_sensor_async.py for tasks to queue
[2025-11-28T07:04:35.938+0000] {logging_mixin.py:188} INFO - [2025-11-28T07:04:35.937+0000] {dagbag.py:538} INFO - Filling up the DagBag from /home/airflow/.local/lib/python3.8/site-packages/airflow/example_dags/example_time_delta_sensor_async.py
[2025-11-28T07:04:35.943+0000] {processor.py:840} INFO - DAG(s) 'example_time_delta_sensor_async' retrieved from /home/airflow/.local/lib/python3.8/site-packages/airflow/example_dags/example_time_delta_sensor_async.py
[2025-11-28T07:04:35.963+0000] {logging_mixin.py:188} INFO - [2025-11-28T07:04:35.963+0000] {dag.py:3036} INFO - Sync 1 DAGs
[2025-11-28T07:04:35.971+0000] {logging_mixin.py:188} INFO - [2025-11-28T07:04:35.971+0000] {dag.py:3823} INFO - Setting next_dagrun for example_time_delta_sensor_async to None, run_after=None
[2025-11-28T07:04:35.984+0000] {processor.py:183} INFO - Processing /home/airflow/.local/lib/python3.8/site-packages/airflow/example_dags/example_time_delta_sensor_async.py took 0.054 seconds
[2025-11-28T07:05:06.494+0000] {processor.py:161} INFO - Started process (PID=1454) to work on /home/airflow/.local/lib/python3.8/site-packages/airflow/example_dags/example_time_delta_sensor_async.py
[2025-11-28T07:05:06.496+0000] {processor.py:830} INFO - Processing file /home/airflow/.local/lib/python3.8/site-packages/airflow/example_dags/example_time_delta_sensor_async.py for tasks to queue
[2025-11-28T07:05:06.498+0000] {logging_mixin.py:188} INFO - [2025-11-28T07:05:06.498+0000] {dagbag.py:538} INFO - Filling up the DagBag from /home/airflow/.local/lib/python3.8/site-packages/airflow/example_dags/example_time_delta_sensor_async.py
[2025-11-28T07:05:06.503+0000] {processor.py:840} INFO - DAG(s) 'example_time_delta_sensor_async' retrieved from /home/airflow/.local/lib/python3.8/site-packages/airflow/example_dags/example_time_delta_sensor_async.py
[2025-11-28T07:05:06.525+0000] {logging_mixin.py:188} INFO - [2025-11-28T07:05:06.525+0000] {dag.py:3036} INFO - Sync 1 DAGs
[2025-11-28T07:05:06.536+0000] {logging_mixin.py:188} INFO - [2025-11-28T07:05:06.536+0000] {dag.py:3823} INFO - Setting next_dagrun for example_time_delta_sensor_async to None, run_after=None
[2025-11-28T07:05:06.557+0000] {processor.py:183} INFO - Processing /home/airflow/.local/lib/python3.8/site-packages/airflow/example_dags/example_time_delta_sensor_async.py took 0.067 seconds
[2025-11-28T07:05:37.159+0000] {processor.py:161} INFO - Started process (PID=1509) to work on /home/airflow/.local/lib/python3.8/site-packages/airflow/example_dags/example_time_delta_sensor_async.py
[2025-11-28T07:05:37.160+0000] {processor.py:830} INFO - Processing file /home/airflow/.local/lib/python3.8/site-packages/airflow/example_dags/example_time_delta_sensor_async.py for tasks to queue
[2025-11-28T07:05:37.162+0000] {logging_mixin.py:188} INFO - [2025-11-28T07:05:37.162+0000] {dagbag.py:538} INFO - Filling up the DagBag from /home/airflow/.local/lib/python3.8/site-packages/airflow/example_dags/example_time_delta_sensor_async.py
[2025-11-28T07:05:37.166+0000] {processor.py:840} INFO - DAG(s) 'example_time_delta_sensor_async' retrieved from /home/airflow/.local/lib/python3.8/site-packages/airflow/example_dags/example_time_delta_sensor_async.py
[2025-11-28T07:05:37.183+0000] {logging_mixin.py:188} INFO - [2025-11-28T07:05:37.183+0000] {dag.py:3036} INFO - Sync 1 DAGs
[2025-11-28T07:05:37.192+0000] {logging_mixin.py:188} INFO - [2025-11-28T07:05:37.192+0000] {dag.py:3823} INFO - Setting next_dagrun for example_time_delta_sensor_async to None, run_after=None
[2025-11-28T07:05:37.205+0000] {processor.py:183} INFO - Processing /home/airflow/.local/lib/python3.8/site-packages/airflow/example_dags/example_time_delta_sensor_async.py took 0.049 seconds
[2025-11-28T07:06:07.748+0000] {processor.py:161} INFO - Started process (PID=1564) to work on /home/airflow/.local/lib/python3.8/site-packages/airflow/example_dags/example_time_delta_sensor_async.py
[2025-11-28T07:06:07.750+0000] {processor.py:830} INFO - Processing file /home/airflow/.local/lib/python3.8/site-packages/airflow/example_dags/example_time_delta_sensor_async.py for tasks to queue
[2025-11-28T07:06:07.752+0000] {logging_mixin.py:188} INFO - [2025-11-28T07:06:07.752+0000] {dagbag.py:538} INFO - Filling up the DagBag from /home/airflow/.local/lib/python3.8/site-packages/airflow/example_dags/example_time_delta_sensor_async.py
[2025-11-28T07:06:07.756+0000] {processor.py:840} INFO - DAG(s) 'example_time_delta_sensor_async' retrieved from /home/airflow/.local/lib/python3.8/site-packages/airflow/example_dags/example_time_delta_sensor_async.py
[2025-11-28T07:06:07.781+0000] {logging_mixin.py:188} INFO - [2025-11-28T07:06:07.781+0000] {dag.py:3036} INFO - Sync 1 DAGs
[2025-11-28T07:06:07.792+0000] {logging_mixin.py:188} INFO - [2025-11-28T07:06:07.792+0000] {dag.py:3823} INFO - Setting next_dagrun for example_time_delta_sensor_async to None, run_after=None
[2025-11-28T07:06:07.811+0000] {processor.py:183} INFO - Processing /home/airflow/.local/lib/python3.8/site-packages/airflow/example_dags/example_time_delta_sensor_async.py took 0.066 seconds
[2025-11-28T07:06:38.463+0000] {processor.py:161} INFO - Started process (PID=1619) to work on /home/airflow/.local/lib/python3.8/site-packages/airflow/example_dags/example_time_delta_sensor_async.py
[2025-11-28T07:06:38.464+0000] {processor.py:830} INFO - Processing file /home/airflow/.local/lib/python3.8/site-packages/airflow/example_dags/example_time_delta_sensor_async.py for tasks to queue
[2025-11-28T07:06:38.466+0000] {logging_mixin.py:188} INFO - [2025-11-28T07:06:38.466+0000] {dagbag.py:538} INFO - Filling up the DagBag from /home/airflow/.local/lib/python3.8/site-packages/airflow/example_dags/example_time_delta_sensor_async.py
[2025-11-28T07:06:38.472+0000] {processor.py:840} INFO - DAG(s) 'example_time_delta_sensor_async' retrieved from /home/airflow/.local/lib/python3.8/site-packages/airflow/example_dags/example_time_delta_sensor_async.py
[2025-11-28T07:06:38.502+0000] {logging_mixin.py:188} INFO - [2025-11-28T07:06:38.502+0000] {dag.py:3036} INFO - Sync 1 DAGs
[2025-11-28T07:06:38.511+0000] {logging_mixin.py:188} INFO - [2025-11-28T07:06:38.511+0000] {dag.py:3823} INFO - Setting next_dagrun for example_time_delta_sensor_async to None, run_after=None
[2025-11-28T07:06:38.532+0000] {processor.py:183} INFO - Processing /home/airflow/.local/lib/python3.8/site-packages/airflow/example_dags/example_time_delta_sensor_async.py took 0.071 seconds
[2025-11-28T07:07:08.592+0000] {processor.py:161} INFO - Started process (PID=1674) to work on /home/airflow/.local/lib/python3.8/site-packages/airflow/example_dags/example_time_delta_sensor_async.py
[2025-11-28T07:07:08.594+0000] {processor.py:830} INFO - Processing file /home/airflow/.local/lib/python3.8/site-packages/airflow/example_dags/example_time_delta_sensor_async.py for tasks to queue
[2025-11-28T07:07:08.597+0000] {logging_mixin.py:188} INFO - [2025-11-28T07:07:08.596+0000] {dagbag.py:538} INFO - Filling up the DagBag from /home/airflow/.local/lib/python3.8/site-packages/airflow/example_dags/example_time_delta_sensor_async.py
[2025-11-28T07:07:08.601+0000] {processor.py:840} INFO - DAG(s) 'example_time_delta_sensor_async' retrieved from /home/airflow/.local/lib/python3.8/site-packages/airflow/example_dags/example_time_delta_sensor_async.py
[2025-11-28T07:07:08.617+0000] {logging_mixin.py:188} INFO - [2025-11-28T07:07:08.617+0000] {dag.py:3036} INFO - Sync 1 DAGs
[2025-11-28T07:07:08.628+0000] {logging_mixin.py:188} INFO - [2025-11-28T07:07:08.628+0000] {dag.py:3823} INFO - Setting next_dagrun for example_time_delta_sensor_async to None, run_after=None
[2025-11-28T07:07:08.649+0000] {processor.py:183} INFO - Processing /home/airflow/.local/lib/python3.8/site-packages/airflow/example_dags/example_time_delta_sensor_async.py took 0.060 seconds
[2025-11-28T07:07:39.066+0000] {processor.py:161} INFO - Started process (PID=1729) to work on /home/airflow/.local/lib/python3.8/site-packages/airflow/example_dags/example_time_delta_sensor_async.py
[2025-11-28T07:07:39.067+0000] {processor.py:830} INFO - Processing file /home/airflow/.local/lib/python3.8/site-packages/airflow/example_dags/example_time_delta_sensor_async.py for tasks to queue
[2025-11-28T07:07:39.069+0000] {logging_mixin.py:188} INFO - [2025-11-28T07:07:39.068+0000] {dagbag.py:538} INFO - Filling up the DagBag from /home/airflow/.local/lib/python3.8/site-packages/airflow/example_dags/example_time_delta_sensor_async.py
[2025-11-28T07:07:39.073+0000] {processor.py:840} INFO - DAG(s) 'example_time_delta_sensor_async' retrieved from /home/airflow/.local/lib/python3.8/site-packages/airflow/example_dags/example_time_delta_sensor_async.py
[2025-11-28T07:07:39.095+0000] {logging_mixin.py:188} INFO - [2025-11-28T07:07:39.094+0000] {dag.py:3036} INFO - Sync 1 DAGs
[2025-11-28T07:07:39.105+0000] {logging_mixin.py:188} INFO - [2025-11-28T07:07:39.105+0000] {dag.py:3823} INFO - Setting next_dagrun for example_time_delta_sensor_async to None, run_after=None
[2025-11-28T07:07:39.124+0000] {processor.py:183} INFO - Processing /home/airflow/.local/lib/python3.8/site-packages/airflow/example_dags/example_time_delta_sensor_async.py took 0.061 seconds
[2025-11-28T07:08:09.955+0000] {processor.py:161} INFO - Started process (PID=1784) to work on /home/airflow/.local/lib/python3.8/site-packages/airflow/example_dags/example_time_delta_sensor_async.py
[2025-11-28T07:08:09.957+0000] {processor.py:830} INFO - Processing file /home/airflow/.local/lib/python3.8/site-packages/airflow/example_dags/example_time_delta_sensor_async.py for tasks to queue
[2025-11-28T07:08:09.962+0000] {logging_mixin.py:188} INFO - [2025-11-28T07:08:09.961+0000] {dagbag.py:538} INFO - Filling up the DagBag from /home/airflow/.local/lib/python3.8/site-packages/airflow/example_dags/example_time_delta_sensor_async.py
[2025-11-28T07:08:09.971+0000] {processor.py:840} INFO - DAG(s) 'example_time_delta_sensor_async' retrieved from /home/airflow/.local/lib/python3.8/site-packages/airflow/example_dags/example_time_delta_sensor_async.py
[2025-11-28T07:08:10.000+0000] {logging_mixin.py:188} INFO - [2025-11-28T07:08:09.999+0000] {dag.py:3036} INFO - Sync 1 DAGs
[2025-11-28T07:08:10.018+0000] {logging_mixin.py:188} INFO - [2025-11-28T07:08:10.017+0000] {dag.py:3823} INFO - Setting next_dagrun for example_time_delta_sensor_async to None, run_after=None
[2025-11-28T07:08:10.049+0000] {processor.py:183} INFO - Processing /home/airflow/.local/lib/python3.8/site-packages/airflow/example_dags/example_time_delta_sensor_async.py took 0.098 seconds
[2025-11-28T07:08:40.192+0000] {processor.py:161} INFO - Started process (PID=1839) to work on /home/airflow/.local/lib/python3.8/site-packages/airflow/example_dags/example_time_delta_sensor_async.py
[2025-11-28T07:08:40.194+0000] {processor.py:830} INFO - Processing file /home/airflow/.local/lib/python3.8/site-packages/airflow/example_dags/example_time_delta_sensor_async.py for tasks to queue
[2025-11-28T07:08:40.197+0000] {logging_mixin.py:188} INFO - [2025-11-28T07:08:40.197+0000] {dagbag.py:538} INFO - Filling up the DagBag from /home/airflow/.local/lib/python3.8/site-packages/airflow/example_dags/example_time_delta_sensor_async.py
[2025-11-28T07:08:40.203+0000] {processor.py:840} INFO - DAG(s) 'example_time_delta_sensor_async' retrieved from /home/airflow/.local/lib/python3.8/site-packages/airflow/example_dags/example_time_delta_sensor_async.py
[2025-11-28T07:08:40.229+0000] {logging_mixin.py:188} INFO - [2025-11-28T07:08:40.229+0000] {dag.py:3036} INFO - Sync 1 DAGs
[2025-11-28T07:08:40.242+0000] {logging_mixin.py:188} INFO - [2025-11-28T07:08:40.241+0000] {dag.py:3823} INFO - Setting next_dagrun for example_time_delta_sensor_async to None, run_after=None
[2025-11-28T07:08:40.261+0000] {processor.py:183} INFO - Processing /home/airflow/.local/lib/python3.8/site-packages/airflow/example_dags/example_time_delta_sensor_async.py took 0.072 seconds
[2025-11-28T07:09:10.327+0000] {processor.py:161} INFO - Started process (PID=1894) to work on /home/airflow/.local/lib/python3.8/site-packages/airflow/example_dags/example_time_delta_sensor_async.py
[2025-11-28T07:09:10.329+0000] {processor.py:830} INFO - Processing file /home/airflow/.local/lib/python3.8/site-packages/airflow/example_dags/example_time_delta_sensor_async.py for tasks to queue
[2025-11-28T07:09:10.332+0000] {logging_mixin.py:188} INFO - [2025-11-28T07:09:10.332+0000] {dagbag.py:538} INFO - Filling up the DagBag from /home/airflow/.local/lib/python3.8/site-packages/airflow/example_dags/example_time_delta_sensor_async.py
[2025-11-28T07:09:10.338+0000] {processor.py:840} INFO - DAG(s) 'example_time_delta_sensor_async' retrieved from /home/airflow/.local/lib/python3.8/site-packages/airflow/example_dags/example_time_delta_sensor_async.py
[2025-11-28T07:09:10.364+0000] {logging_mixin.py:188} INFO - [2025-11-28T07:09:10.363+0000] {dag.py:3036} INFO - Sync 1 DAGs
[2025-11-28T07:09:10.382+0000] {logging_mixin.py:188} INFO - [2025-11-28T07:09:10.381+0000] {dag.py:3823} INFO - Setting next_dagrun for example_time_delta_sensor_async to None, run_after=None
[2025-11-28T07:09:10.405+0000] {processor.py:183} INFO - Processing /home/airflow/.local/lib/python3.8/site-packages/airflow/example_dags/example_time_delta_sensor_async.py took 0.081 seconds
[2025-11-28T07:09:40.520+0000] {processor.py:161} INFO - Started process (PID=1949) to work on /home/airflow/.local/lib/python3.8/site-packages/airflow/example_dags/example_time_delta_sensor_async.py
[2025-11-28T07:09:40.521+0000] {processor.py:830} INFO - Processing file /home/airflow/.local/lib/python3.8/site-packages/airflow/example_dags/example_time_delta_sensor_async.py for tasks to queue
[2025-11-28T07:09:40.522+0000] {logging_mixin.py:188} INFO - [2025-11-28T07:09:40.522+0000] {dagbag.py:538} INFO - Filling up the DagBag from /home/airflow/.local/lib/python3.8/site-packages/airflow/example_dags/example_time_delta_sensor_async.py
[2025-11-28T07:09:40.527+0000] {processor.py:840} INFO - DAG(s) 'example_time_delta_sensor_async' retrieved from /home/airflow/.local/lib/python3.8/site-packages/airflow/example_dags/example_time_delta_sensor_async.py
[2025-11-28T07:09:40.549+0000] {logging_mixin.py:188} INFO - [2025-11-28T07:09:40.549+0000] {dag.py:3036} INFO - Sync 1 DAGs
[2025-11-28T07:09:40.563+0000] {logging_mixin.py:188} INFO - [2025-11-28T07:09:40.562+0000] {dag.py:3823} INFO - Setting next_dagrun for example_time_delta_sensor_async to None, run_after=None
[2025-11-28T07:09:40.587+0000] {processor.py:183} INFO - Processing /home/airflow/.local/lib/python3.8/site-packages/airflow/example_dags/example_time_delta_sensor_async.py took 0.070 seconds
[2025-11-28T07:10:11.116+0000] {processor.py:161} INFO - Started process (PID=2004) to work on /home/airflow/.local/lib/python3.8/site-packages/airflow/example_dags/example_time_delta_sensor_async.py
[2025-11-28T07:10:11.117+0000] {processor.py:830} INFO - Processing file /home/airflow/.local/lib/python3.8/site-packages/airflow/example_dags/example_time_delta_sensor_async.py for tasks to queue
[2025-11-28T07:10:11.120+0000] {logging_mixin.py:188} INFO - [2025-11-28T07:10:11.120+0000] {dagbag.py:538} INFO - Filling up the DagBag from /home/airflow/.local/lib/python3.8/site-packages/airflow/example_dags/example_time_delta_sensor_async.py
[2025-11-28T07:10:11.125+0000] {processor.py:840} INFO - DAG(s) 'example_time_delta_sensor_async' retrieved from /home/airflow/.local/lib/python3.8/site-packages/airflow/example_dags/example_time_delta_sensor_async.py
[2025-11-28T07:10:11.156+0000] {logging_mixin.py:188} INFO - [2025-11-28T07:10:11.155+0000] {dag.py:3036} INFO - Sync 1 DAGs
[2025-11-28T07:10:11.177+0000] {logging_mixin.py:188} INFO - [2025-11-28T07:10:11.177+0000] {dag.py:3823} INFO - Setting next_dagrun for example_time_delta_sensor_async to None, run_after=None
[2025-11-28T07:10:11.202+0000] {processor.py:183} INFO - Processing /home/airflow/.local/lib/python3.8/site-packages/airflow/example_dags/example_time_delta_sensor_async.py took 0.090 seconds
[2025-11-28T07:10:41.302+0000] {processor.py:161} INFO - Started process (PID=2059) to work on /home/airflow/.local/lib/python3.8/site-packages/airflow/example_dags/example_time_delta_sensor_async.py
[2025-11-28T07:10:41.306+0000] {processor.py:830} INFO - Processing file /home/airflow/.local/lib/python3.8/site-packages/airflow/example_dags/example_time_delta_sensor_async.py for tasks to queue
[2025-11-28T07:10:41.308+0000] {logging_mixin.py:188} INFO - [2025-11-28T07:10:41.308+0000] {dagbag.py:538} INFO - Filling up the DagBag from /home/airflow/.local/lib/python3.8/site-packages/airflow/example_dags/example_time_delta_sensor_async.py
[2025-11-28T07:10:41.317+0000] {processor.py:840} INFO - DAG(s) 'example_time_delta_sensor_async' retrieved from /home/airflow/.local/lib/python3.8/site-packages/airflow/example_dags/example_time_delta_sensor_async.py
[2025-11-28T07:10:41.349+0000] {logging_mixin.py:188} INFO - [2025-11-28T07:10:41.349+0000] {dag.py:3036} INFO - Sync 1 DAGs
[2025-11-28T07:10:41.360+0000] {logging_mixin.py:188} INFO - [2025-11-28T07:10:41.360+0000] {dag.py:3823} INFO - Setting next_dagrun for example_time_delta_sensor_async to None, run_after=None
[2025-11-28T07:10:41.378+0000] {processor.py:183} INFO - Processing /home/airflow/.local/lib/python3.8/site-packages/airflow/example_dags/example_time_delta_sensor_async.py took 0.079 seconds
[2025-11-28T07:11:11.680+0000] {processor.py:161} INFO - Started process (PID=2114) to work on /home/airflow/.local/lib/python3.8/site-packages/airflow/example_dags/example_time_delta_sensor_async.py
[2025-11-28T07:11:11.681+0000] {processor.py:830} INFO - Processing file /home/airflow/.local/lib/python3.8/site-packages/airflow/example_dags/example_time_delta_sensor_async.py for tasks to queue
[2025-11-28T07:11:11.683+0000] {logging_mixin.py:188} INFO - [2025-11-28T07:11:11.683+0000] {dagbag.py:538} INFO - Filling up the DagBag from /home/airflow/.local/lib/python3.8/site-packages/airflow/example_dags/example_time_delta_sensor_async.py
[2025-11-28T07:11:11.688+0000] {processor.py:840} INFO - DAG(s) 'example_time_delta_sensor_async' retrieved from /home/airflow/.local/lib/python3.8/site-packages/airflow/example_dags/example_time_delta_sensor_async.py
[2025-11-28T07:11:11.710+0000] {logging_mixin.py:188} INFO - [2025-11-28T07:11:11.709+0000] {dag.py:3036} INFO - Sync 1 DAGs
[2025-11-28T07:11:11.722+0000] {logging_mixin.py:188} INFO - [2025-11-28T07:11:11.722+0000] {dag.py:3823} INFO - Setting next_dagrun for example_time_delta_sensor_async to None, run_after=None
[2025-11-28T07:11:11.747+0000] {processor.py:183} INFO - Processing /home/airflow/.local/lib/python3.8/site-packages/airflow/example_dags/example_time_delta_sensor_async.py took 0.070 seconds
[2025-11-28T07:11:42.028+0000] {processor.py:161} INFO - Started process (PID=2169) to work on /home/airflow/.local/lib/python3.8/site-packages/airflow/example_dags/example_time_delta_sensor_async.py
[2025-11-28T07:11:42.031+0000] {processor.py:830} INFO - Processing file /home/airflow/.local/lib/python3.8/site-packages/airflow/example_dags/example_time_delta_sensor_async.py for tasks to queue
[2025-11-28T07:11:42.033+0000] {logging_mixin.py:188} INFO - [2025-11-28T07:11:42.033+0000] {dagbag.py:538} INFO - Filling up the DagBag from /home/airflow/.local/lib/python3.8/site-packages/airflow/example_dags/example_time_delta_sensor_async.py
[2025-11-28T07:11:42.037+0000] {processor.py:840} INFO - DAG(s) 'example_time_delta_sensor_async' retrieved from /home/airflow/.local/lib/python3.8/site-packages/airflow/example_dags/example_time_delta_sensor_async.py
[2025-11-28T07:11:42.054+0000] {logging_mixin.py:188} INFO - [2025-11-28T07:11:42.054+0000] {dag.py:3036} INFO - Sync 1 DAGs
[2025-11-28T07:11:42.065+0000] {logging_mixin.py:188} INFO - [2025-11-28T07:11:42.065+0000] {dag.py:3823} INFO - Setting next_dagrun for example_time_delta_sensor_async to None, run_after=None
[2025-11-28T07:11:42.081+0000] {processor.py:183} INFO - Processing /home/airflow/.local/lib/python3.8/site-packages/airflow/example_dags/example_time_delta_sensor_async.py took 0.056 seconds
[2025-11-28T07:12:12.378+0000] {processor.py:161} INFO - Started process (PID=2224) to work on /home/airflow/.local/lib/python3.8/site-packages/airflow/example_dags/example_time_delta_sensor_async.py
[2025-11-28T07:12:12.379+0000] {processor.py:830} INFO - Processing file /home/airflow/.local/lib/python3.8/site-packages/airflow/example_dags/example_time_delta_sensor_async.py for tasks to queue
[2025-11-28T07:12:12.381+0000] {logging_mixin.py:188} INFO - [2025-11-28T07:12:12.380+0000] {dagbag.py:538} INFO - Filling up the DagBag from /home/airflow/.local/lib/python3.8/site-packages/airflow/example_dags/example_time_delta_sensor_async.py
[2025-11-28T07:12:12.385+0000] {processor.py:840} INFO - DAG(s) 'example_time_delta_sensor_async' retrieved from /home/airflow/.local/lib/python3.8/site-packages/airflow/example_dags/example_time_delta_sensor_async.py
[2025-11-28T07:12:12.401+0000] {logging_mixin.py:188} INFO - [2025-11-28T07:12:12.401+0000] {dag.py:3036} INFO - Sync 1 DAGs
[2025-11-28T07:12:12.410+0000] {logging_mixin.py:188} INFO - [2025-11-28T07:12:12.410+0000] {dag.py:3823} INFO - Setting next_dagrun for example_time_delta_sensor_async to None, run_after=None
[2025-11-28T07:12:12.427+0000] {processor.py:183} INFO - Processing /home/airflow/.local/lib/python3.8/site-packages/airflow/example_dags/example_time_delta_sensor_async.py took 0.052 seconds
[2025-11-28T07:12:42.797+0000] {processor.py:161} INFO - Started process (PID=2279) to work on /home/airflow/.local/lib/python3.8/site-packages/airflow/example_dags/example_time_delta_sensor_async.py
[2025-11-28T07:12:42.799+0000] {processor.py:830} INFO - Processing file /home/airflow/.local/lib/python3.8/site-packages/airflow/example_dags/example_time_delta_sensor_async.py for tasks to queue
[2025-11-28T07:12:42.802+0000] {logging_mixin.py:188} INFO - [2025-11-28T07:12:42.801+0000] {dagbag.py:538} INFO - Filling up the DagBag from /home/airflow/.local/lib/python3.8/site-packages/airflow/example_dags/example_time_delta_sensor_async.py
[2025-11-28T07:12:42.806+0000] {processor.py:840} INFO - DAG(s) 'example_time_delta_sensor_async' retrieved from /home/airflow/.local/lib/python3.8/site-packages/airflow/example_dags/example_time_delta_sensor_async.py
[2025-11-28T07:12:42.829+0000] {logging_mixin.py:188} INFO - [2025-11-28T07:12:42.829+0000] {dag.py:3036} INFO - Sync 1 DAGs
[2025-11-28T07:12:42.840+0000] {logging_mixin.py:188} INFO - [2025-11-28T07:12:42.840+0000] {dag.py:3823} INFO - Setting next_dagrun for example_time_delta_sensor_async to None, run_after=None
[2025-11-28T07:12:42.857+0000] {processor.py:183} INFO - Processing /home/airflow/.local/lib/python3.8/site-packages/airflow/example_dags/example_time_delta_sensor_async.py took 0.063 seconds
[2025-11-28T07:13:12.973+0000] {processor.py:161} INFO - Started process (PID=2334) to work on /home/airflow/.local/lib/python3.8/site-packages/airflow/example_dags/example_time_delta_sensor_async.py
[2025-11-28T07:13:12.975+0000] {processor.py:830} INFO - Processing file /home/airflow/.local/lib/python3.8/site-packages/airflow/example_dags/example_time_delta_sensor_async.py for tasks to queue
[2025-11-28T07:13:12.978+0000] {logging_mixin.py:188} INFO - [2025-11-28T07:13:12.978+0000] {dagbag.py:538} INFO - Filling up the DagBag from /home/airflow/.local/lib/python3.8/site-packages/airflow/example_dags/example_time_delta_sensor_async.py
[2025-11-28T07:13:12.983+0000] {processor.py:840} INFO - DAG(s) 'example_time_delta_sensor_async' retrieved from /home/airflow/.local/lib/python3.8/site-packages/airflow/example_dags/example_time_delta_sensor_async.py
[2025-11-28T07:13:13.003+0000] {logging_mixin.py:188} INFO - [2025-11-28T07:13:13.003+0000] {dag.py:3036} INFO - Sync 1 DAGs
[2025-11-28T07:13:13.014+0000] {logging_mixin.py:188} INFO - [2025-11-28T07:13:13.014+0000] {dag.py:3823} INFO - Setting next_dagrun for example_time_delta_sensor_async to None, run_after=None
[2025-11-28T07:13:13.034+0000] {processor.py:183} INFO - Processing /home/airflow/.local/lib/python3.8/site-packages/airflow/example_dags/example_time_delta_sensor_async.py took 0.064 seconds
[2025-11-28T07:13:43.753+0000] {processor.py:161} INFO - Started process (PID=2389) to work on /home/airflow/.local/lib/python3.8/site-packages/airflow/example_dags/example_time_delta_sensor_async.py
[2025-11-28T07:13:43.754+0000] {processor.py:830} INFO - Processing file /home/airflow/.local/lib/python3.8/site-packages/airflow/example_dags/example_time_delta_sensor_async.py for tasks to queue
[2025-11-28T07:13:43.756+0000] {logging_mixin.py:188} INFO - [2025-11-28T07:13:43.756+0000] {dagbag.py:538} INFO - Filling up the DagBag from /home/airflow/.local/lib/python3.8/site-packages/airflow/example_dags/example_time_delta_sensor_async.py
[2025-11-28T07:13:43.762+0000] {processor.py:840} INFO - DAG(s) 'example_time_delta_sensor_async' retrieved from /home/airflow/.local/lib/python3.8/site-packages/airflow/example_dags/example_time_delta_sensor_async.py
[2025-11-28T07:13:43.782+0000] {logging_mixin.py:188} INFO - [2025-11-28T07:13:43.781+0000] {dag.py:3036} INFO - Sync 1 DAGs
[2025-11-28T07:13:43.796+0000] {logging_mixin.py:188} INFO - [2025-11-28T07:13:43.796+0000] {dag.py:3823} INFO - Setting next_dagrun for example_time_delta_sensor_async to None, run_after=None
[2025-11-28T07:13:43.813+0000] {processor.py:183} INFO - Processing /home/airflow/.local/lib/python3.8/site-packages/airflow/example_dags/example_time_delta_sensor_async.py took 0.062 seconds
[2025-11-28T07:14:14.094+0000] {processor.py:161} INFO - Started process (PID=2445) to work on /home/airflow/.local/lib/python3.8/site-packages/airflow/example_dags/example_time_delta_sensor_async.py
[2025-11-28T07:14:14.096+0000] {processor.py:830} INFO - Processing file /home/airflow/.local/lib/python3.8/site-packages/airflow/example_dags/example_time_delta_sensor_async.py for tasks to queue
[2025-11-28T07:14:14.097+0000] {logging_mixin.py:188} INFO - [2025-11-28T07:14:14.097+0000] {dagbag.py:538} INFO - Filling up the DagBag from /home/airflow/.local/lib/python3.8/site-packages/airflow/example_dags/example_time_delta_sensor_async.py
[2025-11-28T07:14:14.101+0000] {processor.py:840} INFO - DAG(s) 'example_time_delta_sensor_async' retrieved from /home/airflow/.local/lib/python3.8/site-packages/airflow/example_dags/example_time_delta_sensor_async.py
[2025-11-28T07:14:14.122+0000] {logging_mixin.py:188} INFO - [2025-11-28T07:14:14.121+0000] {dag.py:3036} INFO - Sync 1 DAGs
[2025-11-28T07:14:14.168+0000] {logging_mixin.py:188} INFO - [2025-11-28T07:14:14.168+0000] {dag.py:3823} INFO - Setting next_dagrun for example_time_delta_sensor_async to None, run_after=None
[2025-11-28T07:14:14.189+0000] {processor.py:183} INFO - Processing /home/airflow/.local/lib/python3.8/site-packages/airflow/example_dags/example_time_delta_sensor_async.py took 0.098 seconds
[2025-11-28T07:14:44.359+0000] {processor.py:161} INFO - Started process (PID=2500) to work on /home/airflow/.local/lib/python3.8/site-packages/airflow/example_dags/example_time_delta_sensor_async.py
[2025-11-28T07:14:44.361+0000] {processor.py:830} INFO - Processing file /home/airflow/.local/lib/python3.8/site-packages/airflow/example_dags/example_time_delta_sensor_async.py for tasks to queue
[2025-11-28T07:14:44.364+0000] {logging_mixin.py:188} INFO - [2025-11-28T07:14:44.364+0000] {dagbag.py:538} INFO - Filling up the DagBag from /home/airflow/.local/lib/python3.8/site-packages/airflow/example_dags/example_time_delta_sensor_async.py
[2025-11-28T07:14:44.371+0000] {processor.py:840} INFO - DAG(s) 'example_time_delta_sensor_async' retrieved from /home/airflow/.local/lib/python3.8/site-packages/airflow/example_dags/example_time_delta_sensor_async.py
[2025-11-28T07:14:44.393+0000] {logging_mixin.py:188} INFO - [2025-11-28T07:14:44.393+0000] {dag.py:3036} INFO - Sync 1 DAGs
[2025-11-28T07:14:44.402+0000] {logging_mixin.py:188} INFO - [2025-11-28T07:14:44.402+0000] {dag.py:3823} INFO - Setting next_dagrun for example_time_delta_sensor_async to None, run_after=None
[2025-11-28T07:14:44.418+0000] {processor.py:183} INFO - Processing /home/airflow/.local/lib/python3.8/site-packages/airflow/example_dags/example_time_delta_sensor_async.py took 0.064 seconds
[2025-11-28T07:15:15.309+0000] {processor.py:161} INFO - Started process (PID=2555) to work on /home/airflow/.local/lib/python3.8/site-packages/airflow/example_dags/example_time_delta_sensor_async.py
[2025-11-28T07:15:15.310+0000] {processor.py:830} INFO - Processing file /home/airflow/.local/lib/python3.8/site-packages/airflow/example_dags/example_time_delta_sensor_async.py for tasks to queue
[2025-11-28T07:15:15.312+0000] {logging_mixin.py:188} INFO - [2025-11-28T07:15:15.312+0000] {dagbag.py:538} INFO - Filling up the DagBag from /home/airflow/.local/lib/python3.8/site-packages/airflow/example_dags/example_time_delta_sensor_async.py
[2025-11-28T07:15:15.316+0000] {processor.py:840} INFO - DAG(s) 'example_time_delta_sensor_async' retrieved from /home/airflow/.local/lib/python3.8/site-packages/airflow/example_dags/example_time_delta_sensor_async.py
[2025-11-28T07:15:15.337+0000] {logging_mixin.py:188} INFO - [2025-11-28T07:15:15.337+0000] {dag.py:3036} INFO - Sync 1 DAGs
[2025-11-28T07:15:15.347+0000] {logging_mixin.py:188} INFO - [2025-11-28T07:15:15.347+0000] {dag.py:3823} INFO - Setting next_dagrun for example_time_delta_sensor_async to None, run_after=None
[2025-11-28T07:15:15.473+0000] {processor.py:183} INFO - Processing /home/airflow/.local/lib/python3.8/site-packages/airflow/example_dags/example_time_delta_sensor_async.py took 0.167 seconds
[2025-11-28T07:15:46.017+0000] {processor.py:161} INFO - Started process (PID=2608) to work on /home/airflow/.local/lib/python3.8/site-packages/airflow/example_dags/example_time_delta_sensor_async.py
[2025-11-28T07:15:46.019+0000] {processor.py:830} INFO - Processing file /home/airflow/.local/lib/python3.8/site-packages/airflow/example_dags/example_time_delta_sensor_async.py for tasks to queue
[2025-11-28T07:15:46.024+0000] {logging_mixin.py:188} INFO - [2025-11-28T07:15:46.024+0000] {dagbag.py:538} INFO - Filling up the DagBag from /home/airflow/.local/lib/python3.8/site-packages/airflow/example_dags/example_time_delta_sensor_async.py
[2025-11-28T07:15:46.028+0000] {processor.py:840} INFO - DAG(s) 'example_time_delta_sensor_async' retrieved from /home/airflow/.local/lib/python3.8/site-packages/airflow/example_dags/example_time_delta_sensor_async.py
[2025-11-28T07:15:46.045+0000] {logging_mixin.py:188} INFO - [2025-11-28T07:15:46.045+0000] {dag.py:3036} INFO - Sync 1 DAGs
[2025-11-28T07:15:46.057+0000] {logging_mixin.py:188} INFO - [2025-11-28T07:15:46.057+0000] {dag.py:3823} INFO - Setting next_dagrun for example_time_delta_sensor_async to None, run_after=None
[2025-11-28T07:15:46.077+0000] {processor.py:183} INFO - Processing /home/airflow/.local/lib/python3.8/site-packages/airflow/example_dags/example_time_delta_sensor_async.py took 0.064 seconds
[2025-11-28T07:16:16.330+0000] {processor.py:161} INFO - Started process (PID=2663) to work on /home/airflow/.local/lib/python3.8/site-packages/airflow/example_dags/example_time_delta_sensor_async.py
[2025-11-28T07:16:16.331+0000] {processor.py:830} INFO - Processing file /home/airflow/.local/lib/python3.8/site-packages/airflow/example_dags/example_time_delta_sensor_async.py for tasks to queue
[2025-11-28T07:16:16.333+0000] {logging_mixin.py:188} INFO - [2025-11-28T07:16:16.333+0000] {dagbag.py:538} INFO - Filling up the DagBag from /home/airflow/.local/lib/python3.8/site-packages/airflow/example_dags/example_time_delta_sensor_async.py
[2025-11-28T07:16:16.338+0000] {processor.py:840} INFO - DAG(s) 'example_time_delta_sensor_async' retrieved from /home/airflow/.local/lib/python3.8/site-packages/airflow/example_dags/example_time_delta_sensor_async.py
[2025-11-28T07:16:16.356+0000] {logging_mixin.py:188} INFO - [2025-11-28T07:16:16.355+0000] {dag.py:3036} INFO - Sync 1 DAGs
[2025-11-28T07:16:16.366+0000] {logging_mixin.py:188} INFO - [2025-11-28T07:16:16.365+0000] {dag.py:3823} INFO - Setting next_dagrun for example_time_delta_sensor_async to None, run_after=None
[2025-11-28T07:16:16.382+0000] {processor.py:183} INFO - Processing /home/airflow/.local/lib/python3.8/site-packages/airflow/example_dags/example_time_delta_sensor_async.py took 0.056 seconds
[2025-11-28T07:16:46.995+0000] {processor.py:161} INFO - Started process (PID=2718) to work on /home/airflow/.local/lib/python3.8/site-packages/airflow/example_dags/example_time_delta_sensor_async.py
[2025-11-28T07:16:46.996+0000] {processor.py:830} INFO - Processing file /home/airflow/.local/lib/python3.8/site-packages/airflow/example_dags/example_time_delta_sensor_async.py for tasks to queue
[2025-11-28T07:16:46.998+0000] {logging_mixin.py:188} INFO - [2025-11-28T07:16:46.998+0000] {dagbag.py:538} INFO - Filling up the DagBag from /home/airflow/.local/lib/python3.8/site-packages/airflow/example_dags/example_time_delta_sensor_async.py
[2025-11-28T07:16:47.002+0000] {processor.py:840} INFO - DAG(s) 'example_time_delta_sensor_async' retrieved from /home/airflow/.local/lib/python3.8/site-packages/airflow/example_dags/example_time_delta_sensor_async.py
[2025-11-28T07:16:47.022+0000] {logging_mixin.py:188} INFO - [2025-11-28T07:16:47.021+0000] {dag.py:3036} INFO - Sync 1 DAGs
[2025-11-28T07:16:47.033+0000] {logging_mixin.py:188} INFO - [2025-11-28T07:16:47.033+0000] {dag.py:3823} INFO - Setting next_dagrun for example_time_delta_sensor_async to None, run_after=None
[2025-11-28T07:16:47.053+0000] {processor.py:183} INFO - Processing /home/airflow/.local/lib/python3.8/site-packages/airflow/example_dags/example_time_delta_sensor_async.py took 0.062 seconds
[2025-11-28T07:17:17.795+0000] {processor.py:161} INFO - Started process (PID=2773) to work on /home/airflow/.local/lib/python3.8/site-packages/airflow/example_dags/example_time_delta_sensor_async.py
[2025-11-28T07:17:17.796+0000] {processor.py:830} INFO - Processing file /home/airflow/.local/lib/python3.8/site-packages/airflow/example_dags/example_time_delta_sensor_async.py for tasks to queue
[2025-11-28T07:17:17.799+0000] {logging_mixin.py:188} INFO - [2025-11-28T07:17:17.799+0000] {dagbag.py:538} INFO - Filling up the DagBag from /home/airflow/.local/lib/python3.8/site-packages/airflow/example_dags/example_time_delta_sensor_async.py
[2025-11-28T07:17:17.806+0000] {processor.py:840} INFO - DAG(s) 'example_time_delta_sensor_async' retrieved from /home/airflow/.local/lib/python3.8/site-packages/airflow/example_dags/example_time_delta_sensor_async.py
[2025-11-28T07:17:17.831+0000] {logging_mixin.py:188} INFO - [2025-11-28T07:17:17.831+0000] {dag.py:3036} INFO - Sync 1 DAGs
[2025-11-28T07:17:17.840+0000] {logging_mixin.py:188} INFO - [2025-11-28T07:17:17.840+0000] {dag.py:3823} INFO - Setting next_dagrun for example_time_delta_sensor_async to None, run_after=None
[2025-11-28T07:17:17.859+0000] {processor.py:183} INFO - Processing /home/airflow/.local/lib/python3.8/site-packages/airflow/example_dags/example_time_delta_sensor_async.py took 0.068 seconds
[2025-11-28T07:17:48.265+0000] {processor.py:161} INFO - Started process (PID=2828) to work on /home/airflow/.local/lib/python3.8/site-packages/airflow/example_dags/example_time_delta_sensor_async.py
[2025-11-28T07:17:48.266+0000] {processor.py:830} INFO - Processing file /home/airflow/.local/lib/python3.8/site-packages/airflow/example_dags/example_time_delta_sensor_async.py for tasks to queue
[2025-11-28T07:17:48.268+0000] {logging_mixin.py:188} INFO - [2025-11-28T07:17:48.268+0000] {dagbag.py:538} INFO - Filling up the DagBag from /home/airflow/.local/lib/python3.8/site-packages/airflow/example_dags/example_time_delta_sensor_async.py
[2025-11-28T07:17:48.272+0000] {processor.py:840} INFO - DAG(s) 'example_time_delta_sensor_async' retrieved from /home/airflow/.local/lib/python3.8/site-packages/airflow/example_dags/example_time_delta_sensor_async.py
[2025-11-28T07:17:48.293+0000] {logging_mixin.py:188} INFO - [2025-11-28T07:17:48.293+0000] {dag.py:3036} INFO - Sync 1 DAGs
[2025-11-28T07:17:48.306+0000] {logging_mixin.py:188} INFO - [2025-11-28T07:17:48.306+0000] {dag.py:3823} INFO - Setting next_dagrun for example_time_delta_sensor_async to None, run_after=None
[2025-11-28T07:17:48.327+0000] {processor.py:183} INFO - Processing /home/airflow/.local/lib/python3.8/site-packages/airflow/example_dags/example_time_delta_sensor_async.py took 0.065 seconds
[2025-11-28T07:18:18.846+0000] {processor.py:161} INFO - Started process (PID=2883) to work on /home/airflow/.local/lib/python3.8/site-packages/airflow/example_dags/example_time_delta_sensor_async.py
[2025-11-28T07:18:18.848+0000] {processor.py:830} INFO - Processing file /home/airflow/.local/lib/python3.8/site-packages/airflow/example_dags/example_time_delta_sensor_async.py for tasks to queue
[2025-11-28T07:18:18.850+0000] {logging_mixin.py:188} INFO - [2025-11-28T07:18:18.850+0000] {dagbag.py:538} INFO - Filling up the DagBag from /home/airflow/.local/lib/python3.8/site-packages/airflow/example_dags/example_time_delta_sensor_async.py
[2025-11-28T07:18:18.856+0000] {processor.py:840} INFO - DAG(s) 'example_time_delta_sensor_async' retrieved from /home/airflow/.local/lib/python3.8/site-packages/airflow/example_dags/example_time_delta_sensor_async.py
[2025-11-28T07:18:18.878+0000] {logging_mixin.py:188} INFO - [2025-11-28T07:18:18.878+0000] {dag.py:3036} INFO - Sync 1 DAGs
[2025-11-28T07:18:18.890+0000] {logging_mixin.py:188} INFO - [2025-11-28T07:18:18.889+0000] {dag.py:3823} INFO - Setting next_dagrun for example_time_delta_sensor_async to None, run_after=None
[2025-11-28T07:18:18.915+0000] {processor.py:183} INFO - Processing /home/airflow/.local/lib/python3.8/site-packages/airflow/example_dags/example_time_delta_sensor_async.py took 0.072 seconds
[2025-11-28T07:18:49.723+0000] {processor.py:161} INFO - Started process (PID=2938) to work on /home/airflow/.local/lib/python3.8/site-packages/airflow/example_dags/example_time_delta_sensor_async.py
[2025-11-28T07:18:49.725+0000] {processor.py:830} INFO - Processing file /home/airflow/.local/lib/python3.8/site-packages/airflow/example_dags/example_time_delta_sensor_async.py for tasks to queue
[2025-11-28T07:18:49.728+0000] {logging_mixin.py:188} INFO - [2025-11-28T07:18:49.727+0000] {dagbag.py:538} INFO - Filling up the DagBag from /home/airflow/.local/lib/python3.8/site-packages/airflow/example_dags/example_time_delta_sensor_async.py
[2025-11-28T07:18:49.732+0000] {processor.py:840} INFO - DAG(s) 'example_time_delta_sensor_async' retrieved from /home/airflow/.local/lib/python3.8/site-packages/airflow/example_dags/example_time_delta_sensor_async.py
[2025-11-28T07:18:49.764+0000] {logging_mixin.py:188} INFO - [2025-11-28T07:18:49.764+0000] {dag.py:3036} INFO - Sync 1 DAGs
[2025-11-28T07:18:49.773+0000] {logging_mixin.py:188} INFO - [2025-11-28T07:18:49.773+0000] {dag.py:3823} INFO - Setting next_dagrun for example_time_delta_sensor_async to None, run_after=None
[2025-11-28T07:18:49.788+0000] {processor.py:183} INFO - Processing /home/airflow/.local/lib/python3.8/site-packages/airflow/example_dags/example_time_delta_sensor_async.py took 0.068 seconds
[2025-11-28T07:19:20.380+0000] {processor.py:161} INFO - Started process (PID=2992) to work on /home/airflow/.local/lib/python3.8/site-packages/airflow/example_dags/example_time_delta_sensor_async.py
[2025-11-28T07:19:20.381+0000] {processor.py:830} INFO - Processing file /home/airflow/.local/lib/python3.8/site-packages/airflow/example_dags/example_time_delta_sensor_async.py for tasks to queue
[2025-11-28T07:19:20.384+0000] {logging_mixin.py:188} INFO - [2025-11-28T07:19:20.384+0000] {dagbag.py:538} INFO - Filling up the DagBag from /home/airflow/.local/lib/python3.8/site-packages/airflow/example_dags/example_time_delta_sensor_async.py
[2025-11-28T07:19:20.390+0000] {processor.py:840} INFO - DAG(s) 'example_time_delta_sensor_async' retrieved from /home/airflow/.local/lib/python3.8/site-packages/airflow/example_dags/example_time_delta_sensor_async.py
[2025-11-28T07:19:20.418+0000] {logging_mixin.py:188} INFO - [2025-11-28T07:19:20.417+0000] {dag.py:3036} INFO - Sync 1 DAGs
[2025-11-28T07:19:20.431+0000] {logging_mixin.py:188} INFO - [2025-11-28T07:19:20.430+0000] {dag.py:3823} INFO - Setting next_dagrun for example_time_delta_sensor_async to None, run_after=None
[2025-11-28T07:19:20.449+0000] {processor.py:183} INFO - Processing /home/airflow/.local/lib/python3.8/site-packages/airflow/example_dags/example_time_delta_sensor_async.py took 0.075 seconds
