[2025-11-28T06:52:23.458+0000] {processor.py:161} INFO - Started process (PID=67) to work on /home/airflow/.local/lib/python3.8/site-packages/airflow/example_dags/example_sensor_decorator.py
[2025-11-28T06:52:23.460+0000] {processor.py:830} INFO - Processing file /home/airflow/.local/lib/python3.8/site-packages/airflow/example_dags/example_sensor_decorator.py for tasks to queue
[2025-11-28T06:52:23.463+0000] {logging_mixin.py:188} INFO - [2025-11-28T06:52:23.463+0000] {dagbag.py:538} INFO - Filling up the DagBag from /home/airflow/.local/lib/python3.8/site-packages/airflow/example_dags/example_sensor_decorator.py
[2025-11-28T06:52:23.475+0000] {processor.py:840} INFO - DAG(s) 'example_sensor_decorator' retrieved from /home/airflow/.local/lib/python3.8/site-packages/airflow/example_dags/example_sensor_decorator.py
[2025-11-28T06:52:23.611+0000] {logging_mixin.py:188} INFO - [2025-11-28T06:52:23.611+0000] {override.py:1769} INFO - Created Permission View: can edit on DAG:example_sensor_decorator
[2025-11-28T06:52:23.628+0000] {logging_mixin.py:188} INFO - [2025-11-28T06:52:23.628+0000] {override.py:1769} INFO - Created Permission View: can delete on DAG:example_sensor_decorator
[2025-11-28T06:52:23.641+0000] {logging_mixin.py:188} INFO - [2025-11-28T06:52:23.640+0000] {override.py:1769} INFO - Created Permission View: can read on DAG:example_sensor_decorator
[2025-11-28T06:52:23.642+0000] {logging_mixin.py:188} INFO - [2025-11-28T06:52:23.642+0000] {dag.py:3036} INFO - Sync 1 DAGs
[2025-11-28T06:52:23.660+0000] {logging_mixin.py:188} INFO - [2025-11-28T06:52:23.660+0000] {dag.py:3058} INFO - Creating ORM DAG for example_sensor_decorator
[2025-11-28T06:52:23.661+0000] {logging_mixin.py:188} INFO - [2025-11-28T06:52:23.661+0000] {dag.py:3823} INFO - Setting next_dagrun for example_sensor_decorator to None, run_after=None
[2025-11-28T06:52:23.709+0000] {processor.py:183} INFO - Processing /home/airflow/.local/lib/python3.8/site-packages/airflow/example_dags/example_sensor_decorator.py took 0.255 seconds
[2025-11-28T06:52:54.389+0000] {processor.py:161} INFO - Started process (PID=122) to work on /home/airflow/.local/lib/python3.8/site-packages/airflow/example_dags/example_sensor_decorator.py
[2025-11-28T06:52:54.390+0000] {processor.py:830} INFO - Processing file /home/airflow/.local/lib/python3.8/site-packages/airflow/example_dags/example_sensor_decorator.py for tasks to queue
[2025-11-28T06:52:54.392+0000] {logging_mixin.py:188} INFO - [2025-11-28T06:52:54.392+0000] {dagbag.py:538} INFO - Filling up the DagBag from /home/airflow/.local/lib/python3.8/site-packages/airflow/example_dags/example_sensor_decorator.py
[2025-11-28T06:52:54.403+0000] {processor.py:840} INFO - DAG(s) 'example_sensor_decorator' retrieved from /home/airflow/.local/lib/python3.8/site-packages/airflow/example_dags/example_sensor_decorator.py
[2025-11-28T06:52:54.426+0000] {logging_mixin.py:188} INFO - [2025-11-28T06:52:54.426+0000] {dag.py:3036} INFO - Sync 1 DAGs
[2025-11-28T06:52:54.439+0000] {logging_mixin.py:188} INFO - [2025-11-28T06:52:54.438+0000] {dag.py:3823} INFO - Setting next_dagrun for example_sensor_decorator to None, run_after=None
[2025-11-28T06:52:54.461+0000] {processor.py:183} INFO - Processing /home/airflow/.local/lib/python3.8/site-packages/airflow/example_dags/example_sensor_decorator.py took 0.076 seconds
[2025-11-28T06:53:24.903+0000] {processor.py:161} INFO - Started process (PID=177) to work on /home/airflow/.local/lib/python3.8/site-packages/airflow/example_dags/example_sensor_decorator.py
[2025-11-28T06:53:24.907+0000] {processor.py:830} INFO - Processing file /home/airflow/.local/lib/python3.8/site-packages/airflow/example_dags/example_sensor_decorator.py for tasks to queue
[2025-11-28T06:53:24.911+0000] {logging_mixin.py:188} INFO - [2025-11-28T06:53:24.910+0000] {dagbag.py:538} INFO - Filling up the DagBag from /home/airflow/.local/lib/python3.8/site-packages/airflow/example_dags/example_sensor_decorator.py
[2025-11-28T06:53:24.923+0000] {processor.py:840} INFO - DAG(s) 'example_sensor_decorator' retrieved from /home/airflow/.local/lib/python3.8/site-packages/airflow/example_dags/example_sensor_decorator.py
[2025-11-28T06:53:24.956+0000] {logging_mixin.py:188} INFO - [2025-11-28T06:53:24.956+0000] {dag.py:3036} INFO - Sync 1 DAGs
[2025-11-28T06:53:24.966+0000] {logging_mixin.py:188} INFO - [2025-11-28T06:53:24.966+0000] {dag.py:3823} INFO - Setting next_dagrun for example_sensor_decorator to None, run_after=None
[2025-11-28T06:53:24.988+0000] {processor.py:183} INFO - Processing /home/airflow/.local/lib/python3.8/site-packages/airflow/example_dags/example_sensor_decorator.py took 0.091 seconds
[2025-11-28T06:53:55.155+0000] {processor.py:161} INFO - Started process (PID=232) to work on /home/airflow/.local/lib/python3.8/site-packages/airflow/example_dags/example_sensor_decorator.py
[2025-11-28T06:53:55.157+0000] {processor.py:830} INFO - Processing file /home/airflow/.local/lib/python3.8/site-packages/airflow/example_dags/example_sensor_decorator.py for tasks to queue
[2025-11-28T06:53:55.161+0000] {logging_mixin.py:188} INFO - [2025-11-28T06:53:55.160+0000] {dagbag.py:538} INFO - Filling up the DagBag from /home/airflow/.local/lib/python3.8/site-packages/airflow/example_dags/example_sensor_decorator.py
[2025-11-28T06:53:55.170+0000] {processor.py:840} INFO - DAG(s) 'example_sensor_decorator' retrieved from /home/airflow/.local/lib/python3.8/site-packages/airflow/example_dags/example_sensor_decorator.py
[2025-11-28T06:53:55.192+0000] {logging_mixin.py:188} INFO - [2025-11-28T06:53:55.192+0000] {dag.py:3036} INFO - Sync 1 DAGs
[2025-11-28T06:53:55.204+0000] {logging_mixin.py:188} INFO - [2025-11-28T06:53:55.204+0000] {dag.py:3823} INFO - Setting next_dagrun for example_sensor_decorator to None, run_after=None
[2025-11-28T06:53:55.219+0000] {processor.py:183} INFO - Processing /home/airflow/.local/lib/python3.8/site-packages/airflow/example_dags/example_sensor_decorator.py took 0.068 seconds
[2025-11-28T06:54:25.533+0000] {processor.py:161} INFO - Started process (PID=287) to work on /home/airflow/.local/lib/python3.8/site-packages/airflow/example_dags/example_sensor_decorator.py
[2025-11-28T06:54:25.534+0000] {processor.py:830} INFO - Processing file /home/airflow/.local/lib/python3.8/site-packages/airflow/example_dags/example_sensor_decorator.py for tasks to queue
[2025-11-28T06:54:25.536+0000] {logging_mixin.py:188} INFO - [2025-11-28T06:54:25.536+0000] {dagbag.py:538} INFO - Filling up the DagBag from /home/airflow/.local/lib/python3.8/site-packages/airflow/example_dags/example_sensor_decorator.py
[2025-11-28T06:54:25.544+0000] {processor.py:840} INFO - DAG(s) 'example_sensor_decorator' retrieved from /home/airflow/.local/lib/python3.8/site-packages/airflow/example_dags/example_sensor_decorator.py
[2025-11-28T06:54:25.563+0000] {logging_mixin.py:188} INFO - [2025-11-28T06:54:25.563+0000] {dag.py:3036} INFO - Sync 1 DAGs
[2025-11-28T06:54:25.571+0000] {logging_mixin.py:188} INFO - [2025-11-28T06:54:25.571+0000] {dag.py:3823} INFO - Setting next_dagrun for example_sensor_decorator to None, run_after=None
[2025-11-28T06:54:25.585+0000] {processor.py:183} INFO - Processing /home/airflow/.local/lib/python3.8/site-packages/airflow/example_dags/example_sensor_decorator.py took 0.056 seconds
[2025-11-28T06:54:56.207+0000] {processor.py:161} INFO - Started process (PID=342) to work on /home/airflow/.local/lib/python3.8/site-packages/airflow/example_dags/example_sensor_decorator.py
[2025-11-28T06:54:56.208+0000] {processor.py:830} INFO - Processing file /home/airflow/.local/lib/python3.8/site-packages/airflow/example_dags/example_sensor_decorator.py for tasks to queue
[2025-11-28T06:54:56.212+0000] {logging_mixin.py:188} INFO - [2025-11-28T06:54:56.211+0000] {dagbag.py:538} INFO - Filling up the DagBag from /home/airflow/.local/lib/python3.8/site-packages/airflow/example_dags/example_sensor_decorator.py
[2025-11-28T06:54:56.234+0000] {processor.py:840} INFO - DAG(s) 'example_sensor_decorator' retrieved from /home/airflow/.local/lib/python3.8/site-packages/airflow/example_dags/example_sensor_decorator.py
[2025-11-28T06:54:56.247+0000] {logging_mixin.py:188} INFO - [2025-11-28T06:54:56.247+0000] {dag.py:3036} INFO - Sync 1 DAGs
[2025-11-28T06:54:56.259+0000] {logging_mixin.py:188} INFO - [2025-11-28T06:54:56.259+0000] {dag.py:3823} INFO - Setting next_dagrun for example_sensor_decorator to None, run_after=None
[2025-11-28T06:54:56.281+0000] {processor.py:183} INFO - Processing /home/airflow/.local/lib/python3.8/site-packages/airflow/example_dags/example_sensor_decorator.py took 0.077 seconds
[2025-11-28T06:55:26.419+0000] {processor.py:161} INFO - Started process (PID=397) to work on /home/airflow/.local/lib/python3.8/site-packages/airflow/example_dags/example_sensor_decorator.py
[2025-11-28T06:55:26.420+0000] {processor.py:830} INFO - Processing file /home/airflow/.local/lib/python3.8/site-packages/airflow/example_dags/example_sensor_decorator.py for tasks to queue
[2025-11-28T06:55:26.421+0000] {logging_mixin.py:188} INFO - [2025-11-28T06:55:26.421+0000] {dagbag.py:538} INFO - Filling up the DagBag from /home/airflow/.local/lib/python3.8/site-packages/airflow/example_dags/example_sensor_decorator.py
[2025-11-28T06:55:26.427+0000] {processor.py:840} INFO - DAG(s) 'example_sensor_decorator' retrieved from /home/airflow/.local/lib/python3.8/site-packages/airflow/example_dags/example_sensor_decorator.py
[2025-11-28T06:55:26.508+0000] {logging_mixin.py:188} INFO - [2025-11-28T06:55:26.508+0000] {dag.py:3036} INFO - Sync 1 DAGs
[2025-11-28T06:55:26.517+0000] {logging_mixin.py:188} INFO - [2025-11-28T06:55:26.517+0000] {dag.py:3823} INFO - Setting next_dagrun for example_sensor_decorator to None, run_after=None
[2025-11-28T06:55:26.540+0000] {processor.py:183} INFO - Processing /home/airflow/.local/lib/python3.8/site-packages/airflow/example_dags/example_sensor_decorator.py took 0.123 seconds
[2025-11-28T06:55:56.877+0000] {processor.py:161} INFO - Started process (PID=452) to work on /home/airflow/.local/lib/python3.8/site-packages/airflow/example_dags/example_sensor_decorator.py
[2025-11-28T06:55:56.878+0000] {processor.py:830} INFO - Processing file /home/airflow/.local/lib/python3.8/site-packages/airflow/example_dags/example_sensor_decorator.py for tasks to queue
[2025-11-28T06:55:56.882+0000] {logging_mixin.py:188} INFO - [2025-11-28T06:55:56.882+0000] {dagbag.py:538} INFO - Filling up the DagBag from /home/airflow/.local/lib/python3.8/site-packages/airflow/example_dags/example_sensor_decorator.py
[2025-11-28T06:55:56.892+0000] {processor.py:840} INFO - DAG(s) 'example_sensor_decorator' retrieved from /home/airflow/.local/lib/python3.8/site-packages/airflow/example_dags/example_sensor_decorator.py
[2025-11-28T06:55:56.917+0000] {logging_mixin.py:188} INFO - [2025-11-28T06:55:56.917+0000] {dag.py:3036} INFO - Sync 1 DAGs
[2025-11-28T06:55:56.928+0000] {logging_mixin.py:188} INFO - [2025-11-28T06:55:56.928+0000] {dag.py:3823} INFO - Setting next_dagrun for example_sensor_decorator to None, run_after=None
[2025-11-28T06:55:56.946+0000] {processor.py:183} INFO - Processing /home/airflow/.local/lib/python3.8/site-packages/airflow/example_dags/example_sensor_decorator.py took 0.073 seconds
[2025-11-28T06:56:27.315+0000] {processor.py:161} INFO - Started process (PID=507) to work on /home/airflow/.local/lib/python3.8/site-packages/airflow/example_dags/example_sensor_decorator.py
[2025-11-28T06:56:27.316+0000] {processor.py:830} INFO - Processing file /home/airflow/.local/lib/python3.8/site-packages/airflow/example_dags/example_sensor_decorator.py for tasks to queue
[2025-11-28T06:56:27.318+0000] {logging_mixin.py:188} INFO - [2025-11-28T06:56:27.317+0000] {dagbag.py:538} INFO - Filling up the DagBag from /home/airflow/.local/lib/python3.8/site-packages/airflow/example_dags/example_sensor_decorator.py
[2025-11-28T06:56:27.322+0000] {processor.py:840} INFO - DAG(s) 'example_sensor_decorator' retrieved from /home/airflow/.local/lib/python3.8/site-packages/airflow/example_dags/example_sensor_decorator.py
[2025-11-28T06:56:27.340+0000] {logging_mixin.py:188} INFO - [2025-11-28T06:56:27.340+0000] {dag.py:3036} INFO - Sync 1 DAGs
[2025-11-28T06:56:27.351+0000] {logging_mixin.py:188} INFO - [2025-11-28T06:56:27.351+0000] {dag.py:3823} INFO - Setting next_dagrun for example_sensor_decorator to None, run_after=None
[2025-11-28T06:56:27.371+0000] {processor.py:183} INFO - Processing /home/airflow/.local/lib/python3.8/site-packages/airflow/example_dags/example_sensor_decorator.py took 0.060 seconds
[2025-11-28T06:56:57.677+0000] {processor.py:161} INFO - Started process (PID=568) to work on /home/airflow/.local/lib/python3.8/site-packages/airflow/example_dags/example_sensor_decorator.py
[2025-11-28T06:56:57.680+0000] {processor.py:830} INFO - Processing file /home/airflow/.local/lib/python3.8/site-packages/airflow/example_dags/example_sensor_decorator.py for tasks to queue
[2025-11-28T06:56:57.684+0000] {logging_mixin.py:188} INFO - [2025-11-28T06:56:57.683+0000] {dagbag.py:538} INFO - Filling up the DagBag from /home/airflow/.local/lib/python3.8/site-packages/airflow/example_dags/example_sensor_decorator.py
[2025-11-28T06:56:57.697+0000] {processor.py:840} INFO - DAG(s) 'example_sensor_decorator' retrieved from /home/airflow/.local/lib/python3.8/site-packages/airflow/example_dags/example_sensor_decorator.py
[2025-11-28T06:56:57.732+0000] {logging_mixin.py:188} INFO - [2025-11-28T06:56:57.732+0000] {dag.py:3036} INFO - Sync 1 DAGs
[2025-11-28T06:56:57.751+0000] {logging_mixin.py:188} INFO - [2025-11-28T06:56:57.751+0000] {dag.py:3823} INFO - Setting next_dagrun for example_sensor_decorator to None, run_after=None
[2025-11-28T06:56:57.766+0000] {processor.py:183} INFO - Processing /home/airflow/.local/lib/python3.8/site-packages/airflow/example_dags/example_sensor_decorator.py took 0.096 seconds
[2025-11-28T06:57:28.350+0000] {processor.py:161} INFO - Started process (PID=623) to work on /home/airflow/.local/lib/python3.8/site-packages/airflow/example_dags/example_sensor_decorator.py
[2025-11-28T06:57:28.353+0000] {processor.py:830} INFO - Processing file /home/airflow/.local/lib/python3.8/site-packages/airflow/example_dags/example_sensor_decorator.py for tasks to queue
[2025-11-28T06:57:28.355+0000] {logging_mixin.py:188} INFO - [2025-11-28T06:57:28.355+0000] {dagbag.py:538} INFO - Filling up the DagBag from /home/airflow/.local/lib/python3.8/site-packages/airflow/example_dags/example_sensor_decorator.py
[2025-11-28T06:57:28.364+0000] {processor.py:840} INFO - DAG(s) 'example_sensor_decorator' retrieved from /home/airflow/.local/lib/python3.8/site-packages/airflow/example_dags/example_sensor_decorator.py
[2025-11-28T06:57:28.403+0000] {logging_mixin.py:188} INFO - [2025-11-28T06:57:28.403+0000] {dag.py:3036} INFO - Sync 1 DAGs
[2025-11-28T06:57:28.419+0000] {logging_mixin.py:188} INFO - [2025-11-28T06:57:28.419+0000] {dag.py:3823} INFO - Setting next_dagrun for example_sensor_decorator to None, run_after=None
[2025-11-28T06:57:28.437+0000] {processor.py:183} INFO - Processing /home/airflow/.local/lib/python3.8/site-packages/airflow/example_dags/example_sensor_decorator.py took 0.091 seconds
[2025-11-28T06:57:58.841+0000] {processor.py:161} INFO - Started process (PID=678) to work on /home/airflow/.local/lib/python3.8/site-packages/airflow/example_dags/example_sensor_decorator.py
[2025-11-28T06:57:58.843+0000] {processor.py:830} INFO - Processing file /home/airflow/.local/lib/python3.8/site-packages/airflow/example_dags/example_sensor_decorator.py for tasks to queue
[2025-11-28T06:57:58.847+0000] {logging_mixin.py:188} INFO - [2025-11-28T06:57:58.847+0000] {dagbag.py:538} INFO - Filling up the DagBag from /home/airflow/.local/lib/python3.8/site-packages/airflow/example_dags/example_sensor_decorator.py
[2025-11-28T06:57:58.862+0000] {processor.py:840} INFO - DAG(s) 'example_sensor_decorator' retrieved from /home/airflow/.local/lib/python3.8/site-packages/airflow/example_dags/example_sensor_decorator.py
[2025-11-28T06:57:58.917+0000] {logging_mixin.py:188} INFO - [2025-11-28T06:57:58.917+0000] {dag.py:3036} INFO - Sync 1 DAGs
[2025-11-28T06:57:58.936+0000] {logging_mixin.py:188} INFO - [2025-11-28T06:57:58.936+0000] {dag.py:3823} INFO - Setting next_dagrun for example_sensor_decorator to None, run_after=None
[2025-11-28T06:57:58.960+0000] {processor.py:183} INFO - Processing /home/airflow/.local/lib/python3.8/site-packages/airflow/example_dags/example_sensor_decorator.py took 0.127 seconds
[2025-11-28T06:58:29.317+0000] {processor.py:161} INFO - Started process (PID=733) to work on /home/airflow/.local/lib/python3.8/site-packages/airflow/example_dags/example_sensor_decorator.py
[2025-11-28T06:58:29.319+0000] {processor.py:830} INFO - Processing file /home/airflow/.local/lib/python3.8/site-packages/airflow/example_dags/example_sensor_decorator.py for tasks to queue
[2025-11-28T06:58:29.323+0000] {logging_mixin.py:188} INFO - [2025-11-28T06:58:29.323+0000] {dagbag.py:538} INFO - Filling up the DagBag from /home/airflow/.local/lib/python3.8/site-packages/airflow/example_dags/example_sensor_decorator.py
[2025-11-28T06:58:29.328+0000] {processor.py:840} INFO - DAG(s) 'example_sensor_decorator' retrieved from /home/airflow/.local/lib/python3.8/site-packages/airflow/example_dags/example_sensor_decorator.py
[2025-11-28T06:58:29.349+0000] {logging_mixin.py:188} INFO - [2025-11-28T06:58:29.349+0000] {dag.py:3036} INFO - Sync 1 DAGs
[2025-11-28T06:58:29.358+0000] {logging_mixin.py:188} INFO - [2025-11-28T06:58:29.358+0000] {dag.py:3823} INFO - Setting next_dagrun for example_sensor_decorator to None, run_after=None
[2025-11-28T06:58:29.373+0000] {processor.py:183} INFO - Processing /home/airflow/.local/lib/python3.8/site-packages/airflow/example_dags/example_sensor_decorator.py took 0.061 seconds
[2025-11-28T06:59:00.122+0000] {processor.py:161} INFO - Started process (PID=788) to work on /home/airflow/.local/lib/python3.8/site-packages/airflow/example_dags/example_sensor_decorator.py
[2025-11-28T06:59:00.124+0000] {processor.py:830} INFO - Processing file /home/airflow/.local/lib/python3.8/site-packages/airflow/example_dags/example_sensor_decorator.py for tasks to queue
[2025-11-28T06:59:00.128+0000] {logging_mixin.py:188} INFO - [2025-11-28T06:59:00.128+0000] {dagbag.py:538} INFO - Filling up the DagBag from /home/airflow/.local/lib/python3.8/site-packages/airflow/example_dags/example_sensor_decorator.py
[2025-11-28T06:59:00.137+0000] {processor.py:840} INFO - DAG(s) 'example_sensor_decorator' retrieved from /home/airflow/.local/lib/python3.8/site-packages/airflow/example_dags/example_sensor_decorator.py
[2025-11-28T06:59:00.159+0000] {logging_mixin.py:188} INFO - [2025-11-28T06:59:00.159+0000] {dag.py:3036} INFO - Sync 1 DAGs
[2025-11-28T06:59:00.174+0000] {logging_mixin.py:188} INFO - [2025-11-28T06:59:00.174+0000] {dag.py:3823} INFO - Setting next_dagrun for example_sensor_decorator to None, run_after=None
[2025-11-28T06:59:00.197+0000] {processor.py:183} INFO - Processing /home/airflow/.local/lib/python3.8/site-packages/airflow/example_dags/example_sensor_decorator.py took 0.081 seconds
[2025-11-28T06:59:30.363+0000] {processor.py:161} INFO - Started process (PID=843) to work on /home/airflow/.local/lib/python3.8/site-packages/airflow/example_dags/example_sensor_decorator.py
[2025-11-28T06:59:30.370+0000] {processor.py:830} INFO - Processing file /home/airflow/.local/lib/python3.8/site-packages/airflow/example_dags/example_sensor_decorator.py for tasks to queue
[2025-11-28T06:59:30.374+0000] {logging_mixin.py:188} INFO - [2025-11-28T06:59:30.374+0000] {dagbag.py:538} INFO - Filling up the DagBag from /home/airflow/.local/lib/python3.8/site-packages/airflow/example_dags/example_sensor_decorator.py
[2025-11-28T06:59:30.389+0000] {processor.py:840} INFO - DAG(s) 'example_sensor_decorator' retrieved from /home/airflow/.local/lib/python3.8/site-packages/airflow/example_dags/example_sensor_decorator.py
[2025-11-28T06:59:30.433+0000] {logging_mixin.py:188} INFO - [2025-11-28T06:59:30.432+0000] {dag.py:3036} INFO - Sync 1 DAGs
[2025-11-28T06:59:30.451+0000] {logging_mixin.py:188} INFO - [2025-11-28T06:59:30.450+0000] {dag.py:3823} INFO - Setting next_dagrun for example_sensor_decorator to None, run_after=None
[2025-11-28T06:59:30.473+0000] {processor.py:183} INFO - Processing /home/airflow/.local/lib/python3.8/site-packages/airflow/example_dags/example_sensor_decorator.py took 0.114 seconds
[2025-11-28T07:00:00.836+0000] {processor.py:161} INFO - Started process (PID=898) to work on /home/airflow/.local/lib/python3.8/site-packages/airflow/example_dags/example_sensor_decorator.py
[2025-11-28T07:00:00.838+0000] {processor.py:830} INFO - Processing file /home/airflow/.local/lib/python3.8/site-packages/airflow/example_dags/example_sensor_decorator.py for tasks to queue
[2025-11-28T07:00:00.840+0000] {logging_mixin.py:188} INFO - [2025-11-28T07:00:00.840+0000] {dagbag.py:538} INFO - Filling up the DagBag from /home/airflow/.local/lib/python3.8/site-packages/airflow/example_dags/example_sensor_decorator.py
[2025-11-28T07:00:00.844+0000] {processor.py:840} INFO - DAG(s) 'example_sensor_decorator' retrieved from /home/airflow/.local/lib/python3.8/site-packages/airflow/example_dags/example_sensor_decorator.py
[2025-11-28T07:00:00.865+0000] {logging_mixin.py:188} INFO - [2025-11-28T07:00:00.865+0000] {dag.py:3036} INFO - Sync 1 DAGs
[2025-11-28T07:00:00.875+0000] {logging_mixin.py:188} INFO - [2025-11-28T07:00:00.874+0000] {dag.py:3823} INFO - Setting next_dagrun for example_sensor_decorator to None, run_after=None
[2025-11-28T07:00:00.898+0000] {processor.py:183} INFO - Processing /home/airflow/.local/lib/python3.8/site-packages/airflow/example_dags/example_sensor_decorator.py took 0.064 seconds
[2025-11-28T07:00:31.332+0000] {processor.py:161} INFO - Started process (PID=953) to work on /home/airflow/.local/lib/python3.8/site-packages/airflow/example_dags/example_sensor_decorator.py
[2025-11-28T07:00:31.334+0000] {processor.py:830} INFO - Processing file /home/airflow/.local/lib/python3.8/site-packages/airflow/example_dags/example_sensor_decorator.py for tasks to queue
[2025-11-28T07:00:31.336+0000] {logging_mixin.py:188} INFO - [2025-11-28T07:00:31.335+0000] {dagbag.py:538} INFO - Filling up the DagBag from /home/airflow/.local/lib/python3.8/site-packages/airflow/example_dags/example_sensor_decorator.py
[2025-11-28T07:00:31.341+0000] {processor.py:840} INFO - DAG(s) 'example_sensor_decorator' retrieved from /home/airflow/.local/lib/python3.8/site-packages/airflow/example_dags/example_sensor_decorator.py
[2025-11-28T07:00:31.377+0000] {logging_mixin.py:188} INFO - [2025-11-28T07:00:31.377+0000] {dag.py:3036} INFO - Sync 1 DAGs
[2025-11-28T07:00:31.394+0000] {logging_mixin.py:188} INFO - [2025-11-28T07:00:31.394+0000] {dag.py:3823} INFO - Setting next_dagrun for example_sensor_decorator to None, run_after=None
[2025-11-28T07:00:31.431+0000] {processor.py:183} INFO - Processing /home/airflow/.local/lib/python3.8/site-packages/airflow/example_dags/example_sensor_decorator.py took 0.101 seconds
[2025-11-28T07:01:01.622+0000] {processor.py:161} INFO - Started process (PID=1008) to work on /home/airflow/.local/lib/python3.8/site-packages/airflow/example_dags/example_sensor_decorator.py
[2025-11-28T07:01:01.624+0000] {processor.py:830} INFO - Processing file /home/airflow/.local/lib/python3.8/site-packages/airflow/example_dags/example_sensor_decorator.py for tasks to queue
[2025-11-28T07:01:01.627+0000] {logging_mixin.py:188} INFO - [2025-11-28T07:01:01.626+0000] {dagbag.py:538} INFO - Filling up the DagBag from /home/airflow/.local/lib/python3.8/site-packages/airflow/example_dags/example_sensor_decorator.py
[2025-11-28T07:01:01.636+0000] {processor.py:840} INFO - DAG(s) 'example_sensor_decorator' retrieved from /home/airflow/.local/lib/python3.8/site-packages/airflow/example_dags/example_sensor_decorator.py
[2025-11-28T07:01:01.668+0000] {logging_mixin.py:188} INFO - [2025-11-28T07:01:01.668+0000] {dag.py:3036} INFO - Sync 1 DAGs
[2025-11-28T07:01:01.685+0000] {logging_mixin.py:188} INFO - [2025-11-28T07:01:01.684+0000] {dag.py:3823} INFO - Setting next_dagrun for example_sensor_decorator to None, run_after=None
[2025-11-28T07:01:01.727+0000] {processor.py:183} INFO - Processing /home/airflow/.local/lib/python3.8/site-packages/airflow/example_dags/example_sensor_decorator.py took 0.109 seconds
[2025-11-28T07:01:31.837+0000] {processor.py:161} INFO - Started process (PID=1062) to work on /home/airflow/.local/lib/python3.8/site-packages/airflow/example_dags/example_sensor_decorator.py
[2025-11-28T07:01:31.841+0000] {processor.py:830} INFO - Processing file /home/airflow/.local/lib/python3.8/site-packages/airflow/example_dags/example_sensor_decorator.py for tasks to queue
[2025-11-28T07:01:31.843+0000] {logging_mixin.py:188} INFO - [2025-11-28T07:01:31.843+0000] {dagbag.py:538} INFO - Filling up the DagBag from /home/airflow/.local/lib/python3.8/site-packages/airflow/example_dags/example_sensor_decorator.py
[2025-11-28T07:01:31.855+0000] {processor.py:840} INFO - DAG(s) 'example_sensor_decorator' retrieved from /home/airflow/.local/lib/python3.8/site-packages/airflow/example_dags/example_sensor_decorator.py
[2025-11-28T07:01:31.909+0000] {logging_mixin.py:188} INFO - [2025-11-28T07:01:31.909+0000] {dag.py:3036} INFO - Sync 1 DAGs
[2025-11-28T07:01:31.934+0000] {logging_mixin.py:188} INFO - [2025-11-28T07:01:31.934+0000] {dag.py:3823} INFO - Setting next_dagrun for example_sensor_decorator to None, run_after=None
[2025-11-28T07:01:31.963+0000] {processor.py:183} INFO - Processing /home/airflow/.local/lib/python3.8/site-packages/airflow/example_dags/example_sensor_decorator.py took 0.133 seconds
[2025-11-28T07:02:02.485+0000] {processor.py:161} INFO - Started process (PID=1117) to work on /home/airflow/.local/lib/python3.8/site-packages/airflow/example_dags/example_sensor_decorator.py
[2025-11-28T07:02:02.486+0000] {processor.py:830} INFO - Processing file /home/airflow/.local/lib/python3.8/site-packages/airflow/example_dags/example_sensor_decorator.py for tasks to queue
[2025-11-28T07:02:02.488+0000] {logging_mixin.py:188} INFO - [2025-11-28T07:02:02.488+0000] {dagbag.py:538} INFO - Filling up the DagBag from /home/airflow/.local/lib/python3.8/site-packages/airflow/example_dags/example_sensor_decorator.py
[2025-11-28T07:02:02.493+0000] {processor.py:840} INFO - DAG(s) 'example_sensor_decorator' retrieved from /home/airflow/.local/lib/python3.8/site-packages/airflow/example_dags/example_sensor_decorator.py
[2025-11-28T07:02:02.512+0000] {logging_mixin.py:188} INFO - [2025-11-28T07:02:02.512+0000] {dag.py:3036} INFO - Sync 1 DAGs
[2025-11-28T07:02:02.527+0000] {logging_mixin.py:188} INFO - [2025-11-28T07:02:02.527+0000] {dag.py:3823} INFO - Setting next_dagrun for example_sensor_decorator to None, run_after=None
[2025-11-28T07:02:02.549+0000] {processor.py:183} INFO - Processing /home/airflow/.local/lib/python3.8/site-packages/airflow/example_dags/example_sensor_decorator.py took 0.067 seconds
[2025-11-28T07:02:32.770+0000] {processor.py:161} INFO - Started process (PID=1171) to work on /home/airflow/.local/lib/python3.8/site-packages/airflow/example_dags/example_sensor_decorator.py
[2025-11-28T07:02:32.772+0000] {processor.py:830} INFO - Processing file /home/airflow/.local/lib/python3.8/site-packages/airflow/example_dags/example_sensor_decorator.py for tasks to queue
[2025-11-28T07:02:32.775+0000] {logging_mixin.py:188} INFO - [2025-11-28T07:02:32.774+0000] {dagbag.py:538} INFO - Filling up the DagBag from /home/airflow/.local/lib/python3.8/site-packages/airflow/example_dags/example_sensor_decorator.py
[2025-11-28T07:02:32.780+0000] {processor.py:840} INFO - DAG(s) 'example_sensor_decorator' retrieved from /home/airflow/.local/lib/python3.8/site-packages/airflow/example_dags/example_sensor_decorator.py
[2025-11-28T07:02:32.804+0000] {logging_mixin.py:188} INFO - [2025-11-28T07:02:32.803+0000] {dag.py:3036} INFO - Sync 1 DAGs
[2025-11-28T07:02:32.815+0000] {logging_mixin.py:188} INFO - [2025-11-28T07:02:32.815+0000] {dag.py:3823} INFO - Setting next_dagrun for example_sensor_decorator to None, run_after=None
[2025-11-28T07:02:32.837+0000] {processor.py:183} INFO - Processing /home/airflow/.local/lib/python3.8/site-packages/airflow/example_dags/example_sensor_decorator.py took 0.070 seconds
[2025-11-28T07:03:03.397+0000] {processor.py:161} INFO - Started process (PID=1227) to work on /home/airflow/.local/lib/python3.8/site-packages/airflow/example_dags/example_sensor_decorator.py
[2025-11-28T07:03:03.398+0000] {processor.py:830} INFO - Processing file /home/airflow/.local/lib/python3.8/site-packages/airflow/example_dags/example_sensor_decorator.py for tasks to queue
[2025-11-28T07:03:03.400+0000] {logging_mixin.py:188} INFO - [2025-11-28T07:03:03.400+0000] {dagbag.py:538} INFO - Filling up the DagBag from /home/airflow/.local/lib/python3.8/site-packages/airflow/example_dags/example_sensor_decorator.py
[2025-11-28T07:03:03.406+0000] {processor.py:840} INFO - DAG(s) 'example_sensor_decorator' retrieved from /home/airflow/.local/lib/python3.8/site-packages/airflow/example_dags/example_sensor_decorator.py
[2025-11-28T07:03:03.423+0000] {logging_mixin.py:188} INFO - [2025-11-28T07:03:03.423+0000] {dag.py:3036} INFO - Sync 1 DAGs
[2025-11-28T07:03:03.441+0000] {logging_mixin.py:188} INFO - [2025-11-28T07:03:03.441+0000] {dag.py:3823} INFO - Setting next_dagrun for example_sensor_decorator to None, run_after=None
[2025-11-28T07:03:03.459+0000] {processor.py:183} INFO - Processing /home/airflow/.local/lib/python3.8/site-packages/airflow/example_dags/example_sensor_decorator.py took 0.064 seconds
[2025-11-28T07:03:33.703+0000] {processor.py:161} INFO - Started process (PID=1282) to work on /home/airflow/.local/lib/python3.8/site-packages/airflow/example_dags/example_sensor_decorator.py
[2025-11-28T07:03:33.756+0000] {processor.py:830} INFO - Processing file /home/airflow/.local/lib/python3.8/site-packages/airflow/example_dags/example_sensor_decorator.py for tasks to queue
[2025-11-28T07:03:33.763+0000] {logging_mixin.py:188} INFO - [2025-11-28T07:03:33.763+0000] {dagbag.py:538} INFO - Filling up the DagBag from /home/airflow/.local/lib/python3.8/site-packages/airflow/example_dags/example_sensor_decorator.py
[2025-11-28T07:03:33.774+0000] {processor.py:840} INFO - DAG(s) 'example_sensor_decorator' retrieved from /home/airflow/.local/lib/python3.8/site-packages/airflow/example_dags/example_sensor_decorator.py
[2025-11-28T07:03:33.799+0000] {logging_mixin.py:188} INFO - [2025-11-28T07:03:33.798+0000] {dag.py:3036} INFO - Sync 1 DAGs
[2025-11-28T07:03:33.823+0000] {logging_mixin.py:188} INFO - [2025-11-28T07:03:33.823+0000] {dag.py:3823} INFO - Setting next_dagrun for example_sensor_decorator to None, run_after=None
[2025-11-28T07:03:33.847+0000] {processor.py:183} INFO - Processing /home/airflow/.local/lib/python3.8/site-packages/airflow/example_dags/example_sensor_decorator.py took 0.151 seconds
[2025-11-28T07:04:04.376+0000] {processor.py:161} INFO - Started process (PID=1337) to work on /home/airflow/.local/lib/python3.8/site-packages/airflow/example_dags/example_sensor_decorator.py
[2025-11-28T07:04:04.381+0000] {processor.py:830} INFO - Processing file /home/airflow/.local/lib/python3.8/site-packages/airflow/example_dags/example_sensor_decorator.py for tasks to queue
[2025-11-28T07:04:04.386+0000] {logging_mixin.py:188} INFO - [2025-11-28T07:04:04.385+0000] {dagbag.py:538} INFO - Filling up the DagBag from /home/airflow/.local/lib/python3.8/site-packages/airflow/example_dags/example_sensor_decorator.py
[2025-11-28T07:04:04.393+0000] {processor.py:840} INFO - DAG(s) 'example_sensor_decorator' retrieved from /home/airflow/.local/lib/python3.8/site-packages/airflow/example_dags/example_sensor_decorator.py
[2025-11-28T07:04:04.421+0000] {logging_mixin.py:188} INFO - [2025-11-28T07:04:04.420+0000] {dag.py:3036} INFO - Sync 1 DAGs
[2025-11-28T07:04:04.455+0000] {logging_mixin.py:188} INFO - [2025-11-28T07:04:04.455+0000] {dag.py:3823} INFO - Setting next_dagrun for example_sensor_decorator to None, run_after=None
[2025-11-28T07:04:04.486+0000] {processor.py:183} INFO - Processing /home/airflow/.local/lib/python3.8/site-packages/airflow/example_dags/example_sensor_decorator.py took 0.113 seconds
[2025-11-28T07:04:34.620+0000] {processor.py:161} INFO - Started process (PID=1392) to work on /home/airflow/.local/lib/python3.8/site-packages/airflow/example_dags/example_sensor_decorator.py
[2025-11-28T07:04:34.621+0000] {processor.py:830} INFO - Processing file /home/airflow/.local/lib/python3.8/site-packages/airflow/example_dags/example_sensor_decorator.py for tasks to queue
[2025-11-28T07:04:34.623+0000] {logging_mixin.py:188} INFO - [2025-11-28T07:04:34.623+0000] {dagbag.py:538} INFO - Filling up the DagBag from /home/airflow/.local/lib/python3.8/site-packages/airflow/example_dags/example_sensor_decorator.py
[2025-11-28T07:04:34.627+0000] {processor.py:840} INFO - DAG(s) 'example_sensor_decorator' retrieved from /home/airflow/.local/lib/python3.8/site-packages/airflow/example_dags/example_sensor_decorator.py
[2025-11-28T07:04:34.646+0000] {logging_mixin.py:188} INFO - [2025-11-28T07:04:34.646+0000] {dag.py:3036} INFO - Sync 1 DAGs
[2025-11-28T07:04:34.654+0000] {logging_mixin.py:188} INFO - [2025-11-28T07:04:34.654+0000] {dag.py:3823} INFO - Setting next_dagrun for example_sensor_decorator to None, run_after=None
[2025-11-28T07:04:34.670+0000] {processor.py:183} INFO - Processing /home/airflow/.local/lib/python3.8/site-packages/airflow/example_dags/example_sensor_decorator.py took 0.052 seconds
[2025-11-28T07:05:05.220+0000] {processor.py:161} INFO - Started process (PID=1448) to work on /home/airflow/.local/lib/python3.8/site-packages/airflow/example_dags/example_sensor_decorator.py
[2025-11-28T07:05:05.221+0000] {processor.py:830} INFO - Processing file /home/airflow/.local/lib/python3.8/site-packages/airflow/example_dags/example_sensor_decorator.py for tasks to queue
[2025-11-28T07:05:05.225+0000] {logging_mixin.py:188} INFO - [2025-11-28T07:05:05.224+0000] {dagbag.py:538} INFO - Filling up the DagBag from /home/airflow/.local/lib/python3.8/site-packages/airflow/example_dags/example_sensor_decorator.py
[2025-11-28T07:05:05.231+0000] {processor.py:840} INFO - DAG(s) 'example_sensor_decorator' retrieved from /home/airflow/.local/lib/python3.8/site-packages/airflow/example_dags/example_sensor_decorator.py
[2025-11-28T07:05:05.263+0000] {logging_mixin.py:188} INFO - [2025-11-28T07:05:05.263+0000] {dag.py:3036} INFO - Sync 1 DAGs
[2025-11-28T07:05:05.277+0000] {logging_mixin.py:188} INFO - [2025-11-28T07:05:05.277+0000] {dag.py:3823} INFO - Setting next_dagrun for example_sensor_decorator to None, run_after=None
[2025-11-28T07:05:05.319+0000] {processor.py:183} INFO - Processing /home/airflow/.local/lib/python3.8/site-packages/airflow/example_dags/example_sensor_decorator.py took 0.103 seconds
[2025-11-28T07:05:35.871+0000] {processor.py:161} INFO - Started process (PID=1503) to work on /home/airflow/.local/lib/python3.8/site-packages/airflow/example_dags/example_sensor_decorator.py
[2025-11-28T07:05:35.873+0000] {processor.py:830} INFO - Processing file /home/airflow/.local/lib/python3.8/site-packages/airflow/example_dags/example_sensor_decorator.py for tasks to queue
[2025-11-28T07:05:35.875+0000] {logging_mixin.py:188} INFO - [2025-11-28T07:05:35.874+0000] {dagbag.py:538} INFO - Filling up the DagBag from /home/airflow/.local/lib/python3.8/site-packages/airflow/example_dags/example_sensor_decorator.py
[2025-11-28T07:05:35.879+0000] {processor.py:840} INFO - DAG(s) 'example_sensor_decorator' retrieved from /home/airflow/.local/lib/python3.8/site-packages/airflow/example_dags/example_sensor_decorator.py
[2025-11-28T07:05:35.895+0000] {logging_mixin.py:188} INFO - [2025-11-28T07:05:35.895+0000] {dag.py:3036} INFO - Sync 1 DAGs
[2025-11-28T07:05:35.903+0000] {logging_mixin.py:188} INFO - [2025-11-28T07:05:35.903+0000] {dag.py:3823} INFO - Setting next_dagrun for example_sensor_decorator to None, run_after=None
[2025-11-28T07:05:35.918+0000] {processor.py:183} INFO - Processing /home/airflow/.local/lib/python3.8/site-packages/airflow/example_dags/example_sensor_decorator.py took 0.050 seconds
[2025-11-28T07:06:06.383+0000] {processor.py:161} INFO - Started process (PID=1558) to work on /home/airflow/.local/lib/python3.8/site-packages/airflow/example_dags/example_sensor_decorator.py
[2025-11-28T07:06:06.385+0000] {processor.py:830} INFO - Processing file /home/airflow/.local/lib/python3.8/site-packages/airflow/example_dags/example_sensor_decorator.py for tasks to queue
[2025-11-28T07:06:06.387+0000] {logging_mixin.py:188} INFO - [2025-11-28T07:06:06.386+0000] {dagbag.py:538} INFO - Filling up the DagBag from /home/airflow/.local/lib/python3.8/site-packages/airflow/example_dags/example_sensor_decorator.py
[2025-11-28T07:06:06.392+0000] {processor.py:840} INFO - DAG(s) 'example_sensor_decorator' retrieved from /home/airflow/.local/lib/python3.8/site-packages/airflow/example_dags/example_sensor_decorator.py
[2025-11-28T07:06:06.413+0000] {logging_mixin.py:188} INFO - [2025-11-28T07:06:06.413+0000] {dag.py:3036} INFO - Sync 1 DAGs
[2025-11-28T07:06:06.425+0000] {logging_mixin.py:188} INFO - [2025-11-28T07:06:06.424+0000] {dag.py:3823} INFO - Setting next_dagrun for example_sensor_decorator to None, run_after=None
[2025-11-28T07:06:06.447+0000] {processor.py:183} INFO - Processing /home/airflow/.local/lib/python3.8/site-packages/airflow/example_dags/example_sensor_decorator.py took 0.066 seconds
[2025-11-28T07:06:36.945+0000] {processor.py:161} INFO - Started process (PID=1613) to work on /home/airflow/.local/lib/python3.8/site-packages/airflow/example_dags/example_sensor_decorator.py
[2025-11-28T07:06:36.946+0000] {processor.py:830} INFO - Processing file /home/airflow/.local/lib/python3.8/site-packages/airflow/example_dags/example_sensor_decorator.py for tasks to queue
[2025-11-28T07:06:36.948+0000] {logging_mixin.py:188} INFO - [2025-11-28T07:06:36.948+0000] {dagbag.py:538} INFO - Filling up the DagBag from /home/airflow/.local/lib/python3.8/site-packages/airflow/example_dags/example_sensor_decorator.py
[2025-11-28T07:06:36.955+0000] {processor.py:840} INFO - DAG(s) 'example_sensor_decorator' retrieved from /home/airflow/.local/lib/python3.8/site-packages/airflow/example_dags/example_sensor_decorator.py
[2025-11-28T07:06:36.984+0000] {logging_mixin.py:188} INFO - [2025-11-28T07:06:36.984+0000] {dag.py:3036} INFO - Sync 1 DAGs
[2025-11-28T07:06:36.996+0000] {logging_mixin.py:188} INFO - [2025-11-28T07:06:36.996+0000] {dag.py:3823} INFO - Setting next_dagrun for example_sensor_decorator to None, run_after=None
[2025-11-28T07:06:37.029+0000] {processor.py:183} INFO - Processing /home/airflow/.local/lib/python3.8/site-packages/airflow/example_dags/example_sensor_decorator.py took 0.088 seconds
[2025-11-28T07:07:07.139+0000] {processor.py:161} INFO - Started process (PID=1668) to work on /home/airflow/.local/lib/python3.8/site-packages/airflow/example_dags/example_sensor_decorator.py
[2025-11-28T07:07:07.141+0000] {processor.py:830} INFO - Processing file /home/airflow/.local/lib/python3.8/site-packages/airflow/example_dags/example_sensor_decorator.py for tasks to queue
[2025-11-28T07:07:07.142+0000] {logging_mixin.py:188} INFO - [2025-11-28T07:07:07.142+0000] {dagbag.py:538} INFO - Filling up the DagBag from /home/airflow/.local/lib/python3.8/site-packages/airflow/example_dags/example_sensor_decorator.py
[2025-11-28T07:07:07.150+0000] {processor.py:840} INFO - DAG(s) 'example_sensor_decorator' retrieved from /home/airflow/.local/lib/python3.8/site-packages/airflow/example_dags/example_sensor_decorator.py
[2025-11-28T07:07:07.168+0000] {logging_mixin.py:188} INFO - [2025-11-28T07:07:07.167+0000] {dag.py:3036} INFO - Sync 1 DAGs
[2025-11-28T07:07:07.176+0000] {logging_mixin.py:188} INFO - [2025-11-28T07:07:07.176+0000] {dag.py:3823} INFO - Setting next_dagrun for example_sensor_decorator to None, run_after=None
[2025-11-28T07:07:07.191+0000] {processor.py:183} INFO - Processing /home/airflow/.local/lib/python3.8/site-packages/airflow/example_dags/example_sensor_decorator.py took 0.054 seconds
[2025-11-28T07:07:37.730+0000] {processor.py:161} INFO - Started process (PID=1723) to work on /home/airflow/.local/lib/python3.8/site-packages/airflow/example_dags/example_sensor_decorator.py
[2025-11-28T07:07:37.733+0000] {processor.py:830} INFO - Processing file /home/airflow/.local/lib/python3.8/site-packages/airflow/example_dags/example_sensor_decorator.py for tasks to queue
[2025-11-28T07:07:37.736+0000] {logging_mixin.py:188} INFO - [2025-11-28T07:07:37.735+0000] {dagbag.py:538} INFO - Filling up the DagBag from /home/airflow/.local/lib/python3.8/site-packages/airflow/example_dags/example_sensor_decorator.py
[2025-11-28T07:07:37.747+0000] {processor.py:840} INFO - DAG(s) 'example_sensor_decorator' retrieved from /home/airflow/.local/lib/python3.8/site-packages/airflow/example_dags/example_sensor_decorator.py
[2025-11-28T07:07:37.766+0000] {logging_mixin.py:188} INFO - [2025-11-28T07:07:37.766+0000] {dag.py:3036} INFO - Sync 1 DAGs
[2025-11-28T07:07:37.780+0000] {logging_mixin.py:188} INFO - [2025-11-28T07:07:37.780+0000] {dag.py:3823} INFO - Setting next_dagrun for example_sensor_decorator to None, run_after=None
[2025-11-28T07:07:37.802+0000] {processor.py:183} INFO - Processing /home/airflow/.local/lib/python3.8/site-packages/airflow/example_dags/example_sensor_decorator.py took 0.076 seconds
[2025-11-28T07:08:08.482+0000] {processor.py:161} INFO - Started process (PID=1778) to work on /home/airflow/.local/lib/python3.8/site-packages/airflow/example_dags/example_sensor_decorator.py
[2025-11-28T07:08:08.484+0000] {processor.py:830} INFO - Processing file /home/airflow/.local/lib/python3.8/site-packages/airflow/example_dags/example_sensor_decorator.py for tasks to queue
[2025-11-28T07:08:08.486+0000] {logging_mixin.py:188} INFO - [2025-11-28T07:08:08.485+0000] {dagbag.py:538} INFO - Filling up the DagBag from /home/airflow/.local/lib/python3.8/site-packages/airflow/example_dags/example_sensor_decorator.py
[2025-11-28T07:08:08.491+0000] {processor.py:840} INFO - DAG(s) 'example_sensor_decorator' retrieved from /home/airflow/.local/lib/python3.8/site-packages/airflow/example_dags/example_sensor_decorator.py
[2025-11-28T07:08:08.513+0000] {logging_mixin.py:188} INFO - [2025-11-28T07:08:08.513+0000] {dag.py:3036} INFO - Sync 1 DAGs
[2025-11-28T07:08:08.526+0000] {logging_mixin.py:188} INFO - [2025-11-28T07:08:08.526+0000] {dag.py:3823} INFO - Setting next_dagrun for example_sensor_decorator to None, run_after=None
[2025-11-28T07:08:08.547+0000] {processor.py:183} INFO - Processing /home/airflow/.local/lib/python3.8/site-packages/airflow/example_dags/example_sensor_decorator.py took 0.067 seconds
[2025-11-28T07:08:38.675+0000] {processor.py:161} INFO - Started process (PID=1833) to work on /home/airflow/.local/lib/python3.8/site-packages/airflow/example_dags/example_sensor_decorator.py
[2025-11-28T07:08:38.677+0000] {processor.py:830} INFO - Processing file /home/airflow/.local/lib/python3.8/site-packages/airflow/example_dags/example_sensor_decorator.py for tasks to queue
[2025-11-28T07:08:38.679+0000] {logging_mixin.py:188} INFO - [2025-11-28T07:08:38.678+0000] {dagbag.py:538} INFO - Filling up the DagBag from /home/airflow/.local/lib/python3.8/site-packages/airflow/example_dags/example_sensor_decorator.py
[2025-11-28T07:08:38.685+0000] {processor.py:840} INFO - DAG(s) 'example_sensor_decorator' retrieved from /home/airflow/.local/lib/python3.8/site-packages/airflow/example_dags/example_sensor_decorator.py
[2025-11-28T07:08:38.711+0000] {logging_mixin.py:188} INFO - [2025-11-28T07:08:38.711+0000] {dag.py:3036} INFO - Sync 1 DAGs
[2025-11-28T07:08:38.735+0000] {logging_mixin.py:188} INFO - [2025-11-28T07:08:38.734+0000] {dag.py:3823} INFO - Setting next_dagrun for example_sensor_decorator to None, run_after=None
[2025-11-28T07:08:38.766+0000] {processor.py:183} INFO - Processing /home/airflow/.local/lib/python3.8/site-packages/airflow/example_dags/example_sensor_decorator.py took 0.094 seconds
[2025-11-28T07:09:09.059+0000] {processor.py:161} INFO - Started process (PID=1888) to work on /home/airflow/.local/lib/python3.8/site-packages/airflow/example_dags/example_sensor_decorator.py
[2025-11-28T07:09:09.060+0000] {processor.py:830} INFO - Processing file /home/airflow/.local/lib/python3.8/site-packages/airflow/example_dags/example_sensor_decorator.py for tasks to queue
[2025-11-28T07:09:09.063+0000] {logging_mixin.py:188} INFO - [2025-11-28T07:09:09.063+0000] {dagbag.py:538} INFO - Filling up the DagBag from /home/airflow/.local/lib/python3.8/site-packages/airflow/example_dags/example_sensor_decorator.py
[2025-11-28T07:09:09.073+0000] {processor.py:840} INFO - DAG(s) 'example_sensor_decorator' retrieved from /home/airflow/.local/lib/python3.8/site-packages/airflow/example_dags/example_sensor_decorator.py
[2025-11-28T07:09:09.094+0000] {logging_mixin.py:188} INFO - [2025-11-28T07:09:09.094+0000] {dag.py:3036} INFO - Sync 1 DAGs
[2025-11-28T07:09:09.103+0000] {logging_mixin.py:188} INFO - [2025-11-28T07:09:09.103+0000] {dag.py:3823} INFO - Setting next_dagrun for example_sensor_decorator to None, run_after=None
[2025-11-28T07:09:09.119+0000] {processor.py:183} INFO - Processing /home/airflow/.local/lib/python3.8/site-packages/airflow/example_dags/example_sensor_decorator.py took 0.065 seconds
[2025-11-28T07:09:39.232+0000] {processor.py:161} INFO - Started process (PID=1943) to work on /home/airflow/.local/lib/python3.8/site-packages/airflow/example_dags/example_sensor_decorator.py
[2025-11-28T07:09:39.234+0000] {processor.py:830} INFO - Processing file /home/airflow/.local/lib/python3.8/site-packages/airflow/example_dags/example_sensor_decorator.py for tasks to queue
[2025-11-28T07:09:39.237+0000] {logging_mixin.py:188} INFO - [2025-11-28T07:09:39.236+0000] {dagbag.py:538} INFO - Filling up the DagBag from /home/airflow/.local/lib/python3.8/site-packages/airflow/example_dags/example_sensor_decorator.py
[2025-11-28T07:09:39.249+0000] {processor.py:840} INFO - DAG(s) 'example_sensor_decorator' retrieved from /home/airflow/.local/lib/python3.8/site-packages/airflow/example_dags/example_sensor_decorator.py
[2025-11-28T07:09:39.280+0000] {logging_mixin.py:188} INFO - [2025-11-28T07:09:39.279+0000] {dag.py:3036} INFO - Sync 1 DAGs
[2025-11-28T07:09:39.301+0000] {logging_mixin.py:188} INFO - [2025-11-28T07:09:39.301+0000] {dag.py:3823} INFO - Setting next_dagrun for example_sensor_decorator to None, run_after=None
[2025-11-28T07:09:39.331+0000] {processor.py:183} INFO - Processing /home/airflow/.local/lib/python3.8/site-packages/airflow/example_dags/example_sensor_decorator.py took 0.103 seconds
[2025-11-28T07:10:09.648+0000] {processor.py:161} INFO - Started process (PID=1998) to work on /home/airflow/.local/lib/python3.8/site-packages/airflow/example_dags/example_sensor_decorator.py
[2025-11-28T07:10:09.650+0000] {processor.py:830} INFO - Processing file /home/airflow/.local/lib/python3.8/site-packages/airflow/example_dags/example_sensor_decorator.py for tasks to queue
[2025-11-28T07:10:09.653+0000] {logging_mixin.py:188} INFO - [2025-11-28T07:10:09.653+0000] {dagbag.py:538} INFO - Filling up the DagBag from /home/airflow/.local/lib/python3.8/site-packages/airflow/example_dags/example_sensor_decorator.py
[2025-11-28T07:10:09.661+0000] {processor.py:840} INFO - DAG(s) 'example_sensor_decorator' retrieved from /home/airflow/.local/lib/python3.8/site-packages/airflow/example_dags/example_sensor_decorator.py
[2025-11-28T07:10:09.690+0000] {logging_mixin.py:188} INFO - [2025-11-28T07:10:09.689+0000] {dag.py:3036} INFO - Sync 1 DAGs
[2025-11-28T07:10:09.707+0000] {logging_mixin.py:188} INFO - [2025-11-28T07:10:09.707+0000] {dag.py:3823} INFO - Setting next_dagrun for example_sensor_decorator to None, run_after=None
[2025-11-28T07:10:09.732+0000] {processor.py:183} INFO - Processing /home/airflow/.local/lib/python3.8/site-packages/airflow/example_dags/example_sensor_decorator.py took 0.088 seconds
[2025-11-28T07:10:39.869+0000] {processor.py:161} INFO - Started process (PID=2053) to work on /home/airflow/.local/lib/python3.8/site-packages/airflow/example_dags/example_sensor_decorator.py
[2025-11-28T07:10:39.870+0000] {processor.py:830} INFO - Processing file /home/airflow/.local/lib/python3.8/site-packages/airflow/example_dags/example_sensor_decorator.py for tasks to queue
[2025-11-28T07:10:39.872+0000] {logging_mixin.py:188} INFO - [2025-11-28T07:10:39.872+0000] {dagbag.py:538} INFO - Filling up the DagBag from /home/airflow/.local/lib/python3.8/site-packages/airflow/example_dags/example_sensor_decorator.py
[2025-11-28T07:10:39.878+0000] {processor.py:840} INFO - DAG(s) 'example_sensor_decorator' retrieved from /home/airflow/.local/lib/python3.8/site-packages/airflow/example_dags/example_sensor_decorator.py
[2025-11-28T07:10:39.899+0000] {logging_mixin.py:188} INFO - [2025-11-28T07:10:39.898+0000] {dag.py:3036} INFO - Sync 1 DAGs
[2025-11-28T07:10:39.910+0000] {logging_mixin.py:188} INFO - [2025-11-28T07:10:39.910+0000] {dag.py:3823} INFO - Setting next_dagrun for example_sensor_decorator to None, run_after=None
[2025-11-28T07:10:39.930+0000] {processor.py:183} INFO - Processing /home/airflow/.local/lib/python3.8/site-packages/airflow/example_dags/example_sensor_decorator.py took 0.064 seconds
[2025-11-28T07:11:10.274+0000] {processor.py:161} INFO - Started process (PID=2108) to work on /home/airflow/.local/lib/python3.8/site-packages/airflow/example_dags/example_sensor_decorator.py
[2025-11-28T07:11:10.277+0000] {processor.py:830} INFO - Processing file /home/airflow/.local/lib/python3.8/site-packages/airflow/example_dags/example_sensor_decorator.py for tasks to queue
[2025-11-28T07:11:10.279+0000] {logging_mixin.py:188} INFO - [2025-11-28T07:11:10.279+0000] {dagbag.py:538} INFO - Filling up the DagBag from /home/airflow/.local/lib/python3.8/site-packages/airflow/example_dags/example_sensor_decorator.py
[2025-11-28T07:11:10.288+0000] {processor.py:840} INFO - DAG(s) 'example_sensor_decorator' retrieved from /home/airflow/.local/lib/python3.8/site-packages/airflow/example_dags/example_sensor_decorator.py
[2025-11-28T07:11:10.309+0000] {logging_mixin.py:188} INFO - [2025-11-28T07:11:10.309+0000] {dag.py:3036} INFO - Sync 1 DAGs
[2025-11-28T07:11:10.317+0000] {logging_mixin.py:188} INFO - [2025-11-28T07:11:10.317+0000] {dag.py:3823} INFO - Setting next_dagrun for example_sensor_decorator to None, run_after=None
[2025-11-28T07:11:10.334+0000] {processor.py:183} INFO - Processing /home/airflow/.local/lib/python3.8/site-packages/airflow/example_dags/example_sensor_decorator.py took 0.064 seconds
[2025-11-28T07:11:40.659+0000] {processor.py:161} INFO - Started process (PID=2163) to work on /home/airflow/.local/lib/python3.8/site-packages/airflow/example_dags/example_sensor_decorator.py
[2025-11-28T07:11:40.660+0000] {processor.py:830} INFO - Processing file /home/airflow/.local/lib/python3.8/site-packages/airflow/example_dags/example_sensor_decorator.py for tasks to queue
[2025-11-28T07:11:40.664+0000] {logging_mixin.py:188} INFO - [2025-11-28T07:11:40.664+0000] {dagbag.py:538} INFO - Filling up the DagBag from /home/airflow/.local/lib/python3.8/site-packages/airflow/example_dags/example_sensor_decorator.py
[2025-11-28T07:11:40.670+0000] {processor.py:840} INFO - DAG(s) 'example_sensor_decorator' retrieved from /home/airflow/.local/lib/python3.8/site-packages/airflow/example_dags/example_sensor_decorator.py
[2025-11-28T07:11:40.689+0000] {logging_mixin.py:188} INFO - [2025-11-28T07:11:40.689+0000] {dag.py:3036} INFO - Sync 1 DAGs
[2025-11-28T07:11:40.702+0000] {logging_mixin.py:188} INFO - [2025-11-28T07:11:40.702+0000] {dag.py:3823} INFO - Setting next_dagrun for example_sensor_decorator to None, run_after=None
[2025-11-28T07:11:40.719+0000] {processor.py:183} INFO - Processing /home/airflow/.local/lib/python3.8/site-packages/airflow/example_dags/example_sensor_decorator.py took 0.062 seconds
[2025-11-28T07:12:10.982+0000] {processor.py:161} INFO - Started process (PID=2218) to work on /home/airflow/.local/lib/python3.8/site-packages/airflow/example_dags/example_sensor_decorator.py
[2025-11-28T07:12:10.983+0000] {processor.py:830} INFO - Processing file /home/airflow/.local/lib/python3.8/site-packages/airflow/example_dags/example_sensor_decorator.py for tasks to queue
[2025-11-28T07:12:10.985+0000] {logging_mixin.py:188} INFO - [2025-11-28T07:12:10.984+0000] {dagbag.py:538} INFO - Filling up the DagBag from /home/airflow/.local/lib/python3.8/site-packages/airflow/example_dags/example_sensor_decorator.py
[2025-11-28T07:12:10.990+0000] {processor.py:840} INFO - DAG(s) 'example_sensor_decorator' retrieved from /home/airflow/.local/lib/python3.8/site-packages/airflow/example_dags/example_sensor_decorator.py
[2025-11-28T07:12:11.008+0000] {logging_mixin.py:188} INFO - [2025-11-28T07:12:11.008+0000] {dag.py:3036} INFO - Sync 1 DAGs
[2025-11-28T07:12:11.018+0000] {logging_mixin.py:188} INFO - [2025-11-28T07:12:11.017+0000] {dag.py:3823} INFO - Setting next_dagrun for example_sensor_decorator to None, run_after=None
[2025-11-28T07:12:11.033+0000] {processor.py:183} INFO - Processing /home/airflow/.local/lib/python3.8/site-packages/airflow/example_dags/example_sensor_decorator.py took 0.055 seconds
[2025-11-28T07:12:41.505+0000] {processor.py:161} INFO - Started process (PID=2273) to work on /home/airflow/.local/lib/python3.8/site-packages/airflow/example_dags/example_sensor_decorator.py
[2025-11-28T07:12:41.507+0000] {processor.py:830} INFO - Processing file /home/airflow/.local/lib/python3.8/site-packages/airflow/example_dags/example_sensor_decorator.py for tasks to queue
[2025-11-28T07:12:41.508+0000] {logging_mixin.py:188} INFO - [2025-11-28T07:12:41.508+0000] {dagbag.py:538} INFO - Filling up the DagBag from /home/airflow/.local/lib/python3.8/site-packages/airflow/example_dags/example_sensor_decorator.py
[2025-11-28T07:12:41.517+0000] {processor.py:840} INFO - DAG(s) 'example_sensor_decorator' retrieved from /home/airflow/.local/lib/python3.8/site-packages/airflow/example_dags/example_sensor_decorator.py
[2025-11-28T07:12:41.536+0000] {logging_mixin.py:188} INFO - [2025-11-28T07:12:41.536+0000] {dag.py:3036} INFO - Sync 1 DAGs
[2025-11-28T07:12:41.546+0000] {logging_mixin.py:188} INFO - [2025-11-28T07:12:41.545+0000] {dag.py:3823} INFO - Setting next_dagrun for example_sensor_decorator to None, run_after=None
[2025-11-28T07:12:41.567+0000] {processor.py:183} INFO - Processing /home/airflow/.local/lib/python3.8/site-packages/airflow/example_dags/example_sensor_decorator.py took 0.067 seconds
[2025-11-28T07:13:11.680+0000] {processor.py:161} INFO - Started process (PID=2328) to work on /home/airflow/.local/lib/python3.8/site-packages/airflow/example_dags/example_sensor_decorator.py
[2025-11-28T07:13:11.682+0000] {processor.py:830} INFO - Processing file /home/airflow/.local/lib/python3.8/site-packages/airflow/example_dags/example_sensor_decorator.py for tasks to queue
[2025-11-28T07:13:11.684+0000] {logging_mixin.py:188} INFO - [2025-11-28T07:13:11.683+0000] {dagbag.py:538} INFO - Filling up the DagBag from /home/airflow/.local/lib/python3.8/site-packages/airflow/example_dags/example_sensor_decorator.py
[2025-11-28T07:13:11.688+0000] {processor.py:840} INFO - DAG(s) 'example_sensor_decorator' retrieved from /home/airflow/.local/lib/python3.8/site-packages/airflow/example_dags/example_sensor_decorator.py
[2025-11-28T07:13:11.711+0000] {logging_mixin.py:188} INFO - [2025-11-28T07:13:11.711+0000] {dag.py:3036} INFO - Sync 1 DAGs
[2025-11-28T07:13:11.723+0000] {logging_mixin.py:188} INFO - [2025-11-28T07:13:11.723+0000] {dag.py:3823} INFO - Setting next_dagrun for example_sensor_decorator to None, run_after=None
[2025-11-28T07:13:11.744+0000] {processor.py:183} INFO - Processing /home/airflow/.local/lib/python3.8/site-packages/airflow/example_dags/example_sensor_decorator.py took 0.067 seconds
[2025-11-28T07:13:42.225+0000] {processor.py:161} INFO - Started process (PID=2381) to work on /home/airflow/.local/lib/python3.8/site-packages/airflow/example_dags/example_sensor_decorator.py
[2025-11-28T07:13:42.227+0000] {processor.py:830} INFO - Processing file /home/airflow/.local/lib/python3.8/site-packages/airflow/example_dags/example_sensor_decorator.py for tasks to queue
[2025-11-28T07:13:42.230+0000] {logging_mixin.py:188} INFO - [2025-11-28T07:13:42.230+0000] {dagbag.py:538} INFO - Filling up the DagBag from /home/airflow/.local/lib/python3.8/site-packages/airflow/example_dags/example_sensor_decorator.py
[2025-11-28T07:13:42.239+0000] {processor.py:840} INFO - DAG(s) 'example_sensor_decorator' retrieved from /home/airflow/.local/lib/python3.8/site-packages/airflow/example_dags/example_sensor_decorator.py
[2025-11-28T07:13:42.266+0000] {logging_mixin.py:188} INFO - [2025-11-28T07:13:42.265+0000] {dag.py:3036} INFO - Sync 1 DAGs
[2025-11-28T07:13:42.275+0000] {logging_mixin.py:188} INFO - [2025-11-28T07:13:42.275+0000] {dag.py:3823} INFO - Setting next_dagrun for example_sensor_decorator to None, run_after=None
[2025-11-28T07:13:42.291+0000] {processor.py:183} INFO - Processing /home/airflow/.local/lib/python3.8/site-packages/airflow/example_dags/example_sensor_decorator.py took 0.070 seconds
[2025-11-28T07:14:12.724+0000] {processor.py:161} INFO - Started process (PID=2437) to work on /home/airflow/.local/lib/python3.8/site-packages/airflow/example_dags/example_sensor_decorator.py
[2025-11-28T07:14:12.728+0000] {processor.py:830} INFO - Processing file /home/airflow/.local/lib/python3.8/site-packages/airflow/example_dags/example_sensor_decorator.py for tasks to queue
[2025-11-28T07:14:12.731+0000] {logging_mixin.py:188} INFO - [2025-11-28T07:14:12.731+0000] {dagbag.py:538} INFO - Filling up the DagBag from /home/airflow/.local/lib/python3.8/site-packages/airflow/example_dags/example_sensor_decorator.py
[2025-11-28T07:14:12.739+0000] {processor.py:840} INFO - DAG(s) 'example_sensor_decorator' retrieved from /home/airflow/.local/lib/python3.8/site-packages/airflow/example_dags/example_sensor_decorator.py
[2025-11-28T07:14:12.758+0000] {logging_mixin.py:188} INFO - [2025-11-28T07:14:12.758+0000] {dag.py:3036} INFO - Sync 1 DAGs
[2025-11-28T07:14:12.768+0000] {logging_mixin.py:188} INFO - [2025-11-28T07:14:12.768+0000] {dag.py:3823} INFO - Setting next_dagrun for example_sensor_decorator to None, run_after=None
[2025-11-28T07:14:12.786+0000] {processor.py:183} INFO - Processing /home/airflow/.local/lib/python3.8/site-packages/airflow/example_dags/example_sensor_decorator.py took 0.065 seconds
[2025-11-28T07:14:43.228+0000] {processor.py:161} INFO - Started process (PID=2492) to work on /home/airflow/.local/lib/python3.8/site-packages/airflow/example_dags/example_sensor_decorator.py
[2025-11-28T07:14:43.230+0000] {processor.py:830} INFO - Processing file /home/airflow/.local/lib/python3.8/site-packages/airflow/example_dags/example_sensor_decorator.py for tasks to queue
[2025-11-28T07:14:43.232+0000] {logging_mixin.py:188} INFO - [2025-11-28T07:14:43.231+0000] {dagbag.py:538} INFO - Filling up the DagBag from /home/airflow/.local/lib/python3.8/site-packages/airflow/example_dags/example_sensor_decorator.py
[2025-11-28T07:14:43.242+0000] {processor.py:840} INFO - DAG(s) 'example_sensor_decorator' retrieved from /home/airflow/.local/lib/python3.8/site-packages/airflow/example_dags/example_sensor_decorator.py
[2025-11-28T07:14:43.266+0000] {logging_mixin.py:188} INFO - [2025-11-28T07:14:43.266+0000] {dag.py:3036} INFO - Sync 1 DAGs
[2025-11-28T07:14:43.277+0000] {logging_mixin.py:188} INFO - [2025-11-28T07:14:43.276+0000] {dag.py:3823} INFO - Setting next_dagrun for example_sensor_decorator to None, run_after=None
[2025-11-28T07:14:43.386+0000] {processor.py:183} INFO - Processing /home/airflow/.local/lib/python3.8/site-packages/airflow/example_dags/example_sensor_decorator.py took 0.160 seconds
[2025-11-28T07:15:14.249+0000] {processor.py:161} INFO - Started process (PID=2547) to work on /home/airflow/.local/lib/python3.8/site-packages/airflow/example_dags/example_sensor_decorator.py
[2025-11-28T07:15:14.251+0000] {processor.py:830} INFO - Processing file /home/airflow/.local/lib/python3.8/site-packages/airflow/example_dags/example_sensor_decorator.py for tasks to queue
[2025-11-28T07:15:14.252+0000] {logging_mixin.py:188} INFO - [2025-11-28T07:15:14.252+0000] {dagbag.py:538} INFO - Filling up the DagBag from /home/airflow/.local/lib/python3.8/site-packages/airflow/example_dags/example_sensor_decorator.py
[2025-11-28T07:15:14.257+0000] {processor.py:840} INFO - DAG(s) 'example_sensor_decorator' retrieved from /home/airflow/.local/lib/python3.8/site-packages/airflow/example_dags/example_sensor_decorator.py
[2025-11-28T07:15:14.272+0000] {logging_mixin.py:188} INFO - [2025-11-28T07:15:14.272+0000] {dag.py:3036} INFO - Sync 1 DAGs
[2025-11-28T07:15:14.286+0000] {logging_mixin.py:188} INFO - [2025-11-28T07:15:14.286+0000] {dag.py:3823} INFO - Setting next_dagrun for example_sensor_decorator to None, run_after=None
[2025-11-28T07:15:14.305+0000] {processor.py:183} INFO - Processing /home/airflow/.local/lib/python3.8/site-packages/airflow/example_dags/example_sensor_decorator.py took 0.058 seconds
[2025-11-28T07:15:44.365+0000] {processor.py:161} INFO - Started process (PID=2601) to work on /home/airflow/.local/lib/python3.8/site-packages/airflow/example_dags/example_sensor_decorator.py
[2025-11-28T07:15:44.366+0000] {processor.py:830} INFO - Processing file /home/airflow/.local/lib/python3.8/site-packages/airflow/example_dags/example_sensor_decorator.py for tasks to queue
[2025-11-28T07:15:44.369+0000] {logging_mixin.py:188} INFO - [2025-11-28T07:15:44.368+0000] {dagbag.py:538} INFO - Filling up the DagBag from /home/airflow/.local/lib/python3.8/site-packages/airflow/example_dags/example_sensor_decorator.py
[2025-11-28T07:15:44.375+0000] {processor.py:840} INFO - DAG(s) 'example_sensor_decorator' retrieved from /home/airflow/.local/lib/python3.8/site-packages/airflow/example_dags/example_sensor_decorator.py
[2025-11-28T07:15:44.394+0000] {logging_mixin.py:188} INFO - [2025-11-28T07:15:44.394+0000] {dag.py:3036} INFO - Sync 1 DAGs
[2025-11-28T07:15:44.405+0000] {logging_mixin.py:188} INFO - [2025-11-28T07:15:44.405+0000] {dag.py:3823} INFO - Setting next_dagrun for example_sensor_decorator to None, run_after=None
[2025-11-28T07:15:44.423+0000] {processor.py:183} INFO - Processing /home/airflow/.local/lib/python3.8/site-packages/airflow/example_dags/example_sensor_decorator.py took 0.063 seconds
[2025-11-28T07:16:15.666+0000] {processor.py:161} INFO - Started process (PID=2657) to work on /home/airflow/.local/lib/python3.8/site-packages/airflow/example_dags/example_sensor_decorator.py
[2025-11-28T07:16:15.668+0000] {processor.py:830} INFO - Processing file /home/airflow/.local/lib/python3.8/site-packages/airflow/example_dags/example_sensor_decorator.py for tasks to queue
[2025-11-28T07:16:15.672+0000] {logging_mixin.py:188} INFO - [2025-11-28T07:16:15.671+0000] {dagbag.py:538} INFO - Filling up the DagBag from /home/airflow/.local/lib/python3.8/site-packages/airflow/example_dags/example_sensor_decorator.py
[2025-11-28T07:16:15.683+0000] {processor.py:840} INFO - DAG(s) 'example_sensor_decorator' retrieved from /home/airflow/.local/lib/python3.8/site-packages/airflow/example_dags/example_sensor_decorator.py
[2025-11-28T07:16:15.721+0000] {logging_mixin.py:188} INFO - [2025-11-28T07:16:15.721+0000] {dag.py:3036} INFO - Sync 1 DAGs
[2025-11-28T07:16:15.732+0000] {logging_mixin.py:188} INFO - [2025-11-28T07:16:15.732+0000] {dag.py:3823} INFO - Setting next_dagrun for example_sensor_decorator to None, run_after=None
[2025-11-28T07:16:15.755+0000] {processor.py:183} INFO - Processing /home/airflow/.local/lib/python3.8/site-packages/airflow/example_dags/example_sensor_decorator.py took 0.095 seconds
[2025-11-28T07:16:46.513+0000] {processor.py:161} INFO - Started process (PID=2712) to work on /home/airflow/.local/lib/python3.8/site-packages/airflow/example_dags/example_sensor_decorator.py
[2025-11-28T07:16:46.515+0000] {processor.py:830} INFO - Processing file /home/airflow/.local/lib/python3.8/site-packages/airflow/example_dags/example_sensor_decorator.py for tasks to queue
[2025-11-28T07:16:46.519+0000] {logging_mixin.py:188} INFO - [2025-11-28T07:16:46.519+0000] {dagbag.py:538} INFO - Filling up the DagBag from /home/airflow/.local/lib/python3.8/site-packages/airflow/example_dags/example_sensor_decorator.py
[2025-11-28T07:16:46.530+0000] {processor.py:840} INFO - DAG(s) 'example_sensor_decorator' retrieved from /home/airflow/.local/lib/python3.8/site-packages/airflow/example_dags/example_sensor_decorator.py
[2025-11-28T07:16:46.552+0000] {logging_mixin.py:188} INFO - [2025-11-28T07:16:46.552+0000] {dag.py:3036} INFO - Sync 1 DAGs
[2025-11-28T07:16:46.561+0000] {logging_mixin.py:188} INFO - [2025-11-28T07:16:46.561+0000] {dag.py:3823} INFO - Setting next_dagrun for example_sensor_decorator to None, run_after=None
[2025-11-28T07:16:46.579+0000] {processor.py:183} INFO - Processing /home/airflow/.local/lib/python3.8/site-packages/airflow/example_dags/example_sensor_decorator.py took 0.074 seconds
[2025-11-28T07:17:17.369+0000] {processor.py:161} INFO - Started process (PID=2767) to work on /home/airflow/.local/lib/python3.8/site-packages/airflow/example_dags/example_sensor_decorator.py
[2025-11-28T07:17:17.370+0000] {processor.py:830} INFO - Processing file /home/airflow/.local/lib/python3.8/site-packages/airflow/example_dags/example_sensor_decorator.py for tasks to queue
[2025-11-28T07:17:17.372+0000] {logging_mixin.py:188} INFO - [2025-11-28T07:17:17.372+0000] {dagbag.py:538} INFO - Filling up the DagBag from /home/airflow/.local/lib/python3.8/site-packages/airflow/example_dags/example_sensor_decorator.py
[2025-11-28T07:17:17.379+0000] {processor.py:840} INFO - DAG(s) 'example_sensor_decorator' retrieved from /home/airflow/.local/lib/python3.8/site-packages/airflow/example_dags/example_sensor_decorator.py
[2025-11-28T07:17:17.399+0000] {logging_mixin.py:188} INFO - [2025-11-28T07:17:17.397+0000] {dag.py:3036} INFO - Sync 1 DAGs
[2025-11-28T07:17:17.412+0000] {logging_mixin.py:188} INFO - [2025-11-28T07:17:17.412+0000] {dag.py:3823} INFO - Setting next_dagrun for example_sensor_decorator to None, run_after=None
[2025-11-28T07:17:17.434+0000] {processor.py:183} INFO - Processing /home/airflow/.local/lib/python3.8/site-packages/airflow/example_dags/example_sensor_decorator.py took 0.070 seconds
[2025-11-28T07:17:47.869+0000] {processor.py:161} INFO - Started process (PID=2822) to work on /home/airflow/.local/lib/python3.8/site-packages/airflow/example_dags/example_sensor_decorator.py
[2025-11-28T07:17:47.872+0000] {processor.py:830} INFO - Processing file /home/airflow/.local/lib/python3.8/site-packages/airflow/example_dags/example_sensor_decorator.py for tasks to queue
[2025-11-28T07:17:47.876+0000] {logging_mixin.py:188} INFO - [2025-11-28T07:17:47.876+0000] {dagbag.py:538} INFO - Filling up the DagBag from /home/airflow/.local/lib/python3.8/site-packages/airflow/example_dags/example_sensor_decorator.py
[2025-11-28T07:17:47.885+0000] {processor.py:840} INFO - DAG(s) 'example_sensor_decorator' retrieved from /home/airflow/.local/lib/python3.8/site-packages/airflow/example_dags/example_sensor_decorator.py
[2025-11-28T07:17:47.909+0000] {logging_mixin.py:188} INFO - [2025-11-28T07:17:47.908+0000] {dag.py:3036} INFO - Sync 1 DAGs
[2025-11-28T07:17:47.922+0000] {logging_mixin.py:188} INFO - [2025-11-28T07:17:47.921+0000] {dag.py:3823} INFO - Setting next_dagrun for example_sensor_decorator to None, run_after=None
[2025-11-28T07:17:47.941+0000] {processor.py:183} INFO - Processing /home/airflow/.local/lib/python3.8/site-packages/airflow/example_dags/example_sensor_decorator.py took 0.081 seconds
[2025-11-28T07:18:18.283+0000] {processor.py:161} INFO - Started process (PID=2877) to work on /home/airflow/.local/lib/python3.8/site-packages/airflow/example_dags/example_sensor_decorator.py
[2025-11-28T07:18:18.285+0000] {processor.py:830} INFO - Processing file /home/airflow/.local/lib/python3.8/site-packages/airflow/example_dags/example_sensor_decorator.py for tasks to queue
[2025-11-28T07:18:18.289+0000] {logging_mixin.py:188} INFO - [2025-11-28T07:18:18.288+0000] {dagbag.py:538} INFO - Filling up the DagBag from /home/airflow/.local/lib/python3.8/site-packages/airflow/example_dags/example_sensor_decorator.py
[2025-11-28T07:18:18.298+0000] {processor.py:840} INFO - DAG(s) 'example_sensor_decorator' retrieved from /home/airflow/.local/lib/python3.8/site-packages/airflow/example_dags/example_sensor_decorator.py
[2025-11-28T07:18:18.334+0000] {logging_mixin.py:188} INFO - [2025-11-28T07:18:18.334+0000] {dag.py:3036} INFO - Sync 1 DAGs
[2025-11-28T07:18:18.347+0000] {logging_mixin.py:188} INFO - [2025-11-28T07:18:18.347+0000] {dag.py:3823} INFO - Setting next_dagrun for example_sensor_decorator to None, run_after=None
[2025-11-28T07:18:18.367+0000] {processor.py:183} INFO - Processing /home/airflow/.local/lib/python3.8/site-packages/airflow/example_dags/example_sensor_decorator.py took 0.090 seconds
[2025-11-28T07:18:49.272+0000] {processor.py:161} INFO - Started process (PID=2932) to work on /home/airflow/.local/lib/python3.8/site-packages/airflow/example_dags/example_sensor_decorator.py
[2025-11-28T07:18:49.273+0000] {processor.py:830} INFO - Processing file /home/airflow/.local/lib/python3.8/site-packages/airflow/example_dags/example_sensor_decorator.py for tasks to queue
[2025-11-28T07:18:49.275+0000] {logging_mixin.py:188} INFO - [2025-11-28T07:18:49.275+0000] {dagbag.py:538} INFO - Filling up the DagBag from /home/airflow/.local/lib/python3.8/site-packages/airflow/example_dags/example_sensor_decorator.py
[2025-11-28T07:18:49.282+0000] {processor.py:840} INFO - DAG(s) 'example_sensor_decorator' retrieved from /home/airflow/.local/lib/python3.8/site-packages/airflow/example_dags/example_sensor_decorator.py
[2025-11-28T07:18:49.303+0000] {logging_mixin.py:188} INFO - [2025-11-28T07:18:49.303+0000] {dag.py:3036} INFO - Sync 1 DAGs
[2025-11-28T07:18:49.320+0000] {logging_mixin.py:188} INFO - [2025-11-28T07:18:49.319+0000] {dag.py:3823} INFO - Setting next_dagrun for example_sensor_decorator to None, run_after=None
[2025-11-28T07:18:49.346+0000] {processor.py:183} INFO - Processing /home/airflow/.local/lib/python3.8/site-packages/airflow/example_dags/example_sensor_decorator.py took 0.078 seconds
[2025-11-28T07:19:19.932+0000] {processor.py:161} INFO - Started process (PID=2986) to work on /home/airflow/.local/lib/python3.8/site-packages/airflow/example_dags/example_sensor_decorator.py
[2025-11-28T07:19:19.934+0000] {processor.py:830} INFO - Processing file /home/airflow/.local/lib/python3.8/site-packages/airflow/example_dags/example_sensor_decorator.py for tasks to queue
[2025-11-28T07:19:19.937+0000] {logging_mixin.py:188} INFO - [2025-11-28T07:19:19.936+0000] {dagbag.py:538} INFO - Filling up the DagBag from /home/airflow/.local/lib/python3.8/site-packages/airflow/example_dags/example_sensor_decorator.py
[2025-11-28T07:19:19.944+0000] {processor.py:840} INFO - DAG(s) 'example_sensor_decorator' retrieved from /home/airflow/.local/lib/python3.8/site-packages/airflow/example_dags/example_sensor_decorator.py
[2025-11-28T07:19:19.979+0000] {logging_mixin.py:188} INFO - [2025-11-28T07:19:19.979+0000] {dag.py:3036} INFO - Sync 1 DAGs
[2025-11-28T07:19:20.005+0000] {logging_mixin.py:188} INFO - [2025-11-28T07:19:20.005+0000] {dag.py:3823} INFO - Setting next_dagrun for example_sensor_decorator to None, run_after=None
[2025-11-28T07:19:20.029+0000] {processor.py:183} INFO - Processing /home/airflow/.local/lib/python3.8/site-packages/airflow/example_dags/example_sensor_decorator.py took 0.101 seconds
