[2025-11-28T06:52:27.410+0000] {processor.py:161} INFO - Started process (PID=99) to work on /home/airflow/.local/lib/python3.8/site-packages/airflow/example_dags/example_complex.py
[2025-11-28T06:52:27.412+0000] {processor.py:830} INFO - Processing file /home/airflow/.local/lib/python3.8/site-packages/airflow/example_dags/example_complex.py for tasks to queue
[2025-11-28T06:52:27.415+0000] {logging_mixin.py:188} INFO - [2025-11-28T06:52:27.414+0000] {dagbag.py:538} INFO - Filling up the DagBag from /home/airflow/.local/lib/python3.8/site-packages/airflow/example_dags/example_complex.py
[2025-11-28T06:52:27.430+0000] {processor.py:840} INFO - DAG(s) 'example_complex' retrieved from /home/airflow/.local/lib/python3.8/site-packages/airflow/example_dags/example_complex.py
[2025-11-28T06:52:27.557+0000] {logging_mixin.py:188} INFO - [2025-11-28T06:52:27.556+0000] {override.py:1769} INFO - Created Permission View: can edit on DAG:example_complex
[2025-11-28T06:52:27.575+0000] {logging_mixin.py:188} INFO - [2025-11-28T06:52:27.574+0000] {override.py:1769} INFO - Created Permission View: can delete on DAG:example_complex
[2025-11-28T06:52:27.583+0000] {logging_mixin.py:188} INFO - [2025-11-28T06:52:27.583+0000] {override.py:1769} INFO - Created Permission View: can read on DAG:example_complex
[2025-11-28T06:52:27.584+0000] {logging_mixin.py:188} INFO - [2025-11-28T06:52:27.584+0000] {dag.py:3036} INFO - Sync 1 DAGs
[2025-11-28T06:52:27.596+0000] {logging_mixin.py:188} INFO - [2025-11-28T06:52:27.596+0000] {dag.py:3058} INFO - Creating ORM DAG for example_complex
[2025-11-28T06:52:27.597+0000] {logging_mixin.py:188} INFO - [2025-11-28T06:52:27.597+0000] {dag.py:3823} INFO - Setting next_dagrun for example_complex to None, run_after=None
[2025-11-28T06:52:27.618+0000] {processor.py:183} INFO - Processing /home/airflow/.local/lib/python3.8/site-packages/airflow/example_dags/example_complex.py took 0.212 seconds
[2025-11-28T06:52:57.864+0000] {processor.py:161} INFO - Started process (PID=154) to work on /home/airflow/.local/lib/python3.8/site-packages/airflow/example_dags/example_complex.py
[2025-11-28T06:52:57.866+0000] {processor.py:830} INFO - Processing file /home/airflow/.local/lib/python3.8/site-packages/airflow/example_dags/example_complex.py for tasks to queue
[2025-11-28T06:52:57.868+0000] {logging_mixin.py:188} INFO - [2025-11-28T06:52:57.868+0000] {dagbag.py:538} INFO - Filling up the DagBag from /home/airflow/.local/lib/python3.8/site-packages/airflow/example_dags/example_complex.py
[2025-11-28T06:52:57.876+0000] {processor.py:840} INFO - DAG(s) 'example_complex' retrieved from /home/airflow/.local/lib/python3.8/site-packages/airflow/example_dags/example_complex.py
[2025-11-28T06:52:57.901+0000] {logging_mixin.py:188} INFO - [2025-11-28T06:52:57.901+0000] {dag.py:3036} INFO - Sync 1 DAGs
[2025-11-28T06:52:57.910+0000] {logging_mixin.py:188} INFO - [2025-11-28T06:52:57.910+0000] {dag.py:3823} INFO - Setting next_dagrun for example_complex to None, run_after=None
[2025-11-28T06:52:57.929+0000] {processor.py:183} INFO - Processing /home/airflow/.local/lib/python3.8/site-packages/airflow/example_dags/example_complex.py took 0.068 seconds
[2025-11-28T06:53:28.132+0000] {processor.py:161} INFO - Started process (PID=209) to work on /home/airflow/.local/lib/python3.8/site-packages/airflow/example_dags/example_complex.py
[2025-11-28T06:53:28.133+0000] {processor.py:830} INFO - Processing file /home/airflow/.local/lib/python3.8/site-packages/airflow/example_dags/example_complex.py for tasks to queue
[2025-11-28T06:53:28.135+0000] {logging_mixin.py:188} INFO - [2025-11-28T06:53:28.135+0000] {dagbag.py:538} INFO - Filling up the DagBag from /home/airflow/.local/lib/python3.8/site-packages/airflow/example_dags/example_complex.py
[2025-11-28T06:53:28.144+0000] {processor.py:840} INFO - DAG(s) 'example_complex' retrieved from /home/airflow/.local/lib/python3.8/site-packages/airflow/example_dags/example_complex.py
[2025-11-28T06:53:28.186+0000] {logging_mixin.py:188} INFO - [2025-11-28T06:53:28.186+0000] {dag.py:3036} INFO - Sync 1 DAGs
[2025-11-28T06:53:28.198+0000] {logging_mixin.py:188} INFO - [2025-11-28T06:53:28.198+0000] {dag.py:3823} INFO - Setting next_dagrun for example_complex to None, run_after=None
[2025-11-28T06:53:28.215+0000] {processor.py:183} INFO - Processing /home/airflow/.local/lib/python3.8/site-packages/airflow/example_dags/example_complex.py took 0.086 seconds
[2025-11-28T06:53:58.625+0000] {processor.py:161} INFO - Started process (PID=264) to work on /home/airflow/.local/lib/python3.8/site-packages/airflow/example_dags/example_complex.py
[2025-11-28T06:53:58.626+0000] {processor.py:830} INFO - Processing file /home/airflow/.local/lib/python3.8/site-packages/airflow/example_dags/example_complex.py for tasks to queue
[2025-11-28T06:53:58.628+0000] {logging_mixin.py:188} INFO - [2025-11-28T06:53:58.628+0000] {dagbag.py:538} INFO - Filling up the DagBag from /home/airflow/.local/lib/python3.8/site-packages/airflow/example_dags/example_complex.py
[2025-11-28T06:53:58.637+0000] {processor.py:840} INFO - DAG(s) 'example_complex' retrieved from /home/airflow/.local/lib/python3.8/site-packages/airflow/example_dags/example_complex.py
[2025-11-28T06:53:58.665+0000] {logging_mixin.py:188} INFO - [2025-11-28T06:53:58.665+0000] {dag.py:3036} INFO - Sync 1 DAGs
[2025-11-28T06:53:58.679+0000] {logging_mixin.py:188} INFO - [2025-11-28T06:53:58.679+0000] {dag.py:3823} INFO - Setting next_dagrun for example_complex to None, run_after=None
[2025-11-28T06:53:58.699+0000] {processor.py:183} INFO - Processing /home/airflow/.local/lib/python3.8/site-packages/airflow/example_dags/example_complex.py took 0.077 seconds
[2025-11-28T06:54:29.684+0000] {processor.py:161} INFO - Started process (PID=319) to work on /home/airflow/.local/lib/python3.8/site-packages/airflow/example_dags/example_complex.py
[2025-11-28T06:54:29.685+0000] {processor.py:830} INFO - Processing file /home/airflow/.local/lib/python3.8/site-packages/airflow/example_dags/example_complex.py for tasks to queue
[2025-11-28T06:54:29.688+0000] {logging_mixin.py:188} INFO - [2025-11-28T06:54:29.687+0000] {dagbag.py:538} INFO - Filling up the DagBag from /home/airflow/.local/lib/python3.8/site-packages/airflow/example_dags/example_complex.py
[2025-11-28T06:54:29.696+0000] {processor.py:840} INFO - DAG(s) 'example_complex' retrieved from /home/airflow/.local/lib/python3.8/site-packages/airflow/example_dags/example_complex.py
[2025-11-28T06:54:29.721+0000] {logging_mixin.py:188} INFO - [2025-11-28T06:54:29.721+0000] {dag.py:3036} INFO - Sync 1 DAGs
[2025-11-28T06:54:29.733+0000] {logging_mixin.py:188} INFO - [2025-11-28T06:54:29.733+0000] {dag.py:3823} INFO - Setting next_dagrun for example_complex to None, run_after=None
[2025-11-28T06:54:29.751+0000] {processor.py:183} INFO - Processing /home/airflow/.local/lib/python3.8/site-packages/airflow/example_dags/example_complex.py took 0.070 seconds
[2025-11-28T06:55:00.437+0000] {processor.py:161} INFO - Started process (PID=374) to work on /home/airflow/.local/lib/python3.8/site-packages/airflow/example_dags/example_complex.py
[2025-11-28T06:55:00.440+0000] {processor.py:830} INFO - Processing file /home/airflow/.local/lib/python3.8/site-packages/airflow/example_dags/example_complex.py for tasks to queue
[2025-11-28T06:55:00.443+0000] {logging_mixin.py:188} INFO - [2025-11-28T06:55:00.443+0000] {dagbag.py:538} INFO - Filling up the DagBag from /home/airflow/.local/lib/python3.8/site-packages/airflow/example_dags/example_complex.py
[2025-11-28T06:55:00.459+0000] {processor.py:840} INFO - DAG(s) 'example_complex' retrieved from /home/airflow/.local/lib/python3.8/site-packages/airflow/example_dags/example_complex.py
[2025-11-28T06:55:00.483+0000] {logging_mixin.py:188} INFO - [2025-11-28T06:55:00.483+0000] {dag.py:3036} INFO - Sync 1 DAGs
[2025-11-28T06:55:00.501+0000] {logging_mixin.py:188} INFO - [2025-11-28T06:55:00.500+0000] {dag.py:3823} INFO - Setting next_dagrun for example_complex to None, run_after=None
[2025-11-28T06:55:00.524+0000] {processor.py:183} INFO - Processing /home/airflow/.local/lib/python3.8/site-packages/airflow/example_dags/example_complex.py took 0.094 seconds
[2025-11-28T06:55:31.012+0000] {processor.py:161} INFO - Started process (PID=429) to work on /home/airflow/.local/lib/python3.8/site-packages/airflow/example_dags/example_complex.py
[2025-11-28T06:55:31.013+0000] {processor.py:830} INFO - Processing file /home/airflow/.local/lib/python3.8/site-packages/airflow/example_dags/example_complex.py for tasks to queue
[2025-11-28T06:55:31.015+0000] {logging_mixin.py:188} INFO - [2025-11-28T06:55:31.015+0000] {dagbag.py:538} INFO - Filling up the DagBag from /home/airflow/.local/lib/python3.8/site-packages/airflow/example_dags/example_complex.py
[2025-11-28T06:55:31.022+0000] {processor.py:840} INFO - DAG(s) 'example_complex' retrieved from /home/airflow/.local/lib/python3.8/site-packages/airflow/example_dags/example_complex.py
[2025-11-28T06:55:31.109+0000] {logging_mixin.py:188} INFO - [2025-11-28T06:55:31.108+0000] {dag.py:3036} INFO - Sync 1 DAGs
[2025-11-28T06:55:31.118+0000] {logging_mixin.py:188} INFO - [2025-11-28T06:55:31.118+0000] {dag.py:3823} INFO - Setting next_dagrun for example_complex to None, run_after=None
[2025-11-28T06:55:31.139+0000] {processor.py:183} INFO - Processing /home/airflow/.local/lib/python3.8/site-packages/airflow/example_dags/example_complex.py took 0.129 seconds
[2025-11-28T06:56:01.933+0000] {processor.py:161} INFO - Started process (PID=484) to work on /home/airflow/.local/lib/python3.8/site-packages/airflow/example_dags/example_complex.py
[2025-11-28T06:56:01.936+0000] {processor.py:830} INFO - Processing file /home/airflow/.local/lib/python3.8/site-packages/airflow/example_dags/example_complex.py for tasks to queue
[2025-11-28T06:56:01.940+0000] {logging_mixin.py:188} INFO - [2025-11-28T06:56:01.940+0000] {dagbag.py:538} INFO - Filling up the DagBag from /home/airflow/.local/lib/python3.8/site-packages/airflow/example_dags/example_complex.py
[2025-11-28T06:56:01.955+0000] {processor.py:840} INFO - DAG(s) 'example_complex' retrieved from /home/airflow/.local/lib/python3.8/site-packages/airflow/example_dags/example_complex.py
[2025-11-28T06:56:01.986+0000] {logging_mixin.py:188} INFO - [2025-11-28T06:56:01.986+0000] {dag.py:3036} INFO - Sync 1 DAGs
[2025-11-28T06:56:01.994+0000] {logging_mixin.py:188} INFO - [2025-11-28T06:56:01.994+0000] {dag.py:3823} INFO - Setting next_dagrun for example_complex to None, run_after=None
[2025-11-28T06:56:02.008+0000] {processor.py:183} INFO - Processing /home/airflow/.local/lib/python3.8/site-packages/airflow/example_dags/example_complex.py took 0.080 seconds
[2025-11-28T06:56:32.204+0000] {processor.py:161} INFO - Started process (PID=539) to work on /home/airflow/.local/lib/python3.8/site-packages/airflow/example_dags/example_complex.py
[2025-11-28T06:56:32.205+0000] {processor.py:830} INFO - Processing file /home/airflow/.local/lib/python3.8/site-packages/airflow/example_dags/example_complex.py for tasks to queue
[2025-11-28T06:56:32.208+0000] {logging_mixin.py:188} INFO - [2025-11-28T06:56:32.207+0000] {dagbag.py:538} INFO - Filling up the DagBag from /home/airflow/.local/lib/python3.8/site-packages/airflow/example_dags/example_complex.py
[2025-11-28T06:56:32.224+0000] {processor.py:840} INFO - DAG(s) 'example_complex' retrieved from /home/airflow/.local/lib/python3.8/site-packages/airflow/example_dags/example_complex.py
[2025-11-28T06:56:32.258+0000] {logging_mixin.py:188} INFO - [2025-11-28T06:56:32.257+0000] {dag.py:3036} INFO - Sync 1 DAGs
[2025-11-28T06:56:32.266+0000] {logging_mixin.py:188} INFO - [2025-11-28T06:56:32.266+0000] {dag.py:3823} INFO - Setting next_dagrun for example_complex to None, run_after=None
[2025-11-28T06:56:32.284+0000] {processor.py:183} INFO - Processing /home/airflow/.local/lib/python3.8/site-packages/airflow/example_dags/example_complex.py took 0.085 seconds
[2025-11-28T06:57:02.520+0000] {processor.py:161} INFO - Started process (PID=594) to work on /home/airflow/.local/lib/python3.8/site-packages/airflow/example_dags/example_complex.py
[2025-11-28T06:57:02.522+0000] {processor.py:830} INFO - Processing file /home/airflow/.local/lib/python3.8/site-packages/airflow/example_dags/example_complex.py for tasks to queue
[2025-11-28T06:57:02.526+0000] {logging_mixin.py:188} INFO - [2025-11-28T06:57:02.525+0000] {dagbag.py:538} INFO - Filling up the DagBag from /home/airflow/.local/lib/python3.8/site-packages/airflow/example_dags/example_complex.py
[2025-11-28T06:57:02.536+0000] {processor.py:840} INFO - DAG(s) 'example_complex' retrieved from /home/airflow/.local/lib/python3.8/site-packages/airflow/example_dags/example_complex.py
[2025-11-28T06:57:02.563+0000] {logging_mixin.py:188} INFO - [2025-11-28T06:57:02.563+0000] {dag.py:3036} INFO - Sync 1 DAGs
[2025-11-28T06:57:02.572+0000] {logging_mixin.py:188} INFO - [2025-11-28T06:57:02.572+0000] {dag.py:3823} INFO - Setting next_dagrun for example_complex to None, run_after=None
[2025-11-28T06:57:02.590+0000] {processor.py:183} INFO - Processing /home/airflow/.local/lib/python3.8/site-packages/airflow/example_dags/example_complex.py took 0.075 seconds
[2025-11-28T06:57:33.224+0000] {processor.py:161} INFO - Started process (PID=649) to work on /home/airflow/.local/lib/python3.8/site-packages/airflow/example_dags/example_complex.py
[2025-11-28T06:57:33.225+0000] {processor.py:830} INFO - Processing file /home/airflow/.local/lib/python3.8/site-packages/airflow/example_dags/example_complex.py for tasks to queue
[2025-11-28T06:57:33.227+0000] {logging_mixin.py:188} INFO - [2025-11-28T06:57:33.227+0000] {dagbag.py:538} INFO - Filling up the DagBag from /home/airflow/.local/lib/python3.8/site-packages/airflow/example_dags/example_complex.py
[2025-11-28T06:57:33.235+0000] {processor.py:840} INFO - DAG(s) 'example_complex' retrieved from /home/airflow/.local/lib/python3.8/site-packages/airflow/example_dags/example_complex.py
[2025-11-28T06:57:33.259+0000] {logging_mixin.py:188} INFO - [2025-11-28T06:57:33.259+0000] {dag.py:3036} INFO - Sync 1 DAGs
[2025-11-28T06:57:33.268+0000] {logging_mixin.py:188} INFO - [2025-11-28T06:57:33.268+0000] {dag.py:3823} INFO - Setting next_dagrun for example_complex to None, run_after=None
[2025-11-28T06:57:33.283+0000] {processor.py:183} INFO - Processing /home/airflow/.local/lib/python3.8/site-packages/airflow/example_dags/example_complex.py took 0.062 seconds
[2025-11-28T06:58:04.101+0000] {processor.py:161} INFO - Started process (PID=704) to work on /home/airflow/.local/lib/python3.8/site-packages/airflow/example_dags/example_complex.py
[2025-11-28T06:58:04.102+0000] {processor.py:830} INFO - Processing file /home/airflow/.local/lib/python3.8/site-packages/airflow/example_dags/example_complex.py for tasks to queue
[2025-11-28T06:58:04.105+0000] {logging_mixin.py:188} INFO - [2025-11-28T06:58:04.105+0000] {dagbag.py:538} INFO - Filling up the DagBag from /home/airflow/.local/lib/python3.8/site-packages/airflow/example_dags/example_complex.py
[2025-11-28T06:58:04.116+0000] {processor.py:840} INFO - DAG(s) 'example_complex' retrieved from /home/airflow/.local/lib/python3.8/site-packages/airflow/example_dags/example_complex.py
[2025-11-28T06:58:04.146+0000] {logging_mixin.py:188} INFO - [2025-11-28T06:58:04.146+0000] {dag.py:3036} INFO - Sync 1 DAGs
[2025-11-28T06:58:04.156+0000] {logging_mixin.py:188} INFO - [2025-11-28T06:58:04.155+0000] {dag.py:3823} INFO - Setting next_dagrun for example_complex to None, run_after=None
[2025-11-28T06:58:04.171+0000] {processor.py:183} INFO - Processing /home/airflow/.local/lib/python3.8/site-packages/airflow/example_dags/example_complex.py took 0.074 seconds
[2025-11-28T06:58:34.504+0000] {processor.py:161} INFO - Started process (PID=759) to work on /home/airflow/.local/lib/python3.8/site-packages/airflow/example_dags/example_complex.py
[2025-11-28T06:58:34.506+0000] {processor.py:830} INFO - Processing file /home/airflow/.local/lib/python3.8/site-packages/airflow/example_dags/example_complex.py for tasks to queue
[2025-11-28T06:58:34.510+0000] {logging_mixin.py:188} INFO - [2025-11-28T06:58:34.509+0000] {dagbag.py:538} INFO - Filling up the DagBag from /home/airflow/.local/lib/python3.8/site-packages/airflow/example_dags/example_complex.py
[2025-11-28T06:58:34.531+0000] {processor.py:840} INFO - DAG(s) 'example_complex' retrieved from /home/airflow/.local/lib/python3.8/site-packages/airflow/example_dags/example_complex.py
[2025-11-28T06:58:34.558+0000] {logging_mixin.py:188} INFO - [2025-11-28T06:58:34.558+0000] {dag.py:3036} INFO - Sync 1 DAGs
[2025-11-28T06:58:34.574+0000] {logging_mixin.py:188} INFO - [2025-11-28T06:58:34.574+0000] {dag.py:3823} INFO - Setting next_dagrun for example_complex to None, run_after=None
[2025-11-28T06:58:34.598+0000] {processor.py:183} INFO - Processing /home/airflow/.local/lib/python3.8/site-packages/airflow/example_dags/example_complex.py took 0.099 seconds
[2025-11-28T06:59:05.145+0000] {processor.py:161} INFO - Started process (PID=814) to work on /home/airflow/.local/lib/python3.8/site-packages/airflow/example_dags/example_complex.py
[2025-11-28T06:59:05.149+0000] {processor.py:830} INFO - Processing file /home/airflow/.local/lib/python3.8/site-packages/airflow/example_dags/example_complex.py for tasks to queue
[2025-11-28T06:59:05.154+0000] {logging_mixin.py:188} INFO - [2025-11-28T06:59:05.153+0000] {dagbag.py:538} INFO - Filling up the DagBag from /home/airflow/.local/lib/python3.8/site-packages/airflow/example_dags/example_complex.py
[2025-11-28T06:59:05.174+0000] {processor.py:840} INFO - DAG(s) 'example_complex' retrieved from /home/airflow/.local/lib/python3.8/site-packages/airflow/example_dags/example_complex.py
[2025-11-28T06:59:05.212+0000] {logging_mixin.py:188} INFO - [2025-11-28T06:59:05.212+0000] {dag.py:3036} INFO - Sync 1 DAGs
[2025-11-28T06:59:05.228+0000] {logging_mixin.py:188} INFO - [2025-11-28T06:59:05.228+0000] {dag.py:3823} INFO - Setting next_dagrun for example_complex to None, run_after=None
[2025-11-28T06:59:05.262+0000] {processor.py:183} INFO - Processing /home/airflow/.local/lib/python3.8/site-packages/airflow/example_dags/example_complex.py took 0.122 seconds
[2025-11-28T06:59:35.528+0000] {processor.py:161} INFO - Started process (PID=869) to work on /home/airflow/.local/lib/python3.8/site-packages/airflow/example_dags/example_complex.py
[2025-11-28T06:59:35.529+0000] {processor.py:830} INFO - Processing file /home/airflow/.local/lib/python3.8/site-packages/airflow/example_dags/example_complex.py for tasks to queue
[2025-11-28T06:59:35.531+0000] {logging_mixin.py:188} INFO - [2025-11-28T06:59:35.531+0000] {dagbag.py:538} INFO - Filling up the DagBag from /home/airflow/.local/lib/python3.8/site-packages/airflow/example_dags/example_complex.py
[2025-11-28T06:59:35.539+0000] {processor.py:840} INFO - DAG(s) 'example_complex' retrieved from /home/airflow/.local/lib/python3.8/site-packages/airflow/example_dags/example_complex.py
[2025-11-28T06:59:35.571+0000] {logging_mixin.py:188} INFO - [2025-11-28T06:59:35.571+0000] {dag.py:3036} INFO - Sync 1 DAGs
[2025-11-28T06:59:35.581+0000] {logging_mixin.py:188} INFO - [2025-11-28T06:59:35.581+0000] {dag.py:3823} INFO - Setting next_dagrun for example_complex to None, run_after=None
[2025-11-28T06:59:35.599+0000] {processor.py:183} INFO - Processing /home/airflow/.local/lib/python3.8/site-packages/airflow/example_dags/example_complex.py took 0.073 seconds
[2025-11-28T07:00:06.468+0000] {processor.py:161} INFO - Started process (PID=924) to work on /home/airflow/.local/lib/python3.8/site-packages/airflow/example_dags/example_complex.py
[2025-11-28T07:00:06.469+0000] {processor.py:830} INFO - Processing file /home/airflow/.local/lib/python3.8/site-packages/airflow/example_dags/example_complex.py for tasks to queue
[2025-11-28T07:00:06.475+0000] {logging_mixin.py:188} INFO - [2025-11-28T07:00:06.475+0000] {dagbag.py:538} INFO - Filling up the DagBag from /home/airflow/.local/lib/python3.8/site-packages/airflow/example_dags/example_complex.py
[2025-11-28T07:00:06.487+0000] {processor.py:840} INFO - DAG(s) 'example_complex' retrieved from /home/airflow/.local/lib/python3.8/site-packages/airflow/example_dags/example_complex.py
[2025-11-28T07:00:06.525+0000] {logging_mixin.py:188} INFO - [2025-11-28T07:00:06.525+0000] {dag.py:3036} INFO - Sync 1 DAGs
[2025-11-28T07:00:06.545+0000] {logging_mixin.py:188} INFO - [2025-11-28T07:00:06.545+0000] {dag.py:3823} INFO - Setting next_dagrun for example_complex to None, run_after=None
[2025-11-28T07:00:06.585+0000] {processor.py:183} INFO - Processing /home/airflow/.local/lib/python3.8/site-packages/airflow/example_dags/example_complex.py took 0.123 seconds
[2025-11-28T07:00:37.577+0000] {processor.py:161} INFO - Started process (PID=979) to work on /home/airflow/.local/lib/python3.8/site-packages/airflow/example_dags/example_complex.py
[2025-11-28T07:00:37.579+0000] {processor.py:830} INFO - Processing file /home/airflow/.local/lib/python3.8/site-packages/airflow/example_dags/example_complex.py for tasks to queue
[2025-11-28T07:00:37.581+0000] {logging_mixin.py:188} INFO - [2025-11-28T07:00:37.581+0000] {dagbag.py:538} INFO - Filling up the DagBag from /home/airflow/.local/lib/python3.8/site-packages/airflow/example_dags/example_complex.py
[2025-11-28T07:00:37.588+0000] {processor.py:840} INFO - DAG(s) 'example_complex' retrieved from /home/airflow/.local/lib/python3.8/site-packages/airflow/example_dags/example_complex.py
[2025-11-28T07:00:37.628+0000] {logging_mixin.py:188} INFO - [2025-11-28T07:00:37.628+0000] {dag.py:3036} INFO - Sync 1 DAGs
[2025-11-28T07:00:37.648+0000] {logging_mixin.py:188} INFO - [2025-11-28T07:00:37.648+0000] {dag.py:3823} INFO - Setting next_dagrun for example_complex to None, run_after=None
[2025-11-28T07:00:37.670+0000] {processor.py:183} INFO - Processing /home/airflow/.local/lib/python3.8/site-packages/airflow/example_dags/example_complex.py took 0.097 seconds
[2025-11-28T07:01:08.161+0000] {processor.py:161} INFO - Started process (PID=1034) to work on /home/airflow/.local/lib/python3.8/site-packages/airflow/example_dags/example_complex.py
[2025-11-28T07:01:08.162+0000] {processor.py:830} INFO - Processing file /home/airflow/.local/lib/python3.8/site-packages/airflow/example_dags/example_complex.py for tasks to queue
[2025-11-28T07:01:08.164+0000] {logging_mixin.py:188} INFO - [2025-11-28T07:01:08.164+0000] {dagbag.py:538} INFO - Filling up the DagBag from /home/airflow/.local/lib/python3.8/site-packages/airflow/example_dags/example_complex.py
[2025-11-28T07:01:08.174+0000] {processor.py:840} INFO - DAG(s) 'example_complex' retrieved from /home/airflow/.local/lib/python3.8/site-packages/airflow/example_dags/example_complex.py
[2025-11-28T07:01:08.223+0000] {logging_mixin.py:188} INFO - [2025-11-28T07:01:08.223+0000] {dag.py:3036} INFO - Sync 1 DAGs
[2025-11-28T07:01:08.241+0000] {logging_mixin.py:188} INFO - [2025-11-28T07:01:08.241+0000] {dag.py:3823} INFO - Setting next_dagrun for example_complex to None, run_after=None
[2025-11-28T07:01:08.263+0000] {processor.py:183} INFO - Processing /home/airflow/.local/lib/python3.8/site-packages/airflow/example_dags/example_complex.py took 0.106 seconds
[2025-11-28T07:01:38.461+0000] {processor.py:161} INFO - Started process (PID=1088) to work on /home/airflow/.local/lib/python3.8/site-packages/airflow/example_dags/example_complex.py
[2025-11-28T07:01:38.469+0000] {processor.py:830} INFO - Processing file /home/airflow/.local/lib/python3.8/site-packages/airflow/example_dags/example_complex.py for tasks to queue
[2025-11-28T07:01:38.473+0000] {logging_mixin.py:188} INFO - [2025-11-28T07:01:38.473+0000] {dagbag.py:538} INFO - Filling up the DagBag from /home/airflow/.local/lib/python3.8/site-packages/airflow/example_dags/example_complex.py
[2025-11-28T07:01:38.485+0000] {processor.py:840} INFO - DAG(s) 'example_complex' retrieved from /home/airflow/.local/lib/python3.8/site-packages/airflow/example_dags/example_complex.py
[2025-11-28T07:01:38.515+0000] {logging_mixin.py:188} INFO - [2025-11-28T07:01:38.514+0000] {dag.py:3036} INFO - Sync 1 DAGs
[2025-11-28T07:01:38.535+0000] {logging_mixin.py:188} INFO - [2025-11-28T07:01:38.534+0000] {dag.py:3823} INFO - Setting next_dagrun for example_complex to None, run_after=None
[2025-11-28T07:01:38.565+0000] {processor.py:183} INFO - Processing /home/airflow/.local/lib/python3.8/site-packages/airflow/example_dags/example_complex.py took 0.107 seconds
[2025-11-28T07:02:09.271+0000] {processor.py:161} INFO - Started process (PID=1143) to work on /home/airflow/.local/lib/python3.8/site-packages/airflow/example_dags/example_complex.py
[2025-11-28T07:02:09.271+0000] {processor.py:830} INFO - Processing file /home/airflow/.local/lib/python3.8/site-packages/airflow/example_dags/example_complex.py for tasks to queue
[2025-11-28T07:02:09.273+0000] {logging_mixin.py:188} INFO - [2025-11-28T07:02:09.273+0000] {dagbag.py:538} INFO - Filling up the DagBag from /home/airflow/.local/lib/python3.8/site-packages/airflow/example_dags/example_complex.py
[2025-11-28T07:02:09.280+0000] {processor.py:840} INFO - DAG(s) 'example_complex' retrieved from /home/airflow/.local/lib/python3.8/site-packages/airflow/example_dags/example_complex.py
[2025-11-28T07:02:09.310+0000] {logging_mixin.py:188} INFO - [2025-11-28T07:02:09.309+0000] {dag.py:3036} INFO - Sync 1 DAGs
[2025-11-28T07:02:09.320+0000] {logging_mixin.py:188} INFO - [2025-11-28T07:02:09.319+0000] {dag.py:3823} INFO - Setting next_dagrun for example_complex to None, run_after=None
[2025-11-28T07:02:09.334+0000] {processor.py:183} INFO - Processing /home/airflow/.local/lib/python3.8/site-packages/airflow/example_dags/example_complex.py took 0.066 seconds
[2025-11-28T07:02:39.477+0000] {processor.py:161} INFO - Started process (PID=1197) to work on /home/airflow/.local/lib/python3.8/site-packages/airflow/example_dags/example_complex.py
[2025-11-28T07:02:39.478+0000] {processor.py:830} INFO - Processing file /home/airflow/.local/lib/python3.8/site-packages/airflow/example_dags/example_complex.py for tasks to queue
[2025-11-28T07:02:39.482+0000] {logging_mixin.py:188} INFO - [2025-11-28T07:02:39.482+0000] {dagbag.py:538} INFO - Filling up the DagBag from /home/airflow/.local/lib/python3.8/site-packages/airflow/example_dags/example_complex.py
[2025-11-28T07:02:39.493+0000] {processor.py:840} INFO - DAG(s) 'example_complex' retrieved from /home/airflow/.local/lib/python3.8/site-packages/airflow/example_dags/example_complex.py
[2025-11-28T07:02:39.519+0000] {logging_mixin.py:188} INFO - [2025-11-28T07:02:39.519+0000] {dag.py:3036} INFO - Sync 1 DAGs
[2025-11-28T07:02:39.532+0000] {logging_mixin.py:188} INFO - [2025-11-28T07:02:39.532+0000] {dag.py:3823} INFO - Setting next_dagrun for example_complex to None, run_after=None
[2025-11-28T07:02:39.551+0000] {processor.py:183} INFO - Processing /home/airflow/.local/lib/python3.8/site-packages/airflow/example_dags/example_complex.py took 0.080 seconds
[2025-11-28T07:03:10.209+0000] {processor.py:161} INFO - Started process (PID=1253) to work on /home/airflow/.local/lib/python3.8/site-packages/airflow/example_dags/example_complex.py
[2025-11-28T07:03:10.211+0000] {processor.py:830} INFO - Processing file /home/airflow/.local/lib/python3.8/site-packages/airflow/example_dags/example_complex.py for tasks to queue
[2025-11-28T07:03:10.217+0000] {logging_mixin.py:188} INFO - [2025-11-28T07:03:10.216+0000] {dagbag.py:538} INFO - Filling up the DagBag from /home/airflow/.local/lib/python3.8/site-packages/airflow/example_dags/example_complex.py
[2025-11-28T07:03:10.242+0000] {processor.py:840} INFO - DAG(s) 'example_complex' retrieved from /home/airflow/.local/lib/python3.8/site-packages/airflow/example_dags/example_complex.py
[2025-11-28T07:03:10.323+0000] {logging_mixin.py:188} INFO - [2025-11-28T07:03:10.323+0000] {dag.py:3036} INFO - Sync 1 DAGs
[2025-11-28T07:03:10.364+0000] {logging_mixin.py:188} INFO - [2025-11-28T07:03:10.364+0000] {dag.py:3823} INFO - Setting next_dagrun for example_complex to None, run_after=None
[2025-11-28T07:03:10.421+0000] {processor.py:183} INFO - Processing /home/airflow/.local/lib/python3.8/site-packages/airflow/example_dags/example_complex.py took 0.220 seconds
[2025-11-28T07:03:40.687+0000] {processor.py:161} INFO - Started process (PID=1308) to work on /home/airflow/.local/lib/python3.8/site-packages/airflow/example_dags/example_complex.py
[2025-11-28T07:03:40.691+0000] {processor.py:830} INFO - Processing file /home/airflow/.local/lib/python3.8/site-packages/airflow/example_dags/example_complex.py for tasks to queue
[2025-11-28T07:03:40.696+0000] {logging_mixin.py:188} INFO - [2025-11-28T07:03:40.696+0000] {dagbag.py:538} INFO - Filling up the DagBag from /home/airflow/.local/lib/python3.8/site-packages/airflow/example_dags/example_complex.py
[2025-11-28T07:03:40.708+0000] {processor.py:840} INFO - DAG(s) 'example_complex' retrieved from /home/airflow/.local/lib/python3.8/site-packages/airflow/example_dags/example_complex.py
[2025-11-28T07:03:40.753+0000] {logging_mixin.py:188} INFO - [2025-11-28T07:03:40.753+0000] {dag.py:3036} INFO - Sync 1 DAGs
[2025-11-28T07:03:40.789+0000] {logging_mixin.py:188} INFO - [2025-11-28T07:03:40.789+0000] {dag.py:3823} INFO - Setting next_dagrun for example_complex to None, run_after=None
[2025-11-28T07:03:40.846+0000] {processor.py:183} INFO - Processing /home/airflow/.local/lib/python3.8/site-packages/airflow/example_dags/example_complex.py took 0.165 seconds
[2025-11-28T07:04:11.455+0000] {processor.py:161} INFO - Started process (PID=1363) to work on /home/airflow/.local/lib/python3.8/site-packages/airflow/example_dags/example_complex.py
[2025-11-28T07:04:11.457+0000] {processor.py:830} INFO - Processing file /home/airflow/.local/lib/python3.8/site-packages/airflow/example_dags/example_complex.py for tasks to queue
[2025-11-28T07:04:11.470+0000] {logging_mixin.py:188} INFO - [2025-11-28T07:04:11.466+0000] {dagbag.py:538} INFO - Filling up the DagBag from /home/airflow/.local/lib/python3.8/site-packages/airflow/example_dags/example_complex.py
[2025-11-28T07:04:11.485+0000] {processor.py:840} INFO - DAG(s) 'example_complex' retrieved from /home/airflow/.local/lib/python3.8/site-packages/airflow/example_dags/example_complex.py
[2025-11-28T07:04:11.518+0000] {logging_mixin.py:188} INFO - [2025-11-28T07:04:11.518+0000] {dag.py:3036} INFO - Sync 1 DAGs
[2025-11-28T07:04:11.532+0000] {logging_mixin.py:188} INFO - [2025-11-28T07:04:11.532+0000] {dag.py:3823} INFO - Setting next_dagrun for example_complex to None, run_after=None
[2025-11-28T07:04:11.560+0000] {processor.py:183} INFO - Processing /home/airflow/.local/lib/python3.8/site-packages/airflow/example_dags/example_complex.py took 0.108 seconds
[2025-11-28T07:04:42.438+0000] {processor.py:161} INFO - Started process (PID=1418) to work on /home/airflow/.local/lib/python3.8/site-packages/airflow/example_dags/example_complex.py
[2025-11-28T07:04:42.440+0000] {processor.py:830} INFO - Processing file /home/airflow/.local/lib/python3.8/site-packages/airflow/example_dags/example_complex.py for tasks to queue
[2025-11-28T07:04:42.441+0000] {logging_mixin.py:188} INFO - [2025-11-28T07:04:42.441+0000] {dagbag.py:538} INFO - Filling up the DagBag from /home/airflow/.local/lib/python3.8/site-packages/airflow/example_dags/example_complex.py
[2025-11-28T07:04:42.450+0000] {processor.py:840} INFO - DAG(s) 'example_complex' retrieved from /home/airflow/.local/lib/python3.8/site-packages/airflow/example_dags/example_complex.py
[2025-11-28T07:04:42.471+0000] {logging_mixin.py:188} INFO - [2025-11-28T07:04:42.471+0000] {dag.py:3036} INFO - Sync 1 DAGs
[2025-11-28T07:04:42.480+0000] {logging_mixin.py:188} INFO - [2025-11-28T07:04:42.480+0000] {dag.py:3823} INFO - Setting next_dagrun for example_complex to None, run_after=None
[2025-11-28T07:04:42.493+0000] {processor.py:183} INFO - Processing /home/airflow/.local/lib/python3.8/site-packages/airflow/example_dags/example_complex.py took 0.057 seconds
[2025-11-28T07:05:12.765+0000] {processor.py:161} INFO - Started process (PID=1474) to work on /home/airflow/.local/lib/python3.8/site-packages/airflow/example_dags/example_complex.py
[2025-11-28T07:05:12.767+0000] {processor.py:830} INFO - Processing file /home/airflow/.local/lib/python3.8/site-packages/airflow/example_dags/example_complex.py for tasks to queue
[2025-11-28T07:05:12.770+0000] {logging_mixin.py:188} INFO - [2025-11-28T07:05:12.770+0000] {dagbag.py:538} INFO - Filling up the DagBag from /home/airflow/.local/lib/python3.8/site-packages/airflow/example_dags/example_complex.py
[2025-11-28T07:05:12.781+0000] {processor.py:840} INFO - DAG(s) 'example_complex' retrieved from /home/airflow/.local/lib/python3.8/site-packages/airflow/example_dags/example_complex.py
[2025-11-28T07:05:12.809+0000] {logging_mixin.py:188} INFO - [2025-11-28T07:05:12.809+0000] {dag.py:3036} INFO - Sync 1 DAGs
[2025-11-28T07:05:12.821+0000] {logging_mixin.py:188} INFO - [2025-11-28T07:05:12.821+0000] {dag.py:3823} INFO - Setting next_dagrun for example_complex to None, run_after=None
[2025-11-28T07:05:12.841+0000] {processor.py:183} INFO - Processing /home/airflow/.local/lib/python3.8/site-packages/airflow/example_dags/example_complex.py took 0.080 seconds
[2025-11-28T07:05:43.472+0000] {processor.py:161} INFO - Started process (PID=1529) to work on /home/airflow/.local/lib/python3.8/site-packages/airflow/example_dags/example_complex.py
[2025-11-28T07:05:43.475+0000] {processor.py:830} INFO - Processing file /home/airflow/.local/lib/python3.8/site-packages/airflow/example_dags/example_complex.py for tasks to queue
[2025-11-28T07:05:43.479+0000] {logging_mixin.py:188} INFO - [2025-11-28T07:05:43.479+0000] {dagbag.py:538} INFO - Filling up the DagBag from /home/airflow/.local/lib/python3.8/site-packages/airflow/example_dags/example_complex.py
[2025-11-28T07:05:43.497+0000] {processor.py:840} INFO - DAG(s) 'example_complex' retrieved from /home/airflow/.local/lib/python3.8/site-packages/airflow/example_dags/example_complex.py
[2025-11-28T07:05:43.572+0000] {logging_mixin.py:188} INFO - [2025-11-28T07:05:43.572+0000] {dag.py:3036} INFO - Sync 1 DAGs
[2025-11-28T07:05:43.599+0000] {logging_mixin.py:188} INFO - [2025-11-28T07:05:43.598+0000] {dag.py:3823} INFO - Setting next_dagrun for example_complex to None, run_after=None
[2025-11-28T07:05:43.629+0000] {processor.py:183} INFO - Processing /home/airflow/.local/lib/python3.8/site-packages/airflow/example_dags/example_complex.py took 0.164 seconds
[2025-11-28T07:06:14.199+0000] {processor.py:161} INFO - Started process (PID=1584) to work on /home/airflow/.local/lib/python3.8/site-packages/airflow/example_dags/example_complex.py
[2025-11-28T07:06:14.200+0000] {processor.py:830} INFO - Processing file /home/airflow/.local/lib/python3.8/site-packages/airflow/example_dags/example_complex.py for tasks to queue
[2025-11-28T07:06:14.202+0000] {logging_mixin.py:188} INFO - [2025-11-28T07:06:14.202+0000] {dagbag.py:538} INFO - Filling up the DagBag from /home/airflow/.local/lib/python3.8/site-packages/airflow/example_dags/example_complex.py
[2025-11-28T07:06:14.211+0000] {processor.py:840} INFO - DAG(s) 'example_complex' retrieved from /home/airflow/.local/lib/python3.8/site-packages/airflow/example_dags/example_complex.py
[2025-11-28T07:06:14.237+0000] {logging_mixin.py:188} INFO - [2025-11-28T07:06:14.237+0000] {dag.py:3036} INFO - Sync 1 DAGs
[2025-11-28T07:06:14.246+0000] {logging_mixin.py:188} INFO - [2025-11-28T07:06:14.246+0000] {dag.py:3823} INFO - Setting next_dagrun for example_complex to None, run_after=None
[2025-11-28T07:06:14.264+0000] {processor.py:183} INFO - Processing /home/airflow/.local/lib/python3.8/site-packages/airflow/example_dags/example_complex.py took 0.068 seconds
[2025-11-28T07:06:44.662+0000] {processor.py:161} INFO - Started process (PID=1639) to work on /home/airflow/.local/lib/python3.8/site-packages/airflow/example_dags/example_complex.py
[2025-11-28T07:06:44.663+0000] {processor.py:830} INFO - Processing file /home/airflow/.local/lib/python3.8/site-packages/airflow/example_dags/example_complex.py for tasks to queue
[2025-11-28T07:06:44.665+0000] {logging_mixin.py:188} INFO - [2025-11-28T07:06:44.665+0000] {dagbag.py:538} INFO - Filling up the DagBag from /home/airflow/.local/lib/python3.8/site-packages/airflow/example_dags/example_complex.py
[2025-11-28T07:06:44.672+0000] {processor.py:840} INFO - DAG(s) 'example_complex' retrieved from /home/airflow/.local/lib/python3.8/site-packages/airflow/example_dags/example_complex.py
[2025-11-28T07:06:44.699+0000] {logging_mixin.py:188} INFO - [2025-11-28T07:06:44.699+0000] {dag.py:3036} INFO - Sync 1 DAGs
[2025-11-28T07:06:44.708+0000] {logging_mixin.py:188} INFO - [2025-11-28T07:06:44.708+0000] {dag.py:3823} INFO - Setting next_dagrun for example_complex to None, run_after=None
[2025-11-28T07:06:44.727+0000] {processor.py:183} INFO - Processing /home/airflow/.local/lib/python3.8/site-packages/airflow/example_dags/example_complex.py took 0.068 seconds
[2025-11-28T07:07:15.134+0000] {processor.py:161} INFO - Started process (PID=1694) to work on /home/airflow/.local/lib/python3.8/site-packages/airflow/example_dags/example_complex.py
[2025-11-28T07:07:15.136+0000] {processor.py:830} INFO - Processing file /home/airflow/.local/lib/python3.8/site-packages/airflow/example_dags/example_complex.py for tasks to queue
[2025-11-28T07:07:15.139+0000] {logging_mixin.py:188} INFO - [2025-11-28T07:07:15.138+0000] {dagbag.py:538} INFO - Filling up the DagBag from /home/airflow/.local/lib/python3.8/site-packages/airflow/example_dags/example_complex.py
[2025-11-28T07:07:15.151+0000] {processor.py:840} INFO - DAG(s) 'example_complex' retrieved from /home/airflow/.local/lib/python3.8/site-packages/airflow/example_dags/example_complex.py
[2025-11-28T07:07:15.180+0000] {logging_mixin.py:188} INFO - [2025-11-28T07:07:15.180+0000] {dag.py:3036} INFO - Sync 1 DAGs
[2025-11-28T07:07:15.190+0000] {logging_mixin.py:188} INFO - [2025-11-28T07:07:15.190+0000] {dag.py:3823} INFO - Setting next_dagrun for example_complex to None, run_after=None
[2025-11-28T07:07:15.207+0000] {processor.py:183} INFO - Processing /home/airflow/.local/lib/python3.8/site-packages/airflow/example_dags/example_complex.py took 0.083 seconds
[2025-11-28T07:07:45.628+0000] {processor.py:161} INFO - Started process (PID=1749) to work on /home/airflow/.local/lib/python3.8/site-packages/airflow/example_dags/example_complex.py
[2025-11-28T07:07:45.631+0000] {processor.py:830} INFO - Processing file /home/airflow/.local/lib/python3.8/site-packages/airflow/example_dags/example_complex.py for tasks to queue
[2025-11-28T07:07:45.635+0000] {logging_mixin.py:188} INFO - [2025-11-28T07:07:45.634+0000] {dagbag.py:538} INFO - Filling up the DagBag from /home/airflow/.local/lib/python3.8/site-packages/airflow/example_dags/example_complex.py
[2025-11-28T07:07:45.656+0000] {processor.py:840} INFO - DAG(s) 'example_complex' retrieved from /home/airflow/.local/lib/python3.8/site-packages/airflow/example_dags/example_complex.py
[2025-11-28T07:07:45.696+0000] {logging_mixin.py:188} INFO - [2025-11-28T07:07:45.695+0000] {dag.py:3036} INFO - Sync 1 DAGs
[2025-11-28T07:07:45.705+0000] {logging_mixin.py:188} INFO - [2025-11-28T07:07:45.705+0000] {dag.py:3823} INFO - Setting next_dagrun for example_complex to None, run_after=None
[2025-11-28T07:07:45.724+0000] {processor.py:183} INFO - Processing /home/airflow/.local/lib/python3.8/site-packages/airflow/example_dags/example_complex.py took 0.102 seconds
[2025-11-28T07:08:16.136+0000] {processor.py:161} INFO - Started process (PID=1804) to work on /home/airflow/.local/lib/python3.8/site-packages/airflow/example_dags/example_complex.py
[2025-11-28T07:08:16.137+0000] {processor.py:830} INFO - Processing file /home/airflow/.local/lib/python3.8/site-packages/airflow/example_dags/example_complex.py for tasks to queue
[2025-11-28T07:08:16.140+0000] {logging_mixin.py:188} INFO - [2025-11-28T07:08:16.140+0000] {dagbag.py:538} INFO - Filling up the DagBag from /home/airflow/.local/lib/python3.8/site-packages/airflow/example_dags/example_complex.py
[2025-11-28T07:08:16.153+0000] {processor.py:840} INFO - DAG(s) 'example_complex' retrieved from /home/airflow/.local/lib/python3.8/site-packages/airflow/example_dags/example_complex.py
[2025-11-28T07:08:16.187+0000] {logging_mixin.py:188} INFO - [2025-11-28T07:08:16.186+0000] {dag.py:3036} INFO - Sync 1 DAGs
[2025-11-28T07:08:16.205+0000] {logging_mixin.py:188} INFO - [2025-11-28T07:08:16.204+0000] {dag.py:3823} INFO - Setting next_dagrun for example_complex to None, run_after=None
[2025-11-28T07:08:16.228+0000] {processor.py:183} INFO - Processing /home/airflow/.local/lib/python3.8/site-packages/airflow/example_dags/example_complex.py took 0.098 seconds
[2025-11-28T07:08:47.134+0000] {processor.py:161} INFO - Started process (PID=1859) to work on /home/airflow/.local/lib/python3.8/site-packages/airflow/example_dags/example_complex.py
[2025-11-28T07:08:47.135+0000] {processor.py:830} INFO - Processing file /home/airflow/.local/lib/python3.8/site-packages/airflow/example_dags/example_complex.py for tasks to queue
[2025-11-28T07:08:47.137+0000] {logging_mixin.py:188} INFO - [2025-11-28T07:08:47.137+0000] {dagbag.py:538} INFO - Filling up the DagBag from /home/airflow/.local/lib/python3.8/site-packages/airflow/example_dags/example_complex.py
[2025-11-28T07:08:47.150+0000] {processor.py:840} INFO - DAG(s) 'example_complex' retrieved from /home/airflow/.local/lib/python3.8/site-packages/airflow/example_dags/example_complex.py
[2025-11-28T07:08:47.191+0000] {logging_mixin.py:188} INFO - [2025-11-28T07:08:47.190+0000] {dag.py:3036} INFO - Sync 1 DAGs
[2025-11-28T07:08:47.204+0000] {logging_mixin.py:188} INFO - [2025-11-28T07:08:47.204+0000] {dag.py:3823} INFO - Setting next_dagrun for example_complex to None, run_after=None
[2025-11-28T07:08:47.227+0000] {processor.py:183} INFO - Processing /home/airflow/.local/lib/python3.8/site-packages/airflow/example_dags/example_complex.py took 0.097 seconds
[2025-11-28T07:09:18.131+0000] {processor.py:161} INFO - Started process (PID=1914) to work on /home/airflow/.local/lib/python3.8/site-packages/airflow/example_dags/example_complex.py
[2025-11-28T07:09:18.133+0000] {processor.py:830} INFO - Processing file /home/airflow/.local/lib/python3.8/site-packages/airflow/example_dags/example_complex.py for tasks to queue
[2025-11-28T07:09:18.137+0000] {logging_mixin.py:188} INFO - [2025-11-28T07:09:18.136+0000] {dagbag.py:538} INFO - Filling up the DagBag from /home/airflow/.local/lib/python3.8/site-packages/airflow/example_dags/example_complex.py
[2025-11-28T07:09:18.155+0000] {processor.py:840} INFO - DAG(s) 'example_complex' retrieved from /home/airflow/.local/lib/python3.8/site-packages/airflow/example_dags/example_complex.py
[2025-11-28T07:09:18.199+0000] {logging_mixin.py:188} INFO - [2025-11-28T07:09:18.199+0000] {dag.py:3036} INFO - Sync 1 DAGs
[2025-11-28T07:09:18.214+0000] {logging_mixin.py:188} INFO - [2025-11-28T07:09:18.214+0000] {dag.py:3823} INFO - Setting next_dagrun for example_complex to None, run_after=None
[2025-11-28T07:09:18.235+0000] {processor.py:183} INFO - Processing /home/airflow/.local/lib/python3.8/site-packages/airflow/example_dags/example_complex.py took 0.108 seconds
[2025-11-28T07:09:48.835+0000] {processor.py:161} INFO - Started process (PID=1969) to work on /home/airflow/.local/lib/python3.8/site-packages/airflow/example_dags/example_complex.py
[2025-11-28T07:09:48.836+0000] {processor.py:830} INFO - Processing file /home/airflow/.local/lib/python3.8/site-packages/airflow/example_dags/example_complex.py for tasks to queue
[2025-11-28T07:09:48.838+0000] {logging_mixin.py:188} INFO - [2025-11-28T07:09:48.838+0000] {dagbag.py:538} INFO - Filling up the DagBag from /home/airflow/.local/lib/python3.8/site-packages/airflow/example_dags/example_complex.py
[2025-11-28T07:09:48.848+0000] {processor.py:840} INFO - DAG(s) 'example_complex' retrieved from /home/airflow/.local/lib/python3.8/site-packages/airflow/example_dags/example_complex.py
[2025-11-28T07:09:48.901+0000] {logging_mixin.py:188} INFO - [2025-11-28T07:09:48.901+0000] {dag.py:3036} INFO - Sync 1 DAGs
[2025-11-28T07:09:48.913+0000] {logging_mixin.py:188} INFO - [2025-11-28T07:09:48.913+0000] {dag.py:3823} INFO - Setting next_dagrun for example_complex to None, run_after=None
[2025-11-28T07:09:48.935+0000] {processor.py:183} INFO - Processing /home/airflow/.local/lib/python3.8/site-packages/airflow/example_dags/example_complex.py took 0.105 seconds
[2025-11-28T07:10:19.037+0000] {processor.py:161} INFO - Started process (PID=2024) to work on /home/airflow/.local/lib/python3.8/site-packages/airflow/example_dags/example_complex.py
[2025-11-28T07:10:19.040+0000] {processor.py:830} INFO - Processing file /home/airflow/.local/lib/python3.8/site-packages/airflow/example_dags/example_complex.py for tasks to queue
[2025-11-28T07:10:19.043+0000] {logging_mixin.py:188} INFO - [2025-11-28T07:10:19.042+0000] {dagbag.py:538} INFO - Filling up the DagBag from /home/airflow/.local/lib/python3.8/site-packages/airflow/example_dags/example_complex.py
[2025-11-28T07:10:19.052+0000] {processor.py:840} INFO - DAG(s) 'example_complex' retrieved from /home/airflow/.local/lib/python3.8/site-packages/airflow/example_dags/example_complex.py
[2025-11-28T07:10:19.081+0000] {logging_mixin.py:188} INFO - [2025-11-28T07:10:19.081+0000] {dag.py:3036} INFO - Sync 1 DAGs
[2025-11-28T07:10:19.093+0000] {logging_mixin.py:188} INFO - [2025-11-28T07:10:19.093+0000] {dag.py:3823} INFO - Setting next_dagrun for example_complex to None, run_after=None
[2025-11-28T07:10:19.113+0000] {processor.py:183} INFO - Processing /home/airflow/.local/lib/python3.8/site-packages/airflow/example_dags/example_complex.py took 0.078 seconds
[2025-11-28T07:10:49.522+0000] {processor.py:161} INFO - Started process (PID=2079) to work on /home/airflow/.local/lib/python3.8/site-packages/airflow/example_dags/example_complex.py
[2025-11-28T07:10:49.525+0000] {processor.py:830} INFO - Processing file /home/airflow/.local/lib/python3.8/site-packages/airflow/example_dags/example_complex.py for tasks to queue
[2025-11-28T07:10:49.527+0000] {logging_mixin.py:188} INFO - [2025-11-28T07:10:49.526+0000] {dagbag.py:538} INFO - Filling up the DagBag from /home/airflow/.local/lib/python3.8/site-packages/airflow/example_dags/example_complex.py
[2025-11-28T07:10:49.535+0000] {processor.py:840} INFO - DAG(s) 'example_complex' retrieved from /home/airflow/.local/lib/python3.8/site-packages/airflow/example_dags/example_complex.py
[2025-11-28T07:10:49.559+0000] {logging_mixin.py:188} INFO - [2025-11-28T07:10:49.558+0000] {dag.py:3036} INFO - Sync 1 DAGs
[2025-11-28T07:10:49.573+0000] {logging_mixin.py:188} INFO - [2025-11-28T07:10:49.572+0000] {dag.py:3823} INFO - Setting next_dagrun for example_complex to None, run_after=None
[2025-11-28T07:10:49.593+0000] {processor.py:183} INFO - Processing /home/airflow/.local/lib/python3.8/site-packages/airflow/example_dags/example_complex.py took 0.073 seconds
[2025-11-28T07:11:20.355+0000] {processor.py:161} INFO - Started process (PID=2134) to work on /home/airflow/.local/lib/python3.8/site-packages/airflow/example_dags/example_complex.py
[2025-11-28T07:11:20.357+0000] {processor.py:830} INFO - Processing file /home/airflow/.local/lib/python3.8/site-packages/airflow/example_dags/example_complex.py for tasks to queue
[2025-11-28T07:11:20.360+0000] {logging_mixin.py:188} INFO - [2025-11-28T07:11:20.360+0000] {dagbag.py:538} INFO - Filling up the DagBag from /home/airflow/.local/lib/python3.8/site-packages/airflow/example_dags/example_complex.py
[2025-11-28T07:11:20.369+0000] {processor.py:840} INFO - DAG(s) 'example_complex' retrieved from /home/airflow/.local/lib/python3.8/site-packages/airflow/example_dags/example_complex.py
[2025-11-28T07:11:20.407+0000] {logging_mixin.py:188} INFO - [2025-11-28T07:11:20.406+0000] {dag.py:3036} INFO - Sync 1 DAGs
[2025-11-28T07:11:20.421+0000] {logging_mixin.py:188} INFO - [2025-11-28T07:11:20.421+0000] {dag.py:3823} INFO - Setting next_dagrun for example_complex to None, run_after=None
[2025-11-28T07:11:20.443+0000] {processor.py:183} INFO - Processing /home/airflow/.local/lib/python3.8/site-packages/airflow/example_dags/example_complex.py took 0.092 seconds
[2025-11-28T07:11:50.536+0000] {processor.py:161} INFO - Started process (PID=2189) to work on /home/airflow/.local/lib/python3.8/site-packages/airflow/example_dags/example_complex.py
[2025-11-28T07:11:50.538+0000] {processor.py:830} INFO - Processing file /home/airflow/.local/lib/python3.8/site-packages/airflow/example_dags/example_complex.py for tasks to queue
[2025-11-28T07:11:50.541+0000] {logging_mixin.py:188} INFO - [2025-11-28T07:11:50.541+0000] {dagbag.py:538} INFO - Filling up the DagBag from /home/airflow/.local/lib/python3.8/site-packages/airflow/example_dags/example_complex.py
[2025-11-28T07:11:50.555+0000] {processor.py:840} INFO - DAG(s) 'example_complex' retrieved from /home/airflow/.local/lib/python3.8/site-packages/airflow/example_dags/example_complex.py
[2025-11-28T07:11:50.579+0000] {logging_mixin.py:188} INFO - [2025-11-28T07:11:50.579+0000] {dag.py:3036} INFO - Sync 1 DAGs
[2025-11-28T07:11:50.591+0000] {logging_mixin.py:188} INFO - [2025-11-28T07:11:50.590+0000] {dag.py:3823} INFO - Setting next_dagrun for example_complex to None, run_after=None
[2025-11-28T07:11:50.610+0000] {processor.py:183} INFO - Processing /home/airflow/.local/lib/python3.8/site-packages/airflow/example_dags/example_complex.py took 0.083 seconds
[2025-11-28T07:12:21.050+0000] {processor.py:161} INFO - Started process (PID=2243) to work on /home/airflow/.local/lib/python3.8/site-packages/airflow/example_dags/example_complex.py
[2025-11-28T07:12:21.051+0000] {processor.py:830} INFO - Processing file /home/airflow/.local/lib/python3.8/site-packages/airflow/example_dags/example_complex.py for tasks to queue
[2025-11-28T07:12:21.054+0000] {logging_mixin.py:188} INFO - [2025-11-28T07:12:21.053+0000] {dagbag.py:538} INFO - Filling up the DagBag from /home/airflow/.local/lib/python3.8/site-packages/airflow/example_dags/example_complex.py
[2025-11-28T07:12:21.063+0000] {processor.py:840} INFO - DAG(s) 'example_complex' retrieved from /home/airflow/.local/lib/python3.8/site-packages/airflow/example_dags/example_complex.py
[2025-11-28T07:12:21.087+0000] {logging_mixin.py:188} INFO - [2025-11-28T07:12:21.087+0000] {dag.py:3036} INFO - Sync 1 DAGs
[2025-11-28T07:12:21.097+0000] {logging_mixin.py:188} INFO - [2025-11-28T07:12:21.097+0000] {dag.py:3823} INFO - Setting next_dagrun for example_complex to None, run_after=None
[2025-11-28T07:12:21.114+0000] {processor.py:183} INFO - Processing /home/airflow/.local/lib/python3.8/site-packages/airflow/example_dags/example_complex.py took 0.068 seconds
[2025-11-28T07:12:51.628+0000] {processor.py:161} INFO - Started process (PID=2298) to work on /home/airflow/.local/lib/python3.8/site-packages/airflow/example_dags/example_complex.py
[2025-11-28T07:12:51.630+0000] {processor.py:830} INFO - Processing file /home/airflow/.local/lib/python3.8/site-packages/airflow/example_dags/example_complex.py for tasks to queue
[2025-11-28T07:12:51.631+0000] {logging_mixin.py:188} INFO - [2025-11-28T07:12:51.631+0000] {dagbag.py:538} INFO - Filling up the DagBag from /home/airflow/.local/lib/python3.8/site-packages/airflow/example_dags/example_complex.py
[2025-11-28T07:12:51.639+0000] {processor.py:840} INFO - DAG(s) 'example_complex' retrieved from /home/airflow/.local/lib/python3.8/site-packages/airflow/example_dags/example_complex.py
[2025-11-28T07:12:51.665+0000] {logging_mixin.py:188} INFO - [2025-11-28T07:12:51.665+0000] {dag.py:3036} INFO - Sync 1 DAGs
[2025-11-28T07:12:51.679+0000] {logging_mixin.py:188} INFO - [2025-11-28T07:12:51.679+0000] {dag.py:3823} INFO - Setting next_dagrun for example_complex to None, run_after=None
[2025-11-28T07:12:51.693+0000] {processor.py:183} INFO - Processing /home/airflow/.local/lib/python3.8/site-packages/airflow/example_dags/example_complex.py took 0.067 seconds
[2025-11-28T07:13:22.540+0000] {processor.py:161} INFO - Started process (PID=2354) to work on /home/airflow/.local/lib/python3.8/site-packages/airflow/example_dags/example_complex.py
[2025-11-28T07:13:22.541+0000] {processor.py:830} INFO - Processing file /home/airflow/.local/lib/python3.8/site-packages/airflow/example_dags/example_complex.py for tasks to queue
[2025-11-28T07:13:22.543+0000] {logging_mixin.py:188} INFO - [2025-11-28T07:13:22.543+0000] {dagbag.py:538} INFO - Filling up the DagBag from /home/airflow/.local/lib/python3.8/site-packages/airflow/example_dags/example_complex.py
[2025-11-28T07:13:22.552+0000] {processor.py:840} INFO - DAG(s) 'example_complex' retrieved from /home/airflow/.local/lib/python3.8/site-packages/airflow/example_dags/example_complex.py
[2025-11-28T07:13:22.581+0000] {logging_mixin.py:188} INFO - [2025-11-28T07:13:22.580+0000] {dag.py:3036} INFO - Sync 1 DAGs
[2025-11-28T07:13:22.592+0000] {logging_mixin.py:188} INFO - [2025-11-28T07:13:22.592+0000] {dag.py:3823} INFO - Setting next_dagrun for example_complex to None, run_after=None
[2025-11-28T07:13:22.618+0000] {processor.py:183} INFO - Processing /home/airflow/.local/lib/python3.8/site-packages/airflow/example_dags/example_complex.py took 0.080 seconds
[2025-11-28T07:13:53.290+0000] {processor.py:161} INFO - Started process (PID=2409) to work on /home/airflow/.local/lib/python3.8/site-packages/airflow/example_dags/example_complex.py
[2025-11-28T07:13:53.292+0000] {processor.py:830} INFO - Processing file /home/airflow/.local/lib/python3.8/site-packages/airflow/example_dags/example_complex.py for tasks to queue
[2025-11-28T07:13:53.293+0000] {logging_mixin.py:188} INFO - [2025-11-28T07:13:53.293+0000] {dagbag.py:538} INFO - Filling up the DagBag from /home/airflow/.local/lib/python3.8/site-packages/airflow/example_dags/example_complex.py
[2025-11-28T07:13:53.301+0000] {processor.py:840} INFO - DAG(s) 'example_complex' retrieved from /home/airflow/.local/lib/python3.8/site-packages/airflow/example_dags/example_complex.py
[2025-11-28T07:13:53.328+0000] {logging_mixin.py:188} INFO - [2025-11-28T07:13:53.328+0000] {dag.py:3036} INFO - Sync 1 DAGs
[2025-11-28T07:13:53.339+0000] {logging_mixin.py:188} INFO - [2025-11-28T07:13:53.339+0000] {dag.py:3823} INFO - Setting next_dagrun for example_complex to None, run_after=None
[2025-11-28T07:13:53.359+0000] {processor.py:183} INFO - Processing /home/airflow/.local/lib/python3.8/site-packages/airflow/example_dags/example_complex.py took 0.072 seconds
[2025-11-28T07:14:23.648+0000] {processor.py:161} INFO - Started process (PID=2465) to work on /home/airflow/.local/lib/python3.8/site-packages/airflow/example_dags/example_complex.py
[2025-11-28T07:14:23.649+0000] {processor.py:830} INFO - Processing file /home/airflow/.local/lib/python3.8/site-packages/airflow/example_dags/example_complex.py for tasks to queue
[2025-11-28T07:14:23.651+0000] {logging_mixin.py:188} INFO - [2025-11-28T07:14:23.651+0000] {dagbag.py:538} INFO - Filling up the DagBag from /home/airflow/.local/lib/python3.8/site-packages/airflow/example_dags/example_complex.py
[2025-11-28T07:14:23.660+0000] {processor.py:840} INFO - DAG(s) 'example_complex' retrieved from /home/airflow/.local/lib/python3.8/site-packages/airflow/example_dags/example_complex.py
[2025-11-28T07:14:23.689+0000] {logging_mixin.py:188} INFO - [2025-11-28T07:14:23.688+0000] {dag.py:3036} INFO - Sync 1 DAGs
[2025-11-28T07:14:23.701+0000] {logging_mixin.py:188} INFO - [2025-11-28T07:14:23.701+0000] {dag.py:3823} INFO - Setting next_dagrun for example_complex to None, run_after=None
[2025-11-28T07:14:23.721+0000] {processor.py:183} INFO - Processing /home/airflow/.local/lib/python3.8/site-packages/airflow/example_dags/example_complex.py took 0.076 seconds
[2025-11-28T07:14:53.801+0000] {processor.py:161} INFO - Started process (PID=2520) to work on /home/airflow/.local/lib/python3.8/site-packages/airflow/example_dags/example_complex.py
[2025-11-28T07:14:53.803+0000] {processor.py:830} INFO - Processing file /home/airflow/.local/lib/python3.8/site-packages/airflow/example_dags/example_complex.py for tasks to queue
[2025-11-28T07:14:53.805+0000] {logging_mixin.py:188} INFO - [2025-11-28T07:14:53.804+0000] {dagbag.py:538} INFO - Filling up the DagBag from /home/airflow/.local/lib/python3.8/site-packages/airflow/example_dags/example_complex.py
[2025-11-28T07:14:53.815+0000] {processor.py:840} INFO - DAG(s) 'example_complex' retrieved from /home/airflow/.local/lib/python3.8/site-packages/airflow/example_dags/example_complex.py
[2025-11-28T07:14:53.842+0000] {logging_mixin.py:188} INFO - [2025-11-28T07:14:53.841+0000] {dag.py:3036} INFO - Sync 1 DAGs
[2025-11-28T07:14:53.851+0000] {logging_mixin.py:188} INFO - [2025-11-28T07:14:53.851+0000] {dag.py:3823} INFO - Setting next_dagrun for example_complex to None, run_after=None
[2025-11-28T07:14:53.867+0000] {processor.py:183} INFO - Processing /home/airflow/.local/lib/python3.8/site-packages/airflow/example_dags/example_complex.py took 0.069 seconds
[2025-11-28T07:15:24.840+0000] {processor.py:161} INFO - Started process (PID=2575) to work on /home/airflow/.local/lib/python3.8/site-packages/airflow/example_dags/example_complex.py
[2025-11-28T07:15:24.841+0000] {processor.py:830} INFO - Processing file /home/airflow/.local/lib/python3.8/site-packages/airflow/example_dags/example_complex.py for tasks to queue
[2025-11-28T07:15:24.843+0000] {logging_mixin.py:188} INFO - [2025-11-28T07:15:24.843+0000] {dagbag.py:538} INFO - Filling up the DagBag from /home/airflow/.local/lib/python3.8/site-packages/airflow/example_dags/example_complex.py
[2025-11-28T07:15:24.851+0000] {processor.py:840} INFO - DAG(s) 'example_complex' retrieved from /home/airflow/.local/lib/python3.8/site-packages/airflow/example_dags/example_complex.py
[2025-11-28T07:15:24.876+0000] {logging_mixin.py:188} INFO - [2025-11-28T07:15:24.876+0000] {dag.py:3036} INFO - Sync 1 DAGs
[2025-11-28T07:15:24.890+0000] {logging_mixin.py:188} INFO - [2025-11-28T07:15:24.889+0000] {dag.py:3823} INFO - Setting next_dagrun for example_complex to None, run_after=None
[2025-11-28T07:15:24.910+0000] {processor.py:183} INFO - Processing /home/airflow/.local/lib/python3.8/site-packages/airflow/example_dags/example_complex.py took 0.073 seconds
[2025-11-28T07:15:55.590+0000] {processor.py:161} INFO - Started process (PID=2630) to work on /home/airflow/.local/lib/python3.8/site-packages/airflow/example_dags/example_complex.py
[2025-11-28T07:15:55.591+0000] {processor.py:830} INFO - Processing file /home/airflow/.local/lib/python3.8/site-packages/airflow/example_dags/example_complex.py for tasks to queue
[2025-11-28T07:15:55.593+0000] {logging_mixin.py:188} INFO - [2025-11-28T07:15:55.593+0000] {dagbag.py:538} INFO - Filling up the DagBag from /home/airflow/.local/lib/python3.8/site-packages/airflow/example_dags/example_complex.py
[2025-11-28T07:15:55.603+0000] {processor.py:840} INFO - DAG(s) 'example_complex' retrieved from /home/airflow/.local/lib/python3.8/site-packages/airflow/example_dags/example_complex.py
[2025-11-28T07:15:55.736+0000] {logging_mixin.py:188} INFO - [2025-11-28T07:15:55.736+0000] {dag.py:3036} INFO - Sync 1 DAGs
[2025-11-28T07:15:55.745+0000] {logging_mixin.py:188} INFO - [2025-11-28T07:15:55.744+0000] {dag.py:3823} INFO - Setting next_dagrun for example_complex to None, run_after=None
[2025-11-28T07:15:55.763+0000] {processor.py:183} INFO - Processing /home/airflow/.local/lib/python3.8/site-packages/airflow/example_dags/example_complex.py took 0.176 seconds
[2025-11-28T07:16:26.123+0000] {processor.py:161} INFO - Started process (PID=2685) to work on /home/airflow/.local/lib/python3.8/site-packages/airflow/example_dags/example_complex.py
[2025-11-28T07:16:26.126+0000] {processor.py:830} INFO - Processing file /home/airflow/.local/lib/python3.8/site-packages/airflow/example_dags/example_complex.py for tasks to queue
[2025-11-28T07:16:26.128+0000] {logging_mixin.py:188} INFO - [2025-11-28T07:16:26.127+0000] {dagbag.py:538} INFO - Filling up the DagBag from /home/airflow/.local/lib/python3.8/site-packages/airflow/example_dags/example_complex.py
[2025-11-28T07:16:26.136+0000] {processor.py:840} INFO - DAG(s) 'example_complex' retrieved from /home/airflow/.local/lib/python3.8/site-packages/airflow/example_dags/example_complex.py
[2025-11-28T07:16:26.303+0000] {logging_mixin.py:188} INFO - [2025-11-28T07:16:26.303+0000] {dag.py:3036} INFO - Sync 1 DAGs
[2025-11-28T07:16:26.310+0000] {logging_mixin.py:188} INFO - [2025-11-28T07:16:26.310+0000] {dag.py:3823} INFO - Setting next_dagrun for example_complex to None, run_after=None
[2025-11-28T07:16:26.328+0000] {processor.py:183} INFO - Processing /home/airflow/.local/lib/python3.8/site-packages/airflow/example_dags/example_complex.py took 0.208 seconds
[2025-11-28T07:16:56.473+0000] {processor.py:161} INFO - Started process (PID=2740) to work on /home/airflow/.local/lib/python3.8/site-packages/airflow/example_dags/example_complex.py
[2025-11-28T07:16:56.474+0000] {processor.py:830} INFO - Processing file /home/airflow/.local/lib/python3.8/site-packages/airflow/example_dags/example_complex.py for tasks to queue
[2025-11-28T07:16:56.477+0000] {logging_mixin.py:188} INFO - [2025-11-28T07:16:56.477+0000] {dagbag.py:538} INFO - Filling up the DagBag from /home/airflow/.local/lib/python3.8/site-packages/airflow/example_dags/example_complex.py
[2025-11-28T07:16:56.489+0000] {processor.py:840} INFO - DAG(s) 'example_complex' retrieved from /home/airflow/.local/lib/python3.8/site-packages/airflow/example_dags/example_complex.py
[2025-11-28T07:16:56.521+0000] {logging_mixin.py:188} INFO - [2025-11-28T07:16:56.521+0000] {dag.py:3036} INFO - Sync 1 DAGs
[2025-11-28T07:16:56.534+0000] {logging_mixin.py:188} INFO - [2025-11-28T07:16:56.534+0000] {dag.py:3823} INFO - Setting next_dagrun for example_complex to None, run_after=None
[2025-11-28T07:16:56.554+0000] {processor.py:183} INFO - Processing /home/airflow/.local/lib/python3.8/site-packages/airflow/example_dags/example_complex.py took 0.085 seconds
[2025-11-28T07:17:26.679+0000] {processor.py:161} INFO - Started process (PID=2795) to work on /home/airflow/.local/lib/python3.8/site-packages/airflow/example_dags/example_complex.py
[2025-11-28T07:17:26.687+0000] {processor.py:830} INFO - Processing file /home/airflow/.local/lib/python3.8/site-packages/airflow/example_dags/example_complex.py for tasks to queue
[2025-11-28T07:17:26.690+0000] {logging_mixin.py:188} INFO - [2025-11-28T07:17:26.689+0000] {dagbag.py:538} INFO - Filling up the DagBag from /home/airflow/.local/lib/python3.8/site-packages/airflow/example_dags/example_complex.py
[2025-11-28T07:17:26.698+0000] {processor.py:840} INFO - DAG(s) 'example_complex' retrieved from /home/airflow/.local/lib/python3.8/site-packages/airflow/example_dags/example_complex.py
[2025-11-28T07:17:26.726+0000] {logging_mixin.py:188} INFO - [2025-11-28T07:17:26.726+0000] {dag.py:3036} INFO - Sync 1 DAGs
[2025-11-28T07:17:26.740+0000] {logging_mixin.py:188} INFO - [2025-11-28T07:17:26.740+0000] {dag.py:3823} INFO - Setting next_dagrun for example_complex to None, run_after=None
[2025-11-28T07:17:26.759+0000] {processor.py:183} INFO - Processing /home/airflow/.local/lib/python3.8/site-packages/airflow/example_dags/example_complex.py took 0.083 seconds
[2025-11-28T07:17:57.303+0000] {processor.py:161} INFO - Started process (PID=2850) to work on /home/airflow/.local/lib/python3.8/site-packages/airflow/example_dags/example_complex.py
[2025-11-28T07:17:57.305+0000] {processor.py:830} INFO - Processing file /home/airflow/.local/lib/python3.8/site-packages/airflow/example_dags/example_complex.py for tasks to queue
[2025-11-28T07:17:57.308+0000] {logging_mixin.py:188} INFO - [2025-11-28T07:17:57.307+0000] {dagbag.py:538} INFO - Filling up the DagBag from /home/airflow/.local/lib/python3.8/site-packages/airflow/example_dags/example_complex.py
[2025-11-28T07:17:57.319+0000] {processor.py:840} INFO - DAG(s) 'example_complex' retrieved from /home/airflow/.local/lib/python3.8/site-packages/airflow/example_dags/example_complex.py
[2025-11-28T07:17:57.347+0000] {logging_mixin.py:188} INFO - [2025-11-28T07:17:57.347+0000] {dag.py:3036} INFO - Sync 1 DAGs
[2025-11-28T07:17:57.358+0000] {logging_mixin.py:188} INFO - [2025-11-28T07:17:57.358+0000] {dag.py:3823} INFO - Setting next_dagrun for example_complex to None, run_after=None
[2025-11-28T07:17:57.375+0000] {processor.py:183} INFO - Processing /home/airflow/.local/lib/python3.8/site-packages/airflow/example_dags/example_complex.py took 0.075 seconds
[2025-11-28T07:18:28.411+0000] {processor.py:161} INFO - Started process (PID=2905) to work on /home/airflow/.local/lib/python3.8/site-packages/airflow/example_dags/example_complex.py
[2025-11-28T07:18:28.413+0000] {processor.py:830} INFO - Processing file /home/airflow/.local/lib/python3.8/site-packages/airflow/example_dags/example_complex.py for tasks to queue
[2025-11-28T07:18:28.417+0000] {logging_mixin.py:188} INFO - [2025-11-28T07:18:28.417+0000] {dagbag.py:538} INFO - Filling up the DagBag from /home/airflow/.local/lib/python3.8/site-packages/airflow/example_dags/example_complex.py
[2025-11-28T07:18:28.428+0000] {processor.py:840} INFO - DAG(s) 'example_complex' retrieved from /home/airflow/.local/lib/python3.8/site-packages/airflow/example_dags/example_complex.py
[2025-11-28T07:18:28.451+0000] {logging_mixin.py:188} INFO - [2025-11-28T07:18:28.451+0000] {dag.py:3036} INFO - Sync 1 DAGs
[2025-11-28T07:18:28.461+0000] {logging_mixin.py:188} INFO - [2025-11-28T07:18:28.461+0000] {dag.py:3823} INFO - Setting next_dagrun for example_complex to None, run_after=None
[2025-11-28T07:18:28.477+0000] {processor.py:183} INFO - Processing /home/airflow/.local/lib/python3.8/site-packages/airflow/example_dags/example_complex.py took 0.073 seconds
[2025-11-28T07:18:58.911+0000] {processor.py:161} INFO - Started process (PID=2960) to work on /home/airflow/.local/lib/python3.8/site-packages/airflow/example_dags/example_complex.py
[2025-11-28T07:18:58.913+0000] {processor.py:830} INFO - Processing file /home/airflow/.local/lib/python3.8/site-packages/airflow/example_dags/example_complex.py for tasks to queue
[2025-11-28T07:18:58.917+0000] {logging_mixin.py:188} INFO - [2025-11-28T07:18:58.917+0000] {dagbag.py:538} INFO - Filling up the DagBag from /home/airflow/.local/lib/python3.8/site-packages/airflow/example_dags/example_complex.py
[2025-11-28T07:18:58.927+0000] {processor.py:840} INFO - DAG(s) 'example_complex' retrieved from /home/airflow/.local/lib/python3.8/site-packages/airflow/example_dags/example_complex.py
[2025-11-28T07:18:58.950+0000] {logging_mixin.py:188} INFO - [2025-11-28T07:18:58.950+0000] {dag.py:3036} INFO - Sync 1 DAGs
[2025-11-28T07:18:58.964+0000] {logging_mixin.py:188} INFO - [2025-11-28T07:18:58.963+0000] {dag.py:3823} INFO - Setting next_dagrun for example_complex to None, run_after=None
[2025-11-28T07:18:58.984+0000] {processor.py:183} INFO - Processing /home/airflow/.local/lib/python3.8/site-packages/airflow/example_dags/example_complex.py took 0.079 seconds
[2025-11-28T07:19:29.247+0000] {processor.py:161} INFO - Started process (PID=3014) to work on /home/airflow/.local/lib/python3.8/site-packages/airflow/example_dags/example_complex.py
[2025-11-28T07:19:29.250+0000] {processor.py:830} INFO - Processing file /home/airflow/.local/lib/python3.8/site-packages/airflow/example_dags/example_complex.py for tasks to queue
[2025-11-28T07:19:29.256+0000] {logging_mixin.py:188} INFO - [2025-11-28T07:19:29.256+0000] {dagbag.py:538} INFO - Filling up the DagBag from /home/airflow/.local/lib/python3.8/site-packages/airflow/example_dags/example_complex.py
[2025-11-28T07:19:29.271+0000] {processor.py:840} INFO - DAG(s) 'example_complex' retrieved from /home/airflow/.local/lib/python3.8/site-packages/airflow/example_dags/example_complex.py
[2025-11-28T07:19:29.305+0000] {logging_mixin.py:188} INFO - [2025-11-28T07:19:29.304+0000] {dag.py:3036} INFO - Sync 1 DAGs
[2025-11-28T07:19:29.325+0000] {logging_mixin.py:188} INFO - [2025-11-28T07:19:29.325+0000] {dag.py:3823} INFO - Setting next_dagrun for example_complex to None, run_after=None
[2025-11-28T07:19:29.344+0000] {processor.py:183} INFO - Processing /home/airflow/.local/lib/python3.8/site-packages/airflow/example_dags/example_complex.py took 0.107 seconds
