[2025-11-28T06:52:29.450+0000] {processor.py:161} INFO - Started process (PID=112) to work on /home/airflow/.local/lib/python3.8/site-packages/airflow/example_dags/example_task_group.py
[2025-11-28T06:52:29.452+0000] {processor.py:830} INFO - Processing file /home/airflow/.local/lib/python3.8/site-packages/airflow/example_dags/example_task_group.py for tasks to queue
[2025-11-28T06:52:29.455+0000] {logging_mixin.py:188} INFO - [2025-11-28T06:52:29.454+0000] {dagbag.py:538} INFO - Filling up the DagBag from /home/airflow/.local/lib/python3.8/site-packages/airflow/example_dags/example_task_group.py
[2025-11-28T06:52:29.471+0000] {processor.py:840} INFO - DAG(s) 'example_task_group' retrieved from /home/airflow/.local/lib/python3.8/site-packages/airflow/example_dags/example_task_group.py
[2025-11-28T06:52:29.580+0000] {logging_mixin.py:188} INFO - [2025-11-28T06:52:29.579+0000] {override.py:1769} INFO - Created Permission View: can edit on DAG:example_task_group
[2025-11-28T06:52:29.595+0000] {logging_mixin.py:188} INFO - [2025-11-28T06:52:29.595+0000] {override.py:1769} INFO - Created Permission View: can delete on DAG:example_task_group
[2025-11-28T06:52:29.604+0000] {logging_mixin.py:188} INFO - [2025-11-28T06:52:29.603+0000] {override.py:1769} INFO - Created Permission View: can read on DAG:example_task_group
[2025-11-28T06:52:29.605+0000] {logging_mixin.py:188} INFO - [2025-11-28T06:52:29.605+0000] {dag.py:3036} INFO - Sync 1 DAGs
[2025-11-28T06:52:29.618+0000] {logging_mixin.py:188} INFO - [2025-11-28T06:52:29.617+0000] {dag.py:3058} INFO - Creating ORM DAG for example_task_group
[2025-11-28T06:52:29.630+0000] {logging_mixin.py:188} INFO - [2025-11-28T06:52:29.630+0000] {dag.py:3823} INFO - Setting next_dagrun for example_task_group to 2025-11-27 00:00:00+00:00, run_after=2025-11-28 00:00:00+00:00
[2025-11-28T06:52:29.649+0000] {processor.py:183} INFO - Processing /home/airflow/.local/lib/python3.8/site-packages/airflow/example_dags/example_task_group.py took 0.203 seconds
[2025-11-28T06:52:59.775+0000] {processor.py:161} INFO - Started process (PID=167) to work on /home/airflow/.local/lib/python3.8/site-packages/airflow/example_dags/example_task_group.py
[2025-11-28T06:52:59.777+0000] {processor.py:830} INFO - Processing file /home/airflow/.local/lib/python3.8/site-packages/airflow/example_dags/example_task_group.py for tasks to queue
[2025-11-28T06:52:59.783+0000] {logging_mixin.py:188} INFO - [2025-11-28T06:52:59.782+0000] {dagbag.py:538} INFO - Filling up the DagBag from /home/airflow/.local/lib/python3.8/site-packages/airflow/example_dags/example_task_group.py
[2025-11-28T06:52:59.797+0000] {processor.py:840} INFO - DAG(s) 'example_task_group' retrieved from /home/airflow/.local/lib/python3.8/site-packages/airflow/example_dags/example_task_group.py
[2025-11-28T06:52:59.830+0000] {logging_mixin.py:188} INFO - [2025-11-28T06:52:59.830+0000] {dag.py:3036} INFO - Sync 1 DAGs
[2025-11-28T06:52:59.859+0000] {logging_mixin.py:188} INFO - [2025-11-28T06:52:59.859+0000] {dag.py:3823} INFO - Setting next_dagrun for example_task_group to 2025-11-27 00:00:00+00:00, run_after=2025-11-28 00:00:00+00:00
[2025-11-28T06:52:59.884+0000] {processor.py:183} INFO - Processing /home/airflow/.local/lib/python3.8/site-packages/airflow/example_dags/example_task_group.py took 0.116 seconds
[2025-11-28T06:53:30.041+0000] {processor.py:161} INFO - Started process (PID=222) to work on /home/airflow/.local/lib/python3.8/site-packages/airflow/example_dags/example_task_group.py
[2025-11-28T06:53:30.043+0000] {processor.py:830} INFO - Processing file /home/airflow/.local/lib/python3.8/site-packages/airflow/example_dags/example_task_group.py for tasks to queue
[2025-11-28T06:53:30.047+0000] {logging_mixin.py:188} INFO - [2025-11-28T06:53:30.047+0000] {dagbag.py:538} INFO - Filling up the DagBag from /home/airflow/.local/lib/python3.8/site-packages/airflow/example_dags/example_task_group.py
[2025-11-28T06:53:30.058+0000] {processor.py:840} INFO - DAG(s) 'example_task_group' retrieved from /home/airflow/.local/lib/python3.8/site-packages/airflow/example_dags/example_task_group.py
[2025-11-28T06:53:30.086+0000] {logging_mixin.py:188} INFO - [2025-11-28T06:53:30.086+0000] {dag.py:3036} INFO - Sync 1 DAGs
[2025-11-28T06:53:30.108+0000] {logging_mixin.py:188} INFO - [2025-11-28T06:53:30.107+0000] {dag.py:3823} INFO - Setting next_dagrun for example_task_group to 2025-11-27 00:00:00+00:00, run_after=2025-11-28 00:00:00+00:00
[2025-11-28T06:53:30.130+0000] {processor.py:183} INFO - Processing /home/airflow/.local/lib/python3.8/site-packages/airflow/example_dags/example_task_group.py took 0.093 seconds
[2025-11-28T06:54:00.401+0000] {processor.py:161} INFO - Started process (PID=277) to work on /home/airflow/.local/lib/python3.8/site-packages/airflow/example_dags/example_task_group.py
[2025-11-28T06:54:00.403+0000] {processor.py:830} INFO - Processing file /home/airflow/.local/lib/python3.8/site-packages/airflow/example_dags/example_task_group.py for tasks to queue
[2025-11-28T06:54:00.405+0000] {logging_mixin.py:188} INFO - [2025-11-28T06:54:00.405+0000] {dagbag.py:538} INFO - Filling up the DagBag from /home/airflow/.local/lib/python3.8/site-packages/airflow/example_dags/example_task_group.py
[2025-11-28T06:54:00.415+0000] {processor.py:840} INFO - DAG(s) 'example_task_group' retrieved from /home/airflow/.local/lib/python3.8/site-packages/airflow/example_dags/example_task_group.py
[2025-11-28T06:54:00.441+0000] {logging_mixin.py:188} INFO - [2025-11-28T06:54:00.440+0000] {dag.py:3036} INFO - Sync 1 DAGs
[2025-11-28T06:54:00.460+0000] {logging_mixin.py:188} INFO - [2025-11-28T06:54:00.460+0000] {dag.py:3823} INFO - Setting next_dagrun for example_task_group to 2025-11-27 00:00:00+00:00, run_after=2025-11-28 00:00:00+00:00
[2025-11-28T06:54:00.479+0000] {processor.py:183} INFO - Processing /home/airflow/.local/lib/python3.8/site-packages/airflow/example_dags/example_task_group.py took 0.081 seconds
[2025-11-28T06:54:31.483+0000] {processor.py:161} INFO - Started process (PID=332) to work on /home/airflow/.local/lib/python3.8/site-packages/airflow/example_dags/example_task_group.py
[2025-11-28T06:54:31.484+0000] {processor.py:830} INFO - Processing file /home/airflow/.local/lib/python3.8/site-packages/airflow/example_dags/example_task_group.py for tasks to queue
[2025-11-28T06:54:31.486+0000] {logging_mixin.py:188} INFO - [2025-11-28T06:54:31.486+0000] {dagbag.py:538} INFO - Filling up the DagBag from /home/airflow/.local/lib/python3.8/site-packages/airflow/example_dags/example_task_group.py
[2025-11-28T06:54:31.493+0000] {processor.py:840} INFO - DAG(s) 'example_task_group' retrieved from /home/airflow/.local/lib/python3.8/site-packages/airflow/example_dags/example_task_group.py
[2025-11-28T06:54:31.515+0000] {logging_mixin.py:188} INFO - [2025-11-28T06:54:31.515+0000] {dag.py:3036} INFO - Sync 1 DAGs
[2025-11-28T06:54:31.535+0000] {logging_mixin.py:188} INFO - [2025-11-28T06:54:31.535+0000] {dag.py:3823} INFO - Setting next_dagrun for example_task_group to 2025-11-27 00:00:00+00:00, run_after=2025-11-28 00:00:00+00:00
[2025-11-28T06:54:31.553+0000] {processor.py:183} INFO - Processing /home/airflow/.local/lib/python3.8/site-packages/airflow/example_dags/example_task_group.py took 0.074 seconds
[2025-11-28T06:55:02.162+0000] {processor.py:161} INFO - Started process (PID=387) to work on /home/airflow/.local/lib/python3.8/site-packages/airflow/example_dags/example_task_group.py
[2025-11-28T06:55:02.164+0000] {processor.py:830} INFO - Processing file /home/airflow/.local/lib/python3.8/site-packages/airflow/example_dags/example_task_group.py for tasks to queue
[2025-11-28T06:55:02.166+0000] {logging_mixin.py:188} INFO - [2025-11-28T06:55:02.166+0000] {dagbag.py:538} INFO - Filling up the DagBag from /home/airflow/.local/lib/python3.8/site-packages/airflow/example_dags/example_task_group.py
[2025-11-28T06:55:02.174+0000] {processor.py:840} INFO - DAG(s) 'example_task_group' retrieved from /home/airflow/.local/lib/python3.8/site-packages/airflow/example_dags/example_task_group.py
[2025-11-28T06:55:02.189+0000] {logging_mixin.py:188} INFO - [2025-11-28T06:55:02.189+0000] {dag.py:3036} INFO - Sync 1 DAGs
[2025-11-28T06:55:02.211+0000] {logging_mixin.py:188} INFO - [2025-11-28T06:55:02.211+0000] {dag.py:3823} INFO - Setting next_dagrun for example_task_group to 2025-11-27 00:00:00+00:00, run_after=2025-11-28 00:00:00+00:00
[2025-11-28T06:55:02.234+0000] {processor.py:183} INFO - Processing /home/airflow/.local/lib/python3.8/site-packages/airflow/example_dags/example_task_group.py took 0.075 seconds
[2025-11-28T06:55:33.201+0000] {processor.py:161} INFO - Started process (PID=442) to work on /home/airflow/.local/lib/python3.8/site-packages/airflow/example_dags/example_task_group.py
[2025-11-28T06:55:33.204+0000] {processor.py:830} INFO - Processing file /home/airflow/.local/lib/python3.8/site-packages/airflow/example_dags/example_task_group.py for tasks to queue
[2025-11-28T06:55:33.206+0000] {logging_mixin.py:188} INFO - [2025-11-28T06:55:33.206+0000] {dagbag.py:538} INFO - Filling up the DagBag from /home/airflow/.local/lib/python3.8/site-packages/airflow/example_dags/example_task_group.py
[2025-11-28T06:55:33.212+0000] {processor.py:840} INFO - DAG(s) 'example_task_group' retrieved from /home/airflow/.local/lib/python3.8/site-packages/airflow/example_dags/example_task_group.py
[2025-11-28T06:55:33.298+0000] {logging_mixin.py:188} INFO - [2025-11-28T06:55:33.297+0000] {dag.py:3036} INFO - Sync 1 DAGs
[2025-11-28T06:55:33.317+0000] {logging_mixin.py:188} INFO - [2025-11-28T06:55:33.315+0000] {dag.py:3823} INFO - Setting next_dagrun for example_task_group to 2025-11-27 00:00:00+00:00, run_after=2025-11-28 00:00:00+00:00
[2025-11-28T06:55:33.336+0000] {processor.py:183} INFO - Processing /home/airflow/.local/lib/python3.8/site-packages/airflow/example_dags/example_task_group.py took 0.137 seconds
[2025-11-28T06:56:03.714+0000] {processor.py:161} INFO - Started process (PID=497) to work on /home/airflow/.local/lib/python3.8/site-packages/airflow/example_dags/example_task_group.py
[2025-11-28T06:56:03.716+0000] {processor.py:830} INFO - Processing file /home/airflow/.local/lib/python3.8/site-packages/airflow/example_dags/example_task_group.py for tasks to queue
[2025-11-28T06:56:03.718+0000] {logging_mixin.py:188} INFO - [2025-11-28T06:56:03.718+0000] {dagbag.py:538} INFO - Filling up the DagBag from /home/airflow/.local/lib/python3.8/site-packages/airflow/example_dags/example_task_group.py
[2025-11-28T06:56:03.729+0000] {processor.py:840} INFO - DAG(s) 'example_task_group' retrieved from /home/airflow/.local/lib/python3.8/site-packages/airflow/example_dags/example_task_group.py
[2025-11-28T06:56:03.751+0000] {logging_mixin.py:188} INFO - [2025-11-28T06:56:03.750+0000] {dag.py:3036} INFO - Sync 1 DAGs
[2025-11-28T06:56:03.771+0000] {logging_mixin.py:188} INFO - [2025-11-28T06:56:03.770+0000] {dag.py:3823} INFO - Setting next_dagrun for example_task_group to 2025-11-27 00:00:00+00:00, run_after=2025-11-28 00:00:00+00:00
[2025-11-28T06:56:03.787+0000] {processor.py:183} INFO - Processing /home/airflow/.local/lib/python3.8/site-packages/airflow/example_dags/example_task_group.py took 0.078 seconds
[2025-11-28T06:56:34.014+0000] {processor.py:161} INFO - Started process (PID=552) to work on /home/airflow/.local/lib/python3.8/site-packages/airflow/example_dags/example_task_group.py
[2025-11-28T06:56:34.019+0000] {processor.py:830} INFO - Processing file /home/airflow/.local/lib/python3.8/site-packages/airflow/example_dags/example_task_group.py for tasks to queue
[2025-11-28T06:56:34.024+0000] {logging_mixin.py:188} INFO - [2025-11-28T06:56:34.023+0000] {dagbag.py:538} INFO - Filling up the DagBag from /home/airflow/.local/lib/python3.8/site-packages/airflow/example_dags/example_task_group.py
[2025-11-28T06:56:34.032+0000] {processor.py:840} INFO - DAG(s) 'example_task_group' retrieved from /home/airflow/.local/lib/python3.8/site-packages/airflow/example_dags/example_task_group.py
[2025-11-28T06:56:34.066+0000] {logging_mixin.py:188} INFO - [2025-11-28T06:56:34.066+0000] {dag.py:3036} INFO - Sync 1 DAGs
[2025-11-28T06:56:34.089+0000] {logging_mixin.py:188} INFO - [2025-11-28T06:56:34.087+0000] {dag.py:3823} INFO - Setting next_dagrun for example_task_group to 2025-11-27 00:00:00+00:00, run_after=2025-11-28 00:00:00+00:00
[2025-11-28T06:56:34.110+0000] {processor.py:183} INFO - Processing /home/airflow/.local/lib/python3.8/site-packages/airflow/example_dags/example_task_group.py took 0.103 seconds
[2025-11-28T06:57:04.528+0000] {processor.py:161} INFO - Started process (PID=607) to work on /home/airflow/.local/lib/python3.8/site-packages/airflow/example_dags/example_task_group.py
[2025-11-28T06:57:04.529+0000] {processor.py:830} INFO - Processing file /home/airflow/.local/lib/python3.8/site-packages/airflow/example_dags/example_task_group.py for tasks to queue
[2025-11-28T06:57:04.531+0000] {logging_mixin.py:188} INFO - [2025-11-28T06:57:04.531+0000] {dagbag.py:538} INFO - Filling up the DagBag from /home/airflow/.local/lib/python3.8/site-packages/airflow/example_dags/example_task_group.py
[2025-11-28T06:57:04.539+0000] {processor.py:840} INFO - DAG(s) 'example_task_group' retrieved from /home/airflow/.local/lib/python3.8/site-packages/airflow/example_dags/example_task_group.py
[2025-11-28T06:57:04.557+0000] {logging_mixin.py:188} INFO - [2025-11-28T06:57:04.557+0000] {dag.py:3036} INFO - Sync 1 DAGs
[2025-11-28T06:57:04.572+0000] {logging_mixin.py:188} INFO - [2025-11-28T06:57:04.572+0000] {dag.py:3823} INFO - Setting next_dagrun for example_task_group to 2025-11-27 00:00:00+00:00, run_after=2025-11-28 00:00:00+00:00
[2025-11-28T06:57:04.588+0000] {processor.py:183} INFO - Processing /home/airflow/.local/lib/python3.8/site-packages/airflow/example_dags/example_task_group.py took 0.064 seconds
[2025-11-28T06:57:35.207+0000] {processor.py:161} INFO - Started process (PID=662) to work on /home/airflow/.local/lib/python3.8/site-packages/airflow/example_dags/example_task_group.py
[2025-11-28T06:57:35.209+0000] {processor.py:830} INFO - Processing file /home/airflow/.local/lib/python3.8/site-packages/airflow/example_dags/example_task_group.py for tasks to queue
[2025-11-28T06:57:35.212+0000] {logging_mixin.py:188} INFO - [2025-11-28T06:57:35.212+0000] {dagbag.py:538} INFO - Filling up the DagBag from /home/airflow/.local/lib/python3.8/site-packages/airflow/example_dags/example_task_group.py
[2025-11-28T06:57:35.225+0000] {processor.py:840} INFO - DAG(s) 'example_task_group' retrieved from /home/airflow/.local/lib/python3.8/site-packages/airflow/example_dags/example_task_group.py
[2025-11-28T06:57:35.248+0000] {logging_mixin.py:188} INFO - [2025-11-28T06:57:35.248+0000] {dag.py:3036} INFO - Sync 1 DAGs
[2025-11-28T06:57:35.263+0000] {logging_mixin.py:188} INFO - [2025-11-28T06:57:35.262+0000] {dag.py:3823} INFO - Setting next_dagrun for example_task_group to 2025-11-27 00:00:00+00:00, run_after=2025-11-28 00:00:00+00:00
[2025-11-28T06:57:35.276+0000] {processor.py:183} INFO - Processing /home/airflow/.local/lib/python3.8/site-packages/airflow/example_dags/example_task_group.py took 0.074 seconds
[2025-11-28T06:58:06.281+0000] {processor.py:161} INFO - Started process (PID=717) to work on /home/airflow/.local/lib/python3.8/site-packages/airflow/example_dags/example_task_group.py
[2025-11-28T06:58:06.284+0000] {processor.py:830} INFO - Processing file /home/airflow/.local/lib/python3.8/site-packages/airflow/example_dags/example_task_group.py for tasks to queue
[2025-11-28T06:58:06.285+0000] {logging_mixin.py:188} INFO - [2025-11-28T06:58:06.285+0000] {dagbag.py:538} INFO - Filling up the DagBag from /home/airflow/.local/lib/python3.8/site-packages/airflow/example_dags/example_task_group.py
[2025-11-28T06:58:06.292+0000] {processor.py:840} INFO - DAG(s) 'example_task_group' retrieved from /home/airflow/.local/lib/python3.8/site-packages/airflow/example_dags/example_task_group.py
[2025-11-28T06:58:06.309+0000] {logging_mixin.py:188} INFO - [2025-11-28T06:58:06.309+0000] {dag.py:3036} INFO - Sync 1 DAGs
[2025-11-28T06:58:06.326+0000] {logging_mixin.py:188} INFO - [2025-11-28T06:58:06.326+0000] {dag.py:3823} INFO - Setting next_dagrun for example_task_group to 2025-11-27 00:00:00+00:00, run_after=2025-11-28 00:00:00+00:00
[2025-11-28T06:58:06.344+0000] {processor.py:183} INFO - Processing /home/airflow/.local/lib/python3.8/site-packages/airflow/example_dags/example_task_group.py took 0.066 seconds
[2025-11-28T06:58:36.460+0000] {processor.py:161} INFO - Started process (PID=772) to work on /home/airflow/.local/lib/python3.8/site-packages/airflow/example_dags/example_task_group.py
[2025-11-28T06:58:36.460+0000] {processor.py:830} INFO - Processing file /home/airflow/.local/lib/python3.8/site-packages/airflow/example_dags/example_task_group.py for tasks to queue
[2025-11-28T06:58:36.462+0000] {logging_mixin.py:188} INFO - [2025-11-28T06:58:36.462+0000] {dagbag.py:538} INFO - Filling up the DagBag from /home/airflow/.local/lib/python3.8/site-packages/airflow/example_dags/example_task_group.py
[2025-11-28T06:58:36.469+0000] {processor.py:840} INFO - DAG(s) 'example_task_group' retrieved from /home/airflow/.local/lib/python3.8/site-packages/airflow/example_dags/example_task_group.py
[2025-11-28T06:58:36.485+0000] {logging_mixin.py:188} INFO - [2025-11-28T06:58:36.485+0000] {dag.py:3036} INFO - Sync 1 DAGs
[2025-11-28T06:58:36.502+0000] {logging_mixin.py:188} INFO - [2025-11-28T06:58:36.502+0000] {dag.py:3823} INFO - Setting next_dagrun for example_task_group to 2025-11-27 00:00:00+00:00, run_after=2025-11-28 00:00:00+00:00
[2025-11-28T06:58:36.518+0000] {processor.py:183} INFO - Processing /home/airflow/.local/lib/python3.8/site-packages/airflow/example_dags/example_task_group.py took 0.061 seconds
[2025-11-28T06:59:07.222+0000] {processor.py:161} INFO - Started process (PID=827) to work on /home/airflow/.local/lib/python3.8/site-packages/airflow/example_dags/example_task_group.py
[2025-11-28T06:59:07.224+0000] {processor.py:830} INFO - Processing file /home/airflow/.local/lib/python3.8/site-packages/airflow/example_dags/example_task_group.py for tasks to queue
[2025-11-28T06:59:07.226+0000] {logging_mixin.py:188} INFO - [2025-11-28T06:59:07.226+0000] {dagbag.py:538} INFO - Filling up the DagBag from /home/airflow/.local/lib/python3.8/site-packages/airflow/example_dags/example_task_group.py
[2025-11-28T06:59:07.233+0000] {processor.py:840} INFO - DAG(s) 'example_task_group' retrieved from /home/airflow/.local/lib/python3.8/site-packages/airflow/example_dags/example_task_group.py
[2025-11-28T06:59:07.251+0000] {logging_mixin.py:188} INFO - [2025-11-28T06:59:07.251+0000] {dag.py:3036} INFO - Sync 1 DAGs
[2025-11-28T06:59:07.269+0000] {logging_mixin.py:188} INFO - [2025-11-28T06:59:07.269+0000] {dag.py:3823} INFO - Setting next_dagrun for example_task_group to 2025-11-27 00:00:00+00:00, run_after=2025-11-28 00:00:00+00:00
[2025-11-28T06:59:07.287+0000] {processor.py:183} INFO - Processing /home/airflow/.local/lib/python3.8/site-packages/airflow/example_dags/example_task_group.py took 0.068 seconds
[2025-11-28T06:59:37.725+0000] {processor.py:161} INFO - Started process (PID=882) to work on /home/airflow/.local/lib/python3.8/site-packages/airflow/example_dags/example_task_group.py
[2025-11-28T06:59:37.729+0000] {processor.py:830} INFO - Processing file /home/airflow/.local/lib/python3.8/site-packages/airflow/example_dags/example_task_group.py for tasks to queue
[2025-11-28T06:59:37.732+0000] {logging_mixin.py:188} INFO - [2025-11-28T06:59:37.731+0000] {dagbag.py:538} INFO - Filling up the DagBag from /home/airflow/.local/lib/python3.8/site-packages/airflow/example_dags/example_task_group.py
[2025-11-28T06:59:37.739+0000] {processor.py:840} INFO - DAG(s) 'example_task_group' retrieved from /home/airflow/.local/lib/python3.8/site-packages/airflow/example_dags/example_task_group.py
[2025-11-28T06:59:37.762+0000] {logging_mixin.py:188} INFO - [2025-11-28T06:59:37.761+0000] {dag.py:3036} INFO - Sync 1 DAGs
[2025-11-28T06:59:37.782+0000] {logging_mixin.py:188} INFO - [2025-11-28T06:59:37.782+0000] {dag.py:3823} INFO - Setting next_dagrun for example_task_group to 2025-11-27 00:00:00+00:00, run_after=2025-11-28 00:00:00+00:00
[2025-11-28T06:59:37.798+0000] {processor.py:183} INFO - Processing /home/airflow/.local/lib/python3.8/site-packages/airflow/example_dags/example_task_group.py took 0.077 seconds
[2025-11-28T07:00:09.741+0000] {processor.py:161} INFO - Started process (PID=937) to work on /home/airflow/.local/lib/python3.8/site-packages/airflow/example_dags/example_task_group.py
[2025-11-28T07:00:09.743+0000] {processor.py:830} INFO - Processing file /home/airflow/.local/lib/python3.8/site-packages/airflow/example_dags/example_task_group.py for tasks to queue
[2025-11-28T07:00:09.746+0000] {logging_mixin.py:188} INFO - [2025-11-28T07:00:09.745+0000] {dagbag.py:538} INFO - Filling up the DagBag from /home/airflow/.local/lib/python3.8/site-packages/airflow/example_dags/example_task_group.py
[2025-11-28T07:00:09.761+0000] {processor.py:840} INFO - DAG(s) 'example_task_group' retrieved from /home/airflow/.local/lib/python3.8/site-packages/airflow/example_dags/example_task_group.py
[2025-11-28T07:00:09.802+0000] {logging_mixin.py:188} INFO - [2025-11-28T07:00:09.802+0000] {dag.py:3036} INFO - Sync 1 DAGs
[2025-11-28T07:00:09.851+0000] {logging_mixin.py:188} INFO - [2025-11-28T07:00:09.851+0000] {dag.py:3823} INFO - Setting next_dagrun for example_task_group to 2025-11-27 00:00:00+00:00, run_after=2025-11-28 00:00:00+00:00
[2025-11-28T07:00:09.877+0000] {processor.py:183} INFO - Processing /home/airflow/.local/lib/python3.8/site-packages/airflow/example_dags/example_task_group.py took 0.141 seconds
[2025-11-28T07:00:41.660+0000] {processor.py:161} INFO - Started process (PID=992) to work on /home/airflow/.local/lib/python3.8/site-packages/airflow/example_dags/example_task_group.py
[2025-11-28T07:00:41.672+0000] {processor.py:830} INFO - Processing file /home/airflow/.local/lib/python3.8/site-packages/airflow/example_dags/example_task_group.py for tasks to queue
[2025-11-28T07:00:41.675+0000] {logging_mixin.py:188} INFO - [2025-11-28T07:00:41.674+0000] {dagbag.py:538} INFO - Filling up the DagBag from /home/airflow/.local/lib/python3.8/site-packages/airflow/example_dags/example_task_group.py
[2025-11-28T07:00:41.686+0000] {processor.py:840} INFO - DAG(s) 'example_task_group' retrieved from /home/airflow/.local/lib/python3.8/site-packages/airflow/example_dags/example_task_group.py
[2025-11-28T07:00:41.725+0000] {logging_mixin.py:188} INFO - [2025-11-28T07:00:41.725+0000] {dag.py:3036} INFO - Sync 1 DAGs
[2025-11-28T07:00:41.773+0000] {logging_mixin.py:188} INFO - [2025-11-28T07:00:41.773+0000] {dag.py:3823} INFO - Setting next_dagrun for example_task_group to 2025-11-27 00:00:00+00:00, run_after=2025-11-28 00:00:00+00:00
[2025-11-28T07:00:41.814+0000] {processor.py:183} INFO - Processing /home/airflow/.local/lib/python3.8/site-packages/airflow/example_dags/example_task_group.py took 0.157 seconds
[2025-11-28T07:01:12.372+0000] {processor.py:161} INFO - Started process (PID=1047) to work on /home/airflow/.local/lib/python3.8/site-packages/airflow/example_dags/example_task_group.py
[2025-11-28T07:01:12.375+0000] {processor.py:830} INFO - Processing file /home/airflow/.local/lib/python3.8/site-packages/airflow/example_dags/example_task_group.py for tasks to queue
[2025-11-28T07:01:12.377+0000] {logging_mixin.py:188} INFO - [2025-11-28T07:01:12.377+0000] {dagbag.py:538} INFO - Filling up the DagBag from /home/airflow/.local/lib/python3.8/site-packages/airflow/example_dags/example_task_group.py
[2025-11-28T07:01:12.389+0000] {processor.py:840} INFO - DAG(s) 'example_task_group' retrieved from /home/airflow/.local/lib/python3.8/site-packages/airflow/example_dags/example_task_group.py
[2025-11-28T07:01:12.425+0000] {logging_mixin.py:188} INFO - [2025-11-28T07:01:12.425+0000] {dag.py:3036} INFO - Sync 1 DAGs
[2025-11-28T07:01:12.449+0000] {logging_mixin.py:188} INFO - [2025-11-28T07:01:12.449+0000] {dag.py:3823} INFO - Setting next_dagrun for example_task_group to 2025-11-27 00:00:00+00:00, run_after=2025-11-28 00:00:00+00:00
[2025-11-28T07:01:12.472+0000] {processor.py:183} INFO - Processing /home/airflow/.local/lib/python3.8/site-packages/airflow/example_dags/example_task_group.py took 0.107 seconds
[2025-11-28T07:01:42.838+0000] {processor.py:161} INFO - Started process (PID=1101) to work on /home/airflow/.local/lib/python3.8/site-packages/airflow/example_dags/example_task_group.py
[2025-11-28T07:01:42.842+0000] {processor.py:830} INFO - Processing file /home/airflow/.local/lib/python3.8/site-packages/airflow/example_dags/example_task_group.py for tasks to queue
[2025-11-28T07:01:42.844+0000] {logging_mixin.py:188} INFO - [2025-11-28T07:01:42.843+0000] {dagbag.py:538} INFO - Filling up the DagBag from /home/airflow/.local/lib/python3.8/site-packages/airflow/example_dags/example_task_group.py
[2025-11-28T07:01:42.851+0000] {processor.py:840} INFO - DAG(s) 'example_task_group' retrieved from /home/airflow/.local/lib/python3.8/site-packages/airflow/example_dags/example_task_group.py
[2025-11-28T07:01:42.882+0000] {logging_mixin.py:188} INFO - [2025-11-28T07:01:42.882+0000] {dag.py:3036} INFO - Sync 1 DAGs
[2025-11-28T07:01:42.913+0000] {logging_mixin.py:188} INFO - [2025-11-28T07:01:42.912+0000] {dag.py:3823} INFO - Setting next_dagrun for example_task_group to 2025-11-27 00:00:00+00:00, run_after=2025-11-28 00:00:00+00:00
[2025-11-28T07:01:42.950+0000] {processor.py:183} INFO - Processing /home/airflow/.local/lib/python3.8/site-packages/airflow/example_dags/example_task_group.py took 0.118 seconds
[2025-11-28T07:02:13.190+0000] {processor.py:161} INFO - Started process (PID=1156) to work on /home/airflow/.local/lib/python3.8/site-packages/airflow/example_dags/example_task_group.py
[2025-11-28T07:02:13.192+0000] {processor.py:830} INFO - Processing file /home/airflow/.local/lib/python3.8/site-packages/airflow/example_dags/example_task_group.py for tasks to queue
[2025-11-28T07:02:13.194+0000] {logging_mixin.py:188} INFO - [2025-11-28T07:02:13.194+0000] {dagbag.py:538} INFO - Filling up the DagBag from /home/airflow/.local/lib/python3.8/site-packages/airflow/example_dags/example_task_group.py
[2025-11-28T07:02:13.199+0000] {processor.py:840} INFO - DAG(s) 'example_task_group' retrieved from /home/airflow/.local/lib/python3.8/site-packages/airflow/example_dags/example_task_group.py
[2025-11-28T07:02:13.215+0000] {logging_mixin.py:188} INFO - [2025-11-28T07:02:13.215+0000] {dag.py:3036} INFO - Sync 1 DAGs
[2025-11-28T07:02:13.232+0000] {logging_mixin.py:188} INFO - [2025-11-28T07:02:13.232+0000] {dag.py:3823} INFO - Setting next_dagrun for example_task_group to 2025-11-27 00:00:00+00:00, run_after=2025-11-28 00:00:00+00:00
[2025-11-28T07:02:13.251+0000] {processor.py:183} INFO - Processing /home/airflow/.local/lib/python3.8/site-packages/airflow/example_dags/example_task_group.py took 0.065 seconds
[2025-11-28T07:02:43.388+0000] {processor.py:161} INFO - Started process (PID=1210) to work on /home/airflow/.local/lib/python3.8/site-packages/airflow/example_dags/example_task_group.py
[2025-11-28T07:02:43.389+0000] {processor.py:830} INFO - Processing file /home/airflow/.local/lib/python3.8/site-packages/airflow/example_dags/example_task_group.py for tasks to queue
[2025-11-28T07:02:43.391+0000] {logging_mixin.py:188} INFO - [2025-11-28T07:02:43.391+0000] {dagbag.py:538} INFO - Filling up the DagBag from /home/airflow/.local/lib/python3.8/site-packages/airflow/example_dags/example_task_group.py
[2025-11-28T07:02:43.402+0000] {processor.py:840} INFO - DAG(s) 'example_task_group' retrieved from /home/airflow/.local/lib/python3.8/site-packages/airflow/example_dags/example_task_group.py
[2025-11-28T07:02:43.421+0000] {logging_mixin.py:188} INFO - [2025-11-28T07:02:43.421+0000] {dag.py:3036} INFO - Sync 1 DAGs
[2025-11-28T07:02:43.441+0000] {logging_mixin.py:188} INFO - [2025-11-28T07:02:43.440+0000] {dag.py:3823} INFO - Setting next_dagrun for example_task_group to 2025-11-27 00:00:00+00:00, run_after=2025-11-28 00:00:00+00:00
[2025-11-28T07:02:43.460+0000] {processor.py:183} INFO - Processing /home/airflow/.local/lib/python3.8/site-packages/airflow/example_dags/example_task_group.py took 0.075 seconds
[2025-11-28T07:03:14.416+0000] {processor.py:161} INFO - Started process (PID=1266) to work on /home/airflow/.local/lib/python3.8/site-packages/airflow/example_dags/example_task_group.py
[2025-11-28T07:03:14.418+0000] {processor.py:830} INFO - Processing file /home/airflow/.local/lib/python3.8/site-packages/airflow/example_dags/example_task_group.py for tasks to queue
[2025-11-28T07:03:14.421+0000] {logging_mixin.py:188} INFO - [2025-11-28T07:03:14.421+0000] {dagbag.py:538} INFO - Filling up the DagBag from /home/airflow/.local/lib/python3.8/site-packages/airflow/example_dags/example_task_group.py
[2025-11-28T07:03:14.431+0000] {processor.py:840} INFO - DAG(s) 'example_task_group' retrieved from /home/airflow/.local/lib/python3.8/site-packages/airflow/example_dags/example_task_group.py
[2025-11-28T07:03:14.474+0000] {logging_mixin.py:188} INFO - [2025-11-28T07:03:14.474+0000] {dag.py:3036} INFO - Sync 1 DAGs
[2025-11-28T07:03:14.503+0000] {logging_mixin.py:188} INFO - [2025-11-28T07:03:14.503+0000] {dag.py:3823} INFO - Setting next_dagrun for example_task_group to 2025-11-27 00:00:00+00:00, run_after=2025-11-28 00:00:00+00:00
[2025-11-28T07:03:14.533+0000] {processor.py:183} INFO - Processing /home/airflow/.local/lib/python3.8/site-packages/airflow/example_dags/example_task_group.py took 0.121 seconds
[2025-11-28T07:03:44.826+0000] {processor.py:161} INFO - Started process (PID=1321) to work on /home/airflow/.local/lib/python3.8/site-packages/airflow/example_dags/example_task_group.py
[2025-11-28T07:03:44.827+0000] {processor.py:830} INFO - Processing file /home/airflow/.local/lib/python3.8/site-packages/airflow/example_dags/example_task_group.py for tasks to queue
[2025-11-28T07:03:44.834+0000] {logging_mixin.py:188} INFO - [2025-11-28T07:03:44.834+0000] {dagbag.py:538} INFO - Filling up the DagBag from /home/airflow/.local/lib/python3.8/site-packages/airflow/example_dags/example_task_group.py
[2025-11-28T07:03:44.845+0000] {processor.py:840} INFO - DAG(s) 'example_task_group' retrieved from /home/airflow/.local/lib/python3.8/site-packages/airflow/example_dags/example_task_group.py
[2025-11-28T07:03:44.886+0000] {logging_mixin.py:188} INFO - [2025-11-28T07:03:44.886+0000] {dag.py:3036} INFO - Sync 1 DAGs
[2025-11-28T07:03:44.913+0000] {logging_mixin.py:188} INFO - [2025-11-28T07:03:44.913+0000] {dag.py:3823} INFO - Setting next_dagrun for example_task_group to 2025-11-27 00:00:00+00:00, run_after=2025-11-28 00:00:00+00:00
[2025-11-28T07:03:44.956+0000] {processor.py:183} INFO - Processing /home/airflow/.local/lib/python3.8/site-packages/airflow/example_dags/example_task_group.py took 0.133 seconds
[2025-11-28T07:04:15.088+0000] {processor.py:161} INFO - Started process (PID=1376) to work on /home/airflow/.local/lib/python3.8/site-packages/airflow/example_dags/example_task_group.py
[2025-11-28T07:04:15.089+0000] {processor.py:830} INFO - Processing file /home/airflow/.local/lib/python3.8/site-packages/airflow/example_dags/example_task_group.py for tasks to queue
[2025-11-28T07:04:15.091+0000] {logging_mixin.py:188} INFO - [2025-11-28T07:04:15.091+0000] {dagbag.py:538} INFO - Filling up the DagBag from /home/airflow/.local/lib/python3.8/site-packages/airflow/example_dags/example_task_group.py
[2025-11-28T07:04:15.106+0000] {processor.py:840} INFO - DAG(s) 'example_task_group' retrieved from /home/airflow/.local/lib/python3.8/site-packages/airflow/example_dags/example_task_group.py
[2025-11-28T07:04:15.136+0000] {logging_mixin.py:188} INFO - [2025-11-28T07:04:15.136+0000] {dag.py:3036} INFO - Sync 1 DAGs
[2025-11-28T07:04:15.178+0000] {logging_mixin.py:188} INFO - [2025-11-28T07:04:15.178+0000] {dag.py:3823} INFO - Setting next_dagrun for example_task_group to 2025-11-27 00:00:00+00:00, run_after=2025-11-28 00:00:00+00:00
[2025-11-28T07:04:15.203+0000] {processor.py:183} INFO - Processing /home/airflow/.local/lib/python3.8/site-packages/airflow/example_dags/example_task_group.py took 0.119 seconds
[2025-11-28T07:04:45.253+0000] {processor.py:161} INFO - Started process (PID=1431) to work on /home/airflow/.local/lib/python3.8/site-packages/airflow/example_dags/example_task_group.py
[2025-11-28T07:04:45.256+0000] {processor.py:830} INFO - Processing file /home/airflow/.local/lib/python3.8/site-packages/airflow/example_dags/example_task_group.py for tasks to queue
[2025-11-28T07:04:45.257+0000] {logging_mixin.py:188} INFO - [2025-11-28T07:04:45.257+0000] {dagbag.py:538} INFO - Filling up the DagBag from /home/airflow/.local/lib/python3.8/site-packages/airflow/example_dags/example_task_group.py
[2025-11-28T07:04:45.263+0000] {processor.py:840} INFO - DAG(s) 'example_task_group' retrieved from /home/airflow/.local/lib/python3.8/site-packages/airflow/example_dags/example_task_group.py
[2025-11-28T07:04:45.285+0000] {logging_mixin.py:188} INFO - [2025-11-28T07:04:45.285+0000] {dag.py:3036} INFO - Sync 1 DAGs
[2025-11-28T07:04:45.308+0000] {logging_mixin.py:188} INFO - [2025-11-28T07:04:45.308+0000] {dag.py:3823} INFO - Setting next_dagrun for example_task_group to 2025-11-27 00:00:00+00:00, run_after=2025-11-28 00:00:00+00:00
[2025-11-28T07:04:45.331+0000] {processor.py:183} INFO - Processing /home/airflow/.local/lib/python3.8/site-packages/airflow/example_dags/example_task_group.py took 0.080 seconds
[2025-11-28T07:05:15.833+0000] {processor.py:161} INFO - Started process (PID=1487) to work on /home/airflow/.local/lib/python3.8/site-packages/airflow/example_dags/example_task_group.py
[2025-11-28T07:05:15.835+0000] {processor.py:830} INFO - Processing file /home/airflow/.local/lib/python3.8/site-packages/airflow/example_dags/example_task_group.py for tasks to queue
[2025-11-28T07:05:15.837+0000] {logging_mixin.py:188} INFO - [2025-11-28T07:05:15.837+0000] {dagbag.py:538} INFO - Filling up the DagBag from /home/airflow/.local/lib/python3.8/site-packages/airflow/example_dags/example_task_group.py
[2025-11-28T07:05:15.843+0000] {processor.py:840} INFO - DAG(s) 'example_task_group' retrieved from /home/airflow/.local/lib/python3.8/site-packages/airflow/example_dags/example_task_group.py
[2025-11-28T07:05:15.862+0000] {logging_mixin.py:188} INFO - [2025-11-28T07:05:15.862+0000] {dag.py:3036} INFO - Sync 1 DAGs
[2025-11-28T07:05:15.881+0000] {logging_mixin.py:188} INFO - [2025-11-28T07:05:15.881+0000] {dag.py:3823} INFO - Setting next_dagrun for example_task_group to 2025-11-27 00:00:00+00:00, run_after=2025-11-28 00:00:00+00:00
[2025-11-28T07:05:15.898+0000] {processor.py:183} INFO - Processing /home/airflow/.local/lib/python3.8/site-packages/airflow/example_dags/example_task_group.py took 0.068 seconds
[2025-11-28T07:05:46.345+0000] {processor.py:161} INFO - Started process (PID=1542) to work on /home/airflow/.local/lib/python3.8/site-packages/airflow/example_dags/example_task_group.py
[2025-11-28T07:05:46.347+0000] {processor.py:830} INFO - Processing file /home/airflow/.local/lib/python3.8/site-packages/airflow/example_dags/example_task_group.py for tasks to queue
[2025-11-28T07:05:46.349+0000] {logging_mixin.py:188} INFO - [2025-11-28T07:05:46.349+0000] {dagbag.py:538} INFO - Filling up the DagBag from /home/airflow/.local/lib/python3.8/site-packages/airflow/example_dags/example_task_group.py
[2025-11-28T07:05:46.356+0000] {processor.py:840} INFO - DAG(s) 'example_task_group' retrieved from /home/airflow/.local/lib/python3.8/site-packages/airflow/example_dags/example_task_group.py
[2025-11-28T07:05:46.378+0000] {logging_mixin.py:188} INFO - [2025-11-28T07:05:46.377+0000] {dag.py:3036} INFO - Sync 1 DAGs
[2025-11-28T07:05:46.408+0000] {logging_mixin.py:188} INFO - [2025-11-28T07:05:46.408+0000] {dag.py:3823} INFO - Setting next_dagrun for example_task_group to 2025-11-27 00:00:00+00:00, run_after=2025-11-28 00:00:00+00:00
[2025-11-28T07:05:46.442+0000] {processor.py:183} INFO - Processing /home/airflow/.local/lib/python3.8/site-packages/airflow/example_dags/example_task_group.py took 0.100 seconds
[2025-11-28T07:06:17.246+0000] {processor.py:161} INFO - Started process (PID=1597) to work on /home/airflow/.local/lib/python3.8/site-packages/airflow/example_dags/example_task_group.py
[2025-11-28T07:06:17.248+0000] {processor.py:830} INFO - Processing file /home/airflow/.local/lib/python3.8/site-packages/airflow/example_dags/example_task_group.py for tasks to queue
[2025-11-28T07:06:17.252+0000] {logging_mixin.py:188} INFO - [2025-11-28T07:06:17.252+0000] {dagbag.py:538} INFO - Filling up the DagBag from /home/airflow/.local/lib/python3.8/site-packages/airflow/example_dags/example_task_group.py
[2025-11-28T07:06:17.260+0000] {processor.py:840} INFO - DAG(s) 'example_task_group' retrieved from /home/airflow/.local/lib/python3.8/site-packages/airflow/example_dags/example_task_group.py
[2025-11-28T07:06:17.283+0000] {logging_mixin.py:188} INFO - [2025-11-28T07:06:17.283+0000] {dag.py:3036} INFO - Sync 1 DAGs
[2025-11-28T07:06:17.302+0000] {logging_mixin.py:188} INFO - [2025-11-28T07:06:17.302+0000] {dag.py:3823} INFO - Setting next_dagrun for example_task_group to 2025-11-27 00:00:00+00:00, run_after=2025-11-28 00:00:00+00:00
[2025-11-28T07:06:17.316+0000] {processor.py:183} INFO - Processing /home/airflow/.local/lib/python3.8/site-packages/airflow/example_dags/example_task_group.py took 0.077 seconds
[2025-11-28T07:06:47.530+0000] {processor.py:161} INFO - Started process (PID=1652) to work on /home/airflow/.local/lib/python3.8/site-packages/airflow/example_dags/example_task_group.py
[2025-11-28T07:06:47.532+0000] {processor.py:830} INFO - Processing file /home/airflow/.local/lib/python3.8/site-packages/airflow/example_dags/example_task_group.py for tasks to queue
[2025-11-28T07:06:47.536+0000] {logging_mixin.py:188} INFO - [2025-11-28T07:06:47.536+0000] {dagbag.py:538} INFO - Filling up the DagBag from /home/airflow/.local/lib/python3.8/site-packages/airflow/example_dags/example_task_group.py
[2025-11-28T07:06:47.542+0000] {processor.py:840} INFO - DAG(s) 'example_task_group' retrieved from /home/airflow/.local/lib/python3.8/site-packages/airflow/example_dags/example_task_group.py
[2025-11-28T07:06:47.563+0000] {logging_mixin.py:188} INFO - [2025-11-28T07:06:47.563+0000] {dag.py:3036} INFO - Sync 1 DAGs
[2025-11-28T07:06:47.580+0000] {logging_mixin.py:188} INFO - [2025-11-28T07:06:47.580+0000] {dag.py:3823} INFO - Setting next_dagrun for example_task_group to 2025-11-27 00:00:00+00:00, run_after=2025-11-28 00:00:00+00:00
[2025-11-28T07:06:47.594+0000] {processor.py:183} INFO - Processing /home/airflow/.local/lib/python3.8/site-packages/airflow/example_dags/example_task_group.py took 0.067 seconds
[2025-11-28T07:07:18.268+0000] {processor.py:161} INFO - Started process (PID=1707) to work on /home/airflow/.local/lib/python3.8/site-packages/airflow/example_dags/example_task_group.py
[2025-11-28T07:07:18.270+0000] {processor.py:830} INFO - Processing file /home/airflow/.local/lib/python3.8/site-packages/airflow/example_dags/example_task_group.py for tasks to queue
[2025-11-28T07:07:18.272+0000] {logging_mixin.py:188} INFO - [2025-11-28T07:07:18.272+0000] {dagbag.py:538} INFO - Filling up the DagBag from /home/airflow/.local/lib/python3.8/site-packages/airflow/example_dags/example_task_group.py
[2025-11-28T07:07:18.277+0000] {processor.py:840} INFO - DAG(s) 'example_task_group' retrieved from /home/airflow/.local/lib/python3.8/site-packages/airflow/example_dags/example_task_group.py
[2025-11-28T07:07:18.293+0000] {logging_mixin.py:188} INFO - [2025-11-28T07:07:18.293+0000] {dag.py:3036} INFO - Sync 1 DAGs
[2025-11-28T07:07:18.313+0000] {logging_mixin.py:188} INFO - [2025-11-28T07:07:18.312+0000] {dag.py:3823} INFO - Setting next_dagrun for example_task_group to 2025-11-27 00:00:00+00:00, run_after=2025-11-28 00:00:00+00:00
[2025-11-28T07:07:18.328+0000] {processor.py:183} INFO - Processing /home/airflow/.local/lib/python3.8/site-packages/airflow/example_dags/example_task_group.py took 0.063 seconds
[2025-11-28T07:07:48.739+0000] {processor.py:161} INFO - Started process (PID=1762) to work on /home/airflow/.local/lib/python3.8/site-packages/airflow/example_dags/example_task_group.py
[2025-11-28T07:07:48.741+0000] {processor.py:830} INFO - Processing file /home/airflow/.local/lib/python3.8/site-packages/airflow/example_dags/example_task_group.py for tasks to queue
[2025-11-28T07:07:48.745+0000] {logging_mixin.py:188} INFO - [2025-11-28T07:07:48.745+0000] {dagbag.py:538} INFO - Filling up the DagBag from /home/airflow/.local/lib/python3.8/site-packages/airflow/example_dags/example_task_group.py
[2025-11-28T07:07:48.763+0000] {processor.py:840} INFO - DAG(s) 'example_task_group' retrieved from /home/airflow/.local/lib/python3.8/site-packages/airflow/example_dags/example_task_group.py
[2025-11-28T07:07:48.799+0000] {logging_mixin.py:188} INFO - [2025-11-28T07:07:48.799+0000] {dag.py:3036} INFO - Sync 1 DAGs
[2025-11-28T07:07:48.816+0000] {logging_mixin.py:188} INFO - [2025-11-28T07:07:48.816+0000] {dag.py:3823} INFO - Setting next_dagrun for example_task_group to 2025-11-27 00:00:00+00:00, run_after=2025-11-28 00:00:00+00:00
[2025-11-28T07:07:48.829+0000] {processor.py:183} INFO - Processing /home/airflow/.local/lib/python3.8/site-packages/airflow/example_dags/example_task_group.py took 0.097 seconds
[2025-11-28T07:08:19.119+0000] {processor.py:161} INFO - Started process (PID=1817) to work on /home/airflow/.local/lib/python3.8/site-packages/airflow/example_dags/example_task_group.py
[2025-11-28T07:08:19.121+0000] {processor.py:830} INFO - Processing file /home/airflow/.local/lib/python3.8/site-packages/airflow/example_dags/example_task_group.py for tasks to queue
[2025-11-28T07:08:19.123+0000] {logging_mixin.py:188} INFO - [2025-11-28T07:08:19.123+0000] {dagbag.py:538} INFO - Filling up the DagBag from /home/airflow/.local/lib/python3.8/site-packages/airflow/example_dags/example_task_group.py
[2025-11-28T07:08:19.131+0000] {processor.py:840} INFO - DAG(s) 'example_task_group' retrieved from /home/airflow/.local/lib/python3.8/site-packages/airflow/example_dags/example_task_group.py
[2025-11-28T07:08:19.159+0000] {logging_mixin.py:188} INFO - [2025-11-28T07:08:19.159+0000] {dag.py:3036} INFO - Sync 1 DAGs
[2025-11-28T07:08:19.187+0000] {logging_mixin.py:188} INFO - [2025-11-28T07:08:19.187+0000] {dag.py:3823} INFO - Setting next_dagrun for example_task_group to 2025-11-27 00:00:00+00:00, run_after=2025-11-28 00:00:00+00:00
[2025-11-28T07:08:19.212+0000] {processor.py:183} INFO - Processing /home/airflow/.local/lib/python3.8/site-packages/airflow/example_dags/example_task_group.py took 0.099 seconds
[2025-11-28T07:08:49.966+0000] {processor.py:161} INFO - Started process (PID=1872) to work on /home/airflow/.local/lib/python3.8/site-packages/airflow/example_dags/example_task_group.py
[2025-11-28T07:08:49.968+0000] {processor.py:830} INFO - Processing file /home/airflow/.local/lib/python3.8/site-packages/airflow/example_dags/example_task_group.py for tasks to queue
[2025-11-28T07:08:49.971+0000] {logging_mixin.py:188} INFO - [2025-11-28T07:08:49.971+0000] {dagbag.py:538} INFO - Filling up the DagBag from /home/airflow/.local/lib/python3.8/site-packages/airflow/example_dags/example_task_group.py
[2025-11-28T07:08:49.979+0000] {processor.py:840} INFO - DAG(s) 'example_task_group' retrieved from /home/airflow/.local/lib/python3.8/site-packages/airflow/example_dags/example_task_group.py
[2025-11-28T07:08:50.000+0000] {logging_mixin.py:188} INFO - [2025-11-28T07:08:50.000+0000] {dag.py:3036} INFO - Sync 1 DAGs
[2025-11-28T07:08:50.028+0000] {logging_mixin.py:188} INFO - [2025-11-28T07:08:50.028+0000] {dag.py:3823} INFO - Setting next_dagrun for example_task_group to 2025-11-27 00:00:00+00:00, run_after=2025-11-28 00:00:00+00:00
[2025-11-28T07:08:50.054+0000] {processor.py:183} INFO - Processing /home/airflow/.local/lib/python3.8/site-packages/airflow/example_dags/example_task_group.py took 0.090 seconds
[2025-11-28T07:09:21.217+0000] {processor.py:161} INFO - Started process (PID=1927) to work on /home/airflow/.local/lib/python3.8/site-packages/airflow/example_dags/example_task_group.py
[2025-11-28T07:09:21.218+0000] {processor.py:830} INFO - Processing file /home/airflow/.local/lib/python3.8/site-packages/airflow/example_dags/example_task_group.py for tasks to queue
[2025-11-28T07:09:21.221+0000] {logging_mixin.py:188} INFO - [2025-11-28T07:09:21.220+0000] {dagbag.py:538} INFO - Filling up the DagBag from /home/airflow/.local/lib/python3.8/site-packages/airflow/example_dags/example_task_group.py
[2025-11-28T07:09:21.228+0000] {processor.py:840} INFO - DAG(s) 'example_task_group' retrieved from /home/airflow/.local/lib/python3.8/site-packages/airflow/example_dags/example_task_group.py
[2025-11-28T07:09:21.248+0000] {logging_mixin.py:188} INFO - [2025-11-28T07:09:21.247+0000] {dag.py:3036} INFO - Sync 1 DAGs
[2025-11-28T07:09:21.266+0000] {logging_mixin.py:188} INFO - [2025-11-28T07:09:21.266+0000] {dag.py:3823} INFO - Setting next_dagrun for example_task_group to 2025-11-27 00:00:00+00:00, run_after=2025-11-28 00:00:00+00:00
[2025-11-28T07:09:21.285+0000] {processor.py:183} INFO - Processing /home/airflow/.local/lib/python3.8/site-packages/airflow/example_dags/example_task_group.py took 0.072 seconds
[2025-11-28T07:09:51.837+0000] {processor.py:161} INFO - Started process (PID=1982) to work on /home/airflow/.local/lib/python3.8/site-packages/airflow/example_dags/example_task_group.py
[2025-11-28T07:09:51.839+0000] {processor.py:830} INFO - Processing file /home/airflow/.local/lib/python3.8/site-packages/airflow/example_dags/example_task_group.py for tasks to queue
[2025-11-28T07:09:51.841+0000] {logging_mixin.py:188} INFO - [2025-11-28T07:09:51.840+0000] {dagbag.py:538} INFO - Filling up the DagBag from /home/airflow/.local/lib/python3.8/site-packages/airflow/example_dags/example_task_group.py
[2025-11-28T07:09:51.848+0000] {processor.py:840} INFO - DAG(s) 'example_task_group' retrieved from /home/airflow/.local/lib/python3.8/site-packages/airflow/example_dags/example_task_group.py
[2025-11-28T07:09:51.874+0000] {logging_mixin.py:188} INFO - [2025-11-28T07:09:51.873+0000] {dag.py:3036} INFO - Sync 1 DAGs
[2025-11-28T07:09:51.900+0000] {logging_mixin.py:188} INFO - [2025-11-28T07:09:51.900+0000] {dag.py:3823} INFO - Setting next_dagrun for example_task_group to 2025-11-27 00:00:00+00:00, run_after=2025-11-28 00:00:00+00:00
[2025-11-28T07:09:51.921+0000] {processor.py:183} INFO - Processing /home/airflow/.local/lib/python3.8/site-packages/airflow/example_dags/example_task_group.py took 0.088 seconds
[2025-11-28T07:10:22.004+0000] {processor.py:161} INFO - Started process (PID=2037) to work on /home/airflow/.local/lib/python3.8/site-packages/airflow/example_dags/example_task_group.py
[2025-11-28T07:10:22.006+0000] {processor.py:830} INFO - Processing file /home/airflow/.local/lib/python3.8/site-packages/airflow/example_dags/example_task_group.py for tasks to queue
[2025-11-28T07:10:22.008+0000] {logging_mixin.py:188} INFO - [2025-11-28T07:10:22.008+0000] {dagbag.py:538} INFO - Filling up the DagBag from /home/airflow/.local/lib/python3.8/site-packages/airflow/example_dags/example_task_group.py
[2025-11-28T07:10:22.016+0000] {processor.py:840} INFO - DAG(s) 'example_task_group' retrieved from /home/airflow/.local/lib/python3.8/site-packages/airflow/example_dags/example_task_group.py
[2025-11-28T07:10:22.036+0000] {logging_mixin.py:188} INFO - [2025-11-28T07:10:22.036+0000] {dag.py:3036} INFO - Sync 1 DAGs
[2025-11-28T07:10:22.060+0000] {logging_mixin.py:188} INFO - [2025-11-28T07:10:22.060+0000] {dag.py:3823} INFO - Setting next_dagrun for example_task_group to 2025-11-27 00:00:00+00:00, run_after=2025-11-28 00:00:00+00:00
[2025-11-28T07:10:22.085+0000] {processor.py:183} INFO - Processing /home/airflow/.local/lib/python3.8/site-packages/airflow/example_dags/example_task_group.py took 0.084 seconds
[2025-11-28T07:10:52.344+0000] {processor.py:161} INFO - Started process (PID=2092) to work on /home/airflow/.local/lib/python3.8/site-packages/airflow/example_dags/example_task_group.py
[2025-11-28T07:10:52.346+0000] {processor.py:830} INFO - Processing file /home/airflow/.local/lib/python3.8/site-packages/airflow/example_dags/example_task_group.py for tasks to queue
[2025-11-28T07:10:52.348+0000] {logging_mixin.py:188} INFO - [2025-11-28T07:10:52.348+0000] {dagbag.py:538} INFO - Filling up the DagBag from /home/airflow/.local/lib/python3.8/site-packages/airflow/example_dags/example_task_group.py
[2025-11-28T07:10:52.354+0000] {processor.py:840} INFO - DAG(s) 'example_task_group' retrieved from /home/airflow/.local/lib/python3.8/site-packages/airflow/example_dags/example_task_group.py
[2025-11-28T07:10:52.374+0000] {logging_mixin.py:188} INFO - [2025-11-28T07:10:52.374+0000] {dag.py:3036} INFO - Sync 1 DAGs
[2025-11-28T07:10:52.391+0000] {logging_mixin.py:188} INFO - [2025-11-28T07:10:52.391+0000] {dag.py:3823} INFO - Setting next_dagrun for example_task_group to 2025-11-27 00:00:00+00:00, run_after=2025-11-28 00:00:00+00:00
[2025-11-28T07:10:52.410+0000] {processor.py:183} INFO - Processing /home/airflow/.local/lib/python3.8/site-packages/airflow/example_dags/example_task_group.py took 0.069 seconds
[2025-11-28T07:11:23.221+0000] {processor.py:161} INFO - Started process (PID=2147) to work on /home/airflow/.local/lib/python3.8/site-packages/airflow/example_dags/example_task_group.py
[2025-11-28T07:11:23.223+0000] {processor.py:830} INFO - Processing file /home/airflow/.local/lib/python3.8/site-packages/airflow/example_dags/example_task_group.py for tasks to queue
[2025-11-28T07:11:23.225+0000] {logging_mixin.py:188} INFO - [2025-11-28T07:11:23.224+0000] {dagbag.py:538} INFO - Filling up the DagBag from /home/airflow/.local/lib/python3.8/site-packages/airflow/example_dags/example_task_group.py
[2025-11-28T07:11:23.233+0000] {processor.py:840} INFO - DAG(s) 'example_task_group' retrieved from /home/airflow/.local/lib/python3.8/site-packages/airflow/example_dags/example_task_group.py
[2025-11-28T07:11:23.257+0000] {logging_mixin.py:188} INFO - [2025-11-28T07:11:23.256+0000] {dag.py:3036} INFO - Sync 1 DAGs
[2025-11-28T07:11:23.274+0000] {logging_mixin.py:188} INFO - [2025-11-28T07:11:23.273+0000] {dag.py:3823} INFO - Setting next_dagrun for example_task_group to 2025-11-27 00:00:00+00:00, run_after=2025-11-28 00:00:00+00:00
[2025-11-28T07:11:23.295+0000] {processor.py:183} INFO - Processing /home/airflow/.local/lib/python3.8/site-packages/airflow/example_dags/example_task_group.py took 0.077 seconds
[2025-11-28T07:11:53.463+0000] {processor.py:161} INFO - Started process (PID=2202) to work on /home/airflow/.local/lib/python3.8/site-packages/airflow/example_dags/example_task_group.py
[2025-11-28T07:11:53.465+0000] {processor.py:830} INFO - Processing file /home/airflow/.local/lib/python3.8/site-packages/airflow/example_dags/example_task_group.py for tasks to queue
[2025-11-28T07:11:53.468+0000] {logging_mixin.py:188} INFO - [2025-11-28T07:11:53.468+0000] {dagbag.py:538} INFO - Filling up the DagBag from /home/airflow/.local/lib/python3.8/site-packages/airflow/example_dags/example_task_group.py
[2025-11-28T07:11:53.476+0000] {processor.py:840} INFO - DAG(s) 'example_task_group' retrieved from /home/airflow/.local/lib/python3.8/site-packages/airflow/example_dags/example_task_group.py
[2025-11-28T07:11:53.497+0000] {logging_mixin.py:188} INFO - [2025-11-28T07:11:53.497+0000] {dag.py:3036} INFO - Sync 1 DAGs
[2025-11-28T07:11:53.519+0000] {logging_mixin.py:188} INFO - [2025-11-28T07:11:53.519+0000] {dag.py:3823} INFO - Setting next_dagrun for example_task_group to 2025-11-27 00:00:00+00:00, run_after=2025-11-28 00:00:00+00:00
[2025-11-28T07:11:53.541+0000] {processor.py:183} INFO - Processing /home/airflow/.local/lib/python3.8/site-packages/airflow/example_dags/example_task_group.py took 0.081 seconds
[2025-11-28T07:12:24.026+0000] {processor.py:161} INFO - Started process (PID=2257) to work on /home/airflow/.local/lib/python3.8/site-packages/airflow/example_dags/example_task_group.py
[2025-11-28T07:12:24.028+0000] {processor.py:830} INFO - Processing file /home/airflow/.local/lib/python3.8/site-packages/airflow/example_dags/example_task_group.py for tasks to queue
[2025-11-28T07:12:24.030+0000] {logging_mixin.py:188} INFO - [2025-11-28T07:12:24.030+0000] {dagbag.py:538} INFO - Filling up the DagBag from /home/airflow/.local/lib/python3.8/site-packages/airflow/example_dags/example_task_group.py
[2025-11-28T07:12:24.045+0000] {processor.py:840} INFO - DAG(s) 'example_task_group' retrieved from /home/airflow/.local/lib/python3.8/site-packages/airflow/example_dags/example_task_group.py
[2025-11-28T07:12:24.061+0000] {logging_mixin.py:188} INFO - [2025-11-28T07:12:24.061+0000] {dag.py:3036} INFO - Sync 1 DAGs
[2025-11-28T07:12:24.077+0000] {logging_mixin.py:188} INFO - [2025-11-28T07:12:24.076+0000] {dag.py:3823} INFO - Setting next_dagrun for example_task_group to 2025-11-27 00:00:00+00:00, run_after=2025-11-28 00:00:00+00:00
[2025-11-28T07:12:24.092+0000] {processor.py:183} INFO - Processing /home/airflow/.local/lib/python3.8/site-packages/airflow/example_dags/example_task_group.py took 0.069 seconds
[2025-11-28T07:12:54.638+0000] {processor.py:161} INFO - Started process (PID=2312) to work on /home/airflow/.local/lib/python3.8/site-packages/airflow/example_dags/example_task_group.py
[2025-11-28T07:12:54.639+0000] {processor.py:830} INFO - Processing file /home/airflow/.local/lib/python3.8/site-packages/airflow/example_dags/example_task_group.py for tasks to queue
[2025-11-28T07:12:54.641+0000] {logging_mixin.py:188} INFO - [2025-11-28T07:12:54.641+0000] {dagbag.py:538} INFO - Filling up the DagBag from /home/airflow/.local/lib/python3.8/site-packages/airflow/example_dags/example_task_group.py
[2025-11-28T07:12:54.647+0000] {processor.py:840} INFO - DAG(s) 'example_task_group' retrieved from /home/airflow/.local/lib/python3.8/site-packages/airflow/example_dags/example_task_group.py
[2025-11-28T07:12:54.667+0000] {logging_mixin.py:188} INFO - [2025-11-28T07:12:54.667+0000] {dag.py:3036} INFO - Sync 1 DAGs
[2025-11-28T07:12:54.685+0000] {logging_mixin.py:188} INFO - [2025-11-28T07:12:54.685+0000] {dag.py:3823} INFO - Setting next_dagrun for example_task_group to 2025-11-27 00:00:00+00:00, run_after=2025-11-28 00:00:00+00:00
[2025-11-28T07:12:54.706+0000] {processor.py:183} INFO - Processing /home/airflow/.local/lib/python3.8/site-packages/airflow/example_dags/example_task_group.py took 0.071 seconds
[2025-11-28T07:13:25.734+0000] {processor.py:161} INFO - Started process (PID=2367) to work on /home/airflow/.local/lib/python3.8/site-packages/airflow/example_dags/example_task_group.py
[2025-11-28T07:13:25.736+0000] {processor.py:830} INFO - Processing file /home/airflow/.local/lib/python3.8/site-packages/airflow/example_dags/example_task_group.py for tasks to queue
[2025-11-28T07:13:25.737+0000] {logging_mixin.py:188} INFO - [2025-11-28T07:13:25.737+0000] {dagbag.py:538} INFO - Filling up the DagBag from /home/airflow/.local/lib/python3.8/site-packages/airflow/example_dags/example_task_group.py
[2025-11-28T07:13:25.745+0000] {processor.py:840} INFO - DAG(s) 'example_task_group' retrieved from /home/airflow/.local/lib/python3.8/site-packages/airflow/example_dags/example_task_group.py
[2025-11-28T07:13:25.768+0000] {logging_mixin.py:188} INFO - [2025-11-28T07:13:25.768+0000] {dag.py:3036} INFO - Sync 1 DAGs
[2025-11-28T07:13:25.787+0000] {logging_mixin.py:188} INFO - [2025-11-28T07:13:25.787+0000] {dag.py:3823} INFO - Setting next_dagrun for example_task_group to 2025-11-27 00:00:00+00:00, run_after=2025-11-28 00:00:00+00:00
[2025-11-28T07:13:25.934+0000] {processor.py:183} INFO - Processing /home/airflow/.local/lib/python3.8/site-packages/airflow/example_dags/example_task_group.py took 0.203 seconds
[2025-11-28T07:13:56.246+0000] {processor.py:161} INFO - Started process (PID=2422) to work on /home/airflow/.local/lib/python3.8/site-packages/airflow/example_dags/example_task_group.py
[2025-11-28T07:13:56.247+0000] {processor.py:830} INFO - Processing file /home/airflow/.local/lib/python3.8/site-packages/airflow/example_dags/example_task_group.py for tasks to queue
[2025-11-28T07:13:56.250+0000] {logging_mixin.py:188} INFO - [2025-11-28T07:13:56.249+0000] {dagbag.py:538} INFO - Filling up the DagBag from /home/airflow/.local/lib/python3.8/site-packages/airflow/example_dags/example_task_group.py
[2025-11-28T07:13:56.257+0000] {processor.py:840} INFO - DAG(s) 'example_task_group' retrieved from /home/airflow/.local/lib/python3.8/site-packages/airflow/example_dags/example_task_group.py
[2025-11-28T07:13:56.276+0000] {logging_mixin.py:188} INFO - [2025-11-28T07:13:56.276+0000] {dag.py:3036} INFO - Sync 1 DAGs
[2025-11-28T07:13:56.298+0000] {logging_mixin.py:188} INFO - [2025-11-28T07:13:56.298+0000] {dag.py:3823} INFO - Setting next_dagrun for example_task_group to 2025-11-27 00:00:00+00:00, run_after=2025-11-28 00:00:00+00:00
[2025-11-28T07:13:56.318+0000] {processor.py:183} INFO - Processing /home/airflow/.local/lib/python3.8/site-packages/airflow/example_dags/example_task_group.py took 0.076 seconds
[2025-11-28T07:14:26.544+0000] {processor.py:161} INFO - Started process (PID=2478) to work on /home/airflow/.local/lib/python3.8/site-packages/airflow/example_dags/example_task_group.py
[2025-11-28T07:14:26.545+0000] {processor.py:830} INFO - Processing file /home/airflow/.local/lib/python3.8/site-packages/airflow/example_dags/example_task_group.py for tasks to queue
[2025-11-28T07:14:26.547+0000] {logging_mixin.py:188} INFO - [2025-11-28T07:14:26.547+0000] {dagbag.py:538} INFO - Filling up the DagBag from /home/airflow/.local/lib/python3.8/site-packages/airflow/example_dags/example_task_group.py
[2025-11-28T07:14:26.553+0000] {processor.py:840} INFO - DAG(s) 'example_task_group' retrieved from /home/airflow/.local/lib/python3.8/site-packages/airflow/example_dags/example_task_group.py
[2025-11-28T07:14:26.571+0000] {logging_mixin.py:188} INFO - [2025-11-28T07:14:26.571+0000] {dag.py:3036} INFO - Sync 1 DAGs
[2025-11-28T07:14:26.587+0000] {logging_mixin.py:188} INFO - [2025-11-28T07:14:26.587+0000] {dag.py:3823} INFO - Setting next_dagrun for example_task_group to 2025-11-27 00:00:00+00:00, run_after=2025-11-28 00:00:00+00:00
[2025-11-28T07:14:26.604+0000] {processor.py:183} INFO - Processing /home/airflow/.local/lib/python3.8/site-packages/airflow/example_dags/example_task_group.py took 0.063 seconds
[2025-11-28T07:14:56.834+0000] {processor.py:161} INFO - Started process (PID=2533) to work on /home/airflow/.local/lib/python3.8/site-packages/airflow/example_dags/example_task_group.py
[2025-11-28T07:14:56.836+0000] {processor.py:830} INFO - Processing file /home/airflow/.local/lib/python3.8/site-packages/airflow/example_dags/example_task_group.py for tasks to queue
[2025-11-28T07:14:56.839+0000] {logging_mixin.py:188} INFO - [2025-11-28T07:14:56.839+0000] {dagbag.py:538} INFO - Filling up the DagBag from /home/airflow/.local/lib/python3.8/site-packages/airflow/example_dags/example_task_group.py
[2025-11-28T07:14:56.847+0000] {processor.py:840} INFO - DAG(s) 'example_task_group' retrieved from /home/airflow/.local/lib/python3.8/site-packages/airflow/example_dags/example_task_group.py
[2025-11-28T07:14:56.872+0000] {logging_mixin.py:188} INFO - [2025-11-28T07:14:56.872+0000] {dag.py:3036} INFO - Sync 1 DAGs
[2025-11-28T07:14:56.891+0000] {logging_mixin.py:188} INFO - [2025-11-28T07:14:56.891+0000] {dag.py:3823} INFO - Setting next_dagrun for example_task_group to 2025-11-27 00:00:00+00:00, run_after=2025-11-28 00:00:00+00:00
[2025-11-28T07:14:56.909+0000] {processor.py:183} INFO - Processing /home/airflow/.local/lib/python3.8/site-packages/airflow/example_dags/example_task_group.py took 0.078 seconds
[2025-11-28T07:15:27.837+0000] {processor.py:161} INFO - Started process (PID=2588) to work on /home/airflow/.local/lib/python3.8/site-packages/airflow/example_dags/example_task_group.py
[2025-11-28T07:15:27.839+0000] {processor.py:830} INFO - Processing file /home/airflow/.local/lib/python3.8/site-packages/airflow/example_dags/example_task_group.py for tasks to queue
[2025-11-28T07:15:27.843+0000] {logging_mixin.py:188} INFO - [2025-11-28T07:15:27.843+0000] {dagbag.py:538} INFO - Filling up the DagBag from /home/airflow/.local/lib/python3.8/site-packages/airflow/example_dags/example_task_group.py
[2025-11-28T07:15:27.849+0000] {processor.py:840} INFO - DAG(s) 'example_task_group' retrieved from /home/airflow/.local/lib/python3.8/site-packages/airflow/example_dags/example_task_group.py
[2025-11-28T07:15:27.873+0000] {logging_mixin.py:188} INFO - [2025-11-28T07:15:27.873+0000] {dag.py:3036} INFO - Sync 1 DAGs
[2025-11-28T07:15:27.891+0000] {logging_mixin.py:188} INFO - [2025-11-28T07:15:27.891+0000] {dag.py:3823} INFO - Setting next_dagrun for example_task_group to 2025-11-27 00:00:00+00:00, run_after=2025-11-28 00:00:00+00:00
[2025-11-28T07:15:27.905+0000] {processor.py:183} INFO - Processing /home/airflow/.local/lib/python3.8/site-packages/airflow/example_dags/example_task_group.py took 0.070 seconds
[2025-11-28T07:15:58.786+0000] {processor.py:161} INFO - Started process (PID=2643) to work on /home/airflow/.local/lib/python3.8/site-packages/airflow/example_dags/example_task_group.py
[2025-11-28T07:15:58.787+0000] {processor.py:830} INFO - Processing file /home/airflow/.local/lib/python3.8/site-packages/airflow/example_dags/example_task_group.py for tasks to queue
[2025-11-28T07:15:58.789+0000] {logging_mixin.py:188} INFO - [2025-11-28T07:15:58.789+0000] {dagbag.py:538} INFO - Filling up the DagBag from /home/airflow/.local/lib/python3.8/site-packages/airflow/example_dags/example_task_group.py
[2025-11-28T07:15:58.797+0000] {processor.py:840} INFO - DAG(s) 'example_task_group' retrieved from /home/airflow/.local/lib/python3.8/site-packages/airflow/example_dags/example_task_group.py
[2025-11-28T07:15:58.818+0000] {logging_mixin.py:188} INFO - [2025-11-28T07:15:58.818+0000] {dag.py:3036} INFO - Sync 1 DAGs
[2025-11-28T07:15:58.837+0000] {logging_mixin.py:188} INFO - [2025-11-28T07:15:58.837+0000] {dag.py:3823} INFO - Setting next_dagrun for example_task_group to 2025-11-27 00:00:00+00:00, run_after=2025-11-28 00:00:00+00:00
[2025-11-28T07:15:58.857+0000] {processor.py:183} INFO - Processing /home/airflow/.local/lib/python3.8/site-packages/airflow/example_dags/example_task_group.py took 0.075 seconds
[2025-11-28T07:16:29.932+0000] {processor.py:161} INFO - Started process (PID=2698) to work on /home/airflow/.local/lib/python3.8/site-packages/airflow/example_dags/example_task_group.py
[2025-11-28T07:16:29.935+0000] {processor.py:830} INFO - Processing file /home/airflow/.local/lib/python3.8/site-packages/airflow/example_dags/example_task_group.py for tasks to queue
[2025-11-28T07:16:29.939+0000] {logging_mixin.py:188} INFO - [2025-11-28T07:16:29.938+0000] {dagbag.py:538} INFO - Filling up the DagBag from /home/airflow/.local/lib/python3.8/site-packages/airflow/example_dags/example_task_group.py
[2025-11-28T07:16:30.067+0000] {processor.py:840} INFO - DAG(s) 'example_task_group' retrieved from /home/airflow/.local/lib/python3.8/site-packages/airflow/example_dags/example_task_group.py
[2025-11-28T07:16:30.088+0000] {logging_mixin.py:188} INFO - [2025-11-28T07:16:30.087+0000] {dag.py:3036} INFO - Sync 1 DAGs
[2025-11-28T07:16:30.103+0000] {logging_mixin.py:188} INFO - [2025-11-28T07:16:30.103+0000] {dag.py:3823} INFO - Setting next_dagrun for example_task_group to 2025-11-27 00:00:00+00:00, run_after=2025-11-28 00:00:00+00:00
[2025-11-28T07:16:30.119+0000] {processor.py:183} INFO - Processing /home/airflow/.local/lib/python3.8/site-packages/airflow/example_dags/example_task_group.py took 0.193 seconds
[2025-11-28T07:17:00.727+0000] {processor.py:161} INFO - Started process (PID=2753) to work on /home/airflow/.local/lib/python3.8/site-packages/airflow/example_dags/example_task_group.py
[2025-11-28T07:17:00.729+0000] {processor.py:830} INFO - Processing file /home/airflow/.local/lib/python3.8/site-packages/airflow/example_dags/example_task_group.py for tasks to queue
[2025-11-28T07:17:00.732+0000] {logging_mixin.py:188} INFO - [2025-11-28T07:17:00.731+0000] {dagbag.py:538} INFO - Filling up the DagBag from /home/airflow/.local/lib/python3.8/site-packages/airflow/example_dags/example_task_group.py
[2025-11-28T07:17:00.740+0000] {processor.py:840} INFO - DAG(s) 'example_task_group' retrieved from /home/airflow/.local/lib/python3.8/site-packages/airflow/example_dags/example_task_group.py
[2025-11-28T07:17:00.760+0000] {logging_mixin.py:188} INFO - [2025-11-28T07:17:00.760+0000] {dag.py:3036} INFO - Sync 1 DAGs
[2025-11-28T07:17:00.779+0000] {logging_mixin.py:188} INFO - [2025-11-28T07:17:00.779+0000] {dag.py:3823} INFO - Setting next_dagrun for example_task_group to 2025-11-27 00:00:00+00:00, run_after=2025-11-28 00:00:00+00:00
[2025-11-28T07:17:00.793+0000] {processor.py:183} INFO - Processing /home/airflow/.local/lib/python3.8/site-packages/airflow/example_dags/example_task_group.py took 0.071 seconds
[2025-11-28T07:17:30.950+0000] {processor.py:161} INFO - Started process (PID=2808) to work on /home/airflow/.local/lib/python3.8/site-packages/airflow/example_dags/example_task_group.py
[2025-11-28T07:17:30.952+0000] {processor.py:830} INFO - Processing file /home/airflow/.local/lib/python3.8/site-packages/airflow/example_dags/example_task_group.py for tasks to queue
[2025-11-28T07:17:30.953+0000] {logging_mixin.py:188} INFO - [2025-11-28T07:17:30.953+0000] {dagbag.py:538} INFO - Filling up the DagBag from /home/airflow/.local/lib/python3.8/site-packages/airflow/example_dags/example_task_group.py
[2025-11-28T07:17:30.959+0000] {processor.py:840} INFO - DAG(s) 'example_task_group' retrieved from /home/airflow/.local/lib/python3.8/site-packages/airflow/example_dags/example_task_group.py
[2025-11-28T07:17:30.979+0000] {logging_mixin.py:188} INFO - [2025-11-28T07:17:30.978+0000] {dag.py:3036} INFO - Sync 1 DAGs
[2025-11-28T07:17:30.996+0000] {logging_mixin.py:188} INFO - [2025-11-28T07:17:30.996+0000] {dag.py:3823} INFO - Setting next_dagrun for example_task_group to 2025-11-27 00:00:00+00:00, run_after=2025-11-28 00:00:00+00:00
[2025-11-28T07:17:31.014+0000] {processor.py:183} INFO - Processing /home/airflow/.local/lib/python3.8/site-packages/airflow/example_dags/example_task_group.py took 0.067 seconds
[2025-11-28T07:18:01.370+0000] {processor.py:161} INFO - Started process (PID=2863) to work on /home/airflow/.local/lib/python3.8/site-packages/airflow/example_dags/example_task_group.py
[2025-11-28T07:18:01.372+0000] {processor.py:830} INFO - Processing file /home/airflow/.local/lib/python3.8/site-packages/airflow/example_dags/example_task_group.py for tasks to queue
[2025-11-28T07:18:01.377+0000] {logging_mixin.py:188} INFO - [2025-11-28T07:18:01.376+0000] {dagbag.py:538} INFO - Filling up the DagBag from /home/airflow/.local/lib/python3.8/site-packages/airflow/example_dags/example_task_group.py
[2025-11-28T07:18:01.387+0000] {processor.py:840} INFO - DAG(s) 'example_task_group' retrieved from /home/airflow/.local/lib/python3.8/site-packages/airflow/example_dags/example_task_group.py
[2025-11-28T07:18:01.412+0000] {logging_mixin.py:188} INFO - [2025-11-28T07:18:01.412+0000] {dag.py:3036} INFO - Sync 1 DAGs
[2025-11-28T07:18:01.440+0000] {logging_mixin.py:188} INFO - [2025-11-28T07:18:01.439+0000] {dag.py:3823} INFO - Setting next_dagrun for example_task_group to 2025-11-27 00:00:00+00:00, run_after=2025-11-28 00:00:00+00:00
[2025-11-28T07:18:01.471+0000] {processor.py:183} INFO - Processing /home/airflow/.local/lib/python3.8/site-packages/airflow/example_dags/example_task_group.py took 0.107 seconds
[2025-11-28T07:18:32.352+0000] {processor.py:161} INFO - Started process (PID=2918) to work on /home/airflow/.local/lib/python3.8/site-packages/airflow/example_dags/example_task_group.py
[2025-11-28T07:18:32.354+0000] {processor.py:830} INFO - Processing file /home/airflow/.local/lib/python3.8/site-packages/airflow/example_dags/example_task_group.py for tasks to queue
[2025-11-28T07:18:32.356+0000] {logging_mixin.py:188} INFO - [2025-11-28T07:18:32.356+0000] {dagbag.py:538} INFO - Filling up the DagBag from /home/airflow/.local/lib/python3.8/site-packages/airflow/example_dags/example_task_group.py
[2025-11-28T07:18:32.364+0000] {processor.py:840} INFO - DAG(s) 'example_task_group' retrieved from /home/airflow/.local/lib/python3.8/site-packages/airflow/example_dags/example_task_group.py
[2025-11-28T07:18:32.385+0000] {logging_mixin.py:188} INFO - [2025-11-28T07:18:32.385+0000] {dag.py:3036} INFO - Sync 1 DAGs
[2025-11-28T07:18:32.405+0000] {logging_mixin.py:188} INFO - [2025-11-28T07:18:32.405+0000] {dag.py:3823} INFO - Setting next_dagrun for example_task_group to 2025-11-27 00:00:00+00:00, run_after=2025-11-28 00:00:00+00:00
[2025-11-28T07:18:32.424+0000] {processor.py:183} INFO - Processing /home/airflow/.local/lib/python3.8/site-packages/airflow/example_dags/example_task_group.py took 0.075 seconds
[2025-11-28T07:19:03.090+0000] {processor.py:161} INFO - Started process (PID=2973) to work on /home/airflow/.local/lib/python3.8/site-packages/airflow/example_dags/example_task_group.py
[2025-11-28T07:19:03.092+0000] {processor.py:830} INFO - Processing file /home/airflow/.local/lib/python3.8/site-packages/airflow/example_dags/example_task_group.py for tasks to queue
[2025-11-28T07:19:03.096+0000] {logging_mixin.py:188} INFO - [2025-11-28T07:19:03.095+0000] {dagbag.py:538} INFO - Filling up the DagBag from /home/airflow/.local/lib/python3.8/site-packages/airflow/example_dags/example_task_group.py
[2025-11-28T07:19:03.105+0000] {processor.py:840} INFO - DAG(s) 'example_task_group' retrieved from /home/airflow/.local/lib/python3.8/site-packages/airflow/example_dags/example_task_group.py
[2025-11-28T07:19:03.132+0000] {logging_mixin.py:188} INFO - [2025-11-28T07:19:03.132+0000] {dag.py:3036} INFO - Sync 1 DAGs
[2025-11-28T07:19:03.157+0000] {logging_mixin.py:188} INFO - [2025-11-28T07:19:03.156+0000] {dag.py:3823} INFO - Setting next_dagrun for example_task_group to 2025-11-27 00:00:00+00:00, run_after=2025-11-28 00:00:00+00:00
[2025-11-28T07:19:03.177+0000] {processor.py:183} INFO - Processing /home/airflow/.local/lib/python3.8/site-packages/airflow/example_dags/example_task_group.py took 0.090 seconds
[2025-11-28T07:19:33.444+0000] {processor.py:161} INFO - Started process (PID=3027) to work on /home/airflow/.local/lib/python3.8/site-packages/airflow/example_dags/example_task_group.py
[2025-11-28T07:19:33.446+0000] {processor.py:830} INFO - Processing file /home/airflow/.local/lib/python3.8/site-packages/airflow/example_dags/example_task_group.py for tasks to queue
[2025-11-28T07:19:33.450+0000] {logging_mixin.py:188} INFO - [2025-11-28T07:19:33.449+0000] {dagbag.py:538} INFO - Filling up the DagBag from /home/airflow/.local/lib/python3.8/site-packages/airflow/example_dags/example_task_group.py
[2025-11-28T07:19:33.465+0000] {processor.py:840} INFO - DAG(s) 'example_task_group' retrieved from /home/airflow/.local/lib/python3.8/site-packages/airflow/example_dags/example_task_group.py
[2025-11-28T07:19:33.506+0000] {logging_mixin.py:188} INFO - [2025-11-28T07:19:33.505+0000] {dag.py:3036} INFO - Sync 1 DAGs
[2025-11-28T07:19:33.534+0000] {logging_mixin.py:188} INFO - [2025-11-28T07:19:33.534+0000] {dag.py:3823} INFO - Setting next_dagrun for example_task_group to 2025-11-27 00:00:00+00:00, run_after=2025-11-28 00:00:00+00:00
[2025-11-28T07:19:33.555+0000] {processor.py:183} INFO - Processing /home/airflow/.local/lib/python3.8/site-packages/airflow/example_dags/example_task_group.py took 0.117 seconds
