[2025-11-28T06:52:29.209+0000] {processor.py:161} INFO - Started process (PID=111) to work on /home/airflow/.local/lib/python3.8/site-packages/airflow/example_dags/example_setup_teardown_taskflow.py
[2025-11-28T06:52:29.210+0000] {processor.py:830} INFO - Processing file /home/airflow/.local/lib/python3.8/site-packages/airflow/example_dags/example_setup_teardown_taskflow.py for tasks to queue
[2025-11-28T06:52:29.213+0000] {logging_mixin.py:188} INFO - [2025-11-28T06:52:29.213+0000] {dagbag.py:538} INFO - Filling up the DagBag from /home/airflow/.local/lib/python3.8/site-packages/airflow/example_dags/example_setup_teardown_taskflow.py
[2025-11-28T06:52:29.227+0000] {processor.py:840} INFO - DAG(s) 'example_setup_teardown_taskflow' retrieved from /home/airflow/.local/lib/python3.8/site-packages/airflow/example_dags/example_setup_teardown_taskflow.py
[2025-11-28T06:52:29.343+0000] {logging_mixin.py:188} INFO - [2025-11-28T06:52:29.342+0000] {override.py:1769} INFO - Created Permission View: can edit on DAG:example_setup_teardown_taskflow
[2025-11-28T06:52:29.354+0000] {logging_mixin.py:188} INFO - [2025-11-28T06:52:29.353+0000] {override.py:1769} INFO - Created Permission View: can delete on DAG:example_setup_teardown_taskflow
[2025-11-28T06:52:29.362+0000] {logging_mixin.py:188} INFO - [2025-11-28T06:52:29.362+0000] {override.py:1769} INFO - Created Permission View: can read on DAG:example_setup_teardown_taskflow
[2025-11-28T06:52:29.363+0000] {logging_mixin.py:188} INFO - [2025-11-28T06:52:29.363+0000] {dag.py:3036} INFO - Sync 1 DAGs
[2025-11-28T06:52:29.374+0000] {logging_mixin.py:188} INFO - [2025-11-28T06:52:29.374+0000] {dag.py:3058} INFO - Creating ORM DAG for example_setup_teardown_taskflow
[2025-11-28T06:52:29.384+0000] {logging_mixin.py:188} INFO - [2025-11-28T06:52:29.384+0000] {dag.py:3823} INFO - Setting next_dagrun for example_setup_teardown_taskflow to 2025-11-27 00:00:00+00:00, run_after=2025-11-28 00:00:00+00:00
[2025-11-28T06:52:29.404+0000] {processor.py:183} INFO - Processing /home/airflow/.local/lib/python3.8/site-packages/airflow/example_dags/example_setup_teardown_taskflow.py took 0.198 seconds
[2025-11-28T06:52:59.610+0000] {processor.py:161} INFO - Started process (PID=166) to work on /home/airflow/.local/lib/python3.8/site-packages/airflow/example_dags/example_setup_teardown_taskflow.py
[2025-11-28T06:52:59.611+0000] {processor.py:830} INFO - Processing file /home/airflow/.local/lib/python3.8/site-packages/airflow/example_dags/example_setup_teardown_taskflow.py for tasks to queue
[2025-11-28T06:52:59.613+0000] {logging_mixin.py:188} INFO - [2025-11-28T06:52:59.613+0000] {dagbag.py:538} INFO - Filling up the DagBag from /home/airflow/.local/lib/python3.8/site-packages/airflow/example_dags/example_setup_teardown_taskflow.py
[2025-11-28T06:52:59.623+0000] {processor.py:840} INFO - DAG(s) 'example_setup_teardown_taskflow' retrieved from /home/airflow/.local/lib/python3.8/site-packages/airflow/example_dags/example_setup_teardown_taskflow.py
[2025-11-28T06:52:59.642+0000] {logging_mixin.py:188} INFO - [2025-11-28T06:52:59.642+0000] {dag.py:3036} INFO - Sync 1 DAGs
[2025-11-28T06:52:59.661+0000] {logging_mixin.py:188} INFO - [2025-11-28T06:52:59.661+0000] {dag.py:3823} INFO - Setting next_dagrun for example_setup_teardown_taskflow to 2025-11-27 00:00:00+00:00, run_after=2025-11-28 00:00:00+00:00
[2025-11-28T06:52:59.680+0000] {processor.py:183} INFO - Processing /home/airflow/.local/lib/python3.8/site-packages/airflow/example_dags/example_setup_teardown_taskflow.py took 0.074 seconds
[2025-11-28T06:53:30.024+0000] {processor.py:161} INFO - Started process (PID=221) to work on /home/airflow/.local/lib/python3.8/site-packages/airflow/example_dags/example_setup_teardown_taskflow.py
[2025-11-28T06:53:30.027+0000] {processor.py:830} INFO - Processing file /home/airflow/.local/lib/python3.8/site-packages/airflow/example_dags/example_setup_teardown_taskflow.py for tasks to queue
[2025-11-28T06:53:30.031+0000] {logging_mixin.py:188} INFO - [2025-11-28T06:53:30.031+0000] {dagbag.py:538} INFO - Filling up the DagBag from /home/airflow/.local/lib/python3.8/site-packages/airflow/example_dags/example_setup_teardown_taskflow.py
[2025-11-28T06:53:30.044+0000] {processor.py:840} INFO - DAG(s) 'example_setup_teardown_taskflow' retrieved from /home/airflow/.local/lib/python3.8/site-packages/airflow/example_dags/example_setup_teardown_taskflow.py
[2025-11-28T06:53:30.074+0000] {logging_mixin.py:188} INFO - [2025-11-28T06:53:30.074+0000] {dag.py:3036} INFO - Sync 1 DAGs
[2025-11-28T06:53:30.100+0000] {logging_mixin.py:188} INFO - [2025-11-28T06:53:30.100+0000] {dag.py:3823} INFO - Setting next_dagrun for example_setup_teardown_taskflow to 2025-11-27 00:00:00+00:00, run_after=2025-11-28 00:00:00+00:00
[2025-11-28T06:53:30.125+0000] {processor.py:183} INFO - Processing /home/airflow/.local/lib/python3.8/site-packages/airflow/example_dags/example_setup_teardown_taskflow.py took 0.106 seconds
[2025-11-28T06:54:00.353+0000] {processor.py:161} INFO - Started process (PID=276) to work on /home/airflow/.local/lib/python3.8/site-packages/airflow/example_dags/example_setup_teardown_taskflow.py
[2025-11-28T06:54:00.355+0000] {processor.py:830} INFO - Processing file /home/airflow/.local/lib/python3.8/site-packages/airflow/example_dags/example_setup_teardown_taskflow.py for tasks to queue
[2025-11-28T06:54:00.356+0000] {logging_mixin.py:188} INFO - [2025-11-28T06:54:00.356+0000] {dagbag.py:538} INFO - Filling up the DagBag from /home/airflow/.local/lib/python3.8/site-packages/airflow/example_dags/example_setup_teardown_taskflow.py
[2025-11-28T06:54:00.365+0000] {processor.py:840} INFO - DAG(s) 'example_setup_teardown_taskflow' retrieved from /home/airflow/.local/lib/python3.8/site-packages/airflow/example_dags/example_setup_teardown_taskflow.py
[2025-11-28T06:54:00.388+0000] {logging_mixin.py:188} INFO - [2025-11-28T06:54:00.388+0000] {dag.py:3036} INFO - Sync 1 DAGs
[2025-11-28T06:54:00.405+0000] {logging_mixin.py:188} INFO - [2025-11-28T06:54:00.405+0000] {dag.py:3823} INFO - Setting next_dagrun for example_setup_teardown_taskflow to 2025-11-27 00:00:00+00:00, run_after=2025-11-28 00:00:00+00:00
[2025-11-28T06:54:00.432+0000] {processor.py:183} INFO - Processing /home/airflow/.local/lib/python3.8/site-packages/airflow/example_dags/example_setup_teardown_taskflow.py took 0.081 seconds
[2025-11-28T06:54:31.455+0000] {processor.py:161} INFO - Started process (PID=331) to work on /home/airflow/.local/lib/python3.8/site-packages/airflow/example_dags/example_setup_teardown_taskflow.py
[2025-11-28T06:54:31.456+0000] {processor.py:830} INFO - Processing file /home/airflow/.local/lib/python3.8/site-packages/airflow/example_dags/example_setup_teardown_taskflow.py for tasks to queue
[2025-11-28T06:54:31.458+0000] {logging_mixin.py:188} INFO - [2025-11-28T06:54:31.458+0000] {dagbag.py:538} INFO - Filling up the DagBag from /home/airflow/.local/lib/python3.8/site-packages/airflow/example_dags/example_setup_teardown_taskflow.py
[2025-11-28T06:54:31.469+0000] {processor.py:840} INFO - DAG(s) 'example_setup_teardown_taskflow' retrieved from /home/airflow/.local/lib/python3.8/site-packages/airflow/example_dags/example_setup_teardown_taskflow.py
[2025-11-28T06:54:31.502+0000] {logging_mixin.py:188} INFO - [2025-11-28T06:54:31.501+0000] {dag.py:3036} INFO - Sync 1 DAGs
[2025-11-28T06:54:31.523+0000] {logging_mixin.py:188} INFO - [2025-11-28T06:54:31.523+0000] {dag.py:3823} INFO - Setting next_dagrun for example_setup_teardown_taskflow to 2025-11-27 00:00:00+00:00, run_after=2025-11-28 00:00:00+00:00
[2025-11-28T06:54:31.541+0000] {processor.py:183} INFO - Processing /home/airflow/.local/lib/python3.8/site-packages/airflow/example_dags/example_setup_teardown_taskflow.py took 0.089 seconds
[2025-11-28T06:55:02.131+0000] {processor.py:161} INFO - Started process (PID=386) to work on /home/airflow/.local/lib/python3.8/site-packages/airflow/example_dags/example_setup_teardown_taskflow.py
[2025-11-28T06:55:02.132+0000] {processor.py:830} INFO - Processing file /home/airflow/.local/lib/python3.8/site-packages/airflow/example_dags/example_setup_teardown_taskflow.py for tasks to queue
[2025-11-28T06:55:02.135+0000] {logging_mixin.py:188} INFO - [2025-11-28T06:55:02.134+0000] {dagbag.py:538} INFO - Filling up the DagBag from /home/airflow/.local/lib/python3.8/site-packages/airflow/example_dags/example_setup_teardown_taskflow.py
[2025-11-28T06:55:02.147+0000] {processor.py:840} INFO - DAG(s) 'example_setup_teardown_taskflow' retrieved from /home/airflow/.local/lib/python3.8/site-packages/airflow/example_dags/example_setup_teardown_taskflow.py
[2025-11-28T06:55:02.161+0000] {logging_mixin.py:188} INFO - [2025-11-28T06:55:02.161+0000] {dag.py:3036} INFO - Sync 1 DAGs
[2025-11-28T06:55:02.183+0000] {logging_mixin.py:188} INFO - [2025-11-28T06:55:02.183+0000] {dag.py:3823} INFO - Setting next_dagrun for example_setup_teardown_taskflow to 2025-11-27 00:00:00+00:00, run_after=2025-11-28 00:00:00+00:00
[2025-11-28T06:55:02.202+0000] {processor.py:183} INFO - Processing /home/airflow/.local/lib/python3.8/site-packages/airflow/example_dags/example_setup_teardown_taskflow.py took 0.074 seconds
[2025-11-28T06:55:33.135+0000] {processor.py:161} INFO - Started process (PID=441) to work on /home/airflow/.local/lib/python3.8/site-packages/airflow/example_dags/example_setup_teardown_taskflow.py
[2025-11-28T06:55:33.137+0000] {processor.py:830} INFO - Processing file /home/airflow/.local/lib/python3.8/site-packages/airflow/example_dags/example_setup_teardown_taskflow.py for tasks to queue
[2025-11-28T06:55:33.140+0000] {logging_mixin.py:188} INFO - [2025-11-28T06:55:33.140+0000] {dagbag.py:538} INFO - Filling up the DagBag from /home/airflow/.local/lib/python3.8/site-packages/airflow/example_dags/example_setup_teardown_taskflow.py
[2025-11-28T06:55:33.152+0000] {processor.py:840} INFO - DAG(s) 'example_setup_teardown_taskflow' retrieved from /home/airflow/.local/lib/python3.8/site-packages/airflow/example_dags/example_setup_teardown_taskflow.py
[2025-11-28T06:55:33.229+0000] {logging_mixin.py:188} INFO - [2025-11-28T06:55:33.229+0000] {dag.py:3036} INFO - Sync 1 DAGs
[2025-11-28T06:55:33.249+0000] {logging_mixin.py:188} INFO - [2025-11-28T06:55:33.248+0000] {dag.py:3823} INFO - Setting next_dagrun for example_setup_teardown_taskflow to 2025-11-27 00:00:00+00:00, run_after=2025-11-28 00:00:00+00:00
[2025-11-28T06:55:33.268+0000] {processor.py:183} INFO - Processing /home/airflow/.local/lib/python3.8/site-packages/airflow/example_dags/example_setup_teardown_taskflow.py took 0.138 seconds
[2025-11-28T06:56:03.709+0000] {processor.py:161} INFO - Started process (PID=496) to work on /home/airflow/.local/lib/python3.8/site-packages/airflow/example_dags/example_setup_teardown_taskflow.py
[2025-11-28T06:56:03.710+0000] {processor.py:830} INFO - Processing file /home/airflow/.local/lib/python3.8/site-packages/airflow/example_dags/example_setup_teardown_taskflow.py for tasks to queue
[2025-11-28T06:56:03.713+0000] {logging_mixin.py:188} INFO - [2025-11-28T06:56:03.713+0000] {dagbag.py:538} INFO - Filling up the DagBag from /home/airflow/.local/lib/python3.8/site-packages/airflow/example_dags/example_setup_teardown_taskflow.py
[2025-11-28T06:56:03.723+0000] {processor.py:840} INFO - DAG(s) 'example_setup_teardown_taskflow' retrieved from /home/airflow/.local/lib/python3.8/site-packages/airflow/example_dags/example_setup_teardown_taskflow.py
[2025-11-28T06:56:03.741+0000] {logging_mixin.py:188} INFO - [2025-11-28T06:56:03.740+0000] {dag.py:3036} INFO - Sync 1 DAGs
[2025-11-28T06:56:03.761+0000] {logging_mixin.py:188} INFO - [2025-11-28T06:56:03.760+0000] {dag.py:3823} INFO - Setting next_dagrun for example_setup_teardown_taskflow to 2025-11-27 00:00:00+00:00, run_after=2025-11-28 00:00:00+00:00
[2025-11-28T06:56:03.779+0000] {processor.py:183} INFO - Processing /home/airflow/.local/lib/python3.8/site-packages/airflow/example_dags/example_setup_teardown_taskflow.py took 0.073 seconds
[2025-11-28T06:56:34.003+0000] {processor.py:161} INFO - Started process (PID=551) to work on /home/airflow/.local/lib/python3.8/site-packages/airflow/example_dags/example_setup_teardown_taskflow.py
[2025-11-28T06:56:34.005+0000] {processor.py:830} INFO - Processing file /home/airflow/.local/lib/python3.8/site-packages/airflow/example_dags/example_setup_teardown_taskflow.py for tasks to queue
[2025-11-28T06:56:34.009+0000] {logging_mixin.py:188} INFO - [2025-11-28T06:56:34.009+0000] {dagbag.py:538} INFO - Filling up the DagBag from /home/airflow/.local/lib/python3.8/site-packages/airflow/example_dags/example_setup_teardown_taskflow.py
[2025-11-28T06:56:34.023+0000] {processor.py:840} INFO - DAG(s) 'example_setup_teardown_taskflow' retrieved from /home/airflow/.local/lib/python3.8/site-packages/airflow/example_dags/example_setup_teardown_taskflow.py
[2025-11-28T06:56:34.049+0000] {logging_mixin.py:188} INFO - [2025-11-28T06:56:34.049+0000] {dag.py:3036} INFO - Sync 1 DAGs
[2025-11-28T06:56:34.066+0000] {logging_mixin.py:188} INFO - [2025-11-28T06:56:34.066+0000] {dag.py:3823} INFO - Setting next_dagrun for example_setup_teardown_taskflow to 2025-11-27 00:00:00+00:00, run_after=2025-11-28 00:00:00+00:00
[2025-11-28T06:56:34.085+0000] {processor.py:183} INFO - Processing /home/airflow/.local/lib/python3.8/site-packages/airflow/example_dags/example_setup_teardown_taskflow.py took 0.086 seconds
[2025-11-28T06:57:04.529+0000] {processor.py:161} INFO - Started process (PID=606) to work on /home/airflow/.local/lib/python3.8/site-packages/airflow/example_dags/example_setup_teardown_taskflow.py
[2025-11-28T06:57:04.530+0000] {processor.py:830} INFO - Processing file /home/airflow/.local/lib/python3.8/site-packages/airflow/example_dags/example_setup_teardown_taskflow.py for tasks to queue
[2025-11-28T06:57:04.534+0000] {logging_mixin.py:188} INFO - [2025-11-28T06:57:04.534+0000] {dagbag.py:538} INFO - Filling up the DagBag from /home/airflow/.local/lib/python3.8/site-packages/airflow/example_dags/example_setup_teardown_taskflow.py
[2025-11-28T06:57:04.542+0000] {processor.py:840} INFO - DAG(s) 'example_setup_teardown_taskflow' retrieved from /home/airflow/.local/lib/python3.8/site-packages/airflow/example_dags/example_setup_teardown_taskflow.py
[2025-11-28T06:57:04.558+0000] {logging_mixin.py:188} INFO - [2025-11-28T06:57:04.558+0000] {dag.py:3036} INFO - Sync 1 DAGs
[2025-11-28T06:57:04.574+0000] {logging_mixin.py:188} INFO - [2025-11-28T06:57:04.573+0000] {dag.py:3823} INFO - Setting next_dagrun for example_setup_teardown_taskflow to 2025-11-27 00:00:00+00:00, run_after=2025-11-28 00:00:00+00:00
[2025-11-28T06:57:04.591+0000] {processor.py:183} INFO - Processing /home/airflow/.local/lib/python3.8/site-packages/airflow/example_dags/example_setup_teardown_taskflow.py took 0.067 seconds
[2025-11-28T06:57:35.097+0000] {processor.py:161} INFO - Started process (PID=661) to work on /home/airflow/.local/lib/python3.8/site-packages/airflow/example_dags/example_setup_teardown_taskflow.py
[2025-11-28T06:57:35.098+0000] {processor.py:830} INFO - Processing file /home/airflow/.local/lib/python3.8/site-packages/airflow/example_dags/example_setup_teardown_taskflow.py for tasks to queue
[2025-11-28T06:57:35.101+0000] {logging_mixin.py:188} INFO - [2025-11-28T06:57:35.100+0000] {dagbag.py:538} INFO - Filling up the DagBag from /home/airflow/.local/lib/python3.8/site-packages/airflow/example_dags/example_setup_teardown_taskflow.py
[2025-11-28T06:57:35.110+0000] {processor.py:840} INFO - DAG(s) 'example_setup_teardown_taskflow' retrieved from /home/airflow/.local/lib/python3.8/site-packages/airflow/example_dags/example_setup_teardown_taskflow.py
[2025-11-28T06:57:35.127+0000] {logging_mixin.py:188} INFO - [2025-11-28T06:57:35.126+0000] {dag.py:3036} INFO - Sync 1 DAGs
[2025-11-28T06:57:35.141+0000] {logging_mixin.py:188} INFO - [2025-11-28T06:57:35.141+0000] {dag.py:3823} INFO - Setting next_dagrun for example_setup_teardown_taskflow to 2025-11-27 00:00:00+00:00, run_after=2025-11-28 00:00:00+00:00
[2025-11-28T06:57:35.156+0000] {processor.py:183} INFO - Processing /home/airflow/.local/lib/python3.8/site-packages/airflow/example_dags/example_setup_teardown_taskflow.py took 0.061 seconds
[2025-11-28T06:58:06.141+0000] {processor.py:161} INFO - Started process (PID=716) to work on /home/airflow/.local/lib/python3.8/site-packages/airflow/example_dags/example_setup_teardown_taskflow.py
[2025-11-28T06:58:06.143+0000] {processor.py:830} INFO - Processing file /home/airflow/.local/lib/python3.8/site-packages/airflow/example_dags/example_setup_teardown_taskflow.py for tasks to queue
[2025-11-28T06:58:06.147+0000] {logging_mixin.py:188} INFO - [2025-11-28T06:58:06.147+0000] {dagbag.py:538} INFO - Filling up the DagBag from /home/airflow/.local/lib/python3.8/site-packages/airflow/example_dags/example_setup_teardown_taskflow.py
[2025-11-28T06:58:06.165+0000] {processor.py:840} INFO - DAG(s) 'example_setup_teardown_taskflow' retrieved from /home/airflow/.local/lib/python3.8/site-packages/airflow/example_dags/example_setup_teardown_taskflow.py
[2025-11-28T06:58:06.198+0000] {logging_mixin.py:188} INFO - [2025-11-28T06:58:06.198+0000] {dag.py:3036} INFO - Sync 1 DAGs
[2025-11-28T06:58:06.214+0000] {logging_mixin.py:188} INFO - [2025-11-28T06:58:06.214+0000] {dag.py:3823} INFO - Setting next_dagrun for example_setup_teardown_taskflow to 2025-11-27 00:00:00+00:00, run_after=2025-11-28 00:00:00+00:00
[2025-11-28T06:58:06.233+0000] {processor.py:183} INFO - Processing /home/airflow/.local/lib/python3.8/site-packages/airflow/example_dags/example_setup_teardown_taskflow.py took 0.098 seconds
[2025-11-28T06:58:36.322+0000] {processor.py:161} INFO - Started process (PID=771) to work on /home/airflow/.local/lib/python3.8/site-packages/airflow/example_dags/example_setup_teardown_taskflow.py
[2025-11-28T06:58:36.326+0000] {processor.py:830} INFO - Processing file /home/airflow/.local/lib/python3.8/site-packages/airflow/example_dags/example_setup_teardown_taskflow.py for tasks to queue
[2025-11-28T06:58:36.331+0000] {logging_mixin.py:188} INFO - [2025-11-28T06:58:36.330+0000] {dagbag.py:538} INFO - Filling up the DagBag from /home/airflow/.local/lib/python3.8/site-packages/airflow/example_dags/example_setup_teardown_taskflow.py
[2025-11-28T06:58:36.344+0000] {processor.py:840} INFO - DAG(s) 'example_setup_teardown_taskflow' retrieved from /home/airflow/.local/lib/python3.8/site-packages/airflow/example_dags/example_setup_teardown_taskflow.py
[2025-11-28T06:58:36.367+0000] {logging_mixin.py:188} INFO - [2025-11-28T06:58:36.367+0000] {dag.py:3036} INFO - Sync 1 DAGs
[2025-11-28T06:58:36.389+0000] {logging_mixin.py:188} INFO - [2025-11-28T06:58:36.388+0000] {dag.py:3823} INFO - Setting next_dagrun for example_setup_teardown_taskflow to 2025-11-27 00:00:00+00:00, run_after=2025-11-28 00:00:00+00:00
[2025-11-28T06:58:36.411+0000] {processor.py:183} INFO - Processing /home/airflow/.local/lib/python3.8/site-packages/airflow/example_dags/example_setup_teardown_taskflow.py took 0.095 seconds
[2025-11-28T06:59:07.149+0000] {processor.py:161} INFO - Started process (PID=826) to work on /home/airflow/.local/lib/python3.8/site-packages/airflow/example_dags/example_setup_teardown_taskflow.py
[2025-11-28T06:59:07.151+0000] {processor.py:830} INFO - Processing file /home/airflow/.local/lib/python3.8/site-packages/airflow/example_dags/example_setup_teardown_taskflow.py for tasks to queue
[2025-11-28T06:59:07.153+0000] {logging_mixin.py:188} INFO - [2025-11-28T06:59:07.153+0000] {dagbag.py:538} INFO - Filling up the DagBag from /home/airflow/.local/lib/python3.8/site-packages/airflow/example_dags/example_setup_teardown_taskflow.py
[2025-11-28T06:59:07.166+0000] {processor.py:840} INFO - DAG(s) 'example_setup_teardown_taskflow' retrieved from /home/airflow/.local/lib/python3.8/site-packages/airflow/example_dags/example_setup_teardown_taskflow.py
[2025-11-28T06:59:07.188+0000] {logging_mixin.py:188} INFO - [2025-11-28T06:59:07.187+0000] {dag.py:3036} INFO - Sync 1 DAGs
[2025-11-28T06:59:07.204+0000] {logging_mixin.py:188} INFO - [2025-11-28T06:59:07.204+0000] {dag.py:3823} INFO - Setting next_dagrun for example_setup_teardown_taskflow to 2025-11-27 00:00:00+00:00, run_after=2025-11-28 00:00:00+00:00
[2025-11-28T06:59:07.227+0000] {processor.py:183} INFO - Processing /home/airflow/.local/lib/python3.8/site-packages/airflow/example_dags/example_setup_teardown_taskflow.py took 0.082 seconds
[2025-11-28T06:59:37.668+0000] {processor.py:161} INFO - Started process (PID=881) to work on /home/airflow/.local/lib/python3.8/site-packages/airflow/example_dags/example_setup_teardown_taskflow.py
[2025-11-28T06:59:37.669+0000] {processor.py:830} INFO - Processing file /home/airflow/.local/lib/python3.8/site-packages/airflow/example_dags/example_setup_teardown_taskflow.py for tasks to queue
[2025-11-28T06:59:37.672+0000] {logging_mixin.py:188} INFO - [2025-11-28T06:59:37.671+0000] {dagbag.py:538} INFO - Filling up the DagBag from /home/airflow/.local/lib/python3.8/site-packages/airflow/example_dags/example_setup_teardown_taskflow.py
[2025-11-28T06:59:37.680+0000] {processor.py:840} INFO - DAG(s) 'example_setup_teardown_taskflow' retrieved from /home/airflow/.local/lib/python3.8/site-packages/airflow/example_dags/example_setup_teardown_taskflow.py
[2025-11-28T06:59:37.705+0000] {logging_mixin.py:188} INFO - [2025-11-28T06:59:37.705+0000] {dag.py:3036} INFO - Sync 1 DAGs
[2025-11-28T06:59:37.724+0000] {logging_mixin.py:188} INFO - [2025-11-28T06:59:37.724+0000] {dag.py:3823} INFO - Setting next_dagrun for example_setup_teardown_taskflow to 2025-11-27 00:00:00+00:00, run_after=2025-11-28 00:00:00+00:00
[2025-11-28T06:59:37.745+0000] {processor.py:183} INFO - Processing /home/airflow/.local/lib/python3.8/site-packages/airflow/example_dags/example_setup_teardown_taskflow.py took 0.080 seconds
[2025-11-28T07:00:09.486+0000] {processor.py:161} INFO - Started process (PID=936) to work on /home/airflow/.local/lib/python3.8/site-packages/airflow/example_dags/example_setup_teardown_taskflow.py
[2025-11-28T07:00:09.498+0000] {processor.py:830} INFO - Processing file /home/airflow/.local/lib/python3.8/site-packages/airflow/example_dags/example_setup_teardown_taskflow.py for tasks to queue
[2025-11-28T07:00:09.505+0000] {logging_mixin.py:188} INFO - [2025-11-28T07:00:09.504+0000] {dagbag.py:538} INFO - Filling up the DagBag from /home/airflow/.local/lib/python3.8/site-packages/airflow/example_dags/example_setup_teardown_taskflow.py
[2025-11-28T07:00:09.525+0000] {processor.py:840} INFO - DAG(s) 'example_setup_teardown_taskflow' retrieved from /home/airflow/.local/lib/python3.8/site-packages/airflow/example_dags/example_setup_teardown_taskflow.py
[2025-11-28T07:00:09.576+0000] {logging_mixin.py:188} INFO - [2025-11-28T07:00:09.576+0000] {dag.py:3036} INFO - Sync 1 DAGs
[2025-11-28T07:00:09.622+0000] {logging_mixin.py:188} INFO - [2025-11-28T07:00:09.622+0000] {dag.py:3823} INFO - Setting next_dagrun for example_setup_teardown_taskflow to 2025-11-27 00:00:00+00:00, run_after=2025-11-28 00:00:00+00:00
[2025-11-28T07:00:09.676+0000] {processor.py:183} INFO - Processing /home/airflow/.local/lib/python3.8/site-packages/airflow/example_dags/example_setup_teardown_taskflow.py took 0.195 seconds
[2025-11-28T07:00:40.843+0000] {processor.py:161} INFO - Started process (PID=991) to work on /home/airflow/.local/lib/python3.8/site-packages/airflow/example_dags/example_setup_teardown_taskflow.py
[2025-11-28T07:00:40.854+0000] {processor.py:830} INFO - Processing file /home/airflow/.local/lib/python3.8/site-packages/airflow/example_dags/example_setup_teardown_taskflow.py for tasks to queue
[2025-11-28T07:00:40.867+0000] {logging_mixin.py:188} INFO - [2025-11-28T07:00:40.866+0000] {dagbag.py:538} INFO - Filling up the DagBag from /home/airflow/.local/lib/python3.8/site-packages/airflow/example_dags/example_setup_teardown_taskflow.py
[2025-11-28T07:00:40.905+0000] {processor.py:840} INFO - DAG(s) 'example_setup_teardown_taskflow' retrieved from /home/airflow/.local/lib/python3.8/site-packages/airflow/example_dags/example_setup_teardown_taskflow.py
[2025-11-28T07:00:40.955+0000] {logging_mixin.py:188} INFO - [2025-11-28T07:00:40.955+0000] {dag.py:3036} INFO - Sync 1 DAGs
[2025-11-28T07:00:41.033+0000] {logging_mixin.py:188} INFO - [2025-11-28T07:00:41.033+0000] {dag.py:3823} INFO - Setting next_dagrun for example_setup_teardown_taskflow to 2025-11-27 00:00:00+00:00, run_after=2025-11-28 00:00:00+00:00
[2025-11-28T07:00:41.105+0000] {processor.py:183} INFO - Processing /home/airflow/.local/lib/python3.8/site-packages/airflow/example_dags/example_setup_teardown_taskflow.py took 0.269 seconds
[2025-11-28T07:01:11.352+0000] {processor.py:161} INFO - Started process (PID=1046) to work on /home/airflow/.local/lib/python3.8/site-packages/airflow/example_dags/example_setup_teardown_taskflow.py
[2025-11-28T07:01:11.353+0000] {processor.py:830} INFO - Processing file /home/airflow/.local/lib/python3.8/site-packages/airflow/example_dags/example_setup_teardown_taskflow.py for tasks to queue
[2025-11-28T07:01:11.355+0000] {logging_mixin.py:188} INFO - [2025-11-28T07:01:11.355+0000] {dagbag.py:538} INFO - Filling up the DagBag from /home/airflow/.local/lib/python3.8/site-packages/airflow/example_dags/example_setup_teardown_taskflow.py
[2025-11-28T07:01:11.367+0000] {processor.py:840} INFO - DAG(s) 'example_setup_teardown_taskflow' retrieved from /home/airflow/.local/lib/python3.8/site-packages/airflow/example_dags/example_setup_teardown_taskflow.py
[2025-11-28T07:01:11.391+0000] {logging_mixin.py:188} INFO - [2025-11-28T07:01:11.390+0000] {dag.py:3036} INFO - Sync 1 DAGs
[2025-11-28T07:01:11.415+0000] {logging_mixin.py:188} INFO - [2025-11-28T07:01:11.415+0000] {dag.py:3823} INFO - Setting next_dagrun for example_setup_teardown_taskflow to 2025-11-27 00:00:00+00:00, run_after=2025-11-28 00:00:00+00:00
[2025-11-28T07:01:11.437+0000] {processor.py:183} INFO - Processing /home/airflow/.local/lib/python3.8/site-packages/airflow/example_dags/example_setup_teardown_taskflow.py took 0.088 seconds
[2025-11-28T07:01:41.653+0000] {processor.py:161} INFO - Started process (PID=1100) to work on /home/airflow/.local/lib/python3.8/site-packages/airflow/example_dags/example_setup_teardown_taskflow.py
[2025-11-28T07:01:41.654+0000] {processor.py:830} INFO - Processing file /home/airflow/.local/lib/python3.8/site-packages/airflow/example_dags/example_setup_teardown_taskflow.py for tasks to queue
[2025-11-28T07:01:41.657+0000] {logging_mixin.py:188} INFO - [2025-11-28T07:01:41.657+0000] {dagbag.py:538} INFO - Filling up the DagBag from /home/airflow/.local/lib/python3.8/site-packages/airflow/example_dags/example_setup_teardown_taskflow.py
[2025-11-28T07:01:41.670+0000] {processor.py:840} INFO - DAG(s) 'example_setup_teardown_taskflow' retrieved from /home/airflow/.local/lib/python3.8/site-packages/airflow/example_dags/example_setup_teardown_taskflow.py
[2025-11-28T07:01:41.707+0000] {logging_mixin.py:188} INFO - [2025-11-28T07:01:41.706+0000] {dag.py:3036} INFO - Sync 1 DAGs
[2025-11-28T07:01:41.730+0000] {logging_mixin.py:188} INFO - [2025-11-28T07:01:41.730+0000] {dag.py:3823} INFO - Setting next_dagrun for example_setup_teardown_taskflow to 2025-11-27 00:00:00+00:00, run_after=2025-11-28 00:00:00+00:00
[2025-11-28T07:01:41.757+0000] {processor.py:183} INFO - Processing /home/airflow/.local/lib/python3.8/site-packages/airflow/example_dags/example_setup_teardown_taskflow.py took 0.107 seconds
[2025-11-28T07:02:12.248+0000] {processor.py:161} INFO - Started process (PID=1155) to work on /home/airflow/.local/lib/python3.8/site-packages/airflow/example_dags/example_setup_teardown_taskflow.py
[2025-11-28T07:02:12.251+0000] {processor.py:830} INFO - Processing file /home/airflow/.local/lib/python3.8/site-packages/airflow/example_dags/example_setup_teardown_taskflow.py for tasks to queue
[2025-11-28T07:02:12.255+0000] {logging_mixin.py:188} INFO - [2025-11-28T07:02:12.255+0000] {dagbag.py:538} INFO - Filling up the DagBag from /home/airflow/.local/lib/python3.8/site-packages/airflow/example_dags/example_setup_teardown_taskflow.py
[2025-11-28T07:02:12.267+0000] {processor.py:840} INFO - DAG(s) 'example_setup_teardown_taskflow' retrieved from /home/airflow/.local/lib/python3.8/site-packages/airflow/example_dags/example_setup_teardown_taskflow.py
[2025-11-28T07:02:12.304+0000] {logging_mixin.py:188} INFO - [2025-11-28T07:02:12.304+0000] {dag.py:3036} INFO - Sync 1 DAGs
[2025-11-28T07:02:12.321+0000] {logging_mixin.py:188} INFO - [2025-11-28T07:02:12.321+0000] {dag.py:3823} INFO - Setting next_dagrun for example_setup_teardown_taskflow to 2025-11-27 00:00:00+00:00, run_after=2025-11-28 00:00:00+00:00
[2025-11-28T07:02:12.338+0000] {processor.py:183} INFO - Processing /home/airflow/.local/lib/python3.8/site-packages/airflow/example_dags/example_setup_teardown_taskflow.py took 0.095 seconds
[2025-11-28T07:02:43.272+0000] {processor.py:161} INFO - Started process (PID=1209) to work on /home/airflow/.local/lib/python3.8/site-packages/airflow/example_dags/example_setup_teardown_taskflow.py
[2025-11-28T07:02:43.274+0000] {processor.py:830} INFO - Processing file /home/airflow/.local/lib/python3.8/site-packages/airflow/example_dags/example_setup_teardown_taskflow.py for tasks to queue
[2025-11-28T07:02:43.277+0000] {logging_mixin.py:188} INFO - [2025-11-28T07:02:43.276+0000] {dagbag.py:538} INFO - Filling up the DagBag from /home/airflow/.local/lib/python3.8/site-packages/airflow/example_dags/example_setup_teardown_taskflow.py
[2025-11-28T07:02:43.284+0000] {processor.py:840} INFO - DAG(s) 'example_setup_teardown_taskflow' retrieved from /home/airflow/.local/lib/python3.8/site-packages/airflow/example_dags/example_setup_teardown_taskflow.py
[2025-11-28T07:02:43.302+0000] {logging_mixin.py:188} INFO - [2025-11-28T07:02:43.302+0000] {dag.py:3036} INFO - Sync 1 DAGs
[2025-11-28T07:02:43.322+0000] {logging_mixin.py:188} INFO - [2025-11-28T07:02:43.322+0000] {dag.py:3823} INFO - Setting next_dagrun for example_setup_teardown_taskflow to 2025-11-27 00:00:00+00:00, run_after=2025-11-28 00:00:00+00:00
[2025-11-28T07:02:43.343+0000] {processor.py:183} INFO - Processing /home/airflow/.local/lib/python3.8/site-packages/airflow/example_dags/example_setup_teardown_taskflow.py took 0.073 seconds
[2025-11-28T07:03:14.217+0000] {processor.py:161} INFO - Started process (PID=1265) to work on /home/airflow/.local/lib/python3.8/site-packages/airflow/example_dags/example_setup_teardown_taskflow.py
[2025-11-28T07:03:14.220+0000] {processor.py:830} INFO - Processing file /home/airflow/.local/lib/python3.8/site-packages/airflow/example_dags/example_setup_teardown_taskflow.py for tasks to queue
[2025-11-28T07:03:14.224+0000] {logging_mixin.py:188} INFO - [2025-11-28T07:03:14.224+0000] {dagbag.py:538} INFO - Filling up the DagBag from /home/airflow/.local/lib/python3.8/site-packages/airflow/example_dags/example_setup_teardown_taskflow.py
[2025-11-28T07:03:14.241+0000] {processor.py:840} INFO - DAG(s) 'example_setup_teardown_taskflow' retrieved from /home/airflow/.local/lib/python3.8/site-packages/airflow/example_dags/example_setup_teardown_taskflow.py
[2025-11-28T07:03:14.282+0000] {logging_mixin.py:188} INFO - [2025-11-28T07:03:14.282+0000] {dag.py:3036} INFO - Sync 1 DAGs
[2025-11-28T07:03:14.321+0000] {logging_mixin.py:188} INFO - [2025-11-28T07:03:14.320+0000] {dag.py:3823} INFO - Setting next_dagrun for example_setup_teardown_taskflow to 2025-11-27 00:00:00+00:00, run_after=2025-11-28 00:00:00+00:00
[2025-11-28T07:03:14.369+0000] {processor.py:183} INFO - Processing /home/airflow/.local/lib/python3.8/site-packages/airflow/example_dags/example_setup_teardown_taskflow.py took 0.157 seconds
[2025-11-28T07:03:44.562+0000] {processor.py:161} INFO - Started process (PID=1320) to work on /home/airflow/.local/lib/python3.8/site-packages/airflow/example_dags/example_setup_teardown_taskflow.py
[2025-11-28T07:03:44.564+0000] {processor.py:830} INFO - Processing file /home/airflow/.local/lib/python3.8/site-packages/airflow/example_dags/example_setup_teardown_taskflow.py for tasks to queue
[2025-11-28T07:03:44.567+0000] {logging_mixin.py:188} INFO - [2025-11-28T07:03:44.566+0000] {dagbag.py:538} INFO - Filling up the DagBag from /home/airflow/.local/lib/python3.8/site-packages/airflow/example_dags/example_setup_teardown_taskflow.py
[2025-11-28T07:03:44.576+0000] {processor.py:840} INFO - DAG(s) 'example_setup_teardown_taskflow' retrieved from /home/airflow/.local/lib/python3.8/site-packages/airflow/example_dags/example_setup_teardown_taskflow.py
[2025-11-28T07:03:44.604+0000] {logging_mixin.py:188} INFO - [2025-11-28T07:03:44.604+0000] {dag.py:3036} INFO - Sync 1 DAGs
[2025-11-28T07:03:44.655+0000] {logging_mixin.py:188} INFO - [2025-11-28T07:03:44.654+0000] {dag.py:3823} INFO - Setting next_dagrun for example_setup_teardown_taskflow to 2025-11-27 00:00:00+00:00, run_after=2025-11-28 00:00:00+00:00
[2025-11-28T07:03:44.697+0000] {processor.py:183} INFO - Processing /home/airflow/.local/lib/python3.8/site-packages/airflow/example_dags/example_setup_teardown_taskflow.py took 0.139 seconds
[2025-11-28T07:04:14.927+0000] {processor.py:161} INFO - Started process (PID=1375) to work on /home/airflow/.local/lib/python3.8/site-packages/airflow/example_dags/example_setup_teardown_taskflow.py
[2025-11-28T07:04:14.928+0000] {processor.py:830} INFO - Processing file /home/airflow/.local/lib/python3.8/site-packages/airflow/example_dags/example_setup_teardown_taskflow.py for tasks to queue
[2025-11-28T07:04:14.931+0000] {logging_mixin.py:188} INFO - [2025-11-28T07:04:14.931+0000] {dagbag.py:538} INFO - Filling up the DagBag from /home/airflow/.local/lib/python3.8/site-packages/airflow/example_dags/example_setup_teardown_taskflow.py
[2025-11-28T07:04:14.940+0000] {processor.py:840} INFO - DAG(s) 'example_setup_teardown_taskflow' retrieved from /home/airflow/.local/lib/python3.8/site-packages/airflow/example_dags/example_setup_teardown_taskflow.py
[2025-11-28T07:04:14.970+0000] {logging_mixin.py:188} INFO - [2025-11-28T07:04:14.969+0000] {dag.py:3036} INFO - Sync 1 DAGs
[2025-11-28T07:04:14.990+0000] {logging_mixin.py:188} INFO - [2025-11-28T07:04:14.990+0000] {dag.py:3823} INFO - Setting next_dagrun for example_setup_teardown_taskflow to 2025-11-27 00:00:00+00:00, run_after=2025-11-28 00:00:00+00:00
[2025-11-28T07:04:15.020+0000] {processor.py:183} INFO - Processing /home/airflow/.local/lib/python3.8/site-packages/airflow/example_dags/example_setup_teardown_taskflow.py took 0.096 seconds
[2025-11-28T07:04:45.139+0000] {processor.py:161} INFO - Started process (PID=1430) to work on /home/airflow/.local/lib/python3.8/site-packages/airflow/example_dags/example_setup_teardown_taskflow.py
[2025-11-28T07:04:45.140+0000] {processor.py:830} INFO - Processing file /home/airflow/.local/lib/python3.8/site-packages/airflow/example_dags/example_setup_teardown_taskflow.py for tasks to queue
[2025-11-28T07:04:45.142+0000] {logging_mixin.py:188} INFO - [2025-11-28T07:04:45.142+0000] {dagbag.py:538} INFO - Filling up the DagBag from /home/airflow/.local/lib/python3.8/site-packages/airflow/example_dags/example_setup_teardown_taskflow.py
[2025-11-28T07:04:45.150+0000] {processor.py:840} INFO - DAG(s) 'example_setup_teardown_taskflow' retrieved from /home/airflow/.local/lib/python3.8/site-packages/airflow/example_dags/example_setup_teardown_taskflow.py
[2025-11-28T07:04:45.170+0000] {logging_mixin.py:188} INFO - [2025-11-28T07:04:45.170+0000] {dag.py:3036} INFO - Sync 1 DAGs
[2025-11-28T07:04:45.191+0000] {logging_mixin.py:188} INFO - [2025-11-28T07:04:45.191+0000] {dag.py:3823} INFO - Setting next_dagrun for example_setup_teardown_taskflow to 2025-11-27 00:00:00+00:00, run_after=2025-11-28 00:00:00+00:00
[2025-11-28T07:04:45.208+0000] {processor.py:183} INFO - Processing /home/airflow/.local/lib/python3.8/site-packages/airflow/example_dags/example_setup_teardown_taskflow.py took 0.071 seconds
[2025-11-28T07:05:15.833+0000] {processor.py:161} INFO - Started process (PID=1486) to work on /home/airflow/.local/lib/python3.8/site-packages/airflow/example_dags/example_setup_teardown_taskflow.py
[2025-11-28T07:05:15.835+0000] {processor.py:830} INFO - Processing file /home/airflow/.local/lib/python3.8/site-packages/airflow/example_dags/example_setup_teardown_taskflow.py for tasks to queue
[2025-11-28T07:05:15.837+0000] {logging_mixin.py:188} INFO - [2025-11-28T07:05:15.837+0000] {dagbag.py:538} INFO - Filling up the DagBag from /home/airflow/.local/lib/python3.8/site-packages/airflow/example_dags/example_setup_teardown_taskflow.py
[2025-11-28T07:05:15.844+0000] {processor.py:840} INFO - DAG(s) 'example_setup_teardown_taskflow' retrieved from /home/airflow/.local/lib/python3.8/site-packages/airflow/example_dags/example_setup_teardown_taskflow.py
[2025-11-28T07:05:15.863+0000] {logging_mixin.py:188} INFO - [2025-11-28T07:05:15.863+0000] {dag.py:3036} INFO - Sync 1 DAGs
[2025-11-28T07:05:15.881+0000] {logging_mixin.py:188} INFO - [2025-11-28T07:05:15.881+0000] {dag.py:3823} INFO - Setting next_dagrun for example_setup_teardown_taskflow to 2025-11-27 00:00:00+00:00, run_after=2025-11-28 00:00:00+00:00
[2025-11-28T07:05:15.901+0000] {processor.py:183} INFO - Processing /home/airflow/.local/lib/python3.8/site-packages/airflow/example_dags/example_setup_teardown_taskflow.py took 0.070 seconds
[2025-11-28T07:05:46.270+0000] {processor.py:161} INFO - Started process (PID=1541) to work on /home/airflow/.local/lib/python3.8/site-packages/airflow/example_dags/example_setup_teardown_taskflow.py
[2025-11-28T07:05:46.272+0000] {processor.py:830} INFO - Processing file /home/airflow/.local/lib/python3.8/site-packages/airflow/example_dags/example_setup_teardown_taskflow.py for tasks to queue
[2025-11-28T07:05:46.275+0000] {logging_mixin.py:188} INFO - [2025-11-28T07:05:46.275+0000] {dagbag.py:538} INFO - Filling up the DagBag from /home/airflow/.local/lib/python3.8/site-packages/airflow/example_dags/example_setup_teardown_taskflow.py
[2025-11-28T07:05:46.283+0000] {processor.py:840} INFO - DAG(s) 'example_setup_teardown_taskflow' retrieved from /home/airflow/.local/lib/python3.8/site-packages/airflow/example_dags/example_setup_teardown_taskflow.py
[2025-11-28T07:05:46.306+0000] {logging_mixin.py:188} INFO - [2025-11-28T07:05:46.305+0000] {dag.py:3036} INFO - Sync 1 DAGs
[2025-11-28T07:05:46.324+0000] {logging_mixin.py:188} INFO - [2025-11-28T07:05:46.324+0000] {dag.py:3823} INFO - Setting next_dagrun for example_setup_teardown_taskflow to 2025-11-27 00:00:00+00:00, run_after=2025-11-28 00:00:00+00:00
[2025-11-28T07:05:46.343+0000] {processor.py:183} INFO - Processing /home/airflow/.local/lib/python3.8/site-packages/airflow/example_dags/example_setup_teardown_taskflow.py took 0.076 seconds
[2025-11-28T07:06:17.251+0000] {processor.py:161} INFO - Started process (PID=1596) to work on /home/airflow/.local/lib/python3.8/site-packages/airflow/example_dags/example_setup_teardown_taskflow.py
[2025-11-28T07:06:17.252+0000] {processor.py:830} INFO - Processing file /home/airflow/.local/lib/python3.8/site-packages/airflow/example_dags/example_setup_teardown_taskflow.py for tasks to queue
[2025-11-28T07:06:17.254+0000] {logging_mixin.py:188} INFO - [2025-11-28T07:06:17.254+0000] {dagbag.py:538} INFO - Filling up the DagBag from /home/airflow/.local/lib/python3.8/site-packages/airflow/example_dags/example_setup_teardown_taskflow.py
[2025-11-28T07:06:17.264+0000] {processor.py:840} INFO - DAG(s) 'example_setup_teardown_taskflow' retrieved from /home/airflow/.local/lib/python3.8/site-packages/airflow/example_dags/example_setup_teardown_taskflow.py
[2025-11-28T07:06:17.283+0000] {logging_mixin.py:188} INFO - [2025-11-28T07:06:17.283+0000] {dag.py:3036} INFO - Sync 1 DAGs
[2025-11-28T07:06:17.298+0000] {logging_mixin.py:188} INFO - [2025-11-28T07:06:17.298+0000] {dag.py:3823} INFO - Setting next_dagrun for example_setup_teardown_taskflow to 2025-11-27 00:00:00+00:00, run_after=2025-11-28 00:00:00+00:00
[2025-11-28T07:06:17.316+0000] {processor.py:183} INFO - Processing /home/airflow/.local/lib/python3.8/site-packages/airflow/example_dags/example_setup_teardown_taskflow.py took 0.072 seconds
[2025-11-28T07:06:47.357+0000] {processor.py:161} INFO - Started process (PID=1651) to work on /home/airflow/.local/lib/python3.8/site-packages/airflow/example_dags/example_setup_teardown_taskflow.py
[2025-11-28T07:06:47.358+0000] {processor.py:830} INFO - Processing file /home/airflow/.local/lib/python3.8/site-packages/airflow/example_dags/example_setup_teardown_taskflow.py for tasks to queue
[2025-11-28T07:06:47.360+0000] {logging_mixin.py:188} INFO - [2025-11-28T07:06:47.360+0000] {dagbag.py:538} INFO - Filling up the DagBag from /home/airflow/.local/lib/python3.8/site-packages/airflow/example_dags/example_setup_teardown_taskflow.py
[2025-11-28T07:06:47.373+0000] {processor.py:840} INFO - DAG(s) 'example_setup_teardown_taskflow' retrieved from /home/airflow/.local/lib/python3.8/site-packages/airflow/example_dags/example_setup_teardown_taskflow.py
[2025-11-28T07:06:47.404+0000] {logging_mixin.py:188} INFO - [2025-11-28T07:06:47.404+0000] {dag.py:3036} INFO - Sync 1 DAGs
[2025-11-28T07:06:47.448+0000] {logging_mixin.py:188} INFO - [2025-11-28T07:06:47.448+0000] {dag.py:3823} INFO - Setting next_dagrun for example_setup_teardown_taskflow to 2025-11-27 00:00:00+00:00, run_after=2025-11-28 00:00:00+00:00
[2025-11-28T07:06:47.469+0000] {processor.py:183} INFO - Processing /home/airflow/.local/lib/python3.8/site-packages/airflow/example_dags/example_setup_teardown_taskflow.py took 0.115 seconds
[2025-11-28T07:07:18.155+0000] {processor.py:161} INFO - Started process (PID=1706) to work on /home/airflow/.local/lib/python3.8/site-packages/airflow/example_dags/example_setup_teardown_taskflow.py
[2025-11-28T07:07:18.156+0000] {processor.py:830} INFO - Processing file /home/airflow/.local/lib/python3.8/site-packages/airflow/example_dags/example_setup_teardown_taskflow.py for tasks to queue
[2025-11-28T07:07:18.160+0000] {logging_mixin.py:188} INFO - [2025-11-28T07:07:18.159+0000] {dagbag.py:538} INFO - Filling up the DagBag from /home/airflow/.local/lib/python3.8/site-packages/airflow/example_dags/example_setup_teardown_taskflow.py
[2025-11-28T07:07:18.167+0000] {processor.py:840} INFO - DAG(s) 'example_setup_teardown_taskflow' retrieved from /home/airflow/.local/lib/python3.8/site-packages/airflow/example_dags/example_setup_teardown_taskflow.py
[2025-11-28T07:07:18.188+0000] {logging_mixin.py:188} INFO - [2025-11-28T07:07:18.188+0000] {dag.py:3036} INFO - Sync 1 DAGs
[2025-11-28T07:07:18.208+0000] {logging_mixin.py:188} INFO - [2025-11-28T07:07:18.208+0000] {dag.py:3823} INFO - Setting next_dagrun for example_setup_teardown_taskflow to 2025-11-27 00:00:00+00:00, run_after=2025-11-28 00:00:00+00:00
[2025-11-28T07:07:18.228+0000] {processor.py:183} INFO - Processing /home/airflow/.local/lib/python3.8/site-packages/airflow/example_dags/example_setup_teardown_taskflow.py took 0.076 seconds
[2025-11-28T07:07:48.739+0000] {processor.py:161} INFO - Started process (PID=1761) to work on /home/airflow/.local/lib/python3.8/site-packages/airflow/example_dags/example_setup_teardown_taskflow.py
[2025-11-28T07:07:48.741+0000] {processor.py:830} INFO - Processing file /home/airflow/.local/lib/python3.8/site-packages/airflow/example_dags/example_setup_teardown_taskflow.py for tasks to queue
[2025-11-28T07:07:48.745+0000] {logging_mixin.py:188} INFO - [2025-11-28T07:07:48.744+0000] {dagbag.py:538} INFO - Filling up the DagBag from /home/airflow/.local/lib/python3.8/site-packages/airflow/example_dags/example_setup_teardown_taskflow.py
[2025-11-28T07:07:48.765+0000] {processor.py:840} INFO - DAG(s) 'example_setup_teardown_taskflow' retrieved from /home/airflow/.local/lib/python3.8/site-packages/airflow/example_dags/example_setup_teardown_taskflow.py
[2025-11-28T07:07:48.800+0000] {logging_mixin.py:188} INFO - [2025-11-28T07:07:48.800+0000] {dag.py:3036} INFO - Sync 1 DAGs
[2025-11-28T07:07:48.816+0000] {logging_mixin.py:188} INFO - [2025-11-28T07:07:48.816+0000] {dag.py:3823} INFO - Setting next_dagrun for example_setup_teardown_taskflow to 2025-11-27 00:00:00+00:00, run_after=2025-11-28 00:00:00+00:00
[2025-11-28T07:07:48.834+0000] {processor.py:183} INFO - Processing /home/airflow/.local/lib/python3.8/site-packages/airflow/example_dags/example_setup_teardown_taskflow.py took 0.102 seconds
[2025-11-28T07:08:19.054+0000] {processor.py:161} INFO - Started process (PID=1816) to work on /home/airflow/.local/lib/python3.8/site-packages/airflow/example_dags/example_setup_teardown_taskflow.py
[2025-11-28T07:08:19.056+0000] {processor.py:830} INFO - Processing file /home/airflow/.local/lib/python3.8/site-packages/airflow/example_dags/example_setup_teardown_taskflow.py for tasks to queue
[2025-11-28T07:08:19.060+0000] {logging_mixin.py:188} INFO - [2025-11-28T07:08:19.060+0000] {dagbag.py:538} INFO - Filling up the DagBag from /home/airflow/.local/lib/python3.8/site-packages/airflow/example_dags/example_setup_teardown_taskflow.py
[2025-11-28T07:08:19.081+0000] {processor.py:840} INFO - DAG(s) 'example_setup_teardown_taskflow' retrieved from /home/airflow/.local/lib/python3.8/site-packages/airflow/example_dags/example_setup_teardown_taskflow.py
[2025-11-28T07:08:19.109+0000] {logging_mixin.py:188} INFO - [2025-11-28T07:08:19.109+0000] {dag.py:3036} INFO - Sync 1 DAGs
[2025-11-28T07:08:19.140+0000] {logging_mixin.py:188} INFO - [2025-11-28T07:08:19.139+0000] {dag.py:3823} INFO - Setting next_dagrun for example_setup_teardown_taskflow to 2025-11-27 00:00:00+00:00, run_after=2025-11-28 00:00:00+00:00
[2025-11-28T07:08:19.165+0000] {processor.py:183} INFO - Processing /home/airflow/.local/lib/python3.8/site-packages/airflow/example_dags/example_setup_teardown_taskflow.py took 0.119 seconds
[2025-11-28T07:08:49.910+0000] {processor.py:161} INFO - Started process (PID=1871) to work on /home/airflow/.local/lib/python3.8/site-packages/airflow/example_dags/example_setup_teardown_taskflow.py
[2025-11-28T07:08:49.912+0000] {processor.py:830} INFO - Processing file /home/airflow/.local/lib/python3.8/site-packages/airflow/example_dags/example_setup_teardown_taskflow.py for tasks to queue
[2025-11-28T07:08:49.914+0000] {logging_mixin.py:188} INFO - [2025-11-28T07:08:49.914+0000] {dagbag.py:538} INFO - Filling up the DagBag from /home/airflow/.local/lib/python3.8/site-packages/airflow/example_dags/example_setup_teardown_taskflow.py
[2025-11-28T07:08:49.924+0000] {processor.py:840} INFO - DAG(s) 'example_setup_teardown_taskflow' retrieved from /home/airflow/.local/lib/python3.8/site-packages/airflow/example_dags/example_setup_teardown_taskflow.py
[2025-11-28T07:08:49.945+0000] {logging_mixin.py:188} INFO - [2025-11-28T07:08:49.945+0000] {dag.py:3036} INFO - Sync 1 DAGs
[2025-11-28T07:08:49.964+0000] {logging_mixin.py:188} INFO - [2025-11-28T07:08:49.964+0000] {dag.py:3823} INFO - Setting next_dagrun for example_setup_teardown_taskflow to 2025-11-27 00:00:00+00:00, run_after=2025-11-28 00:00:00+00:00
[2025-11-28T07:08:49.983+0000] {processor.py:183} INFO - Processing /home/airflow/.local/lib/python3.8/site-packages/airflow/example_dags/example_setup_teardown_taskflow.py took 0.076 seconds
[2025-11-28T07:09:21.160+0000] {processor.py:161} INFO - Started process (PID=1926) to work on /home/airflow/.local/lib/python3.8/site-packages/airflow/example_dags/example_setup_teardown_taskflow.py
[2025-11-28T07:09:21.162+0000] {processor.py:830} INFO - Processing file /home/airflow/.local/lib/python3.8/site-packages/airflow/example_dags/example_setup_teardown_taskflow.py for tasks to queue
[2025-11-28T07:09:21.165+0000] {logging_mixin.py:188} INFO - [2025-11-28T07:09:21.164+0000] {dagbag.py:538} INFO - Filling up the DagBag from /home/airflow/.local/lib/python3.8/site-packages/airflow/example_dags/example_setup_teardown_taskflow.py
[2025-11-28T07:09:21.180+0000] {processor.py:840} INFO - DAG(s) 'example_setup_teardown_taskflow' retrieved from /home/airflow/.local/lib/python3.8/site-packages/airflow/example_dags/example_setup_teardown_taskflow.py
[2025-11-28T07:09:21.203+0000] {logging_mixin.py:188} INFO - [2025-11-28T07:09:21.203+0000] {dag.py:3036} INFO - Sync 1 DAGs
[2025-11-28T07:09:21.223+0000] {logging_mixin.py:188} INFO - [2025-11-28T07:09:21.222+0000] {dag.py:3823} INFO - Setting next_dagrun for example_setup_teardown_taskflow to 2025-11-27 00:00:00+00:00, run_after=2025-11-28 00:00:00+00:00
[2025-11-28T07:09:21.238+0000] {processor.py:183} INFO - Processing /home/airflow/.local/lib/python3.8/site-packages/airflow/example_dags/example_setup_teardown_taskflow.py took 0.081 seconds
[2025-11-28T07:09:51.779+0000] {processor.py:161} INFO - Started process (PID=1981) to work on /home/airflow/.local/lib/python3.8/site-packages/airflow/example_dags/example_setup_teardown_taskflow.py
[2025-11-28T07:09:51.780+0000] {processor.py:830} INFO - Processing file /home/airflow/.local/lib/python3.8/site-packages/airflow/example_dags/example_setup_teardown_taskflow.py for tasks to queue
[2025-11-28T07:09:51.783+0000] {logging_mixin.py:188} INFO - [2025-11-28T07:09:51.782+0000] {dagbag.py:538} INFO - Filling up the DagBag from /home/airflow/.local/lib/python3.8/site-packages/airflow/example_dags/example_setup_teardown_taskflow.py
[2025-11-28T07:09:51.791+0000] {processor.py:840} INFO - DAG(s) 'example_setup_teardown_taskflow' retrieved from /home/airflow/.local/lib/python3.8/site-packages/airflow/example_dags/example_setup_teardown_taskflow.py
[2025-11-28T07:09:51.820+0000] {logging_mixin.py:188} INFO - [2025-11-28T07:09:51.820+0000] {dag.py:3036} INFO - Sync 1 DAGs
[2025-11-28T07:09:51.846+0000] {logging_mixin.py:188} INFO - [2025-11-28T07:09:51.846+0000] {dag.py:3823} INFO - Setting next_dagrun for example_setup_teardown_taskflow to 2025-11-27 00:00:00+00:00, run_after=2025-11-28 00:00:00+00:00
[2025-11-28T07:09:51.869+0000] {processor.py:183} INFO - Processing /home/airflow/.local/lib/python3.8/site-packages/airflow/example_dags/example_setup_teardown_taskflow.py took 0.094 seconds
[2025-11-28T07:10:21.916+0000] {processor.py:161} INFO - Started process (PID=2036) to work on /home/airflow/.local/lib/python3.8/site-packages/airflow/example_dags/example_setup_teardown_taskflow.py
[2025-11-28T07:10:21.917+0000] {processor.py:830} INFO - Processing file /home/airflow/.local/lib/python3.8/site-packages/airflow/example_dags/example_setup_teardown_taskflow.py for tasks to queue
[2025-11-28T07:10:21.921+0000] {logging_mixin.py:188} INFO - [2025-11-28T07:10:21.920+0000] {dagbag.py:538} INFO - Filling up the DagBag from /home/airflow/.local/lib/python3.8/site-packages/airflow/example_dags/example_setup_teardown_taskflow.py
[2025-11-28T07:10:21.930+0000] {processor.py:840} INFO - DAG(s) 'example_setup_teardown_taskflow' retrieved from /home/airflow/.local/lib/python3.8/site-packages/airflow/example_dags/example_setup_teardown_taskflow.py
[2025-11-28T07:10:21.958+0000] {logging_mixin.py:188} INFO - [2025-11-28T07:10:21.957+0000] {dag.py:3036} INFO - Sync 1 DAGs
[2025-11-28T07:10:21.983+0000] {logging_mixin.py:188} INFO - [2025-11-28T07:10:21.982+0000] {dag.py:3823} INFO - Setting next_dagrun for example_setup_teardown_taskflow to 2025-11-27 00:00:00+00:00, run_after=2025-11-28 00:00:00+00:00
[2025-11-28T07:10:22.004+0000] {processor.py:183} INFO - Processing /home/airflow/.local/lib/python3.8/site-packages/airflow/example_dags/example_setup_teardown_taskflow.py took 0.091 seconds
[2025-11-28T07:10:52.285+0000] {processor.py:161} INFO - Started process (PID=2091) to work on /home/airflow/.local/lib/python3.8/site-packages/airflow/example_dags/example_setup_teardown_taskflow.py
[2025-11-28T07:10:52.286+0000] {processor.py:830} INFO - Processing file /home/airflow/.local/lib/python3.8/site-packages/airflow/example_dags/example_setup_teardown_taskflow.py for tasks to queue
[2025-11-28T07:10:52.289+0000] {logging_mixin.py:188} INFO - [2025-11-28T07:10:52.288+0000] {dagbag.py:538} INFO - Filling up the DagBag from /home/airflow/.local/lib/python3.8/site-packages/airflow/example_dags/example_setup_teardown_taskflow.py
[2025-11-28T07:10:52.300+0000] {processor.py:840} INFO - DAG(s) 'example_setup_teardown_taskflow' retrieved from /home/airflow/.local/lib/python3.8/site-packages/airflow/example_dags/example_setup_teardown_taskflow.py
[2025-11-28T07:10:52.326+0000] {logging_mixin.py:188} INFO - [2025-11-28T07:10:52.326+0000] {dag.py:3036} INFO - Sync 1 DAGs
[2025-11-28T07:10:52.347+0000] {logging_mixin.py:188} INFO - [2025-11-28T07:10:52.347+0000] {dag.py:3823} INFO - Setting next_dagrun for example_setup_teardown_taskflow to 2025-11-27 00:00:00+00:00, run_after=2025-11-28 00:00:00+00:00
[2025-11-28T07:10:52.365+0000] {processor.py:183} INFO - Processing /home/airflow/.local/lib/python3.8/site-packages/airflow/example_dags/example_setup_teardown_taskflow.py took 0.084 seconds
[2025-11-28T07:11:23.147+0000] {processor.py:161} INFO - Started process (PID=2146) to work on /home/airflow/.local/lib/python3.8/site-packages/airflow/example_dags/example_setup_teardown_taskflow.py
[2025-11-28T07:11:23.149+0000] {processor.py:830} INFO - Processing file /home/airflow/.local/lib/python3.8/site-packages/airflow/example_dags/example_setup_teardown_taskflow.py for tasks to queue
[2025-11-28T07:11:23.151+0000] {logging_mixin.py:188} INFO - [2025-11-28T07:11:23.150+0000] {dagbag.py:538} INFO - Filling up the DagBag from /home/airflow/.local/lib/python3.8/site-packages/airflow/example_dags/example_setup_teardown_taskflow.py
[2025-11-28T07:11:23.163+0000] {processor.py:840} INFO - DAG(s) 'example_setup_teardown_taskflow' retrieved from /home/airflow/.local/lib/python3.8/site-packages/airflow/example_dags/example_setup_teardown_taskflow.py
[2025-11-28T07:11:23.191+0000] {logging_mixin.py:188} INFO - [2025-11-28T07:11:23.190+0000] {dag.py:3036} INFO - Sync 1 DAGs
[2025-11-28T07:11:23.215+0000] {logging_mixin.py:188} INFO - [2025-11-28T07:11:23.215+0000] {dag.py:3823} INFO - Setting next_dagrun for example_setup_teardown_taskflow to 2025-11-27 00:00:00+00:00, run_after=2025-11-28 00:00:00+00:00
[2025-11-28T07:11:23.233+0000] {processor.py:183} INFO - Processing /home/airflow/.local/lib/python3.8/site-packages/airflow/example_dags/example_setup_teardown_taskflow.py took 0.089 seconds
[2025-11-28T07:11:53.418+0000] {processor.py:161} INFO - Started process (PID=2201) to work on /home/airflow/.local/lib/python3.8/site-packages/airflow/example_dags/example_setup_teardown_taskflow.py
[2025-11-28T07:11:53.419+0000] {processor.py:830} INFO - Processing file /home/airflow/.local/lib/python3.8/site-packages/airflow/example_dags/example_setup_teardown_taskflow.py for tasks to queue
[2025-11-28T07:11:53.422+0000] {logging_mixin.py:188} INFO - [2025-11-28T07:11:53.421+0000] {dagbag.py:538} INFO - Filling up the DagBag from /home/airflow/.local/lib/python3.8/site-packages/airflow/example_dags/example_setup_teardown_taskflow.py
[2025-11-28T07:11:53.431+0000] {processor.py:840} INFO - DAG(s) 'example_setup_teardown_taskflow' retrieved from /home/airflow/.local/lib/python3.8/site-packages/airflow/example_dags/example_setup_teardown_taskflow.py
[2025-11-28T07:11:53.452+0000] {logging_mixin.py:188} INFO - [2025-11-28T07:11:53.452+0000] {dag.py:3036} INFO - Sync 1 DAGs
[2025-11-28T07:11:53.470+0000] {logging_mixin.py:188} INFO - [2025-11-28T07:11:53.470+0000] {dag.py:3823} INFO - Setting next_dagrun for example_setup_teardown_taskflow to 2025-11-27 00:00:00+00:00, run_after=2025-11-28 00:00:00+00:00
[2025-11-28T07:11:53.488+0000] {processor.py:183} INFO - Processing /home/airflow/.local/lib/python3.8/site-packages/airflow/example_dags/example_setup_teardown_taskflow.py took 0.073 seconds
[2025-11-28T07:12:23.923+0000] {processor.py:161} INFO - Started process (PID=2256) to work on /home/airflow/.local/lib/python3.8/site-packages/airflow/example_dags/example_setup_teardown_taskflow.py
[2025-11-28T07:12:23.925+0000] {processor.py:830} INFO - Processing file /home/airflow/.local/lib/python3.8/site-packages/airflow/example_dags/example_setup_teardown_taskflow.py for tasks to queue
[2025-11-28T07:12:23.927+0000] {logging_mixin.py:188} INFO - [2025-11-28T07:12:23.927+0000] {dagbag.py:538} INFO - Filling up the DagBag from /home/airflow/.local/lib/python3.8/site-packages/airflow/example_dags/example_setup_teardown_taskflow.py
[2025-11-28T07:12:23.937+0000] {processor.py:840} INFO - DAG(s) 'example_setup_teardown_taskflow' retrieved from /home/airflow/.local/lib/python3.8/site-packages/airflow/example_dags/example_setup_teardown_taskflow.py
[2025-11-28T07:12:23.958+0000] {logging_mixin.py:188} INFO - [2025-11-28T07:12:23.958+0000] {dag.py:3036} INFO - Sync 1 DAGs
[2025-11-28T07:12:23.978+0000] {logging_mixin.py:188} INFO - [2025-11-28T07:12:23.978+0000] {dag.py:3823} INFO - Setting next_dagrun for example_setup_teardown_taskflow to 2025-11-27 00:00:00+00:00, run_after=2025-11-28 00:00:00+00:00
[2025-11-28T07:12:24.006+0000] {processor.py:183} INFO - Processing /home/airflow/.local/lib/python3.8/site-packages/airflow/example_dags/example_setup_teardown_taskflow.py took 0.086 seconds
[2025-11-28T07:12:54.547+0000] {processor.py:161} INFO - Started process (PID=2311) to work on /home/airflow/.local/lib/python3.8/site-packages/airflow/example_dags/example_setup_teardown_taskflow.py
[2025-11-28T07:12:54.548+0000] {processor.py:830} INFO - Processing file /home/airflow/.local/lib/python3.8/site-packages/airflow/example_dags/example_setup_teardown_taskflow.py for tasks to queue
[2025-11-28T07:12:54.550+0000] {logging_mixin.py:188} INFO - [2025-11-28T07:12:54.550+0000] {dagbag.py:538} INFO - Filling up the DagBag from /home/airflow/.local/lib/python3.8/site-packages/airflow/example_dags/example_setup_teardown_taskflow.py
[2025-11-28T07:12:54.557+0000] {processor.py:840} INFO - DAG(s) 'example_setup_teardown_taskflow' retrieved from /home/airflow/.local/lib/python3.8/site-packages/airflow/example_dags/example_setup_teardown_taskflow.py
[2025-11-28T07:12:54.583+0000] {logging_mixin.py:188} INFO - [2025-11-28T07:12:54.583+0000] {dag.py:3036} INFO - Sync 1 DAGs
[2025-11-28T07:12:54.601+0000] {logging_mixin.py:188} INFO - [2025-11-28T07:12:54.601+0000] {dag.py:3823} INFO - Setting next_dagrun for example_setup_teardown_taskflow to 2025-11-27 00:00:00+00:00, run_after=2025-11-28 00:00:00+00:00
[2025-11-28T07:12:54.631+0000] {processor.py:183} INFO - Processing /home/airflow/.local/lib/python3.8/site-packages/airflow/example_dags/example_setup_teardown_taskflow.py took 0.087 seconds
[2025-11-28T07:13:25.498+0000] {processor.py:161} INFO - Started process (PID=2366) to work on /home/airflow/.local/lib/python3.8/site-packages/airflow/example_dags/example_setup_teardown_taskflow.py
[2025-11-28T07:13:25.500+0000] {processor.py:830} INFO - Processing file /home/airflow/.local/lib/python3.8/site-packages/airflow/example_dags/example_setup_teardown_taskflow.py for tasks to queue
[2025-11-28T07:13:25.504+0000] {logging_mixin.py:188} INFO - [2025-11-28T07:13:25.504+0000] {dagbag.py:538} INFO - Filling up the DagBag from /home/airflow/.local/lib/python3.8/site-packages/airflow/example_dags/example_setup_teardown_taskflow.py
[2025-11-28T07:13:25.514+0000] {processor.py:840} INFO - DAG(s) 'example_setup_teardown_taskflow' retrieved from /home/airflow/.local/lib/python3.8/site-packages/airflow/example_dags/example_setup_teardown_taskflow.py
[2025-11-28T07:13:25.546+0000] {logging_mixin.py:188} INFO - [2025-11-28T07:13:25.546+0000] {dag.py:3036} INFO - Sync 1 DAGs
[2025-11-28T07:13:25.569+0000] {logging_mixin.py:188} INFO - [2025-11-28T07:13:25.569+0000] {dag.py:3823} INFO - Setting next_dagrun for example_setup_teardown_taskflow to 2025-11-27 00:00:00+00:00, run_after=2025-11-28 00:00:00+00:00
[2025-11-28T07:13:25.709+0000] {processor.py:183} INFO - Processing /home/airflow/.local/lib/python3.8/site-packages/airflow/example_dags/example_setup_teardown_taskflow.py took 0.214 seconds
[2025-11-28T07:13:56.088+0000] {processor.py:161} INFO - Started process (PID=2421) to work on /home/airflow/.local/lib/python3.8/site-packages/airflow/example_dags/example_setup_teardown_taskflow.py
[2025-11-28T07:13:56.089+0000] {processor.py:830} INFO - Processing file /home/airflow/.local/lib/python3.8/site-packages/airflow/example_dags/example_setup_teardown_taskflow.py for tasks to queue
[2025-11-28T07:13:56.092+0000] {logging_mixin.py:188} INFO - [2025-11-28T07:13:56.091+0000] {dagbag.py:538} INFO - Filling up the DagBag from /home/airflow/.local/lib/python3.8/site-packages/airflow/example_dags/example_setup_teardown_taskflow.py
[2025-11-28T07:13:56.113+0000] {processor.py:840} INFO - DAG(s) 'example_setup_teardown_taskflow' retrieved from /home/airflow/.local/lib/python3.8/site-packages/airflow/example_dags/example_setup_teardown_taskflow.py
[2025-11-28T07:13:56.146+0000] {logging_mixin.py:188} INFO - [2025-11-28T07:13:56.146+0000] {dag.py:3036} INFO - Sync 1 DAGs
[2025-11-28T07:13:56.169+0000] {logging_mixin.py:188} INFO - [2025-11-28T07:13:56.169+0000] {dag.py:3823} INFO - Setting next_dagrun for example_setup_teardown_taskflow to 2025-11-27 00:00:00+00:00, run_after=2025-11-28 00:00:00+00:00
[2025-11-28T07:13:56.191+0000] {processor.py:183} INFO - Processing /home/airflow/.local/lib/python3.8/site-packages/airflow/example_dags/example_setup_teardown_taskflow.py took 0.106 seconds
[2025-11-28T07:14:26.489+0000] {processor.py:161} INFO - Started process (PID=2477) to work on /home/airflow/.local/lib/python3.8/site-packages/airflow/example_dags/example_setup_teardown_taskflow.py
[2025-11-28T07:14:26.492+0000] {processor.py:830} INFO - Processing file /home/airflow/.local/lib/python3.8/site-packages/airflow/example_dags/example_setup_teardown_taskflow.py for tasks to queue
[2025-11-28T07:14:26.497+0000] {logging_mixin.py:188} INFO - [2025-11-28T07:14:26.496+0000] {dagbag.py:538} INFO - Filling up the DagBag from /home/airflow/.local/lib/python3.8/site-packages/airflow/example_dags/example_setup_teardown_taskflow.py
[2025-11-28T07:14:26.511+0000] {processor.py:840} INFO - DAG(s) 'example_setup_teardown_taskflow' retrieved from /home/airflow/.local/lib/python3.8/site-packages/airflow/example_dags/example_setup_teardown_taskflow.py
[2025-11-28T07:14:26.528+0000] {logging_mixin.py:188} INFO - [2025-11-28T07:14:26.528+0000] {dag.py:3036} INFO - Sync 1 DAGs
[2025-11-28T07:14:26.543+0000] {logging_mixin.py:188} INFO - [2025-11-28T07:14:26.543+0000] {dag.py:3823} INFO - Setting next_dagrun for example_setup_teardown_taskflow to 2025-11-27 00:00:00+00:00, run_after=2025-11-28 00:00:00+00:00
[2025-11-28T07:14:26.558+0000] {processor.py:183} INFO - Processing /home/airflow/.local/lib/python3.8/site-packages/airflow/example_dags/example_setup_teardown_taskflow.py took 0.075 seconds
[2025-11-28T07:14:56.730+0000] {processor.py:161} INFO - Started process (PID=2532) to work on /home/airflow/.local/lib/python3.8/site-packages/airflow/example_dags/example_setup_teardown_taskflow.py
[2025-11-28T07:14:56.732+0000] {processor.py:830} INFO - Processing file /home/airflow/.local/lib/python3.8/site-packages/airflow/example_dags/example_setup_teardown_taskflow.py for tasks to queue
[2025-11-28T07:14:56.734+0000] {logging_mixin.py:188} INFO - [2025-11-28T07:14:56.734+0000] {dagbag.py:538} INFO - Filling up the DagBag from /home/airflow/.local/lib/python3.8/site-packages/airflow/example_dags/example_setup_teardown_taskflow.py
[2025-11-28T07:14:56.743+0000] {processor.py:840} INFO - DAG(s) 'example_setup_teardown_taskflow' retrieved from /home/airflow/.local/lib/python3.8/site-packages/airflow/example_dags/example_setup_teardown_taskflow.py
[2025-11-28T07:14:56.779+0000] {logging_mixin.py:188} INFO - [2025-11-28T07:14:56.779+0000] {dag.py:3036} INFO - Sync 1 DAGs
[2025-11-28T07:14:56.798+0000] {logging_mixin.py:188} INFO - [2025-11-28T07:14:56.798+0000] {dag.py:3823} INFO - Setting next_dagrun for example_setup_teardown_taskflow to 2025-11-27 00:00:00+00:00, run_after=2025-11-28 00:00:00+00:00
[2025-11-28T07:14:56.816+0000] {processor.py:183} INFO - Processing /home/airflow/.local/lib/python3.8/site-packages/airflow/example_dags/example_setup_teardown_taskflow.py took 0.089 seconds
[2025-11-28T07:15:27.684+0000] {processor.py:161} INFO - Started process (PID=2587) to work on /home/airflow/.local/lib/python3.8/site-packages/airflow/example_dags/example_setup_teardown_taskflow.py
[2025-11-28T07:15:27.685+0000] {processor.py:830} INFO - Processing file /home/airflow/.local/lib/python3.8/site-packages/airflow/example_dags/example_setup_teardown_taskflow.py for tasks to queue
[2025-11-28T07:15:27.687+0000] {logging_mixin.py:188} INFO - [2025-11-28T07:15:27.687+0000] {dagbag.py:538} INFO - Filling up the DagBag from /home/airflow/.local/lib/python3.8/site-packages/airflow/example_dags/example_setup_teardown_taskflow.py
[2025-11-28T07:15:27.694+0000] {processor.py:840} INFO - DAG(s) 'example_setup_teardown_taskflow' retrieved from /home/airflow/.local/lib/python3.8/site-packages/airflow/example_dags/example_setup_teardown_taskflow.py
[2025-11-28T07:15:27.711+0000] {logging_mixin.py:188} INFO - [2025-11-28T07:15:27.710+0000] {dag.py:3036} INFO - Sync 1 DAGs
[2025-11-28T07:15:27.729+0000] {logging_mixin.py:188} INFO - [2025-11-28T07:15:27.729+0000] {dag.py:3823} INFO - Setting next_dagrun for example_setup_teardown_taskflow to 2025-11-27 00:00:00+00:00, run_after=2025-11-28 00:00:00+00:00
[2025-11-28T07:15:27.745+0000] {processor.py:183} INFO - Processing /home/airflow/.local/lib/python3.8/site-packages/airflow/example_dags/example_setup_teardown_taskflow.py took 0.065 seconds
[2025-11-28T07:15:58.687+0000] {processor.py:161} INFO - Started process (PID=2642) to work on /home/airflow/.local/lib/python3.8/site-packages/airflow/example_dags/example_setup_teardown_taskflow.py
[2025-11-28T07:15:58.688+0000] {processor.py:830} INFO - Processing file /home/airflow/.local/lib/python3.8/site-packages/airflow/example_dags/example_setup_teardown_taskflow.py for tasks to queue
[2025-11-28T07:15:58.690+0000] {logging_mixin.py:188} INFO - [2025-11-28T07:15:58.690+0000] {dagbag.py:538} INFO - Filling up the DagBag from /home/airflow/.local/lib/python3.8/site-packages/airflow/example_dags/example_setup_teardown_taskflow.py
[2025-11-28T07:15:58.699+0000] {processor.py:840} INFO - DAG(s) 'example_setup_teardown_taskflow' retrieved from /home/airflow/.local/lib/python3.8/site-packages/airflow/example_dags/example_setup_teardown_taskflow.py
[2025-11-28T07:15:58.720+0000] {logging_mixin.py:188} INFO - [2025-11-28T07:15:58.720+0000] {dag.py:3036} INFO - Sync 1 DAGs
[2025-11-28T07:15:58.740+0000] {logging_mixin.py:188} INFO - [2025-11-28T07:15:58.740+0000] {dag.py:3823} INFO - Setting next_dagrun for example_setup_teardown_taskflow to 2025-11-27 00:00:00+00:00, run_after=2025-11-28 00:00:00+00:00
[2025-11-28T07:15:58.758+0000] {processor.py:183} INFO - Processing /home/airflow/.local/lib/python3.8/site-packages/airflow/example_dags/example_setup_teardown_taskflow.py took 0.074 seconds
[2025-11-28T07:16:29.657+0000] {processor.py:161} INFO - Started process (PID=2697) to work on /home/airflow/.local/lib/python3.8/site-packages/airflow/example_dags/example_setup_teardown_taskflow.py
[2025-11-28T07:16:29.658+0000] {processor.py:830} INFO - Processing file /home/airflow/.local/lib/python3.8/site-packages/airflow/example_dags/example_setup_teardown_taskflow.py for tasks to queue
[2025-11-28T07:16:29.661+0000] {logging_mixin.py:188} INFO - [2025-11-28T07:16:29.661+0000] {dagbag.py:538} INFO - Filling up the DagBag from /home/airflow/.local/lib/python3.8/site-packages/airflow/example_dags/example_setup_teardown_taskflow.py
[2025-11-28T07:16:29.778+0000] {processor.py:840} INFO - DAG(s) 'example_setup_teardown_taskflow' retrieved from /home/airflow/.local/lib/python3.8/site-packages/airflow/example_dags/example_setup_teardown_taskflow.py
[2025-11-28T07:16:29.795+0000] {logging_mixin.py:188} INFO - [2025-11-28T07:16:29.794+0000] {dag.py:3036} INFO - Sync 1 DAGs
[2025-11-28T07:16:29.813+0000] {logging_mixin.py:188} INFO - [2025-11-28T07:16:29.813+0000] {dag.py:3823} INFO - Setting next_dagrun for example_setup_teardown_taskflow to 2025-11-27 00:00:00+00:00, run_after=2025-11-28 00:00:00+00:00
[2025-11-28T07:16:29.832+0000] {processor.py:183} INFO - Processing /home/airflow/.local/lib/python3.8/site-packages/airflow/example_dags/example_setup_teardown_taskflow.py took 0.179 seconds
[2025-11-28T07:17:00.597+0000] {processor.py:161} INFO - Started process (PID=2752) to work on /home/airflow/.local/lib/python3.8/site-packages/airflow/example_dags/example_setup_teardown_taskflow.py
[2025-11-28T07:17:00.599+0000] {processor.py:830} INFO - Processing file /home/airflow/.local/lib/python3.8/site-packages/airflow/example_dags/example_setup_teardown_taskflow.py for tasks to queue
[2025-11-28T07:17:00.603+0000] {logging_mixin.py:188} INFO - [2025-11-28T07:17:00.602+0000] {dagbag.py:538} INFO - Filling up the DagBag from /home/airflow/.local/lib/python3.8/site-packages/airflow/example_dags/example_setup_teardown_taskflow.py
[2025-11-28T07:17:00.614+0000] {processor.py:840} INFO - DAG(s) 'example_setup_teardown_taskflow' retrieved from /home/airflow/.local/lib/python3.8/site-packages/airflow/example_dags/example_setup_teardown_taskflow.py
[2025-11-28T07:17:00.631+0000] {logging_mixin.py:188} INFO - [2025-11-28T07:17:00.631+0000] {dag.py:3036} INFO - Sync 1 DAGs
[2025-11-28T07:17:00.656+0000] {logging_mixin.py:188} INFO - [2025-11-28T07:17:00.656+0000] {dag.py:3823} INFO - Setting next_dagrun for example_setup_teardown_taskflow to 2025-11-27 00:00:00+00:00, run_after=2025-11-28 00:00:00+00:00
[2025-11-28T07:17:00.678+0000] {processor.py:183} INFO - Processing /home/airflow/.local/lib/python3.8/site-packages/airflow/example_dags/example_setup_teardown_taskflow.py took 0.087 seconds
[2025-11-28T07:17:30.935+0000] {processor.py:161} INFO - Started process (PID=2807) to work on /home/airflow/.local/lib/python3.8/site-packages/airflow/example_dags/example_setup_teardown_taskflow.py
[2025-11-28T07:17:30.936+0000] {processor.py:830} INFO - Processing file /home/airflow/.local/lib/python3.8/site-packages/airflow/example_dags/example_setup_teardown_taskflow.py for tasks to queue
[2025-11-28T07:17:30.938+0000] {logging_mixin.py:188} INFO - [2025-11-28T07:17:30.938+0000] {dagbag.py:538} INFO - Filling up the DagBag from /home/airflow/.local/lib/python3.8/site-packages/airflow/example_dags/example_setup_teardown_taskflow.py
[2025-11-28T07:17:30.945+0000] {processor.py:840} INFO - DAG(s) 'example_setup_teardown_taskflow' retrieved from /home/airflow/.local/lib/python3.8/site-packages/airflow/example_dags/example_setup_teardown_taskflow.py
[2025-11-28T07:17:30.962+0000] {logging_mixin.py:188} INFO - [2025-11-28T07:17:30.962+0000] {dag.py:3036} INFO - Sync 1 DAGs
[2025-11-28T07:17:30.981+0000] {logging_mixin.py:188} INFO - [2025-11-28T07:17:30.981+0000] {dag.py:3823} INFO - Setting next_dagrun for example_setup_teardown_taskflow to 2025-11-27 00:00:00+00:00, run_after=2025-11-28 00:00:00+00:00
[2025-11-28T07:17:30.997+0000] {processor.py:183} INFO - Processing /home/airflow/.local/lib/python3.8/site-packages/airflow/example_dags/example_setup_teardown_taskflow.py took 0.065 seconds
[2025-11-28T07:18:01.206+0000] {processor.py:161} INFO - Started process (PID=2862) to work on /home/airflow/.local/lib/python3.8/site-packages/airflow/example_dags/example_setup_teardown_taskflow.py
[2025-11-28T07:18:01.207+0000] {processor.py:830} INFO - Processing file /home/airflow/.local/lib/python3.8/site-packages/airflow/example_dags/example_setup_teardown_taskflow.py for tasks to queue
[2025-11-28T07:18:01.209+0000] {logging_mixin.py:188} INFO - [2025-11-28T07:18:01.209+0000] {dagbag.py:538} INFO - Filling up the DagBag from /home/airflow/.local/lib/python3.8/site-packages/airflow/example_dags/example_setup_teardown_taskflow.py
[2025-11-28T07:18:01.216+0000] {processor.py:840} INFO - DAG(s) 'example_setup_teardown_taskflow' retrieved from /home/airflow/.local/lib/python3.8/site-packages/airflow/example_dags/example_setup_teardown_taskflow.py
[2025-11-28T07:18:01.249+0000] {logging_mixin.py:188} INFO - [2025-11-28T07:18:01.249+0000] {dag.py:3036} INFO - Sync 1 DAGs
[2025-11-28T07:18:01.271+0000] {logging_mixin.py:188} INFO - [2025-11-28T07:18:01.271+0000] {dag.py:3823} INFO - Setting next_dagrun for example_setup_teardown_taskflow to 2025-11-27 00:00:00+00:00, run_after=2025-11-28 00:00:00+00:00
[2025-11-28T07:18:01.291+0000] {processor.py:183} INFO - Processing /home/airflow/.local/lib/python3.8/site-packages/airflow/example_dags/example_setup_teardown_taskflow.py took 0.087 seconds
[2025-11-28T07:18:32.350+0000] {processor.py:161} INFO - Started process (PID=2917) to work on /home/airflow/.local/lib/python3.8/site-packages/airflow/example_dags/example_setup_teardown_taskflow.py
[2025-11-28T07:18:32.351+0000] {processor.py:830} INFO - Processing file /home/airflow/.local/lib/python3.8/site-packages/airflow/example_dags/example_setup_teardown_taskflow.py for tasks to queue
[2025-11-28T07:18:32.354+0000] {logging_mixin.py:188} INFO - [2025-11-28T07:18:32.354+0000] {dagbag.py:538} INFO - Filling up the DagBag from /home/airflow/.local/lib/python3.8/site-packages/airflow/example_dags/example_setup_teardown_taskflow.py
[2025-11-28T07:18:32.364+0000] {processor.py:840} INFO - DAG(s) 'example_setup_teardown_taskflow' retrieved from /home/airflow/.local/lib/python3.8/site-packages/airflow/example_dags/example_setup_teardown_taskflow.py
[2025-11-28T07:18:32.385+0000] {logging_mixin.py:188} INFO - [2025-11-28T07:18:32.385+0000] {dag.py:3036} INFO - Sync 1 DAGs
[2025-11-28T07:18:32.405+0000] {logging_mixin.py:188} INFO - [2025-11-28T07:18:32.405+0000] {dag.py:3823} INFO - Setting next_dagrun for example_setup_teardown_taskflow to 2025-11-27 00:00:00+00:00, run_after=2025-11-28 00:00:00+00:00
[2025-11-28T07:18:32.424+0000] {processor.py:183} INFO - Processing /home/airflow/.local/lib/python3.8/site-packages/airflow/example_dags/example_setup_teardown_taskflow.py took 0.078 seconds
[2025-11-28T07:19:02.943+0000] {processor.py:161} INFO - Started process (PID=2972) to work on /home/airflow/.local/lib/python3.8/site-packages/airflow/example_dags/example_setup_teardown_taskflow.py
[2025-11-28T07:19:02.945+0000] {processor.py:830} INFO - Processing file /home/airflow/.local/lib/python3.8/site-packages/airflow/example_dags/example_setup_teardown_taskflow.py for tasks to queue
[2025-11-28T07:19:02.948+0000] {logging_mixin.py:188} INFO - [2025-11-28T07:19:02.948+0000] {dagbag.py:538} INFO - Filling up the DagBag from /home/airflow/.local/lib/python3.8/site-packages/airflow/example_dags/example_setup_teardown_taskflow.py
[2025-11-28T07:19:02.958+0000] {processor.py:840} INFO - DAG(s) 'example_setup_teardown_taskflow' retrieved from /home/airflow/.local/lib/python3.8/site-packages/airflow/example_dags/example_setup_teardown_taskflow.py
[2025-11-28T07:19:02.991+0000] {logging_mixin.py:188} INFO - [2025-11-28T07:19:02.991+0000] {dag.py:3036} INFO - Sync 1 DAGs
[2025-11-28T07:19:03.020+0000] {logging_mixin.py:188} INFO - [2025-11-28T07:19:03.020+0000] {dag.py:3823} INFO - Setting next_dagrun for example_setup_teardown_taskflow to 2025-11-27 00:00:00+00:00, run_after=2025-11-28 00:00:00+00:00
[2025-11-28T07:19:03.047+0000] {processor.py:183} INFO - Processing /home/airflow/.local/lib/python3.8/site-packages/airflow/example_dags/example_setup_teardown_taskflow.py took 0.107 seconds
[2025-11-28T07:19:33.291+0000] {processor.py:161} INFO - Started process (PID=3026) to work on /home/airflow/.local/lib/python3.8/site-packages/airflow/example_dags/example_setup_teardown_taskflow.py
[2025-11-28T07:19:33.293+0000] {processor.py:830} INFO - Processing file /home/airflow/.local/lib/python3.8/site-packages/airflow/example_dags/example_setup_teardown_taskflow.py for tasks to queue
[2025-11-28T07:19:33.295+0000] {logging_mixin.py:188} INFO - [2025-11-28T07:19:33.294+0000] {dagbag.py:538} INFO - Filling up the DagBag from /home/airflow/.local/lib/python3.8/site-packages/airflow/example_dags/example_setup_teardown_taskflow.py
[2025-11-28T07:19:33.305+0000] {processor.py:840} INFO - DAG(s) 'example_setup_teardown_taskflow' retrieved from /home/airflow/.local/lib/python3.8/site-packages/airflow/example_dags/example_setup_teardown_taskflow.py
[2025-11-28T07:19:33.329+0000] {logging_mixin.py:188} INFO - [2025-11-28T07:19:33.328+0000] {dag.py:3036} INFO - Sync 1 DAGs
[2025-11-28T07:19:33.355+0000] {logging_mixin.py:188} INFO - [2025-11-28T07:19:33.355+0000] {dag.py:3823} INFO - Setting next_dagrun for example_setup_teardown_taskflow to 2025-11-27 00:00:00+00:00, run_after=2025-11-28 00:00:00+00:00
[2025-11-28T07:19:33.378+0000] {processor.py:183} INFO - Processing /home/airflow/.local/lib/python3.8/site-packages/airflow/example_dags/example_setup_teardown_taskflow.py took 0.089 seconds
