[2025-11-28T06:52:27.322+0000] {processor.py:161} INFO - Started process (PID=98) to work on /home/airflow/.local/lib/python3.8/site-packages/airflow/example_dags/example_bash_operator.py
[2025-11-28T06:52:27.327+0000] {processor.py:830} INFO - Processing file /home/airflow/.local/lib/python3.8/site-packages/airflow/example_dags/example_bash_operator.py for tasks to queue
[2025-11-28T06:52:27.329+0000] {logging_mixin.py:188} INFO - [2025-11-28T06:52:27.329+0000] {dagbag.py:538} INFO - Filling up the DagBag from /home/airflow/.local/lib/python3.8/site-packages/airflow/example_dags/example_bash_operator.py
[2025-11-28T06:52:27.344+0000] {processor.py:840} INFO - DAG(s) 'example_bash_operator' retrieved from /home/airflow/.local/lib/python3.8/site-packages/airflow/example_dags/example_bash_operator.py
[2025-11-28T06:52:27.466+0000] {logging_mixin.py:188} INFO - [2025-11-28T06:52:27.465+0000] {override.py:1769} INFO - Created Permission View: can edit on DAG:example_bash_operator
[2025-11-28T06:52:27.478+0000] {logging_mixin.py:188} INFO - [2025-11-28T06:52:27.478+0000] {override.py:1769} INFO - Created Permission View: can delete on DAG:example_bash_operator
[2025-11-28T06:52:27.487+0000] {logging_mixin.py:188} INFO - [2025-11-28T06:52:27.487+0000] {override.py:1769} INFO - Created Permission View: can read on DAG:example_bash_operator
[2025-11-28T06:52:27.488+0000] {logging_mixin.py:188} INFO - [2025-11-28T06:52:27.488+0000] {dag.py:3036} INFO - Sync 1 DAGs
[2025-11-28T06:52:27.501+0000] {logging_mixin.py:188} INFO - [2025-11-28T06:52:27.501+0000] {dag.py:3058} INFO - Creating ORM DAG for example_bash_operator
[2025-11-28T06:52:27.513+0000] {logging_mixin.py:188} INFO - [2025-11-28T06:52:27.513+0000] {dag.py:3823} INFO - Setting next_dagrun for example_bash_operator to 2025-11-27 00:00:00+00:00, run_after=2025-11-28 00:00:00+00:00
[2025-11-28T06:52:27.536+0000] {processor.py:183} INFO - Processing /home/airflow/.local/lib/python3.8/site-packages/airflow/example_dags/example_bash_operator.py took 0.217 seconds
[2025-11-28T06:52:57.721+0000] {processor.py:161} INFO - Started process (PID=153) to work on /home/airflow/.local/lib/python3.8/site-packages/airflow/example_dags/example_bash_operator.py
[2025-11-28T06:52:57.724+0000] {processor.py:830} INFO - Processing file /home/airflow/.local/lib/python3.8/site-packages/airflow/example_dags/example_bash_operator.py for tasks to queue
[2025-11-28T06:52:57.727+0000] {logging_mixin.py:188} INFO - [2025-11-28T06:52:57.727+0000] {dagbag.py:538} INFO - Filling up the DagBag from /home/airflow/.local/lib/python3.8/site-packages/airflow/example_dags/example_bash_operator.py
[2025-11-28T06:52:57.742+0000] {processor.py:840} INFO - DAG(s) 'example_bash_operator' retrieved from /home/airflow/.local/lib/python3.8/site-packages/airflow/example_dags/example_bash_operator.py
[2025-11-28T06:52:57.778+0000] {logging_mixin.py:188} INFO - [2025-11-28T06:52:57.778+0000] {dag.py:3036} INFO - Sync 1 DAGs
[2025-11-28T06:52:57.801+0000] {logging_mixin.py:188} INFO - [2025-11-28T06:52:57.801+0000] {dag.py:3823} INFO - Setting next_dagrun for example_bash_operator to 2025-11-27 00:00:00+00:00, run_after=2025-11-28 00:00:00+00:00
[2025-11-28T06:52:57.818+0000] {processor.py:183} INFO - Processing /home/airflow/.local/lib/python3.8/site-packages/airflow/example_dags/example_bash_operator.py took 0.101 seconds
[2025-11-28T06:53:28.086+0000] {processor.py:161} INFO - Started process (PID=208) to work on /home/airflow/.local/lib/python3.8/site-packages/airflow/example_dags/example_bash_operator.py
[2025-11-28T06:53:28.088+0000] {processor.py:830} INFO - Processing file /home/airflow/.local/lib/python3.8/site-packages/airflow/example_dags/example_bash_operator.py for tasks to queue
[2025-11-28T06:53:28.091+0000] {logging_mixin.py:188} INFO - [2025-11-28T06:53:28.090+0000] {dagbag.py:538} INFO - Filling up the DagBag from /home/airflow/.local/lib/python3.8/site-packages/airflow/example_dags/example_bash_operator.py
[2025-11-28T06:53:28.105+0000] {processor.py:840} INFO - DAG(s) 'example_bash_operator' retrieved from /home/airflow/.local/lib/python3.8/site-packages/airflow/example_dags/example_bash_operator.py
[2025-11-28T06:53:28.133+0000] {logging_mixin.py:188} INFO - [2025-11-28T06:53:28.133+0000] {dag.py:3036} INFO - Sync 1 DAGs
[2025-11-28T06:53:28.152+0000] {logging_mixin.py:188} INFO - [2025-11-28T06:53:28.152+0000] {dag.py:3823} INFO - Setting next_dagrun for example_bash_operator to 2025-11-27 00:00:00+00:00, run_after=2025-11-28 00:00:00+00:00
[2025-11-28T06:53:28.170+0000] {processor.py:183} INFO - Processing /home/airflow/.local/lib/python3.8/site-packages/airflow/example_dags/example_bash_operator.py took 0.087 seconds
[2025-11-28T06:53:58.624+0000] {processor.py:161} INFO - Started process (PID=263) to work on /home/airflow/.local/lib/python3.8/site-packages/airflow/example_dags/example_bash_operator.py
[2025-11-28T06:53:58.625+0000] {processor.py:830} INFO - Processing file /home/airflow/.local/lib/python3.8/site-packages/airflow/example_dags/example_bash_operator.py for tasks to queue
[2025-11-28T06:53:58.627+0000] {logging_mixin.py:188} INFO - [2025-11-28T06:53:58.627+0000] {dagbag.py:538} INFO - Filling up the DagBag from /home/airflow/.local/lib/python3.8/site-packages/airflow/example_dags/example_bash_operator.py
[2025-11-28T06:53:58.637+0000] {processor.py:840} INFO - DAG(s) 'example_bash_operator' retrieved from /home/airflow/.local/lib/python3.8/site-packages/airflow/example_dags/example_bash_operator.py
[2025-11-28T06:53:58.665+0000] {logging_mixin.py:188} INFO - [2025-11-28T06:53:58.664+0000] {dag.py:3036} INFO - Sync 1 DAGs
[2025-11-28T06:53:58.686+0000] {logging_mixin.py:188} INFO - [2025-11-28T06:53:58.686+0000] {dag.py:3823} INFO - Setting next_dagrun for example_bash_operator to 2025-11-27 00:00:00+00:00, run_after=2025-11-28 00:00:00+00:00
[2025-11-28T06:53:58.714+0000] {processor.py:183} INFO - Processing /home/airflow/.local/lib/python3.8/site-packages/airflow/example_dags/example_bash_operator.py took 0.093 seconds
[2025-11-28T06:54:29.587+0000] {processor.py:161} INFO - Started process (PID=318) to work on /home/airflow/.local/lib/python3.8/site-packages/airflow/example_dags/example_bash_operator.py
[2025-11-28T06:54:29.588+0000] {processor.py:830} INFO - Processing file /home/airflow/.local/lib/python3.8/site-packages/airflow/example_dags/example_bash_operator.py for tasks to queue
[2025-11-28T06:54:29.590+0000] {logging_mixin.py:188} INFO - [2025-11-28T06:54:29.590+0000] {dagbag.py:538} INFO - Filling up the DagBag from /home/airflow/.local/lib/python3.8/site-packages/airflow/example_dags/example_bash_operator.py
[2025-11-28T06:54:29.600+0000] {processor.py:840} INFO - DAG(s) 'example_bash_operator' retrieved from /home/airflow/.local/lib/python3.8/site-packages/airflow/example_dags/example_bash_operator.py
[2025-11-28T06:54:29.629+0000] {logging_mixin.py:188} INFO - [2025-11-28T06:54:29.629+0000] {dag.py:3036} INFO - Sync 1 DAGs
[2025-11-28T06:54:29.649+0000] {logging_mixin.py:188} INFO - [2025-11-28T06:54:29.649+0000] {dag.py:3823} INFO - Setting next_dagrun for example_bash_operator to 2025-11-27 00:00:00+00:00, run_after=2025-11-28 00:00:00+00:00
[2025-11-28T06:54:29.666+0000] {processor.py:183} INFO - Processing /home/airflow/.local/lib/python3.8/site-packages/airflow/example_dags/example_bash_operator.py took 0.081 seconds
[2025-11-28T06:55:00.289+0000] {processor.py:161} INFO - Started process (PID=373) to work on /home/airflow/.local/lib/python3.8/site-packages/airflow/example_dags/example_bash_operator.py
[2025-11-28T06:55:00.290+0000] {processor.py:830} INFO - Processing file /home/airflow/.local/lib/python3.8/site-packages/airflow/example_dags/example_bash_operator.py for tasks to queue
[2025-11-28T06:55:00.292+0000] {logging_mixin.py:188} INFO - [2025-11-28T06:55:00.292+0000] {dagbag.py:538} INFO - Filling up the DagBag from /home/airflow/.local/lib/python3.8/site-packages/airflow/example_dags/example_bash_operator.py
[2025-11-28T06:55:00.305+0000] {processor.py:840} INFO - DAG(s) 'example_bash_operator' retrieved from /home/airflow/.local/lib/python3.8/site-packages/airflow/example_dags/example_bash_operator.py
[2025-11-28T06:55:00.316+0000] {logging_mixin.py:188} INFO - [2025-11-28T06:55:00.315+0000] {dag.py:3036} INFO - Sync 1 DAGs
[2025-11-28T06:55:00.335+0000] {logging_mixin.py:188} INFO - [2025-11-28T06:55:00.335+0000] {dag.py:3823} INFO - Setting next_dagrun for example_bash_operator to 2025-11-27 00:00:00+00:00, run_after=2025-11-28 00:00:00+00:00
[2025-11-28T06:55:00.352+0000] {processor.py:183} INFO - Processing /home/airflow/.local/lib/python3.8/site-packages/airflow/example_dags/example_bash_operator.py took 0.070 seconds
[2025-11-28T06:55:30.851+0000] {processor.py:161} INFO - Started process (PID=428) to work on /home/airflow/.local/lib/python3.8/site-packages/airflow/example_dags/example_bash_operator.py
[2025-11-28T06:55:30.852+0000] {processor.py:830} INFO - Processing file /home/airflow/.local/lib/python3.8/site-packages/airflow/example_dags/example_bash_operator.py for tasks to queue
[2025-11-28T06:55:30.856+0000] {logging_mixin.py:188} INFO - [2025-11-28T06:55:30.855+0000] {dagbag.py:538} INFO - Filling up the DagBag from /home/airflow/.local/lib/python3.8/site-packages/airflow/example_dags/example_bash_operator.py
[2025-11-28T06:55:30.871+0000] {processor.py:840} INFO - DAG(s) 'example_bash_operator' retrieved from /home/airflow/.local/lib/python3.8/site-packages/airflow/example_dags/example_bash_operator.py
[2025-11-28T06:55:30.961+0000] {logging_mixin.py:188} INFO - [2025-11-28T06:55:30.961+0000] {dag.py:3036} INFO - Sync 1 DAGs
[2025-11-28T06:55:30.977+0000] {logging_mixin.py:188} INFO - [2025-11-28T06:55:30.976+0000] {dag.py:3823} INFO - Setting next_dagrun for example_bash_operator to 2025-11-27 00:00:00+00:00, run_after=2025-11-28 00:00:00+00:00
[2025-11-28T06:55:30.996+0000] {processor.py:183} INFO - Processing /home/airflow/.local/lib/python3.8/site-packages/airflow/example_dags/example_bash_operator.py took 0.149 seconds
[2025-11-28T06:56:01.757+0000] {processor.py:161} INFO - Started process (PID=483) to work on /home/airflow/.local/lib/python3.8/site-packages/airflow/example_dags/example_bash_operator.py
[2025-11-28T06:56:01.760+0000] {processor.py:830} INFO - Processing file /home/airflow/.local/lib/python3.8/site-packages/airflow/example_dags/example_bash_operator.py for tasks to queue
[2025-11-28T06:56:01.762+0000] {logging_mixin.py:188} INFO - [2025-11-28T06:56:01.762+0000] {dagbag.py:538} INFO - Filling up the DagBag from /home/airflow/.local/lib/python3.8/site-packages/airflow/example_dags/example_bash_operator.py
[2025-11-28T06:56:01.775+0000] {processor.py:840} INFO - DAG(s) 'example_bash_operator' retrieved from /home/airflow/.local/lib/python3.8/site-packages/airflow/example_dags/example_bash_operator.py
[2025-11-28T06:56:01.801+0000] {logging_mixin.py:188} INFO - [2025-11-28T06:56:01.801+0000] {dag.py:3036} INFO - Sync 1 DAGs
[2025-11-28T06:56:01.817+0000] {logging_mixin.py:188} INFO - [2025-11-28T06:56:01.817+0000] {dag.py:3823} INFO - Setting next_dagrun for example_bash_operator to 2025-11-27 00:00:00+00:00, run_after=2025-11-28 00:00:00+00:00
[2025-11-28T06:56:01.835+0000] {processor.py:183} INFO - Processing /home/airflow/.local/lib/python3.8/site-packages/airflow/example_dags/example_bash_operator.py took 0.082 seconds
[2025-11-28T06:56:32.096+0000] {processor.py:161} INFO - Started process (PID=538) to work on /home/airflow/.local/lib/python3.8/site-packages/airflow/example_dags/example_bash_operator.py
[2025-11-28T06:56:32.097+0000] {processor.py:830} INFO - Processing file /home/airflow/.local/lib/python3.8/site-packages/airflow/example_dags/example_bash_operator.py for tasks to queue
[2025-11-28T06:56:32.100+0000] {logging_mixin.py:188} INFO - [2025-11-28T06:56:32.100+0000] {dagbag.py:538} INFO - Filling up the DagBag from /home/airflow/.local/lib/python3.8/site-packages/airflow/example_dags/example_bash_operator.py
[2025-11-28T06:56:32.109+0000] {processor.py:840} INFO - DAG(s) 'example_bash_operator' retrieved from /home/airflow/.local/lib/python3.8/site-packages/airflow/example_dags/example_bash_operator.py
[2025-11-28T06:56:32.128+0000] {logging_mixin.py:188} INFO - [2025-11-28T06:56:32.128+0000] {dag.py:3036} INFO - Sync 1 DAGs
[2025-11-28T06:56:32.142+0000] {logging_mixin.py:188} INFO - [2025-11-28T06:56:32.142+0000] {dag.py:3823} INFO - Setting next_dagrun for example_bash_operator to 2025-11-27 00:00:00+00:00, run_after=2025-11-28 00:00:00+00:00
[2025-11-28T06:56:32.155+0000] {processor.py:183} INFO - Processing /home/airflow/.local/lib/python3.8/site-packages/airflow/example_dags/example_bash_operator.py took 0.065 seconds
[2025-11-28T06:57:02.393+0000] {processor.py:161} INFO - Started process (PID=593) to work on /home/airflow/.local/lib/python3.8/site-packages/airflow/example_dags/example_bash_operator.py
[2025-11-28T06:57:02.394+0000] {processor.py:830} INFO - Processing file /home/airflow/.local/lib/python3.8/site-packages/airflow/example_dags/example_bash_operator.py for tasks to queue
[2025-11-28T06:57:02.396+0000] {logging_mixin.py:188} INFO - [2025-11-28T06:57:02.396+0000] {dagbag.py:538} INFO - Filling up the DagBag from /home/airflow/.local/lib/python3.8/site-packages/airflow/example_dags/example_bash_operator.py
[2025-11-28T06:57:02.405+0000] {processor.py:840} INFO - DAG(s) 'example_bash_operator' retrieved from /home/airflow/.local/lib/python3.8/site-packages/airflow/example_dags/example_bash_operator.py
[2025-11-28T06:57:02.425+0000] {logging_mixin.py:188} INFO - [2025-11-28T06:57:02.425+0000] {dag.py:3036} INFO - Sync 1 DAGs
[2025-11-28T06:57:02.443+0000] {logging_mixin.py:188} INFO - [2025-11-28T06:57:02.443+0000] {dag.py:3823} INFO - Setting next_dagrun for example_bash_operator to 2025-11-27 00:00:00+00:00, run_after=2025-11-28 00:00:00+00:00
[2025-11-28T06:57:02.460+0000] {processor.py:183} INFO - Processing /home/airflow/.local/lib/python3.8/site-packages/airflow/example_dags/example_bash_operator.py took 0.071 seconds
[2025-11-28T06:57:33.086+0000] {processor.py:161} INFO - Started process (PID=648) to work on /home/airflow/.local/lib/python3.8/site-packages/airflow/example_dags/example_bash_operator.py
[2025-11-28T06:57:33.091+0000] {processor.py:830} INFO - Processing file /home/airflow/.local/lib/python3.8/site-packages/airflow/example_dags/example_bash_operator.py for tasks to queue
[2025-11-28T06:57:33.094+0000] {logging_mixin.py:188} INFO - [2025-11-28T06:57:33.094+0000] {dagbag.py:538} INFO - Filling up the DagBag from /home/airflow/.local/lib/python3.8/site-packages/airflow/example_dags/example_bash_operator.py
[2025-11-28T06:57:33.103+0000] {processor.py:840} INFO - DAG(s) 'example_bash_operator' retrieved from /home/airflow/.local/lib/python3.8/site-packages/airflow/example_dags/example_bash_operator.py
[2025-11-28T06:57:33.127+0000] {logging_mixin.py:188} INFO - [2025-11-28T06:57:33.127+0000] {dag.py:3036} INFO - Sync 1 DAGs
[2025-11-28T06:57:33.148+0000] {logging_mixin.py:188} INFO - [2025-11-28T06:57:33.148+0000] {dag.py:3823} INFO - Setting next_dagrun for example_bash_operator to 2025-11-27 00:00:00+00:00, run_after=2025-11-28 00:00:00+00:00
[2025-11-28T06:57:33.168+0000] {processor.py:183} INFO - Processing /home/airflow/.local/lib/python3.8/site-packages/airflow/example_dags/example_bash_operator.py took 0.089 seconds
[2025-11-28T06:58:03.965+0000] {processor.py:161} INFO - Started process (PID=703) to work on /home/airflow/.local/lib/python3.8/site-packages/airflow/example_dags/example_bash_operator.py
[2025-11-28T06:58:03.966+0000] {processor.py:830} INFO - Processing file /home/airflow/.local/lib/python3.8/site-packages/airflow/example_dags/example_bash_operator.py for tasks to queue
[2025-11-28T06:58:03.969+0000] {logging_mixin.py:188} INFO - [2025-11-28T06:58:03.969+0000] {dagbag.py:538} INFO - Filling up the DagBag from /home/airflow/.local/lib/python3.8/site-packages/airflow/example_dags/example_bash_operator.py
[2025-11-28T06:58:03.981+0000] {processor.py:840} INFO - DAG(s) 'example_bash_operator' retrieved from /home/airflow/.local/lib/python3.8/site-packages/airflow/example_dags/example_bash_operator.py
[2025-11-28T06:58:04.001+0000] {logging_mixin.py:188} INFO - [2025-11-28T06:58:04.001+0000] {dag.py:3036} INFO - Sync 1 DAGs
[2025-11-28T06:58:04.016+0000] {logging_mixin.py:188} INFO - [2025-11-28T06:58:04.015+0000] {dag.py:3823} INFO - Setting next_dagrun for example_bash_operator to 2025-11-27 00:00:00+00:00, run_after=2025-11-28 00:00:00+00:00
[2025-11-28T06:58:04.031+0000] {processor.py:183} INFO - Processing /home/airflow/.local/lib/python3.8/site-packages/airflow/example_dags/example_bash_operator.py took 0.071 seconds
[2025-11-28T06:58:34.331+0000] {processor.py:161} INFO - Started process (PID=758) to work on /home/airflow/.local/lib/python3.8/site-packages/airflow/example_dags/example_bash_operator.py
[2025-11-28T06:58:34.333+0000] {processor.py:830} INFO - Processing file /home/airflow/.local/lib/python3.8/site-packages/airflow/example_dags/example_bash_operator.py for tasks to queue
[2025-11-28T06:58:34.335+0000] {logging_mixin.py:188} INFO - [2025-11-28T06:58:34.335+0000] {dagbag.py:538} INFO - Filling up the DagBag from /home/airflow/.local/lib/python3.8/site-packages/airflow/example_dags/example_bash_operator.py
[2025-11-28T06:58:34.353+0000] {processor.py:840} INFO - DAG(s) 'example_bash_operator' retrieved from /home/airflow/.local/lib/python3.8/site-packages/airflow/example_dags/example_bash_operator.py
[2025-11-28T06:58:34.381+0000] {logging_mixin.py:188} INFO - [2025-11-28T06:58:34.381+0000] {dag.py:3036} INFO - Sync 1 DAGs
[2025-11-28T06:58:34.396+0000] {logging_mixin.py:188} INFO - [2025-11-28T06:58:34.395+0000] {dag.py:3823} INFO - Setting next_dagrun for example_bash_operator to 2025-11-27 00:00:00+00:00, run_after=2025-11-28 00:00:00+00:00
[2025-11-28T06:58:34.412+0000] {processor.py:183} INFO - Processing /home/airflow/.local/lib/python3.8/site-packages/airflow/example_dags/example_bash_operator.py took 0.083 seconds
[2025-11-28T06:59:04.954+0000] {processor.py:161} INFO - Started process (PID=813) to work on /home/airflow/.local/lib/python3.8/site-packages/airflow/example_dags/example_bash_operator.py
[2025-11-28T06:59:04.956+0000] {processor.py:830} INFO - Processing file /home/airflow/.local/lib/python3.8/site-packages/airflow/example_dags/example_bash_operator.py for tasks to queue
[2025-11-28T06:59:04.961+0000] {logging_mixin.py:188} INFO - [2025-11-28T06:59:04.961+0000] {dagbag.py:538} INFO - Filling up the DagBag from /home/airflow/.local/lib/python3.8/site-packages/airflow/example_dags/example_bash_operator.py
[2025-11-28T06:59:04.977+0000] {processor.py:840} INFO - DAG(s) 'example_bash_operator' retrieved from /home/airflow/.local/lib/python3.8/site-packages/airflow/example_dags/example_bash_operator.py
[2025-11-28T06:59:05.014+0000] {logging_mixin.py:188} INFO - [2025-11-28T06:59:05.013+0000] {dag.py:3036} INFO - Sync 1 DAGs
[2025-11-28T06:59:05.034+0000] {logging_mixin.py:188} INFO - [2025-11-28T06:59:05.033+0000] {dag.py:3823} INFO - Setting next_dagrun for example_bash_operator to 2025-11-27 00:00:00+00:00, run_after=2025-11-28 00:00:00+00:00
[2025-11-28T06:59:05.051+0000] {processor.py:183} INFO - Processing /home/airflow/.local/lib/python3.8/site-packages/airflow/example_dags/example_bash_operator.py took 0.103 seconds
[2025-11-28T06:59:35.378+0000] {processor.py:161} INFO - Started process (PID=868) to work on /home/airflow/.local/lib/python3.8/site-packages/airflow/example_dags/example_bash_operator.py
[2025-11-28T06:59:35.379+0000] {processor.py:830} INFO - Processing file /home/airflow/.local/lib/python3.8/site-packages/airflow/example_dags/example_bash_operator.py for tasks to queue
[2025-11-28T06:59:35.381+0000] {logging_mixin.py:188} INFO - [2025-11-28T06:59:35.381+0000] {dagbag.py:538} INFO - Filling up the DagBag from /home/airflow/.local/lib/python3.8/site-packages/airflow/example_dags/example_bash_operator.py
[2025-11-28T06:59:35.392+0000] {processor.py:840} INFO - DAG(s) 'example_bash_operator' retrieved from /home/airflow/.local/lib/python3.8/site-packages/airflow/example_dags/example_bash_operator.py
[2025-11-28T06:59:35.420+0000] {logging_mixin.py:188} INFO - [2025-11-28T06:59:35.420+0000] {dag.py:3036} INFO - Sync 1 DAGs
[2025-11-28T06:59:35.442+0000] {logging_mixin.py:188} INFO - [2025-11-28T06:59:35.441+0000] {dag.py:3823} INFO - Setting next_dagrun for example_bash_operator to 2025-11-27 00:00:00+00:00, run_after=2025-11-28 00:00:00+00:00
[2025-11-28T06:59:35.461+0000] {processor.py:183} INFO - Processing /home/airflow/.local/lib/python3.8/site-packages/airflow/example_dags/example_bash_operator.py took 0.090 seconds
[2025-11-28T07:00:05.759+0000] {processor.py:161} INFO - Started process (PID=923) to work on /home/airflow/.local/lib/python3.8/site-packages/airflow/example_dags/example_bash_operator.py
[2025-11-28T07:00:05.770+0000] {processor.py:830} INFO - Processing file /home/airflow/.local/lib/python3.8/site-packages/airflow/example_dags/example_bash_operator.py for tasks to queue
[2025-11-28T07:00:05.793+0000] {logging_mixin.py:188} INFO - [2025-11-28T07:00:05.790+0000] {dagbag.py:538} INFO - Filling up the DagBag from /home/airflow/.local/lib/python3.8/site-packages/airflow/example_dags/example_bash_operator.py
[2025-11-28T07:00:05.902+0000] {processor.py:840} INFO - DAG(s) 'example_bash_operator' retrieved from /home/airflow/.local/lib/python3.8/site-packages/airflow/example_dags/example_bash_operator.py
[2025-11-28T07:00:06.259+0000] {logging_mixin.py:188} INFO - [2025-11-28T07:00:06.259+0000] {dag.py:3036} INFO - Sync 1 DAGs
[2025-11-28T07:00:06.285+0000] {logging_mixin.py:188} INFO - [2025-11-28T07:00:06.285+0000] {dag.py:3823} INFO - Setting next_dagrun for example_bash_operator to 2025-11-27 00:00:00+00:00, run_after=2025-11-28 00:00:00+00:00
[2025-11-28T07:00:06.305+0000] {processor.py:183} INFO - Processing /home/airflow/.local/lib/python3.8/site-packages/airflow/example_dags/example_bash_operator.py took 0.573 seconds
[2025-11-28T07:00:36.390+0000] {processor.py:161} INFO - Started process (PID=978) to work on /home/airflow/.local/lib/python3.8/site-packages/airflow/example_dags/example_bash_operator.py
[2025-11-28T07:00:36.392+0000] {processor.py:830} INFO - Processing file /home/airflow/.local/lib/python3.8/site-packages/airflow/example_dags/example_bash_operator.py for tasks to queue
[2025-11-28T07:00:36.397+0000] {logging_mixin.py:188} INFO - [2025-11-28T07:00:36.396+0000] {dagbag.py:538} INFO - Filling up the DagBag from /home/airflow/.local/lib/python3.8/site-packages/airflow/example_dags/example_bash_operator.py
[2025-11-28T07:00:36.405+0000] {processor.py:840} INFO - DAG(s) 'example_bash_operator' retrieved from /home/airflow/.local/lib/python3.8/site-packages/airflow/example_dags/example_bash_operator.py
[2025-11-28T07:00:36.448+0000] {logging_mixin.py:188} INFO - [2025-11-28T07:00:36.448+0000] {dag.py:3036} INFO - Sync 1 DAGs
[2025-11-28T07:00:36.485+0000] {logging_mixin.py:188} INFO - [2025-11-28T07:00:36.482+0000] {dag.py:3823} INFO - Setting next_dagrun for example_bash_operator to 2025-11-27 00:00:00+00:00, run_after=2025-11-28 00:00:00+00:00
[2025-11-28T07:00:36.524+0000] {processor.py:183} INFO - Processing /home/airflow/.local/lib/python3.8/site-packages/airflow/example_dags/example_bash_operator.py took 0.140 seconds
[2025-11-28T07:01:06.944+0000] {processor.py:161} INFO - Started process (PID=1033) to work on /home/airflow/.local/lib/python3.8/site-packages/airflow/example_dags/example_bash_operator.py
[2025-11-28T07:01:06.951+0000] {processor.py:830} INFO - Processing file /home/airflow/.local/lib/python3.8/site-packages/airflow/example_dags/example_bash_operator.py for tasks to queue
[2025-11-28T07:01:06.961+0000] {logging_mixin.py:188} INFO - [2025-11-28T07:01:06.958+0000] {dagbag.py:538} INFO - Filling up the DagBag from /home/airflow/.local/lib/python3.8/site-packages/airflow/example_dags/example_bash_operator.py
[2025-11-28T07:01:06.989+0000] {processor.py:840} INFO - DAG(s) 'example_bash_operator' retrieved from /home/airflow/.local/lib/python3.8/site-packages/airflow/example_dags/example_bash_operator.py
[2025-11-28T07:01:07.049+0000] {logging_mixin.py:188} INFO - [2025-11-28T07:01:07.048+0000] {dag.py:3036} INFO - Sync 1 DAGs
[2025-11-28T07:01:07.088+0000] {logging_mixin.py:188} INFO - [2025-11-28T07:01:07.088+0000] {dag.py:3823} INFO - Setting next_dagrun for example_bash_operator to 2025-11-27 00:00:00+00:00, run_after=2025-11-28 00:00:00+00:00
[2025-11-28T07:01:07.121+0000] {processor.py:183} INFO - Processing /home/airflow/.local/lib/python3.8/site-packages/airflow/example_dags/example_bash_operator.py took 0.182 seconds
[2025-11-28T07:01:37.299+0000] {processor.py:161} INFO - Started process (PID=1087) to work on /home/airflow/.local/lib/python3.8/site-packages/airflow/example_dags/example_bash_operator.py
[2025-11-28T07:01:37.305+0000] {processor.py:830} INFO - Processing file /home/airflow/.local/lib/python3.8/site-packages/airflow/example_dags/example_bash_operator.py for tasks to queue
[2025-11-28T07:01:37.311+0000] {logging_mixin.py:188} INFO - [2025-11-28T07:01:37.310+0000] {dagbag.py:538} INFO - Filling up the DagBag from /home/airflow/.local/lib/python3.8/site-packages/airflow/example_dags/example_bash_operator.py
[2025-11-28T07:01:37.332+0000] {processor.py:840} INFO - DAG(s) 'example_bash_operator' retrieved from /home/airflow/.local/lib/python3.8/site-packages/airflow/example_dags/example_bash_operator.py
[2025-11-28T07:01:37.382+0000] {logging_mixin.py:188} INFO - [2025-11-28T07:01:37.382+0000] {dag.py:3036} INFO - Sync 1 DAGs
[2025-11-28T07:01:37.416+0000] {logging_mixin.py:188} INFO - [2025-11-28T07:01:37.416+0000] {dag.py:3823} INFO - Setting next_dagrun for example_bash_operator to 2025-11-27 00:00:00+00:00, run_after=2025-11-28 00:00:00+00:00
[2025-11-28T07:01:37.447+0000] {processor.py:183} INFO - Processing /home/airflow/.local/lib/python3.8/site-packages/airflow/example_dags/example_bash_operator.py took 0.154 seconds
[2025-11-28T07:02:08.160+0000] {processor.py:161} INFO - Started process (PID=1142) to work on /home/airflow/.local/lib/python3.8/site-packages/airflow/example_dags/example_bash_operator.py
[2025-11-28T07:02:08.162+0000] {processor.py:830} INFO - Processing file /home/airflow/.local/lib/python3.8/site-packages/airflow/example_dags/example_bash_operator.py for tasks to queue
[2025-11-28T07:02:08.164+0000] {logging_mixin.py:188} INFO - [2025-11-28T07:02:08.164+0000] {dagbag.py:538} INFO - Filling up the DagBag from /home/airflow/.local/lib/python3.8/site-packages/airflow/example_dags/example_bash_operator.py
[2025-11-28T07:02:08.175+0000] {processor.py:840} INFO - DAG(s) 'example_bash_operator' retrieved from /home/airflow/.local/lib/python3.8/site-packages/airflow/example_dags/example_bash_operator.py
[2025-11-28T07:02:08.197+0000] {logging_mixin.py:188} INFO - [2025-11-28T07:02:08.197+0000] {dag.py:3036} INFO - Sync 1 DAGs
[2025-11-28T07:02:08.212+0000] {logging_mixin.py:188} INFO - [2025-11-28T07:02:08.212+0000] {dag.py:3823} INFO - Setting next_dagrun for example_bash_operator to 2025-11-27 00:00:00+00:00, run_after=2025-11-28 00:00:00+00:00
[2025-11-28T07:02:08.227+0000] {processor.py:183} INFO - Processing /home/airflow/.local/lib/python3.8/site-packages/airflow/example_dags/example_bash_operator.py took 0.072 seconds
[2025-11-28T07:02:38.341+0000] {processor.py:161} INFO - Started process (PID=1196) to work on /home/airflow/.local/lib/python3.8/site-packages/airflow/example_dags/example_bash_operator.py
[2025-11-28T07:02:38.342+0000] {processor.py:830} INFO - Processing file /home/airflow/.local/lib/python3.8/site-packages/airflow/example_dags/example_bash_operator.py for tasks to queue
[2025-11-28T07:02:38.344+0000] {logging_mixin.py:188} INFO - [2025-11-28T07:02:38.344+0000] {dagbag.py:538} INFO - Filling up the DagBag from /home/airflow/.local/lib/python3.8/site-packages/airflow/example_dags/example_bash_operator.py
[2025-11-28T07:02:38.354+0000] {processor.py:840} INFO - DAG(s) 'example_bash_operator' retrieved from /home/airflow/.local/lib/python3.8/site-packages/airflow/example_dags/example_bash_operator.py
[2025-11-28T07:02:38.383+0000] {logging_mixin.py:188} INFO - [2025-11-28T07:02:38.382+0000] {dag.py:3036} INFO - Sync 1 DAGs
[2025-11-28T07:02:38.409+0000] {logging_mixin.py:188} INFO - [2025-11-28T07:02:38.408+0000] {dag.py:3823} INFO - Setting next_dagrun for example_bash_operator to 2025-11-27 00:00:00+00:00, run_after=2025-11-28 00:00:00+00:00
[2025-11-28T07:02:38.426+0000] {processor.py:183} INFO - Processing /home/airflow/.local/lib/python3.8/site-packages/airflow/example_dags/example_bash_operator.py took 0.089 seconds
[2025-11-28T07:03:09.935+0000] {processor.py:161} INFO - Started process (PID=1252) to work on /home/airflow/.local/lib/python3.8/site-packages/airflow/example_dags/example_bash_operator.py
[2025-11-28T07:03:09.948+0000] {processor.py:830} INFO - Processing file /home/airflow/.local/lib/python3.8/site-packages/airflow/example_dags/example_bash_operator.py for tasks to queue
[2025-11-28T07:03:09.962+0000] {logging_mixin.py:188} INFO - [2025-11-28T07:03:09.962+0000] {dagbag.py:538} INFO - Filling up the DagBag from /home/airflow/.local/lib/python3.8/site-packages/airflow/example_dags/example_bash_operator.py
[2025-11-28T07:03:09.990+0000] {processor.py:840} INFO - DAG(s) 'example_bash_operator' retrieved from /home/airflow/.local/lib/python3.8/site-packages/airflow/example_dags/example_bash_operator.py
[2025-11-28T07:03:10.031+0000] {logging_mixin.py:188} INFO - [2025-11-28T07:03:10.031+0000] {dag.py:3036} INFO - Sync 1 DAGs
[2025-11-28T07:03:10.065+0000] {logging_mixin.py:188} INFO - [2025-11-28T07:03:10.065+0000] {dag.py:3823} INFO - Setting next_dagrun for example_bash_operator to 2025-11-27 00:00:00+00:00, run_after=2025-11-28 00:00:00+00:00
[2025-11-28T07:03:10.167+0000] {processor.py:183} INFO - Processing /home/airflow/.local/lib/python3.8/site-packages/airflow/example_dags/example_bash_operator.py took 0.289 seconds
[2025-11-28T07:03:40.481+0000] {processor.py:161} INFO - Started process (PID=1307) to work on /home/airflow/.local/lib/python3.8/site-packages/airflow/example_dags/example_bash_operator.py
[2025-11-28T07:03:40.483+0000] {processor.py:830} INFO - Processing file /home/airflow/.local/lib/python3.8/site-packages/airflow/example_dags/example_bash_operator.py for tasks to queue
[2025-11-28T07:03:40.488+0000] {logging_mixin.py:188} INFO - [2025-11-28T07:03:40.488+0000] {dagbag.py:538} INFO - Filling up the DagBag from /home/airflow/.local/lib/python3.8/site-packages/airflow/example_dags/example_bash_operator.py
[2025-11-28T07:03:40.511+0000] {processor.py:840} INFO - DAG(s) 'example_bash_operator' retrieved from /home/airflow/.local/lib/python3.8/site-packages/airflow/example_dags/example_bash_operator.py
[2025-11-28T07:03:40.556+0000] {logging_mixin.py:188} INFO - [2025-11-28T07:03:40.556+0000] {dag.py:3036} INFO - Sync 1 DAGs
[2025-11-28T07:03:40.597+0000] {logging_mixin.py:188} INFO - [2025-11-28T07:03:40.597+0000] {dag.py:3823} INFO - Setting next_dagrun for example_bash_operator to 2025-11-27 00:00:00+00:00, run_after=2025-11-28 00:00:00+00:00
[2025-11-28T07:03:40.625+0000] {processor.py:183} INFO - Processing /home/airflow/.local/lib/python3.8/site-packages/airflow/example_dags/example_bash_operator.py took 0.153 seconds
[2025-11-28T07:04:11.248+0000] {processor.py:161} INFO - Started process (PID=1362) to work on /home/airflow/.local/lib/python3.8/site-packages/airflow/example_dags/example_bash_operator.py
[2025-11-28T07:04:11.259+0000] {processor.py:830} INFO - Processing file /home/airflow/.local/lib/python3.8/site-packages/airflow/example_dags/example_bash_operator.py for tasks to queue
[2025-11-28T07:04:11.268+0000] {logging_mixin.py:188} INFO - [2025-11-28T07:04:11.267+0000] {dagbag.py:538} INFO - Filling up the DagBag from /home/airflow/.local/lib/python3.8/site-packages/airflow/example_dags/example_bash_operator.py
[2025-11-28T07:04:11.290+0000] {processor.py:840} INFO - DAG(s) 'example_bash_operator' retrieved from /home/airflow/.local/lib/python3.8/site-packages/airflow/example_dags/example_bash_operator.py
[2025-11-28T07:04:11.328+0000] {logging_mixin.py:188} INFO - [2025-11-28T07:04:11.328+0000] {dag.py:3036} INFO - Sync 1 DAGs
[2025-11-28T07:04:11.361+0000] {logging_mixin.py:188} INFO - [2025-11-28T07:04:11.360+0000] {dag.py:3823} INFO - Setting next_dagrun for example_bash_operator to 2025-11-27 00:00:00+00:00, run_after=2025-11-28 00:00:00+00:00
[2025-11-28T07:04:11.385+0000] {processor.py:183} INFO - Processing /home/airflow/.local/lib/python3.8/site-packages/airflow/example_dags/example_bash_operator.py took 0.148 seconds
[2025-11-28T07:04:42.320+0000] {processor.py:161} INFO - Started process (PID=1417) to work on /home/airflow/.local/lib/python3.8/site-packages/airflow/example_dags/example_bash_operator.py
[2025-11-28T07:04:42.321+0000] {processor.py:830} INFO - Processing file /home/airflow/.local/lib/python3.8/site-packages/airflow/example_dags/example_bash_operator.py for tasks to queue
[2025-11-28T07:04:42.323+0000] {logging_mixin.py:188} INFO - [2025-11-28T07:04:42.323+0000] {dagbag.py:538} INFO - Filling up the DagBag from /home/airflow/.local/lib/python3.8/site-packages/airflow/example_dags/example_bash_operator.py
[2025-11-28T07:04:42.331+0000] {processor.py:840} INFO - DAG(s) 'example_bash_operator' retrieved from /home/airflow/.local/lib/python3.8/site-packages/airflow/example_dags/example_bash_operator.py
[2025-11-28T07:04:42.356+0000] {logging_mixin.py:188} INFO - [2025-11-28T07:04:42.356+0000] {dag.py:3036} INFO - Sync 1 DAGs
[2025-11-28T07:04:42.376+0000] {logging_mixin.py:188} INFO - [2025-11-28T07:04:42.376+0000] {dag.py:3823} INFO - Setting next_dagrun for example_bash_operator to 2025-11-27 00:00:00+00:00, run_after=2025-11-28 00:00:00+00:00
[2025-11-28T07:04:42.389+0000] {processor.py:183} INFO - Processing /home/airflow/.local/lib/python3.8/site-packages/airflow/example_dags/example_bash_operator.py took 0.073 seconds
[2025-11-28T07:05:12.628+0000] {processor.py:161} INFO - Started process (PID=1473) to work on /home/airflow/.local/lib/python3.8/site-packages/airflow/example_dags/example_bash_operator.py
[2025-11-28T07:05:12.629+0000] {processor.py:830} INFO - Processing file /home/airflow/.local/lib/python3.8/site-packages/airflow/example_dags/example_bash_operator.py for tasks to queue
[2025-11-28T07:05:12.631+0000] {logging_mixin.py:188} INFO - [2025-11-28T07:05:12.631+0000] {dagbag.py:538} INFO - Filling up the DagBag from /home/airflow/.local/lib/python3.8/site-packages/airflow/example_dags/example_bash_operator.py
[2025-11-28T07:05:12.642+0000] {processor.py:840} INFO - DAG(s) 'example_bash_operator' retrieved from /home/airflow/.local/lib/python3.8/site-packages/airflow/example_dags/example_bash_operator.py
[2025-11-28T07:05:12.664+0000] {logging_mixin.py:188} INFO - [2025-11-28T07:05:12.664+0000] {dag.py:3036} INFO - Sync 1 DAGs
[2025-11-28T07:05:12.681+0000] {logging_mixin.py:188} INFO - [2025-11-28T07:05:12.681+0000] {dag.py:3823} INFO - Setting next_dagrun for example_bash_operator to 2025-11-27 00:00:00+00:00, run_after=2025-11-28 00:00:00+00:00
[2025-11-28T07:05:12.695+0000] {processor.py:183} INFO - Processing /home/airflow/.local/lib/python3.8/site-packages/airflow/example_dags/example_bash_operator.py took 0.070 seconds
[2025-11-28T07:05:43.320+0000] {processor.py:161} INFO - Started process (PID=1528) to work on /home/airflow/.local/lib/python3.8/site-packages/airflow/example_dags/example_bash_operator.py
[2025-11-28T07:05:43.322+0000] {processor.py:830} INFO - Processing file /home/airflow/.local/lib/python3.8/site-packages/airflow/example_dags/example_bash_operator.py for tasks to queue
[2025-11-28T07:05:43.325+0000] {logging_mixin.py:188} INFO - [2025-11-28T07:05:43.325+0000] {dagbag.py:538} INFO - Filling up the DagBag from /home/airflow/.local/lib/python3.8/site-packages/airflow/example_dags/example_bash_operator.py
[2025-11-28T07:05:43.337+0000] {processor.py:840} INFO - DAG(s) 'example_bash_operator' retrieved from /home/airflow/.local/lib/python3.8/site-packages/airflow/example_dags/example_bash_operator.py
[2025-11-28T07:05:43.368+0000] {logging_mixin.py:188} INFO - [2025-11-28T07:05:43.368+0000] {dag.py:3036} INFO - Sync 1 DAGs
[2025-11-28T07:05:43.387+0000] {logging_mixin.py:188} INFO - [2025-11-28T07:05:43.386+0000] {dag.py:3823} INFO - Setting next_dagrun for example_bash_operator to 2025-11-27 00:00:00+00:00, run_after=2025-11-28 00:00:00+00:00
[2025-11-28T07:05:43.404+0000] {processor.py:183} INFO - Processing /home/airflow/.local/lib/python3.8/site-packages/airflow/example_dags/example_bash_operator.py took 0.090 seconds
[2025-11-28T07:06:14.109+0000] {processor.py:161} INFO - Started process (PID=1583) to work on /home/airflow/.local/lib/python3.8/site-packages/airflow/example_dags/example_bash_operator.py
[2025-11-28T07:06:14.110+0000] {processor.py:830} INFO - Processing file /home/airflow/.local/lib/python3.8/site-packages/airflow/example_dags/example_bash_operator.py for tasks to queue
[2025-11-28T07:06:14.112+0000] {logging_mixin.py:188} INFO - [2025-11-28T07:06:14.112+0000] {dagbag.py:538} INFO - Filling up the DagBag from /home/airflow/.local/lib/python3.8/site-packages/airflow/example_dags/example_bash_operator.py
[2025-11-28T07:06:14.124+0000] {processor.py:840} INFO - DAG(s) 'example_bash_operator' retrieved from /home/airflow/.local/lib/python3.8/site-packages/airflow/example_dags/example_bash_operator.py
[2025-11-28T07:06:14.148+0000] {logging_mixin.py:188} INFO - [2025-11-28T07:06:14.148+0000] {dag.py:3036} INFO - Sync 1 DAGs
[2025-11-28T07:06:14.170+0000] {logging_mixin.py:188} INFO - [2025-11-28T07:06:14.170+0000] {dag.py:3823} INFO - Setting next_dagrun for example_bash_operator to 2025-11-27 00:00:00+00:00, run_after=2025-11-28 00:00:00+00:00
[2025-11-28T07:06:14.187+0000] {processor.py:183} INFO - Processing /home/airflow/.local/lib/python3.8/site-packages/airflow/example_dags/example_bash_operator.py took 0.080 seconds
[2025-11-28T07:06:44.541+0000] {processor.py:161} INFO - Started process (PID=1638) to work on /home/airflow/.local/lib/python3.8/site-packages/airflow/example_dags/example_bash_operator.py
[2025-11-28T07:06:44.542+0000] {processor.py:830} INFO - Processing file /home/airflow/.local/lib/python3.8/site-packages/airflow/example_dags/example_bash_operator.py for tasks to queue
[2025-11-28T07:06:44.547+0000] {logging_mixin.py:188} INFO - [2025-11-28T07:06:44.547+0000] {dagbag.py:538} INFO - Filling up the DagBag from /home/airflow/.local/lib/python3.8/site-packages/airflow/example_dags/example_bash_operator.py
[2025-11-28T07:06:44.556+0000] {processor.py:840} INFO - DAG(s) 'example_bash_operator' retrieved from /home/airflow/.local/lib/python3.8/site-packages/airflow/example_dags/example_bash_operator.py
[2025-11-28T07:06:44.584+0000] {logging_mixin.py:188} INFO - [2025-11-28T07:06:44.584+0000] {dag.py:3036} INFO - Sync 1 DAGs
[2025-11-28T07:06:44.603+0000] {logging_mixin.py:188} INFO - [2025-11-28T07:06:44.602+0000] {dag.py:3823} INFO - Setting next_dagrun for example_bash_operator to 2025-11-27 00:00:00+00:00, run_after=2025-11-28 00:00:00+00:00
[2025-11-28T07:06:44.618+0000] {processor.py:183} INFO - Processing /home/airflow/.local/lib/python3.8/site-packages/airflow/example_dags/example_bash_operator.py took 0.081 seconds
[2025-11-28T07:07:14.988+0000] {processor.py:161} INFO - Started process (PID=1693) to work on /home/airflow/.local/lib/python3.8/site-packages/airflow/example_dags/example_bash_operator.py
[2025-11-28T07:07:14.991+0000] {processor.py:830} INFO - Processing file /home/airflow/.local/lib/python3.8/site-packages/airflow/example_dags/example_bash_operator.py for tasks to queue
[2025-11-28T07:07:14.993+0000] {logging_mixin.py:188} INFO - [2025-11-28T07:07:14.993+0000] {dagbag.py:538} INFO - Filling up the DagBag from /home/airflow/.local/lib/python3.8/site-packages/airflow/example_dags/example_bash_operator.py
[2025-11-28T07:07:15.008+0000] {processor.py:840} INFO - DAG(s) 'example_bash_operator' retrieved from /home/airflow/.local/lib/python3.8/site-packages/airflow/example_dags/example_bash_operator.py
[2025-11-28T07:07:15.033+0000] {logging_mixin.py:188} INFO - [2025-11-28T07:07:15.032+0000] {dag.py:3036} INFO - Sync 1 DAGs
[2025-11-28T07:07:15.050+0000] {logging_mixin.py:188} INFO - [2025-11-28T07:07:15.050+0000] {dag.py:3823} INFO - Setting next_dagrun for example_bash_operator to 2025-11-27 00:00:00+00:00, run_after=2025-11-28 00:00:00+00:00
[2025-11-28T07:07:15.068+0000] {processor.py:183} INFO - Processing /home/airflow/.local/lib/python3.8/site-packages/airflow/example_dags/example_bash_operator.py took 0.088 seconds
[2025-11-28T07:07:45.471+0000] {processor.py:161} INFO - Started process (PID=1748) to work on /home/airflow/.local/lib/python3.8/site-packages/airflow/example_dags/example_bash_operator.py
[2025-11-28T07:07:45.472+0000] {processor.py:830} INFO - Processing file /home/airflow/.local/lib/python3.8/site-packages/airflow/example_dags/example_bash_operator.py for tasks to queue
[2025-11-28T07:07:45.475+0000] {logging_mixin.py:188} INFO - [2025-11-28T07:07:45.475+0000] {dagbag.py:538} INFO - Filling up the DagBag from /home/airflow/.local/lib/python3.8/site-packages/airflow/example_dags/example_bash_operator.py
[2025-11-28T07:07:45.491+0000] {processor.py:840} INFO - DAG(s) 'example_bash_operator' retrieved from /home/airflow/.local/lib/python3.8/site-packages/airflow/example_dags/example_bash_operator.py
[2025-11-28T07:07:45.517+0000] {logging_mixin.py:188} INFO - [2025-11-28T07:07:45.517+0000] {dag.py:3036} INFO - Sync 1 DAGs
[2025-11-28T07:07:45.535+0000] {logging_mixin.py:188} INFO - [2025-11-28T07:07:45.535+0000] {dag.py:3823} INFO - Setting next_dagrun for example_bash_operator to 2025-11-27 00:00:00+00:00, run_after=2025-11-28 00:00:00+00:00
[2025-11-28T07:07:45.551+0000] {processor.py:183} INFO - Processing /home/airflow/.local/lib/python3.8/site-packages/airflow/example_dags/example_bash_operator.py took 0.084 seconds
[2025-11-28T07:08:15.998+0000] {processor.py:161} INFO - Started process (PID=1803) to work on /home/airflow/.local/lib/python3.8/site-packages/airflow/example_dags/example_bash_operator.py
[2025-11-28T07:08:15.999+0000] {processor.py:830} INFO - Processing file /home/airflow/.local/lib/python3.8/site-packages/airflow/example_dags/example_bash_operator.py for tasks to queue
[2025-11-28T07:08:16.004+0000] {logging_mixin.py:188} INFO - [2025-11-28T07:08:16.003+0000] {dagbag.py:538} INFO - Filling up the DagBag from /home/airflow/.local/lib/python3.8/site-packages/airflow/example_dags/example_bash_operator.py
[2025-11-28T07:08:16.022+0000] {processor.py:840} INFO - DAG(s) 'example_bash_operator' retrieved from /home/airflow/.local/lib/python3.8/site-packages/airflow/example_dags/example_bash_operator.py
[2025-11-28T07:08:16.053+0000] {logging_mixin.py:188} INFO - [2025-11-28T07:08:16.052+0000] {dag.py:3036} INFO - Sync 1 DAGs
[2025-11-28T07:08:16.077+0000] {logging_mixin.py:188} INFO - [2025-11-28T07:08:16.077+0000] {dag.py:3823} INFO - Setting next_dagrun for example_bash_operator to 2025-11-27 00:00:00+00:00, run_after=2025-11-28 00:00:00+00:00
[2025-11-28T07:08:16.101+0000] {processor.py:183} INFO - Processing /home/airflow/.local/lib/python3.8/site-packages/airflow/example_dags/example_bash_operator.py took 0.107 seconds
[2025-11-28T07:08:46.978+0000] {processor.py:161} INFO - Started process (PID=1858) to work on /home/airflow/.local/lib/python3.8/site-packages/airflow/example_dags/example_bash_operator.py
[2025-11-28T07:08:46.980+0000] {processor.py:830} INFO - Processing file /home/airflow/.local/lib/python3.8/site-packages/airflow/example_dags/example_bash_operator.py for tasks to queue
[2025-11-28T07:08:46.983+0000] {logging_mixin.py:188} INFO - [2025-11-28T07:08:46.983+0000] {dagbag.py:538} INFO - Filling up the DagBag from /home/airflow/.local/lib/python3.8/site-packages/airflow/example_dags/example_bash_operator.py
[2025-11-28T07:08:46.996+0000] {processor.py:840} INFO - DAG(s) 'example_bash_operator' retrieved from /home/airflow/.local/lib/python3.8/site-packages/airflow/example_dags/example_bash_operator.py
[2025-11-28T07:08:47.027+0000] {logging_mixin.py:188} INFO - [2025-11-28T07:08:47.027+0000] {dag.py:3036} INFO - Sync 1 DAGs
[2025-11-28T07:08:47.045+0000] {logging_mixin.py:188} INFO - [2025-11-28T07:08:47.045+0000] {dag.py:3823} INFO - Setting next_dagrun for example_bash_operator to 2025-11-27 00:00:00+00:00, run_after=2025-11-28 00:00:00+00:00
[2025-11-28T07:08:47.075+0000] {processor.py:183} INFO - Processing /home/airflow/.local/lib/python3.8/site-packages/airflow/example_dags/example_bash_operator.py took 0.104 seconds
[2025-11-28T07:09:17.974+0000] {processor.py:161} INFO - Started process (PID=1913) to work on /home/airflow/.local/lib/python3.8/site-packages/airflow/example_dags/example_bash_operator.py
[2025-11-28T07:09:17.977+0000] {processor.py:830} INFO - Processing file /home/airflow/.local/lib/python3.8/site-packages/airflow/example_dags/example_bash_operator.py for tasks to queue
[2025-11-28T07:09:17.983+0000] {logging_mixin.py:188} INFO - [2025-11-28T07:09:17.982+0000] {dagbag.py:538} INFO - Filling up the DagBag from /home/airflow/.local/lib/python3.8/site-packages/airflow/example_dags/example_bash_operator.py
[2025-11-28T07:09:18.007+0000] {processor.py:840} INFO - DAG(s) 'example_bash_operator' retrieved from /home/airflow/.local/lib/python3.8/site-packages/airflow/example_dags/example_bash_operator.py
[2025-11-28T07:09:18.048+0000] {logging_mixin.py:188} INFO - [2025-11-28T07:09:18.047+0000] {dag.py:3036} INFO - Sync 1 DAGs
[2025-11-28T07:09:18.071+0000] {logging_mixin.py:188} INFO - [2025-11-28T07:09:18.071+0000] {dag.py:3823} INFO - Setting next_dagrun for example_bash_operator to 2025-11-27 00:00:00+00:00, run_after=2025-11-28 00:00:00+00:00
[2025-11-28T07:09:18.102+0000] {processor.py:183} INFO - Processing /home/airflow/.local/lib/python3.8/site-packages/airflow/example_dags/example_bash_operator.py took 0.140 seconds
[2025-11-28T07:09:48.698+0000] {processor.py:161} INFO - Started process (PID=1968) to work on /home/airflow/.local/lib/python3.8/site-packages/airflow/example_dags/example_bash_operator.py
[2025-11-28T07:09:48.699+0000] {processor.py:830} INFO - Processing file /home/airflow/.local/lib/python3.8/site-packages/airflow/example_dags/example_bash_operator.py for tasks to queue
[2025-11-28T07:09:48.702+0000] {logging_mixin.py:188} INFO - [2025-11-28T07:09:48.701+0000] {dagbag.py:538} INFO - Filling up the DagBag from /home/airflow/.local/lib/python3.8/site-packages/airflow/example_dags/example_bash_operator.py
[2025-11-28T07:09:48.718+0000] {processor.py:840} INFO - DAG(s) 'example_bash_operator' retrieved from /home/airflow/.local/lib/python3.8/site-packages/airflow/example_dags/example_bash_operator.py
[2025-11-28T07:09:48.750+0000] {logging_mixin.py:188} INFO - [2025-11-28T07:09:48.749+0000] {dag.py:3036} INFO - Sync 1 DAGs
[2025-11-28T07:09:48.768+0000] {logging_mixin.py:188} INFO - [2025-11-28T07:09:48.768+0000] {dag.py:3823} INFO - Setting next_dagrun for example_bash_operator to 2025-11-27 00:00:00+00:00, run_after=2025-11-28 00:00:00+00:00
[2025-11-28T07:09:48.785+0000] {processor.py:183} INFO - Processing /home/airflow/.local/lib/python3.8/site-packages/airflow/example_dags/example_bash_operator.py took 0.095 seconds
[2025-11-28T07:10:18.905+0000] {processor.py:161} INFO - Started process (PID=2023) to work on /home/airflow/.local/lib/python3.8/site-packages/airflow/example_dags/example_bash_operator.py
[2025-11-28T07:10:18.906+0000] {processor.py:830} INFO - Processing file /home/airflow/.local/lib/python3.8/site-packages/airflow/example_dags/example_bash_operator.py for tasks to queue
[2025-11-28T07:10:18.909+0000] {logging_mixin.py:188} INFO - [2025-11-28T07:10:18.909+0000] {dagbag.py:538} INFO - Filling up the DagBag from /home/airflow/.local/lib/python3.8/site-packages/airflow/example_dags/example_bash_operator.py
[2025-11-28T07:10:18.918+0000] {processor.py:840} INFO - DAG(s) 'example_bash_operator' retrieved from /home/airflow/.local/lib/python3.8/site-packages/airflow/example_dags/example_bash_operator.py
[2025-11-28T07:10:18.951+0000] {logging_mixin.py:188} INFO - [2025-11-28T07:10:18.951+0000] {dag.py:3036} INFO - Sync 1 DAGs
[2025-11-28T07:10:18.972+0000] {logging_mixin.py:188} INFO - [2025-11-28T07:10:18.972+0000] {dag.py:3823} INFO - Setting next_dagrun for example_bash_operator to 2025-11-27 00:00:00+00:00, run_after=2025-11-28 00:00:00+00:00
[2025-11-28T07:10:18.991+0000] {processor.py:183} INFO - Processing /home/airflow/.local/lib/python3.8/site-packages/airflow/example_dags/example_bash_operator.py took 0.090 seconds
[2025-11-28T07:10:49.429+0000] {processor.py:161} INFO - Started process (PID=2078) to work on /home/airflow/.local/lib/python3.8/site-packages/airflow/example_dags/example_bash_operator.py
[2025-11-28T07:10:49.430+0000] {processor.py:830} INFO - Processing file /home/airflow/.local/lib/python3.8/site-packages/airflow/example_dags/example_bash_operator.py for tasks to queue
[2025-11-28T07:10:49.432+0000] {logging_mixin.py:188} INFO - [2025-11-28T07:10:49.431+0000] {dagbag.py:538} INFO - Filling up the DagBag from /home/airflow/.local/lib/python3.8/site-packages/airflow/example_dags/example_bash_operator.py
[2025-11-28T07:10:49.442+0000] {processor.py:840} INFO - DAG(s) 'example_bash_operator' retrieved from /home/airflow/.local/lib/python3.8/site-packages/airflow/example_dags/example_bash_operator.py
[2025-11-28T07:10:49.468+0000] {logging_mixin.py:188} INFO - [2025-11-28T07:10:49.468+0000] {dag.py:3036} INFO - Sync 1 DAGs
[2025-11-28T07:10:49.488+0000] {logging_mixin.py:188} INFO - [2025-11-28T07:10:49.488+0000] {dag.py:3823} INFO - Setting next_dagrun for example_bash_operator to 2025-11-27 00:00:00+00:00, run_after=2025-11-28 00:00:00+00:00
[2025-11-28T07:10:49.509+0000] {processor.py:183} INFO - Processing /home/airflow/.local/lib/python3.8/site-packages/airflow/example_dags/example_bash_operator.py took 0.083 seconds
[2025-11-28T07:11:20.221+0000] {processor.py:161} INFO - Started process (PID=2133) to work on /home/airflow/.local/lib/python3.8/site-packages/airflow/example_dags/example_bash_operator.py
[2025-11-28T07:11:20.223+0000] {processor.py:830} INFO - Processing file /home/airflow/.local/lib/python3.8/site-packages/airflow/example_dags/example_bash_operator.py for tasks to queue
[2025-11-28T07:11:20.226+0000] {logging_mixin.py:188} INFO - [2025-11-28T07:11:20.226+0000] {dagbag.py:538} INFO - Filling up the DagBag from /home/airflow/.local/lib/python3.8/site-packages/airflow/example_dags/example_bash_operator.py
[2025-11-28T07:11:20.235+0000] {processor.py:840} INFO - DAG(s) 'example_bash_operator' retrieved from /home/airflow/.local/lib/python3.8/site-packages/airflow/example_dags/example_bash_operator.py
[2025-11-28T07:11:20.260+0000] {logging_mixin.py:188} INFO - [2025-11-28T07:11:20.260+0000] {dag.py:3036} INFO - Sync 1 DAGs
[2025-11-28T07:11:20.284+0000] {logging_mixin.py:188} INFO - [2025-11-28T07:11:20.283+0000] {dag.py:3823} INFO - Setting next_dagrun for example_bash_operator to 2025-11-27 00:00:00+00:00, run_after=2025-11-28 00:00:00+00:00
[2025-11-28T07:11:20.309+0000] {processor.py:183} INFO - Processing /home/airflow/.local/lib/python3.8/site-packages/airflow/example_dags/example_bash_operator.py took 0.092 seconds
[2025-11-28T07:11:50.351+0000] {processor.py:161} INFO - Started process (PID=2187) to work on /home/airflow/.local/lib/python3.8/site-packages/airflow/example_dags/example_bash_operator.py
[2025-11-28T07:11:50.352+0000] {processor.py:830} INFO - Processing file /home/airflow/.local/lib/python3.8/site-packages/airflow/example_dags/example_bash_operator.py for tasks to queue
[2025-11-28T07:11:50.355+0000] {logging_mixin.py:188} INFO - [2025-11-28T07:11:50.355+0000] {dagbag.py:538} INFO - Filling up the DagBag from /home/airflow/.local/lib/python3.8/site-packages/airflow/example_dags/example_bash_operator.py
[2025-11-28T07:11:50.366+0000] {processor.py:840} INFO - DAG(s) 'example_bash_operator' retrieved from /home/airflow/.local/lib/python3.8/site-packages/airflow/example_dags/example_bash_operator.py
[2025-11-28T07:11:50.398+0000] {logging_mixin.py:188} INFO - [2025-11-28T07:11:50.397+0000] {dag.py:3036} INFO - Sync 1 DAGs
[2025-11-28T07:11:50.426+0000] {logging_mixin.py:188} INFO - [2025-11-28T07:11:50.426+0000] {dag.py:3823} INFO - Setting next_dagrun for example_bash_operator to 2025-11-27 00:00:00+00:00, run_after=2025-11-28 00:00:00+00:00
[2025-11-28T07:11:50.453+0000] {processor.py:183} INFO - Processing /home/airflow/.local/lib/python3.8/site-packages/airflow/example_dags/example_bash_operator.py took 0.104 seconds
[2025-11-28T07:12:20.868+0000] {processor.py:161} INFO - Started process (PID=2242) to work on /home/airflow/.local/lib/python3.8/site-packages/airflow/example_dags/example_bash_operator.py
[2025-11-28T07:12:20.870+0000] {processor.py:830} INFO - Processing file /home/airflow/.local/lib/python3.8/site-packages/airflow/example_dags/example_bash_operator.py for tasks to queue
[2025-11-28T07:12:20.873+0000] {logging_mixin.py:188} INFO - [2025-11-28T07:12:20.873+0000] {dagbag.py:538} INFO - Filling up the DagBag from /home/airflow/.local/lib/python3.8/site-packages/airflow/example_dags/example_bash_operator.py
[2025-11-28T07:12:20.886+0000] {processor.py:840} INFO - DAG(s) 'example_bash_operator' retrieved from /home/airflow/.local/lib/python3.8/site-packages/airflow/example_dags/example_bash_operator.py
[2025-11-28T07:12:20.916+0000] {logging_mixin.py:188} INFO - [2025-11-28T07:12:20.916+0000] {dag.py:3036} INFO - Sync 1 DAGs
[2025-11-28T07:12:20.945+0000] {logging_mixin.py:188} INFO - [2025-11-28T07:12:20.945+0000] {dag.py:3823} INFO - Setting next_dagrun for example_bash_operator to 2025-11-27 00:00:00+00:00, run_after=2025-11-28 00:00:00+00:00
[2025-11-28T07:12:20.966+0000] {processor.py:183} INFO - Processing /home/airflow/.local/lib/python3.8/site-packages/airflow/example_dags/example_bash_operator.py took 0.101 seconds
[2025-11-28T07:12:51.480+0000] {processor.py:161} INFO - Started process (PID=2297) to work on /home/airflow/.local/lib/python3.8/site-packages/airflow/example_dags/example_bash_operator.py
[2025-11-28T07:12:51.481+0000] {processor.py:830} INFO - Processing file /home/airflow/.local/lib/python3.8/site-packages/airflow/example_dags/example_bash_operator.py for tasks to queue
[2025-11-28T07:12:51.483+0000] {logging_mixin.py:188} INFO - [2025-11-28T07:12:51.483+0000] {dagbag.py:538} INFO - Filling up the DagBag from /home/airflow/.local/lib/python3.8/site-packages/airflow/example_dags/example_bash_operator.py
[2025-11-28T07:12:51.494+0000] {processor.py:840} INFO - DAG(s) 'example_bash_operator' retrieved from /home/airflow/.local/lib/python3.8/site-packages/airflow/example_dags/example_bash_operator.py
[2025-11-28T07:12:51.519+0000] {logging_mixin.py:188} INFO - [2025-11-28T07:12:51.519+0000] {dag.py:3036} INFO - Sync 1 DAGs
[2025-11-28T07:12:51.542+0000] {logging_mixin.py:188} INFO - [2025-11-28T07:12:51.542+0000] {dag.py:3823} INFO - Setting next_dagrun for example_bash_operator to 2025-11-27 00:00:00+00:00, run_after=2025-11-28 00:00:00+00:00
[2025-11-28T07:12:51.561+0000] {processor.py:183} INFO - Processing /home/airflow/.local/lib/python3.8/site-packages/airflow/example_dags/example_bash_operator.py took 0.084 seconds
[2025-11-28T07:13:22.395+0000] {processor.py:161} INFO - Started process (PID=2353) to work on /home/airflow/.local/lib/python3.8/site-packages/airflow/example_dags/example_bash_operator.py
[2025-11-28T07:13:22.396+0000] {processor.py:830} INFO - Processing file /home/airflow/.local/lib/python3.8/site-packages/airflow/example_dags/example_bash_operator.py for tasks to queue
[2025-11-28T07:13:22.399+0000] {logging_mixin.py:188} INFO - [2025-11-28T07:13:22.399+0000] {dagbag.py:538} INFO - Filling up the DagBag from /home/airflow/.local/lib/python3.8/site-packages/airflow/example_dags/example_bash_operator.py
[2025-11-28T07:13:22.411+0000] {processor.py:840} INFO - DAG(s) 'example_bash_operator' retrieved from /home/airflow/.local/lib/python3.8/site-packages/airflow/example_dags/example_bash_operator.py
[2025-11-28T07:13:22.442+0000] {logging_mixin.py:188} INFO - [2025-11-28T07:13:22.442+0000] {dag.py:3036} INFO - Sync 1 DAGs
[2025-11-28T07:13:22.469+0000] {logging_mixin.py:188} INFO - [2025-11-28T07:13:22.469+0000] {dag.py:3823} INFO - Setting next_dagrun for example_bash_operator to 2025-11-27 00:00:00+00:00, run_after=2025-11-28 00:00:00+00:00
[2025-11-28T07:13:22.496+0000] {processor.py:183} INFO - Processing /home/airflow/.local/lib/python3.8/site-packages/airflow/example_dags/example_bash_operator.py took 0.106 seconds
[2025-11-28T07:13:53.166+0000] {processor.py:161} INFO - Started process (PID=2408) to work on /home/airflow/.local/lib/python3.8/site-packages/airflow/example_dags/example_bash_operator.py
[2025-11-28T07:13:53.167+0000] {processor.py:830} INFO - Processing file /home/airflow/.local/lib/python3.8/site-packages/airflow/example_dags/example_bash_operator.py for tasks to queue
[2025-11-28T07:13:53.170+0000] {logging_mixin.py:188} INFO - [2025-11-28T07:13:53.170+0000] {dagbag.py:538} INFO - Filling up the DagBag from /home/airflow/.local/lib/python3.8/site-packages/airflow/example_dags/example_bash_operator.py
[2025-11-28T07:13:53.185+0000] {processor.py:840} INFO - DAG(s) 'example_bash_operator' retrieved from /home/airflow/.local/lib/python3.8/site-packages/airflow/example_dags/example_bash_operator.py
[2025-11-28T07:13:53.212+0000] {logging_mixin.py:188} INFO - [2025-11-28T07:13:53.212+0000] {dag.py:3036} INFO - Sync 1 DAGs
[2025-11-28T07:13:53.234+0000] {logging_mixin.py:188} INFO - [2025-11-28T07:13:53.234+0000] {dag.py:3823} INFO - Setting next_dagrun for example_bash_operator to 2025-11-27 00:00:00+00:00, run_after=2025-11-28 00:00:00+00:00
[2025-11-28T07:13:53.254+0000] {processor.py:183} INFO - Processing /home/airflow/.local/lib/python3.8/site-packages/airflow/example_dags/example_bash_operator.py took 0.092 seconds
[2025-11-28T07:14:23.534+0000] {processor.py:161} INFO - Started process (PID=2464) to work on /home/airflow/.local/lib/python3.8/site-packages/airflow/example_dags/example_bash_operator.py
[2025-11-28T07:14:23.536+0000] {processor.py:830} INFO - Processing file /home/airflow/.local/lib/python3.8/site-packages/airflow/example_dags/example_bash_operator.py for tasks to queue
[2025-11-28T07:14:23.538+0000] {logging_mixin.py:188} INFO - [2025-11-28T07:14:23.538+0000] {dagbag.py:538} INFO - Filling up the DagBag from /home/airflow/.local/lib/python3.8/site-packages/airflow/example_dags/example_bash_operator.py
[2025-11-28T07:14:23.549+0000] {processor.py:840} INFO - DAG(s) 'example_bash_operator' retrieved from /home/airflow/.local/lib/python3.8/site-packages/airflow/example_dags/example_bash_operator.py
[2025-11-28T07:14:23.577+0000] {logging_mixin.py:188} INFO - [2025-11-28T07:14:23.577+0000] {dag.py:3036} INFO - Sync 1 DAGs
[2025-11-28T07:14:23.599+0000] {logging_mixin.py:188} INFO - [2025-11-28T07:14:23.599+0000] {dag.py:3823} INFO - Setting next_dagrun for example_bash_operator to 2025-11-27 00:00:00+00:00, run_after=2025-11-28 00:00:00+00:00
[2025-11-28T07:14:23.617+0000] {processor.py:183} INFO - Processing /home/airflow/.local/lib/python3.8/site-packages/airflow/example_dags/example_bash_operator.py took 0.087 seconds
[2025-11-28T07:14:53.690+0000] {processor.py:161} INFO - Started process (PID=2518) to work on /home/airflow/.local/lib/python3.8/site-packages/airflow/example_dags/example_bash_operator.py
[2025-11-28T07:14:53.691+0000] {processor.py:830} INFO - Processing file /home/airflow/.local/lib/python3.8/site-packages/airflow/example_dags/example_bash_operator.py for tasks to queue
[2025-11-28T07:14:53.693+0000] {logging_mixin.py:188} INFO - [2025-11-28T07:14:53.693+0000] {dagbag.py:538} INFO - Filling up the DagBag from /home/airflow/.local/lib/python3.8/site-packages/airflow/example_dags/example_bash_operator.py
[2025-11-28T07:14:53.705+0000] {processor.py:840} INFO - DAG(s) 'example_bash_operator' retrieved from /home/airflow/.local/lib/python3.8/site-packages/airflow/example_dags/example_bash_operator.py
[2025-11-28T07:14:53.726+0000] {logging_mixin.py:188} INFO - [2025-11-28T07:14:53.726+0000] {dag.py:3036} INFO - Sync 1 DAGs
[2025-11-28T07:14:53.741+0000] {logging_mixin.py:188} INFO - [2025-11-28T07:14:53.741+0000] {dag.py:3823} INFO - Setting next_dagrun for example_bash_operator to 2025-11-27 00:00:00+00:00, run_after=2025-11-28 00:00:00+00:00
[2025-11-28T07:14:53.755+0000] {processor.py:183} INFO - Processing /home/airflow/.local/lib/python3.8/site-packages/airflow/example_dags/example_bash_operator.py took 0.069 seconds
[2025-11-28T07:15:24.699+0000] {processor.py:161} INFO - Started process (PID=2574) to work on /home/airflow/.local/lib/python3.8/site-packages/airflow/example_dags/example_bash_operator.py
[2025-11-28T07:15:24.701+0000] {processor.py:830} INFO - Processing file /home/airflow/.local/lib/python3.8/site-packages/airflow/example_dags/example_bash_operator.py for tasks to queue
[2025-11-28T07:15:24.703+0000] {logging_mixin.py:188} INFO - [2025-11-28T07:15:24.703+0000] {dagbag.py:538} INFO - Filling up the DagBag from /home/airflow/.local/lib/python3.8/site-packages/airflow/example_dags/example_bash_operator.py
[2025-11-28T07:15:24.713+0000] {processor.py:840} INFO - DAG(s) 'example_bash_operator' retrieved from /home/airflow/.local/lib/python3.8/site-packages/airflow/example_dags/example_bash_operator.py
[2025-11-28T07:15:24.743+0000] {logging_mixin.py:188} INFO - [2025-11-28T07:15:24.743+0000] {dag.py:3036} INFO - Sync 1 DAGs
[2025-11-28T07:15:24.767+0000] {logging_mixin.py:188} INFO - [2025-11-28T07:15:24.766+0000] {dag.py:3823} INFO - Setting next_dagrun for example_bash_operator to 2025-11-27 00:00:00+00:00, run_after=2025-11-28 00:00:00+00:00
[2025-11-28T07:15:24.788+0000] {processor.py:183} INFO - Processing /home/airflow/.local/lib/python3.8/site-packages/airflow/example_dags/example_bash_operator.py took 0.091 seconds
[2025-11-28T07:15:55.469+0000] {processor.py:161} INFO - Started process (PID=2629) to work on /home/airflow/.local/lib/python3.8/site-packages/airflow/example_dags/example_bash_operator.py
[2025-11-28T07:15:55.471+0000] {processor.py:830} INFO - Processing file /home/airflow/.local/lib/python3.8/site-packages/airflow/example_dags/example_bash_operator.py for tasks to queue
[2025-11-28T07:15:55.473+0000] {logging_mixin.py:188} INFO - [2025-11-28T07:15:55.473+0000] {dagbag.py:538} INFO - Filling up the DagBag from /home/airflow/.local/lib/python3.8/site-packages/airflow/example_dags/example_bash_operator.py
[2025-11-28T07:15:55.484+0000] {processor.py:840} INFO - DAG(s) 'example_bash_operator' retrieved from /home/airflow/.local/lib/python3.8/site-packages/airflow/example_dags/example_bash_operator.py
[2025-11-28T07:15:55.509+0000] {logging_mixin.py:188} INFO - [2025-11-28T07:15:55.509+0000] {dag.py:3036} INFO - Sync 1 DAGs
[2025-11-28T07:15:55.633+0000] {logging_mixin.py:188} INFO - [2025-11-28T07:15:55.633+0000] {dag.py:3823} INFO - Setting next_dagrun for example_bash_operator to 2025-11-27 00:00:00+00:00, run_after=2025-11-28 00:00:00+00:00
[2025-11-28T07:15:55.647+0000] {processor.py:183} INFO - Processing /home/airflow/.local/lib/python3.8/site-packages/airflow/example_dags/example_bash_operator.py took 0.181 seconds
[2025-11-28T07:16:26.052+0000] {processor.py:161} INFO - Started process (PID=2684) to work on /home/airflow/.local/lib/python3.8/site-packages/airflow/example_dags/example_bash_operator.py
[2025-11-28T07:16:26.053+0000] {processor.py:830} INFO - Processing file /home/airflow/.local/lib/python3.8/site-packages/airflow/example_dags/example_bash_operator.py for tasks to queue
[2025-11-28T07:16:26.055+0000] {logging_mixin.py:188} INFO - [2025-11-28T07:16:26.055+0000] {dagbag.py:538} INFO - Filling up the DagBag from /home/airflow/.local/lib/python3.8/site-packages/airflow/example_dags/example_bash_operator.py
[2025-11-28T07:16:26.065+0000] {processor.py:840} INFO - DAG(s) 'example_bash_operator' retrieved from /home/airflow/.local/lib/python3.8/site-packages/airflow/example_dags/example_bash_operator.py
[2025-11-28T07:16:26.089+0000] {logging_mixin.py:188} INFO - [2025-11-28T07:16:26.089+0000] {dag.py:3036} INFO - Sync 1 DAGs
[2025-11-28T07:16:26.223+0000] {logging_mixin.py:188} INFO - [2025-11-28T07:16:26.223+0000] {dag.py:3823} INFO - Setting next_dagrun for example_bash_operator to 2025-11-27 00:00:00+00:00, run_after=2025-11-28 00:00:00+00:00
[2025-11-28T07:16:26.255+0000] {processor.py:183} INFO - Processing /home/airflow/.local/lib/python3.8/site-packages/airflow/example_dags/example_bash_operator.py took 0.206 seconds
[2025-11-28T07:16:56.336+0000] {processor.py:161} INFO - Started process (PID=2739) to work on /home/airflow/.local/lib/python3.8/site-packages/airflow/example_dags/example_bash_operator.py
[2025-11-28T07:16:56.337+0000] {processor.py:830} INFO - Processing file /home/airflow/.local/lib/python3.8/site-packages/airflow/example_dags/example_bash_operator.py for tasks to queue
[2025-11-28T07:16:56.340+0000] {logging_mixin.py:188} INFO - [2025-11-28T07:16:56.339+0000] {dagbag.py:538} INFO - Filling up the DagBag from /home/airflow/.local/lib/python3.8/site-packages/airflow/example_dags/example_bash_operator.py
[2025-11-28T07:16:56.353+0000] {processor.py:840} INFO - DAG(s) 'example_bash_operator' retrieved from /home/airflow/.local/lib/python3.8/site-packages/airflow/example_dags/example_bash_operator.py
[2025-11-28T07:16:56.390+0000] {logging_mixin.py:188} INFO - [2025-11-28T07:16:56.389+0000] {dag.py:3036} INFO - Sync 1 DAGs
[2025-11-28T07:16:56.417+0000] {logging_mixin.py:188} INFO - [2025-11-28T07:16:56.417+0000] {dag.py:3823} INFO - Setting next_dagrun for example_bash_operator to 2025-11-27 00:00:00+00:00, run_after=2025-11-28 00:00:00+00:00
[2025-11-28T07:16:56.435+0000] {processor.py:183} INFO - Processing /home/airflow/.local/lib/python3.8/site-packages/airflow/example_dags/example_bash_operator.py took 0.103 seconds
[2025-11-28T07:17:26.560+0000] {processor.py:161} INFO - Started process (PID=2794) to work on /home/airflow/.local/lib/python3.8/site-packages/airflow/example_dags/example_bash_operator.py
[2025-11-28T07:17:26.560+0000] {processor.py:830} INFO - Processing file /home/airflow/.local/lib/python3.8/site-packages/airflow/example_dags/example_bash_operator.py for tasks to queue
[2025-11-28T07:17:26.563+0000] {logging_mixin.py:188} INFO - [2025-11-28T07:17:26.563+0000] {dagbag.py:538} INFO - Filling up the DagBag from /home/airflow/.local/lib/python3.8/site-packages/airflow/example_dags/example_bash_operator.py
[2025-11-28T07:17:26.575+0000] {processor.py:840} INFO - DAG(s) 'example_bash_operator' retrieved from /home/airflow/.local/lib/python3.8/site-packages/airflow/example_dags/example_bash_operator.py
[2025-11-28T07:17:26.604+0000] {logging_mixin.py:188} INFO - [2025-11-28T07:17:26.604+0000] {dag.py:3036} INFO - Sync 1 DAGs
[2025-11-28T07:17:26.626+0000] {logging_mixin.py:188} INFO - [2025-11-28T07:17:26.626+0000] {dag.py:3823} INFO - Setting next_dagrun for example_bash_operator to 2025-11-27 00:00:00+00:00, run_after=2025-11-28 00:00:00+00:00
[2025-11-28T07:17:26.641+0000] {processor.py:183} INFO - Processing /home/airflow/.local/lib/python3.8/site-packages/airflow/example_dags/example_bash_operator.py took 0.088 seconds
[2025-11-28T07:17:57.228+0000] {processor.py:161} INFO - Started process (PID=2849) to work on /home/airflow/.local/lib/python3.8/site-packages/airflow/example_dags/example_bash_operator.py
[2025-11-28T07:17:57.229+0000] {processor.py:830} INFO - Processing file /home/airflow/.local/lib/python3.8/site-packages/airflow/example_dags/example_bash_operator.py for tasks to queue
[2025-11-28T07:17:57.231+0000] {logging_mixin.py:188} INFO - [2025-11-28T07:17:57.231+0000] {dagbag.py:538} INFO - Filling up the DagBag from /home/airflow/.local/lib/python3.8/site-packages/airflow/example_dags/example_bash_operator.py
[2025-11-28T07:17:57.241+0000] {processor.py:840} INFO - DAG(s) 'example_bash_operator' retrieved from /home/airflow/.local/lib/python3.8/site-packages/airflow/example_dags/example_bash_operator.py
[2025-11-28T07:17:57.270+0000] {logging_mixin.py:188} INFO - [2025-11-28T07:17:57.270+0000] {dag.py:3036} INFO - Sync 1 DAGs
[2025-11-28T07:17:57.294+0000] {logging_mixin.py:188} INFO - [2025-11-28T07:17:57.293+0000] {dag.py:3823} INFO - Setting next_dagrun for example_bash_operator to 2025-11-27 00:00:00+00:00, run_after=2025-11-28 00:00:00+00:00
[2025-11-28T07:17:57.314+0000] {processor.py:183} INFO - Processing /home/airflow/.local/lib/python3.8/site-packages/airflow/example_dags/example_bash_operator.py took 0.089 seconds
[2025-11-28T07:18:28.270+0000] {processor.py:161} INFO - Started process (PID=2904) to work on /home/airflow/.local/lib/python3.8/site-packages/airflow/example_dags/example_bash_operator.py
[2025-11-28T07:18:28.271+0000] {processor.py:830} INFO - Processing file /home/airflow/.local/lib/python3.8/site-packages/airflow/example_dags/example_bash_operator.py for tasks to queue
[2025-11-28T07:18:28.274+0000] {logging_mixin.py:188} INFO - [2025-11-28T07:18:28.273+0000] {dagbag.py:538} INFO - Filling up the DagBag from /home/airflow/.local/lib/python3.8/site-packages/airflow/example_dags/example_bash_operator.py
[2025-11-28T07:18:28.284+0000] {processor.py:840} INFO - DAG(s) 'example_bash_operator' retrieved from /home/airflow/.local/lib/python3.8/site-packages/airflow/example_dags/example_bash_operator.py
[2025-11-28T07:18:28.309+0000] {logging_mixin.py:188} INFO - [2025-11-28T07:18:28.309+0000] {dag.py:3036} INFO - Sync 1 DAGs
[2025-11-28T07:18:28.327+0000] {logging_mixin.py:188} INFO - [2025-11-28T07:18:28.327+0000] {dag.py:3823} INFO - Setting next_dagrun for example_bash_operator to 2025-11-27 00:00:00+00:00, run_after=2025-11-28 00:00:00+00:00
[2025-11-28T07:18:28.343+0000] {processor.py:183} INFO - Processing /home/airflow/.local/lib/python3.8/site-packages/airflow/example_dags/example_bash_operator.py took 0.076 seconds
[2025-11-28T07:18:58.719+0000] {processor.py:161} INFO - Started process (PID=2959) to work on /home/airflow/.local/lib/python3.8/site-packages/airflow/example_dags/example_bash_operator.py
[2025-11-28T07:18:58.720+0000] {processor.py:830} INFO - Processing file /home/airflow/.local/lib/python3.8/site-packages/airflow/example_dags/example_bash_operator.py for tasks to queue
[2025-11-28T07:18:58.723+0000] {logging_mixin.py:188} INFO - [2025-11-28T07:18:58.722+0000] {dagbag.py:538} INFO - Filling up the DagBag from /home/airflow/.local/lib/python3.8/site-packages/airflow/example_dags/example_bash_operator.py
[2025-11-28T07:18:58.733+0000] {processor.py:840} INFO - DAG(s) 'example_bash_operator' retrieved from /home/airflow/.local/lib/python3.8/site-packages/airflow/example_dags/example_bash_operator.py
[2025-11-28T07:18:58.761+0000] {logging_mixin.py:188} INFO - [2025-11-28T07:18:58.761+0000] {dag.py:3036} INFO - Sync 1 DAGs
[2025-11-28T07:18:58.787+0000] {logging_mixin.py:188} INFO - [2025-11-28T07:18:58.787+0000] {dag.py:3823} INFO - Setting next_dagrun for example_bash_operator to 2025-11-27 00:00:00+00:00, run_after=2025-11-28 00:00:00+00:00
[2025-11-28T07:18:58.811+0000] {processor.py:183} INFO - Processing /home/airflow/.local/lib/python3.8/site-packages/airflow/example_dags/example_bash_operator.py took 0.096 seconds
[2025-11-28T07:19:29.124+0000] {processor.py:161} INFO - Started process (PID=3013) to work on /home/airflow/.local/lib/python3.8/site-packages/airflow/example_dags/example_bash_operator.py
[2025-11-28T07:19:29.125+0000] {processor.py:830} INFO - Processing file /home/airflow/.local/lib/python3.8/site-packages/airflow/example_dags/example_bash_operator.py for tasks to queue
[2025-11-28T07:19:29.127+0000] {logging_mixin.py:188} INFO - [2025-11-28T07:19:29.127+0000] {dagbag.py:538} INFO - Filling up the DagBag from /home/airflow/.local/lib/python3.8/site-packages/airflow/example_dags/example_bash_operator.py
[2025-11-28T07:19:29.138+0000] {processor.py:840} INFO - DAG(s) 'example_bash_operator' retrieved from /home/airflow/.local/lib/python3.8/site-packages/airflow/example_dags/example_bash_operator.py
[2025-11-28T07:19:29.165+0000] {logging_mixin.py:188} INFO - [2025-11-28T07:19:29.165+0000] {dag.py:3036} INFO - Sync 1 DAGs
[2025-11-28T07:19:29.196+0000] {logging_mixin.py:188} INFO - [2025-11-28T07:19:29.195+0000] {dag.py:3823} INFO - Setting next_dagrun for example_bash_operator to 2025-11-27 00:00:00+00:00, run_after=2025-11-28 00:00:00+00:00
[2025-11-28T07:19:29.218+0000] {processor.py:183} INFO - Processing /home/airflow/.local/lib/python3.8/site-packages/airflow/example_dags/example_bash_operator.py took 0.096 seconds
