[2025-11-28T06:52:24.452+0000] {processor.py:161} INFO - Started process (PID=72) to work on /home/airflow/.local/lib/python3.8/site-packages/airflow/example_dags/example_trigger_controller_dag.py
[2025-11-28T06:52:24.453+0000] {processor.py:830} INFO - Processing file /home/airflow/.local/lib/python3.8/site-packages/airflow/example_dags/example_trigger_controller_dag.py for tasks to queue
[2025-11-28T06:52:24.457+0000] {logging_mixin.py:188} INFO - [2025-11-28T06:52:24.456+0000] {dagbag.py:538} INFO - Filling up the DagBag from /home/airflow/.local/lib/python3.8/site-packages/airflow/example_dags/example_trigger_controller_dag.py
[2025-11-28T06:52:24.468+0000] {processor.py:840} INFO - DAG(s) 'example_trigger_controller_dag' retrieved from /home/airflow/.local/lib/python3.8/site-packages/airflow/example_dags/example_trigger_controller_dag.py
[2025-11-28T06:52:24.611+0000] {logging_mixin.py:188} INFO - [2025-11-28T06:52:24.610+0000] {override.py:1769} INFO - Created Permission View: can edit on DAG:example_trigger_controller_dag
[2025-11-28T06:52:24.628+0000] {logging_mixin.py:188} INFO - [2025-11-28T06:52:24.627+0000] {override.py:1769} INFO - Created Permission View: can delete on DAG:example_trigger_controller_dag
[2025-11-28T06:52:24.637+0000] {logging_mixin.py:188} INFO - [2025-11-28T06:52:24.636+0000] {override.py:1769} INFO - Created Permission View: can read on DAG:example_trigger_controller_dag
[2025-11-28T06:52:24.637+0000] {logging_mixin.py:188} INFO - [2025-11-28T06:52:24.637+0000] {dag.py:3036} INFO - Sync 1 DAGs
[2025-11-28T06:52:24.654+0000] {logging_mixin.py:188} INFO - [2025-11-28T06:52:24.653+0000] {dag.py:3058} INFO - Creating ORM DAG for example_trigger_controller_dag
[2025-11-28T06:52:24.667+0000] {logging_mixin.py:188} INFO - [2025-11-28T06:52:24.667+0000] {dag.py:3823} INFO - Setting next_dagrun for example_trigger_controller_dag to 2021-01-01 00:00:00+00:00, run_after=2021-01-01 00:00:00+00:00
[2025-11-28T06:52:24.697+0000] {processor.py:183} INFO - Processing /home/airflow/.local/lib/python3.8/site-packages/airflow/example_dags/example_trigger_controller_dag.py took 0.251 seconds
[2025-11-28T06:52:54.865+0000] {processor.py:161} INFO - Started process (PID=127) to work on /home/airflow/.local/lib/python3.8/site-packages/airflow/example_dags/example_trigger_controller_dag.py
[2025-11-28T06:52:54.866+0000] {processor.py:830} INFO - Processing file /home/airflow/.local/lib/python3.8/site-packages/airflow/example_dags/example_trigger_controller_dag.py for tasks to queue
[2025-11-28T06:52:54.870+0000] {logging_mixin.py:188} INFO - [2025-11-28T06:52:54.869+0000] {dagbag.py:538} INFO - Filling up the DagBag from /home/airflow/.local/lib/python3.8/site-packages/airflow/example_dags/example_trigger_controller_dag.py
[2025-11-28T06:52:54.874+0000] {processor.py:840} INFO - DAG(s) 'example_trigger_controller_dag' retrieved from /home/airflow/.local/lib/python3.8/site-packages/airflow/example_dags/example_trigger_controller_dag.py
[2025-11-28T06:52:54.892+0000] {logging_mixin.py:188} INFO - [2025-11-28T06:52:54.892+0000] {dag.py:3036} INFO - Sync 1 DAGs
[2025-11-28T06:52:54.910+0000] {logging_mixin.py:188} INFO - [2025-11-28T06:52:54.910+0000] {dag.py:3823} INFO - Setting next_dagrun for example_trigger_controller_dag to 2021-01-01 00:00:00+00:00, run_after=2021-01-01 00:00:00+00:00
[2025-11-28T06:52:54.931+0000] {processor.py:183} INFO - Processing /home/airflow/.local/lib/python3.8/site-packages/airflow/example_dags/example_trigger_controller_dag.py took 0.070 seconds
[2025-11-28T06:53:25.447+0000] {processor.py:161} INFO - Started process (PID=182) to work on /home/airflow/.local/lib/python3.8/site-packages/airflow/example_dags/example_trigger_controller_dag.py
[2025-11-28T06:53:25.449+0000] {processor.py:830} INFO - Processing file /home/airflow/.local/lib/python3.8/site-packages/airflow/example_dags/example_trigger_controller_dag.py for tasks to queue
[2025-11-28T06:53:25.451+0000] {logging_mixin.py:188} INFO - [2025-11-28T06:53:25.451+0000] {dagbag.py:538} INFO - Filling up the DagBag from /home/airflow/.local/lib/python3.8/site-packages/airflow/example_dags/example_trigger_controller_dag.py
[2025-11-28T06:53:25.456+0000] {processor.py:840} INFO - DAG(s) 'example_trigger_controller_dag' retrieved from /home/airflow/.local/lib/python3.8/site-packages/airflow/example_dags/example_trigger_controller_dag.py
[2025-11-28T06:53:25.477+0000] {logging_mixin.py:188} INFO - [2025-11-28T06:53:25.476+0000] {dag.py:3036} INFO - Sync 1 DAGs
[2025-11-28T06:53:25.501+0000] {logging_mixin.py:188} INFO - [2025-11-28T06:53:25.501+0000] {dag.py:3823} INFO - Setting next_dagrun for example_trigger_controller_dag to 2021-01-01 00:00:00+00:00, run_after=2021-01-01 00:00:00+00:00
[2025-11-28T06:53:25.525+0000] {processor.py:183} INFO - Processing /home/airflow/.local/lib/python3.8/site-packages/airflow/example_dags/example_trigger_controller_dag.py took 0.080 seconds
[2025-11-28T06:53:55.743+0000] {processor.py:161} INFO - Started process (PID=237) to work on /home/airflow/.local/lib/python3.8/site-packages/airflow/example_dags/example_trigger_controller_dag.py
[2025-11-28T06:53:55.746+0000] {processor.py:830} INFO - Processing file /home/airflow/.local/lib/python3.8/site-packages/airflow/example_dags/example_trigger_controller_dag.py for tasks to queue
[2025-11-28T06:53:55.750+0000] {logging_mixin.py:188} INFO - [2025-11-28T06:53:55.750+0000] {dagbag.py:538} INFO - Filling up the DagBag from /home/airflow/.local/lib/python3.8/site-packages/airflow/example_dags/example_trigger_controller_dag.py
[2025-11-28T06:53:55.757+0000] {processor.py:840} INFO - DAG(s) 'example_trigger_controller_dag' retrieved from /home/airflow/.local/lib/python3.8/site-packages/airflow/example_dags/example_trigger_controller_dag.py
[2025-11-28T06:53:55.777+0000] {logging_mixin.py:188} INFO - [2025-11-28T06:53:55.777+0000] {dag.py:3036} INFO - Sync 1 DAGs
[2025-11-28T06:53:55.802+0000] {logging_mixin.py:188} INFO - [2025-11-28T06:53:55.801+0000] {dag.py:3823} INFO - Setting next_dagrun for example_trigger_controller_dag to 2021-01-01 00:00:00+00:00, run_after=2021-01-01 00:00:00+00:00
[2025-11-28T06:53:55.821+0000] {processor.py:183} INFO - Processing /home/airflow/.local/lib/python3.8/site-packages/airflow/example_dags/example_trigger_controller_dag.py took 0.082 seconds
[2025-11-28T06:54:26.136+0000] {processor.py:161} INFO - Started process (PID=292) to work on /home/airflow/.local/lib/python3.8/site-packages/airflow/example_dags/example_trigger_controller_dag.py
[2025-11-28T06:54:26.137+0000] {processor.py:830} INFO - Processing file /home/airflow/.local/lib/python3.8/site-packages/airflow/example_dags/example_trigger_controller_dag.py for tasks to queue
[2025-11-28T06:54:26.138+0000] {logging_mixin.py:188} INFO - [2025-11-28T06:54:26.138+0000] {dagbag.py:538} INFO - Filling up the DagBag from /home/airflow/.local/lib/python3.8/site-packages/airflow/example_dags/example_trigger_controller_dag.py
[2025-11-28T06:54:26.142+0000] {processor.py:840} INFO - DAG(s) 'example_trigger_controller_dag' retrieved from /home/airflow/.local/lib/python3.8/site-packages/airflow/example_dags/example_trigger_controller_dag.py
[2025-11-28T06:54:26.159+0000] {logging_mixin.py:188} INFO - [2025-11-28T06:54:26.159+0000] {dag.py:3036} INFO - Sync 1 DAGs
[2025-11-28T06:54:26.178+0000] {logging_mixin.py:188} INFO - [2025-11-28T06:54:26.177+0000] {dag.py:3823} INFO - Setting next_dagrun for example_trigger_controller_dag to 2021-01-01 00:00:00+00:00, run_after=2021-01-01 00:00:00+00:00
[2025-11-28T06:54:26.191+0000] {processor.py:183} INFO - Processing /home/airflow/.local/lib/python3.8/site-packages/airflow/example_dags/example_trigger_controller_dag.py took 0.059 seconds
[2025-11-28T06:54:56.751+0000] {processor.py:161} INFO - Started process (PID=353) to work on /home/airflow/.local/lib/python3.8/site-packages/airflow/example_dags/example_trigger_controller_dag.py
[2025-11-28T06:54:56.752+0000] {processor.py:830} INFO - Processing file /home/airflow/.local/lib/python3.8/site-packages/airflow/example_dags/example_trigger_controller_dag.py for tasks to queue
[2025-11-28T06:54:56.754+0000] {logging_mixin.py:188} INFO - [2025-11-28T06:54:56.754+0000] {dagbag.py:538} INFO - Filling up the DagBag from /home/airflow/.local/lib/python3.8/site-packages/airflow/example_dags/example_trigger_controller_dag.py
[2025-11-28T06:54:56.759+0000] {processor.py:840} INFO - DAG(s) 'example_trigger_controller_dag' retrieved from /home/airflow/.local/lib/python3.8/site-packages/airflow/example_dags/example_trigger_controller_dag.py
[2025-11-28T06:54:56.769+0000] {logging_mixin.py:188} INFO - [2025-11-28T06:54:56.769+0000] {dag.py:3036} INFO - Sync 1 DAGs
[2025-11-28T06:54:56.790+0000] {logging_mixin.py:188} INFO - [2025-11-28T06:54:56.790+0000] {dag.py:3823} INFO - Setting next_dagrun for example_trigger_controller_dag to 2021-01-01 00:00:00+00:00, run_after=2021-01-01 00:00:00+00:00
[2025-11-28T06:54:56.809+0000] {processor.py:183} INFO - Processing /home/airflow/.local/lib/python3.8/site-packages/airflow/example_dags/example_trigger_controller_dag.py took 0.062 seconds
[2025-11-28T06:55:26.932+0000] {processor.py:161} INFO - Started process (PID=408) to work on /home/airflow/.local/lib/python3.8/site-packages/airflow/example_dags/example_trigger_controller_dag.py
[2025-11-28T06:55:26.934+0000] {processor.py:830} INFO - Processing file /home/airflow/.local/lib/python3.8/site-packages/airflow/example_dags/example_trigger_controller_dag.py for tasks to queue
[2025-11-28T06:55:26.936+0000] {logging_mixin.py:188} INFO - [2025-11-28T06:55:26.935+0000] {dagbag.py:538} INFO - Filling up the DagBag from /home/airflow/.local/lib/python3.8/site-packages/airflow/example_dags/example_trigger_controller_dag.py
[2025-11-28T06:55:26.942+0000] {processor.py:840} INFO - DAG(s) 'example_trigger_controller_dag' retrieved from /home/airflow/.local/lib/python3.8/site-packages/airflow/example_dags/example_trigger_controller_dag.py
[2025-11-28T06:55:27.062+0000] {logging_mixin.py:188} INFO - [2025-11-28T06:55:27.062+0000] {dag.py:3036} INFO - Sync 1 DAGs
[2025-11-28T06:55:27.078+0000] {logging_mixin.py:188} INFO - [2025-11-28T06:55:27.078+0000] {dag.py:3823} INFO - Setting next_dagrun for example_trigger_controller_dag to 2021-01-01 00:00:00+00:00, run_after=2021-01-01 00:00:00+00:00
[2025-11-28T06:55:27.101+0000] {processor.py:183} INFO - Processing /home/airflow/.local/lib/python3.8/site-packages/airflow/example_dags/example_trigger_controller_dag.py took 0.172 seconds
[2025-11-28T06:55:57.245+0000] {processor.py:161} INFO - Started process (PID=463) to work on /home/airflow/.local/lib/python3.8/site-packages/airflow/example_dags/example_trigger_controller_dag.py
[2025-11-28T06:55:57.248+0000] {processor.py:830} INFO - Processing file /home/airflow/.local/lib/python3.8/site-packages/airflow/example_dags/example_trigger_controller_dag.py for tasks to queue
[2025-11-28T06:55:57.251+0000] {logging_mixin.py:188} INFO - [2025-11-28T06:55:57.251+0000] {dagbag.py:538} INFO - Filling up the DagBag from /home/airflow/.local/lib/python3.8/site-packages/airflow/example_dags/example_trigger_controller_dag.py
[2025-11-28T06:55:57.256+0000] {processor.py:840} INFO - DAG(s) 'example_trigger_controller_dag' retrieved from /home/airflow/.local/lib/python3.8/site-packages/airflow/example_dags/example_trigger_controller_dag.py
[2025-11-28T06:55:57.273+0000] {logging_mixin.py:188} INFO - [2025-11-28T06:55:57.273+0000] {dag.py:3036} INFO - Sync 1 DAGs
[2025-11-28T06:55:57.291+0000] {logging_mixin.py:188} INFO - [2025-11-28T06:55:57.291+0000] {dag.py:3823} INFO - Setting next_dagrun for example_trigger_controller_dag to 2021-01-01 00:00:00+00:00, run_after=2021-01-01 00:00:00+00:00
[2025-11-28T06:55:57.311+0000] {processor.py:183} INFO - Processing /home/airflow/.local/lib/python3.8/site-packages/airflow/example_dags/example_trigger_controller_dag.py took 0.068 seconds
[2025-11-28T06:56:27.692+0000] {processor.py:161} INFO - Started process (PID=518) to work on /home/airflow/.local/lib/python3.8/site-packages/airflow/example_dags/example_trigger_controller_dag.py
[2025-11-28T06:56:27.694+0000] {processor.py:830} INFO - Processing file /home/airflow/.local/lib/python3.8/site-packages/airflow/example_dags/example_trigger_controller_dag.py for tasks to queue
[2025-11-28T06:56:27.697+0000] {logging_mixin.py:188} INFO - [2025-11-28T06:56:27.696+0000] {dagbag.py:538} INFO - Filling up the DagBag from /home/airflow/.local/lib/python3.8/site-packages/airflow/example_dags/example_trigger_controller_dag.py
[2025-11-28T06:56:27.702+0000] {processor.py:840} INFO - DAG(s) 'example_trigger_controller_dag' retrieved from /home/airflow/.local/lib/python3.8/site-packages/airflow/example_dags/example_trigger_controller_dag.py
[2025-11-28T06:56:27.719+0000] {logging_mixin.py:188} INFO - [2025-11-28T06:56:27.719+0000] {dag.py:3036} INFO - Sync 1 DAGs
[2025-11-28T06:56:27.738+0000] {logging_mixin.py:188} INFO - [2025-11-28T06:56:27.738+0000] {dag.py:3823} INFO - Setting next_dagrun for example_trigger_controller_dag to 2021-01-01 00:00:00+00:00, run_after=2021-01-01 00:00:00+00:00
[2025-11-28T06:56:27.757+0000] {processor.py:183} INFO - Processing /home/airflow/.local/lib/python3.8/site-packages/airflow/example_dags/example_trigger_controller_dag.py took 0.068 seconds
[2025-11-28T06:56:58.144+0000] {processor.py:161} INFO - Started process (PID=573) to work on /home/airflow/.local/lib/python3.8/site-packages/airflow/example_dags/example_trigger_controller_dag.py
[2025-11-28T06:56:58.145+0000] {processor.py:830} INFO - Processing file /home/airflow/.local/lib/python3.8/site-packages/airflow/example_dags/example_trigger_controller_dag.py for tasks to queue
[2025-11-28T06:56:58.147+0000] {logging_mixin.py:188} INFO - [2025-11-28T06:56:58.147+0000] {dagbag.py:538} INFO - Filling up the DagBag from /home/airflow/.local/lib/python3.8/site-packages/airflow/example_dags/example_trigger_controller_dag.py
[2025-11-28T06:56:58.151+0000] {processor.py:840} INFO - DAG(s) 'example_trigger_controller_dag' retrieved from /home/airflow/.local/lib/python3.8/site-packages/airflow/example_dags/example_trigger_controller_dag.py
[2025-11-28T06:56:58.173+0000] {logging_mixin.py:188} INFO - [2025-11-28T06:56:58.173+0000] {dag.py:3036} INFO - Sync 1 DAGs
[2025-11-28T06:56:58.190+0000] {logging_mixin.py:188} INFO - [2025-11-28T06:56:58.189+0000] {dag.py:3823} INFO - Setting next_dagrun for example_trigger_controller_dag to 2021-01-01 00:00:00+00:00, run_after=2021-01-01 00:00:00+00:00
[2025-11-28T06:56:58.209+0000] {processor.py:183} INFO - Processing /home/airflow/.local/lib/python3.8/site-packages/airflow/example_dags/example_trigger_controller_dag.py took 0.068 seconds
[2025-11-28T06:57:28.848+0000] {processor.py:161} INFO - Started process (PID=628) to work on /home/airflow/.local/lib/python3.8/site-packages/airflow/example_dags/example_trigger_controller_dag.py
[2025-11-28T06:57:28.850+0000] {processor.py:830} INFO - Processing file /home/airflow/.local/lib/python3.8/site-packages/airflow/example_dags/example_trigger_controller_dag.py for tasks to queue
[2025-11-28T06:57:28.851+0000] {logging_mixin.py:188} INFO - [2025-11-28T06:57:28.851+0000] {dagbag.py:538} INFO - Filling up the DagBag from /home/airflow/.local/lib/python3.8/site-packages/airflow/example_dags/example_trigger_controller_dag.py
[2025-11-28T06:57:28.855+0000] {processor.py:840} INFO - DAG(s) 'example_trigger_controller_dag' retrieved from /home/airflow/.local/lib/python3.8/site-packages/airflow/example_dags/example_trigger_controller_dag.py
[2025-11-28T06:57:28.874+0000] {logging_mixin.py:188} INFO - [2025-11-28T06:57:28.874+0000] {dag.py:3036} INFO - Sync 1 DAGs
[2025-11-28T06:57:28.888+0000] {logging_mixin.py:188} INFO - [2025-11-28T06:57:28.888+0000] {dag.py:3823} INFO - Setting next_dagrun for example_trigger_controller_dag to 2021-01-01 00:00:00+00:00, run_after=2021-01-01 00:00:00+00:00
[2025-11-28T06:57:28.902+0000] {processor.py:183} INFO - Processing /home/airflow/.local/lib/python3.8/site-packages/airflow/example_dags/example_trigger_controller_dag.py took 0.057 seconds
[2025-11-28T06:57:59.440+0000] {processor.py:161} INFO - Started process (PID=683) to work on /home/airflow/.local/lib/python3.8/site-packages/airflow/example_dags/example_trigger_controller_dag.py
[2025-11-28T06:57:59.442+0000] {processor.py:830} INFO - Processing file /home/airflow/.local/lib/python3.8/site-packages/airflow/example_dags/example_trigger_controller_dag.py for tasks to queue
[2025-11-28T06:57:59.444+0000] {logging_mixin.py:188} INFO - [2025-11-28T06:57:59.444+0000] {dagbag.py:538} INFO - Filling up the DagBag from /home/airflow/.local/lib/python3.8/site-packages/airflow/example_dags/example_trigger_controller_dag.py
[2025-11-28T06:57:59.448+0000] {processor.py:840} INFO - DAG(s) 'example_trigger_controller_dag' retrieved from /home/airflow/.local/lib/python3.8/site-packages/airflow/example_dags/example_trigger_controller_dag.py
[2025-11-28T06:57:59.464+0000] {logging_mixin.py:188} INFO - [2025-11-28T06:57:59.464+0000] {dag.py:3036} INFO - Sync 1 DAGs
[2025-11-28T06:57:59.481+0000] {logging_mixin.py:188} INFO - [2025-11-28T06:57:59.481+0000] {dag.py:3823} INFO - Setting next_dagrun for example_trigger_controller_dag to 2021-01-01 00:00:00+00:00, run_after=2021-01-01 00:00:00+00:00
[2025-11-28T06:57:59.496+0000] {processor.py:183} INFO - Processing /home/airflow/.local/lib/python3.8/site-packages/airflow/example_dags/example_trigger_controller_dag.py took 0.061 seconds
[2025-11-28T06:58:29.758+0000] {processor.py:161} INFO - Started process (PID=738) to work on /home/airflow/.local/lib/python3.8/site-packages/airflow/example_dags/example_trigger_controller_dag.py
[2025-11-28T06:58:29.760+0000] {processor.py:830} INFO - Processing file /home/airflow/.local/lib/python3.8/site-packages/airflow/example_dags/example_trigger_controller_dag.py for tasks to queue
[2025-11-28T06:58:29.763+0000] {logging_mixin.py:188} INFO - [2025-11-28T06:58:29.763+0000] {dagbag.py:538} INFO - Filling up the DagBag from /home/airflow/.local/lib/python3.8/site-packages/airflow/example_dags/example_trigger_controller_dag.py
[2025-11-28T06:58:29.771+0000] {processor.py:840} INFO - DAG(s) 'example_trigger_controller_dag' retrieved from /home/airflow/.local/lib/python3.8/site-packages/airflow/example_dags/example_trigger_controller_dag.py
[2025-11-28T06:58:29.790+0000] {logging_mixin.py:188} INFO - [2025-11-28T06:58:29.790+0000] {dag.py:3036} INFO - Sync 1 DAGs
[2025-11-28T06:58:29.808+0000] {logging_mixin.py:188} INFO - [2025-11-28T06:58:29.808+0000] {dag.py:3823} INFO - Setting next_dagrun for example_trigger_controller_dag to 2021-01-01 00:00:00+00:00, run_after=2021-01-01 00:00:00+00:00
[2025-11-28T06:58:29.823+0000] {processor.py:183} INFO - Processing /home/airflow/.local/lib/python3.8/site-packages/airflow/example_dags/example_trigger_controller_dag.py took 0.069 seconds
[2025-11-28T06:59:00.527+0000] {processor.py:161} INFO - Started process (PID=793) to work on /home/airflow/.local/lib/python3.8/site-packages/airflow/example_dags/example_trigger_controller_dag.py
[2025-11-28T06:59:00.528+0000] {processor.py:830} INFO - Processing file /home/airflow/.local/lib/python3.8/site-packages/airflow/example_dags/example_trigger_controller_dag.py for tasks to queue
[2025-11-28T06:59:00.532+0000] {logging_mixin.py:188} INFO - [2025-11-28T06:59:00.532+0000] {dagbag.py:538} INFO - Filling up the DagBag from /home/airflow/.local/lib/python3.8/site-packages/airflow/example_dags/example_trigger_controller_dag.py
[2025-11-28T06:59:00.536+0000] {processor.py:840} INFO - DAG(s) 'example_trigger_controller_dag' retrieved from /home/airflow/.local/lib/python3.8/site-packages/airflow/example_dags/example_trigger_controller_dag.py
[2025-11-28T06:59:00.555+0000] {logging_mixin.py:188} INFO - [2025-11-28T06:59:00.555+0000] {dag.py:3036} INFO - Sync 1 DAGs
[2025-11-28T06:59:00.570+0000] {logging_mixin.py:188} INFO - [2025-11-28T06:59:00.570+0000] {dag.py:3823} INFO - Setting next_dagrun for example_trigger_controller_dag to 2021-01-01 00:00:00+00:00, run_after=2021-01-01 00:00:00+00:00
[2025-11-28T06:59:00.586+0000] {processor.py:183} INFO - Processing /home/airflow/.local/lib/python3.8/site-packages/airflow/example_dags/example_trigger_controller_dag.py took 0.063 seconds
[2025-11-28T06:59:30.958+0000] {processor.py:161} INFO - Started process (PID=848) to work on /home/airflow/.local/lib/python3.8/site-packages/airflow/example_dags/example_trigger_controller_dag.py
[2025-11-28T06:59:30.960+0000] {processor.py:830} INFO - Processing file /home/airflow/.local/lib/python3.8/site-packages/airflow/example_dags/example_trigger_controller_dag.py for tasks to queue
[2025-11-28T06:59:30.964+0000] {logging_mixin.py:188} INFO - [2025-11-28T06:59:30.963+0000] {dagbag.py:538} INFO - Filling up the DagBag from /home/airflow/.local/lib/python3.8/site-packages/airflow/example_dags/example_trigger_controller_dag.py
[2025-11-28T06:59:30.974+0000] {processor.py:840} INFO - DAG(s) 'example_trigger_controller_dag' retrieved from /home/airflow/.local/lib/python3.8/site-packages/airflow/example_dags/example_trigger_controller_dag.py
[2025-11-28T06:59:31.002+0000] {logging_mixin.py:188} INFO - [2025-11-28T06:59:31.001+0000] {dag.py:3036} INFO - Sync 1 DAGs
[2025-11-28T06:59:31.035+0000] {logging_mixin.py:188} INFO - [2025-11-28T06:59:31.034+0000] {dag.py:3823} INFO - Setting next_dagrun for example_trigger_controller_dag to 2021-01-01 00:00:00+00:00, run_after=2021-01-01 00:00:00+00:00
[2025-11-28T06:59:31.067+0000] {processor.py:183} INFO - Processing /home/airflow/.local/lib/python3.8/site-packages/airflow/example_dags/example_trigger_controller_dag.py took 0.116 seconds
[2025-11-28T07:00:01.177+0000] {processor.py:161} INFO - Started process (PID=903) to work on /home/airflow/.local/lib/python3.8/site-packages/airflow/example_dags/example_trigger_controller_dag.py
[2025-11-28T07:00:01.179+0000] {processor.py:830} INFO - Processing file /home/airflow/.local/lib/python3.8/site-packages/airflow/example_dags/example_trigger_controller_dag.py for tasks to queue
[2025-11-28T07:00:01.181+0000] {logging_mixin.py:188} INFO - [2025-11-28T07:00:01.180+0000] {dagbag.py:538} INFO - Filling up the DagBag from /home/airflow/.local/lib/python3.8/site-packages/airflow/example_dags/example_trigger_controller_dag.py
[2025-11-28T07:00:01.185+0000] {processor.py:840} INFO - DAG(s) 'example_trigger_controller_dag' retrieved from /home/airflow/.local/lib/python3.8/site-packages/airflow/example_dags/example_trigger_controller_dag.py
[2025-11-28T07:00:01.205+0000] {logging_mixin.py:188} INFO - [2025-11-28T07:00:01.205+0000] {dag.py:3036} INFO - Sync 1 DAGs
[2025-11-28T07:00:01.222+0000] {logging_mixin.py:188} INFO - [2025-11-28T07:00:01.222+0000] {dag.py:3823} INFO - Setting next_dagrun for example_trigger_controller_dag to 2021-01-01 00:00:00+00:00, run_after=2021-01-01 00:00:00+00:00
[2025-11-28T07:00:01.236+0000] {processor.py:183} INFO - Processing /home/airflow/.local/lib/python3.8/site-packages/airflow/example_dags/example_trigger_controller_dag.py took 0.061 seconds
[2025-11-28T07:00:31.842+0000] {processor.py:161} INFO - Started process (PID=958) to work on /home/airflow/.local/lib/python3.8/site-packages/airflow/example_dags/example_trigger_controller_dag.py
[2025-11-28T07:00:31.846+0000] {processor.py:830} INFO - Processing file /home/airflow/.local/lib/python3.8/site-packages/airflow/example_dags/example_trigger_controller_dag.py for tasks to queue
[2025-11-28T07:00:31.848+0000] {logging_mixin.py:188} INFO - [2025-11-28T07:00:31.847+0000] {dagbag.py:538} INFO - Filling up the DagBag from /home/airflow/.local/lib/python3.8/site-packages/airflow/example_dags/example_trigger_controller_dag.py
[2025-11-28T07:00:31.853+0000] {processor.py:840} INFO - DAG(s) 'example_trigger_controller_dag' retrieved from /home/airflow/.local/lib/python3.8/site-packages/airflow/example_dags/example_trigger_controller_dag.py
[2025-11-28T07:00:31.882+0000] {logging_mixin.py:188} INFO - [2025-11-28T07:00:31.882+0000] {dag.py:3036} INFO - Sync 1 DAGs
[2025-11-28T07:00:31.908+0000] {logging_mixin.py:188} INFO - [2025-11-28T07:00:31.907+0000] {dag.py:3823} INFO - Setting next_dagrun for example_trigger_controller_dag to 2021-01-01 00:00:00+00:00, run_after=2021-01-01 00:00:00+00:00
[2025-11-28T07:00:31.929+0000] {processor.py:183} INFO - Processing /home/airflow/.local/lib/python3.8/site-packages/airflow/example_dags/example_trigger_controller_dag.py took 0.090 seconds
[2025-11-28T07:01:02.141+0000] {processor.py:161} INFO - Started process (PID=1013) to work on /home/airflow/.local/lib/python3.8/site-packages/airflow/example_dags/example_trigger_controller_dag.py
[2025-11-28T07:01:02.142+0000] {processor.py:830} INFO - Processing file /home/airflow/.local/lib/python3.8/site-packages/airflow/example_dags/example_trigger_controller_dag.py for tasks to queue
[2025-11-28T07:01:02.145+0000] {logging_mixin.py:188} INFO - [2025-11-28T07:01:02.144+0000] {dagbag.py:538} INFO - Filling up the DagBag from /home/airflow/.local/lib/python3.8/site-packages/airflow/example_dags/example_trigger_controller_dag.py
[2025-11-28T07:01:02.152+0000] {processor.py:840} INFO - DAG(s) 'example_trigger_controller_dag' retrieved from /home/airflow/.local/lib/python3.8/site-packages/airflow/example_dags/example_trigger_controller_dag.py
[2025-11-28T07:01:02.180+0000] {logging_mixin.py:188} INFO - [2025-11-28T07:01:02.180+0000] {dag.py:3036} INFO - Sync 1 DAGs
[2025-11-28T07:01:02.199+0000] {logging_mixin.py:188} INFO - [2025-11-28T07:01:02.199+0000] {dag.py:3823} INFO - Setting next_dagrun for example_trigger_controller_dag to 2021-01-01 00:00:00+00:00, run_after=2021-01-01 00:00:00+00:00
[2025-11-28T07:01:02.224+0000] {processor.py:183} INFO - Processing /home/airflow/.local/lib/python3.8/site-packages/airflow/example_dags/example_trigger_controller_dag.py took 0.089 seconds
[2025-11-28T07:01:32.439+0000] {processor.py:161} INFO - Started process (PID=1067) to work on /home/airflow/.local/lib/python3.8/site-packages/airflow/example_dags/example_trigger_controller_dag.py
[2025-11-28T07:01:32.440+0000] {processor.py:830} INFO - Processing file /home/airflow/.local/lib/python3.8/site-packages/airflow/example_dags/example_trigger_controller_dag.py for tasks to queue
[2025-11-28T07:01:32.442+0000] {logging_mixin.py:188} INFO - [2025-11-28T07:01:32.442+0000] {dagbag.py:538} INFO - Filling up the DagBag from /home/airflow/.local/lib/python3.8/site-packages/airflow/example_dags/example_trigger_controller_dag.py
[2025-11-28T07:01:32.448+0000] {processor.py:840} INFO - DAG(s) 'example_trigger_controller_dag' retrieved from /home/airflow/.local/lib/python3.8/site-packages/airflow/example_dags/example_trigger_controller_dag.py
[2025-11-28T07:01:32.473+0000] {logging_mixin.py:188} INFO - [2025-11-28T07:01:32.473+0000] {dag.py:3036} INFO - Sync 1 DAGs
[2025-11-28T07:01:32.492+0000] {logging_mixin.py:188} INFO - [2025-11-28T07:01:32.492+0000] {dag.py:3823} INFO - Setting next_dagrun for example_trigger_controller_dag to 2021-01-01 00:00:00+00:00, run_after=2021-01-01 00:00:00+00:00
[2025-11-28T07:01:32.515+0000] {processor.py:183} INFO - Processing /home/airflow/.local/lib/python3.8/site-packages/airflow/example_dags/example_trigger_controller_dag.py took 0.080 seconds
[2025-11-28T07:02:02.856+0000] {processor.py:161} INFO - Started process (PID=1122) to work on /home/airflow/.local/lib/python3.8/site-packages/airflow/example_dags/example_trigger_controller_dag.py
[2025-11-28T07:02:02.858+0000] {processor.py:830} INFO - Processing file /home/airflow/.local/lib/python3.8/site-packages/airflow/example_dags/example_trigger_controller_dag.py for tasks to queue
[2025-11-28T07:02:02.859+0000] {logging_mixin.py:188} INFO - [2025-11-28T07:02:02.859+0000] {dagbag.py:538} INFO - Filling up the DagBag from /home/airflow/.local/lib/python3.8/site-packages/airflow/example_dags/example_trigger_controller_dag.py
[2025-11-28T07:02:02.864+0000] {processor.py:840} INFO - DAG(s) 'example_trigger_controller_dag' retrieved from /home/airflow/.local/lib/python3.8/site-packages/airflow/example_dags/example_trigger_controller_dag.py
[2025-11-28T07:02:02.882+0000] {logging_mixin.py:188} INFO - [2025-11-28T07:02:02.882+0000] {dag.py:3036} INFO - Sync 1 DAGs
[2025-11-28T07:02:02.897+0000] {logging_mixin.py:188} INFO - [2025-11-28T07:02:02.897+0000] {dag.py:3823} INFO - Setting next_dagrun for example_trigger_controller_dag to 2021-01-01 00:00:00+00:00, run_after=2021-01-01 00:00:00+00:00
[2025-11-28T07:02:02.913+0000] {processor.py:183} INFO - Processing /home/airflow/.local/lib/python3.8/site-packages/airflow/example_dags/example_trigger_controller_dag.py took 0.060 seconds
[2025-11-28T07:02:33.091+0000] {processor.py:161} INFO - Started process (PID=1176) to work on /home/airflow/.local/lib/python3.8/site-packages/airflow/example_dags/example_trigger_controller_dag.py
[2025-11-28T07:02:33.092+0000] {processor.py:830} INFO - Processing file /home/airflow/.local/lib/python3.8/site-packages/airflow/example_dags/example_trigger_controller_dag.py for tasks to queue
[2025-11-28T07:02:33.094+0000] {logging_mixin.py:188} INFO - [2025-11-28T07:02:33.094+0000] {dagbag.py:538} INFO - Filling up the DagBag from /home/airflow/.local/lib/python3.8/site-packages/airflow/example_dags/example_trigger_controller_dag.py
[2025-11-28T07:02:33.099+0000] {processor.py:840} INFO - DAG(s) 'example_trigger_controller_dag' retrieved from /home/airflow/.local/lib/python3.8/site-packages/airflow/example_dags/example_trigger_controller_dag.py
[2025-11-28T07:02:33.116+0000] {logging_mixin.py:188} INFO - [2025-11-28T07:02:33.116+0000] {dag.py:3036} INFO - Sync 1 DAGs
[2025-11-28T07:02:33.133+0000] {logging_mixin.py:188} INFO - [2025-11-28T07:02:33.133+0000] {dag.py:3823} INFO - Setting next_dagrun for example_trigger_controller_dag to 2021-01-01 00:00:00+00:00, run_after=2021-01-01 00:00:00+00:00
[2025-11-28T07:02:33.150+0000] {processor.py:183} INFO - Processing /home/airflow/.local/lib/python3.8/site-packages/airflow/example_dags/example_trigger_controller_dag.py took 0.063 seconds
[2025-11-28T07:03:03.789+0000] {processor.py:161} INFO - Started process (PID=1232) to work on /home/airflow/.local/lib/python3.8/site-packages/airflow/example_dags/example_trigger_controller_dag.py
[2025-11-28T07:03:03.790+0000] {processor.py:830} INFO - Processing file /home/airflow/.local/lib/python3.8/site-packages/airflow/example_dags/example_trigger_controller_dag.py for tasks to queue
[2025-11-28T07:03:03.792+0000] {logging_mixin.py:188} INFO - [2025-11-28T07:03:03.792+0000] {dagbag.py:538} INFO - Filling up the DagBag from /home/airflow/.local/lib/python3.8/site-packages/airflow/example_dags/example_trigger_controller_dag.py
[2025-11-28T07:03:03.796+0000] {processor.py:840} INFO - DAG(s) 'example_trigger_controller_dag' retrieved from /home/airflow/.local/lib/python3.8/site-packages/airflow/example_dags/example_trigger_controller_dag.py
[2025-11-28T07:03:03.821+0000] {logging_mixin.py:188} INFO - [2025-11-28T07:03:03.821+0000] {dag.py:3036} INFO - Sync 1 DAGs
[2025-11-28T07:03:03.838+0000] {logging_mixin.py:188} INFO - [2025-11-28T07:03:03.838+0000] {dag.py:3823} INFO - Setting next_dagrun for example_trigger_controller_dag to 2021-01-01 00:00:00+00:00, run_after=2021-01-01 00:00:00+00:00
[2025-11-28T07:03:03.866+0000] {processor.py:183} INFO - Processing /home/airflow/.local/lib/python3.8/site-packages/airflow/example_dags/example_trigger_controller_dag.py took 0.079 seconds
[2025-11-28T07:03:34.376+0000] {processor.py:161} INFO - Started process (PID=1287) to work on /home/airflow/.local/lib/python3.8/site-packages/airflow/example_dags/example_trigger_controller_dag.py
[2025-11-28T07:03:34.378+0000] {processor.py:830} INFO - Processing file /home/airflow/.local/lib/python3.8/site-packages/airflow/example_dags/example_trigger_controller_dag.py for tasks to queue
[2025-11-28T07:03:34.380+0000] {logging_mixin.py:188} INFO - [2025-11-28T07:03:34.380+0000] {dagbag.py:538} INFO - Filling up the DagBag from /home/airflow/.local/lib/python3.8/site-packages/airflow/example_dags/example_trigger_controller_dag.py
[2025-11-28T07:03:34.390+0000] {processor.py:840} INFO - DAG(s) 'example_trigger_controller_dag' retrieved from /home/airflow/.local/lib/python3.8/site-packages/airflow/example_dags/example_trigger_controller_dag.py
[2025-11-28T07:03:34.431+0000] {logging_mixin.py:188} INFO - [2025-11-28T07:03:34.430+0000] {dag.py:3036} INFO - Sync 1 DAGs
[2025-11-28T07:03:34.447+0000] {logging_mixin.py:188} INFO - [2025-11-28T07:03:34.447+0000] {dag.py:3823} INFO - Setting next_dagrun for example_trigger_controller_dag to 2021-01-01 00:00:00+00:00, run_after=2021-01-01 00:00:00+00:00
[2025-11-28T07:03:34.464+0000] {processor.py:183} INFO - Processing /home/airflow/.local/lib/python3.8/site-packages/airflow/example_dags/example_trigger_controller_dag.py took 0.096 seconds
[2025-11-28T07:04:05.302+0000] {processor.py:161} INFO - Started process (PID=1342) to work on /home/airflow/.local/lib/python3.8/site-packages/airflow/example_dags/example_trigger_controller_dag.py
[2025-11-28T07:04:05.303+0000] {processor.py:830} INFO - Processing file /home/airflow/.local/lib/python3.8/site-packages/airflow/example_dags/example_trigger_controller_dag.py for tasks to queue
[2025-11-28T07:04:05.307+0000] {logging_mixin.py:188} INFO - [2025-11-28T07:04:05.307+0000] {dagbag.py:538} INFO - Filling up the DagBag from /home/airflow/.local/lib/python3.8/site-packages/airflow/example_dags/example_trigger_controller_dag.py
[2025-11-28T07:04:05.312+0000] {processor.py:840} INFO - DAG(s) 'example_trigger_controller_dag' retrieved from /home/airflow/.local/lib/python3.8/site-packages/airflow/example_dags/example_trigger_controller_dag.py
[2025-11-28T07:04:05.334+0000] {logging_mixin.py:188} INFO - [2025-11-28T07:04:05.333+0000] {dag.py:3036} INFO - Sync 1 DAGs
[2025-11-28T07:04:05.354+0000] {logging_mixin.py:188} INFO - [2025-11-28T07:04:05.354+0000] {dag.py:3823} INFO - Setting next_dagrun for example_trigger_controller_dag to 2021-01-01 00:00:00+00:00, run_after=2021-01-01 00:00:00+00:00
[2025-11-28T07:04:05.372+0000] {processor.py:183} INFO - Processing /home/airflow/.local/lib/python3.8/site-packages/airflow/example_dags/example_trigger_controller_dag.py took 0.073 seconds
[2025-11-28T07:04:35.917+0000] {processor.py:161} INFO - Started process (PID=1397) to work on /home/airflow/.local/lib/python3.8/site-packages/airflow/example_dags/example_trigger_controller_dag.py
[2025-11-28T07:04:35.918+0000] {processor.py:830} INFO - Processing file /home/airflow/.local/lib/python3.8/site-packages/airflow/example_dags/example_trigger_controller_dag.py for tasks to queue
[2025-11-28T07:04:35.920+0000] {logging_mixin.py:188} INFO - [2025-11-28T07:04:35.920+0000] {dagbag.py:538} INFO - Filling up the DagBag from /home/airflow/.local/lib/python3.8/site-packages/airflow/example_dags/example_trigger_controller_dag.py
[2025-11-28T07:04:35.925+0000] {processor.py:840} INFO - DAG(s) 'example_trigger_controller_dag' retrieved from /home/airflow/.local/lib/python3.8/site-packages/airflow/example_dags/example_trigger_controller_dag.py
[2025-11-28T07:04:35.945+0000] {logging_mixin.py:188} INFO - [2025-11-28T07:04:35.945+0000] {dag.py:3036} INFO - Sync 1 DAGs
[2025-11-28T07:04:35.963+0000] {logging_mixin.py:188} INFO - [2025-11-28T07:04:35.963+0000] {dag.py:3823} INFO - Setting next_dagrun for example_trigger_controller_dag to 2021-01-01 00:00:00+00:00, run_after=2021-01-01 00:00:00+00:00
[2025-11-28T07:04:35.977+0000] {processor.py:183} INFO - Processing /home/airflow/.local/lib/python3.8/site-packages/airflow/example_dags/example_trigger_controller_dag.py took 0.062 seconds
[2025-11-28T07:05:06.456+0000] {processor.py:161} INFO - Started process (PID=1453) to work on /home/airflow/.local/lib/python3.8/site-packages/airflow/example_dags/example_trigger_controller_dag.py
[2025-11-28T07:05:06.458+0000] {processor.py:830} INFO - Processing file /home/airflow/.local/lib/python3.8/site-packages/airflow/example_dags/example_trigger_controller_dag.py for tasks to queue
[2025-11-28T07:05:06.460+0000] {logging_mixin.py:188} INFO - [2025-11-28T07:05:06.459+0000] {dagbag.py:538} INFO - Filling up the DagBag from /home/airflow/.local/lib/python3.8/site-packages/airflow/example_dags/example_trigger_controller_dag.py
[2025-11-28T07:05:06.464+0000] {processor.py:840} INFO - DAG(s) 'example_trigger_controller_dag' retrieved from /home/airflow/.local/lib/python3.8/site-packages/airflow/example_dags/example_trigger_controller_dag.py
[2025-11-28T07:05:06.483+0000] {logging_mixin.py:188} INFO - [2025-11-28T07:05:06.483+0000] {dag.py:3036} INFO - Sync 1 DAGs
[2025-11-28T07:05:06.503+0000] {logging_mixin.py:188} INFO - [2025-11-28T07:05:06.503+0000] {dag.py:3823} INFO - Setting next_dagrun for example_trigger_controller_dag to 2021-01-01 00:00:00+00:00, run_after=2021-01-01 00:00:00+00:00
[2025-11-28T07:05:06.521+0000] {processor.py:183} INFO - Processing /home/airflow/.local/lib/python3.8/site-packages/airflow/example_dags/example_trigger_controller_dag.py took 0.068 seconds
[2025-11-28T07:05:37.096+0000] {processor.py:161} INFO - Started process (PID=1508) to work on /home/airflow/.local/lib/python3.8/site-packages/airflow/example_dags/example_trigger_controller_dag.py
[2025-11-28T07:05:37.098+0000] {processor.py:830} INFO - Processing file /home/airflow/.local/lib/python3.8/site-packages/airflow/example_dags/example_trigger_controller_dag.py for tasks to queue
[2025-11-28T07:05:37.101+0000] {logging_mixin.py:188} INFO - [2025-11-28T07:05:37.100+0000] {dagbag.py:538} INFO - Filling up the DagBag from /home/airflow/.local/lib/python3.8/site-packages/airflow/example_dags/example_trigger_controller_dag.py
[2025-11-28T07:05:37.106+0000] {processor.py:840} INFO - DAG(s) 'example_trigger_controller_dag' retrieved from /home/airflow/.local/lib/python3.8/site-packages/airflow/example_dags/example_trigger_controller_dag.py
[2025-11-28T07:05:37.133+0000] {logging_mixin.py:188} INFO - [2025-11-28T07:05:37.133+0000] {dag.py:3036} INFO - Sync 1 DAGs
[2025-11-28T07:05:37.155+0000] {logging_mixin.py:188} INFO - [2025-11-28T07:05:37.155+0000] {dag.py:3823} INFO - Setting next_dagrun for example_trigger_controller_dag to 2021-01-01 00:00:00+00:00, run_after=2021-01-01 00:00:00+00:00
[2025-11-28T07:05:37.171+0000] {processor.py:183} INFO - Processing /home/airflow/.local/lib/python3.8/site-packages/airflow/example_dags/example_trigger_controller_dag.py took 0.079 seconds
[2025-11-28T07:06:07.721+0000] {processor.py:161} INFO - Started process (PID=1563) to work on /home/airflow/.local/lib/python3.8/site-packages/airflow/example_dags/example_trigger_controller_dag.py
[2025-11-28T07:06:07.723+0000] {processor.py:830} INFO - Processing file /home/airflow/.local/lib/python3.8/site-packages/airflow/example_dags/example_trigger_controller_dag.py for tasks to queue
[2025-11-28T07:06:07.725+0000] {logging_mixin.py:188} INFO - [2025-11-28T07:06:07.725+0000] {dagbag.py:538} INFO - Filling up the DagBag from /home/airflow/.local/lib/python3.8/site-packages/airflow/example_dags/example_trigger_controller_dag.py
[2025-11-28T07:06:07.730+0000] {processor.py:840} INFO - DAG(s) 'example_trigger_controller_dag' retrieved from /home/airflow/.local/lib/python3.8/site-packages/airflow/example_dags/example_trigger_controller_dag.py
[2025-11-28T07:06:07.749+0000] {logging_mixin.py:188} INFO - [2025-11-28T07:06:07.749+0000] {dag.py:3036} INFO - Sync 1 DAGs
[2025-11-28T07:06:07.768+0000] {logging_mixin.py:188} INFO - [2025-11-28T07:06:07.767+0000] {dag.py:3823} INFO - Setting next_dagrun for example_trigger_controller_dag to 2021-01-01 00:00:00+00:00, run_after=2021-01-01 00:00:00+00:00
[2025-11-28T07:06:07.794+0000] {processor.py:183} INFO - Processing /home/airflow/.local/lib/python3.8/site-packages/airflow/example_dags/example_trigger_controller_dag.py took 0.075 seconds
[2025-11-28T07:06:38.349+0000] {processor.py:161} INFO - Started process (PID=1618) to work on /home/airflow/.local/lib/python3.8/site-packages/airflow/example_dags/example_trigger_controller_dag.py
[2025-11-28T07:06:38.350+0000] {processor.py:830} INFO - Processing file /home/airflow/.local/lib/python3.8/site-packages/airflow/example_dags/example_trigger_controller_dag.py for tasks to queue
[2025-11-28T07:06:38.352+0000] {logging_mixin.py:188} INFO - [2025-11-28T07:06:38.352+0000] {dagbag.py:538} INFO - Filling up the DagBag from /home/airflow/.local/lib/python3.8/site-packages/airflow/example_dags/example_trigger_controller_dag.py
[2025-11-28T07:06:38.356+0000] {processor.py:840} INFO - DAG(s) 'example_trigger_controller_dag' retrieved from /home/airflow/.local/lib/python3.8/site-packages/airflow/example_dags/example_trigger_controller_dag.py
[2025-11-28T07:06:38.374+0000] {logging_mixin.py:188} INFO - [2025-11-28T07:06:38.373+0000] {dag.py:3036} INFO - Sync 1 DAGs
[2025-11-28T07:06:38.397+0000] {logging_mixin.py:188} INFO - [2025-11-28T07:06:38.396+0000] {dag.py:3823} INFO - Setting next_dagrun for example_trigger_controller_dag to 2021-01-01 00:00:00+00:00, run_after=2021-01-01 00:00:00+00:00
[2025-11-28T07:06:38.415+0000] {processor.py:183} INFO - Processing /home/airflow/.local/lib/python3.8/site-packages/airflow/example_dags/example_trigger_controller_dag.py took 0.068 seconds
[2025-11-28T07:07:08.494+0000] {processor.py:161} INFO - Started process (PID=1673) to work on /home/airflow/.local/lib/python3.8/site-packages/airflow/example_dags/example_trigger_controller_dag.py
[2025-11-28T07:07:08.496+0000] {processor.py:830} INFO - Processing file /home/airflow/.local/lib/python3.8/site-packages/airflow/example_dags/example_trigger_controller_dag.py for tasks to queue
[2025-11-28T07:07:08.498+0000] {logging_mixin.py:188} INFO - [2025-11-28T07:07:08.497+0000] {dagbag.py:538} INFO - Filling up the DagBag from /home/airflow/.local/lib/python3.8/site-packages/airflow/example_dags/example_trigger_controller_dag.py
[2025-11-28T07:07:08.501+0000] {processor.py:840} INFO - DAG(s) 'example_trigger_controller_dag' retrieved from /home/airflow/.local/lib/python3.8/site-packages/airflow/example_dags/example_trigger_controller_dag.py
[2025-11-28T07:07:08.519+0000] {logging_mixin.py:188} INFO - [2025-11-28T07:07:08.518+0000] {dag.py:3036} INFO - Sync 1 DAGs
[2025-11-28T07:07:08.535+0000] {logging_mixin.py:188} INFO - [2025-11-28T07:07:08.535+0000] {dag.py:3823} INFO - Setting next_dagrun for example_trigger_controller_dag to 2021-01-01 00:00:00+00:00, run_after=2021-01-01 00:00:00+00:00
[2025-11-28T07:07:08.554+0000] {processor.py:183} INFO - Processing /home/airflow/.local/lib/python3.8/site-packages/airflow/example_dags/example_trigger_controller_dag.py took 0.062 seconds
[2025-11-28T07:07:39.038+0000] {processor.py:161} INFO - Started process (PID=1728) to work on /home/airflow/.local/lib/python3.8/site-packages/airflow/example_dags/example_trigger_controller_dag.py
[2025-11-28T07:07:39.039+0000] {processor.py:830} INFO - Processing file /home/airflow/.local/lib/python3.8/site-packages/airflow/example_dags/example_trigger_controller_dag.py for tasks to queue
[2025-11-28T07:07:39.040+0000] {logging_mixin.py:188} INFO - [2025-11-28T07:07:39.040+0000] {dagbag.py:538} INFO - Filling up the DagBag from /home/airflow/.local/lib/python3.8/site-packages/airflow/example_dags/example_trigger_controller_dag.py
[2025-11-28T07:07:39.044+0000] {processor.py:840} INFO - DAG(s) 'example_trigger_controller_dag' retrieved from /home/airflow/.local/lib/python3.8/site-packages/airflow/example_dags/example_trigger_controller_dag.py
[2025-11-28T07:07:39.059+0000] {logging_mixin.py:188} INFO - [2025-11-28T07:07:39.058+0000] {dag.py:3036} INFO - Sync 1 DAGs
[2025-11-28T07:07:39.074+0000] {logging_mixin.py:188} INFO - [2025-11-28T07:07:39.074+0000] {dag.py:3823} INFO - Setting next_dagrun for example_trigger_controller_dag to 2021-01-01 00:00:00+00:00, run_after=2021-01-01 00:00:00+00:00
[2025-11-28T07:07:39.089+0000] {processor.py:183} INFO - Processing /home/airflow/.local/lib/python3.8/site-packages/airflow/example_dags/example_trigger_controller_dag.py took 0.054 seconds
[2025-11-28T07:08:09.910+0000] {processor.py:161} INFO - Started process (PID=1783) to work on /home/airflow/.local/lib/python3.8/site-packages/airflow/example_dags/example_trigger_controller_dag.py
[2025-11-28T07:08:09.912+0000] {processor.py:830} INFO - Processing file /home/airflow/.local/lib/python3.8/site-packages/airflow/example_dags/example_trigger_controller_dag.py for tasks to queue
[2025-11-28T07:08:09.915+0000] {logging_mixin.py:188} INFO - [2025-11-28T07:08:09.914+0000] {dagbag.py:538} INFO - Filling up the DagBag from /home/airflow/.local/lib/python3.8/site-packages/airflow/example_dags/example_trigger_controller_dag.py
[2025-11-28T07:08:09.922+0000] {processor.py:840} INFO - DAG(s) 'example_trigger_controller_dag' retrieved from /home/airflow/.local/lib/python3.8/site-packages/airflow/example_dags/example_trigger_controller_dag.py
[2025-11-28T07:08:09.948+0000] {logging_mixin.py:188} INFO - [2025-11-28T07:08:09.948+0000] {dag.py:3036} INFO - Sync 1 DAGs
[2025-11-28T07:08:09.979+0000] {logging_mixin.py:188} INFO - [2025-11-28T07:08:09.979+0000] {dag.py:3823} INFO - Setting next_dagrun for example_trigger_controller_dag to 2021-01-01 00:00:00+00:00, run_after=2021-01-01 00:00:00+00:00
[2025-11-28T07:08:10.004+0000] {processor.py:183} INFO - Processing /home/airflow/.local/lib/python3.8/site-packages/airflow/example_dags/example_trigger_controller_dag.py took 0.098 seconds
[2025-11-28T07:08:40.121+0000] {processor.py:161} INFO - Started process (PID=1838) to work on /home/airflow/.local/lib/python3.8/site-packages/airflow/example_dags/example_trigger_controller_dag.py
[2025-11-28T07:08:40.124+0000] {processor.py:830} INFO - Processing file /home/airflow/.local/lib/python3.8/site-packages/airflow/example_dags/example_trigger_controller_dag.py for tasks to queue
[2025-11-28T07:08:40.127+0000] {logging_mixin.py:188} INFO - [2025-11-28T07:08:40.127+0000] {dagbag.py:538} INFO - Filling up the DagBag from /home/airflow/.local/lib/python3.8/site-packages/airflow/example_dags/example_trigger_controller_dag.py
[2025-11-28T07:08:40.135+0000] {processor.py:840} INFO - DAG(s) 'example_trigger_controller_dag' retrieved from /home/airflow/.local/lib/python3.8/site-packages/airflow/example_dags/example_trigger_controller_dag.py
[2025-11-28T07:08:40.161+0000] {logging_mixin.py:188} INFO - [2025-11-28T07:08:40.161+0000] {dag.py:3036} INFO - Sync 1 DAGs
[2025-11-28T07:08:40.182+0000] {logging_mixin.py:188} INFO - [2025-11-28T07:08:40.182+0000] {dag.py:3823} INFO - Setting next_dagrun for example_trigger_controller_dag to 2021-01-01 00:00:00+00:00, run_after=2021-01-01 00:00:00+00:00
[2025-11-28T07:08:40.204+0000] {processor.py:183} INFO - Processing /home/airflow/.local/lib/python3.8/site-packages/airflow/example_dags/example_trigger_controller_dag.py took 0.086 seconds
[2025-11-28T07:09:10.272+0000] {processor.py:161} INFO - Started process (PID=1893) to work on /home/airflow/.local/lib/python3.8/site-packages/airflow/example_dags/example_trigger_controller_dag.py
[2025-11-28T07:09:10.273+0000] {processor.py:830} INFO - Processing file /home/airflow/.local/lib/python3.8/site-packages/airflow/example_dags/example_trigger_controller_dag.py for tasks to queue
[2025-11-28T07:09:10.275+0000] {logging_mixin.py:188} INFO - [2025-11-28T07:09:10.275+0000] {dagbag.py:538} INFO - Filling up the DagBag from /home/airflow/.local/lib/python3.8/site-packages/airflow/example_dags/example_trigger_controller_dag.py
[2025-11-28T07:09:10.281+0000] {processor.py:840} INFO - DAG(s) 'example_trigger_controller_dag' retrieved from /home/airflow/.local/lib/python3.8/site-packages/airflow/example_dags/example_trigger_controller_dag.py
[2025-11-28T07:09:10.300+0000] {logging_mixin.py:188} INFO - [2025-11-28T07:09:10.300+0000] {dag.py:3036} INFO - Sync 1 DAGs
[2025-11-28T07:09:10.316+0000] {logging_mixin.py:188} INFO - [2025-11-28T07:09:10.315+0000] {dag.py:3823} INFO - Setting next_dagrun for example_trigger_controller_dag to 2021-01-01 00:00:00+00:00, run_after=2021-01-01 00:00:00+00:00
[2025-11-28T07:09:10.335+0000] {processor.py:183} INFO - Processing /home/airflow/.local/lib/python3.8/site-packages/airflow/example_dags/example_trigger_controller_dag.py took 0.067 seconds
[2025-11-28T07:09:40.484+0000] {processor.py:161} INFO - Started process (PID=1948) to work on /home/airflow/.local/lib/python3.8/site-packages/airflow/example_dags/example_trigger_controller_dag.py
[2025-11-28T07:09:40.485+0000] {processor.py:830} INFO - Processing file /home/airflow/.local/lib/python3.8/site-packages/airflow/example_dags/example_trigger_controller_dag.py for tasks to queue
[2025-11-28T07:09:40.487+0000] {logging_mixin.py:188} INFO - [2025-11-28T07:09:40.487+0000] {dagbag.py:538} INFO - Filling up the DagBag from /home/airflow/.local/lib/python3.8/site-packages/airflow/example_dags/example_trigger_controller_dag.py
[2025-11-28T07:09:40.494+0000] {processor.py:840} INFO - DAG(s) 'example_trigger_controller_dag' retrieved from /home/airflow/.local/lib/python3.8/site-packages/airflow/example_dags/example_trigger_controller_dag.py
[2025-11-28T07:09:40.516+0000] {logging_mixin.py:188} INFO - [2025-11-28T07:09:40.516+0000] {dag.py:3036} INFO - Sync 1 DAGs
[2025-11-28T07:09:40.534+0000] {logging_mixin.py:188} INFO - [2025-11-28T07:09:40.533+0000] {dag.py:3823} INFO - Setting next_dagrun for example_trigger_controller_dag to 2021-01-01 00:00:00+00:00, run_after=2021-01-01 00:00:00+00:00
[2025-11-28T07:09:40.554+0000] {processor.py:183} INFO - Processing /home/airflow/.local/lib/python3.8/site-packages/airflow/example_dags/example_trigger_controller_dag.py took 0.073 seconds
[2025-11-28T07:10:11.066+0000] {processor.py:161} INFO - Started process (PID=2003) to work on /home/airflow/.local/lib/python3.8/site-packages/airflow/example_dags/example_trigger_controller_dag.py
[2025-11-28T07:10:11.070+0000] {processor.py:830} INFO - Processing file /home/airflow/.local/lib/python3.8/site-packages/airflow/example_dags/example_trigger_controller_dag.py for tasks to queue
[2025-11-28T07:10:11.072+0000] {logging_mixin.py:188} INFO - [2025-11-28T07:10:11.072+0000] {dagbag.py:538} INFO - Filling up the DagBag from /home/airflow/.local/lib/python3.8/site-packages/airflow/example_dags/example_trigger_controller_dag.py
[2025-11-28T07:10:11.079+0000] {processor.py:840} INFO - DAG(s) 'example_trigger_controller_dag' retrieved from /home/airflow/.local/lib/python3.8/site-packages/airflow/example_dags/example_trigger_controller_dag.py
[2025-11-28T07:10:11.104+0000] {logging_mixin.py:188} INFO - [2025-11-28T07:10:11.103+0000] {dag.py:3036} INFO - Sync 1 DAGs
[2025-11-28T07:10:11.126+0000] {logging_mixin.py:188} INFO - [2025-11-28T07:10:11.125+0000] {dag.py:3823} INFO - Setting next_dagrun for example_trigger_controller_dag to 2021-01-01 00:00:00+00:00, run_after=2021-01-01 00:00:00+00:00
[2025-11-28T07:10:11.154+0000] {processor.py:183} INFO - Processing /home/airflow/.local/lib/python3.8/site-packages/airflow/example_dags/example_trigger_controller_dag.py took 0.093 seconds
[2025-11-28T07:10:41.274+0000] {processor.py:161} INFO - Started process (PID=2058) to work on /home/airflow/.local/lib/python3.8/site-packages/airflow/example_dags/example_trigger_controller_dag.py
[2025-11-28T07:10:41.276+0000] {processor.py:830} INFO - Processing file /home/airflow/.local/lib/python3.8/site-packages/airflow/example_dags/example_trigger_controller_dag.py for tasks to queue
[2025-11-28T07:10:41.278+0000] {logging_mixin.py:188} INFO - [2025-11-28T07:10:41.277+0000] {dagbag.py:538} INFO - Filling up the DagBag from /home/airflow/.local/lib/python3.8/site-packages/airflow/example_dags/example_trigger_controller_dag.py
[2025-11-28T07:10:41.282+0000] {processor.py:840} INFO - DAG(s) 'example_trigger_controller_dag' retrieved from /home/airflow/.local/lib/python3.8/site-packages/airflow/example_dags/example_trigger_controller_dag.py
[2025-11-28T07:10:41.303+0000] {logging_mixin.py:188} INFO - [2025-11-28T07:10:41.303+0000] {dag.py:3036} INFO - Sync 1 DAGs
[2025-11-28T07:10:41.323+0000] {logging_mixin.py:188} INFO - [2025-11-28T07:10:41.323+0000] {dag.py:3823} INFO - Setting next_dagrun for example_trigger_controller_dag to 2021-01-01 00:00:00+00:00, run_after=2021-01-01 00:00:00+00:00
[2025-11-28T07:10:41.350+0000] {processor.py:183} INFO - Processing /home/airflow/.local/lib/python3.8/site-packages/airflow/example_dags/example_trigger_controller_dag.py took 0.078 seconds
[2025-11-28T07:11:11.641+0000] {processor.py:161} INFO - Started process (PID=2113) to work on /home/airflow/.local/lib/python3.8/site-packages/airflow/example_dags/example_trigger_controller_dag.py
[2025-11-28T07:11:11.643+0000] {processor.py:830} INFO - Processing file /home/airflow/.local/lib/python3.8/site-packages/airflow/example_dags/example_trigger_controller_dag.py for tasks to queue
[2025-11-28T07:11:11.645+0000] {logging_mixin.py:188} INFO - [2025-11-28T07:11:11.644+0000] {dagbag.py:538} INFO - Filling up the DagBag from /home/airflow/.local/lib/python3.8/site-packages/airflow/example_dags/example_trigger_controller_dag.py
[2025-11-28T07:11:11.649+0000] {processor.py:840} INFO - DAG(s) 'example_trigger_controller_dag' retrieved from /home/airflow/.local/lib/python3.8/site-packages/airflow/example_dags/example_trigger_controller_dag.py
[2025-11-28T07:11:11.667+0000] {logging_mixin.py:188} INFO - [2025-11-28T07:11:11.667+0000] {dag.py:3036} INFO - Sync 1 DAGs
[2025-11-28T07:11:11.686+0000] {logging_mixin.py:188} INFO - [2025-11-28T07:11:11.686+0000] {dag.py:3823} INFO - Setting next_dagrun for example_trigger_controller_dag to 2021-01-01 00:00:00+00:00, run_after=2021-01-01 00:00:00+00:00
[2025-11-28T07:11:11.706+0000] {processor.py:183} INFO - Processing /home/airflow/.local/lib/python3.8/site-packages/airflow/example_dags/example_trigger_controller_dag.py took 0.068 seconds
[2025-11-28T07:11:41.975+0000] {processor.py:161} INFO - Started process (PID=2168) to work on /home/airflow/.local/lib/python3.8/site-packages/airflow/example_dags/example_trigger_controller_dag.py
[2025-11-28T07:11:41.976+0000] {processor.py:830} INFO - Processing file /home/airflow/.local/lib/python3.8/site-packages/airflow/example_dags/example_trigger_controller_dag.py for tasks to queue
[2025-11-28T07:11:41.978+0000] {logging_mixin.py:188} INFO - [2025-11-28T07:11:41.978+0000] {dagbag.py:538} INFO - Filling up the DagBag from /home/airflow/.local/lib/python3.8/site-packages/airflow/example_dags/example_trigger_controller_dag.py
[2025-11-28T07:11:41.983+0000] {processor.py:840} INFO - DAG(s) 'example_trigger_controller_dag' retrieved from /home/airflow/.local/lib/python3.8/site-packages/airflow/example_dags/example_trigger_controller_dag.py
[2025-11-28T07:11:42.002+0000] {logging_mixin.py:188} INFO - [2025-11-28T07:11:42.002+0000] {dag.py:3036} INFO - Sync 1 DAGs
[2025-11-28T07:11:42.021+0000] {logging_mixin.py:188} INFO - [2025-11-28T07:11:42.021+0000] {dag.py:3823} INFO - Setting next_dagrun for example_trigger_controller_dag to 2021-01-01 00:00:00+00:00, run_after=2021-01-01 00:00:00+00:00
[2025-11-28T07:11:42.038+0000] {processor.py:183} INFO - Processing /home/airflow/.local/lib/python3.8/site-packages/airflow/example_dags/example_trigger_controller_dag.py took 0.067 seconds
[2025-11-28T07:12:12.336+0000] {processor.py:161} INFO - Started process (PID=2223) to work on /home/airflow/.local/lib/python3.8/site-packages/airflow/example_dags/example_trigger_controller_dag.py
[2025-11-28T07:12:12.338+0000] {processor.py:830} INFO - Processing file /home/airflow/.local/lib/python3.8/site-packages/airflow/example_dags/example_trigger_controller_dag.py for tasks to queue
[2025-11-28T07:12:12.340+0000] {logging_mixin.py:188} INFO - [2025-11-28T07:12:12.340+0000] {dagbag.py:538} INFO - Filling up the DagBag from /home/airflow/.local/lib/python3.8/site-packages/airflow/example_dags/example_trigger_controller_dag.py
[2025-11-28T07:12:12.346+0000] {processor.py:840} INFO - DAG(s) 'example_trigger_controller_dag' retrieved from /home/airflow/.local/lib/python3.8/site-packages/airflow/example_dags/example_trigger_controller_dag.py
[2025-11-28T07:12:12.366+0000] {logging_mixin.py:188} INFO - [2025-11-28T07:12:12.366+0000] {dag.py:3036} INFO - Sync 1 DAGs
[2025-11-28T07:12:12.386+0000] {logging_mixin.py:188} INFO - [2025-11-28T07:12:12.386+0000] {dag.py:3823} INFO - Setting next_dagrun for example_trigger_controller_dag to 2021-01-01 00:00:00+00:00, run_after=2021-01-01 00:00:00+00:00
[2025-11-28T07:12:12.403+0000] {processor.py:183} INFO - Processing /home/airflow/.local/lib/python3.8/site-packages/airflow/example_dags/example_trigger_controller_dag.py took 0.070 seconds
[2025-11-28T07:12:42.732+0000] {processor.py:161} INFO - Started process (PID=2278) to work on /home/airflow/.local/lib/python3.8/site-packages/airflow/example_dags/example_trigger_controller_dag.py
[2025-11-28T07:12:42.734+0000] {processor.py:830} INFO - Processing file /home/airflow/.local/lib/python3.8/site-packages/airflow/example_dags/example_trigger_controller_dag.py for tasks to queue
[2025-11-28T07:12:42.736+0000] {logging_mixin.py:188} INFO - [2025-11-28T07:12:42.736+0000] {dagbag.py:538} INFO - Filling up the DagBag from /home/airflow/.local/lib/python3.8/site-packages/airflow/example_dags/example_trigger_controller_dag.py
[2025-11-28T07:12:42.740+0000] {processor.py:840} INFO - DAG(s) 'example_trigger_controller_dag' retrieved from /home/airflow/.local/lib/python3.8/site-packages/airflow/example_dags/example_trigger_controller_dag.py
[2025-11-28T07:12:42.762+0000] {logging_mixin.py:188} INFO - [2025-11-28T07:12:42.761+0000] {dag.py:3036} INFO - Sync 1 DAGs
[2025-11-28T07:12:42.781+0000] {logging_mixin.py:188} INFO - [2025-11-28T07:12:42.781+0000] {dag.py:3823} INFO - Setting next_dagrun for example_trigger_controller_dag to 2021-01-01 00:00:00+00:00, run_after=2021-01-01 00:00:00+00:00
[2025-11-28T07:12:42.800+0000] {processor.py:183} INFO - Processing /home/airflow/.local/lib/python3.8/site-packages/airflow/example_dags/example_trigger_controller_dag.py took 0.071 seconds
[2025-11-28T07:13:12.970+0000] {processor.py:161} INFO - Started process (PID=2333) to work on /home/airflow/.local/lib/python3.8/site-packages/airflow/example_dags/example_trigger_controller_dag.py
[2025-11-28T07:13:12.971+0000] {processor.py:830} INFO - Processing file /home/airflow/.local/lib/python3.8/site-packages/airflow/example_dags/example_trigger_controller_dag.py for tasks to queue
[2025-11-28T07:13:12.974+0000] {logging_mixin.py:188} INFO - [2025-11-28T07:13:12.973+0000] {dagbag.py:538} INFO - Filling up the DagBag from /home/airflow/.local/lib/python3.8/site-packages/airflow/example_dags/example_trigger_controller_dag.py
[2025-11-28T07:13:12.978+0000] {processor.py:840} INFO - DAG(s) 'example_trigger_controller_dag' retrieved from /home/airflow/.local/lib/python3.8/site-packages/airflow/example_dags/example_trigger_controller_dag.py
[2025-11-28T07:13:13.012+0000] {logging_mixin.py:188} INFO - [2025-11-28T07:13:13.012+0000] {dag.py:3036} INFO - Sync 1 DAGs
[2025-11-28T07:13:13.030+0000] {logging_mixin.py:188} INFO - [2025-11-28T07:13:13.029+0000] {dag.py:3823} INFO - Setting next_dagrun for example_trigger_controller_dag to 2021-01-01 00:00:00+00:00, run_after=2021-01-01 00:00:00+00:00
[2025-11-28T07:13:13.053+0000] {processor.py:183} INFO - Processing /home/airflow/.local/lib/python3.8/site-packages/airflow/example_dags/example_trigger_controller_dag.py took 0.086 seconds
[2025-11-28T07:13:43.633+0000] {processor.py:161} INFO - Started process (PID=2388) to work on /home/airflow/.local/lib/python3.8/site-packages/airflow/example_dags/example_trigger_controller_dag.py
[2025-11-28T07:13:43.635+0000] {processor.py:830} INFO - Processing file /home/airflow/.local/lib/python3.8/site-packages/airflow/example_dags/example_trigger_controller_dag.py for tasks to queue
[2025-11-28T07:13:43.637+0000] {logging_mixin.py:188} INFO - [2025-11-28T07:13:43.637+0000] {dagbag.py:538} INFO - Filling up the DagBag from /home/airflow/.local/lib/python3.8/site-packages/airflow/example_dags/example_trigger_controller_dag.py
[2025-11-28T07:13:43.643+0000] {processor.py:840} INFO - DAG(s) 'example_trigger_controller_dag' retrieved from /home/airflow/.local/lib/python3.8/site-packages/airflow/example_dags/example_trigger_controller_dag.py
[2025-11-28T07:13:43.665+0000] {logging_mixin.py:188} INFO - [2025-11-28T07:13:43.664+0000] {dag.py:3036} INFO - Sync 1 DAGs
[2025-11-28T07:13:43.681+0000] {logging_mixin.py:188} INFO - [2025-11-28T07:13:43.681+0000] {dag.py:3823} INFO - Setting next_dagrun for example_trigger_controller_dag to 2021-01-01 00:00:00+00:00, run_after=2021-01-01 00:00:00+00:00
[2025-11-28T07:13:43.703+0000] {processor.py:183} INFO - Processing /home/airflow/.local/lib/python3.8/site-packages/airflow/example_dags/example_trigger_controller_dag.py took 0.074 seconds
[2025-11-28T07:14:14.063+0000] {processor.py:161} INFO - Started process (PID=2444) to work on /home/airflow/.local/lib/python3.8/site-packages/airflow/example_dags/example_trigger_controller_dag.py
[2025-11-28T07:14:14.064+0000] {processor.py:830} INFO - Processing file /home/airflow/.local/lib/python3.8/site-packages/airflow/example_dags/example_trigger_controller_dag.py for tasks to queue
[2025-11-28T07:14:14.070+0000] {logging_mixin.py:188} INFO - [2025-11-28T07:14:14.070+0000] {dagbag.py:538} INFO - Filling up the DagBag from /home/airflow/.local/lib/python3.8/site-packages/airflow/example_dags/example_trigger_controller_dag.py
[2025-11-28T07:14:14.075+0000] {processor.py:840} INFO - DAG(s) 'example_trigger_controller_dag' retrieved from /home/airflow/.local/lib/python3.8/site-packages/airflow/example_dags/example_trigger_controller_dag.py
[2025-11-28T07:14:14.092+0000] {logging_mixin.py:188} INFO - [2025-11-28T07:14:14.092+0000] {dag.py:3036} INFO - Sync 1 DAGs
[2025-11-28T07:14:14.109+0000] {logging_mixin.py:188} INFO - [2025-11-28T07:14:14.109+0000] {dag.py:3823} INFO - Setting next_dagrun for example_trigger_controller_dag to 2021-01-01 00:00:00+00:00, run_after=2021-01-01 00:00:00+00:00
[2025-11-28T07:14:14.122+0000] {processor.py:183} INFO - Processing /home/airflow/.local/lib/python3.8/site-packages/airflow/example_dags/example_trigger_controller_dag.py took 0.064 seconds
[2025-11-28T07:14:44.331+0000] {processor.py:161} INFO - Started process (PID=2499) to work on /home/airflow/.local/lib/python3.8/site-packages/airflow/example_dags/example_trigger_controller_dag.py
[2025-11-28T07:14:44.332+0000] {processor.py:830} INFO - Processing file /home/airflow/.local/lib/python3.8/site-packages/airflow/example_dags/example_trigger_controller_dag.py for tasks to queue
[2025-11-28T07:14:44.335+0000] {logging_mixin.py:188} INFO - [2025-11-28T07:14:44.335+0000] {dagbag.py:538} INFO - Filling up the DagBag from /home/airflow/.local/lib/python3.8/site-packages/airflow/example_dags/example_trigger_controller_dag.py
[2025-11-28T07:14:44.340+0000] {processor.py:840} INFO - DAG(s) 'example_trigger_controller_dag' retrieved from /home/airflow/.local/lib/python3.8/site-packages/airflow/example_dags/example_trigger_controller_dag.py
[2025-11-28T07:14:44.369+0000] {logging_mixin.py:188} INFO - [2025-11-28T07:14:44.369+0000] {dag.py:3036} INFO - Sync 1 DAGs
[2025-11-28T07:14:44.389+0000] {logging_mixin.py:188} INFO - [2025-11-28T07:14:44.389+0000] {dag.py:3823} INFO - Setting next_dagrun for example_trigger_controller_dag to 2021-01-01 00:00:00+00:00, run_after=2021-01-01 00:00:00+00:00
[2025-11-28T07:14:44.406+0000] {processor.py:183} INFO - Processing /home/airflow/.local/lib/python3.8/site-packages/airflow/example_dags/example_trigger_controller_dag.py took 0.079 seconds
[2025-11-28T07:15:15.187+0000] {processor.py:161} INFO - Started process (PID=2554) to work on /home/airflow/.local/lib/python3.8/site-packages/airflow/example_dags/example_trigger_controller_dag.py
[2025-11-28T07:15:15.188+0000] {processor.py:830} INFO - Processing file /home/airflow/.local/lib/python3.8/site-packages/airflow/example_dags/example_trigger_controller_dag.py for tasks to queue
[2025-11-28T07:15:15.190+0000] {logging_mixin.py:188} INFO - [2025-11-28T07:15:15.190+0000] {dagbag.py:538} INFO - Filling up the DagBag from /home/airflow/.local/lib/python3.8/site-packages/airflow/example_dags/example_trigger_controller_dag.py
[2025-11-28T07:15:15.195+0000] {processor.py:840} INFO - DAG(s) 'example_trigger_controller_dag' retrieved from /home/airflow/.local/lib/python3.8/site-packages/airflow/example_dags/example_trigger_controller_dag.py
[2025-11-28T07:15:15.212+0000] {logging_mixin.py:188} INFO - [2025-11-28T07:15:15.212+0000] {dag.py:3036} INFO - Sync 1 DAGs
[2025-11-28T07:15:15.348+0000] {logging_mixin.py:188} INFO - [2025-11-28T07:15:15.348+0000] {dag.py:3823} INFO - Setting next_dagrun for example_trigger_controller_dag to 2021-01-01 00:00:00+00:00, run_after=2021-01-01 00:00:00+00:00
[2025-11-28T07:15:15.366+0000] {processor.py:183} INFO - Processing /home/airflow/.local/lib/python3.8/site-packages/airflow/example_dags/example_trigger_controller_dag.py took 0.182 seconds
[2025-11-28T07:15:46.017+0000] {processor.py:161} INFO - Started process (PID=2607) to work on /home/airflow/.local/lib/python3.8/site-packages/airflow/example_dags/example_trigger_controller_dag.py
[2025-11-28T07:15:46.018+0000] {processor.py:830} INFO - Processing file /home/airflow/.local/lib/python3.8/site-packages/airflow/example_dags/example_trigger_controller_dag.py for tasks to queue
[2025-11-28T07:15:46.024+0000] {logging_mixin.py:188} INFO - [2025-11-28T07:15:46.024+0000] {dagbag.py:538} INFO - Filling up the DagBag from /home/airflow/.local/lib/python3.8/site-packages/airflow/example_dags/example_trigger_controller_dag.py
[2025-11-28T07:15:46.028+0000] {processor.py:840} INFO - DAG(s) 'example_trigger_controller_dag' retrieved from /home/airflow/.local/lib/python3.8/site-packages/airflow/example_dags/example_trigger_controller_dag.py
[2025-11-28T07:15:46.048+0000] {logging_mixin.py:188} INFO - [2025-11-28T07:15:46.048+0000] {dag.py:3036} INFO - Sync 1 DAGs
[2025-11-28T07:15:46.068+0000] {logging_mixin.py:188} INFO - [2025-11-28T07:15:46.067+0000] {dag.py:3823} INFO - Setting next_dagrun for example_trigger_controller_dag to 2021-01-01 00:00:00+00:00, run_after=2021-01-01 00:00:00+00:00
[2025-11-28T07:15:46.094+0000] {processor.py:183} INFO - Processing /home/airflow/.local/lib/python3.8/site-packages/airflow/example_dags/example_trigger_controller_dag.py took 0.081 seconds
[2025-11-28T07:16:16.295+0000] {processor.py:161} INFO - Started process (PID=2662) to work on /home/airflow/.local/lib/python3.8/site-packages/airflow/example_dags/example_trigger_controller_dag.py
[2025-11-28T07:16:16.297+0000] {processor.py:830} INFO - Processing file /home/airflow/.local/lib/python3.8/site-packages/airflow/example_dags/example_trigger_controller_dag.py for tasks to queue
[2025-11-28T07:16:16.299+0000] {logging_mixin.py:188} INFO - [2025-11-28T07:16:16.299+0000] {dagbag.py:538} INFO - Filling up the DagBag from /home/airflow/.local/lib/python3.8/site-packages/airflow/example_dags/example_trigger_controller_dag.py
[2025-11-28T07:16:16.304+0000] {processor.py:840} INFO - DAG(s) 'example_trigger_controller_dag' retrieved from /home/airflow/.local/lib/python3.8/site-packages/airflow/example_dags/example_trigger_controller_dag.py
[2025-11-28T07:16:16.325+0000] {logging_mixin.py:188} INFO - [2025-11-28T07:16:16.325+0000] {dag.py:3036} INFO - Sync 1 DAGs
[2025-11-28T07:16:16.340+0000] {logging_mixin.py:188} INFO - [2025-11-28T07:16:16.340+0000] {dag.py:3823} INFO - Setting next_dagrun for example_trigger_controller_dag to 2021-01-01 00:00:00+00:00, run_after=2021-01-01 00:00:00+00:00
[2025-11-28T07:16:16.355+0000] {processor.py:183} INFO - Processing /home/airflow/.local/lib/python3.8/site-packages/airflow/example_dags/example_trigger_controller_dag.py took 0.064 seconds
[2025-11-28T07:16:46.961+0000] {processor.py:161} INFO - Started process (PID=2717) to work on /home/airflow/.local/lib/python3.8/site-packages/airflow/example_dags/example_trigger_controller_dag.py
[2025-11-28T07:16:46.962+0000] {processor.py:830} INFO - Processing file /home/airflow/.local/lib/python3.8/site-packages/airflow/example_dags/example_trigger_controller_dag.py for tasks to queue
[2025-11-28T07:16:46.967+0000] {logging_mixin.py:188} INFO - [2025-11-28T07:16:46.967+0000] {dagbag.py:538} INFO - Filling up the DagBag from /home/airflow/.local/lib/python3.8/site-packages/airflow/example_dags/example_trigger_controller_dag.py
[2025-11-28T07:16:46.973+0000] {processor.py:840} INFO - DAG(s) 'example_trigger_controller_dag' retrieved from /home/airflow/.local/lib/python3.8/site-packages/airflow/example_dags/example_trigger_controller_dag.py
[2025-11-28T07:16:46.992+0000] {logging_mixin.py:188} INFO - [2025-11-28T07:16:46.992+0000] {dag.py:3036} INFO - Sync 1 DAGs
[2025-11-28T07:16:47.011+0000] {logging_mixin.py:188} INFO - [2025-11-28T07:16:47.011+0000] {dag.py:3823} INFO - Setting next_dagrun for example_trigger_controller_dag to 2021-01-01 00:00:00+00:00, run_after=2021-01-01 00:00:00+00:00
[2025-11-28T07:16:47.030+0000] {processor.py:183} INFO - Processing /home/airflow/.local/lib/python3.8/site-packages/airflow/example_dags/example_trigger_controller_dag.py took 0.072 seconds
[2025-11-28T07:17:17.763+0000] {processor.py:161} INFO - Started process (PID=2772) to work on /home/airflow/.local/lib/python3.8/site-packages/airflow/example_dags/example_trigger_controller_dag.py
[2025-11-28T07:17:17.765+0000] {processor.py:830} INFO - Processing file /home/airflow/.local/lib/python3.8/site-packages/airflow/example_dags/example_trigger_controller_dag.py for tasks to queue
[2025-11-28T07:17:17.768+0000] {logging_mixin.py:188} INFO - [2025-11-28T07:17:17.768+0000] {dagbag.py:538} INFO - Filling up the DagBag from /home/airflow/.local/lib/python3.8/site-packages/airflow/example_dags/example_trigger_controller_dag.py
[2025-11-28T07:17:17.773+0000] {processor.py:840} INFO - DAG(s) 'example_trigger_controller_dag' retrieved from /home/airflow/.local/lib/python3.8/site-packages/airflow/example_dags/example_trigger_controller_dag.py
[2025-11-28T07:17:17.794+0000] {logging_mixin.py:188} INFO - [2025-11-28T07:17:17.794+0000] {dag.py:3036} INFO - Sync 1 DAGs
[2025-11-28T07:17:17.815+0000] {logging_mixin.py:188} INFO - [2025-11-28T07:17:17.815+0000] {dag.py:3823} INFO - Setting next_dagrun for example_trigger_controller_dag to 2021-01-01 00:00:00+00:00, run_after=2021-01-01 00:00:00+00:00
[2025-11-28T07:17:17.837+0000] {processor.py:183} INFO - Processing /home/airflow/.local/lib/python3.8/site-packages/airflow/example_dags/example_trigger_controller_dag.py took 0.078 seconds
[2025-11-28T07:17:48.213+0000] {processor.py:161} INFO - Started process (PID=2827) to work on /home/airflow/.local/lib/python3.8/site-packages/airflow/example_dags/example_trigger_controller_dag.py
[2025-11-28T07:17:48.214+0000] {processor.py:830} INFO - Processing file /home/airflow/.local/lib/python3.8/site-packages/airflow/example_dags/example_trigger_controller_dag.py for tasks to queue
[2025-11-28T07:17:48.218+0000] {logging_mixin.py:188} INFO - [2025-11-28T07:17:48.218+0000] {dagbag.py:538} INFO - Filling up the DagBag from /home/airflow/.local/lib/python3.8/site-packages/airflow/example_dags/example_trigger_controller_dag.py
[2025-11-28T07:17:48.224+0000] {processor.py:840} INFO - DAG(s) 'example_trigger_controller_dag' retrieved from /home/airflow/.local/lib/python3.8/site-packages/airflow/example_dags/example_trigger_controller_dag.py
[2025-11-28T07:17:48.246+0000] {logging_mixin.py:188} INFO - [2025-11-28T07:17:48.246+0000] {dag.py:3036} INFO - Sync 1 DAGs
[2025-11-28T07:17:48.264+0000] {logging_mixin.py:188} INFO - [2025-11-28T07:17:48.264+0000] {dag.py:3823} INFO - Setting next_dagrun for example_trigger_controller_dag to 2021-01-01 00:00:00+00:00, run_after=2021-01-01 00:00:00+00:00
[2025-11-28T07:17:48.279+0000] {processor.py:183} INFO - Processing /home/airflow/.local/lib/python3.8/site-packages/airflow/example_dags/example_trigger_controller_dag.py took 0.069 seconds
[2025-11-28T07:18:18.811+0000] {processor.py:161} INFO - Started process (PID=2882) to work on /home/airflow/.local/lib/python3.8/site-packages/airflow/example_dags/example_trigger_controller_dag.py
[2025-11-28T07:18:18.813+0000] {processor.py:830} INFO - Processing file /home/airflow/.local/lib/python3.8/site-packages/airflow/example_dags/example_trigger_controller_dag.py for tasks to queue
[2025-11-28T07:18:18.816+0000] {logging_mixin.py:188} INFO - [2025-11-28T07:18:18.815+0000] {dagbag.py:538} INFO - Filling up the DagBag from /home/airflow/.local/lib/python3.8/site-packages/airflow/example_dags/example_trigger_controller_dag.py
[2025-11-28T07:18:18.821+0000] {processor.py:840} INFO - DAG(s) 'example_trigger_controller_dag' retrieved from /home/airflow/.local/lib/python3.8/site-packages/airflow/example_dags/example_trigger_controller_dag.py
[2025-11-28T07:18:18.844+0000] {logging_mixin.py:188} INFO - [2025-11-28T07:18:18.844+0000] {dag.py:3036} INFO - Sync 1 DAGs
[2025-11-28T07:18:18.864+0000] {logging_mixin.py:188} INFO - [2025-11-28T07:18:18.864+0000] {dag.py:3823} INFO - Setting next_dagrun for example_trigger_controller_dag to 2021-01-01 00:00:00+00:00, run_after=2021-01-01 00:00:00+00:00
[2025-11-28T07:18:18.882+0000] {processor.py:183} INFO - Processing /home/airflow/.local/lib/python3.8/site-packages/airflow/example_dags/example_trigger_controller_dag.py took 0.075 seconds
[2025-11-28T07:18:49.703+0000] {processor.py:161} INFO - Started process (PID=2937) to work on /home/airflow/.local/lib/python3.8/site-packages/airflow/example_dags/example_trigger_controller_dag.py
[2025-11-28T07:18:49.704+0000] {processor.py:830} INFO - Processing file /home/airflow/.local/lib/python3.8/site-packages/airflow/example_dags/example_trigger_controller_dag.py for tasks to queue
[2025-11-28T07:18:49.708+0000] {logging_mixin.py:188} INFO - [2025-11-28T07:18:49.708+0000] {dagbag.py:538} INFO - Filling up the DagBag from /home/airflow/.local/lib/python3.8/site-packages/airflow/example_dags/example_trigger_controller_dag.py
[2025-11-28T07:18:49.713+0000] {processor.py:840} INFO - DAG(s) 'example_trigger_controller_dag' retrieved from /home/airflow/.local/lib/python3.8/site-packages/airflow/example_dags/example_trigger_controller_dag.py
[2025-11-28T07:18:49.731+0000] {logging_mixin.py:188} INFO - [2025-11-28T07:18:49.730+0000] {dag.py:3036} INFO - Sync 1 DAGs
[2025-11-28T07:18:49.761+0000] {logging_mixin.py:188} INFO - [2025-11-28T07:18:49.761+0000] {dag.py:3823} INFO - Setting next_dagrun for example_trigger_controller_dag to 2021-01-01 00:00:00+00:00, run_after=2021-01-01 00:00:00+00:00
[2025-11-28T07:18:49.777+0000] {processor.py:183} INFO - Processing /home/airflow/.local/lib/python3.8/site-packages/airflow/example_dags/example_trigger_controller_dag.py took 0.078 seconds
[2025-11-28T07:19:20.349+0000] {processor.py:161} INFO - Started process (PID=2991) to work on /home/airflow/.local/lib/python3.8/site-packages/airflow/example_dags/example_trigger_controller_dag.py
[2025-11-28T07:19:20.351+0000] {processor.py:830} INFO - Processing file /home/airflow/.local/lib/python3.8/site-packages/airflow/example_dags/example_trigger_controller_dag.py for tasks to queue
[2025-11-28T07:19:20.353+0000] {logging_mixin.py:188} INFO - [2025-11-28T07:19:20.352+0000] {dagbag.py:538} INFO - Filling up the DagBag from /home/airflow/.local/lib/python3.8/site-packages/airflow/example_dags/example_trigger_controller_dag.py
[2025-11-28T07:19:20.358+0000] {processor.py:840} INFO - DAG(s) 'example_trigger_controller_dag' retrieved from /home/airflow/.local/lib/python3.8/site-packages/airflow/example_dags/example_trigger_controller_dag.py
[2025-11-28T07:19:20.379+0000] {logging_mixin.py:188} INFO - [2025-11-28T07:19:20.379+0000] {dag.py:3036} INFO - Sync 1 DAGs
[2025-11-28T07:19:20.399+0000] {logging_mixin.py:188} INFO - [2025-11-28T07:19:20.399+0000] {dag.py:3823} INFO - Setting next_dagrun for example_trigger_controller_dag to 2021-01-01 00:00:00+00:00, run_after=2021-01-01 00:00:00+00:00
[2025-11-28T07:19:20.421+0000] {processor.py:183} INFO - Processing /home/airflow/.local/lib/python3.8/site-packages/airflow/example_dags/example_trigger_controller_dag.py took 0.075 seconds
