[2025-11-28T06:52:27.996+0000] {processor.py:161} INFO - Started process (PID=103) to work on /home/airflow/.local/lib/python3.8/site-packages/airflow/example_dags/tutorial_dag.py
[2025-11-28T06:52:27.998+0000] {processor.py:830} INFO - Processing file /home/airflow/.local/lib/python3.8/site-packages/airflow/example_dags/tutorial_dag.py for tasks to queue
[2025-11-28T06:52:28.002+0000] {logging_mixin.py:188} INFO - [2025-11-28T06:52:28.001+0000] {dagbag.py:538} INFO - Filling up the DagBag from /home/airflow/.local/lib/python3.8/site-packages/airflow/example_dags/tutorial_dag.py
[2025-11-28T06:52:28.013+0000] {processor.py:840} INFO - DAG(s) 'tutorial_dag' retrieved from /home/airflow/.local/lib/python3.8/site-packages/airflow/example_dags/tutorial_dag.py
[2025-11-28T06:52:28.130+0000] {logging_mixin.py:188} INFO - [2025-11-28T06:52:28.129+0000] {override.py:1769} INFO - Created Permission View: can edit on DAG:tutorial_dag
[2025-11-28T06:52:28.143+0000] {logging_mixin.py:188} INFO - [2025-11-28T06:52:28.142+0000] {override.py:1769} INFO - Created Permission View: can delete on DAG:tutorial_dag
[2025-11-28T06:52:28.154+0000] {logging_mixin.py:188} INFO - [2025-11-28T06:52:28.154+0000] {override.py:1769} INFO - Created Permission View: can read on DAG:tutorial_dag
[2025-11-28T06:52:28.156+0000] {logging_mixin.py:188} INFO - [2025-11-28T06:52:28.155+0000] {dag.py:3036} INFO - Sync 1 DAGs
[2025-11-28T06:52:28.168+0000] {logging_mixin.py:188} INFO - [2025-11-28T06:52:28.167+0000] {dag.py:3058} INFO - Creating ORM DAG for tutorial_dag
[2025-11-28T06:52:28.169+0000] {logging_mixin.py:188} INFO - [2025-11-28T06:52:28.169+0000] {dag.py:3823} INFO - Setting next_dagrun for tutorial_dag to None, run_after=None
[2025-11-28T06:52:28.188+0000] {processor.py:183} INFO - Processing /home/airflow/.local/lib/python3.8/site-packages/airflow/example_dags/tutorial_dag.py took 0.196 seconds
[2025-11-28T06:52:59.142+0000] {processor.py:161} INFO - Started process (PID=158) to work on /home/airflow/.local/lib/python3.8/site-packages/airflow/example_dags/tutorial_dag.py
[2025-11-28T06:52:59.144+0000] {processor.py:830} INFO - Processing file /home/airflow/.local/lib/python3.8/site-packages/airflow/example_dags/tutorial_dag.py for tasks to queue
[2025-11-28T06:52:59.146+0000] {logging_mixin.py:188} INFO - [2025-11-28T06:52:59.146+0000] {dagbag.py:538} INFO - Filling up the DagBag from /home/airflow/.local/lib/python3.8/site-packages/airflow/example_dags/tutorial_dag.py
[2025-11-28T06:52:59.155+0000] {processor.py:840} INFO - DAG(s) 'tutorial_dag' retrieved from /home/airflow/.local/lib/python3.8/site-packages/airflow/example_dags/tutorial_dag.py
[2025-11-28T06:52:59.186+0000] {logging_mixin.py:188} INFO - [2025-11-28T06:52:59.186+0000] {dag.py:3036} INFO - Sync 1 DAGs
[2025-11-28T06:52:59.199+0000] {logging_mixin.py:188} INFO - [2025-11-28T06:52:59.198+0000] {dag.py:3823} INFO - Setting next_dagrun for tutorial_dag to None, run_after=None
[2025-11-28T06:52:59.223+0000] {processor.py:183} INFO - Processing /home/airflow/.local/lib/python3.8/site-packages/airflow/example_dags/tutorial_dag.py took 0.086 seconds
[2025-11-28T06:53:29.430+0000] {processor.py:161} INFO - Started process (PID=213) to work on /home/airflow/.local/lib/python3.8/site-packages/airflow/example_dags/tutorial_dag.py
[2025-11-28T06:53:29.433+0000] {processor.py:830} INFO - Processing file /home/airflow/.local/lib/python3.8/site-packages/airflow/example_dags/tutorial_dag.py for tasks to queue
[2025-11-28T06:53:29.436+0000] {logging_mixin.py:188} INFO - [2025-11-28T06:53:29.436+0000] {dagbag.py:538} INFO - Filling up the DagBag from /home/airflow/.local/lib/python3.8/site-packages/airflow/example_dags/tutorial_dag.py
[2025-11-28T06:53:29.443+0000] {processor.py:840} INFO - DAG(s) 'tutorial_dag' retrieved from /home/airflow/.local/lib/python3.8/site-packages/airflow/example_dags/tutorial_dag.py
[2025-11-28T06:53:29.462+0000] {logging_mixin.py:188} INFO - [2025-11-28T06:53:29.462+0000] {dag.py:3036} INFO - Sync 1 DAGs
[2025-11-28T06:53:29.473+0000] {logging_mixin.py:188} INFO - [2025-11-28T06:53:29.473+0000] {dag.py:3823} INFO - Setting next_dagrun for tutorial_dag to None, run_after=None
[2025-11-28T06:53:29.491+0000] {processor.py:183} INFO - Processing /home/airflow/.local/lib/python3.8/site-packages/airflow/example_dags/tutorial_dag.py took 0.066 seconds
[2025-11-28T06:53:59.897+0000] {processor.py:161} INFO - Started process (PID=268) to work on /home/airflow/.local/lib/python3.8/site-packages/airflow/example_dags/tutorial_dag.py
[2025-11-28T06:53:59.898+0000] {processor.py:830} INFO - Processing file /home/airflow/.local/lib/python3.8/site-packages/airflow/example_dags/tutorial_dag.py for tasks to queue
[2025-11-28T06:53:59.900+0000] {logging_mixin.py:188} INFO - [2025-11-28T06:53:59.900+0000] {dagbag.py:538} INFO - Filling up the DagBag from /home/airflow/.local/lib/python3.8/site-packages/airflow/example_dags/tutorial_dag.py
[2025-11-28T06:53:59.905+0000] {processor.py:840} INFO - DAG(s) 'tutorial_dag' retrieved from /home/airflow/.local/lib/python3.8/site-packages/airflow/example_dags/tutorial_dag.py
[2025-11-28T06:53:59.926+0000] {logging_mixin.py:188} INFO - [2025-11-28T06:53:59.926+0000] {dag.py:3036} INFO - Sync 1 DAGs
[2025-11-28T06:53:59.935+0000] {logging_mixin.py:188} INFO - [2025-11-28T06:53:59.935+0000] {dag.py:3823} INFO - Setting next_dagrun for tutorial_dag to None, run_after=None
[2025-11-28T06:53:59.956+0000] {processor.py:183} INFO - Processing /home/airflow/.local/lib/python3.8/site-packages/airflow/example_dags/tutorial_dag.py took 0.062 seconds
[2025-11-28T06:54:30.934+0000] {processor.py:161} INFO - Started process (PID=323) to work on /home/airflow/.local/lib/python3.8/site-packages/airflow/example_dags/tutorial_dag.py
[2025-11-28T06:54:30.935+0000] {processor.py:830} INFO - Processing file /home/airflow/.local/lib/python3.8/site-packages/airflow/example_dags/tutorial_dag.py for tasks to queue
[2025-11-28T06:54:30.938+0000] {logging_mixin.py:188} INFO - [2025-11-28T06:54:30.937+0000] {dagbag.py:538} INFO - Filling up the DagBag from /home/airflow/.local/lib/python3.8/site-packages/airflow/example_dags/tutorial_dag.py
[2025-11-28T06:54:30.944+0000] {processor.py:840} INFO - DAG(s) 'tutorial_dag' retrieved from /home/airflow/.local/lib/python3.8/site-packages/airflow/example_dags/tutorial_dag.py
[2025-11-28T06:54:30.966+0000] {logging_mixin.py:188} INFO - [2025-11-28T06:54:30.965+0000] {dag.py:3036} INFO - Sync 1 DAGs
[2025-11-28T06:54:30.978+0000] {logging_mixin.py:188} INFO - [2025-11-28T06:54:30.978+0000] {dag.py:3823} INFO - Setting next_dagrun for tutorial_dag to None, run_after=None
[2025-11-28T06:54:31.002+0000] {processor.py:183} INFO - Processing /home/airflow/.local/lib/python3.8/site-packages/airflow/example_dags/tutorial_dag.py took 0.071 seconds
[2025-11-28T06:55:01.704+0000] {processor.py:161} INFO - Started process (PID=378) to work on /home/airflow/.local/lib/python3.8/site-packages/airflow/example_dags/tutorial_dag.py
[2025-11-28T06:55:01.706+0000] {processor.py:830} INFO - Processing file /home/airflow/.local/lib/python3.8/site-packages/airflow/example_dags/tutorial_dag.py for tasks to queue
[2025-11-28T06:55:01.709+0000] {logging_mixin.py:188} INFO - [2025-11-28T06:55:01.708+0000] {dagbag.py:538} INFO - Filling up the DagBag from /home/airflow/.local/lib/python3.8/site-packages/airflow/example_dags/tutorial_dag.py
[2025-11-28T06:55:01.716+0000] {processor.py:840} INFO - DAG(s) 'tutorial_dag' retrieved from /home/airflow/.local/lib/python3.8/site-packages/airflow/example_dags/tutorial_dag.py
[2025-11-28T06:55:01.726+0000] {logging_mixin.py:188} INFO - [2025-11-28T06:55:01.726+0000] {dag.py:3036} INFO - Sync 1 DAGs
[2025-11-28T06:55:01.738+0000] {logging_mixin.py:188} INFO - [2025-11-28T06:55:01.736+0000] {dag.py:3823} INFO - Setting next_dagrun for tutorial_dag to None, run_after=None
[2025-11-28T06:55:01.756+0000] {processor.py:183} INFO - Processing /home/airflow/.local/lib/python3.8/site-packages/airflow/example_dags/tutorial_dag.py took 0.054 seconds
[2025-11-28T06:55:32.381+0000] {processor.py:161} INFO - Started process (PID=433) to work on /home/airflow/.local/lib/python3.8/site-packages/airflow/example_dags/tutorial_dag.py
[2025-11-28T06:55:32.382+0000] {processor.py:830} INFO - Processing file /home/airflow/.local/lib/python3.8/site-packages/airflow/example_dags/tutorial_dag.py for tasks to queue
[2025-11-28T06:55:32.384+0000] {logging_mixin.py:188} INFO - [2025-11-28T06:55:32.384+0000] {dagbag.py:538} INFO - Filling up the DagBag from /home/airflow/.local/lib/python3.8/site-packages/airflow/example_dags/tutorial_dag.py
[2025-11-28T06:55:32.389+0000] {processor.py:840} INFO - DAG(s) 'tutorial_dag' retrieved from /home/airflow/.local/lib/python3.8/site-packages/airflow/example_dags/tutorial_dag.py
[2025-11-28T06:55:32.470+0000] {logging_mixin.py:188} INFO - [2025-11-28T06:55:32.470+0000] {dag.py:3036} INFO - Sync 1 DAGs
[2025-11-28T06:55:32.479+0000] {logging_mixin.py:188} INFO - [2025-11-28T06:55:32.479+0000] {dag.py:3823} INFO - Setting next_dagrun for tutorial_dag to None, run_after=None
[2025-11-28T06:55:32.501+0000] {processor.py:183} INFO - Processing /home/airflow/.local/lib/python3.8/site-packages/airflow/example_dags/tutorial_dag.py took 0.123 seconds
[2025-11-28T06:56:03.203+0000] {processor.py:161} INFO - Started process (PID=488) to work on /home/airflow/.local/lib/python3.8/site-packages/airflow/example_dags/tutorial_dag.py
[2025-11-28T06:56:03.206+0000] {processor.py:830} INFO - Processing file /home/airflow/.local/lib/python3.8/site-packages/airflow/example_dags/tutorial_dag.py for tasks to queue
[2025-11-28T06:56:03.209+0000] {logging_mixin.py:188} INFO - [2025-11-28T06:56:03.209+0000] {dagbag.py:538} INFO - Filling up the DagBag from /home/airflow/.local/lib/python3.8/site-packages/airflow/example_dags/tutorial_dag.py
[2025-11-28T06:56:03.216+0000] {processor.py:840} INFO - DAG(s) 'tutorial_dag' retrieved from /home/airflow/.local/lib/python3.8/site-packages/airflow/example_dags/tutorial_dag.py
[2025-11-28T06:56:03.233+0000] {logging_mixin.py:188} INFO - [2025-11-28T06:56:03.233+0000] {dag.py:3036} INFO - Sync 1 DAGs
[2025-11-28T06:56:03.243+0000] {logging_mixin.py:188} INFO - [2025-11-28T06:56:03.243+0000] {dag.py:3823} INFO - Setting next_dagrun for tutorial_dag to None, run_after=None
[2025-11-28T06:56:03.262+0000] {processor.py:183} INFO - Processing /home/airflow/.local/lib/python3.8/site-packages/airflow/example_dags/tutorial_dag.py took 0.060 seconds
[2025-11-28T06:56:33.494+0000] {processor.py:161} INFO - Started process (PID=543) to work on /home/airflow/.local/lib/python3.8/site-packages/airflow/example_dags/tutorial_dag.py
[2025-11-28T06:56:33.495+0000] {processor.py:830} INFO - Processing file /home/airflow/.local/lib/python3.8/site-packages/airflow/example_dags/tutorial_dag.py for tasks to queue
[2025-11-28T06:56:33.497+0000] {logging_mixin.py:188} INFO - [2025-11-28T06:56:33.497+0000] {dagbag.py:538} INFO - Filling up the DagBag from /home/airflow/.local/lib/python3.8/site-packages/airflow/example_dags/tutorial_dag.py
[2025-11-28T06:56:33.502+0000] {processor.py:840} INFO - DAG(s) 'tutorial_dag' retrieved from /home/airflow/.local/lib/python3.8/site-packages/airflow/example_dags/tutorial_dag.py
[2025-11-28T06:56:33.517+0000] {logging_mixin.py:188} INFO - [2025-11-28T06:56:33.517+0000] {dag.py:3036} INFO - Sync 1 DAGs
[2025-11-28T06:56:33.525+0000] {logging_mixin.py:188} INFO - [2025-11-28T06:56:33.525+0000] {dag.py:3823} INFO - Setting next_dagrun for tutorial_dag to None, run_after=None
[2025-11-28T06:56:33.543+0000] {processor.py:183} INFO - Processing /home/airflow/.local/lib/python3.8/site-packages/airflow/example_dags/tutorial_dag.py took 0.051 seconds
[2025-11-28T06:57:03.837+0000] {processor.py:161} INFO - Started process (PID=598) to work on /home/airflow/.local/lib/python3.8/site-packages/airflow/example_dags/tutorial_dag.py
[2025-11-28T06:57:03.840+0000] {processor.py:830} INFO - Processing file /home/airflow/.local/lib/python3.8/site-packages/airflow/example_dags/tutorial_dag.py for tasks to queue
[2025-11-28T06:57:03.844+0000] {logging_mixin.py:188} INFO - [2025-11-28T06:57:03.844+0000] {dagbag.py:538} INFO - Filling up the DagBag from /home/airflow/.local/lib/python3.8/site-packages/airflow/example_dags/tutorial_dag.py
[2025-11-28T06:57:03.855+0000] {processor.py:840} INFO - DAG(s) 'tutorial_dag' retrieved from /home/airflow/.local/lib/python3.8/site-packages/airflow/example_dags/tutorial_dag.py
[2025-11-28T06:57:03.900+0000] {logging_mixin.py:188} INFO - [2025-11-28T06:57:03.900+0000] {dag.py:3036} INFO - Sync 1 DAGs
[2025-11-28T06:57:03.921+0000] {logging_mixin.py:188} INFO - [2025-11-28T06:57:03.921+0000] {dag.py:3823} INFO - Setting next_dagrun for tutorial_dag to None, run_after=None
[2025-11-28T06:57:03.948+0000] {processor.py:183} INFO - Processing /home/airflow/.local/lib/python3.8/site-packages/airflow/example_dags/tutorial_dag.py took 0.117 seconds
[2025-11-28T06:57:34.531+0000] {processor.py:161} INFO - Started process (PID=653) to work on /home/airflow/.local/lib/python3.8/site-packages/airflow/example_dags/tutorial_dag.py
[2025-11-28T06:57:34.535+0000] {processor.py:830} INFO - Processing file /home/airflow/.local/lib/python3.8/site-packages/airflow/example_dags/tutorial_dag.py for tasks to queue
[2025-11-28T06:57:34.539+0000] {logging_mixin.py:188} INFO - [2025-11-28T06:57:34.538+0000] {dagbag.py:538} INFO - Filling up the DagBag from /home/airflow/.local/lib/python3.8/site-packages/airflow/example_dags/tutorial_dag.py
[2025-11-28T06:57:34.547+0000] {processor.py:840} INFO - DAG(s) 'tutorial_dag' retrieved from /home/airflow/.local/lib/python3.8/site-packages/airflow/example_dags/tutorial_dag.py
[2025-11-28T06:57:34.571+0000] {logging_mixin.py:188} INFO - [2025-11-28T06:57:34.571+0000] {dag.py:3036} INFO - Sync 1 DAGs
[2025-11-28T06:57:34.584+0000] {logging_mixin.py:188} INFO - [2025-11-28T06:57:34.584+0000] {dag.py:3823} INFO - Setting next_dagrun for tutorial_dag to None, run_after=None
[2025-11-28T06:57:34.602+0000] {processor.py:183} INFO - Processing /home/airflow/.local/lib/python3.8/site-packages/airflow/example_dags/tutorial_dag.py took 0.075 seconds
[2025-11-28T06:58:05.353+0000] {processor.py:161} INFO - Started process (PID=708) to work on /home/airflow/.local/lib/python3.8/site-packages/airflow/example_dags/tutorial_dag.py
[2025-11-28T06:58:05.356+0000] {processor.py:830} INFO - Processing file /home/airflow/.local/lib/python3.8/site-packages/airflow/example_dags/tutorial_dag.py for tasks to queue
[2025-11-28T06:58:05.358+0000] {logging_mixin.py:188} INFO - [2025-11-28T06:58:05.357+0000] {dagbag.py:538} INFO - Filling up the DagBag from /home/airflow/.local/lib/python3.8/site-packages/airflow/example_dags/tutorial_dag.py
[2025-11-28T06:58:05.365+0000] {processor.py:840} INFO - DAG(s) 'tutorial_dag' retrieved from /home/airflow/.local/lib/python3.8/site-packages/airflow/example_dags/tutorial_dag.py
[2025-11-28T06:58:05.386+0000] {logging_mixin.py:188} INFO - [2025-11-28T06:58:05.386+0000] {dag.py:3036} INFO - Sync 1 DAGs
[2025-11-28T06:58:05.396+0000] {logging_mixin.py:188} INFO - [2025-11-28T06:58:05.395+0000] {dag.py:3823} INFO - Setting next_dagrun for tutorial_dag to None, run_after=None
[2025-11-28T06:58:05.417+0000] {processor.py:183} INFO - Processing /home/airflow/.local/lib/python3.8/site-packages/airflow/example_dags/tutorial_dag.py took 0.066 seconds
[2025-11-28T06:58:35.819+0000] {processor.py:161} INFO - Started process (PID=763) to work on /home/airflow/.local/lib/python3.8/site-packages/airflow/example_dags/tutorial_dag.py
[2025-11-28T06:58:35.822+0000] {processor.py:830} INFO - Processing file /home/airflow/.local/lib/python3.8/site-packages/airflow/example_dags/tutorial_dag.py for tasks to queue
[2025-11-28T06:58:35.825+0000] {logging_mixin.py:188} INFO - [2025-11-28T06:58:35.825+0000] {dagbag.py:538} INFO - Filling up the DagBag from /home/airflow/.local/lib/python3.8/site-packages/airflow/example_dags/tutorial_dag.py
[2025-11-28T06:58:35.833+0000] {processor.py:840} INFO - DAG(s) 'tutorial_dag' retrieved from /home/airflow/.local/lib/python3.8/site-packages/airflow/example_dags/tutorial_dag.py
[2025-11-28T06:58:35.857+0000] {logging_mixin.py:188} INFO - [2025-11-28T06:58:35.857+0000] {dag.py:3036} INFO - Sync 1 DAGs
[2025-11-28T06:58:35.867+0000] {logging_mixin.py:188} INFO - [2025-11-28T06:58:35.867+0000] {dag.py:3823} INFO - Setting next_dagrun for tutorial_dag to None, run_after=None
[2025-11-28T06:58:35.886+0000] {processor.py:183} INFO - Processing /home/airflow/.local/lib/python3.8/site-packages/airflow/example_dags/tutorial_dag.py took 0.069 seconds
[2025-11-28T06:59:06.544+0000] {processor.py:161} INFO - Started process (PID=818) to work on /home/airflow/.local/lib/python3.8/site-packages/airflow/example_dags/tutorial_dag.py
[2025-11-28T06:59:06.547+0000] {processor.py:830} INFO - Processing file /home/airflow/.local/lib/python3.8/site-packages/airflow/example_dags/tutorial_dag.py for tasks to queue
[2025-11-28T06:59:06.551+0000] {logging_mixin.py:188} INFO - [2025-11-28T06:59:06.550+0000] {dagbag.py:538} INFO - Filling up the DagBag from /home/airflow/.local/lib/python3.8/site-packages/airflow/example_dags/tutorial_dag.py
[2025-11-28T06:59:06.564+0000] {processor.py:840} INFO - DAG(s) 'tutorial_dag' retrieved from /home/airflow/.local/lib/python3.8/site-packages/airflow/example_dags/tutorial_dag.py
[2025-11-28T06:59:06.610+0000] {logging_mixin.py:188} INFO - [2025-11-28T06:59:06.609+0000] {dag.py:3036} INFO - Sync 1 DAGs
[2025-11-28T06:59:06.621+0000] {logging_mixin.py:188} INFO - [2025-11-28T06:59:06.621+0000] {dag.py:3823} INFO - Setting next_dagrun for tutorial_dag to None, run_after=None
[2025-11-28T06:59:06.640+0000] {processor.py:183} INFO - Processing /home/airflow/.local/lib/python3.8/site-packages/airflow/example_dags/tutorial_dag.py took 0.102 seconds
[2025-11-28T06:59:36.978+0000] {processor.py:161} INFO - Started process (PID=873) to work on /home/airflow/.local/lib/python3.8/site-packages/airflow/example_dags/tutorial_dag.py
[2025-11-28T06:59:36.981+0000] {processor.py:830} INFO - Processing file /home/airflow/.local/lib/python3.8/site-packages/airflow/example_dags/tutorial_dag.py for tasks to queue
[2025-11-28T06:59:36.986+0000] {logging_mixin.py:188} INFO - [2025-11-28T06:59:36.986+0000] {dagbag.py:538} INFO - Filling up the DagBag from /home/airflow/.local/lib/python3.8/site-packages/airflow/example_dags/tutorial_dag.py
[2025-11-28T06:59:36.998+0000] {processor.py:840} INFO - DAG(s) 'tutorial_dag' retrieved from /home/airflow/.local/lib/python3.8/site-packages/airflow/example_dags/tutorial_dag.py
[2025-11-28T06:59:37.050+0000] {logging_mixin.py:188} INFO - [2025-11-28T06:59:37.049+0000] {dag.py:3036} INFO - Sync 1 DAGs
[2025-11-28T06:59:37.072+0000] {logging_mixin.py:188} INFO - [2025-11-28T06:59:37.072+0000] {dag.py:3823} INFO - Setting next_dagrun for tutorial_dag to None, run_after=None
[2025-11-28T06:59:37.100+0000] {processor.py:183} INFO - Processing /home/airflow/.local/lib/python3.8/site-packages/airflow/example_dags/tutorial_dag.py took 0.125 seconds
[2025-11-28T07:00:08.069+0000] {processor.py:161} INFO - Started process (PID=928) to work on /home/airflow/.local/lib/python3.8/site-packages/airflow/example_dags/tutorial_dag.py
[2025-11-28T07:00:08.074+0000] {processor.py:830} INFO - Processing file /home/airflow/.local/lib/python3.8/site-packages/airflow/example_dags/tutorial_dag.py for tasks to queue
[2025-11-28T07:00:08.079+0000] {logging_mixin.py:188} INFO - [2025-11-28T07:00:08.078+0000] {dagbag.py:538} INFO - Filling up the DagBag from /home/airflow/.local/lib/python3.8/site-packages/airflow/example_dags/tutorial_dag.py
[2025-11-28T07:00:08.095+0000] {processor.py:840} INFO - DAG(s) 'tutorial_dag' retrieved from /home/airflow/.local/lib/python3.8/site-packages/airflow/example_dags/tutorial_dag.py
[2025-11-28T07:00:08.145+0000] {logging_mixin.py:188} INFO - [2025-11-28T07:00:08.143+0000] {dag.py:3036} INFO - Sync 1 DAGs
[2025-11-28T07:00:08.200+0000] {logging_mixin.py:188} INFO - [2025-11-28T07:00:08.200+0000] {dag.py:3823} INFO - Setting next_dagrun for tutorial_dag to None, run_after=None
[2025-11-28T07:00:08.260+0000] {processor.py:183} INFO - Processing /home/airflow/.local/lib/python3.8/site-packages/airflow/example_dags/tutorial_dag.py took 0.197 seconds
[2025-11-28T07:00:39.061+0000] {processor.py:161} INFO - Started process (PID=983) to work on /home/airflow/.local/lib/python3.8/site-packages/airflow/example_dags/tutorial_dag.py
[2025-11-28T07:00:39.062+0000] {processor.py:830} INFO - Processing file /home/airflow/.local/lib/python3.8/site-packages/airflow/example_dags/tutorial_dag.py for tasks to queue
[2025-11-28T07:00:39.064+0000] {logging_mixin.py:188} INFO - [2025-11-28T07:00:39.064+0000] {dagbag.py:538} INFO - Filling up the DagBag from /home/airflow/.local/lib/python3.8/site-packages/airflow/example_dags/tutorial_dag.py
[2025-11-28T07:00:39.070+0000] {processor.py:840} INFO - DAG(s) 'tutorial_dag' retrieved from /home/airflow/.local/lib/python3.8/site-packages/airflow/example_dags/tutorial_dag.py
[2025-11-28T07:00:39.091+0000] {logging_mixin.py:188} INFO - [2025-11-28T07:00:39.091+0000] {dag.py:3036} INFO - Sync 1 DAGs
[2025-11-28T07:00:39.104+0000] {logging_mixin.py:188} INFO - [2025-11-28T07:00:39.104+0000] {dag.py:3823} INFO - Setting next_dagrun for tutorial_dag to None, run_after=None
[2025-11-28T07:00:39.129+0000] {processor.py:183} INFO - Processing /home/airflow/.local/lib/python3.8/site-packages/airflow/example_dags/tutorial_dag.py took 0.073 seconds
[2025-11-28T07:01:09.472+0000] {processor.py:161} INFO - Started process (PID=1038) to work on /home/airflow/.local/lib/python3.8/site-packages/airflow/example_dags/tutorial_dag.py
[2025-11-28T07:01:09.474+0000] {processor.py:830} INFO - Processing file /home/airflow/.local/lib/python3.8/site-packages/airflow/example_dags/tutorial_dag.py for tasks to queue
[2025-11-28T07:01:09.477+0000] {logging_mixin.py:188} INFO - [2025-11-28T07:01:09.477+0000] {dagbag.py:538} INFO - Filling up the DagBag from /home/airflow/.local/lib/python3.8/site-packages/airflow/example_dags/tutorial_dag.py
[2025-11-28T07:01:09.484+0000] {processor.py:840} INFO - DAG(s) 'tutorial_dag' retrieved from /home/airflow/.local/lib/python3.8/site-packages/airflow/example_dags/tutorial_dag.py
[2025-11-28T07:01:09.525+0000] {logging_mixin.py:188} INFO - [2025-11-28T07:01:09.525+0000] {dag.py:3036} INFO - Sync 1 DAGs
[2025-11-28T07:01:09.541+0000] {logging_mixin.py:188} INFO - [2025-11-28T07:01:09.541+0000] {dag.py:3823} INFO - Setting next_dagrun for tutorial_dag to None, run_after=None
[2025-11-28T07:01:09.574+0000] {processor.py:183} INFO - Processing /home/airflow/.local/lib/python3.8/site-packages/airflow/example_dags/tutorial_dag.py took 0.107 seconds
[2025-11-28T07:01:39.826+0000] {processor.py:161} INFO - Started process (PID=1092) to work on /home/airflow/.local/lib/python3.8/site-packages/airflow/example_dags/tutorial_dag.py
[2025-11-28T07:01:39.832+0000] {processor.py:830} INFO - Processing file /home/airflow/.local/lib/python3.8/site-packages/airflow/example_dags/tutorial_dag.py for tasks to queue
[2025-11-28T07:01:39.835+0000] {logging_mixin.py:188} INFO - [2025-11-28T07:01:39.835+0000] {dagbag.py:538} INFO - Filling up the DagBag from /home/airflow/.local/lib/python3.8/site-packages/airflow/example_dags/tutorial_dag.py
[2025-11-28T07:01:39.841+0000] {processor.py:840} INFO - DAG(s) 'tutorial_dag' retrieved from /home/airflow/.local/lib/python3.8/site-packages/airflow/example_dags/tutorial_dag.py
[2025-11-28T07:01:39.863+0000] {logging_mixin.py:188} INFO - [2025-11-28T07:01:39.863+0000] {dag.py:3036} INFO - Sync 1 DAGs
[2025-11-28T07:01:39.873+0000] {logging_mixin.py:188} INFO - [2025-11-28T07:01:39.873+0000] {dag.py:3823} INFO - Setting next_dagrun for tutorial_dag to None, run_after=None
[2025-11-28T07:01:39.896+0000] {processor.py:183} INFO - Processing /home/airflow/.local/lib/python3.8/site-packages/airflow/example_dags/tutorial_dag.py took 0.082 seconds
[2025-11-28T07:02:10.611+0000] {processor.py:161} INFO - Started process (PID=1147) to work on /home/airflow/.local/lib/python3.8/site-packages/airflow/example_dags/tutorial_dag.py
[2025-11-28T07:02:10.613+0000] {processor.py:830} INFO - Processing file /home/airflow/.local/lib/python3.8/site-packages/airflow/example_dags/tutorial_dag.py for tasks to queue
[2025-11-28T07:02:10.616+0000] {logging_mixin.py:188} INFO - [2025-11-28T07:02:10.616+0000] {dagbag.py:538} INFO - Filling up the DagBag from /home/airflow/.local/lib/python3.8/site-packages/airflow/example_dags/tutorial_dag.py
[2025-11-28T07:02:10.621+0000] {processor.py:840} INFO - DAG(s) 'tutorial_dag' retrieved from /home/airflow/.local/lib/python3.8/site-packages/airflow/example_dags/tutorial_dag.py
[2025-11-28T07:02:10.637+0000] {logging_mixin.py:188} INFO - [2025-11-28T07:02:10.636+0000] {dag.py:3036} INFO - Sync 1 DAGs
[2025-11-28T07:02:10.645+0000] {logging_mixin.py:188} INFO - [2025-11-28T07:02:10.645+0000] {dag.py:3823} INFO - Setting next_dagrun for tutorial_dag to None, run_after=None
[2025-11-28T07:02:10.662+0000] {processor.py:183} INFO - Processing /home/airflow/.local/lib/python3.8/site-packages/airflow/example_dags/tutorial_dag.py took 0.053 seconds
[2025-11-28T07:02:41.869+0000] {processor.py:161} INFO - Started process (PID=1201) to work on /home/airflow/.local/lib/python3.8/site-packages/airflow/example_dags/tutorial_dag.py
[2025-11-28T07:02:41.871+0000] {processor.py:830} INFO - Processing file /home/airflow/.local/lib/python3.8/site-packages/airflow/example_dags/tutorial_dag.py for tasks to queue
[2025-11-28T07:02:41.873+0000] {logging_mixin.py:188} INFO - [2025-11-28T07:02:41.873+0000] {dagbag.py:538} INFO - Filling up the DagBag from /home/airflow/.local/lib/python3.8/site-packages/airflow/example_dags/tutorial_dag.py
[2025-11-28T07:02:41.878+0000] {processor.py:840} INFO - DAG(s) 'tutorial_dag' retrieved from /home/airflow/.local/lib/python3.8/site-packages/airflow/example_dags/tutorial_dag.py
[2025-11-28T07:02:41.903+0000] {logging_mixin.py:188} INFO - [2025-11-28T07:02:41.903+0000] {dag.py:3036} INFO - Sync 1 DAGs
[2025-11-28T07:02:41.912+0000] {logging_mixin.py:188} INFO - [2025-11-28T07:02:41.912+0000] {dag.py:3823} INFO - Setting next_dagrun for tutorial_dag to None, run_after=None
[2025-11-28T07:02:41.925+0000] {processor.py:183} INFO - Processing /home/airflow/.local/lib/python3.8/site-packages/airflow/example_dags/tutorial_dag.py took 0.059 seconds
[2025-11-28T07:03:13.008+0000] {processor.py:161} INFO - Started process (PID=1257) to work on /home/airflow/.local/lib/python3.8/site-packages/airflow/example_dags/tutorial_dag.py
[2025-11-28T07:03:13.010+0000] {processor.py:830} INFO - Processing file /home/airflow/.local/lib/python3.8/site-packages/airflow/example_dags/tutorial_dag.py for tasks to queue
[2025-11-28T07:03:13.018+0000] {logging_mixin.py:188} INFO - [2025-11-28T07:03:13.017+0000] {dagbag.py:538} INFO - Filling up the DagBag from /home/airflow/.local/lib/python3.8/site-packages/airflow/example_dags/tutorial_dag.py
[2025-11-28T07:03:13.040+0000] {processor.py:840} INFO - DAG(s) 'tutorial_dag' retrieved from /home/airflow/.local/lib/python3.8/site-packages/airflow/example_dags/tutorial_dag.py
[2025-11-28T07:03:13.102+0000] {logging_mixin.py:188} INFO - [2025-11-28T07:03:13.101+0000] {dag.py:3036} INFO - Sync 1 DAGs
[2025-11-28T07:03:13.129+0000] {logging_mixin.py:188} INFO - [2025-11-28T07:03:13.128+0000] {dag.py:3823} INFO - Setting next_dagrun for tutorial_dag to None, run_after=None
[2025-11-28T07:03:13.178+0000] {processor.py:183} INFO - Processing /home/airflow/.local/lib/python3.8/site-packages/airflow/example_dags/tutorial_dag.py took 0.178 seconds
[2025-11-28T07:03:43.575+0000] {processor.py:161} INFO - Started process (PID=1312) to work on /home/airflow/.local/lib/python3.8/site-packages/airflow/example_dags/tutorial_dag.py
[2025-11-28T07:03:43.594+0000] {processor.py:830} INFO - Processing file /home/airflow/.local/lib/python3.8/site-packages/airflow/example_dags/tutorial_dag.py for tasks to queue
[2025-11-28T07:03:43.607+0000] {logging_mixin.py:188} INFO - [2025-11-28T07:03:43.606+0000] {dagbag.py:538} INFO - Filling up the DagBag from /home/airflow/.local/lib/python3.8/site-packages/airflow/example_dags/tutorial_dag.py
[2025-11-28T07:03:43.625+0000] {processor.py:840} INFO - DAG(s) 'tutorial_dag' retrieved from /home/airflow/.local/lib/python3.8/site-packages/airflow/example_dags/tutorial_dag.py
[2025-11-28T07:03:43.675+0000] {logging_mixin.py:188} INFO - [2025-11-28T07:03:43.674+0000] {dag.py:3036} INFO - Sync 1 DAGs
[2025-11-28T07:03:43.712+0000] {logging_mixin.py:188} INFO - [2025-11-28T07:03:43.710+0000] {dag.py:3823} INFO - Setting next_dagrun for tutorial_dag to None, run_after=None
[2025-11-28T07:03:43.740+0000] {processor.py:183} INFO - Processing /home/airflow/.local/lib/python3.8/site-packages/airflow/example_dags/tutorial_dag.py took 0.168 seconds
[2025-11-28T07:04:13.962+0000] {processor.py:161} INFO - Started process (PID=1367) to work on /home/airflow/.local/lib/python3.8/site-packages/airflow/example_dags/tutorial_dag.py
[2025-11-28T07:04:13.966+0000] {processor.py:830} INFO - Processing file /home/airflow/.local/lib/python3.8/site-packages/airflow/example_dags/tutorial_dag.py for tasks to queue
[2025-11-28T07:04:13.972+0000] {logging_mixin.py:188} INFO - [2025-11-28T07:04:13.971+0000] {dagbag.py:538} INFO - Filling up the DagBag from /home/airflow/.local/lib/python3.8/site-packages/airflow/example_dags/tutorial_dag.py
[2025-11-28T07:04:13.978+0000] {processor.py:840} INFO - DAG(s) 'tutorial_dag' retrieved from /home/airflow/.local/lib/python3.8/site-packages/airflow/example_dags/tutorial_dag.py
[2025-11-28T07:04:14.028+0000] {logging_mixin.py:188} INFO - [2025-11-28T07:04:14.028+0000] {dag.py:3036} INFO - Sync 1 DAGs
[2025-11-28T07:04:14.056+0000] {logging_mixin.py:188} INFO - [2025-11-28T07:04:14.056+0000] {dag.py:3823} INFO - Setting next_dagrun for tutorial_dag to None, run_after=None
[2025-11-28T07:04:14.110+0000] {processor.py:183} INFO - Processing /home/airflow/.local/lib/python3.8/site-packages/airflow/example_dags/tutorial_dag.py took 0.154 seconds
[2025-11-28T07:04:44.625+0000] {processor.py:161} INFO - Started process (PID=1422) to work on /home/airflow/.local/lib/python3.8/site-packages/airflow/example_dags/tutorial_dag.py
[2025-11-28T07:04:44.626+0000] {processor.py:830} INFO - Processing file /home/airflow/.local/lib/python3.8/site-packages/airflow/example_dags/tutorial_dag.py for tasks to queue
[2025-11-28T07:04:44.628+0000] {logging_mixin.py:188} INFO - [2025-11-28T07:04:44.628+0000] {dagbag.py:538} INFO - Filling up the DagBag from /home/airflow/.local/lib/python3.8/site-packages/airflow/example_dags/tutorial_dag.py
[2025-11-28T07:04:44.633+0000] {processor.py:840} INFO - DAG(s) 'tutorial_dag' retrieved from /home/airflow/.local/lib/python3.8/site-packages/airflow/example_dags/tutorial_dag.py
[2025-11-28T07:04:44.656+0000] {logging_mixin.py:188} INFO - [2025-11-28T07:04:44.656+0000] {dag.py:3036} INFO - Sync 1 DAGs
[2025-11-28T07:04:44.669+0000] {logging_mixin.py:188} INFO - [2025-11-28T07:04:44.669+0000] {dag.py:3823} INFO - Setting next_dagrun for tutorial_dag to None, run_after=None
[2025-11-28T07:04:44.692+0000] {processor.py:183} INFO - Processing /home/airflow/.local/lib/python3.8/site-packages/airflow/example_dags/tutorial_dag.py took 0.070 seconds
[2025-11-28T07:05:15.092+0000] {processor.py:161} INFO - Started process (PID=1478) to work on /home/airflow/.local/lib/python3.8/site-packages/airflow/example_dags/tutorial_dag.py
[2025-11-28T07:05:15.093+0000] {processor.py:830} INFO - Processing file /home/airflow/.local/lib/python3.8/site-packages/airflow/example_dags/tutorial_dag.py for tasks to queue
[2025-11-28T07:05:15.100+0000] {logging_mixin.py:188} INFO - [2025-11-28T07:05:15.099+0000] {dagbag.py:538} INFO - Filling up the DagBag from /home/airflow/.local/lib/python3.8/site-packages/airflow/example_dags/tutorial_dag.py
[2025-11-28T07:05:15.105+0000] {processor.py:840} INFO - DAG(s) 'tutorial_dag' retrieved from /home/airflow/.local/lib/python3.8/site-packages/airflow/example_dags/tutorial_dag.py
[2025-11-28T07:05:15.124+0000] {logging_mixin.py:188} INFO - [2025-11-28T07:05:15.123+0000] {dag.py:3036} INFO - Sync 1 DAGs
[2025-11-28T07:05:15.139+0000] {logging_mixin.py:188} INFO - [2025-11-28T07:05:15.139+0000] {dag.py:3823} INFO - Setting next_dagrun for tutorial_dag to None, run_after=None
[2025-11-28T07:05:15.166+0000] {processor.py:183} INFO - Processing /home/airflow/.local/lib/python3.8/site-packages/airflow/example_dags/tutorial_dag.py took 0.077 seconds
[2025-11-28T07:05:45.827+0000] {processor.py:161} INFO - Started process (PID=1533) to work on /home/airflow/.local/lib/python3.8/site-packages/airflow/example_dags/tutorial_dag.py
[2025-11-28T07:05:45.830+0000] {processor.py:830} INFO - Processing file /home/airflow/.local/lib/python3.8/site-packages/airflow/example_dags/tutorial_dag.py for tasks to queue
[2025-11-28T07:05:45.832+0000] {logging_mixin.py:188} INFO - [2025-11-28T07:05:45.832+0000] {dagbag.py:538} INFO - Filling up the DagBag from /home/airflow/.local/lib/python3.8/site-packages/airflow/example_dags/tutorial_dag.py
[2025-11-28T07:05:45.840+0000] {processor.py:840} INFO - DAG(s) 'tutorial_dag' retrieved from /home/airflow/.local/lib/python3.8/site-packages/airflow/example_dags/tutorial_dag.py
[2025-11-28T07:05:45.861+0000] {logging_mixin.py:188} INFO - [2025-11-28T07:05:45.861+0000] {dag.py:3036} INFO - Sync 1 DAGs
[2025-11-28T07:05:45.872+0000] {logging_mixin.py:188} INFO - [2025-11-28T07:05:45.872+0000] {dag.py:3823} INFO - Setting next_dagrun for tutorial_dag to None, run_after=None
[2025-11-28T07:05:45.886+0000] {processor.py:183} INFO - Processing /home/airflow/.local/lib/python3.8/site-packages/airflow/example_dags/tutorial_dag.py took 0.062 seconds
[2025-11-28T07:06:16.522+0000] {processor.py:161} INFO - Started process (PID=1588) to work on /home/airflow/.local/lib/python3.8/site-packages/airflow/example_dags/tutorial_dag.py
[2025-11-28T07:06:16.523+0000] {processor.py:830} INFO - Processing file /home/airflow/.local/lib/python3.8/site-packages/airflow/example_dags/tutorial_dag.py for tasks to queue
[2025-11-28T07:06:16.527+0000] {logging_mixin.py:188} INFO - [2025-11-28T07:06:16.527+0000] {dagbag.py:538} INFO - Filling up the DagBag from /home/airflow/.local/lib/python3.8/site-packages/airflow/example_dags/tutorial_dag.py
[2025-11-28T07:06:16.535+0000] {processor.py:840} INFO - DAG(s) 'tutorial_dag' retrieved from /home/airflow/.local/lib/python3.8/site-packages/airflow/example_dags/tutorial_dag.py
[2025-11-28T07:06:16.555+0000] {logging_mixin.py:188} INFO - [2025-11-28T07:06:16.555+0000] {dag.py:3036} INFO - Sync 1 DAGs
[2025-11-28T07:06:16.564+0000] {logging_mixin.py:188} INFO - [2025-11-28T07:06:16.564+0000] {dag.py:3823} INFO - Setting next_dagrun for tutorial_dag to None, run_after=None
[2025-11-28T07:06:16.588+0000] {processor.py:183} INFO - Processing /home/airflow/.local/lib/python3.8/site-packages/airflow/example_dags/tutorial_dag.py took 0.070 seconds
[2025-11-28T07:06:46.839+0000] {processor.py:161} INFO - Started process (PID=1643) to work on /home/airflow/.local/lib/python3.8/site-packages/airflow/example_dags/tutorial_dag.py
[2025-11-28T07:06:46.843+0000] {processor.py:830} INFO - Processing file /home/airflow/.local/lib/python3.8/site-packages/airflow/example_dags/tutorial_dag.py for tasks to queue
[2025-11-28T07:06:46.845+0000] {logging_mixin.py:188} INFO - [2025-11-28T07:06:46.845+0000] {dagbag.py:538} INFO - Filling up the DagBag from /home/airflow/.local/lib/python3.8/site-packages/airflow/example_dags/tutorial_dag.py
[2025-11-28T07:06:46.852+0000] {processor.py:840} INFO - DAG(s) 'tutorial_dag' retrieved from /home/airflow/.local/lib/python3.8/site-packages/airflow/example_dags/tutorial_dag.py
[2025-11-28T07:06:46.876+0000] {logging_mixin.py:188} INFO - [2025-11-28T07:06:46.875+0000] {dag.py:3036} INFO - Sync 1 DAGs
[2025-11-28T07:06:46.884+0000] {logging_mixin.py:188} INFO - [2025-11-28T07:06:46.884+0000] {dag.py:3823} INFO - Setting next_dagrun for tutorial_dag to None, run_after=None
[2025-11-28T07:06:46.903+0000] {processor.py:183} INFO - Processing /home/airflow/.local/lib/python3.8/site-packages/airflow/example_dags/tutorial_dag.py took 0.067 seconds
[2025-11-28T07:07:17.414+0000] {processor.py:161} INFO - Started process (PID=1698) to work on /home/airflow/.local/lib/python3.8/site-packages/airflow/example_dags/tutorial_dag.py
[2025-11-28T07:07:17.415+0000] {processor.py:830} INFO - Processing file /home/airflow/.local/lib/python3.8/site-packages/airflow/example_dags/tutorial_dag.py for tasks to queue
[2025-11-28T07:07:17.418+0000] {logging_mixin.py:188} INFO - [2025-11-28T07:07:17.417+0000] {dagbag.py:538} INFO - Filling up the DagBag from /home/airflow/.local/lib/python3.8/site-packages/airflow/example_dags/tutorial_dag.py
[2025-11-28T07:07:17.423+0000] {processor.py:840} INFO - DAG(s) 'tutorial_dag' retrieved from /home/airflow/.local/lib/python3.8/site-packages/airflow/example_dags/tutorial_dag.py
[2025-11-28T07:07:17.442+0000] {logging_mixin.py:188} INFO - [2025-11-28T07:07:17.442+0000] {dag.py:3036} INFO - Sync 1 DAGs
[2025-11-28T07:07:17.454+0000] {logging_mixin.py:188} INFO - [2025-11-28T07:07:17.454+0000] {dag.py:3823} INFO - Setting next_dagrun for tutorial_dag to None, run_after=None
[2025-11-28T07:07:17.473+0000] {processor.py:183} INFO - Processing /home/airflow/.local/lib/python3.8/site-packages/airflow/example_dags/tutorial_dag.py took 0.062 seconds
[2025-11-28T07:07:48.030+0000] {processor.py:161} INFO - Started process (PID=1753) to work on /home/airflow/.local/lib/python3.8/site-packages/airflow/example_dags/tutorial_dag.py
[2025-11-28T07:07:48.032+0000] {processor.py:830} INFO - Processing file /home/airflow/.local/lib/python3.8/site-packages/airflow/example_dags/tutorial_dag.py for tasks to queue
[2025-11-28T07:07:48.035+0000] {logging_mixin.py:188} INFO - [2025-11-28T07:07:48.034+0000] {dagbag.py:538} INFO - Filling up the DagBag from /home/airflow/.local/lib/python3.8/site-packages/airflow/example_dags/tutorial_dag.py
[2025-11-28T07:07:48.045+0000] {processor.py:840} INFO - DAG(s) 'tutorial_dag' retrieved from /home/airflow/.local/lib/python3.8/site-packages/airflow/example_dags/tutorial_dag.py
[2025-11-28T07:07:48.064+0000] {logging_mixin.py:188} INFO - [2025-11-28T07:07:48.064+0000] {dag.py:3036} INFO - Sync 1 DAGs
[2025-11-28T07:07:48.073+0000] {logging_mixin.py:188} INFO - [2025-11-28T07:07:48.073+0000] {dag.py:3823} INFO - Setting next_dagrun for tutorial_dag to None, run_after=None
[2025-11-28T07:07:48.090+0000] {processor.py:183} INFO - Processing /home/airflow/.local/lib/python3.8/site-packages/airflow/example_dags/tutorial_dag.py took 0.063 seconds
[2025-11-28T07:08:18.520+0000] {processor.py:161} INFO - Started process (PID=1808) to work on /home/airflow/.local/lib/python3.8/site-packages/airflow/example_dags/tutorial_dag.py
[2025-11-28T07:08:18.521+0000] {processor.py:830} INFO - Processing file /home/airflow/.local/lib/python3.8/site-packages/airflow/example_dags/tutorial_dag.py for tasks to queue
[2025-11-28T07:08:18.524+0000] {logging_mixin.py:188} INFO - [2025-11-28T07:08:18.523+0000] {dagbag.py:538} INFO - Filling up the DagBag from /home/airflow/.local/lib/python3.8/site-packages/airflow/example_dags/tutorial_dag.py
[2025-11-28T07:08:18.529+0000] {processor.py:840} INFO - DAG(s) 'tutorial_dag' retrieved from /home/airflow/.local/lib/python3.8/site-packages/airflow/example_dags/tutorial_dag.py
[2025-11-28T07:08:18.549+0000] {logging_mixin.py:188} INFO - [2025-11-28T07:08:18.549+0000] {dag.py:3036} INFO - Sync 1 DAGs
[2025-11-28T07:08:18.561+0000] {logging_mixin.py:188} INFO - [2025-11-28T07:08:18.561+0000] {dag.py:3823} INFO - Setting next_dagrun for tutorial_dag to None, run_after=None
[2025-11-28T07:08:18.578+0000] {processor.py:183} INFO - Processing /home/airflow/.local/lib/python3.8/site-packages/airflow/example_dags/tutorial_dag.py took 0.060 seconds
[2025-11-28T07:08:49.439+0000] {processor.py:161} INFO - Started process (PID=1863) to work on /home/airflow/.local/lib/python3.8/site-packages/airflow/example_dags/tutorial_dag.py
[2025-11-28T07:08:49.440+0000] {processor.py:830} INFO - Processing file /home/airflow/.local/lib/python3.8/site-packages/airflow/example_dags/tutorial_dag.py for tasks to queue
[2025-11-28T07:08:49.442+0000] {logging_mixin.py:188} INFO - [2025-11-28T07:08:49.442+0000] {dagbag.py:538} INFO - Filling up the DagBag from /home/airflow/.local/lib/python3.8/site-packages/airflow/example_dags/tutorial_dag.py
[2025-11-28T07:08:49.447+0000] {processor.py:840} INFO - DAG(s) 'tutorial_dag' retrieved from /home/airflow/.local/lib/python3.8/site-packages/airflow/example_dags/tutorial_dag.py
[2025-11-28T07:08:49.467+0000] {logging_mixin.py:188} INFO - [2025-11-28T07:08:49.467+0000] {dag.py:3036} INFO - Sync 1 DAGs
[2025-11-28T07:08:49.477+0000] {logging_mixin.py:188} INFO - [2025-11-28T07:08:49.476+0000] {dag.py:3823} INFO - Setting next_dagrun for tutorial_dag to None, run_after=None
[2025-11-28T07:08:49.497+0000] {processor.py:183} INFO - Processing /home/airflow/.local/lib/python3.8/site-packages/airflow/example_dags/tutorial_dag.py took 0.060 seconds
[2025-11-28T07:09:20.453+0000] {processor.py:161} INFO - Started process (PID=1918) to work on /home/airflow/.local/lib/python3.8/site-packages/airflow/example_dags/tutorial_dag.py
[2025-11-28T07:09:20.454+0000] {processor.py:830} INFO - Processing file /home/airflow/.local/lib/python3.8/site-packages/airflow/example_dags/tutorial_dag.py for tasks to queue
[2025-11-28T07:09:20.457+0000] {logging_mixin.py:188} INFO - [2025-11-28T07:09:20.456+0000] {dagbag.py:538} INFO - Filling up the DagBag from /home/airflow/.local/lib/python3.8/site-packages/airflow/example_dags/tutorial_dag.py
[2025-11-28T07:09:20.465+0000] {processor.py:840} INFO - DAG(s) 'tutorial_dag' retrieved from /home/airflow/.local/lib/python3.8/site-packages/airflow/example_dags/tutorial_dag.py
[2025-11-28T07:09:20.499+0000] {logging_mixin.py:188} INFO - [2025-11-28T07:09:20.499+0000] {dag.py:3036} INFO - Sync 1 DAGs
[2025-11-28T07:09:20.511+0000] {logging_mixin.py:188} INFO - [2025-11-28T07:09:20.511+0000] {dag.py:3823} INFO - Setting next_dagrun for tutorial_dag to None, run_after=None
[2025-11-28T07:09:20.536+0000] {processor.py:183} INFO - Processing /home/airflow/.local/lib/python3.8/site-packages/airflow/example_dags/tutorial_dag.py took 0.085 seconds
[2025-11-28T07:09:51.224+0000] {processor.py:161} INFO - Started process (PID=1973) to work on /home/airflow/.local/lib/python3.8/site-packages/airflow/example_dags/tutorial_dag.py
[2025-11-28T07:09:51.226+0000] {processor.py:830} INFO - Processing file /home/airflow/.local/lib/python3.8/site-packages/airflow/example_dags/tutorial_dag.py for tasks to queue
[2025-11-28T07:09:51.228+0000] {logging_mixin.py:188} INFO - [2025-11-28T07:09:51.228+0000] {dagbag.py:538} INFO - Filling up the DagBag from /home/airflow/.local/lib/python3.8/site-packages/airflow/example_dags/tutorial_dag.py
[2025-11-28T07:09:51.235+0000] {processor.py:840} INFO - DAG(s) 'tutorial_dag' retrieved from /home/airflow/.local/lib/python3.8/site-packages/airflow/example_dags/tutorial_dag.py
[2025-11-28T07:09:51.261+0000] {logging_mixin.py:188} INFO - [2025-11-28T07:09:51.260+0000] {dag.py:3036} INFO - Sync 1 DAGs
[2025-11-28T07:09:51.270+0000] {logging_mixin.py:188} INFO - [2025-11-28T07:09:51.270+0000] {dag.py:3823} INFO - Setting next_dagrun for tutorial_dag to None, run_after=None
[2025-11-28T07:09:51.285+0000] {processor.py:183} INFO - Processing /home/airflow/.local/lib/python3.8/site-packages/airflow/example_dags/tutorial_dag.py took 0.066 seconds
[2025-11-28T07:10:21.457+0000] {processor.py:161} INFO - Started process (PID=2028) to work on /home/airflow/.local/lib/python3.8/site-packages/airflow/example_dags/tutorial_dag.py
[2025-11-28T07:10:21.459+0000] {processor.py:830} INFO - Processing file /home/airflow/.local/lib/python3.8/site-packages/airflow/example_dags/tutorial_dag.py for tasks to queue
[2025-11-28T07:10:21.462+0000] {logging_mixin.py:188} INFO - [2025-11-28T07:10:21.462+0000] {dagbag.py:538} INFO - Filling up the DagBag from /home/airflow/.local/lib/python3.8/site-packages/airflow/example_dags/tutorial_dag.py
[2025-11-28T07:10:21.466+0000] {processor.py:840} INFO - DAG(s) 'tutorial_dag' retrieved from /home/airflow/.local/lib/python3.8/site-packages/airflow/example_dags/tutorial_dag.py
[2025-11-28T07:10:21.484+0000] {logging_mixin.py:188} INFO - [2025-11-28T07:10:21.484+0000] {dag.py:3036} INFO - Sync 1 DAGs
[2025-11-28T07:10:21.494+0000] {logging_mixin.py:188} INFO - [2025-11-28T07:10:21.494+0000] {dag.py:3823} INFO - Setting next_dagrun for tutorial_dag to None, run_after=None
[2025-11-28T07:10:21.510+0000] {processor.py:183} INFO - Processing /home/airflow/.local/lib/python3.8/site-packages/airflow/example_dags/tutorial_dag.py took 0.056 seconds
[2025-11-28T07:10:51.779+0000] {processor.py:161} INFO - Started process (PID=2083) to work on /home/airflow/.local/lib/python3.8/site-packages/airflow/example_dags/tutorial_dag.py
[2025-11-28T07:10:51.781+0000] {processor.py:830} INFO - Processing file /home/airflow/.local/lib/python3.8/site-packages/airflow/example_dags/tutorial_dag.py for tasks to queue
[2025-11-28T07:10:51.783+0000] {logging_mixin.py:188} INFO - [2025-11-28T07:10:51.782+0000] {dagbag.py:538} INFO - Filling up the DagBag from /home/airflow/.local/lib/python3.8/site-packages/airflow/example_dags/tutorial_dag.py
[2025-11-28T07:10:51.787+0000] {processor.py:840} INFO - DAG(s) 'tutorial_dag' retrieved from /home/airflow/.local/lib/python3.8/site-packages/airflow/example_dags/tutorial_dag.py
[2025-11-28T07:10:51.803+0000] {logging_mixin.py:188} INFO - [2025-11-28T07:10:51.803+0000] {dag.py:3036} INFO - Sync 1 DAGs
[2025-11-28T07:10:51.819+0000] {logging_mixin.py:188} INFO - [2025-11-28T07:10:51.819+0000] {dag.py:3823} INFO - Setting next_dagrun for tutorial_dag to None, run_after=None
[2025-11-28T07:10:51.844+0000] {processor.py:183} INFO - Processing /home/airflow/.local/lib/python3.8/site-packages/airflow/example_dags/tutorial_dag.py took 0.067 seconds
[2025-11-28T07:11:22.657+0000] {processor.py:161} INFO - Started process (PID=2138) to work on /home/airflow/.local/lib/python3.8/site-packages/airflow/example_dags/tutorial_dag.py
[2025-11-28T07:11:22.658+0000] {processor.py:830} INFO - Processing file /home/airflow/.local/lib/python3.8/site-packages/airflow/example_dags/tutorial_dag.py for tasks to queue
[2025-11-28T07:11:22.661+0000] {logging_mixin.py:188} INFO - [2025-11-28T07:11:22.660+0000] {dagbag.py:538} INFO - Filling up the DagBag from /home/airflow/.local/lib/python3.8/site-packages/airflow/example_dags/tutorial_dag.py
[2025-11-28T07:11:22.665+0000] {processor.py:840} INFO - DAG(s) 'tutorial_dag' retrieved from /home/airflow/.local/lib/python3.8/site-packages/airflow/example_dags/tutorial_dag.py
[2025-11-28T07:11:22.680+0000] {logging_mixin.py:188} INFO - [2025-11-28T07:11:22.680+0000] {dag.py:3036} INFO - Sync 1 DAGs
[2025-11-28T07:11:22.690+0000] {logging_mixin.py:188} INFO - [2025-11-28T07:11:22.690+0000] {dag.py:3823} INFO - Setting next_dagrun for tutorial_dag to None, run_after=None
[2025-11-28T07:11:22.708+0000] {processor.py:183} INFO - Processing /home/airflow/.local/lib/python3.8/site-packages/airflow/example_dags/tutorial_dag.py took 0.056 seconds
[2025-11-28T07:11:52.945+0000] {processor.py:161} INFO - Started process (PID=2193) to work on /home/airflow/.local/lib/python3.8/site-packages/airflow/example_dags/tutorial_dag.py
[2025-11-28T07:11:52.947+0000] {processor.py:830} INFO - Processing file /home/airflow/.local/lib/python3.8/site-packages/airflow/example_dags/tutorial_dag.py for tasks to queue
[2025-11-28T07:11:52.949+0000] {logging_mixin.py:188} INFO - [2025-11-28T07:11:52.949+0000] {dagbag.py:538} INFO - Filling up the DagBag from /home/airflow/.local/lib/python3.8/site-packages/airflow/example_dags/tutorial_dag.py
[2025-11-28T07:11:52.955+0000] {processor.py:840} INFO - DAG(s) 'tutorial_dag' retrieved from /home/airflow/.local/lib/python3.8/site-packages/airflow/example_dags/tutorial_dag.py
[2025-11-28T07:11:52.977+0000] {logging_mixin.py:188} INFO - [2025-11-28T07:11:52.977+0000] {dag.py:3036} INFO - Sync 1 DAGs
[2025-11-28T07:11:52.989+0000] {logging_mixin.py:188} INFO - [2025-11-28T07:11:52.989+0000] {dag.py:3823} INFO - Setting next_dagrun for tutorial_dag to None, run_after=None
[2025-11-28T07:11:53.010+0000] {processor.py:183} INFO - Processing /home/airflow/.local/lib/python3.8/site-packages/airflow/example_dags/tutorial_dag.py took 0.068 seconds
[2025-11-28T07:12:23.457+0000] {processor.py:161} INFO - Started process (PID=2248) to work on /home/airflow/.local/lib/python3.8/site-packages/airflow/example_dags/tutorial_dag.py
[2025-11-28T07:12:23.458+0000] {processor.py:830} INFO - Processing file /home/airflow/.local/lib/python3.8/site-packages/airflow/example_dags/tutorial_dag.py for tasks to queue
[2025-11-28T07:12:23.461+0000] {logging_mixin.py:188} INFO - [2025-11-28T07:12:23.460+0000] {dagbag.py:538} INFO - Filling up the DagBag from /home/airflow/.local/lib/python3.8/site-packages/airflow/example_dags/tutorial_dag.py
[2025-11-28T07:12:23.466+0000] {processor.py:840} INFO - DAG(s) 'tutorial_dag' retrieved from /home/airflow/.local/lib/python3.8/site-packages/airflow/example_dags/tutorial_dag.py
[2025-11-28T07:12:23.485+0000] {logging_mixin.py:188} INFO - [2025-11-28T07:12:23.485+0000] {dag.py:3036} INFO - Sync 1 DAGs
[2025-11-28T07:12:23.494+0000] {logging_mixin.py:188} INFO - [2025-11-28T07:12:23.494+0000] {dag.py:3823} INFO - Setting next_dagrun for tutorial_dag to None, run_after=None
[2025-11-28T07:12:23.513+0000] {processor.py:183} INFO - Processing /home/airflow/.local/lib/python3.8/site-packages/airflow/example_dags/tutorial_dag.py took 0.058 seconds
[2025-11-28T07:12:54.071+0000] {processor.py:161} INFO - Started process (PID=2303) to work on /home/airflow/.local/lib/python3.8/site-packages/airflow/example_dags/tutorial_dag.py
[2025-11-28T07:12:54.072+0000] {processor.py:830} INFO - Processing file /home/airflow/.local/lib/python3.8/site-packages/airflow/example_dags/tutorial_dag.py for tasks to queue
[2025-11-28T07:12:54.074+0000] {logging_mixin.py:188} INFO - [2025-11-28T07:12:54.073+0000] {dagbag.py:538} INFO - Filling up the DagBag from /home/airflow/.local/lib/python3.8/site-packages/airflow/example_dags/tutorial_dag.py
[2025-11-28T07:12:54.079+0000] {processor.py:840} INFO - DAG(s) 'tutorial_dag' retrieved from /home/airflow/.local/lib/python3.8/site-packages/airflow/example_dags/tutorial_dag.py
[2025-11-28T07:12:54.095+0000] {logging_mixin.py:188} INFO - [2025-11-28T07:12:54.094+0000] {dag.py:3036} INFO - Sync 1 DAGs
[2025-11-28T07:12:54.106+0000] {logging_mixin.py:188} INFO - [2025-11-28T07:12:54.106+0000] {dag.py:3823} INFO - Setting next_dagrun for tutorial_dag to None, run_after=None
[2025-11-28T07:12:54.121+0000] {processor.py:183} INFO - Processing /home/airflow/.local/lib/python3.8/site-packages/airflow/example_dags/tutorial_dag.py took 0.053 seconds
[2025-11-28T07:13:24.908+0000] {processor.py:161} INFO - Started process (PID=2358) to work on /home/airflow/.local/lib/python3.8/site-packages/airflow/example_dags/tutorial_dag.py
[2025-11-28T07:13:24.910+0000] {processor.py:830} INFO - Processing file /home/airflow/.local/lib/python3.8/site-packages/airflow/example_dags/tutorial_dag.py for tasks to queue
[2025-11-28T07:13:24.914+0000] {logging_mixin.py:188} INFO - [2025-11-28T07:13:24.914+0000] {dagbag.py:538} INFO - Filling up the DagBag from /home/airflow/.local/lib/python3.8/site-packages/airflow/example_dags/tutorial_dag.py
[2025-11-28T07:13:24.924+0000] {processor.py:840} INFO - DAG(s) 'tutorial_dag' retrieved from /home/airflow/.local/lib/python3.8/site-packages/airflow/example_dags/tutorial_dag.py
[2025-11-28T07:13:24.964+0000] {logging_mixin.py:188} INFO - [2025-11-28T07:13:24.963+0000] {dag.py:3036} INFO - Sync 1 DAGs
[2025-11-28T07:13:24.980+0000] {logging_mixin.py:188} INFO - [2025-11-28T07:13:24.980+0000] {dag.py:3823} INFO - Setting next_dagrun for tutorial_dag to None, run_after=None
[2025-11-28T07:13:25.007+0000] {processor.py:183} INFO - Processing /home/airflow/.local/lib/python3.8/site-packages/airflow/example_dags/tutorial_dag.py took 0.105 seconds
[2025-11-28T07:13:55.595+0000] {processor.py:161} INFO - Started process (PID=2413) to work on /home/airflow/.local/lib/python3.8/site-packages/airflow/example_dags/tutorial_dag.py
[2025-11-28T07:13:55.596+0000] {processor.py:830} INFO - Processing file /home/airflow/.local/lib/python3.8/site-packages/airflow/example_dags/tutorial_dag.py for tasks to queue
[2025-11-28T07:13:55.600+0000] {logging_mixin.py:188} INFO - [2025-11-28T07:13:55.600+0000] {dagbag.py:538} INFO - Filling up the DagBag from /home/airflow/.local/lib/python3.8/site-packages/airflow/example_dags/tutorial_dag.py
[2025-11-28T07:13:55.610+0000] {processor.py:840} INFO - DAG(s) 'tutorial_dag' retrieved from /home/airflow/.local/lib/python3.8/site-packages/airflow/example_dags/tutorial_dag.py
[2025-11-28T07:13:55.627+0000] {logging_mixin.py:188} INFO - [2025-11-28T07:13:55.627+0000] {dag.py:3036} INFO - Sync 1 DAGs
[2025-11-28T07:13:55.637+0000] {logging_mixin.py:188} INFO - [2025-11-28T07:13:55.637+0000] {dag.py:3823} INFO - Setting next_dagrun for tutorial_dag to None, run_after=None
[2025-11-28T07:13:55.653+0000] {processor.py:183} INFO - Processing /home/airflow/.local/lib/python3.8/site-packages/airflow/example_dags/tutorial_dag.py took 0.064 seconds
[2025-11-28T07:14:25.947+0000] {processor.py:161} INFO - Started process (PID=2469) to work on /home/airflow/.local/lib/python3.8/site-packages/airflow/example_dags/tutorial_dag.py
[2025-11-28T07:14:25.948+0000] {processor.py:830} INFO - Processing file /home/airflow/.local/lib/python3.8/site-packages/airflow/example_dags/tutorial_dag.py for tasks to queue
[2025-11-28T07:14:25.951+0000] {logging_mixin.py:188} INFO - [2025-11-28T07:14:25.951+0000] {dagbag.py:538} INFO - Filling up the DagBag from /home/airflow/.local/lib/python3.8/site-packages/airflow/example_dags/tutorial_dag.py
[2025-11-28T07:14:25.965+0000] {processor.py:840} INFO - DAG(s) 'tutorial_dag' retrieved from /home/airflow/.local/lib/python3.8/site-packages/airflow/example_dags/tutorial_dag.py
[2025-11-28T07:14:26.005+0000] {logging_mixin.py:188} INFO - [2025-11-28T07:14:26.004+0000] {dag.py:3036} INFO - Sync 1 DAGs
[2025-11-28T07:14:26.024+0000] {logging_mixin.py:188} INFO - [2025-11-28T07:14:26.024+0000] {dag.py:3823} INFO - Setting next_dagrun for tutorial_dag to None, run_after=None
[2025-11-28T07:14:26.047+0000] {processor.py:183} INFO - Processing /home/airflow/.local/lib/python3.8/site-packages/airflow/example_dags/tutorial_dag.py took 0.106 seconds
[2025-11-28T07:14:56.241+0000] {processor.py:161} INFO - Started process (PID=2524) to work on /home/airflow/.local/lib/python3.8/site-packages/airflow/example_dags/tutorial_dag.py
[2025-11-28T07:14:56.242+0000] {processor.py:830} INFO - Processing file /home/airflow/.local/lib/python3.8/site-packages/airflow/example_dags/tutorial_dag.py for tasks to queue
[2025-11-28T07:14:56.244+0000] {logging_mixin.py:188} INFO - [2025-11-28T07:14:56.244+0000] {dagbag.py:538} INFO - Filling up the DagBag from /home/airflow/.local/lib/python3.8/site-packages/airflow/example_dags/tutorial_dag.py
[2025-11-28T07:14:56.252+0000] {processor.py:840} INFO - DAG(s) 'tutorial_dag' retrieved from /home/airflow/.local/lib/python3.8/site-packages/airflow/example_dags/tutorial_dag.py
[2025-11-28T07:14:56.271+0000] {logging_mixin.py:188} INFO - [2025-11-28T07:14:56.270+0000] {dag.py:3036} INFO - Sync 1 DAGs
[2025-11-28T07:14:56.281+0000] {logging_mixin.py:188} INFO - [2025-11-28T07:14:56.281+0000] {dag.py:3823} INFO - Setting next_dagrun for tutorial_dag to None, run_after=None
[2025-11-28T07:14:56.300+0000] {processor.py:183} INFO - Processing /home/airflow/.local/lib/python3.8/site-packages/airflow/example_dags/tutorial_dag.py took 0.062 seconds
[2025-11-28T07:15:27.125+0000] {processor.py:161} INFO - Started process (PID=2579) to work on /home/airflow/.local/lib/python3.8/site-packages/airflow/example_dags/tutorial_dag.py
[2025-11-28T07:15:27.127+0000] {processor.py:830} INFO - Processing file /home/airflow/.local/lib/python3.8/site-packages/airflow/example_dags/tutorial_dag.py for tasks to queue
[2025-11-28T07:15:27.129+0000] {logging_mixin.py:188} INFO - [2025-11-28T07:15:27.129+0000] {dagbag.py:538} INFO - Filling up the DagBag from /home/airflow/.local/lib/python3.8/site-packages/airflow/example_dags/tutorial_dag.py
[2025-11-28T07:15:27.141+0000] {processor.py:840} INFO - DAG(s) 'tutorial_dag' retrieved from /home/airflow/.local/lib/python3.8/site-packages/airflow/example_dags/tutorial_dag.py
[2025-11-28T07:15:27.178+0000] {logging_mixin.py:188} INFO - [2025-11-28T07:15:27.178+0000] {dag.py:3036} INFO - Sync 1 DAGs
[2025-11-28T07:15:27.200+0000] {logging_mixin.py:188} INFO - [2025-11-28T07:15:27.200+0000] {dag.py:3823} INFO - Setting next_dagrun for tutorial_dag to None, run_after=None
[2025-11-28T07:15:27.245+0000] {processor.py:183} INFO - Processing /home/airflow/.local/lib/python3.8/site-packages/airflow/example_dags/tutorial_dag.py took 0.122 seconds
[2025-11-28T07:15:58.034+0000] {processor.py:161} INFO - Started process (PID=2634) to work on /home/airflow/.local/lib/python3.8/site-packages/airflow/example_dags/tutorial_dag.py
[2025-11-28T07:15:58.036+0000] {processor.py:830} INFO - Processing file /home/airflow/.local/lib/python3.8/site-packages/airflow/example_dags/tutorial_dag.py for tasks to queue
[2025-11-28T07:15:58.040+0000] {logging_mixin.py:188} INFO - [2025-11-28T07:15:58.040+0000] {dagbag.py:538} INFO - Filling up the DagBag from /home/airflow/.local/lib/python3.8/site-packages/airflow/example_dags/tutorial_dag.py
[2025-11-28T07:15:58.050+0000] {processor.py:840} INFO - DAG(s) 'tutorial_dag' retrieved from /home/airflow/.local/lib/python3.8/site-packages/airflow/example_dags/tutorial_dag.py
[2025-11-28T07:15:58.074+0000] {logging_mixin.py:188} INFO - [2025-11-28T07:15:58.074+0000] {dag.py:3036} INFO - Sync 1 DAGs
[2025-11-28T07:15:58.090+0000] {logging_mixin.py:188} INFO - [2025-11-28T07:15:58.090+0000] {dag.py:3823} INFO - Setting next_dagrun for tutorial_dag to None, run_after=None
[2025-11-28T07:15:58.119+0000] {processor.py:183} INFO - Processing /home/airflow/.local/lib/python3.8/site-packages/airflow/example_dags/tutorial_dag.py took 0.092 seconds
[2025-11-28T07:16:28.697+0000] {processor.py:161} INFO - Started process (PID=2689) to work on /home/airflow/.local/lib/python3.8/site-packages/airflow/example_dags/tutorial_dag.py
[2025-11-28T07:16:28.700+0000] {processor.py:830} INFO - Processing file /home/airflow/.local/lib/python3.8/site-packages/airflow/example_dags/tutorial_dag.py for tasks to queue
[2025-11-28T07:16:28.707+0000] {logging_mixin.py:188} INFO - [2025-11-28T07:16:28.706+0000] {dagbag.py:538} INFO - Filling up the DagBag from /home/airflow/.local/lib/python3.8/site-packages/airflow/example_dags/tutorial_dag.py
[2025-11-28T07:16:28.714+0000] {processor.py:840} INFO - DAG(s) 'tutorial_dag' retrieved from /home/airflow/.local/lib/python3.8/site-packages/airflow/example_dags/tutorial_dag.py
[2025-11-28T07:16:28.848+0000] {logging_mixin.py:188} INFO - [2025-11-28T07:16:28.848+0000] {dag.py:3036} INFO - Sync 1 DAGs
[2025-11-28T07:16:28.858+0000] {logging_mixin.py:188} INFO - [2025-11-28T07:16:28.858+0000] {dag.py:3823} INFO - Setting next_dagrun for tutorial_dag to None, run_after=None
[2025-11-28T07:16:28.876+0000] {processor.py:183} INFO - Processing /home/airflow/.local/lib/python3.8/site-packages/airflow/example_dags/tutorial_dag.py took 0.185 seconds
[2025-11-28T07:16:58.937+0000] {processor.py:161} INFO - Started process (PID=2744) to work on /home/airflow/.local/lib/python3.8/site-packages/airflow/example_dags/tutorial_dag.py
[2025-11-28T07:16:58.939+0000] {processor.py:830} INFO - Processing file /home/airflow/.local/lib/python3.8/site-packages/airflow/example_dags/tutorial_dag.py for tasks to queue
[2025-11-28T07:16:58.942+0000] {logging_mixin.py:188} INFO - [2025-11-28T07:16:58.941+0000] {dagbag.py:538} INFO - Filling up the DagBag from /home/airflow/.local/lib/python3.8/site-packages/airflow/example_dags/tutorial_dag.py
[2025-11-28T07:16:58.951+0000] {processor.py:840} INFO - DAG(s) 'tutorial_dag' retrieved from /home/airflow/.local/lib/python3.8/site-packages/airflow/example_dags/tutorial_dag.py
[2025-11-28T07:16:58.976+0000] {logging_mixin.py:188} INFO - [2025-11-28T07:16:58.975+0000] {dag.py:3036} INFO - Sync 1 DAGs
[2025-11-28T07:16:58.988+0000] {logging_mixin.py:188} INFO - [2025-11-28T07:16:58.988+0000] {dag.py:3823} INFO - Setting next_dagrun for tutorial_dag to None, run_after=None
[2025-11-28T07:16:59.008+0000] {processor.py:183} INFO - Processing /home/airflow/.local/lib/python3.8/site-packages/airflow/example_dags/tutorial_dag.py took 0.074 seconds
[2025-11-28T07:17:29.111+0000] {processor.py:161} INFO - Started process (PID=2799) to work on /home/airflow/.local/lib/python3.8/site-packages/airflow/example_dags/tutorial_dag.py
[2025-11-28T07:17:29.112+0000] {processor.py:830} INFO - Processing file /home/airflow/.local/lib/python3.8/site-packages/airflow/example_dags/tutorial_dag.py for tasks to queue
[2025-11-28T07:17:29.114+0000] {logging_mixin.py:188} INFO - [2025-11-28T07:17:29.114+0000] {dagbag.py:538} INFO - Filling up the DagBag from /home/airflow/.local/lib/python3.8/site-packages/airflow/example_dags/tutorial_dag.py
[2025-11-28T07:17:29.120+0000] {processor.py:840} INFO - DAG(s) 'tutorial_dag' retrieved from /home/airflow/.local/lib/python3.8/site-packages/airflow/example_dags/tutorial_dag.py
[2025-11-28T07:17:29.138+0000] {logging_mixin.py:188} INFO - [2025-11-28T07:17:29.138+0000] {dag.py:3036} INFO - Sync 1 DAGs
[2025-11-28T07:17:29.151+0000] {logging_mixin.py:188} INFO - [2025-11-28T07:17:29.150+0000] {dag.py:3823} INFO - Setting next_dagrun for tutorial_dag to None, run_after=None
[2025-11-28T07:17:29.170+0000] {processor.py:183} INFO - Processing /home/airflow/.local/lib/python3.8/site-packages/airflow/example_dags/tutorial_dag.py took 0.062 seconds
[2025-11-28T07:17:59.579+0000] {processor.py:161} INFO - Started process (PID=2854) to work on /home/airflow/.local/lib/python3.8/site-packages/airflow/example_dags/tutorial_dag.py
[2025-11-28T07:17:59.580+0000] {processor.py:830} INFO - Processing file /home/airflow/.local/lib/python3.8/site-packages/airflow/example_dags/tutorial_dag.py for tasks to queue
[2025-11-28T07:17:59.583+0000] {logging_mixin.py:188} INFO - [2025-11-28T07:17:59.583+0000] {dagbag.py:538} INFO - Filling up the DagBag from /home/airflow/.local/lib/python3.8/site-packages/airflow/example_dags/tutorial_dag.py
[2025-11-28T07:17:59.588+0000] {processor.py:840} INFO - DAG(s) 'tutorial_dag' retrieved from /home/airflow/.local/lib/python3.8/site-packages/airflow/example_dags/tutorial_dag.py
[2025-11-28T07:17:59.605+0000] {logging_mixin.py:188} INFO - [2025-11-28T07:17:59.605+0000] {dag.py:3036} INFO - Sync 1 DAGs
[2025-11-28T07:17:59.616+0000] {logging_mixin.py:188} INFO - [2025-11-28T07:17:59.615+0000] {dag.py:3823} INFO - Setting next_dagrun for tutorial_dag to None, run_after=None
[2025-11-28T07:17:59.633+0000] {processor.py:183} INFO - Processing /home/airflow/.local/lib/python3.8/site-packages/airflow/example_dags/tutorial_dag.py took 0.060 seconds
[2025-11-28T07:18:29.842+0000] {processor.py:161} INFO - Started process (PID=2909) to work on /home/airflow/.local/lib/python3.8/site-packages/airflow/example_dags/tutorial_dag.py
[2025-11-28T07:18:29.845+0000] {processor.py:830} INFO - Processing file /home/airflow/.local/lib/python3.8/site-packages/airflow/example_dags/tutorial_dag.py for tasks to queue
[2025-11-28T07:18:29.847+0000] {logging_mixin.py:188} INFO - [2025-11-28T07:18:29.846+0000] {dagbag.py:538} INFO - Filling up the DagBag from /home/airflow/.local/lib/python3.8/site-packages/airflow/example_dags/tutorial_dag.py
[2025-11-28T07:18:29.852+0000] {processor.py:840} INFO - DAG(s) 'tutorial_dag' retrieved from /home/airflow/.local/lib/python3.8/site-packages/airflow/example_dags/tutorial_dag.py
[2025-11-28T07:18:29.871+0000] {logging_mixin.py:188} INFO - [2025-11-28T07:18:29.871+0000] {dag.py:3036} INFO - Sync 1 DAGs
[2025-11-28T07:18:29.880+0000] {logging_mixin.py:188} INFO - [2025-11-28T07:18:29.879+0000] {dag.py:3823} INFO - Setting next_dagrun for tutorial_dag to None, run_after=None
[2025-11-28T07:18:29.896+0000] {processor.py:183} INFO - Processing /home/airflow/.local/lib/python3.8/site-packages/airflow/example_dags/tutorial_dag.py took 0.056 seconds
[2025-11-28T07:19:00.256+0000] {processor.py:161} INFO - Started process (PID=2964) to work on /home/airflow/.local/lib/python3.8/site-packages/airflow/example_dags/tutorial_dag.py
[2025-11-28T07:19:00.257+0000] {processor.py:830} INFO - Processing file /home/airflow/.local/lib/python3.8/site-packages/airflow/example_dags/tutorial_dag.py for tasks to queue
[2025-11-28T07:19:00.259+0000] {logging_mixin.py:188} INFO - [2025-11-28T07:19:00.259+0000] {dagbag.py:538} INFO - Filling up the DagBag from /home/airflow/.local/lib/python3.8/site-packages/airflow/example_dags/tutorial_dag.py
[2025-11-28T07:19:00.265+0000] {processor.py:840} INFO - DAG(s) 'tutorial_dag' retrieved from /home/airflow/.local/lib/python3.8/site-packages/airflow/example_dags/tutorial_dag.py
[2025-11-28T07:19:00.288+0000] {logging_mixin.py:188} INFO - [2025-11-28T07:19:00.287+0000] {dag.py:3036} INFO - Sync 1 DAGs
[2025-11-28T07:19:00.298+0000] {logging_mixin.py:188} INFO - [2025-11-28T07:19:00.298+0000] {dag.py:3823} INFO - Setting next_dagrun for tutorial_dag to None, run_after=None
[2025-11-28T07:19:00.314+0000] {processor.py:183} INFO - Processing /home/airflow/.local/lib/python3.8/site-packages/airflow/example_dags/tutorial_dag.py took 0.061 seconds
[2025-11-28T07:19:30.552+0000] {processor.py:161} INFO - Started process (PID=3018) to work on /home/airflow/.local/lib/python3.8/site-packages/airflow/example_dags/tutorial_dag.py
[2025-11-28T07:19:30.554+0000] {processor.py:830} INFO - Processing file /home/airflow/.local/lib/python3.8/site-packages/airflow/example_dags/tutorial_dag.py for tasks to queue
[2025-11-28T07:19:30.556+0000] {logging_mixin.py:188} INFO - [2025-11-28T07:19:30.556+0000] {dagbag.py:538} INFO - Filling up the DagBag from /home/airflow/.local/lib/python3.8/site-packages/airflow/example_dags/tutorial_dag.py
[2025-11-28T07:19:30.563+0000] {processor.py:840} INFO - DAG(s) 'tutorial_dag' retrieved from /home/airflow/.local/lib/python3.8/site-packages/airflow/example_dags/tutorial_dag.py
[2025-11-28T07:19:30.588+0000] {logging_mixin.py:188} INFO - [2025-11-28T07:19:30.588+0000] {dag.py:3036} INFO - Sync 1 DAGs
[2025-11-28T07:19:30.603+0000] {logging_mixin.py:188} INFO - [2025-11-28T07:19:30.602+0000] {dag.py:3823} INFO - Setting next_dagrun for tutorial_dag to None, run_after=None
[2025-11-28T07:19:30.622+0000] {processor.py:183} INFO - Processing /home/airflow/.local/lib/python3.8/site-packages/airflow/example_dags/tutorial_dag.py took 0.077 seconds
