[2025-11-28T06:52:28.898+0000] {processor.py:161} INFO - Started process (PID=108) to work on /home/airflow/.local/lib/python3.8/site-packages/airflow/example_dags/tutorial_objectstorage.py
[2025-11-28T06:52:28.900+0000] {processor.py:830} INFO - Processing file /home/airflow/.local/lib/python3.8/site-packages/airflow/example_dags/tutorial_objectstorage.py for tasks to queue
[2025-11-28T06:52:28.903+0000] {logging_mixin.py:188} INFO - [2025-11-28T06:52:28.902+0000] {dagbag.py:538} INFO - Filling up the DagBag from /home/airflow/.local/lib/python3.8/site-packages/airflow/example_dags/tutorial_objectstorage.py
[2025-11-28T06:52:28.913+0000] {processor.py:840} INFO - DAG(s) 'tutorial_objectstorage' retrieved from /home/airflow/.local/lib/python3.8/site-packages/airflow/example_dags/tutorial_objectstorage.py
[2025-11-28T06:52:29.026+0000] {logging_mixin.py:188} INFO - [2025-11-28T06:52:29.026+0000] {override.py:1769} INFO - Created Permission View: can edit on DAG:tutorial_objectstorage
[2025-11-28T06:52:29.039+0000] {logging_mixin.py:188} INFO - [2025-11-28T06:52:29.039+0000] {override.py:1769} INFO - Created Permission View: can delete on DAG:tutorial_objectstorage
[2025-11-28T06:52:29.051+0000] {logging_mixin.py:188} INFO - [2025-11-28T06:52:29.050+0000] {override.py:1769} INFO - Created Permission View: can read on DAG:tutorial_objectstorage
[2025-11-28T06:52:29.052+0000] {logging_mixin.py:188} INFO - [2025-11-28T06:52:29.052+0000] {dag.py:3036} INFO - Sync 1 DAGs
[2025-11-28T06:52:29.076+0000] {logging_mixin.py:188} INFO - [2025-11-28T06:52:29.076+0000] {dag.py:3058} INFO - Creating ORM DAG for tutorial_objectstorage
[2025-11-28T06:52:29.078+0000] {logging_mixin.py:188} INFO - [2025-11-28T06:52:29.078+0000] {dag.py:3823} INFO - Setting next_dagrun for tutorial_objectstorage to None, run_after=None
[2025-11-28T06:52:29.102+0000] {processor.py:183} INFO - Processing /home/airflow/.local/lib/python3.8/site-packages/airflow/example_dags/tutorial_objectstorage.py took 0.207 seconds
[2025-11-28T06:52:59.433+0000] {processor.py:161} INFO - Started process (PID=163) to work on /home/airflow/.local/lib/python3.8/site-packages/airflow/example_dags/tutorial_objectstorage.py
[2025-11-28T06:52:59.434+0000] {processor.py:830} INFO - Processing file /home/airflow/.local/lib/python3.8/site-packages/airflow/example_dags/tutorial_objectstorage.py for tasks to queue
[2025-11-28T06:52:59.437+0000] {logging_mixin.py:188} INFO - [2025-11-28T06:52:59.436+0000] {dagbag.py:538} INFO - Filling up the DagBag from /home/airflow/.local/lib/python3.8/site-packages/airflow/example_dags/tutorial_objectstorage.py
[2025-11-28T06:52:59.447+0000] {processor.py:840} INFO - DAG(s) 'tutorial_objectstorage' retrieved from /home/airflow/.local/lib/python3.8/site-packages/airflow/example_dags/tutorial_objectstorage.py
[2025-11-28T06:52:59.469+0000] {logging_mixin.py:188} INFO - [2025-11-28T06:52:59.469+0000] {dag.py:3036} INFO - Sync 1 DAGs
[2025-11-28T06:52:59.482+0000] {logging_mixin.py:188} INFO - [2025-11-28T06:52:59.482+0000] {dag.py:3823} INFO - Setting next_dagrun for tutorial_objectstorage to None, run_after=None
[2025-11-28T06:52:59.498+0000] {processor.py:183} INFO - Processing /home/airflow/.local/lib/python3.8/site-packages/airflow/example_dags/tutorial_objectstorage.py took 0.069 seconds
[2025-11-28T06:53:29.741+0000] {processor.py:161} INFO - Started process (PID=218) to work on /home/airflow/.local/lib/python3.8/site-packages/airflow/example_dags/tutorial_objectstorage.py
[2025-11-28T06:53:29.743+0000] {processor.py:830} INFO - Processing file /home/airflow/.local/lib/python3.8/site-packages/airflow/example_dags/tutorial_objectstorage.py for tasks to queue
[2025-11-28T06:53:29.748+0000] {logging_mixin.py:188} INFO - [2025-11-28T06:53:29.747+0000] {dagbag.py:538} INFO - Filling up the DagBag from /home/airflow/.local/lib/python3.8/site-packages/airflow/example_dags/tutorial_objectstorage.py
[2025-11-28T06:53:29.759+0000] {processor.py:840} INFO - DAG(s) 'tutorial_objectstorage' retrieved from /home/airflow/.local/lib/python3.8/site-packages/airflow/example_dags/tutorial_objectstorage.py
[2025-11-28T06:53:29.786+0000] {logging_mixin.py:188} INFO - [2025-11-28T06:53:29.786+0000] {dag.py:3036} INFO - Sync 1 DAGs
[2025-11-28T06:53:29.796+0000] {logging_mixin.py:188} INFO - [2025-11-28T06:53:29.796+0000] {dag.py:3823} INFO - Setting next_dagrun for tutorial_objectstorage to None, run_after=None
[2025-11-28T06:53:29.813+0000] {processor.py:183} INFO - Processing /home/airflow/.local/lib/python3.8/site-packages/airflow/example_dags/tutorial_objectstorage.py took 0.076 seconds
[2025-11-28T06:54:00.180+0000] {processor.py:161} INFO - Started process (PID=273) to work on /home/airflow/.local/lib/python3.8/site-packages/airflow/example_dags/tutorial_objectstorage.py
[2025-11-28T06:54:00.182+0000] {processor.py:830} INFO - Processing file /home/airflow/.local/lib/python3.8/site-packages/airflow/example_dags/tutorial_objectstorage.py for tasks to queue
[2025-11-28T06:54:00.184+0000] {logging_mixin.py:188} INFO - [2025-11-28T06:54:00.183+0000] {dagbag.py:538} INFO - Filling up the DagBag from /home/airflow/.local/lib/python3.8/site-packages/airflow/example_dags/tutorial_objectstorage.py
[2025-11-28T06:54:00.190+0000] {processor.py:840} INFO - DAG(s) 'tutorial_objectstorage' retrieved from /home/airflow/.local/lib/python3.8/site-packages/airflow/example_dags/tutorial_objectstorage.py
[2025-11-28T06:54:00.208+0000] {logging_mixin.py:188} INFO - [2025-11-28T06:54:00.208+0000] {dag.py:3036} INFO - Sync 1 DAGs
[2025-11-28T06:54:00.221+0000] {logging_mixin.py:188} INFO - [2025-11-28T06:54:00.221+0000] {dag.py:3823} INFO - Setting next_dagrun for tutorial_objectstorage to None, run_after=None
[2025-11-28T06:54:00.241+0000] {processor.py:183} INFO - Processing /home/airflow/.local/lib/python3.8/site-packages/airflow/example_dags/tutorial_objectstorage.py took 0.064 seconds
[2025-11-28T06:54:31.228+0000] {processor.py:161} INFO - Started process (PID=328) to work on /home/airflow/.local/lib/python3.8/site-packages/airflow/example_dags/tutorial_objectstorage.py
[2025-11-28T06:54:31.230+0000] {processor.py:830} INFO - Processing file /home/airflow/.local/lib/python3.8/site-packages/airflow/example_dags/tutorial_objectstorage.py for tasks to queue
[2025-11-28T06:54:31.232+0000] {logging_mixin.py:188} INFO - [2025-11-28T06:54:31.232+0000] {dagbag.py:538} INFO - Filling up the DagBag from /home/airflow/.local/lib/python3.8/site-packages/airflow/example_dags/tutorial_objectstorage.py
[2025-11-28T06:54:31.240+0000] {processor.py:840} INFO - DAG(s) 'tutorial_objectstorage' retrieved from /home/airflow/.local/lib/python3.8/site-packages/airflow/example_dags/tutorial_objectstorage.py
[2025-11-28T06:54:31.263+0000] {logging_mixin.py:188} INFO - [2025-11-28T06:54:31.262+0000] {dag.py:3036} INFO - Sync 1 DAGs
[2025-11-28T06:54:31.274+0000] {logging_mixin.py:188} INFO - [2025-11-28T06:54:31.274+0000] {dag.py:3823} INFO - Setting next_dagrun for tutorial_objectstorage to None, run_after=None
[2025-11-28T06:54:31.295+0000] {processor.py:183} INFO - Processing /home/airflow/.local/lib/python3.8/site-packages/airflow/example_dags/tutorial_objectstorage.py took 0.071 seconds
[2025-11-28T06:55:01.945+0000] {processor.py:161} INFO - Started process (PID=383) to work on /home/airflow/.local/lib/python3.8/site-packages/airflow/example_dags/tutorial_objectstorage.py
[2025-11-28T06:55:01.946+0000] {processor.py:830} INFO - Processing file /home/airflow/.local/lib/python3.8/site-packages/airflow/example_dags/tutorial_objectstorage.py for tasks to queue
[2025-11-28T06:55:01.949+0000] {logging_mixin.py:188} INFO - [2025-11-28T06:55:01.948+0000] {dagbag.py:538} INFO - Filling up the DagBag from /home/airflow/.local/lib/python3.8/site-packages/airflow/example_dags/tutorial_objectstorage.py
[2025-11-28T06:55:01.955+0000] {processor.py:840} INFO - DAG(s) 'tutorial_objectstorage' retrieved from /home/airflow/.local/lib/python3.8/site-packages/airflow/example_dags/tutorial_objectstorage.py
[2025-11-28T06:55:01.968+0000] {logging_mixin.py:188} INFO - [2025-11-28T06:55:01.968+0000] {dag.py:3036} INFO - Sync 1 DAGs
[2025-11-28T06:55:01.980+0000] {logging_mixin.py:188} INFO - [2025-11-28T06:55:01.980+0000] {dag.py:3823} INFO - Setting next_dagrun for tutorial_objectstorage to None, run_after=None
[2025-11-28T06:55:01.997+0000] {processor.py:183} INFO - Processing /home/airflow/.local/lib/python3.8/site-packages/airflow/example_dags/tutorial_objectstorage.py took 0.055 seconds
[2025-11-28T06:55:32.830+0000] {processor.py:161} INFO - Started process (PID=438) to work on /home/airflow/.local/lib/python3.8/site-packages/airflow/example_dags/tutorial_objectstorage.py
[2025-11-28T06:55:32.831+0000] {processor.py:830} INFO - Processing file /home/airflow/.local/lib/python3.8/site-packages/airflow/example_dags/tutorial_objectstorage.py for tasks to queue
[2025-11-28T06:55:32.833+0000] {logging_mixin.py:188} INFO - [2025-11-28T06:55:32.832+0000] {dagbag.py:538} INFO - Filling up the DagBag from /home/airflow/.local/lib/python3.8/site-packages/airflow/example_dags/tutorial_objectstorage.py
[2025-11-28T06:55:32.839+0000] {processor.py:840} INFO - DAG(s) 'tutorial_objectstorage' retrieved from /home/airflow/.local/lib/python3.8/site-packages/airflow/example_dags/tutorial_objectstorage.py
[2025-11-28T06:55:32.928+0000] {logging_mixin.py:188} INFO - [2025-11-28T06:55:32.928+0000] {dag.py:3036} INFO - Sync 1 DAGs
[2025-11-28T06:55:32.938+0000] {logging_mixin.py:188} INFO - [2025-11-28T06:55:32.938+0000] {dag.py:3823} INFO - Setting next_dagrun for tutorial_objectstorage to None, run_after=None
[2025-11-28T06:55:32.958+0000] {processor.py:183} INFO - Processing /home/airflow/.local/lib/python3.8/site-packages/airflow/example_dags/tutorial_objectstorage.py took 0.132 seconds
[2025-11-28T06:56:03.459+0000] {processor.py:161} INFO - Started process (PID=493) to work on /home/airflow/.local/lib/python3.8/site-packages/airflow/example_dags/tutorial_objectstorage.py
[2025-11-28T06:56:03.460+0000] {processor.py:830} INFO - Processing file /home/airflow/.local/lib/python3.8/site-packages/airflow/example_dags/tutorial_objectstorage.py for tasks to queue
[2025-11-28T06:56:03.462+0000] {logging_mixin.py:188} INFO - [2025-11-28T06:56:03.462+0000] {dagbag.py:538} INFO - Filling up the DagBag from /home/airflow/.local/lib/python3.8/site-packages/airflow/example_dags/tutorial_objectstorage.py
[2025-11-28T06:56:03.468+0000] {processor.py:840} INFO - DAG(s) 'tutorial_objectstorage' retrieved from /home/airflow/.local/lib/python3.8/site-packages/airflow/example_dags/tutorial_objectstorage.py
[2025-11-28T06:56:03.489+0000] {logging_mixin.py:188} INFO - [2025-11-28T06:56:03.489+0000] {dag.py:3036} INFO - Sync 1 DAGs
[2025-11-28T06:56:03.500+0000] {logging_mixin.py:188} INFO - [2025-11-28T06:56:03.500+0000] {dag.py:3823} INFO - Setting next_dagrun for tutorial_objectstorage to None, run_after=None
[2025-11-28T06:56:03.518+0000] {processor.py:183} INFO - Processing /home/airflow/.local/lib/python3.8/site-packages/airflow/example_dags/tutorial_objectstorage.py took 0.062 seconds
[2025-11-28T06:56:33.733+0000] {processor.py:161} INFO - Started process (PID=548) to work on /home/airflow/.local/lib/python3.8/site-packages/airflow/example_dags/tutorial_objectstorage.py
[2025-11-28T06:56:33.735+0000] {processor.py:830} INFO - Processing file /home/airflow/.local/lib/python3.8/site-packages/airflow/example_dags/tutorial_objectstorage.py for tasks to queue
[2025-11-28T06:56:33.740+0000] {logging_mixin.py:188} INFO - [2025-11-28T06:56:33.739+0000] {dagbag.py:538} INFO - Filling up the DagBag from /home/airflow/.local/lib/python3.8/site-packages/airflow/example_dags/tutorial_objectstorage.py
[2025-11-28T06:56:33.751+0000] {processor.py:840} INFO - DAG(s) 'tutorial_objectstorage' retrieved from /home/airflow/.local/lib/python3.8/site-packages/airflow/example_dags/tutorial_objectstorage.py
[2025-11-28T06:56:33.774+0000] {logging_mixin.py:188} INFO - [2025-11-28T06:56:33.774+0000] {dag.py:3036} INFO - Sync 1 DAGs
[2025-11-28T06:56:33.782+0000] {logging_mixin.py:188} INFO - [2025-11-28T06:56:33.782+0000] {dag.py:3823} INFO - Setting next_dagrun for tutorial_objectstorage to None, run_after=None
[2025-11-28T06:56:33.799+0000] {processor.py:183} INFO - Processing /home/airflow/.local/lib/python3.8/site-packages/airflow/example_dags/tutorial_objectstorage.py took 0.074 seconds
[2025-11-28T06:57:04.298+0000] {processor.py:161} INFO - Started process (PID=603) to work on /home/airflow/.local/lib/python3.8/site-packages/airflow/example_dags/tutorial_objectstorage.py
[2025-11-28T06:57:04.300+0000] {processor.py:830} INFO - Processing file /home/airflow/.local/lib/python3.8/site-packages/airflow/example_dags/tutorial_objectstorage.py for tasks to queue
[2025-11-28T06:57:04.303+0000] {logging_mixin.py:188} INFO - [2025-11-28T06:57:04.302+0000] {dagbag.py:538} INFO - Filling up the DagBag from /home/airflow/.local/lib/python3.8/site-packages/airflow/example_dags/tutorial_objectstorage.py
[2025-11-28T06:57:04.308+0000] {processor.py:840} INFO - DAG(s) 'tutorial_objectstorage' retrieved from /home/airflow/.local/lib/python3.8/site-packages/airflow/example_dags/tutorial_objectstorage.py
[2025-11-28T06:57:04.324+0000] {logging_mixin.py:188} INFO - [2025-11-28T06:57:04.324+0000] {dag.py:3036} INFO - Sync 1 DAGs
[2025-11-28T06:57:04.333+0000] {logging_mixin.py:188} INFO - [2025-11-28T06:57:04.333+0000] {dag.py:3823} INFO - Setting next_dagrun for tutorial_objectstorage to None, run_after=None
[2025-11-28T06:57:04.347+0000] {processor.py:183} INFO - Processing /home/airflow/.local/lib/python3.8/site-packages/airflow/example_dags/tutorial_objectstorage.py took 0.051 seconds
[2025-11-28T06:57:34.971+0000] {processor.py:161} INFO - Started process (PID=658) to work on /home/airflow/.local/lib/python3.8/site-packages/airflow/example_dags/tutorial_objectstorage.py
[2025-11-28T06:57:34.975+0000] {processor.py:830} INFO - Processing file /home/airflow/.local/lib/python3.8/site-packages/airflow/example_dags/tutorial_objectstorage.py for tasks to queue
[2025-11-28T06:57:34.982+0000] {logging_mixin.py:188} INFO - [2025-11-28T06:57:34.981+0000] {dagbag.py:538} INFO - Filling up the DagBag from /home/airflow/.local/lib/python3.8/site-packages/airflow/example_dags/tutorial_objectstorage.py
[2025-11-28T06:57:34.991+0000] {processor.py:840} INFO - DAG(s) 'tutorial_objectstorage' retrieved from /home/airflow/.local/lib/python3.8/site-packages/airflow/example_dags/tutorial_objectstorage.py
[2025-11-28T06:57:35.015+0000] {logging_mixin.py:188} INFO - [2025-11-28T06:57:35.015+0000] {dag.py:3036} INFO - Sync 1 DAGs
[2025-11-28T06:57:35.026+0000] {logging_mixin.py:188} INFO - [2025-11-28T06:57:35.026+0000] {dag.py:3823} INFO - Setting next_dagrun for tutorial_objectstorage to None, run_after=None
[2025-11-28T06:57:35.057+0000] {processor.py:183} INFO - Processing /home/airflow/.local/lib/python3.8/site-packages/airflow/example_dags/tutorial_objectstorage.py took 0.095 seconds
[2025-11-28T06:58:05.808+0000] {processor.py:161} INFO - Started process (PID=713) to work on /home/airflow/.local/lib/python3.8/site-packages/airflow/example_dags/tutorial_objectstorage.py
[2025-11-28T06:58:05.810+0000] {processor.py:830} INFO - Processing file /home/airflow/.local/lib/python3.8/site-packages/airflow/example_dags/tutorial_objectstorage.py for tasks to queue
[2025-11-28T06:58:05.812+0000] {logging_mixin.py:188} INFO - [2025-11-28T06:58:05.811+0000] {dagbag.py:538} INFO - Filling up the DagBag from /home/airflow/.local/lib/python3.8/site-packages/airflow/example_dags/tutorial_objectstorage.py
[2025-11-28T06:58:05.819+0000] {processor.py:840} INFO - DAG(s) 'tutorial_objectstorage' retrieved from /home/airflow/.local/lib/python3.8/site-packages/airflow/example_dags/tutorial_objectstorage.py
[2025-11-28T06:58:05.835+0000] {logging_mixin.py:188} INFO - [2025-11-28T06:58:05.835+0000] {dag.py:3036} INFO - Sync 1 DAGs
[2025-11-28T06:58:05.845+0000] {logging_mixin.py:188} INFO - [2025-11-28T06:58:05.845+0000] {dag.py:3823} INFO - Setting next_dagrun for tutorial_objectstorage to None, run_after=None
[2025-11-28T06:58:05.864+0000] {processor.py:183} INFO - Processing /home/airflow/.local/lib/python3.8/site-packages/airflow/example_dags/tutorial_objectstorage.py took 0.059 seconds
[2025-11-28T06:58:36.091+0000] {processor.py:161} INFO - Started process (PID=768) to work on /home/airflow/.local/lib/python3.8/site-packages/airflow/example_dags/tutorial_objectstorage.py
[2025-11-28T06:58:36.093+0000] {processor.py:830} INFO - Processing file /home/airflow/.local/lib/python3.8/site-packages/airflow/example_dags/tutorial_objectstorage.py for tasks to queue
[2025-11-28T06:58:36.095+0000] {logging_mixin.py:188} INFO - [2025-11-28T06:58:36.095+0000] {dagbag.py:538} INFO - Filling up the DagBag from /home/airflow/.local/lib/python3.8/site-packages/airflow/example_dags/tutorial_objectstorage.py
[2025-11-28T06:58:36.106+0000] {processor.py:840} INFO - DAG(s) 'tutorial_objectstorage' retrieved from /home/airflow/.local/lib/python3.8/site-packages/airflow/example_dags/tutorial_objectstorage.py
[2025-11-28T06:58:36.120+0000] {logging_mixin.py:188} INFO - [2025-11-28T06:58:36.120+0000] {dag.py:3036} INFO - Sync 1 DAGs
[2025-11-28T06:58:36.128+0000] {logging_mixin.py:188} INFO - [2025-11-28T06:58:36.128+0000] {dag.py:3823} INFO - Setting next_dagrun for tutorial_objectstorage to None, run_after=None
[2025-11-28T06:58:36.149+0000] {processor.py:183} INFO - Processing /home/airflow/.local/lib/python3.8/site-packages/airflow/example_dags/tutorial_objectstorage.py took 0.062 seconds
[2025-11-28T06:59:06.921+0000] {processor.py:161} INFO - Started process (PID=823) to work on /home/airflow/.local/lib/python3.8/site-packages/airflow/example_dags/tutorial_objectstorage.py
[2025-11-28T06:59:06.923+0000] {processor.py:830} INFO - Processing file /home/airflow/.local/lib/python3.8/site-packages/airflow/example_dags/tutorial_objectstorage.py for tasks to queue
[2025-11-28T06:59:06.926+0000] {logging_mixin.py:188} INFO - [2025-11-28T06:59:06.926+0000] {dagbag.py:538} INFO - Filling up the DagBag from /home/airflow/.local/lib/python3.8/site-packages/airflow/example_dags/tutorial_objectstorage.py
[2025-11-28T06:59:06.936+0000] {processor.py:840} INFO - DAG(s) 'tutorial_objectstorage' retrieved from /home/airflow/.local/lib/python3.8/site-packages/airflow/example_dags/tutorial_objectstorage.py
[2025-11-28T06:59:06.957+0000] {logging_mixin.py:188} INFO - [2025-11-28T06:59:06.957+0000] {dag.py:3036} INFO - Sync 1 DAGs
[2025-11-28T06:59:06.976+0000] {logging_mixin.py:188} INFO - [2025-11-28T06:59:06.976+0000] {dag.py:3823} INFO - Setting next_dagrun for tutorial_objectstorage to None, run_after=None
[2025-11-28T06:59:07.007+0000] {processor.py:183} INFO - Processing /home/airflow/.local/lib/python3.8/site-packages/airflow/example_dags/tutorial_objectstorage.py took 0.091 seconds
[2025-11-28T06:59:37.461+0000] {processor.py:161} INFO - Started process (PID=878) to work on /home/airflow/.local/lib/python3.8/site-packages/airflow/example_dags/tutorial_objectstorage.py
[2025-11-28T06:59:37.463+0000] {processor.py:830} INFO - Processing file /home/airflow/.local/lib/python3.8/site-packages/airflow/example_dags/tutorial_objectstorage.py for tasks to queue
[2025-11-28T06:59:37.466+0000] {logging_mixin.py:188} INFO - [2025-11-28T06:59:37.465+0000] {dagbag.py:538} INFO - Filling up the DagBag from /home/airflow/.local/lib/python3.8/site-packages/airflow/example_dags/tutorial_objectstorage.py
[2025-11-28T06:59:37.472+0000] {processor.py:840} INFO - DAG(s) 'tutorial_objectstorage' retrieved from /home/airflow/.local/lib/python3.8/site-packages/airflow/example_dags/tutorial_objectstorage.py
[2025-11-28T06:59:37.493+0000] {logging_mixin.py:188} INFO - [2025-11-28T06:59:37.493+0000] {dag.py:3036} INFO - Sync 1 DAGs
[2025-11-28T06:59:37.506+0000] {logging_mixin.py:188} INFO - [2025-11-28T06:59:37.506+0000] {dag.py:3823} INFO - Setting next_dagrun for tutorial_objectstorage to None, run_after=None
[2025-11-28T06:59:37.532+0000] {processor.py:183} INFO - Processing /home/airflow/.local/lib/python3.8/site-packages/airflow/example_dags/tutorial_objectstorage.py took 0.074 seconds
[2025-11-28T07:00:09.199+0000] {processor.py:161} INFO - Started process (PID=933) to work on /home/airflow/.local/lib/python3.8/site-packages/airflow/example_dags/tutorial_objectstorage.py
[2025-11-28T07:00:09.200+0000] {processor.py:830} INFO - Processing file /home/airflow/.local/lib/python3.8/site-packages/airflow/example_dags/tutorial_objectstorage.py for tasks to queue
[2025-11-28T07:00:09.205+0000] {logging_mixin.py:188} INFO - [2025-11-28T07:00:09.205+0000] {dagbag.py:538} INFO - Filling up the DagBag from /home/airflow/.local/lib/python3.8/site-packages/airflow/example_dags/tutorial_objectstorage.py
[2025-11-28T07:00:09.222+0000] {processor.py:840} INFO - DAG(s) 'tutorial_objectstorage' retrieved from /home/airflow/.local/lib/python3.8/site-packages/airflow/example_dags/tutorial_objectstorage.py
[2025-11-28T07:00:09.277+0000] {logging_mixin.py:188} INFO - [2025-11-28T07:00:09.276+0000] {dag.py:3036} INFO - Sync 1 DAGs
[2025-11-28T07:00:09.302+0000] {logging_mixin.py:188} INFO - [2025-11-28T07:00:09.302+0000] {dag.py:3823} INFO - Setting next_dagrun for tutorial_objectstorage to None, run_after=None
[2025-11-28T07:00:09.362+0000] {processor.py:183} INFO - Processing /home/airflow/.local/lib/python3.8/site-packages/airflow/example_dags/tutorial_objectstorage.py took 0.174 seconds
[2025-11-28T07:00:39.496+0000] {processor.py:161} INFO - Started process (PID=988) to work on /home/airflow/.local/lib/python3.8/site-packages/airflow/example_dags/tutorial_objectstorage.py
[2025-11-28T07:00:39.499+0000] {processor.py:830} INFO - Processing file /home/airflow/.local/lib/python3.8/site-packages/airflow/example_dags/tutorial_objectstorage.py for tasks to queue
[2025-11-28T07:00:39.502+0000] {logging_mixin.py:188} INFO - [2025-11-28T07:00:39.501+0000] {dagbag.py:538} INFO - Filling up the DagBag from /home/airflow/.local/lib/python3.8/site-packages/airflow/example_dags/tutorial_objectstorage.py
[2025-11-28T07:00:39.516+0000] {processor.py:840} INFO - DAG(s) 'tutorial_objectstorage' retrieved from /home/airflow/.local/lib/python3.8/site-packages/airflow/example_dags/tutorial_objectstorage.py
[2025-11-28T07:00:39.573+0000] {logging_mixin.py:188} INFO - [2025-11-28T07:00:39.573+0000] {dag.py:3036} INFO - Sync 1 DAGs
[2025-11-28T07:00:39.591+0000] {logging_mixin.py:188} INFO - [2025-11-28T07:00:39.591+0000] {dag.py:3823} INFO - Setting next_dagrun for tutorial_objectstorage to None, run_after=None
[2025-11-28T07:00:39.610+0000] {processor.py:183} INFO - Processing /home/airflow/.local/lib/python3.8/site-packages/airflow/example_dags/tutorial_objectstorage.py took 0.119 seconds
[2025-11-28T07:01:09.852+0000] {processor.py:161} INFO - Started process (PID=1043) to work on /home/airflow/.local/lib/python3.8/site-packages/airflow/example_dags/tutorial_objectstorage.py
[2025-11-28T07:01:09.854+0000] {processor.py:830} INFO - Processing file /home/airflow/.local/lib/python3.8/site-packages/airflow/example_dags/tutorial_objectstorage.py for tasks to queue
[2025-11-28T07:01:09.856+0000] {logging_mixin.py:188} INFO - [2025-11-28T07:01:09.856+0000] {dagbag.py:538} INFO - Filling up the DagBag from /home/airflow/.local/lib/python3.8/site-packages/airflow/example_dags/tutorial_objectstorage.py
[2025-11-28T07:01:09.863+0000] {processor.py:840} INFO - DAG(s) 'tutorial_objectstorage' retrieved from /home/airflow/.local/lib/python3.8/site-packages/airflow/example_dags/tutorial_objectstorage.py
[2025-11-28T07:01:09.891+0000] {logging_mixin.py:188} INFO - [2025-11-28T07:01:09.891+0000] {dag.py:3036} INFO - Sync 1 DAGs
[2025-11-28T07:01:09.905+0000] {logging_mixin.py:188} INFO - [2025-11-28T07:01:09.904+0000] {dag.py:3823} INFO - Setting next_dagrun for tutorial_objectstorage to None, run_after=None
[2025-11-28T07:01:09.933+0000] {processor.py:183} INFO - Processing /home/airflow/.local/lib/python3.8/site-packages/airflow/example_dags/tutorial_objectstorage.py took 0.084 seconds
[2025-11-28T07:01:40.444+0000] {processor.py:161} INFO - Started process (PID=1097) to work on /home/airflow/.local/lib/python3.8/site-packages/airflow/example_dags/tutorial_objectstorage.py
[2025-11-28T07:01:40.447+0000] {processor.py:830} INFO - Processing file /home/airflow/.local/lib/python3.8/site-packages/airflow/example_dags/tutorial_objectstorage.py for tasks to queue
[2025-11-28T07:01:40.451+0000] {logging_mixin.py:188} INFO - [2025-11-28T07:01:40.451+0000] {dagbag.py:538} INFO - Filling up the DagBag from /home/airflow/.local/lib/python3.8/site-packages/airflow/example_dags/tutorial_objectstorage.py
[2025-11-28T07:01:40.473+0000] {processor.py:840} INFO - DAG(s) 'tutorial_objectstorage' retrieved from /home/airflow/.local/lib/python3.8/site-packages/airflow/example_dags/tutorial_objectstorage.py
[2025-11-28T07:01:40.494+0000] {logging_mixin.py:188} INFO - [2025-11-28T07:01:40.493+0000] {dag.py:3036} INFO - Sync 1 DAGs
[2025-11-28T07:01:40.507+0000] {logging_mixin.py:188} INFO - [2025-11-28T07:01:40.506+0000] {dag.py:3823} INFO - Setting next_dagrun for tutorial_objectstorage to None, run_after=None
[2025-11-28T07:01:40.527+0000] {processor.py:183} INFO - Processing /home/airflow/.local/lib/python3.8/site-packages/airflow/example_dags/tutorial_objectstorage.py took 0.087 seconds
[2025-11-28T07:02:10.858+0000] {processor.py:161} INFO - Started process (PID=1152) to work on /home/airflow/.local/lib/python3.8/site-packages/airflow/example_dags/tutorial_objectstorage.py
[2025-11-28T07:02:10.859+0000] {processor.py:830} INFO - Processing file /home/airflow/.local/lib/python3.8/site-packages/airflow/example_dags/tutorial_objectstorage.py for tasks to queue
[2025-11-28T07:02:10.862+0000] {logging_mixin.py:188} INFO - [2025-11-28T07:02:10.861+0000] {dagbag.py:538} INFO - Filling up the DagBag from /home/airflow/.local/lib/python3.8/site-packages/airflow/example_dags/tutorial_objectstorage.py
[2025-11-28T07:02:10.868+0000] {processor.py:840} INFO - DAG(s) 'tutorial_objectstorage' retrieved from /home/airflow/.local/lib/python3.8/site-packages/airflow/example_dags/tutorial_objectstorage.py
[2025-11-28T07:02:10.891+0000] {logging_mixin.py:188} INFO - [2025-11-28T07:02:10.890+0000] {dag.py:3036} INFO - Sync 1 DAGs
[2025-11-28T07:02:10.901+0000] {logging_mixin.py:188} INFO - [2025-11-28T07:02:10.901+0000] {dag.py:3823} INFO - Setting next_dagrun for tutorial_objectstorage to None, run_after=None
[2025-11-28T07:02:10.921+0000] {processor.py:183} INFO - Processing /home/airflow/.local/lib/python3.8/site-packages/airflow/example_dags/tutorial_objectstorage.py took 0.069 seconds
[2025-11-28T07:02:42.237+0000] {processor.py:161} INFO - Started process (PID=1206) to work on /home/airflow/.local/lib/python3.8/site-packages/airflow/example_dags/tutorial_objectstorage.py
[2025-11-28T07:02:42.238+0000] {processor.py:830} INFO - Processing file /home/airflow/.local/lib/python3.8/site-packages/airflow/example_dags/tutorial_objectstorage.py for tasks to queue
[2025-11-28T07:02:42.240+0000] {logging_mixin.py:188} INFO - [2025-11-28T07:02:42.240+0000] {dagbag.py:538} INFO - Filling up the DagBag from /home/airflow/.local/lib/python3.8/site-packages/airflow/example_dags/tutorial_objectstorage.py
[2025-11-28T07:02:42.247+0000] {processor.py:840} INFO - DAG(s) 'tutorial_objectstorage' retrieved from /home/airflow/.local/lib/python3.8/site-packages/airflow/example_dags/tutorial_objectstorage.py
[2025-11-28T07:02:42.268+0000] {logging_mixin.py:188} INFO - [2025-11-28T07:02:42.268+0000] {dag.py:3036} INFO - Sync 1 DAGs
[2025-11-28T07:02:42.277+0000] {logging_mixin.py:188} INFO - [2025-11-28T07:02:42.277+0000] {dag.py:3823} INFO - Setting next_dagrun for tutorial_objectstorage to None, run_after=None
[2025-11-28T07:02:42.295+0000] {processor.py:183} INFO - Processing /home/airflow/.local/lib/python3.8/site-packages/airflow/example_dags/tutorial_objectstorage.py took 0.061 seconds
[2025-11-28T07:03:14.010+0000] {processor.py:161} INFO - Started process (PID=1262) to work on /home/airflow/.local/lib/python3.8/site-packages/airflow/example_dags/tutorial_objectstorage.py
[2025-11-28T07:03:14.013+0000] {processor.py:830} INFO - Processing file /home/airflow/.local/lib/python3.8/site-packages/airflow/example_dags/tutorial_objectstorage.py for tasks to queue
[2025-11-28T07:03:14.016+0000] {logging_mixin.py:188} INFO - [2025-11-28T07:03:14.015+0000] {dagbag.py:538} INFO - Filling up the DagBag from /home/airflow/.local/lib/python3.8/site-packages/airflow/example_dags/tutorial_objectstorage.py
[2025-11-28T07:03:14.027+0000] {processor.py:840} INFO - DAG(s) 'tutorial_objectstorage' retrieved from /home/airflow/.local/lib/python3.8/site-packages/airflow/example_dags/tutorial_objectstorage.py
[2025-11-28T07:03:14.060+0000] {logging_mixin.py:188} INFO - [2025-11-28T07:03:14.060+0000] {dag.py:3036} INFO - Sync 1 DAGs
[2025-11-28T07:03:14.077+0000] {logging_mixin.py:188} INFO - [2025-11-28T07:03:14.077+0000] {dag.py:3823} INFO - Setting next_dagrun for tutorial_objectstorage to None, run_after=None
[2025-11-28T07:03:14.115+0000] {processor.py:183} INFO - Processing /home/airflow/.local/lib/python3.8/site-packages/airflow/example_dags/tutorial_objectstorage.py took 0.111 seconds
[2025-11-28T07:03:44.230+0000] {processor.py:161} INFO - Started process (PID=1317) to work on /home/airflow/.local/lib/python3.8/site-packages/airflow/example_dags/tutorial_objectstorage.py
[2025-11-28T07:03:44.236+0000] {processor.py:830} INFO - Processing file /home/airflow/.local/lib/python3.8/site-packages/airflow/example_dags/tutorial_objectstorage.py for tasks to queue
[2025-11-28T07:03:44.239+0000] {logging_mixin.py:188} INFO - [2025-11-28T07:03:44.238+0000] {dagbag.py:538} INFO - Filling up the DagBag from /home/airflow/.local/lib/python3.8/site-packages/airflow/example_dags/tutorial_objectstorage.py
[2025-11-28T07:03:44.250+0000] {processor.py:840} INFO - DAG(s) 'tutorial_objectstorage' retrieved from /home/airflow/.local/lib/python3.8/site-packages/airflow/example_dags/tutorial_objectstorage.py
[2025-11-28T07:03:44.297+0000] {logging_mixin.py:188} INFO - [2025-11-28T07:03:44.296+0000] {dag.py:3036} INFO - Sync 1 DAGs
[2025-11-28T07:03:44.310+0000] {logging_mixin.py:188} INFO - [2025-11-28T07:03:44.309+0000] {dag.py:3823} INFO - Setting next_dagrun for tutorial_objectstorage to None, run_after=None
[2025-11-28T07:03:44.337+0000] {processor.py:183} INFO - Processing /home/airflow/.local/lib/python3.8/site-packages/airflow/example_dags/tutorial_objectstorage.py took 0.112 seconds
[2025-11-28T07:04:14.618+0000] {processor.py:161} INFO - Started process (PID=1372) to work on /home/airflow/.local/lib/python3.8/site-packages/airflow/example_dags/tutorial_objectstorage.py
[2025-11-28T07:04:14.619+0000] {processor.py:830} INFO - Processing file /home/airflow/.local/lib/python3.8/site-packages/airflow/example_dags/tutorial_objectstorage.py for tasks to queue
[2025-11-28T07:04:14.621+0000] {logging_mixin.py:188} INFO - [2025-11-28T07:04:14.621+0000] {dagbag.py:538} INFO - Filling up the DagBag from /home/airflow/.local/lib/python3.8/site-packages/airflow/example_dags/tutorial_objectstorage.py
[2025-11-28T07:04:14.627+0000] {processor.py:840} INFO - DAG(s) 'tutorial_objectstorage' retrieved from /home/airflow/.local/lib/python3.8/site-packages/airflow/example_dags/tutorial_objectstorage.py
[2025-11-28T07:04:14.652+0000] {logging_mixin.py:188} INFO - [2025-11-28T07:04:14.652+0000] {dag.py:3036} INFO - Sync 1 DAGs
[2025-11-28T07:04:14.714+0000] {logging_mixin.py:188} INFO - [2025-11-28T07:04:14.714+0000] {dag.py:3823} INFO - Setting next_dagrun for tutorial_objectstorage to None, run_after=None
[2025-11-28T07:04:14.739+0000] {processor.py:183} INFO - Processing /home/airflow/.local/lib/python3.8/site-packages/airflow/example_dags/tutorial_objectstorage.py took 0.123 seconds
[2025-11-28T07:04:44.987+0000] {processor.py:161} INFO - Started process (PID=1427) to work on /home/airflow/.local/lib/python3.8/site-packages/airflow/example_dags/tutorial_objectstorage.py
[2025-11-28T07:04:44.988+0000] {processor.py:830} INFO - Processing file /home/airflow/.local/lib/python3.8/site-packages/airflow/example_dags/tutorial_objectstorage.py for tasks to queue
[2025-11-28T07:04:44.991+0000] {logging_mixin.py:188} INFO - [2025-11-28T07:04:44.990+0000] {dagbag.py:538} INFO - Filling up the DagBag from /home/airflow/.local/lib/python3.8/site-packages/airflow/example_dags/tutorial_objectstorage.py
[2025-11-28T07:04:44.998+0000] {processor.py:840} INFO - DAG(s) 'tutorial_objectstorage' retrieved from /home/airflow/.local/lib/python3.8/site-packages/airflow/example_dags/tutorial_objectstorage.py
[2025-11-28T07:04:45.015+0000] {logging_mixin.py:188} INFO - [2025-11-28T07:04:45.015+0000] {dag.py:3036} INFO - Sync 1 DAGs
[2025-11-28T07:04:45.028+0000] {logging_mixin.py:188} INFO - [2025-11-28T07:04:45.028+0000] {dag.py:3823} INFO - Setting next_dagrun for tutorial_objectstorage to None, run_after=None
[2025-11-28T07:04:45.043+0000] {processor.py:183} INFO - Processing /home/airflow/.local/lib/python3.8/site-packages/airflow/example_dags/tutorial_objectstorage.py took 0.061 seconds
[2025-11-28T07:05:15.549+0000] {processor.py:161} INFO - Started process (PID=1483) to work on /home/airflow/.local/lib/python3.8/site-packages/airflow/example_dags/tutorial_objectstorage.py
[2025-11-28T07:05:15.550+0000] {processor.py:830} INFO - Processing file /home/airflow/.local/lib/python3.8/site-packages/airflow/example_dags/tutorial_objectstorage.py for tasks to queue
[2025-11-28T07:05:15.552+0000] {logging_mixin.py:188} INFO - [2025-11-28T07:05:15.552+0000] {dagbag.py:538} INFO - Filling up the DagBag from /home/airflow/.local/lib/python3.8/site-packages/airflow/example_dags/tutorial_objectstorage.py
[2025-11-28T07:05:15.561+0000] {processor.py:840} INFO - DAG(s) 'tutorial_objectstorage' retrieved from /home/airflow/.local/lib/python3.8/site-packages/airflow/example_dags/tutorial_objectstorage.py
[2025-11-28T07:05:15.614+0000] {logging_mixin.py:188} INFO - [2025-11-28T07:05:15.608+0000] {dag.py:3036} INFO - Sync 1 DAGs
[2025-11-28T07:05:15.628+0000] {logging_mixin.py:188} INFO - [2025-11-28T07:05:15.628+0000] {dag.py:3823} INFO - Setting next_dagrun for tutorial_objectstorage to None, run_after=None
[2025-11-28T07:05:15.646+0000] {processor.py:183} INFO - Processing /home/airflow/.local/lib/python3.8/site-packages/airflow/example_dags/tutorial_objectstorage.py took 0.100 seconds
[2025-11-28T07:05:46.113+0000] {processor.py:161} INFO - Started process (PID=1538) to work on /home/airflow/.local/lib/python3.8/site-packages/airflow/example_dags/tutorial_objectstorage.py
[2025-11-28T07:05:46.114+0000] {processor.py:830} INFO - Processing file /home/airflow/.local/lib/python3.8/site-packages/airflow/example_dags/tutorial_objectstorage.py for tasks to queue
[2025-11-28T07:05:46.117+0000] {logging_mixin.py:188} INFO - [2025-11-28T07:05:46.116+0000] {dagbag.py:538} INFO - Filling up the DagBag from /home/airflow/.local/lib/python3.8/site-packages/airflow/example_dags/tutorial_objectstorage.py
[2025-11-28T07:05:46.124+0000] {processor.py:840} INFO - DAG(s) 'tutorial_objectstorage' retrieved from /home/airflow/.local/lib/python3.8/site-packages/airflow/example_dags/tutorial_objectstorage.py
[2025-11-28T07:05:46.140+0000] {logging_mixin.py:188} INFO - [2025-11-28T07:05:46.140+0000] {dag.py:3036} INFO - Sync 1 DAGs
[2025-11-28T07:05:46.149+0000] {logging_mixin.py:188} INFO - [2025-11-28T07:05:46.149+0000] {dag.py:3823} INFO - Setting next_dagrun for tutorial_objectstorage to None, run_after=None
[2025-11-28T07:05:46.164+0000] {processor.py:183} INFO - Processing /home/airflow/.local/lib/python3.8/site-packages/airflow/example_dags/tutorial_objectstorage.py took 0.053 seconds
[2025-11-28T07:06:16.907+0000] {processor.py:161} INFO - Started process (PID=1593) to work on /home/airflow/.local/lib/python3.8/site-packages/airflow/example_dags/tutorial_objectstorage.py
[2025-11-28T07:06:16.910+0000] {processor.py:830} INFO - Processing file /home/airflow/.local/lib/python3.8/site-packages/airflow/example_dags/tutorial_objectstorage.py for tasks to queue
[2025-11-28T07:06:16.913+0000] {logging_mixin.py:188} INFO - [2025-11-28T07:06:16.912+0000] {dagbag.py:538} INFO - Filling up the DagBag from /home/airflow/.local/lib/python3.8/site-packages/airflow/example_dags/tutorial_objectstorage.py
[2025-11-28T07:06:16.923+0000] {processor.py:840} INFO - DAG(s) 'tutorial_objectstorage' retrieved from /home/airflow/.local/lib/python3.8/site-packages/airflow/example_dags/tutorial_objectstorage.py
[2025-11-28T07:06:16.947+0000] {logging_mixin.py:188} INFO - [2025-11-28T07:06:16.947+0000] {dag.py:3036} INFO - Sync 1 DAGs
[2025-11-28T07:06:16.961+0000] {logging_mixin.py:188} INFO - [2025-11-28T07:06:16.961+0000] {dag.py:3823} INFO - Setting next_dagrun for tutorial_objectstorage to None, run_after=None
[2025-11-28T07:06:16.981+0000] {processor.py:183} INFO - Processing /home/airflow/.local/lib/python3.8/site-packages/airflow/example_dags/tutorial_objectstorage.py took 0.079 seconds
[2025-11-28T07:06:47.148+0000] {processor.py:161} INFO - Started process (PID=1648) to work on /home/airflow/.local/lib/python3.8/site-packages/airflow/example_dags/tutorial_objectstorage.py
[2025-11-28T07:06:47.149+0000] {processor.py:830} INFO - Processing file /home/airflow/.local/lib/python3.8/site-packages/airflow/example_dags/tutorial_objectstorage.py for tasks to queue
[2025-11-28T07:06:47.151+0000] {logging_mixin.py:188} INFO - [2025-11-28T07:06:47.151+0000] {dagbag.py:538} INFO - Filling up the DagBag from /home/airflow/.local/lib/python3.8/site-packages/airflow/example_dags/tutorial_objectstorage.py
[2025-11-28T07:06:47.158+0000] {processor.py:840} INFO - DAG(s) 'tutorial_objectstorage' retrieved from /home/airflow/.local/lib/python3.8/site-packages/airflow/example_dags/tutorial_objectstorage.py
[2025-11-28T07:06:47.176+0000] {logging_mixin.py:188} INFO - [2025-11-28T07:06:47.176+0000] {dag.py:3036} INFO - Sync 1 DAGs
[2025-11-28T07:06:47.185+0000] {logging_mixin.py:188} INFO - [2025-11-28T07:06:47.185+0000] {dag.py:3823} INFO - Setting next_dagrun for tutorial_objectstorage to None, run_after=None
[2025-11-28T07:06:47.200+0000] {processor.py:183} INFO - Processing /home/airflow/.local/lib/python3.8/site-packages/airflow/example_dags/tutorial_objectstorage.py took 0.056 seconds
[2025-11-28T07:07:17.829+0000] {processor.py:161} INFO - Started process (PID=1703) to work on /home/airflow/.local/lib/python3.8/site-packages/airflow/example_dags/tutorial_objectstorage.py
[2025-11-28T07:07:17.831+0000] {processor.py:830} INFO - Processing file /home/airflow/.local/lib/python3.8/site-packages/airflow/example_dags/tutorial_objectstorage.py for tasks to queue
[2025-11-28T07:07:17.833+0000] {logging_mixin.py:188} INFO - [2025-11-28T07:07:17.833+0000] {dagbag.py:538} INFO - Filling up the DagBag from /home/airflow/.local/lib/python3.8/site-packages/airflow/example_dags/tutorial_objectstorage.py
[2025-11-28T07:07:17.843+0000] {processor.py:840} INFO - DAG(s) 'tutorial_objectstorage' retrieved from /home/airflow/.local/lib/python3.8/site-packages/airflow/example_dags/tutorial_objectstorage.py
[2025-11-28T07:07:17.867+0000] {logging_mixin.py:188} INFO - [2025-11-28T07:07:17.867+0000] {dag.py:3036} INFO - Sync 1 DAGs
[2025-11-28T07:07:17.880+0000] {logging_mixin.py:188} INFO - [2025-11-28T07:07:17.880+0000] {dag.py:3823} INFO - Setting next_dagrun for tutorial_objectstorage to None, run_after=None
[2025-11-28T07:07:17.904+0000] {processor.py:183} INFO - Processing /home/airflow/.local/lib/python3.8/site-packages/airflow/example_dags/tutorial_objectstorage.py took 0.078 seconds
[2025-11-28T07:07:48.424+0000] {processor.py:161} INFO - Started process (PID=1758) to work on /home/airflow/.local/lib/python3.8/site-packages/airflow/example_dags/tutorial_objectstorage.py
[2025-11-28T07:07:48.425+0000] {processor.py:830} INFO - Processing file /home/airflow/.local/lib/python3.8/site-packages/airflow/example_dags/tutorial_objectstorage.py for tasks to queue
[2025-11-28T07:07:48.428+0000] {logging_mixin.py:188} INFO - [2025-11-28T07:07:48.427+0000] {dagbag.py:538} INFO - Filling up the DagBag from /home/airflow/.local/lib/python3.8/site-packages/airflow/example_dags/tutorial_objectstorage.py
[2025-11-28T07:07:48.435+0000] {processor.py:840} INFO - DAG(s) 'tutorial_objectstorage' retrieved from /home/airflow/.local/lib/python3.8/site-packages/airflow/example_dags/tutorial_objectstorage.py
[2025-11-28T07:07:48.461+0000] {logging_mixin.py:188} INFO - [2025-11-28T07:07:48.461+0000] {dag.py:3036} INFO - Sync 1 DAGs
[2025-11-28T07:07:48.477+0000] {logging_mixin.py:188} INFO - [2025-11-28T07:07:48.477+0000] {dag.py:3823} INFO - Setting next_dagrun for tutorial_objectstorage to None, run_after=None
[2025-11-28T07:07:48.495+0000] {processor.py:183} INFO - Processing /home/airflow/.local/lib/python3.8/site-packages/airflow/example_dags/tutorial_objectstorage.py took 0.077 seconds
[2025-11-28T07:08:18.830+0000] {processor.py:161} INFO - Started process (PID=1813) to work on /home/airflow/.local/lib/python3.8/site-packages/airflow/example_dags/tutorial_objectstorage.py
[2025-11-28T07:08:18.831+0000] {processor.py:830} INFO - Processing file /home/airflow/.local/lib/python3.8/site-packages/airflow/example_dags/tutorial_objectstorage.py for tasks to queue
[2025-11-28T07:08:18.834+0000] {logging_mixin.py:188} INFO - [2025-11-28T07:08:18.834+0000] {dagbag.py:538} INFO - Filling up the DagBag from /home/airflow/.local/lib/python3.8/site-packages/airflow/example_dags/tutorial_objectstorage.py
[2025-11-28T07:08:18.839+0000] {processor.py:840} INFO - DAG(s) 'tutorial_objectstorage' retrieved from /home/airflow/.local/lib/python3.8/site-packages/airflow/example_dags/tutorial_objectstorage.py
[2025-11-28T07:08:18.862+0000] {logging_mixin.py:188} INFO - [2025-11-28T07:08:18.862+0000] {dag.py:3036} INFO - Sync 1 DAGs
[2025-11-28T07:08:18.872+0000] {logging_mixin.py:188} INFO - [2025-11-28T07:08:18.872+0000] {dag.py:3823} INFO - Setting next_dagrun for tutorial_objectstorage to None, run_after=None
[2025-11-28T07:08:18.891+0000] {processor.py:183} INFO - Processing /home/airflow/.local/lib/python3.8/site-packages/airflow/example_dags/tutorial_objectstorage.py took 0.064 seconds
[2025-11-28T07:08:49.715+0000] {processor.py:161} INFO - Started process (PID=1868) to work on /home/airflow/.local/lib/python3.8/site-packages/airflow/example_dags/tutorial_objectstorage.py
[2025-11-28T07:08:49.716+0000] {processor.py:830} INFO - Processing file /home/airflow/.local/lib/python3.8/site-packages/airflow/example_dags/tutorial_objectstorage.py for tasks to queue
[2025-11-28T07:08:49.718+0000] {logging_mixin.py:188} INFO - [2025-11-28T07:08:49.718+0000] {dagbag.py:538} INFO - Filling up the DagBag from /home/airflow/.local/lib/python3.8/site-packages/airflow/example_dags/tutorial_objectstorage.py
[2025-11-28T07:08:49.725+0000] {processor.py:840} INFO - DAG(s) 'tutorial_objectstorage' retrieved from /home/airflow/.local/lib/python3.8/site-packages/airflow/example_dags/tutorial_objectstorage.py
[2025-11-28T07:08:49.748+0000] {logging_mixin.py:188} INFO - [2025-11-28T07:08:49.747+0000] {dag.py:3036} INFO - Sync 1 DAGs
[2025-11-28T07:08:49.759+0000] {logging_mixin.py:188} INFO - [2025-11-28T07:08:49.759+0000] {dag.py:3823} INFO - Setting next_dagrun for tutorial_objectstorage to None, run_after=None
[2025-11-28T07:08:49.783+0000] {processor.py:183} INFO - Processing /home/airflow/.local/lib/python3.8/site-packages/airflow/example_dags/tutorial_objectstorage.py took 0.072 seconds
[2025-11-28T07:09:20.884+0000] {processor.py:161} INFO - Started process (PID=1923) to work on /home/airflow/.local/lib/python3.8/site-packages/airflow/example_dags/tutorial_objectstorage.py
[2025-11-28T07:09:20.886+0000] {processor.py:830} INFO - Processing file /home/airflow/.local/lib/python3.8/site-packages/airflow/example_dags/tutorial_objectstorage.py for tasks to queue
[2025-11-28T07:09:20.890+0000] {logging_mixin.py:188} INFO - [2025-11-28T07:09:20.890+0000] {dagbag.py:538} INFO - Filling up the DagBag from /home/airflow/.local/lib/python3.8/site-packages/airflow/example_dags/tutorial_objectstorage.py
[2025-11-28T07:09:20.905+0000] {processor.py:840} INFO - DAG(s) 'tutorial_objectstorage' retrieved from /home/airflow/.local/lib/python3.8/site-packages/airflow/example_dags/tutorial_objectstorage.py
[2025-11-28T07:09:20.935+0000] {logging_mixin.py:188} INFO - [2025-11-28T07:09:20.935+0000] {dag.py:3036} INFO - Sync 1 DAGs
[2025-11-28T07:09:20.948+0000] {logging_mixin.py:188} INFO - [2025-11-28T07:09:20.947+0000] {dag.py:3823} INFO - Setting next_dagrun for tutorial_objectstorage to None, run_after=None
[2025-11-28T07:09:20.997+0000] {processor.py:183} INFO - Processing /home/airflow/.local/lib/python3.8/site-packages/airflow/example_dags/tutorial_objectstorage.py took 0.119 seconds
[2025-11-28T07:09:51.524+0000] {processor.py:161} INFO - Started process (PID=1978) to work on /home/airflow/.local/lib/python3.8/site-packages/airflow/example_dags/tutorial_objectstorage.py
[2025-11-28T07:09:51.525+0000] {processor.py:830} INFO - Processing file /home/airflow/.local/lib/python3.8/site-packages/airflow/example_dags/tutorial_objectstorage.py for tasks to queue
[2025-11-28T07:09:51.528+0000] {logging_mixin.py:188} INFO - [2025-11-28T07:09:51.527+0000] {dagbag.py:538} INFO - Filling up the DagBag from /home/airflow/.local/lib/python3.8/site-packages/airflow/example_dags/tutorial_objectstorage.py
[2025-11-28T07:09:51.535+0000] {processor.py:840} INFO - DAG(s) 'tutorial_objectstorage' retrieved from /home/airflow/.local/lib/python3.8/site-packages/airflow/example_dags/tutorial_objectstorage.py
[2025-11-28T07:09:51.553+0000] {logging_mixin.py:188} INFO - [2025-11-28T07:09:51.553+0000] {dag.py:3036} INFO - Sync 1 DAGs
[2025-11-28T07:09:51.565+0000] {logging_mixin.py:188} INFO - [2025-11-28T07:09:51.565+0000] {dag.py:3823} INFO - Setting next_dagrun for tutorial_objectstorage to None, run_after=None
[2025-11-28T07:09:51.582+0000] {processor.py:183} INFO - Processing /home/airflow/.local/lib/python3.8/site-packages/airflow/example_dags/tutorial_objectstorage.py took 0.064 seconds
[2025-11-28T07:10:21.733+0000] {processor.py:161} INFO - Started process (PID=2033) to work on /home/airflow/.local/lib/python3.8/site-packages/airflow/example_dags/tutorial_objectstorage.py
[2025-11-28T07:10:21.735+0000] {processor.py:830} INFO - Processing file /home/airflow/.local/lib/python3.8/site-packages/airflow/example_dags/tutorial_objectstorage.py for tasks to queue
[2025-11-28T07:10:21.739+0000] {logging_mixin.py:188} INFO - [2025-11-28T07:10:21.739+0000] {dagbag.py:538} INFO - Filling up the DagBag from /home/airflow/.local/lib/python3.8/site-packages/airflow/example_dags/tutorial_objectstorage.py
[2025-11-28T07:10:21.751+0000] {processor.py:840} INFO - DAG(s) 'tutorial_objectstorage' retrieved from /home/airflow/.local/lib/python3.8/site-packages/airflow/example_dags/tutorial_objectstorage.py
[2025-11-28T07:10:21.786+0000] {logging_mixin.py:188} INFO - [2025-11-28T07:10:21.786+0000] {dag.py:3036} INFO - Sync 1 DAGs
[2025-11-28T07:10:21.802+0000] {logging_mixin.py:188} INFO - [2025-11-28T07:10:21.801+0000] {dag.py:3823} INFO - Setting next_dagrun for tutorial_objectstorage to None, run_after=None
[2025-11-28T07:10:21.826+0000] {processor.py:183} INFO - Processing /home/airflow/.local/lib/python3.8/site-packages/airflow/example_dags/tutorial_objectstorage.py took 0.098 seconds
[2025-11-28T07:10:52.092+0000] {processor.py:161} INFO - Started process (PID=2088) to work on /home/airflow/.local/lib/python3.8/site-packages/airflow/example_dags/tutorial_objectstorage.py
[2025-11-28T07:10:52.094+0000] {processor.py:830} INFO - Processing file /home/airflow/.local/lib/python3.8/site-packages/airflow/example_dags/tutorial_objectstorage.py for tasks to queue
[2025-11-28T07:10:52.096+0000] {logging_mixin.py:188} INFO - [2025-11-28T07:10:52.096+0000] {dagbag.py:538} INFO - Filling up the DagBag from /home/airflow/.local/lib/python3.8/site-packages/airflow/example_dags/tutorial_objectstorage.py
[2025-11-28T07:10:52.103+0000] {processor.py:840} INFO - DAG(s) 'tutorial_objectstorage' retrieved from /home/airflow/.local/lib/python3.8/site-packages/airflow/example_dags/tutorial_objectstorage.py
[2025-11-28T07:10:52.123+0000] {logging_mixin.py:188} INFO - [2025-11-28T07:10:52.123+0000] {dag.py:3036} INFO - Sync 1 DAGs
[2025-11-28T07:10:52.132+0000] {logging_mixin.py:188} INFO - [2025-11-28T07:10:52.132+0000] {dag.py:3823} INFO - Setting next_dagrun for tutorial_objectstorage to None, run_after=None
[2025-11-28T07:10:52.149+0000] {processor.py:183} INFO - Processing /home/airflow/.local/lib/python3.8/site-packages/airflow/example_dags/tutorial_objectstorage.py took 0.060 seconds
[2025-11-28T07:11:22.977+0000] {processor.py:161} INFO - Started process (PID=2143) to work on /home/airflow/.local/lib/python3.8/site-packages/airflow/example_dags/tutorial_objectstorage.py
[2025-11-28T07:11:22.978+0000] {processor.py:830} INFO - Processing file /home/airflow/.local/lib/python3.8/site-packages/airflow/example_dags/tutorial_objectstorage.py for tasks to queue
[2025-11-28T07:11:22.980+0000] {logging_mixin.py:188} INFO - [2025-11-28T07:11:22.980+0000] {dagbag.py:538} INFO - Filling up the DagBag from /home/airflow/.local/lib/python3.8/site-packages/airflow/example_dags/tutorial_objectstorage.py
[2025-11-28T07:11:22.987+0000] {processor.py:840} INFO - DAG(s) 'tutorial_objectstorage' retrieved from /home/airflow/.local/lib/python3.8/site-packages/airflow/example_dags/tutorial_objectstorage.py
[2025-11-28T07:11:23.007+0000] {logging_mixin.py:188} INFO - [2025-11-28T07:11:23.007+0000] {dag.py:3036} INFO - Sync 1 DAGs
[2025-11-28T07:11:23.018+0000] {logging_mixin.py:188} INFO - [2025-11-28T07:11:23.017+0000] {dag.py:3823} INFO - Setting next_dagrun for tutorial_objectstorage to None, run_after=None
[2025-11-28T07:11:23.032+0000] {processor.py:183} INFO - Processing /home/airflow/.local/lib/python3.8/site-packages/airflow/example_dags/tutorial_objectstorage.py took 0.059 seconds
[2025-11-28T07:11:53.216+0000] {processor.py:161} INFO - Started process (PID=2198) to work on /home/airflow/.local/lib/python3.8/site-packages/airflow/example_dags/tutorial_objectstorage.py
[2025-11-28T07:11:53.218+0000] {processor.py:830} INFO - Processing file /home/airflow/.local/lib/python3.8/site-packages/airflow/example_dags/tutorial_objectstorage.py for tasks to queue
[2025-11-28T07:11:53.220+0000] {logging_mixin.py:188} INFO - [2025-11-28T07:11:53.220+0000] {dagbag.py:538} INFO - Filling up the DagBag from /home/airflow/.local/lib/python3.8/site-packages/airflow/example_dags/tutorial_objectstorage.py
[2025-11-28T07:11:53.227+0000] {processor.py:840} INFO - DAG(s) 'tutorial_objectstorage' retrieved from /home/airflow/.local/lib/python3.8/site-packages/airflow/example_dags/tutorial_objectstorage.py
[2025-11-28T07:11:53.245+0000] {logging_mixin.py:188} INFO - [2025-11-28T07:11:53.245+0000] {dag.py:3036} INFO - Sync 1 DAGs
[2025-11-28T07:11:53.257+0000] {logging_mixin.py:188} INFO - [2025-11-28T07:11:53.257+0000] {dag.py:3823} INFO - Setting next_dagrun for tutorial_objectstorage to None, run_after=None
[2025-11-28T07:11:53.276+0000] {processor.py:183} INFO - Processing /home/airflow/.local/lib/python3.8/site-packages/airflow/example_dags/tutorial_objectstorage.py took 0.063 seconds
[2025-11-28T07:12:23.773+0000] {processor.py:161} INFO - Started process (PID=2253) to work on /home/airflow/.local/lib/python3.8/site-packages/airflow/example_dags/tutorial_objectstorage.py
[2025-11-28T07:12:23.774+0000] {processor.py:830} INFO - Processing file /home/airflow/.local/lib/python3.8/site-packages/airflow/example_dags/tutorial_objectstorage.py for tasks to queue
[2025-11-28T07:12:23.776+0000] {logging_mixin.py:188} INFO - [2025-11-28T07:12:23.775+0000] {dagbag.py:538} INFO - Filling up the DagBag from /home/airflow/.local/lib/python3.8/site-packages/airflow/example_dags/tutorial_objectstorage.py
[2025-11-28T07:12:23.784+0000] {processor.py:840} INFO - DAG(s) 'tutorial_objectstorage' retrieved from /home/airflow/.local/lib/python3.8/site-packages/airflow/example_dags/tutorial_objectstorage.py
[2025-11-28T07:12:23.813+0000] {logging_mixin.py:188} INFO - [2025-11-28T07:12:23.813+0000] {dag.py:3036} INFO - Sync 1 DAGs
[2025-11-28T07:12:23.826+0000] {logging_mixin.py:188} INFO - [2025-11-28T07:12:23.826+0000] {dag.py:3823} INFO - Setting next_dagrun for tutorial_objectstorage to None, run_after=None
[2025-11-28T07:12:23.852+0000] {processor.py:183} INFO - Processing /home/airflow/.local/lib/python3.8/site-packages/airflow/example_dags/tutorial_objectstorage.py took 0.082 seconds
[2025-11-28T07:12:54.398+0000] {processor.py:161} INFO - Started process (PID=2308) to work on /home/airflow/.local/lib/python3.8/site-packages/airflow/example_dags/tutorial_objectstorage.py
[2025-11-28T07:12:54.399+0000] {processor.py:830} INFO - Processing file /home/airflow/.local/lib/python3.8/site-packages/airflow/example_dags/tutorial_objectstorage.py for tasks to queue
[2025-11-28T07:12:54.400+0000] {logging_mixin.py:188} INFO - [2025-11-28T07:12:54.400+0000] {dagbag.py:538} INFO - Filling up the DagBag from /home/airflow/.local/lib/python3.8/site-packages/airflow/example_dags/tutorial_objectstorage.py
[2025-11-28T07:12:54.406+0000] {processor.py:840} INFO - DAG(s) 'tutorial_objectstorage' retrieved from /home/airflow/.local/lib/python3.8/site-packages/airflow/example_dags/tutorial_objectstorage.py
[2025-11-28T07:12:54.424+0000] {logging_mixin.py:188} INFO - [2025-11-28T07:12:54.424+0000] {dag.py:3036} INFO - Sync 1 DAGs
[2025-11-28T07:12:54.433+0000] {logging_mixin.py:188} INFO - [2025-11-28T07:12:54.433+0000] {dag.py:3823} INFO - Setting next_dagrun for tutorial_objectstorage to None, run_after=None
[2025-11-28T07:12:54.450+0000] {processor.py:183} INFO - Processing /home/airflow/.local/lib/python3.8/site-packages/airflow/example_dags/tutorial_objectstorage.py took 0.055 seconds
[2025-11-28T07:13:25.345+0000] {processor.py:161} INFO - Started process (PID=2363) to work on /home/airflow/.local/lib/python3.8/site-packages/airflow/example_dags/tutorial_objectstorage.py
[2025-11-28T07:13:25.346+0000] {processor.py:830} INFO - Processing file /home/airflow/.local/lib/python3.8/site-packages/airflow/example_dags/tutorial_objectstorage.py for tasks to queue
[2025-11-28T07:13:25.348+0000] {logging_mixin.py:188} INFO - [2025-11-28T07:13:25.348+0000] {dagbag.py:538} INFO - Filling up the DagBag from /home/airflow/.local/lib/python3.8/site-packages/airflow/example_dags/tutorial_objectstorage.py
[2025-11-28T07:13:25.356+0000] {processor.py:840} INFO - DAG(s) 'tutorial_objectstorage' retrieved from /home/airflow/.local/lib/python3.8/site-packages/airflow/example_dags/tutorial_objectstorage.py
[2025-11-28T07:13:25.377+0000] {logging_mixin.py:188} INFO - [2025-11-28T07:13:25.376+0000] {dag.py:3036} INFO - Sync 1 DAGs
[2025-11-28T07:13:25.390+0000] {logging_mixin.py:188} INFO - [2025-11-28T07:13:25.390+0000] {dag.py:3823} INFO - Setting next_dagrun for tutorial_objectstorage to None, run_after=None
[2025-11-28T07:13:25.410+0000] {processor.py:183} INFO - Processing /home/airflow/.local/lib/python3.8/site-packages/airflow/example_dags/tutorial_objectstorage.py took 0.069 seconds
[2025-11-28T07:13:55.873+0000] {processor.py:161} INFO - Started process (PID=2418) to work on /home/airflow/.local/lib/python3.8/site-packages/airflow/example_dags/tutorial_objectstorage.py
[2025-11-28T07:13:55.874+0000] {processor.py:830} INFO - Processing file /home/airflow/.local/lib/python3.8/site-packages/airflow/example_dags/tutorial_objectstorage.py for tasks to queue
[2025-11-28T07:13:55.876+0000] {logging_mixin.py:188} INFO - [2025-11-28T07:13:55.876+0000] {dagbag.py:538} INFO - Filling up the DagBag from /home/airflow/.local/lib/python3.8/site-packages/airflow/example_dags/tutorial_objectstorage.py
[2025-11-28T07:13:55.883+0000] {processor.py:840} INFO - DAG(s) 'tutorial_objectstorage' retrieved from /home/airflow/.local/lib/python3.8/site-packages/airflow/example_dags/tutorial_objectstorage.py
[2025-11-28T07:13:55.901+0000] {logging_mixin.py:188} INFO - [2025-11-28T07:13:55.901+0000] {dag.py:3036} INFO - Sync 1 DAGs
[2025-11-28T07:13:55.912+0000] {logging_mixin.py:188} INFO - [2025-11-28T07:13:55.911+0000] {dag.py:3823} INFO - Setting next_dagrun for tutorial_objectstorage to None, run_after=None
[2025-11-28T07:13:55.934+0000] {processor.py:183} INFO - Processing /home/airflow/.local/lib/python3.8/site-packages/airflow/example_dags/tutorial_objectstorage.py took 0.065 seconds
[2025-11-28T07:14:26.286+0000] {processor.py:161} INFO - Started process (PID=2474) to work on /home/airflow/.local/lib/python3.8/site-packages/airflow/example_dags/tutorial_objectstorage.py
[2025-11-28T07:14:26.287+0000] {processor.py:830} INFO - Processing file /home/airflow/.local/lib/python3.8/site-packages/airflow/example_dags/tutorial_objectstorage.py for tasks to queue
[2025-11-28T07:14:26.289+0000] {logging_mixin.py:188} INFO - [2025-11-28T07:14:26.289+0000] {dagbag.py:538} INFO - Filling up the DagBag from /home/airflow/.local/lib/python3.8/site-packages/airflow/example_dags/tutorial_objectstorage.py
[2025-11-28T07:14:26.296+0000] {processor.py:840} INFO - DAG(s) 'tutorial_objectstorage' retrieved from /home/airflow/.local/lib/python3.8/site-packages/airflow/example_dags/tutorial_objectstorage.py
[2025-11-28T07:14:26.319+0000] {logging_mixin.py:188} INFO - [2025-11-28T07:14:26.319+0000] {dag.py:3036} INFO - Sync 1 DAGs
[2025-11-28T07:14:26.329+0000] {logging_mixin.py:188} INFO - [2025-11-28T07:14:26.329+0000] {dag.py:3823} INFO - Setting next_dagrun for tutorial_objectstorage to None, run_after=None
[2025-11-28T07:14:26.345+0000] {processor.py:183} INFO - Processing /home/airflow/.local/lib/python3.8/site-packages/airflow/example_dags/tutorial_objectstorage.py took 0.062 seconds
[2025-11-28T07:14:56.544+0000] {processor.py:161} INFO - Started process (PID=2529) to work on /home/airflow/.local/lib/python3.8/site-packages/airflow/example_dags/tutorial_objectstorage.py
[2025-11-28T07:14:56.546+0000] {processor.py:830} INFO - Processing file /home/airflow/.local/lib/python3.8/site-packages/airflow/example_dags/tutorial_objectstorage.py for tasks to queue
[2025-11-28T07:14:56.548+0000] {logging_mixin.py:188} INFO - [2025-11-28T07:14:56.548+0000] {dagbag.py:538} INFO - Filling up the DagBag from /home/airflow/.local/lib/python3.8/site-packages/airflow/example_dags/tutorial_objectstorage.py
[2025-11-28T07:14:56.555+0000] {processor.py:840} INFO - DAG(s) 'tutorial_objectstorage' retrieved from /home/airflow/.local/lib/python3.8/site-packages/airflow/example_dags/tutorial_objectstorage.py
[2025-11-28T07:14:56.584+0000] {logging_mixin.py:188} INFO - [2025-11-28T07:14:56.584+0000] {dag.py:3036} INFO - Sync 1 DAGs
[2025-11-28T07:14:56.601+0000] {logging_mixin.py:188} INFO - [2025-11-28T07:14:56.600+0000] {dag.py:3823} INFO - Setting next_dagrun for tutorial_objectstorage to None, run_after=None
[2025-11-28T07:14:56.630+0000] {processor.py:183} INFO - Processing /home/airflow/.local/lib/python3.8/site-packages/airflow/example_dags/tutorial_objectstorage.py took 0.089 seconds
[2025-11-28T07:15:27.567+0000] {processor.py:161} INFO - Started process (PID=2584) to work on /home/airflow/.local/lib/python3.8/site-packages/airflow/example_dags/tutorial_objectstorage.py
[2025-11-28T07:15:27.569+0000] {processor.py:830} INFO - Processing file /home/airflow/.local/lib/python3.8/site-packages/airflow/example_dags/tutorial_objectstorage.py for tasks to queue
[2025-11-28T07:15:27.571+0000] {logging_mixin.py:188} INFO - [2025-11-28T07:15:27.571+0000] {dagbag.py:538} INFO - Filling up the DagBag from /home/airflow/.local/lib/python3.8/site-packages/airflow/example_dags/tutorial_objectstorage.py
[2025-11-28T07:15:27.577+0000] {processor.py:840} INFO - DAG(s) 'tutorial_objectstorage' retrieved from /home/airflow/.local/lib/python3.8/site-packages/airflow/example_dags/tutorial_objectstorage.py
[2025-11-28T07:15:27.595+0000] {logging_mixin.py:188} INFO - [2025-11-28T07:15:27.595+0000] {dag.py:3036} INFO - Sync 1 DAGs
[2025-11-28T07:15:27.604+0000] {logging_mixin.py:188} INFO - [2025-11-28T07:15:27.604+0000] {dag.py:3823} INFO - Setting next_dagrun for tutorial_objectstorage to None, run_after=None
[2025-11-28T07:15:27.623+0000] {processor.py:183} INFO - Processing /home/airflow/.local/lib/python3.8/site-packages/airflow/example_dags/tutorial_objectstorage.py took 0.058 seconds
[2025-11-28T07:15:58.545+0000] {processor.py:161} INFO - Started process (PID=2639) to work on /home/airflow/.local/lib/python3.8/site-packages/airflow/example_dags/tutorial_objectstorage.py
[2025-11-28T07:15:58.547+0000] {processor.py:830} INFO - Processing file /home/airflow/.local/lib/python3.8/site-packages/airflow/example_dags/tutorial_objectstorage.py for tasks to queue
[2025-11-28T07:15:58.549+0000] {logging_mixin.py:188} INFO - [2025-11-28T07:15:58.549+0000] {dagbag.py:538} INFO - Filling up the DagBag from /home/airflow/.local/lib/python3.8/site-packages/airflow/example_dags/tutorial_objectstorage.py
[2025-11-28T07:15:58.558+0000] {processor.py:840} INFO - DAG(s) 'tutorial_objectstorage' retrieved from /home/airflow/.local/lib/python3.8/site-packages/airflow/example_dags/tutorial_objectstorage.py
[2025-11-28T07:15:58.584+0000] {logging_mixin.py:188} INFO - [2025-11-28T07:15:58.584+0000] {dag.py:3036} INFO - Sync 1 DAGs
[2025-11-28T07:15:58.596+0000] {logging_mixin.py:188} INFO - [2025-11-28T07:15:58.596+0000] {dag.py:3823} INFO - Setting next_dagrun for tutorial_objectstorage to None, run_after=None
[2025-11-28T07:15:58.617+0000] {processor.py:183} INFO - Processing /home/airflow/.local/lib/python3.8/site-packages/airflow/example_dags/tutorial_objectstorage.py took 0.076 seconds
[2025-11-28T07:16:29.337+0000] {processor.py:161} INFO - Started process (PID=2694) to work on /home/airflow/.local/lib/python3.8/site-packages/airflow/example_dags/tutorial_objectstorage.py
[2025-11-28T07:16:29.339+0000] {processor.py:830} INFO - Processing file /home/airflow/.local/lib/python3.8/site-packages/airflow/example_dags/tutorial_objectstorage.py for tasks to queue
[2025-11-28T07:16:29.341+0000] {logging_mixin.py:188} INFO - [2025-11-28T07:16:29.341+0000] {dagbag.py:538} INFO - Filling up the DagBag from /home/airflow/.local/lib/python3.8/site-packages/airflow/example_dags/tutorial_objectstorage.py
[2025-11-28T07:16:29.351+0000] {processor.py:840} INFO - DAG(s) 'tutorial_objectstorage' retrieved from /home/airflow/.local/lib/python3.8/site-packages/airflow/example_dags/tutorial_objectstorage.py
[2025-11-28T07:16:29.371+0000] {logging_mixin.py:188} INFO - [2025-11-28T07:16:29.371+0000] {dag.py:3036} INFO - Sync 1 DAGs
[2025-11-28T07:16:29.380+0000] {logging_mixin.py:188} INFO - [2025-11-28T07:16:29.380+0000] {dag.py:3823} INFO - Setting next_dagrun for tutorial_objectstorage to None, run_after=None
[2025-11-28T07:16:29.397+0000] {processor.py:183} INFO - Processing /home/airflow/.local/lib/python3.8/site-packages/airflow/example_dags/tutorial_objectstorage.py took 0.070 seconds
[2025-11-28T07:17:00.315+0000] {processor.py:161} INFO - Started process (PID=2749) to work on /home/airflow/.local/lib/python3.8/site-packages/airflow/example_dags/tutorial_objectstorage.py
[2025-11-28T07:17:00.316+0000] {processor.py:830} INFO - Processing file /home/airflow/.local/lib/python3.8/site-packages/airflow/example_dags/tutorial_objectstorage.py for tasks to queue
[2025-11-28T07:17:00.318+0000] {logging_mixin.py:188} INFO - [2025-11-28T07:17:00.318+0000] {dagbag.py:538} INFO - Filling up the DagBag from /home/airflow/.local/lib/python3.8/site-packages/airflow/example_dags/tutorial_objectstorage.py
[2025-11-28T07:17:00.325+0000] {processor.py:840} INFO - DAG(s) 'tutorial_objectstorage' retrieved from /home/airflow/.local/lib/python3.8/site-packages/airflow/example_dags/tutorial_objectstorage.py
[2025-11-28T07:17:00.344+0000] {logging_mixin.py:188} INFO - [2025-11-28T07:17:00.344+0000] {dag.py:3036} INFO - Sync 1 DAGs
[2025-11-28T07:17:00.353+0000] {logging_mixin.py:188} INFO - [2025-11-28T07:17:00.353+0000] {dag.py:3823} INFO - Setting next_dagrun for tutorial_objectstorage to None, run_after=None
[2025-11-28T07:17:00.371+0000] {processor.py:183} INFO - Processing /home/airflow/.local/lib/python3.8/site-packages/airflow/example_dags/tutorial_objectstorage.py took 0.066 seconds
[2025-11-28T07:17:30.690+0000] {processor.py:161} INFO - Started process (PID=2804) to work on /home/airflow/.local/lib/python3.8/site-packages/airflow/example_dags/tutorial_objectstorage.py
[2025-11-28T07:17:30.691+0000] {processor.py:830} INFO - Processing file /home/airflow/.local/lib/python3.8/site-packages/airflow/example_dags/tutorial_objectstorage.py for tasks to queue
[2025-11-28T07:17:30.695+0000] {logging_mixin.py:188} INFO - [2025-11-28T07:17:30.694+0000] {dagbag.py:538} INFO - Filling up the DagBag from /home/airflow/.local/lib/python3.8/site-packages/airflow/example_dags/tutorial_objectstorage.py
[2025-11-28T07:17:30.707+0000] {processor.py:840} INFO - DAG(s) 'tutorial_objectstorage' retrieved from /home/airflow/.local/lib/python3.8/site-packages/airflow/example_dags/tutorial_objectstorage.py
[2025-11-28T07:17:30.727+0000] {logging_mixin.py:188} INFO - [2025-11-28T07:17:30.727+0000] {dag.py:3036} INFO - Sync 1 DAGs
[2025-11-28T07:17:30.737+0000] {logging_mixin.py:188} INFO - [2025-11-28T07:17:30.737+0000] {dag.py:3823} INFO - Setting next_dagrun for tutorial_objectstorage to None, run_after=None
[2025-11-28T07:17:30.756+0000] {processor.py:183} INFO - Processing /home/airflow/.local/lib/python3.8/site-packages/airflow/example_dags/tutorial_objectstorage.py took 0.073 seconds
[2025-11-28T07:18:01.077+0000] {processor.py:161} INFO - Started process (PID=2859) to work on /home/airflow/.local/lib/python3.8/site-packages/airflow/example_dags/tutorial_objectstorage.py
[2025-11-28T07:18:01.079+0000] {processor.py:830} INFO - Processing file /home/airflow/.local/lib/python3.8/site-packages/airflow/example_dags/tutorial_objectstorage.py for tasks to queue
[2025-11-28T07:18:01.082+0000] {logging_mixin.py:188} INFO - [2025-11-28T07:18:01.081+0000] {dagbag.py:538} INFO - Filling up the DagBag from /home/airflow/.local/lib/python3.8/site-packages/airflow/example_dags/tutorial_objectstorage.py
[2025-11-28T07:18:01.089+0000] {processor.py:840} INFO - DAG(s) 'tutorial_objectstorage' retrieved from /home/airflow/.local/lib/python3.8/site-packages/airflow/example_dags/tutorial_objectstorage.py
[2025-11-28T07:18:01.107+0000] {logging_mixin.py:188} INFO - [2025-11-28T07:18:01.107+0000] {dag.py:3036} INFO - Sync 1 DAGs
[2025-11-28T07:18:01.116+0000] {logging_mixin.py:188} INFO - [2025-11-28T07:18:01.116+0000] {dag.py:3823} INFO - Setting next_dagrun for tutorial_objectstorage to None, run_after=None
[2025-11-28T07:18:01.135+0000] {processor.py:183} INFO - Processing /home/airflow/.local/lib/python3.8/site-packages/airflow/example_dags/tutorial_objectstorage.py took 0.061 seconds
[2025-11-28T07:18:32.086+0000] {processor.py:161} INFO - Started process (PID=2914) to work on /home/airflow/.local/lib/python3.8/site-packages/airflow/example_dags/tutorial_objectstorage.py
[2025-11-28T07:18:32.087+0000] {processor.py:830} INFO - Processing file /home/airflow/.local/lib/python3.8/site-packages/airflow/example_dags/tutorial_objectstorage.py for tasks to queue
[2025-11-28T07:18:32.090+0000] {logging_mixin.py:188} INFO - [2025-11-28T07:18:32.090+0000] {dagbag.py:538} INFO - Filling up the DagBag from /home/airflow/.local/lib/python3.8/site-packages/airflow/example_dags/tutorial_objectstorage.py
[2025-11-28T07:18:32.096+0000] {processor.py:840} INFO - DAG(s) 'tutorial_objectstorage' retrieved from /home/airflow/.local/lib/python3.8/site-packages/airflow/example_dags/tutorial_objectstorage.py
[2025-11-28T07:18:32.114+0000] {logging_mixin.py:188} INFO - [2025-11-28T07:18:32.113+0000] {dag.py:3036} INFO - Sync 1 DAGs
[2025-11-28T07:18:32.124+0000] {logging_mixin.py:188} INFO - [2025-11-28T07:18:32.123+0000] {dag.py:3823} INFO - Setting next_dagrun for tutorial_objectstorage to None, run_after=None
[2025-11-28T07:18:32.147+0000] {processor.py:183} INFO - Processing /home/airflow/.local/lib/python3.8/site-packages/airflow/example_dags/tutorial_objectstorage.py took 0.064 seconds
[2025-11-28T07:19:02.502+0000] {processor.py:161} INFO - Started process (PID=2969) to work on /home/airflow/.local/lib/python3.8/site-packages/airflow/example_dags/tutorial_objectstorage.py
[2025-11-28T07:19:02.503+0000] {processor.py:830} INFO - Processing file /home/airflow/.local/lib/python3.8/site-packages/airflow/example_dags/tutorial_objectstorage.py for tasks to queue
[2025-11-28T07:19:02.504+0000] {logging_mixin.py:188} INFO - [2025-11-28T07:19:02.504+0000] {dagbag.py:538} INFO - Filling up the DagBag from /home/airflow/.local/lib/python3.8/site-packages/airflow/example_dags/tutorial_objectstorage.py
[2025-11-28T07:19:02.510+0000] {processor.py:840} INFO - DAG(s) 'tutorial_objectstorage' retrieved from /home/airflow/.local/lib/python3.8/site-packages/airflow/example_dags/tutorial_objectstorage.py
[2025-11-28T07:19:02.524+0000] {logging_mixin.py:188} INFO - [2025-11-28T07:19:02.524+0000] {dag.py:3036} INFO - Sync 1 DAGs
[2025-11-28T07:19:02.534+0000] {logging_mixin.py:188} INFO - [2025-11-28T07:19:02.534+0000] {dag.py:3823} INFO - Setting next_dagrun for tutorial_objectstorage to None, run_after=None
[2025-11-28T07:19:02.705+0000] {processor.py:183} INFO - Processing /home/airflow/.local/lib/python3.8/site-packages/airflow/example_dags/tutorial_objectstorage.py took 0.205 seconds
[2025-11-28T07:19:32.886+0000] {processor.py:161} INFO - Started process (PID=3023) to work on /home/airflow/.local/lib/python3.8/site-packages/airflow/example_dags/tutorial_objectstorage.py
[2025-11-28T07:19:32.888+0000] {processor.py:830} INFO - Processing file /home/airflow/.local/lib/python3.8/site-packages/airflow/example_dags/tutorial_objectstorage.py for tasks to queue
[2025-11-28T07:19:32.891+0000] {logging_mixin.py:188} INFO - [2025-11-28T07:19:32.890+0000] {dagbag.py:538} INFO - Filling up the DagBag from /home/airflow/.local/lib/python3.8/site-packages/airflow/example_dags/tutorial_objectstorage.py
[2025-11-28T07:19:32.908+0000] {processor.py:840} INFO - DAG(s) 'tutorial_objectstorage' retrieved from /home/airflow/.local/lib/python3.8/site-packages/airflow/example_dags/tutorial_objectstorage.py
[2025-11-28T07:19:32.934+0000] {logging_mixin.py:188} INFO - [2025-11-28T07:19:32.934+0000] {dag.py:3036} INFO - Sync 1 DAGs
[2025-11-28T07:19:32.944+0000] {logging_mixin.py:188} INFO - [2025-11-28T07:19:32.944+0000] {dag.py:3823} INFO - Setting next_dagrun for tutorial_objectstorage to None, run_after=None
[2025-11-28T07:19:32.964+0000] {processor.py:183} INFO - Processing /home/airflow/.local/lib/python3.8/site-packages/airflow/example_dags/tutorial_objectstorage.py took 0.082 seconds
