[2025-11-28T06:52:24.957+0000] {processor.py:161} INFO - Started process (PID=75) to work on /home/airflow/.local/lib/python3.8/site-packages/airflow/example_dags/tutorial.py
[2025-11-28T06:52:24.959+0000] {processor.py:830} INFO - Processing file /home/airflow/.local/lib/python3.8/site-packages/airflow/example_dags/tutorial.py for tasks to queue
[2025-11-28T06:52:24.963+0000] {logging_mixin.py:188} INFO - [2025-11-28T06:52:24.962+0000] {dagbag.py:538} INFO - Filling up the DagBag from /home/airflow/.local/lib/python3.8/site-packages/airflow/example_dags/tutorial.py
[2025-11-28T06:52:24.976+0000] {processor.py:840} INFO - DAG(s) 'tutorial' retrieved from /home/airflow/.local/lib/python3.8/site-packages/airflow/example_dags/tutorial.py
[2025-11-28T06:52:25.118+0000] {logging_mixin.py:188} INFO - [2025-11-28T06:52:25.117+0000] {override.py:1769} INFO - Created Permission View: can edit on DAG:tutorial
[2025-11-28T06:52:25.139+0000] {logging_mixin.py:188} INFO - [2025-11-28T06:52:25.139+0000] {override.py:1769} INFO - Created Permission View: can delete on DAG:tutorial
[2025-11-28T06:52:25.152+0000] {logging_mixin.py:188} INFO - [2025-11-28T06:52:25.151+0000] {override.py:1769} INFO - Created Permission View: can read on DAG:tutorial
[2025-11-28T06:52:25.152+0000] {logging_mixin.py:188} INFO - [2025-11-28T06:52:25.152+0000] {dag.py:3036} INFO - Sync 1 DAGs
[2025-11-28T06:52:25.169+0000] {logging_mixin.py:188} INFO - [2025-11-28T06:52:25.169+0000] {dag.py:3058} INFO - Creating ORM DAG for tutorial
[2025-11-28T06:52:25.185+0000] {logging_mixin.py:188} INFO - [2025-11-28T06:52:25.185+0000] {dag.py:3823} INFO - Setting next_dagrun for tutorial to 2025-11-27 00:00:00+00:00, run_after=2025-11-28 00:00:00+00:00
[2025-11-28T06:52:25.217+0000] {processor.py:183} INFO - Processing /home/airflow/.local/lib/python3.8/site-packages/airflow/example_dags/tutorial.py took 0.266 seconds
[2025-11-28T06:52:55.309+0000] {processor.py:161} INFO - Started process (PID=130) to work on /home/airflow/.local/lib/python3.8/site-packages/airflow/example_dags/tutorial.py
[2025-11-28T06:52:55.311+0000] {processor.py:830} INFO - Processing file /home/airflow/.local/lib/python3.8/site-packages/airflow/example_dags/tutorial.py for tasks to queue
[2025-11-28T06:52:55.313+0000] {logging_mixin.py:188} INFO - [2025-11-28T06:52:55.313+0000] {dagbag.py:538} INFO - Filling up the DagBag from /home/airflow/.local/lib/python3.8/site-packages/airflow/example_dags/tutorial.py
[2025-11-28T06:52:55.320+0000] {processor.py:840} INFO - DAG(s) 'tutorial' retrieved from /home/airflow/.local/lib/python3.8/site-packages/airflow/example_dags/tutorial.py
[2025-11-28T06:52:55.353+0000] {logging_mixin.py:188} INFO - [2025-11-28T06:52:55.353+0000] {dag.py:3036} INFO - Sync 1 DAGs
[2025-11-28T06:52:55.392+0000] {logging_mixin.py:188} INFO - [2025-11-28T06:52:55.391+0000] {dag.py:3823} INFO - Setting next_dagrun for tutorial to 2025-11-27 00:00:00+00:00, run_after=2025-11-28 00:00:00+00:00
[2025-11-28T06:52:55.424+0000] {processor.py:183} INFO - Processing /home/airflow/.local/lib/python3.8/site-packages/airflow/example_dags/tutorial.py took 0.118 seconds
[2025-11-28T06:53:25.586+0000] {processor.py:161} INFO - Started process (PID=185) to work on /home/airflow/.local/lib/python3.8/site-packages/airflow/example_dags/tutorial.py
[2025-11-28T06:53:25.589+0000] {processor.py:830} INFO - Processing file /home/airflow/.local/lib/python3.8/site-packages/airflow/example_dags/tutorial.py for tasks to queue
[2025-11-28T06:53:25.591+0000] {logging_mixin.py:188} INFO - [2025-11-28T06:53:25.591+0000] {dagbag.py:538} INFO - Filling up the DagBag from /home/airflow/.local/lib/python3.8/site-packages/airflow/example_dags/tutorial.py
[2025-11-28T06:53:25.598+0000] {processor.py:840} INFO - DAG(s) 'tutorial' retrieved from /home/airflow/.local/lib/python3.8/site-packages/airflow/example_dags/tutorial.py
[2025-11-28T06:53:25.617+0000] {logging_mixin.py:188} INFO - [2025-11-28T06:53:25.617+0000] {dag.py:3036} INFO - Sync 1 DAGs
[2025-11-28T06:53:25.637+0000] {logging_mixin.py:188} INFO - [2025-11-28T06:53:25.637+0000] {dag.py:3823} INFO - Setting next_dagrun for tutorial to 2025-11-27 00:00:00+00:00, run_after=2025-11-28 00:00:00+00:00
[2025-11-28T06:53:25.656+0000] {processor.py:183} INFO - Processing /home/airflow/.local/lib/python3.8/site-packages/airflow/example_dags/tutorial.py took 0.074 seconds
[2025-11-28T06:53:55.887+0000] {processor.py:161} INFO - Started process (PID=240) to work on /home/airflow/.local/lib/python3.8/site-packages/airflow/example_dags/tutorial.py
[2025-11-28T06:53:55.889+0000] {processor.py:830} INFO - Processing file /home/airflow/.local/lib/python3.8/site-packages/airflow/example_dags/tutorial.py for tasks to queue
[2025-11-28T06:53:55.891+0000] {logging_mixin.py:188} INFO - [2025-11-28T06:53:55.891+0000] {dagbag.py:538} INFO - Filling up the DagBag from /home/airflow/.local/lib/python3.8/site-packages/airflow/example_dags/tutorial.py
[2025-11-28T06:53:55.897+0000] {processor.py:840} INFO - DAG(s) 'tutorial' retrieved from /home/airflow/.local/lib/python3.8/site-packages/airflow/example_dags/tutorial.py
[2025-11-28T06:53:55.920+0000] {logging_mixin.py:188} INFO - [2025-11-28T06:53:55.920+0000] {dag.py:3036} INFO - Sync 1 DAGs
[2025-11-28T06:53:55.938+0000] {logging_mixin.py:188} INFO - [2025-11-28T06:53:55.938+0000] {dag.py:3823} INFO - Setting next_dagrun for tutorial to 2025-11-27 00:00:00+00:00, run_after=2025-11-28 00:00:00+00:00
[2025-11-28T06:53:55.954+0000] {processor.py:183} INFO - Processing /home/airflow/.local/lib/python3.8/site-packages/airflow/example_dags/tutorial.py took 0.070 seconds
[2025-11-28T06:54:26.402+0000] {processor.py:161} INFO - Started process (PID=295) to work on /home/airflow/.local/lib/python3.8/site-packages/airflow/example_dags/tutorial.py
[2025-11-28T06:54:26.405+0000] {processor.py:830} INFO - Processing file /home/airflow/.local/lib/python3.8/site-packages/airflow/example_dags/tutorial.py for tasks to queue
[2025-11-28T06:54:26.410+0000] {logging_mixin.py:188} INFO - [2025-11-28T06:54:26.410+0000] {dagbag.py:538} INFO - Filling up the DagBag from /home/airflow/.local/lib/python3.8/site-packages/airflow/example_dags/tutorial.py
[2025-11-28T06:54:26.421+0000] {processor.py:840} INFO - DAG(s) 'tutorial' retrieved from /home/airflow/.local/lib/python3.8/site-packages/airflow/example_dags/tutorial.py
[2025-11-28T06:54:26.440+0000] {logging_mixin.py:188} INFO - [2025-11-28T06:54:26.440+0000] {dag.py:3036} INFO - Sync 1 DAGs
[2025-11-28T06:54:26.457+0000] {logging_mixin.py:188} INFO - [2025-11-28T06:54:26.457+0000] {dag.py:3823} INFO - Setting next_dagrun for tutorial to 2025-11-27 00:00:00+00:00, run_after=2025-11-28 00:00:00+00:00
[2025-11-28T06:54:26.471+0000] {processor.py:183} INFO - Processing /home/airflow/.local/lib/python3.8/site-packages/airflow/example_dags/tutorial.py took 0.077 seconds
[2025-11-28T06:54:57.043+0000] {processor.py:161} INFO - Started process (PID=356) to work on /home/airflow/.local/lib/python3.8/site-packages/airflow/example_dags/tutorial.py
[2025-11-28T06:54:57.045+0000] {processor.py:830} INFO - Processing file /home/airflow/.local/lib/python3.8/site-packages/airflow/example_dags/tutorial.py for tasks to queue
[2025-11-28T06:54:57.047+0000] {logging_mixin.py:188} INFO - [2025-11-28T06:54:57.047+0000] {dagbag.py:538} INFO - Filling up the DagBag from /home/airflow/.local/lib/python3.8/site-packages/airflow/example_dags/tutorial.py
[2025-11-28T06:54:57.052+0000] {processor.py:840} INFO - DAG(s) 'tutorial' retrieved from /home/airflow/.local/lib/python3.8/site-packages/airflow/example_dags/tutorial.py
[2025-11-28T06:54:57.064+0000] {logging_mixin.py:188} INFO - [2025-11-28T06:54:57.063+0000] {dag.py:3036} INFO - Sync 1 DAGs
[2025-11-28T06:54:57.083+0000] {logging_mixin.py:188} INFO - [2025-11-28T06:54:57.082+0000] {dag.py:3823} INFO - Setting next_dagrun for tutorial to 2025-11-27 00:00:00+00:00, run_after=2025-11-28 00:00:00+00:00
[2025-11-28T06:54:57.113+0000] {processor.py:183} INFO - Processing /home/airflow/.local/lib/python3.8/site-packages/airflow/example_dags/tutorial.py took 0.073 seconds
[2025-11-28T06:55:27.327+0000] {processor.py:161} INFO - Started process (PID=412) to work on /home/airflow/.local/lib/python3.8/site-packages/airflow/example_dags/tutorial.py
[2025-11-28T06:55:27.328+0000] {processor.py:830} INFO - Processing file /home/airflow/.local/lib/python3.8/site-packages/airflow/example_dags/tutorial.py for tasks to queue
[2025-11-28T06:55:27.330+0000] {logging_mixin.py:188} INFO - [2025-11-28T06:55:27.330+0000] {dagbag.py:538} INFO - Filling up the DagBag from /home/airflow/.local/lib/python3.8/site-packages/airflow/example_dags/tutorial.py
[2025-11-28T06:55:27.336+0000] {processor.py:840} INFO - DAG(s) 'tutorial' retrieved from /home/airflow/.local/lib/python3.8/site-packages/airflow/example_dags/tutorial.py
[2025-11-28T06:55:27.411+0000] {logging_mixin.py:188} INFO - [2025-11-28T06:55:27.411+0000] {dag.py:3036} INFO - Sync 1 DAGs
[2025-11-28T06:55:27.426+0000] {logging_mixin.py:188} INFO - [2025-11-28T06:55:27.426+0000] {dag.py:3823} INFO - Setting next_dagrun for tutorial to 2025-11-27 00:00:00+00:00, run_after=2025-11-28 00:00:00+00:00
[2025-11-28T06:55:27.441+0000] {processor.py:183} INFO - Processing /home/airflow/.local/lib/python3.8/site-packages/airflow/example_dags/tutorial.py took 0.116 seconds
[2025-11-28T06:55:57.544+0000] {processor.py:161} INFO - Started process (PID=467) to work on /home/airflow/.local/lib/python3.8/site-packages/airflow/example_dags/tutorial.py
[2025-11-28T06:55:57.548+0000] {processor.py:830} INFO - Processing file /home/airflow/.local/lib/python3.8/site-packages/airflow/example_dags/tutorial.py for tasks to queue
[2025-11-28T06:55:57.550+0000] {logging_mixin.py:188} INFO - [2025-11-28T06:55:57.549+0000] {dagbag.py:538} INFO - Filling up the DagBag from /home/airflow/.local/lib/python3.8/site-packages/airflow/example_dags/tutorial.py
[2025-11-28T06:55:57.556+0000] {processor.py:840} INFO - DAG(s) 'tutorial' retrieved from /home/airflow/.local/lib/python3.8/site-packages/airflow/example_dags/tutorial.py
[2025-11-28T06:55:57.575+0000] {logging_mixin.py:188} INFO - [2025-11-28T06:55:57.574+0000] {dag.py:3036} INFO - Sync 1 DAGs
[2025-11-28T06:55:57.594+0000] {logging_mixin.py:188} INFO - [2025-11-28T06:55:57.594+0000] {dag.py:3823} INFO - Setting next_dagrun for tutorial to 2025-11-27 00:00:00+00:00, run_after=2025-11-28 00:00:00+00:00
[2025-11-28T06:55:57.616+0000] {processor.py:183} INFO - Processing /home/airflow/.local/lib/python3.8/site-packages/airflow/example_dags/tutorial.py took 0.075 seconds
[2025-11-28T06:56:27.894+0000] {processor.py:161} INFO - Started process (PID=521) to work on /home/airflow/.local/lib/python3.8/site-packages/airflow/example_dags/tutorial.py
[2025-11-28T06:56:27.896+0000] {processor.py:830} INFO - Processing file /home/airflow/.local/lib/python3.8/site-packages/airflow/example_dags/tutorial.py for tasks to queue
[2025-11-28T06:56:27.898+0000] {logging_mixin.py:188} INFO - [2025-11-28T06:56:27.898+0000] {dagbag.py:538} INFO - Filling up the DagBag from /home/airflow/.local/lib/python3.8/site-packages/airflow/example_dags/tutorial.py
[2025-11-28T06:56:27.905+0000] {processor.py:840} INFO - DAG(s) 'tutorial' retrieved from /home/airflow/.local/lib/python3.8/site-packages/airflow/example_dags/tutorial.py
[2025-11-28T06:56:27.925+0000] {logging_mixin.py:188} INFO - [2025-11-28T06:56:27.925+0000] {dag.py:3036} INFO - Sync 1 DAGs
[2025-11-28T06:56:27.946+0000] {logging_mixin.py:188} INFO - [2025-11-28T06:56:27.946+0000] {dag.py:3823} INFO - Setting next_dagrun for tutorial to 2025-11-27 00:00:00+00:00, run_after=2025-11-28 00:00:00+00:00
[2025-11-28T06:56:27.964+0000] {processor.py:183} INFO - Processing /home/airflow/.local/lib/python3.8/site-packages/airflow/example_dags/tutorial.py took 0.074 seconds
[2025-11-28T06:56:58.371+0000] {processor.py:161} INFO - Started process (PID=576) to work on /home/airflow/.local/lib/python3.8/site-packages/airflow/example_dags/tutorial.py
[2025-11-28T06:56:58.373+0000] {processor.py:830} INFO - Processing file /home/airflow/.local/lib/python3.8/site-packages/airflow/example_dags/tutorial.py for tasks to queue
[2025-11-28T06:56:58.375+0000] {logging_mixin.py:188} INFO - [2025-11-28T06:56:58.374+0000] {dagbag.py:538} INFO - Filling up the DagBag from /home/airflow/.local/lib/python3.8/site-packages/airflow/example_dags/tutorial.py
[2025-11-28T06:56:58.382+0000] {processor.py:840} INFO - DAG(s) 'tutorial' retrieved from /home/airflow/.local/lib/python3.8/site-packages/airflow/example_dags/tutorial.py
[2025-11-28T06:56:58.402+0000] {logging_mixin.py:188} INFO - [2025-11-28T06:56:58.402+0000] {dag.py:3036} INFO - Sync 1 DAGs
[2025-11-28T06:56:58.421+0000] {logging_mixin.py:188} INFO - [2025-11-28T06:56:58.421+0000] {dag.py:3823} INFO - Setting next_dagrun for tutorial to 2025-11-27 00:00:00+00:00, run_after=2025-11-28 00:00:00+00:00
[2025-11-28T06:56:58.439+0000] {processor.py:183} INFO - Processing /home/airflow/.local/lib/python3.8/site-packages/airflow/example_dags/tutorial.py took 0.071 seconds
[2025-11-28T06:57:29.050+0000] {processor.py:161} INFO - Started process (PID=631) to work on /home/airflow/.local/lib/python3.8/site-packages/airflow/example_dags/tutorial.py
[2025-11-28T06:57:29.052+0000] {processor.py:830} INFO - Processing file /home/airflow/.local/lib/python3.8/site-packages/airflow/example_dags/tutorial.py for tasks to queue
[2025-11-28T06:57:29.057+0000] {logging_mixin.py:188} INFO - [2025-11-28T06:57:29.056+0000] {dagbag.py:538} INFO - Filling up the DagBag from /home/airflow/.local/lib/python3.8/site-packages/airflow/example_dags/tutorial.py
[2025-11-28T06:57:29.061+0000] {processor.py:840} INFO - DAG(s) 'tutorial' retrieved from /home/airflow/.local/lib/python3.8/site-packages/airflow/example_dags/tutorial.py
[2025-11-28T06:57:29.080+0000] {logging_mixin.py:188} INFO - [2025-11-28T06:57:29.080+0000] {dag.py:3036} INFO - Sync 1 DAGs
[2025-11-28T06:57:29.103+0000] {logging_mixin.py:188} INFO - [2025-11-28T06:57:29.103+0000] {dag.py:3823} INFO - Setting next_dagrun for tutorial to 2025-11-27 00:00:00+00:00, run_after=2025-11-28 00:00:00+00:00
[2025-11-28T06:57:29.118+0000] {processor.py:183} INFO - Processing /home/airflow/.local/lib/python3.8/site-packages/airflow/example_dags/tutorial.py took 0.071 seconds
[2025-11-28T06:57:59.558+0000] {processor.py:161} INFO - Started process (PID=686) to work on /home/airflow/.local/lib/python3.8/site-packages/airflow/example_dags/tutorial.py
[2025-11-28T06:57:59.559+0000] {processor.py:830} INFO - Processing file /home/airflow/.local/lib/python3.8/site-packages/airflow/example_dags/tutorial.py for tasks to queue
[2025-11-28T06:57:59.561+0000] {logging_mixin.py:188} INFO - [2025-11-28T06:57:59.561+0000] {dagbag.py:538} INFO - Filling up the DagBag from /home/airflow/.local/lib/python3.8/site-packages/airflow/example_dags/tutorial.py
[2025-11-28T06:57:59.566+0000] {processor.py:840} INFO - DAG(s) 'tutorial' retrieved from /home/airflow/.local/lib/python3.8/site-packages/airflow/example_dags/tutorial.py
[2025-11-28T06:57:59.585+0000] {logging_mixin.py:188} INFO - [2025-11-28T06:57:59.585+0000] {dag.py:3036} INFO - Sync 1 DAGs
[2025-11-28T06:57:59.618+0000] {logging_mixin.py:188} INFO - [2025-11-28T06:57:59.617+0000] {dag.py:3823} INFO - Setting next_dagrun for tutorial to 2025-11-27 00:00:00+00:00, run_after=2025-11-28 00:00:00+00:00
[2025-11-28T06:57:59.639+0000] {processor.py:183} INFO - Processing /home/airflow/.local/lib/python3.8/site-packages/airflow/example_dags/tutorial.py took 0.084 seconds
[2025-11-28T06:58:30.093+0000] {processor.py:161} INFO - Started process (PID=741) to work on /home/airflow/.local/lib/python3.8/site-packages/airflow/example_dags/tutorial.py
[2025-11-28T06:58:30.095+0000] {processor.py:830} INFO - Processing file /home/airflow/.local/lib/python3.8/site-packages/airflow/example_dags/tutorial.py for tasks to queue
[2025-11-28T06:58:30.096+0000] {logging_mixin.py:188} INFO - [2025-11-28T06:58:30.096+0000] {dagbag.py:538} INFO - Filling up the DagBag from /home/airflow/.local/lib/python3.8/site-packages/airflow/example_dags/tutorial.py
[2025-11-28T06:58:30.103+0000] {processor.py:840} INFO - DAG(s) 'tutorial' retrieved from /home/airflow/.local/lib/python3.8/site-packages/airflow/example_dags/tutorial.py
[2025-11-28T06:58:30.119+0000] {logging_mixin.py:188} INFO - [2025-11-28T06:58:30.119+0000] {dag.py:3036} INFO - Sync 1 DAGs
[2025-11-28T06:58:30.134+0000] {logging_mixin.py:188} INFO - [2025-11-28T06:58:30.134+0000] {dag.py:3823} INFO - Setting next_dagrun for tutorial to 2025-11-27 00:00:00+00:00, run_after=2025-11-28 00:00:00+00:00
[2025-11-28T06:58:30.150+0000] {processor.py:183} INFO - Processing /home/airflow/.local/lib/python3.8/site-packages/airflow/example_dags/tutorial.py took 0.059 seconds
[2025-11-28T06:59:00.750+0000] {processor.py:161} INFO - Started process (PID=796) to work on /home/airflow/.local/lib/python3.8/site-packages/airflow/example_dags/tutorial.py
[2025-11-28T06:59:00.752+0000] {processor.py:830} INFO - Processing file /home/airflow/.local/lib/python3.8/site-packages/airflow/example_dags/tutorial.py for tasks to queue
[2025-11-28T06:59:00.754+0000] {logging_mixin.py:188} INFO - [2025-11-28T06:59:00.754+0000] {dagbag.py:538} INFO - Filling up the DagBag from /home/airflow/.local/lib/python3.8/site-packages/airflow/example_dags/tutorial.py
[2025-11-28T06:59:00.760+0000] {processor.py:840} INFO - DAG(s) 'tutorial' retrieved from /home/airflow/.local/lib/python3.8/site-packages/airflow/example_dags/tutorial.py
[2025-11-28T06:59:00.782+0000] {logging_mixin.py:188} INFO - [2025-11-28T06:59:00.782+0000] {dag.py:3036} INFO - Sync 1 DAGs
[2025-11-28T06:59:00.798+0000] {logging_mixin.py:188} INFO - [2025-11-28T06:59:00.798+0000] {dag.py:3823} INFO - Setting next_dagrun for tutorial to 2025-11-27 00:00:00+00:00, run_after=2025-11-28 00:00:00+00:00
[2025-11-28T06:59:00.819+0000] {processor.py:183} INFO - Processing /home/airflow/.local/lib/python3.8/site-packages/airflow/example_dags/tutorial.py took 0.071 seconds
[2025-11-28T06:59:31.238+0000] {processor.py:161} INFO - Started process (PID=851) to work on /home/airflow/.local/lib/python3.8/site-packages/airflow/example_dags/tutorial.py
[2025-11-28T06:59:31.240+0000] {processor.py:830} INFO - Processing file /home/airflow/.local/lib/python3.8/site-packages/airflow/example_dags/tutorial.py for tasks to queue
[2025-11-28T06:59:31.243+0000] {logging_mixin.py:188} INFO - [2025-11-28T06:59:31.242+0000] {dagbag.py:538} INFO - Filling up the DagBag from /home/airflow/.local/lib/python3.8/site-packages/airflow/example_dags/tutorial.py
[2025-11-28T06:59:31.253+0000] {processor.py:840} INFO - DAG(s) 'tutorial' retrieved from /home/airflow/.local/lib/python3.8/site-packages/airflow/example_dags/tutorial.py
[2025-11-28T06:59:31.290+0000] {logging_mixin.py:188} INFO - [2025-11-28T06:59:31.290+0000] {dag.py:3036} INFO - Sync 1 DAGs
[2025-11-28T06:59:31.317+0000] {logging_mixin.py:188} INFO - [2025-11-28T06:59:31.316+0000] {dag.py:3823} INFO - Setting next_dagrun for tutorial to 2025-11-27 00:00:00+00:00, run_after=2025-11-28 00:00:00+00:00
[2025-11-28T06:59:31.343+0000] {processor.py:183} INFO - Processing /home/airflow/.local/lib/python3.8/site-packages/airflow/example_dags/tutorial.py took 0.110 seconds
[2025-11-28T07:00:01.431+0000] {processor.py:161} INFO - Started process (PID=906) to work on /home/airflow/.local/lib/python3.8/site-packages/airflow/example_dags/tutorial.py
[2025-11-28T07:00:01.433+0000] {processor.py:830} INFO - Processing file /home/airflow/.local/lib/python3.8/site-packages/airflow/example_dags/tutorial.py for tasks to queue
[2025-11-28T07:00:01.439+0000] {logging_mixin.py:188} INFO - [2025-11-28T07:00:01.438+0000] {dagbag.py:538} INFO - Filling up the DagBag from /home/airflow/.local/lib/python3.8/site-packages/airflow/example_dags/tutorial.py
[2025-11-28T07:00:01.450+0000] {processor.py:840} INFO - DAG(s) 'tutorial' retrieved from /home/airflow/.local/lib/python3.8/site-packages/airflow/example_dags/tutorial.py
[2025-11-28T07:00:01.470+0000] {logging_mixin.py:188} INFO - [2025-11-28T07:00:01.470+0000] {dag.py:3036} INFO - Sync 1 DAGs
[2025-11-28T07:00:01.486+0000] {logging_mixin.py:188} INFO - [2025-11-28T07:00:01.486+0000] {dag.py:3823} INFO - Setting next_dagrun for tutorial to 2025-11-27 00:00:00+00:00, run_after=2025-11-28 00:00:00+00:00
[2025-11-28T07:00:01.504+0000] {processor.py:183} INFO - Processing /home/airflow/.local/lib/python3.8/site-packages/airflow/example_dags/tutorial.py took 0.079 seconds
[2025-11-28T07:00:32.035+0000] {processor.py:161} INFO - Started process (PID=961) to work on /home/airflow/.local/lib/python3.8/site-packages/airflow/example_dags/tutorial.py
[2025-11-28T07:00:32.037+0000] {processor.py:830} INFO - Processing file /home/airflow/.local/lib/python3.8/site-packages/airflow/example_dags/tutorial.py for tasks to queue
[2025-11-28T07:00:32.041+0000] {logging_mixin.py:188} INFO - [2025-11-28T07:00:32.040+0000] {dagbag.py:538} INFO - Filling up the DagBag from /home/airflow/.local/lib/python3.8/site-packages/airflow/example_dags/tutorial.py
[2025-11-28T07:00:32.048+0000] {processor.py:840} INFO - DAG(s) 'tutorial' retrieved from /home/airflow/.local/lib/python3.8/site-packages/airflow/example_dags/tutorial.py
[2025-11-28T07:00:32.080+0000] {logging_mixin.py:188} INFO - [2025-11-28T07:00:32.080+0000] {dag.py:3036} INFO - Sync 1 DAGs
[2025-11-28T07:00:32.108+0000] {logging_mixin.py:188} INFO - [2025-11-28T07:00:32.108+0000] {dag.py:3823} INFO - Setting next_dagrun for tutorial to 2025-11-27 00:00:00+00:00, run_after=2025-11-28 00:00:00+00:00
[2025-11-28T07:00:32.133+0000] {processor.py:183} INFO - Processing /home/airflow/.local/lib/python3.8/site-packages/airflow/example_dags/tutorial.py took 0.102 seconds
[2025-11-28T07:01:02.331+0000] {processor.py:161} INFO - Started process (PID=1016) to work on /home/airflow/.local/lib/python3.8/site-packages/airflow/example_dags/tutorial.py
[2025-11-28T07:01:02.334+0000] {processor.py:830} INFO - Processing file /home/airflow/.local/lib/python3.8/site-packages/airflow/example_dags/tutorial.py for tasks to queue
[2025-11-28T07:01:02.337+0000] {logging_mixin.py:188} INFO - [2025-11-28T07:01:02.336+0000] {dagbag.py:538} INFO - Filling up the DagBag from /home/airflow/.local/lib/python3.8/site-packages/airflow/example_dags/tutorial.py
[2025-11-28T07:01:02.344+0000] {processor.py:840} INFO - DAG(s) 'tutorial' retrieved from /home/airflow/.local/lib/python3.8/site-packages/airflow/example_dags/tutorial.py
[2025-11-28T07:01:02.369+0000] {logging_mixin.py:188} INFO - [2025-11-28T07:01:02.369+0000] {dag.py:3036} INFO - Sync 1 DAGs
[2025-11-28T07:01:02.409+0000] {logging_mixin.py:188} INFO - [2025-11-28T07:01:02.408+0000] {dag.py:3823} INFO - Setting next_dagrun for tutorial to 2025-11-27 00:00:00+00:00, run_after=2025-11-28 00:00:00+00:00
[2025-11-28T07:01:02.431+0000] {processor.py:183} INFO - Processing /home/airflow/.local/lib/python3.8/site-packages/airflow/example_dags/tutorial.py took 0.104 seconds
[2025-11-28T07:01:32.685+0000] {processor.py:161} INFO - Started process (PID=1070) to work on /home/airflow/.local/lib/python3.8/site-packages/airflow/example_dags/tutorial.py
[2025-11-28T07:01:32.686+0000] {processor.py:830} INFO - Processing file /home/airflow/.local/lib/python3.8/site-packages/airflow/example_dags/tutorial.py for tasks to queue
[2025-11-28T07:01:32.688+0000] {logging_mixin.py:188} INFO - [2025-11-28T07:01:32.687+0000] {dagbag.py:538} INFO - Filling up the DagBag from /home/airflow/.local/lib/python3.8/site-packages/airflow/example_dags/tutorial.py
[2025-11-28T07:01:32.697+0000] {processor.py:840} INFO - DAG(s) 'tutorial' retrieved from /home/airflow/.local/lib/python3.8/site-packages/airflow/example_dags/tutorial.py
[2025-11-28T07:01:32.723+0000] {logging_mixin.py:188} INFO - [2025-11-28T07:01:32.722+0000] {dag.py:3036} INFO - Sync 1 DAGs
[2025-11-28T07:01:32.743+0000] {logging_mixin.py:188} INFO - [2025-11-28T07:01:32.742+0000] {dag.py:3823} INFO - Setting next_dagrun for tutorial to 2025-11-27 00:00:00+00:00, run_after=2025-11-28 00:00:00+00:00
[2025-11-28T07:01:32.774+0000] {processor.py:183} INFO - Processing /home/airflow/.local/lib/python3.8/site-packages/airflow/example_dags/tutorial.py took 0.093 seconds
[2025-11-28T07:02:03.049+0000] {processor.py:161} INFO - Started process (PID=1125) to work on /home/airflow/.local/lib/python3.8/site-packages/airflow/example_dags/tutorial.py
[2025-11-28T07:02:03.051+0000] {processor.py:830} INFO - Processing file /home/airflow/.local/lib/python3.8/site-packages/airflow/example_dags/tutorial.py for tasks to queue
[2025-11-28T07:02:03.053+0000] {logging_mixin.py:188} INFO - [2025-11-28T07:02:03.053+0000] {dagbag.py:538} INFO - Filling up the DagBag from /home/airflow/.local/lib/python3.8/site-packages/airflow/example_dags/tutorial.py
[2025-11-28T07:02:03.060+0000] {processor.py:840} INFO - DAG(s) 'tutorial' retrieved from /home/airflow/.local/lib/python3.8/site-packages/airflow/example_dags/tutorial.py
[2025-11-28T07:02:03.075+0000] {logging_mixin.py:188} INFO - [2025-11-28T07:02:03.075+0000] {dag.py:3036} INFO - Sync 1 DAGs
[2025-11-28T07:02:03.096+0000] {logging_mixin.py:188} INFO - [2025-11-28T07:02:03.096+0000] {dag.py:3823} INFO - Setting next_dagrun for tutorial to 2025-11-27 00:00:00+00:00, run_after=2025-11-28 00:00:00+00:00
[2025-11-28T07:02:03.123+0000] {processor.py:183} INFO - Processing /home/airflow/.local/lib/python3.8/site-packages/airflow/example_dags/tutorial.py took 0.076 seconds
[2025-11-28T07:02:33.297+0000] {processor.py:161} INFO - Started process (PID=1179) to work on /home/airflow/.local/lib/python3.8/site-packages/airflow/example_dags/tutorial.py
[2025-11-28T07:02:33.298+0000] {processor.py:830} INFO - Processing file /home/airflow/.local/lib/python3.8/site-packages/airflow/example_dags/tutorial.py for tasks to queue
[2025-11-28T07:02:33.301+0000] {logging_mixin.py:188} INFO - [2025-11-28T07:02:33.301+0000] {dagbag.py:538} INFO - Filling up the DagBag from /home/airflow/.local/lib/python3.8/site-packages/airflow/example_dags/tutorial.py
[2025-11-28T07:02:33.308+0000] {processor.py:840} INFO - DAG(s) 'tutorial' retrieved from /home/airflow/.local/lib/python3.8/site-packages/airflow/example_dags/tutorial.py
[2025-11-28T07:02:33.332+0000] {logging_mixin.py:188} INFO - [2025-11-28T07:02:33.332+0000] {dag.py:3036} INFO - Sync 1 DAGs
[2025-11-28T07:02:33.356+0000] {logging_mixin.py:188} INFO - [2025-11-28T07:02:33.356+0000] {dag.py:3823} INFO - Setting next_dagrun for tutorial to 2025-11-27 00:00:00+00:00, run_after=2025-11-28 00:00:00+00:00
[2025-11-28T07:02:33.374+0000] {processor.py:183} INFO - Processing /home/airflow/.local/lib/python3.8/site-packages/airflow/example_dags/tutorial.py took 0.082 seconds
[2025-11-28T07:03:04.265+0000] {processor.py:161} INFO - Started process (PID=1235) to work on /home/airflow/.local/lib/python3.8/site-packages/airflow/example_dags/tutorial.py
[2025-11-28T07:03:04.267+0000] {processor.py:830} INFO - Processing file /home/airflow/.local/lib/python3.8/site-packages/airflow/example_dags/tutorial.py for tasks to queue
[2025-11-28T07:03:04.269+0000] {logging_mixin.py:188} INFO - [2025-11-28T07:03:04.269+0000] {dagbag.py:538} INFO - Filling up the DagBag from /home/airflow/.local/lib/python3.8/site-packages/airflow/example_dags/tutorial.py
[2025-11-28T07:03:04.275+0000] {processor.py:840} INFO - DAG(s) 'tutorial' retrieved from /home/airflow/.local/lib/python3.8/site-packages/airflow/example_dags/tutorial.py
[2025-11-28T07:03:04.296+0000] {logging_mixin.py:188} INFO - [2025-11-28T07:03:04.296+0000] {dag.py:3036} INFO - Sync 1 DAGs
[2025-11-28T07:03:04.316+0000] {logging_mixin.py:188} INFO - [2025-11-28T07:03:04.316+0000] {dag.py:3823} INFO - Setting next_dagrun for tutorial to 2025-11-27 00:00:00+00:00, run_after=2025-11-28 00:00:00+00:00
[2025-11-28T07:03:04.330+0000] {processor.py:183} INFO - Processing /home/airflow/.local/lib/python3.8/site-packages/airflow/example_dags/tutorial.py took 0.069 seconds
[2025-11-28T07:03:34.645+0000] {processor.py:161} INFO - Started process (PID=1290) to work on /home/airflow/.local/lib/python3.8/site-packages/airflow/example_dags/tutorial.py
[2025-11-28T07:03:34.647+0000] {processor.py:830} INFO - Processing file /home/airflow/.local/lib/python3.8/site-packages/airflow/example_dags/tutorial.py for tasks to queue
[2025-11-28T07:03:34.649+0000] {logging_mixin.py:188} INFO - [2025-11-28T07:03:34.649+0000] {dagbag.py:538} INFO - Filling up the DagBag from /home/airflow/.local/lib/python3.8/site-packages/airflow/example_dags/tutorial.py
[2025-11-28T07:03:34.654+0000] {processor.py:840} INFO - DAG(s) 'tutorial' retrieved from /home/airflow/.local/lib/python3.8/site-packages/airflow/example_dags/tutorial.py
[2025-11-28T07:03:34.698+0000] {logging_mixin.py:188} INFO - [2025-11-28T07:03:34.698+0000] {dag.py:3036} INFO - Sync 1 DAGs
[2025-11-28T07:03:34.727+0000] {logging_mixin.py:188} INFO - [2025-11-28T07:03:34.727+0000] {dag.py:3823} INFO - Setting next_dagrun for tutorial to 2025-11-27 00:00:00+00:00, run_after=2025-11-28 00:00:00+00:00
[2025-11-28T07:03:34.753+0000] {processor.py:183} INFO - Processing /home/airflow/.local/lib/python3.8/site-packages/airflow/example_dags/tutorial.py took 0.110 seconds
[2025-11-28T07:04:05.458+0000] {processor.py:161} INFO - Started process (PID=1345) to work on /home/airflow/.local/lib/python3.8/site-packages/airflow/example_dags/tutorial.py
[2025-11-28T07:04:05.459+0000] {processor.py:830} INFO - Processing file /home/airflow/.local/lib/python3.8/site-packages/airflow/example_dags/tutorial.py for tasks to queue
[2025-11-28T07:04:05.461+0000] {logging_mixin.py:188} INFO - [2025-11-28T07:04:05.461+0000] {dagbag.py:538} INFO - Filling up the DagBag from /home/airflow/.local/lib/python3.8/site-packages/airflow/example_dags/tutorial.py
[2025-11-28T07:04:05.469+0000] {processor.py:840} INFO - DAG(s) 'tutorial' retrieved from /home/airflow/.local/lib/python3.8/site-packages/airflow/example_dags/tutorial.py
[2025-11-28T07:04:05.495+0000] {logging_mixin.py:188} INFO - [2025-11-28T07:04:05.495+0000] {dag.py:3036} INFO - Sync 1 DAGs
[2025-11-28T07:04:05.516+0000] {logging_mixin.py:188} INFO - [2025-11-28T07:04:05.516+0000] {dag.py:3823} INFO - Setting next_dagrun for tutorial to 2025-11-27 00:00:00+00:00, run_after=2025-11-28 00:00:00+00:00
[2025-11-28T07:04:05.541+0000] {processor.py:183} INFO - Processing /home/airflow/.local/lib/python3.8/site-packages/airflow/example_dags/tutorial.py took 0.086 seconds
[2025-11-28T07:04:36.166+0000] {processor.py:161} INFO - Started process (PID=1400) to work on /home/airflow/.local/lib/python3.8/site-packages/airflow/example_dags/tutorial.py
[2025-11-28T07:04:36.167+0000] {processor.py:830} INFO - Processing file /home/airflow/.local/lib/python3.8/site-packages/airflow/example_dags/tutorial.py for tasks to queue
[2025-11-28T07:04:36.170+0000] {logging_mixin.py:188} INFO - [2025-11-28T07:04:36.170+0000] {dagbag.py:538} INFO - Filling up the DagBag from /home/airflow/.local/lib/python3.8/site-packages/airflow/example_dags/tutorial.py
[2025-11-28T07:04:36.176+0000] {processor.py:840} INFO - DAG(s) 'tutorial' retrieved from /home/airflow/.local/lib/python3.8/site-packages/airflow/example_dags/tutorial.py
[2025-11-28T07:04:36.199+0000] {logging_mixin.py:188} INFO - [2025-11-28T07:04:36.198+0000] {dag.py:3036} INFO - Sync 1 DAGs
[2025-11-28T07:04:36.215+0000] {logging_mixin.py:188} INFO - [2025-11-28T07:04:36.215+0000] {dag.py:3823} INFO - Setting next_dagrun for tutorial to 2025-11-27 00:00:00+00:00, run_after=2025-11-28 00:00:00+00:00
[2025-11-28T07:04:36.228+0000] {processor.py:183} INFO - Processing /home/airflow/.local/lib/python3.8/site-packages/airflow/example_dags/tutorial.py took 0.067 seconds
[2025-11-28T07:05:06.599+0000] {processor.py:161} INFO - Started process (PID=1456) to work on /home/airflow/.local/lib/python3.8/site-packages/airflow/example_dags/tutorial.py
[2025-11-28T07:05:06.601+0000] {processor.py:830} INFO - Processing file /home/airflow/.local/lib/python3.8/site-packages/airflow/example_dags/tutorial.py for tasks to queue
[2025-11-28T07:05:06.604+0000] {logging_mixin.py:188} INFO - [2025-11-28T07:05:06.603+0000] {dagbag.py:538} INFO - Filling up the DagBag from /home/airflow/.local/lib/python3.8/site-packages/airflow/example_dags/tutorial.py
[2025-11-28T07:05:06.611+0000] {processor.py:840} INFO - DAG(s) 'tutorial' retrieved from /home/airflow/.local/lib/python3.8/site-packages/airflow/example_dags/tutorial.py
[2025-11-28T07:05:06.647+0000] {logging_mixin.py:188} INFO - [2025-11-28T07:05:06.647+0000] {dag.py:3036} INFO - Sync 1 DAGs
[2025-11-28T07:05:06.670+0000] {logging_mixin.py:188} INFO - [2025-11-28T07:05:06.670+0000] {dag.py:3823} INFO - Setting next_dagrun for tutorial to 2025-11-27 00:00:00+00:00, run_after=2025-11-28 00:00:00+00:00
[2025-11-28T07:05:06.696+0000] {processor.py:183} INFO - Processing /home/airflow/.local/lib/python3.8/site-packages/airflow/example_dags/tutorial.py took 0.100 seconds
[2025-11-28T07:05:37.241+0000] {processor.py:161} INFO - Started process (PID=1511) to work on /home/airflow/.local/lib/python3.8/site-packages/airflow/example_dags/tutorial.py
[2025-11-28T07:05:37.242+0000] {processor.py:830} INFO - Processing file /home/airflow/.local/lib/python3.8/site-packages/airflow/example_dags/tutorial.py for tasks to queue
[2025-11-28T07:05:37.244+0000] {logging_mixin.py:188} INFO - [2025-11-28T07:05:37.244+0000] {dagbag.py:538} INFO - Filling up the DagBag from /home/airflow/.local/lib/python3.8/site-packages/airflow/example_dags/tutorial.py
[2025-11-28T07:05:37.249+0000] {processor.py:840} INFO - DAG(s) 'tutorial' retrieved from /home/airflow/.local/lib/python3.8/site-packages/airflow/example_dags/tutorial.py
[2025-11-28T07:05:37.271+0000] {logging_mixin.py:188} INFO - [2025-11-28T07:05:37.271+0000] {dag.py:3036} INFO - Sync 1 DAGs
[2025-11-28T07:05:37.290+0000] {logging_mixin.py:188} INFO - [2025-11-28T07:05:37.290+0000] {dag.py:3823} INFO - Setting next_dagrun for tutorial to 2025-11-27 00:00:00+00:00, run_after=2025-11-28 00:00:00+00:00
[2025-11-28T07:05:37.306+0000] {processor.py:183} INFO - Processing /home/airflow/.local/lib/python3.8/site-packages/airflow/example_dags/tutorial.py took 0.067 seconds
[2025-11-28T07:06:07.853+0000] {processor.py:161} INFO - Started process (PID=1566) to work on /home/airflow/.local/lib/python3.8/site-packages/airflow/example_dags/tutorial.py
[2025-11-28T07:06:07.854+0000] {processor.py:830} INFO - Processing file /home/airflow/.local/lib/python3.8/site-packages/airflow/example_dags/tutorial.py for tasks to queue
[2025-11-28T07:06:07.856+0000] {logging_mixin.py:188} INFO - [2025-11-28T07:06:07.856+0000] {dagbag.py:538} INFO - Filling up the DagBag from /home/airflow/.local/lib/python3.8/site-packages/airflow/example_dags/tutorial.py
[2025-11-28T07:06:07.862+0000] {processor.py:840} INFO - DAG(s) 'tutorial' retrieved from /home/airflow/.local/lib/python3.8/site-packages/airflow/example_dags/tutorial.py
[2025-11-28T07:06:07.890+0000] {logging_mixin.py:188} INFO - [2025-11-28T07:06:07.890+0000] {dag.py:3036} INFO - Sync 1 DAGs
[2025-11-28T07:06:07.909+0000] {logging_mixin.py:188} INFO - [2025-11-28T07:06:07.908+0000] {dag.py:3823} INFO - Setting next_dagrun for tutorial to 2025-11-27 00:00:00+00:00, run_after=2025-11-28 00:00:00+00:00
[2025-11-28T07:06:07.926+0000] {processor.py:183} INFO - Processing /home/airflow/.local/lib/python3.8/site-packages/airflow/example_dags/tutorial.py took 0.075 seconds
[2025-11-28T07:06:38.602+0000] {processor.py:161} INFO - Started process (PID=1621) to work on /home/airflow/.local/lib/python3.8/site-packages/airflow/example_dags/tutorial.py
[2025-11-28T07:06:38.604+0000] {processor.py:830} INFO - Processing file /home/airflow/.local/lib/python3.8/site-packages/airflow/example_dags/tutorial.py for tasks to queue
[2025-11-28T07:06:38.607+0000] {logging_mixin.py:188} INFO - [2025-11-28T07:06:38.606+0000] {dagbag.py:538} INFO - Filling up the DagBag from /home/airflow/.local/lib/python3.8/site-packages/airflow/example_dags/tutorial.py
[2025-11-28T07:06:38.615+0000] {processor.py:840} INFO - DAG(s) 'tutorial' retrieved from /home/airflow/.local/lib/python3.8/site-packages/airflow/example_dags/tutorial.py
[2025-11-28T07:06:38.644+0000] {logging_mixin.py:188} INFO - [2025-11-28T07:06:38.644+0000] {dag.py:3036} INFO - Sync 1 DAGs
[2025-11-28T07:06:38.663+0000] {logging_mixin.py:188} INFO - [2025-11-28T07:06:38.663+0000] {dag.py:3823} INFO - Setting next_dagrun for tutorial to 2025-11-27 00:00:00+00:00, run_after=2025-11-28 00:00:00+00:00
[2025-11-28T07:06:38.682+0000] {processor.py:183} INFO - Processing /home/airflow/.local/lib/python3.8/site-packages/airflow/example_dags/tutorial.py took 0.084 seconds
[2025-11-28T07:07:09.701+0000] {processor.py:161} INFO - Started process (PID=1676) to work on /home/airflow/.local/lib/python3.8/site-packages/airflow/example_dags/tutorial.py
[2025-11-28T07:07:09.702+0000] {processor.py:830} INFO - Processing file /home/airflow/.local/lib/python3.8/site-packages/airflow/example_dags/tutorial.py for tasks to queue
[2025-11-28T07:07:09.704+0000] {logging_mixin.py:188} INFO - [2025-11-28T07:07:09.704+0000] {dagbag.py:538} INFO - Filling up the DagBag from /home/airflow/.local/lib/python3.8/site-packages/airflow/example_dags/tutorial.py
[2025-11-28T07:07:09.709+0000] {processor.py:840} INFO - DAG(s) 'tutorial' retrieved from /home/airflow/.local/lib/python3.8/site-packages/airflow/example_dags/tutorial.py
[2025-11-28T07:07:09.723+0000] {logging_mixin.py:188} INFO - [2025-11-28T07:07:09.723+0000] {dag.py:3036} INFO - Sync 1 DAGs
[2025-11-28T07:07:09.741+0000] {logging_mixin.py:188} INFO - [2025-11-28T07:07:09.741+0000] {dag.py:3823} INFO - Setting next_dagrun for tutorial to 2025-11-27 00:00:00+00:00, run_after=2025-11-28 00:00:00+00:00
[2025-11-28T07:07:09.755+0000] {processor.py:183} INFO - Processing /home/airflow/.local/lib/python3.8/site-packages/airflow/example_dags/tutorial.py took 0.056 seconds
[2025-11-28T07:07:40.173+0000] {processor.py:161} INFO - Started process (PID=1731) to work on /home/airflow/.local/lib/python3.8/site-packages/airflow/example_dags/tutorial.py
[2025-11-28T07:07:40.173+0000] {processor.py:830} INFO - Processing file /home/airflow/.local/lib/python3.8/site-packages/airflow/example_dags/tutorial.py for tasks to queue
[2025-11-28T07:07:40.179+0000] {logging_mixin.py:188} INFO - [2025-11-28T07:07:40.178+0000] {dagbag.py:538} INFO - Filling up the DagBag from /home/airflow/.local/lib/python3.8/site-packages/airflow/example_dags/tutorial.py
[2025-11-28T07:07:40.183+0000] {processor.py:840} INFO - DAG(s) 'tutorial' retrieved from /home/airflow/.local/lib/python3.8/site-packages/airflow/example_dags/tutorial.py
[2025-11-28T07:07:40.200+0000] {logging_mixin.py:188} INFO - [2025-11-28T07:07:40.200+0000] {dag.py:3036} INFO - Sync 1 DAGs
[2025-11-28T07:07:40.215+0000] {logging_mixin.py:188} INFO - [2025-11-28T07:07:40.215+0000] {dag.py:3823} INFO - Setting next_dagrun for tutorial to 2025-11-27 00:00:00+00:00, run_after=2025-11-28 00:00:00+00:00
[2025-11-28T07:07:40.232+0000] {processor.py:183} INFO - Processing /home/airflow/.local/lib/python3.8/site-packages/airflow/example_dags/tutorial.py took 0.062 seconds
[2025-11-28T07:08:11.157+0000] {processor.py:161} INFO - Started process (PID=1786) to work on /home/airflow/.local/lib/python3.8/site-packages/airflow/example_dags/tutorial.py
[2025-11-28T07:08:11.160+0000] {processor.py:830} INFO - Processing file /home/airflow/.local/lib/python3.8/site-packages/airflow/example_dags/tutorial.py for tasks to queue
[2025-11-28T07:08:11.167+0000] {logging_mixin.py:188} INFO - [2025-11-28T07:08:11.166+0000] {dagbag.py:538} INFO - Filling up the DagBag from /home/airflow/.local/lib/python3.8/site-packages/airflow/example_dags/tutorial.py
[2025-11-28T07:08:11.182+0000] {processor.py:840} INFO - DAG(s) 'tutorial' retrieved from /home/airflow/.local/lib/python3.8/site-packages/airflow/example_dags/tutorial.py
[2025-11-28T07:08:11.229+0000] {logging_mixin.py:188} INFO - [2025-11-28T07:08:11.229+0000] {dag.py:3036} INFO - Sync 1 DAGs
[2025-11-28T07:08:11.283+0000] {logging_mixin.py:188} INFO - [2025-11-28T07:08:11.282+0000] {dag.py:3823} INFO - Setting next_dagrun for tutorial to 2025-11-27 00:00:00+00:00, run_after=2025-11-28 00:00:00+00:00
[2025-11-28T07:08:11.307+0000] {processor.py:183} INFO - Processing /home/airflow/.local/lib/python3.8/site-packages/airflow/example_dags/tutorial.py took 0.160 seconds
[2025-11-28T07:08:41.417+0000] {processor.py:161} INFO - Started process (PID=1841) to work on /home/airflow/.local/lib/python3.8/site-packages/airflow/example_dags/tutorial.py
[2025-11-28T07:08:41.419+0000] {processor.py:830} INFO - Processing file /home/airflow/.local/lib/python3.8/site-packages/airflow/example_dags/tutorial.py for tasks to queue
[2025-11-28T07:08:41.421+0000] {logging_mixin.py:188} INFO - [2025-11-28T07:08:41.421+0000] {dagbag.py:538} INFO - Filling up the DagBag from /home/airflow/.local/lib/python3.8/site-packages/airflow/example_dags/tutorial.py
[2025-11-28T07:08:41.429+0000] {processor.py:840} INFO - DAG(s) 'tutorial' retrieved from /home/airflow/.local/lib/python3.8/site-packages/airflow/example_dags/tutorial.py
[2025-11-28T07:08:41.456+0000] {logging_mixin.py:188} INFO - [2025-11-28T07:08:41.455+0000] {dag.py:3036} INFO - Sync 1 DAGs
[2025-11-28T07:08:41.507+0000] {logging_mixin.py:188} INFO - [2025-11-28T07:08:41.507+0000] {dag.py:3823} INFO - Setting next_dagrun for tutorial to 2025-11-27 00:00:00+00:00, run_after=2025-11-28 00:00:00+00:00
[2025-11-28T07:08:41.543+0000] {processor.py:183} INFO - Processing /home/airflow/.local/lib/python3.8/site-packages/airflow/example_dags/tutorial.py took 0.158 seconds
[2025-11-28T07:09:12.479+0000] {processor.py:161} INFO - Started process (PID=1896) to work on /home/airflow/.local/lib/python3.8/site-packages/airflow/example_dags/tutorial.py
[2025-11-28T07:09:12.483+0000] {processor.py:830} INFO - Processing file /home/airflow/.local/lib/python3.8/site-packages/airflow/example_dags/tutorial.py for tasks to queue
[2025-11-28T07:09:12.486+0000] {logging_mixin.py:188} INFO - [2025-11-28T07:09:12.486+0000] {dagbag.py:538} INFO - Filling up the DagBag from /home/airflow/.local/lib/python3.8/site-packages/airflow/example_dags/tutorial.py
[2025-11-28T07:09:12.492+0000] {processor.py:840} INFO - DAG(s) 'tutorial' retrieved from /home/airflow/.local/lib/python3.8/site-packages/airflow/example_dags/tutorial.py
[2025-11-28T07:09:12.510+0000] {logging_mixin.py:188} INFO - [2025-11-28T07:09:12.510+0000] {dag.py:3036} INFO - Sync 1 DAGs
[2025-11-28T07:09:12.529+0000] {logging_mixin.py:188} INFO - [2025-11-28T07:09:12.529+0000] {dag.py:3823} INFO - Setting next_dagrun for tutorial to 2025-11-27 00:00:00+00:00, run_after=2025-11-28 00:00:00+00:00
[2025-11-28T07:09:12.544+0000] {processor.py:183} INFO - Processing /home/airflow/.local/lib/python3.8/site-packages/airflow/example_dags/tutorial.py took 0.077 seconds
[2025-11-28T07:09:42.680+0000] {processor.py:161} INFO - Started process (PID=1951) to work on /home/airflow/.local/lib/python3.8/site-packages/airflow/example_dags/tutorial.py
[2025-11-28T07:09:42.685+0000] {processor.py:830} INFO - Processing file /home/airflow/.local/lib/python3.8/site-packages/airflow/example_dags/tutorial.py for tasks to queue
[2025-11-28T07:09:42.690+0000] {logging_mixin.py:188} INFO - [2025-11-28T07:09:42.689+0000] {dagbag.py:538} INFO - Filling up the DagBag from /home/airflow/.local/lib/python3.8/site-packages/airflow/example_dags/tutorial.py
[2025-11-28T07:09:42.704+0000] {processor.py:840} INFO - DAG(s) 'tutorial' retrieved from /home/airflow/.local/lib/python3.8/site-packages/airflow/example_dags/tutorial.py
[2025-11-28T07:09:42.735+0000] {logging_mixin.py:188} INFO - [2025-11-28T07:09:42.735+0000] {dag.py:3036} INFO - Sync 1 DAGs
[2025-11-28T07:09:42.752+0000] {logging_mixin.py:188} INFO - [2025-11-28T07:09:42.752+0000] {dag.py:3823} INFO - Setting next_dagrun for tutorial to 2025-11-27 00:00:00+00:00, run_after=2025-11-28 00:00:00+00:00
[2025-11-28T07:09:42.772+0000] {processor.py:183} INFO - Processing /home/airflow/.local/lib/python3.8/site-packages/airflow/example_dags/tutorial.py took 0.107 seconds
[2025-11-28T07:10:13.265+0000] {processor.py:161} INFO - Started process (PID=2006) to work on /home/airflow/.local/lib/python3.8/site-packages/airflow/example_dags/tutorial.py
[2025-11-28T07:10:13.267+0000] {processor.py:830} INFO - Processing file /home/airflow/.local/lib/python3.8/site-packages/airflow/example_dags/tutorial.py for tasks to queue
[2025-11-28T07:10:13.269+0000] {logging_mixin.py:188} INFO - [2025-11-28T07:10:13.268+0000] {dagbag.py:538} INFO - Filling up the DagBag from /home/airflow/.local/lib/python3.8/site-packages/airflow/example_dags/tutorial.py
[2025-11-28T07:10:13.276+0000] {processor.py:840} INFO - DAG(s) 'tutorial' retrieved from /home/airflow/.local/lib/python3.8/site-packages/airflow/example_dags/tutorial.py
[2025-11-28T07:10:13.298+0000] {logging_mixin.py:188} INFO - [2025-11-28T07:10:13.298+0000] {dag.py:3036} INFO - Sync 1 DAGs
[2025-11-28T07:10:13.322+0000] {logging_mixin.py:188} INFO - [2025-11-28T07:10:13.322+0000] {dag.py:3823} INFO - Setting next_dagrun for tutorial to 2025-11-27 00:00:00+00:00, run_after=2025-11-28 00:00:00+00:00
[2025-11-28T07:10:13.477+0000] {processor.py:183} INFO - Processing /home/airflow/.local/lib/python3.8/site-packages/airflow/example_dags/tutorial.py took 0.079 seconds
[2025-11-28T07:10:43.645+0000] {processor.py:161} INFO - Started process (PID=2061) to work on /home/airflow/.local/lib/python3.8/site-packages/airflow/example_dags/tutorial.py
[2025-11-28T07:10:43.647+0000] {processor.py:830} INFO - Processing file /home/airflow/.local/lib/python3.8/site-packages/airflow/example_dags/tutorial.py for tasks to queue
[2025-11-28T07:10:43.650+0000] {logging_mixin.py:188} INFO - [2025-11-28T07:10:43.650+0000] {dagbag.py:538} INFO - Filling up the DagBag from /home/airflow/.local/lib/python3.8/site-packages/airflow/example_dags/tutorial.py
[2025-11-28T07:10:43.659+0000] {processor.py:840} INFO - DAG(s) 'tutorial' retrieved from /home/airflow/.local/lib/python3.8/site-packages/airflow/example_dags/tutorial.py
[2025-11-28T07:10:43.689+0000] {logging_mixin.py:188} INFO - [2025-11-28T07:10:43.688+0000] {dag.py:3036} INFO - Sync 1 DAGs
[2025-11-28T07:10:43.728+0000] {logging_mixin.py:188} INFO - [2025-11-28T07:10:43.728+0000] {dag.py:3823} INFO - Setting next_dagrun for tutorial to 2025-11-27 00:00:00+00:00, run_after=2025-11-28 00:00:00+00:00
[2025-11-28T07:10:43.758+0000] {processor.py:183} INFO - Processing /home/airflow/.local/lib/python3.8/site-packages/airflow/example_dags/tutorial.py took 0.121 seconds
[2025-11-28T07:11:13.987+0000] {processor.py:161} INFO - Started process (PID=2116) to work on /home/airflow/.local/lib/python3.8/site-packages/airflow/example_dags/tutorial.py
[2025-11-28T07:11:13.989+0000] {processor.py:830} INFO - Processing file /home/airflow/.local/lib/python3.8/site-packages/airflow/example_dags/tutorial.py for tasks to queue
[2025-11-28T07:11:13.992+0000] {logging_mixin.py:188} INFO - [2025-11-28T07:11:13.991+0000] {dagbag.py:538} INFO - Filling up the DagBag from /home/airflow/.local/lib/python3.8/site-packages/airflow/example_dags/tutorial.py
[2025-11-28T07:11:14.001+0000] {processor.py:840} INFO - DAG(s) 'tutorial' retrieved from /home/airflow/.local/lib/python3.8/site-packages/airflow/example_dags/tutorial.py
[2025-11-28T07:11:14.029+0000] {logging_mixin.py:188} INFO - [2025-11-28T07:11:14.028+0000] {dag.py:3036} INFO - Sync 1 DAGs
[2025-11-28T07:11:14.045+0000] {logging_mixin.py:188} INFO - [2025-11-28T07:11:14.045+0000] {dag.py:3823} INFO - Setting next_dagrun for tutorial to 2025-11-27 00:00:00+00:00, run_after=2025-11-28 00:00:00+00:00
[2025-11-28T07:11:14.062+0000] {processor.py:183} INFO - Processing /home/airflow/.local/lib/python3.8/site-packages/airflow/example_dags/tutorial.py took 0.079 seconds
[2025-11-28T07:11:44.328+0000] {processor.py:161} INFO - Started process (PID=2171) to work on /home/airflow/.local/lib/python3.8/site-packages/airflow/example_dags/tutorial.py
[2025-11-28T07:11:44.330+0000] {processor.py:830} INFO - Processing file /home/airflow/.local/lib/python3.8/site-packages/airflow/example_dags/tutorial.py for tasks to queue
[2025-11-28T07:11:44.334+0000] {logging_mixin.py:188} INFO - [2025-11-28T07:11:44.333+0000] {dagbag.py:538} INFO - Filling up the DagBag from /home/airflow/.local/lib/python3.8/site-packages/airflow/example_dags/tutorial.py
[2025-11-28T07:11:44.343+0000] {processor.py:840} INFO - DAG(s) 'tutorial' retrieved from /home/airflow/.local/lib/python3.8/site-packages/airflow/example_dags/tutorial.py
[2025-11-28T07:11:44.366+0000] {logging_mixin.py:188} INFO - [2025-11-28T07:11:44.366+0000] {dag.py:3036} INFO - Sync 1 DAGs
[2025-11-28T07:11:44.386+0000] {logging_mixin.py:188} INFO - [2025-11-28T07:11:44.385+0000] {dag.py:3823} INFO - Setting next_dagrun for tutorial to 2025-11-27 00:00:00+00:00, run_after=2025-11-28 00:00:00+00:00
[2025-11-28T07:11:44.403+0000] {processor.py:183} INFO - Processing /home/airflow/.local/lib/python3.8/site-packages/airflow/example_dags/tutorial.py took 0.081 seconds
[2025-11-28T07:12:14.640+0000] {processor.py:161} INFO - Started process (PID=2226) to work on /home/airflow/.local/lib/python3.8/site-packages/airflow/example_dags/tutorial.py
[2025-11-28T07:12:14.641+0000] {processor.py:830} INFO - Processing file /home/airflow/.local/lib/python3.8/site-packages/airflow/example_dags/tutorial.py for tasks to queue
[2025-11-28T07:12:14.642+0000] {logging_mixin.py:188} INFO - [2025-11-28T07:12:14.642+0000] {dagbag.py:538} INFO - Filling up the DagBag from /home/airflow/.local/lib/python3.8/site-packages/airflow/example_dags/tutorial.py
[2025-11-28T07:12:14.651+0000] {processor.py:840} INFO - DAG(s) 'tutorial' retrieved from /home/airflow/.local/lib/python3.8/site-packages/airflow/example_dags/tutorial.py
[2025-11-28T07:12:14.673+0000] {logging_mixin.py:188} INFO - [2025-11-28T07:12:14.672+0000] {dag.py:3036} INFO - Sync 1 DAGs
[2025-11-28T07:12:14.688+0000] {logging_mixin.py:188} INFO - [2025-11-28T07:12:14.688+0000] {dag.py:3823} INFO - Setting next_dagrun for tutorial to 2025-11-27 00:00:00+00:00, run_after=2025-11-28 00:00:00+00:00
[2025-11-28T07:12:14.708+0000] {processor.py:183} INFO - Processing /home/airflow/.local/lib/python3.8/site-packages/airflow/example_dags/tutorial.py took 0.071 seconds
[2025-11-28T07:12:45.097+0000] {processor.py:161} INFO - Started process (PID=2281) to work on /home/airflow/.local/lib/python3.8/site-packages/airflow/example_dags/tutorial.py
[2025-11-28T07:12:45.101+0000] {processor.py:830} INFO - Processing file /home/airflow/.local/lib/python3.8/site-packages/airflow/example_dags/tutorial.py for tasks to queue
[2025-11-28T07:12:45.107+0000] {logging_mixin.py:188} INFO - [2025-11-28T07:12:45.107+0000] {dagbag.py:538} INFO - Filling up the DagBag from /home/airflow/.local/lib/python3.8/site-packages/airflow/example_dags/tutorial.py
[2025-11-28T07:12:45.125+0000] {processor.py:840} INFO - DAG(s) 'tutorial' retrieved from /home/airflow/.local/lib/python3.8/site-packages/airflow/example_dags/tutorial.py
[2025-11-28T07:12:45.190+0000] {logging_mixin.py:188} INFO - [2025-11-28T07:12:45.189+0000] {dag.py:3036} INFO - Sync 1 DAGs
[2025-11-28T07:12:45.225+0000] {logging_mixin.py:188} INFO - [2025-11-28T07:12:45.225+0000] {dag.py:3823} INFO - Setting next_dagrun for tutorial to 2025-11-27 00:00:00+00:00, run_after=2025-11-28 00:00:00+00:00
[2025-11-28T07:12:45.269+0000] {processor.py:183} INFO - Processing /home/airflow/.local/lib/python3.8/site-packages/airflow/example_dags/tutorial.py took 0.181 seconds
[2025-11-28T07:13:15.381+0000] {processor.py:161} INFO - Started process (PID=2336) to work on /home/airflow/.local/lib/python3.8/site-packages/airflow/example_dags/tutorial.py
[2025-11-28T07:13:15.389+0000] {processor.py:830} INFO - Processing file /home/airflow/.local/lib/python3.8/site-packages/airflow/example_dags/tutorial.py for tasks to queue
[2025-11-28T07:13:15.392+0000] {logging_mixin.py:188} INFO - [2025-11-28T07:13:15.391+0000] {dagbag.py:538} INFO - Filling up the DagBag from /home/airflow/.local/lib/python3.8/site-packages/airflow/example_dags/tutorial.py
[2025-11-28T07:13:15.397+0000] {processor.py:840} INFO - DAG(s) 'tutorial' retrieved from /home/airflow/.local/lib/python3.8/site-packages/airflow/example_dags/tutorial.py
[2025-11-28T07:13:15.418+0000] {logging_mixin.py:188} INFO - [2025-11-28T07:13:15.418+0000] {dag.py:3036} INFO - Sync 1 DAGs
[2025-11-28T07:13:15.439+0000] {logging_mixin.py:188} INFO - [2025-11-28T07:13:15.439+0000] {dag.py:3823} INFO - Setting next_dagrun for tutorial to 2025-11-27 00:00:00+00:00, run_after=2025-11-28 00:00:00+00:00
[2025-11-28T07:13:15.458+0000] {processor.py:183} INFO - Processing /home/airflow/.local/lib/python3.8/site-packages/airflow/example_dags/tutorial.py took 0.080 seconds
[2025-11-28T07:13:46.007+0000] {processor.py:161} INFO - Started process (PID=2391) to work on /home/airflow/.local/lib/python3.8/site-packages/airflow/example_dags/tutorial.py
[2025-11-28T07:13:46.010+0000] {processor.py:830} INFO - Processing file /home/airflow/.local/lib/python3.8/site-packages/airflow/example_dags/tutorial.py for tasks to queue
[2025-11-28T07:13:46.013+0000] {logging_mixin.py:188} INFO - [2025-11-28T07:13:46.013+0000] {dagbag.py:538} INFO - Filling up the DagBag from /home/airflow/.local/lib/python3.8/site-packages/airflow/example_dags/tutorial.py
[2025-11-28T07:13:46.020+0000] {processor.py:840} INFO - DAG(s) 'tutorial' retrieved from /home/airflow/.local/lib/python3.8/site-packages/airflow/example_dags/tutorial.py
[2025-11-28T07:13:46.049+0000] {logging_mixin.py:188} INFO - [2025-11-28T07:13:46.049+0000] {dag.py:3036} INFO - Sync 1 DAGs
[2025-11-28T07:13:46.066+0000] {logging_mixin.py:188} INFO - [2025-11-28T07:13:46.066+0000] {dag.py:3823} INFO - Setting next_dagrun for tutorial to 2025-11-27 00:00:00+00:00, run_after=2025-11-28 00:00:00+00:00
[2025-11-28T07:13:46.086+0000] {processor.py:183} INFO - Processing /home/airflow/.local/lib/python3.8/site-packages/airflow/example_dags/tutorial.py took 0.085 seconds
[2025-11-28T07:14:16.408+0000] {processor.py:161} INFO - Started process (PID=2447) to work on /home/airflow/.local/lib/python3.8/site-packages/airflow/example_dags/tutorial.py
[2025-11-28T07:14:16.410+0000] {processor.py:830} INFO - Processing file /home/airflow/.local/lib/python3.8/site-packages/airflow/example_dags/tutorial.py for tasks to queue
[2025-11-28T07:14:16.412+0000] {logging_mixin.py:188} INFO - [2025-11-28T07:14:16.412+0000] {dagbag.py:538} INFO - Filling up the DagBag from /home/airflow/.local/lib/python3.8/site-packages/airflow/example_dags/tutorial.py
[2025-11-28T07:14:16.419+0000] {processor.py:840} INFO - DAG(s) 'tutorial' retrieved from /home/airflow/.local/lib/python3.8/site-packages/airflow/example_dags/tutorial.py
[2025-11-28T07:14:16.441+0000] {logging_mixin.py:188} INFO - [2025-11-28T07:14:16.441+0000] {dag.py:3036} INFO - Sync 1 DAGs
[2025-11-28T07:14:16.458+0000] {logging_mixin.py:188} INFO - [2025-11-28T07:14:16.458+0000] {dag.py:3823} INFO - Setting next_dagrun for tutorial to 2025-11-27 00:00:00+00:00, run_after=2025-11-28 00:00:00+00:00
[2025-11-28T07:14:16.478+0000] {processor.py:183} INFO - Processing /home/airflow/.local/lib/python3.8/site-packages/airflow/example_dags/tutorial.py took 0.074 seconds
[2025-11-28T07:14:46.627+0000] {processor.py:161} INFO - Started process (PID=2502) to work on /home/airflow/.local/lib/python3.8/site-packages/airflow/example_dags/tutorial.py
[2025-11-28T07:14:46.629+0000] {processor.py:830} INFO - Processing file /home/airflow/.local/lib/python3.8/site-packages/airflow/example_dags/tutorial.py for tasks to queue
[2025-11-28T07:14:46.631+0000] {logging_mixin.py:188} INFO - [2025-11-28T07:14:46.631+0000] {dagbag.py:538} INFO - Filling up the DagBag from /home/airflow/.local/lib/python3.8/site-packages/airflow/example_dags/tutorial.py
[2025-11-28T07:14:46.638+0000] {processor.py:840} INFO - DAG(s) 'tutorial' retrieved from /home/airflow/.local/lib/python3.8/site-packages/airflow/example_dags/tutorial.py
[2025-11-28T07:14:46.655+0000] {logging_mixin.py:188} INFO - [2025-11-28T07:14:46.655+0000] {dag.py:3036} INFO - Sync 1 DAGs
[2025-11-28T07:14:46.672+0000] {logging_mixin.py:188} INFO - [2025-11-28T07:14:46.672+0000] {dag.py:3823} INFO - Setting next_dagrun for tutorial to 2025-11-27 00:00:00+00:00, run_after=2025-11-28 00:00:00+00:00
[2025-11-28T07:14:46.688+0000] {processor.py:183} INFO - Processing /home/airflow/.local/lib/python3.8/site-packages/airflow/example_dags/tutorial.py took 0.065 seconds
[2025-11-28T07:15:17.545+0000] {processor.py:161} INFO - Started process (PID=2557) to work on /home/airflow/.local/lib/python3.8/site-packages/airflow/example_dags/tutorial.py
[2025-11-28T07:15:17.546+0000] {processor.py:830} INFO - Processing file /home/airflow/.local/lib/python3.8/site-packages/airflow/example_dags/tutorial.py for tasks to queue
[2025-11-28T07:15:17.551+0000] {logging_mixin.py:188} INFO - [2025-11-28T07:15:17.550+0000] {dagbag.py:538} INFO - Filling up the DagBag from /home/airflow/.local/lib/python3.8/site-packages/airflow/example_dags/tutorial.py
[2025-11-28T07:15:17.555+0000] {processor.py:840} INFO - DAG(s) 'tutorial' retrieved from /home/airflow/.local/lib/python3.8/site-packages/airflow/example_dags/tutorial.py
[2025-11-28T07:15:17.571+0000] {logging_mixin.py:188} INFO - [2025-11-28T07:15:17.571+0000] {dag.py:3036} INFO - Sync 1 DAGs
[2025-11-28T07:15:17.698+0000] {logging_mixin.py:188} INFO - [2025-11-28T07:15:17.698+0000] {dag.py:3823} INFO - Setting next_dagrun for tutorial to 2025-11-27 00:00:00+00:00, run_after=2025-11-28 00:00:00+00:00
[2025-11-28T07:15:17.727+0000] {processor.py:183} INFO - Processing /home/airflow/.local/lib/python3.8/site-packages/airflow/example_dags/tutorial.py took 0.189 seconds
[2025-11-28T07:15:48.417+0000] {processor.py:161} INFO - Started process (PID=2612) to work on /home/airflow/.local/lib/python3.8/site-packages/airflow/example_dags/tutorial.py
[2025-11-28T07:15:48.418+0000] {processor.py:830} INFO - Processing file /home/airflow/.local/lib/python3.8/site-packages/airflow/example_dags/tutorial.py for tasks to queue
[2025-11-28T07:15:48.420+0000] {logging_mixin.py:188} INFO - [2025-11-28T07:15:48.420+0000] {dagbag.py:538} INFO - Filling up the DagBag from /home/airflow/.local/lib/python3.8/site-packages/airflow/example_dags/tutorial.py
[2025-11-28T07:15:48.425+0000] {processor.py:840} INFO - DAG(s) 'tutorial' retrieved from /home/airflow/.local/lib/python3.8/site-packages/airflow/example_dags/tutorial.py
[2025-11-28T07:15:48.442+0000] {logging_mixin.py:188} INFO - [2025-11-28T07:15:48.441+0000] {dag.py:3036} INFO - Sync 1 DAGs
[2025-11-28T07:15:48.461+0000] {logging_mixin.py:188} INFO - [2025-11-28T07:15:48.461+0000] {dag.py:3823} INFO - Setting next_dagrun for tutorial to 2025-11-27 00:00:00+00:00, run_after=2025-11-28 00:00:00+00:00
[2025-11-28T07:15:48.608+0000] {processor.py:183} INFO - Processing /home/airflow/.local/lib/python3.8/site-packages/airflow/example_dags/tutorial.py took 0.194 seconds
[2025-11-28T07:16:18.942+0000] {processor.py:161} INFO - Started process (PID=2667) to work on /home/airflow/.local/lib/python3.8/site-packages/airflow/example_dags/tutorial.py
[2025-11-28T07:16:18.943+0000] {processor.py:830} INFO - Processing file /home/airflow/.local/lib/python3.8/site-packages/airflow/example_dags/tutorial.py for tasks to queue
[2025-11-28T07:16:18.945+0000] {logging_mixin.py:188} INFO - [2025-11-28T07:16:18.944+0000] {dagbag.py:538} INFO - Filling up the DagBag from /home/airflow/.local/lib/python3.8/site-packages/airflow/example_dags/tutorial.py
[2025-11-28T07:16:18.955+0000] {processor.py:840} INFO - DAG(s) 'tutorial' retrieved from /home/airflow/.local/lib/python3.8/site-packages/airflow/example_dags/tutorial.py
[2025-11-28T07:16:18.976+0000] {logging_mixin.py:188} INFO - [2025-11-28T07:16:18.976+0000] {dag.py:3036} INFO - Sync 1 DAGs
[2025-11-28T07:16:18.997+0000] {logging_mixin.py:188} INFO - [2025-11-28T07:16:18.997+0000] {dag.py:3823} INFO - Setting next_dagrun for tutorial to 2025-11-27 00:00:00+00:00, run_after=2025-11-28 00:00:00+00:00
[2025-11-28T07:16:19.131+0000] {processor.py:183} INFO - Processing /home/airflow/.local/lib/python3.8/site-packages/airflow/example_dags/tutorial.py took 0.192 seconds
[2025-11-28T07:16:49.248+0000] {processor.py:161} INFO - Started process (PID=2722) to work on /home/airflow/.local/lib/python3.8/site-packages/airflow/example_dags/tutorial.py
[2025-11-28T07:16:49.249+0000] {processor.py:830} INFO - Processing file /home/airflow/.local/lib/python3.8/site-packages/airflow/example_dags/tutorial.py for tasks to queue
[2025-11-28T07:16:49.251+0000] {logging_mixin.py:188} INFO - [2025-11-28T07:16:49.251+0000] {dagbag.py:538} INFO - Filling up the DagBag from /home/airflow/.local/lib/python3.8/site-packages/airflow/example_dags/tutorial.py
[2025-11-28T07:16:49.257+0000] {processor.py:840} INFO - DAG(s) 'tutorial' retrieved from /home/airflow/.local/lib/python3.8/site-packages/airflow/example_dags/tutorial.py
[2025-11-28T07:16:49.279+0000] {logging_mixin.py:188} INFO - [2025-11-28T07:16:49.279+0000] {dag.py:3036} INFO - Sync 1 DAGs
[2025-11-28T07:16:49.300+0000] {logging_mixin.py:188} INFO - [2025-11-28T07:16:49.300+0000] {dag.py:3823} INFO - Setting next_dagrun for tutorial to 2025-11-27 00:00:00+00:00, run_after=2025-11-28 00:00:00+00:00
[2025-11-28T07:16:49.317+0000] {processor.py:183} INFO - Processing /home/airflow/.local/lib/python3.8/site-packages/airflow/example_dags/tutorial.py took 0.073 seconds
[2025-11-28T07:17:20.090+0000] {processor.py:161} INFO - Started process (PID=2777) to work on /home/airflow/.local/lib/python3.8/site-packages/airflow/example_dags/tutorial.py
[2025-11-28T07:17:20.094+0000] {processor.py:830} INFO - Processing file /home/airflow/.local/lib/python3.8/site-packages/airflow/example_dags/tutorial.py for tasks to queue
[2025-11-28T07:17:20.101+0000] {logging_mixin.py:188} INFO - [2025-11-28T07:17:20.100+0000] {dagbag.py:538} INFO - Filling up the DagBag from /home/airflow/.local/lib/python3.8/site-packages/airflow/example_dags/tutorial.py
[2025-11-28T07:17:20.115+0000] {processor.py:840} INFO - DAG(s) 'tutorial' retrieved from /home/airflow/.local/lib/python3.8/site-packages/airflow/example_dags/tutorial.py
[2025-11-28T07:17:20.147+0000] {logging_mixin.py:188} INFO - [2025-11-28T07:17:20.146+0000] {dag.py:3036} INFO - Sync 1 DAGs
[2025-11-28T07:17:20.163+0000] {logging_mixin.py:188} INFO - [2025-11-28T07:17:20.163+0000] {dag.py:3823} INFO - Setting next_dagrun for tutorial to 2025-11-27 00:00:00+00:00, run_after=2025-11-28 00:00:00+00:00
[2025-11-28T07:17:20.180+0000] {processor.py:183} INFO - Processing /home/airflow/.local/lib/python3.8/site-packages/airflow/example_dags/tutorial.py took 0.097 seconds
[2025-11-28T07:17:50.478+0000] {processor.py:161} INFO - Started process (PID=2832) to work on /home/airflow/.local/lib/python3.8/site-packages/airflow/example_dags/tutorial.py
[2025-11-28T07:17:50.479+0000] {processor.py:830} INFO - Processing file /home/airflow/.local/lib/python3.8/site-packages/airflow/example_dags/tutorial.py for tasks to queue
[2025-11-28T07:17:50.480+0000] {logging_mixin.py:188} INFO - [2025-11-28T07:17:50.480+0000] {dagbag.py:538} INFO - Filling up the DagBag from /home/airflow/.local/lib/python3.8/site-packages/airflow/example_dags/tutorial.py
[2025-11-28T07:17:50.486+0000] {processor.py:840} INFO - DAG(s) 'tutorial' retrieved from /home/airflow/.local/lib/python3.8/site-packages/airflow/example_dags/tutorial.py
[2025-11-28T07:17:50.506+0000] {logging_mixin.py:188} INFO - [2025-11-28T07:17:50.505+0000] {dag.py:3036} INFO - Sync 1 DAGs
[2025-11-28T07:17:50.523+0000] {logging_mixin.py:188} INFO - [2025-11-28T07:17:50.523+0000] {dag.py:3823} INFO - Setting next_dagrun for tutorial to 2025-11-27 00:00:00+00:00, run_after=2025-11-28 00:00:00+00:00
[2025-11-28T07:17:50.543+0000] {processor.py:183} INFO - Processing /home/airflow/.local/lib/python3.8/site-packages/airflow/example_dags/tutorial.py took 0.068 seconds
[2025-11-28T07:18:21.102+0000] {processor.py:161} INFO - Started process (PID=2887) to work on /home/airflow/.local/lib/python3.8/site-packages/airflow/example_dags/tutorial.py
[2025-11-28T07:18:21.104+0000] {processor.py:830} INFO - Processing file /home/airflow/.local/lib/python3.8/site-packages/airflow/example_dags/tutorial.py for tasks to queue
[2025-11-28T07:18:21.106+0000] {logging_mixin.py:188} INFO - [2025-11-28T07:18:21.106+0000] {dagbag.py:538} INFO - Filling up the DagBag from /home/airflow/.local/lib/python3.8/site-packages/airflow/example_dags/tutorial.py
[2025-11-28T07:18:21.112+0000] {processor.py:840} INFO - DAG(s) 'tutorial' retrieved from /home/airflow/.local/lib/python3.8/site-packages/airflow/example_dags/tutorial.py
[2025-11-28T07:18:21.132+0000] {logging_mixin.py:188} INFO - [2025-11-28T07:18:21.132+0000] {dag.py:3036} INFO - Sync 1 DAGs
[2025-11-28T07:18:21.153+0000] {logging_mixin.py:188} INFO - [2025-11-28T07:18:21.153+0000] {dag.py:3823} INFO - Setting next_dagrun for tutorial to 2025-11-27 00:00:00+00:00, run_after=2025-11-28 00:00:00+00:00
[2025-11-28T07:18:21.176+0000] {processor.py:183} INFO - Processing /home/airflow/.local/lib/python3.8/site-packages/airflow/example_dags/tutorial.py took 0.077 seconds
[2025-11-28T07:18:51.315+0000] {processor.py:161} INFO - Started process (PID=2942) to work on /home/airflow/.local/lib/python3.8/site-packages/airflow/example_dags/tutorial.py
[2025-11-28T07:18:51.319+0000] {processor.py:830} INFO - Processing file /home/airflow/.local/lib/python3.8/site-packages/airflow/example_dags/tutorial.py for tasks to queue
[2025-11-28T07:18:51.325+0000] {logging_mixin.py:188} INFO - [2025-11-28T07:18:51.324+0000] {dagbag.py:538} INFO - Filling up the DagBag from /home/airflow/.local/lib/python3.8/site-packages/airflow/example_dags/tutorial.py
[2025-11-28T07:18:51.336+0000] {processor.py:840} INFO - DAG(s) 'tutorial' retrieved from /home/airflow/.local/lib/python3.8/site-packages/airflow/example_dags/tutorial.py
[2025-11-28T07:18:51.360+0000] {logging_mixin.py:188} INFO - [2025-11-28T07:18:51.359+0000] {dag.py:3036} INFO - Sync 1 DAGs
[2025-11-28T07:18:51.385+0000] {logging_mixin.py:188} INFO - [2025-11-28T07:18:51.384+0000] {dag.py:3823} INFO - Setting next_dagrun for tutorial to 2025-11-27 00:00:00+00:00, run_after=2025-11-28 00:00:00+00:00
[2025-11-28T07:18:51.411+0000] {processor.py:183} INFO - Processing /home/airflow/.local/lib/python3.8/site-packages/airflow/example_dags/tutorial.py took 0.104 seconds
[2025-11-28T07:19:21.511+0000] {processor.py:161} INFO - Started process (PID=2994) to work on /home/airflow/.local/lib/python3.8/site-packages/airflow/example_dags/tutorial.py
[2025-11-28T07:19:21.513+0000] {processor.py:830} INFO - Processing file /home/airflow/.local/lib/python3.8/site-packages/airflow/example_dags/tutorial.py for tasks to queue
[2025-11-28T07:19:21.516+0000] {logging_mixin.py:188} INFO - [2025-11-28T07:19:21.516+0000] {dagbag.py:538} INFO - Filling up the DagBag from /home/airflow/.local/lib/python3.8/site-packages/airflow/example_dags/tutorial.py
[2025-11-28T07:19:21.529+0000] {processor.py:840} INFO - DAG(s) 'tutorial' retrieved from /home/airflow/.local/lib/python3.8/site-packages/airflow/example_dags/tutorial.py
[2025-11-28T07:19:21.566+0000] {logging_mixin.py:188} INFO - [2025-11-28T07:19:21.566+0000] {dag.py:3036} INFO - Sync 1 DAGs
[2025-11-28T07:19:21.606+0000] {logging_mixin.py:188} INFO - [2025-11-28T07:19:21.605+0000] {dag.py:3823} INFO - Setting next_dagrun for tutorial to 2025-11-27 00:00:00+00:00, run_after=2025-11-28 00:00:00+00:00
[2025-11-28T07:19:21.643+0000] {processor.py:183} INFO - Processing /home/airflow/.local/lib/python3.8/site-packages/airflow/example_dags/tutorial.py took 0.136 seconds
